Files already downloaded and verified
Files already downloaded and verified
Total parameters: 11173962
Train Epoch: 1 [0/50000 (0%)]	Loss: 2.439058
Train Epoch: 1 [3200/50000 (6%)]	Loss: 1.708793
Train Epoch: 1 [6400/50000 (13%)]	Loss: 1.879831
Train Epoch: 1 [9600/50000 (19%)]	Loss: 1.808609
Train Epoch: 1 [12800/50000 (26%)]	Loss: 1.363637
Train Epoch: 1 [16000/50000 (32%)]	Loss: 1.584609
Train Epoch: 1 [19200/50000 (38%)]	Loss: 1.755044
Train Epoch: 1 [22400/50000 (45%)]	Loss: 1.320059
Train Epoch: 1 [25600/50000 (51%)]	Loss: 1.278291
Train Epoch: 1 [28800/50000 (58%)]	Loss: 1.189014
Train Epoch: 1 [32000/50000 (64%)]	Loss: 1.203787
Train Epoch: 1 [35200/50000 (70%)]	Loss: 1.555609
Train Epoch: 1 [38400/50000 (77%)]	Loss: 1.231999
Train Epoch: 1 [41600/50000 (83%)]	Loss: 1.401898
Train Epoch: 1 [44800/50000 (90%)]	Loss: 1.214659
Train Epoch: 1 [48000/50000 (96%)]	Loss: 0.987650

Test set: Average loss: 0.0011, Accuracy: 6001/10000 (60%)

Train Epoch: 2 [0/50000 (0%)]	Loss: 1.156752
Train Epoch: 2 [3200/50000 (6%)]	Loss: 1.110343
Train Epoch: 2 [6400/50000 (13%)]	Loss: 1.026360
Train Epoch: 2 [9600/50000 (19%)]	Loss: 0.922511
Train Epoch: 2 [12800/50000 (26%)]	Loss: 1.003679
Train Epoch: 2 [16000/50000 (32%)]	Loss: 1.111103
Train Epoch: 2 [19200/50000 (38%)]	Loss: 1.002418
Train Epoch: 2 [22400/50000 (45%)]	Loss: 0.880077
Train Epoch: 2 [25600/50000 (51%)]	Loss: 1.033290
Train Epoch: 2 [28800/50000 (58%)]	Loss: 0.888080
Train Epoch: 2 [32000/50000 (64%)]	Loss: 0.988851
Train Epoch: 2 [35200/50000 (70%)]	Loss: 0.722216
Train Epoch: 2 [38400/50000 (77%)]	Loss: 1.352113
Train Epoch: 2 [41600/50000 (83%)]	Loss: 1.026751
Train Epoch: 2 [44800/50000 (90%)]	Loss: 0.881397
Train Epoch: 2 [48000/50000 (96%)]	Loss: 0.788384

Test set: Average loss: 0.0008, Accuracy: 7265/10000 (73%)

Train Epoch: 3 [0/50000 (0%)]	Loss: 0.719722
Train Epoch: 3 [3200/50000 (6%)]	Loss: 0.790699
Train Epoch: 3 [6400/50000 (13%)]	Loss: 0.884421
Train Epoch: 3 [9600/50000 (19%)]	Loss: 0.716939
Train Epoch: 3 [12800/50000 (26%)]	Loss: 0.690341
Train Epoch: 3 [16000/50000 (32%)]	Loss: 0.697562
Train Epoch: 3 [19200/50000 (38%)]	Loss: 0.780714
Train Epoch: 3 [22400/50000 (45%)]	Loss: 0.519897
Train Epoch: 3 [25600/50000 (51%)]	Loss: 1.011029
Train Epoch: 3 [28800/50000 (58%)]	Loss: 0.801909
Train Epoch: 3 [32000/50000 (64%)]	Loss: 0.877623
Train Epoch: 3 [35200/50000 (70%)]	Loss: 0.663439
Train Epoch: 3 [38400/50000 (77%)]	Loss: 0.712636
Train Epoch: 3 [41600/50000 (83%)]	Loss: 0.541531
Train Epoch: 3 [44800/50000 (90%)]	Loss: 0.607820
Train Epoch: 3 [48000/50000 (96%)]	Loss: 0.581979

Test set: Average loss: 0.0007, Accuracy: 7498/10000 (75%)

Train Epoch: 4 [0/50000 (0%)]	Loss: 0.597021
Train Epoch: 4 [3200/50000 (6%)]	Loss: 0.504550
Train Epoch: 4 [6400/50000 (13%)]	Loss: 0.687609
Train Epoch: 4 [9600/50000 (19%)]	Loss: 0.636953
Train Epoch: 4 [12800/50000 (26%)]	Loss: 0.406413
Train Epoch: 4 [16000/50000 (32%)]	Loss: 0.843530
Train Epoch: 4 [19200/50000 (38%)]	Loss: 0.815672
Train Epoch: 4 [22400/50000 (45%)]	Loss: 0.624198
Train Epoch: 4 [25600/50000 (51%)]	Loss: 0.763927
Train Epoch: 4 [28800/50000 (58%)]	Loss: 0.556172
Train Epoch: 4 [32000/50000 (64%)]	Loss: 0.591928
Train Epoch: 4 [35200/50000 (70%)]	Loss: 0.423360
Train Epoch: 4 [38400/50000 (77%)]	Loss: 0.459637
Train Epoch: 4 [41600/50000 (83%)]	Loss: 0.466486
Train Epoch: 4 [44800/50000 (90%)]	Loss: 0.603130
Train Epoch: 4 [48000/50000 (96%)]	Loss: 0.491963

Test set: Average loss: 0.0006, Accuracy: 7808/10000 (78%)

Train Epoch: 5 [0/50000 (0%)]	Loss: 0.575541
Train Epoch: 5 [3200/50000 (6%)]	Loss: 0.409395
Train Epoch: 5 [6400/50000 (13%)]	Loss: 0.509079
Train Epoch: 5 [9600/50000 (19%)]	Loss: 0.652078
Train Epoch: 5 [12800/50000 (26%)]	Loss: 0.423634
Train Epoch: 5 [16000/50000 (32%)]	Loss: 0.569817
Train Epoch: 5 [19200/50000 (38%)]	Loss: 0.550950
Train Epoch: 5 [22400/50000 (45%)]	Loss: 0.663216
Train Epoch: 5 [25600/50000 (51%)]	Loss: 0.323676
Train Epoch: 5 [28800/50000 (58%)]	Loss: 0.357553
Train Epoch: 5 [32000/50000 (64%)]	Loss: 0.374423
Train Epoch: 5 [35200/50000 (70%)]	Loss: 0.642250
Train Epoch: 5 [38400/50000 (77%)]	Loss: 0.521723
Train Epoch: 5 [41600/50000 (83%)]	Loss: 0.522867
Train Epoch: 5 [44800/50000 (90%)]	Loss: 0.676833
Train Epoch: 5 [48000/50000 (96%)]	Loss: 0.310833

Test set: Average loss: 0.0005, Accuracy: 8184/10000 (82%)

Train Epoch: 6 [0/50000 (0%)]	Loss: 0.491887
Train Epoch: 6 [3200/50000 (6%)]	Loss: 0.599373
Train Epoch: 6 [6400/50000 (13%)]	Loss: 0.364774
Train Epoch: 6 [9600/50000 (19%)]	Loss: 0.651139
Train Epoch: 6 [12800/50000 (26%)]	Loss: 0.859272
Train Epoch: 6 [16000/50000 (32%)]	Loss: 0.497449
Train Epoch: 6 [19200/50000 (38%)]	Loss: 0.469638
Train Epoch: 6 [22400/50000 (45%)]	Loss: 0.352073
Train Epoch: 6 [25600/50000 (51%)]	Loss: 0.505575
Train Epoch: 6 [28800/50000 (58%)]	Loss: 0.439893
Train Epoch: 6 [32000/50000 (64%)]	Loss: 0.440198
Train Epoch: 6 [35200/50000 (70%)]	Loss: 0.466033
Train Epoch: 6 [38400/50000 (77%)]	Loss: 0.480320
Train Epoch: 6 [41600/50000 (83%)]	Loss: 0.389289
Train Epoch: 6 [44800/50000 (90%)]	Loss: 0.589079
Train Epoch: 6 [48000/50000 (96%)]	Loss: 0.566704

Test set: Average loss: 0.0005, Accuracy: 8133/10000 (81%)

Train Epoch: 7 [0/50000 (0%)]	Loss: 0.391943
Train Epoch: 7 [3200/50000 (6%)]	Loss: 0.521532
Train Epoch: 7 [6400/50000 (13%)]	Loss: 0.502624
Train Epoch: 7 [9600/50000 (19%)]	Loss: 0.566001
Train Epoch: 7 [12800/50000 (26%)]	Loss: 0.467950
Train Epoch: 7 [16000/50000 (32%)]	Loss: 0.330700
Train Epoch: 7 [19200/50000 (38%)]	Loss: 0.445497
Train Epoch: 7 [22400/50000 (45%)]	Loss: 0.610743
Train Epoch: 7 [25600/50000 (51%)]	Loss: 0.413441
Train Epoch: 7 [28800/50000 (58%)]	Loss: 0.337004
Train Epoch: 7 [32000/50000 (64%)]	Loss: 0.400878
Train Epoch: 7 [35200/50000 (70%)]	Loss: 0.353595
Train Epoch: 7 [38400/50000 (77%)]	Loss: 0.581672
Train Epoch: 7 [41600/50000 (83%)]	Loss: 0.415758
Train Epoch: 7 [44800/50000 (90%)]	Loss: 0.553869
Train Epoch: 7 [48000/50000 (96%)]	Loss: 0.551667

Test set: Average loss: 0.0005, Accuracy: 8199/10000 (82%)

Train Epoch: 8 [0/50000 (0%)]	Loss: 0.459444
Train Epoch: 8 [3200/50000 (6%)]	Loss: 0.426336
Train Epoch: 8 [6400/50000 (13%)]	Loss: 0.364074
Train Epoch: 8 [9600/50000 (19%)]	Loss: 0.660146
Train Epoch: 8 [12800/50000 (26%)]	Loss: 0.471302
Train Epoch: 8 [16000/50000 (32%)]	Loss: 0.483319
Train Epoch: 8 [19200/50000 (38%)]	Loss: 0.257567
Train Epoch: 8 [22400/50000 (45%)]	Loss: 0.316972
Train Epoch: 8 [25600/50000 (51%)]	Loss: 0.441548
Train Epoch: 8 [28800/50000 (58%)]	Loss: 0.310333
Train Epoch: 8 [32000/50000 (64%)]	Loss: 0.310053
Train Epoch: 8 [35200/50000 (70%)]	Loss: 0.343791
Train Epoch: 8 [38400/50000 (77%)]	Loss: 0.524872
Train Epoch: 8 [41600/50000 (83%)]	Loss: 0.700537
Train Epoch: 8 [44800/50000 (90%)]	Loss: 0.552878
Train Epoch: 8 [48000/50000 (96%)]	Loss: 0.450914

Test set: Average loss: 0.0004, Accuracy: 8550/10000 (86%)

Train Epoch: 9 [0/50000 (0%)]	Loss: 0.634746
Train Epoch: 9 [3200/50000 (6%)]	Loss: 0.393564
Train Epoch: 9 [6400/50000 (13%)]	Loss: 0.516981
Train Epoch: 9 [9600/50000 (19%)]	Loss: 0.416268
Train Epoch: 9 [12800/50000 (26%)]	Loss: 0.234993
Train Epoch: 9 [16000/50000 (32%)]	Loss: 0.297996
Train Epoch: 9 [19200/50000 (38%)]	Loss: 0.178037
Train Epoch: 9 [22400/50000 (45%)]	Loss: 0.466784
Train Epoch: 9 [25600/50000 (51%)]	Loss: 0.373067
Train Epoch: 9 [28800/50000 (58%)]	Loss: 0.451284
Train Epoch: 9 [32000/50000 (64%)]	Loss: 0.492587
Train Epoch: 9 [35200/50000 (70%)]	Loss: 0.185019
Train Epoch: 9 [38400/50000 (77%)]	Loss: 0.330689
Train Epoch: 9 [41600/50000 (83%)]	Loss: 0.268163
Train Epoch: 9 [44800/50000 (90%)]	Loss: 0.266947
Train Epoch: 9 [48000/50000 (96%)]	Loss: 0.219841

Test set: Average loss: 0.0004, Accuracy: 8551/10000 (86%)

Train Epoch: 10 [0/50000 (0%)]	Loss: 0.351262
Train Epoch: 10 [3200/50000 (6%)]	Loss: 0.290611
Train Epoch: 10 [6400/50000 (13%)]	Loss: 0.343224
Train Epoch: 10 [9600/50000 (19%)]	Loss: 0.248328
Train Epoch: 10 [12800/50000 (26%)]	Loss: 0.261578
Train Epoch: 10 [16000/50000 (32%)]	Loss: 0.381274
Train Epoch: 10 [19200/50000 (38%)]	Loss: 0.366926
Train Epoch: 10 [22400/50000 (45%)]	Loss: 0.220054
Train Epoch: 10 [25600/50000 (51%)]	Loss: 0.336096
Train Epoch: 10 [28800/50000 (58%)]	Loss: 0.246778
Train Epoch: 10 [32000/50000 (64%)]	Loss: 0.203852
Train Epoch: 10 [35200/50000 (70%)]	Loss: 0.342918
Train Epoch: 10 [38400/50000 (77%)]	Loss: 0.300681
Train Epoch: 10 [41600/50000 (83%)]	Loss: 0.241201
Train Epoch: 10 [44800/50000 (90%)]	Loss: 0.427835
Train Epoch: 10 [48000/50000 (96%)]	Loss: 0.207002

Test set: Average loss: 0.0004, Accuracy: 8558/10000 (86%)

Train Epoch: 11 [0/50000 (0%)]	Loss: 0.228779
Train Epoch: 11 [3200/50000 (6%)]	Loss: 0.351522
Train Epoch: 11 [6400/50000 (13%)]	Loss: 0.403199
Train Epoch: 11 [9600/50000 (19%)]	Loss: 0.295338
Train Epoch: 11 [12800/50000 (26%)]	Loss: 0.236886
Train Epoch: 11 [16000/50000 (32%)]	Loss: 0.268367
Train Epoch: 11 [19200/50000 (38%)]	Loss: 0.416636
Train Epoch: 11 [22400/50000 (45%)]	Loss: 0.183633
Train Epoch: 11 [25600/50000 (51%)]	Loss: 0.278641
Train Epoch: 11 [28800/50000 (58%)]	Loss: 0.193591
Train Epoch: 11 [32000/50000 (64%)]	Loss: 0.213628
Train Epoch: 11 [35200/50000 (70%)]	Loss: 0.287377
Train Epoch: 11 [38400/50000 (77%)]	Loss: 0.360473
Train Epoch: 11 [41600/50000 (83%)]	Loss: 0.244495
Train Epoch: 11 [44800/50000 (90%)]	Loss: 0.219057
Train Epoch: 11 [48000/50000 (96%)]	Loss: 0.466275

Test set: Average loss: 0.0004, Accuracy: 8651/10000 (87%)

Train Epoch: 12 [0/50000 (0%)]	Loss: 0.258311
Train Epoch: 12 [3200/50000 (6%)]	Loss: 0.347566
Train Epoch: 12 [6400/50000 (13%)]	Loss: 0.338738
Train Epoch: 12 [9600/50000 (19%)]	Loss: 0.435799
Train Epoch: 12 [12800/50000 (26%)]	Loss: 0.453354
Train Epoch: 12 [16000/50000 (32%)]	Loss: 0.291823
Train Epoch: 12 [19200/50000 (38%)]	Loss: 0.178212
Train Epoch: 12 [22400/50000 (45%)]	Loss: 0.374511
Train Epoch: 12 [25600/50000 (51%)]	Loss: 0.290979
Train Epoch: 12 [28800/50000 (58%)]	Loss: 0.334165
Train Epoch: 12 [32000/50000 (64%)]	Loss: 0.462443
Train Epoch: 12 [35200/50000 (70%)]	Loss: 0.210389
Train Epoch: 12 [38400/50000 (77%)]	Loss: 0.232993
Train Epoch: 12 [41600/50000 (83%)]	Loss: 0.235576
Train Epoch: 12 [44800/50000 (90%)]	Loss: 0.173205
Train Epoch: 12 [48000/50000 (96%)]	Loss: 0.177744

Test set: Average loss: 0.0004, Accuracy: 8780/10000 (88%)

Train Epoch: 13 [0/50000 (0%)]	Loss: 0.315079
Train Epoch: 13 [3200/50000 (6%)]	Loss: 0.251021
Train Epoch: 13 [6400/50000 (13%)]	Loss: 0.240642
Train Epoch: 13 [9600/50000 (19%)]	Loss: 0.263649
Train Epoch: 13 [12800/50000 (26%)]	Loss: 0.223298
Train Epoch: 13 [16000/50000 (32%)]	Loss: 0.235590
Train Epoch: 13 [19200/50000 (38%)]	Loss: 0.168791
Train Epoch: 13 [22400/50000 (45%)]	Loss: 0.155227
Train Epoch: 13 [25600/50000 (51%)]	Loss: 0.386963
Train Epoch: 13 [28800/50000 (58%)]	Loss: 0.350602
Train Epoch: 13 [32000/50000 (64%)]	Loss: 0.217392
Train Epoch: 13 [35200/50000 (70%)]	Loss: 0.093803
Train Epoch: 13 [38400/50000 (77%)]	Loss: 0.285074
Train Epoch: 13 [41600/50000 (83%)]	Loss: 0.325200
Train Epoch: 13 [44800/50000 (90%)]	Loss: 0.346695
Train Epoch: 13 [48000/50000 (96%)]	Loss: 0.256043

Test set: Average loss: 0.0003, Accuracy: 8915/10000 (89%)

Train Epoch: 14 [0/50000 (0%)]	Loss: 0.106705
Train Epoch: 14 [3200/50000 (6%)]	Loss: 0.114272
Train Epoch: 14 [6400/50000 (13%)]	Loss: 0.473114
Train Epoch: 14 [9600/50000 (19%)]	Loss: 0.299310
Train Epoch: 14 [12800/50000 (26%)]	Loss: 0.296626
Train Epoch: 14 [16000/50000 (32%)]	Loss: 0.256185
Train Epoch: 14 [19200/50000 (38%)]	Loss: 0.236856
Train Epoch: 14 [22400/50000 (45%)]	Loss: 0.321460
Train Epoch: 14 [25600/50000 (51%)]	Loss: 0.325267
Train Epoch: 14 [28800/50000 (58%)]	Loss: 0.271731
Train Epoch: 14 [32000/50000 (64%)]	Loss: 0.222652
Train Epoch: 14 [35200/50000 (70%)]	Loss: 0.179784
Train Epoch: 14 [38400/50000 (77%)]	Loss: 0.120284
Train Epoch: 14 [41600/50000 (83%)]	Loss: 0.514602
Train Epoch: 14 [44800/50000 (90%)]	Loss: 0.158027
Train Epoch: 14 [48000/50000 (96%)]	Loss: 0.113953

Test set: Average loss: 0.0003, Accuracy: 8905/10000 (89%)

Train Epoch: 15 [0/50000 (0%)]	Loss: 0.339635
Train Epoch: 15 [3200/50000 (6%)]	Loss: 0.090996
Train Epoch: 15 [6400/50000 (13%)]	Loss: 0.114938
Train Epoch: 15 [9600/50000 (19%)]	Loss: 0.061737
Train Epoch: 15 [12800/50000 (26%)]	Loss: 0.094822
Train Epoch: 15 [16000/50000 (32%)]	Loss: 0.268839
Train Epoch: 15 [19200/50000 (38%)]	Loss: 0.206417
Train Epoch: 15 [22400/50000 (45%)]	Loss: 0.393087
Train Epoch: 15 [25600/50000 (51%)]	Loss: 0.148205
Train Epoch: 15 [28800/50000 (58%)]	Loss: 0.310917
Train Epoch: 15 [32000/50000 (64%)]	Loss: 0.244083
Train Epoch: 15 [35200/50000 (70%)]	Loss: 0.348648
Train Epoch: 15 [38400/50000 (77%)]	Loss: 0.281221
Train Epoch: 15 [41600/50000 (83%)]	Loss: 0.262425
Train Epoch: 15 [44800/50000 (90%)]	Loss: 0.284640
Train Epoch: 15 [48000/50000 (96%)]	Loss: 0.245367

Test set: Average loss: 0.0004, Accuracy: 8883/10000 (89%)

Train Epoch: 16 [0/50000 (0%)]	Loss: 0.136011
Train Epoch: 16 [3200/50000 (6%)]	Loss: 0.300352
Train Epoch: 16 [6400/50000 (13%)]	Loss: 0.158652
Train Epoch: 16 [9600/50000 (19%)]	Loss: 0.095661
Train Epoch: 16 [12800/50000 (26%)]	Loss: 0.338496
Train Epoch: 16 [16000/50000 (32%)]	Loss: 0.123893
Train Epoch: 16 [19200/50000 (38%)]	Loss: 0.282967
Train Epoch: 16 [22400/50000 (45%)]	Loss: 0.336625
Train Epoch: 16 [25600/50000 (51%)]	Loss: 0.369834
Train Epoch: 16 [28800/50000 (58%)]	Loss: 0.265343
Train Epoch: 16 [32000/50000 (64%)]	Loss: 0.144260
Train Epoch: 16 [35200/50000 (70%)]	Loss: 0.191752
Train Epoch: 16 [38400/50000 (77%)]	Loss: 0.314911
Train Epoch: 16 [41600/50000 (83%)]	Loss: 0.081045
Train Epoch: 16 [44800/50000 (90%)]	Loss: 0.306435
Train Epoch: 16 [48000/50000 (96%)]	Loss: 0.335207

Test set: Average loss: 0.0004, Accuracy: 8797/10000 (88%)

Train Epoch: 17 [0/50000 (0%)]	Loss: 0.265250
Train Epoch: 17 [3200/50000 (6%)]	Loss: 0.305382
Train Epoch: 17 [6400/50000 (13%)]	Loss: 0.206760
Train Epoch: 17 [9600/50000 (19%)]	Loss: 0.177014
Train Epoch: 17 [12800/50000 (26%)]	Loss: 0.363857
Train Epoch: 17 [16000/50000 (32%)]	Loss: 0.194607
Train Epoch: 17 [19200/50000 (38%)]	Loss: 0.271319
Train Epoch: 17 [22400/50000 (45%)]	Loss: 0.180293
Train Epoch: 17 [25600/50000 (51%)]	Loss: 0.180048
Train Epoch: 17 [28800/50000 (58%)]	Loss: 0.328913
Train Epoch: 17 [32000/50000 (64%)]	Loss: 0.154860
Train Epoch: 17 [35200/50000 (70%)]	Loss: 0.224291
Train Epoch: 17 [38400/50000 (77%)]	Loss: 0.118444
Train Epoch: 17 [41600/50000 (83%)]	Loss: 0.336945
Train Epoch: 17 [44800/50000 (90%)]	Loss: 0.261225
Train Epoch: 17 [48000/50000 (96%)]	Loss: 0.064282

Test set: Average loss: 0.0003, Accuracy: 8941/10000 (89%)

Train Epoch: 18 [0/50000 (0%)]	Loss: 0.156441
Train Epoch: 18 [3200/50000 (6%)]	Loss: 0.119222
Train Epoch: 18 [6400/50000 (13%)]	Loss: 0.207868
Train Epoch: 18 [9600/50000 (19%)]	Loss: 0.126344
Train Epoch: 18 [12800/50000 (26%)]	Loss: 0.218671
Train Epoch: 18 [16000/50000 (32%)]	Loss: 0.245175
Train Epoch: 18 [19200/50000 (38%)]	Loss: 0.361698
Train Epoch: 18 [22400/50000 (45%)]	Loss: 0.164152
Train Epoch: 18 [25600/50000 (51%)]	Loss: 0.296727
Train Epoch: 18 [28800/50000 (58%)]	Loss: 0.144807
Train Epoch: 18 [32000/50000 (64%)]	Loss: 0.245474
Train Epoch: 18 [35200/50000 (70%)]	Loss: 0.118939
Train Epoch: 18 [38400/50000 (77%)]	Loss: 0.153043
Train Epoch: 18 [41600/50000 (83%)]	Loss: 0.109588
Train Epoch: 18 [44800/50000 (90%)]	Loss: 0.357467
Train Epoch: 18 [48000/50000 (96%)]	Loss: 0.180338

Test set: Average loss: 0.0004, Accuracy: 8927/10000 (89%)

Train Epoch: 19 [0/50000 (0%)]	Loss: 0.099504
Train Epoch: 19 [3200/50000 (6%)]	Loss: 0.200846
Train Epoch: 19 [6400/50000 (13%)]	Loss: 0.152585
Train Epoch: 19 [9600/50000 (19%)]	Loss: 0.159926
Train Epoch: 19 [12800/50000 (26%)]	Loss: 0.183207
Train Epoch: 19 [16000/50000 (32%)]	Loss: 0.175449
Train Epoch: 19 [19200/50000 (38%)]	Loss: 0.172745
Train Epoch: 19 [22400/50000 (45%)]	Loss: 0.298591
Train Epoch: 19 [25600/50000 (51%)]	Loss: 0.372620
Train Epoch: 19 [28800/50000 (58%)]	Loss: 0.152853
Train Epoch: 19 [32000/50000 (64%)]	Loss: 0.521718
Train Epoch: 19 [35200/50000 (70%)]	Loss: 0.145135
Train Epoch: 19 [38400/50000 (77%)]	Loss: 0.163981
Train Epoch: 19 [41600/50000 (83%)]	Loss: 0.181848
Train Epoch: 19 [44800/50000 (90%)]	Loss: 0.360891
Train Epoch: 19 [48000/50000 (96%)]	Loss: 0.350549

Test set: Average loss: 0.0004, Accuracy: 8878/10000 (89%)

Train Epoch: 20 [0/50000 (0%)]	Loss: 0.068247
Train Epoch: 20 [3200/50000 (6%)]	Loss: 0.156501
Train Epoch: 20 [6400/50000 (13%)]	Loss: 0.141988
Train Epoch: 20 [9600/50000 (19%)]	Loss: 0.131993
Train Epoch: 20 [12800/50000 (26%)]	Loss: 0.256327
Train Epoch: 20 [16000/50000 (32%)]	Loss: 0.246646
Train Epoch: 20 [19200/50000 (38%)]	Loss: 0.108136
Train Epoch: 20 [22400/50000 (45%)]	Loss: 0.141868
Train Epoch: 20 [25600/50000 (51%)]	Loss: 0.188834
Train Epoch: 20 [28800/50000 (58%)]	Loss: 0.120587
Train Epoch: 20 [32000/50000 (64%)]	Loss: 0.121287
Train Epoch: 20 [35200/50000 (70%)]	Loss: 0.260859
Train Epoch: 20 [38400/50000 (77%)]	Loss: 0.195427
Train Epoch: 20 [41600/50000 (83%)]	Loss: 0.144513
Train Epoch: 20 [44800/50000 (90%)]	Loss: 0.117283
Train Epoch: 20 [48000/50000 (96%)]	Loss: 0.149099

Test set: Average loss: 0.0003, Accuracy: 8986/10000 (90%)

Train Epoch: 21 [0/50000 (0%)]	Loss: 0.095071
Train Epoch: 21 [3200/50000 (6%)]	Loss: 0.161274
Train Epoch: 21 [6400/50000 (13%)]	Loss: 0.205159
Train Epoch: 21 [9600/50000 (19%)]	Loss: 0.248951
Train Epoch: 21 [12800/50000 (26%)]	Loss: 0.139364
Train Epoch: 21 [16000/50000 (32%)]	Loss: 0.070379
Train Epoch: 21 [19200/50000 (38%)]	Loss: 0.139637
Train Epoch: 21 [22400/50000 (45%)]	Loss: 0.128907
Train Epoch: 21 [25600/50000 (51%)]	Loss: 0.137634
Train Epoch: 21 [28800/50000 (58%)]	Loss: 0.171488
Train Epoch: 21 [32000/50000 (64%)]	Loss: 0.197252
Train Epoch: 21 [35200/50000 (70%)]	Loss: 0.142265
Train Epoch: 21 [38400/50000 (77%)]	Loss: 0.092274
Train Epoch: 21 [41600/50000 (83%)]	Loss: 0.142834
Train Epoch: 21 [44800/50000 (90%)]	Loss: 0.205362
Train Epoch: 21 [48000/50000 (96%)]	Loss: 0.202306

Test set: Average loss: 0.0004, Accuracy: 8975/10000 (90%)

Train Epoch: 22 [0/50000 (0%)]	Loss: 0.164325
Train Epoch: 22 [3200/50000 (6%)]	Loss: 0.043936
Train Epoch: 22 [6400/50000 (13%)]	Loss: 0.244105
Train Epoch: 22 [9600/50000 (19%)]	Loss: 0.066438
Train Epoch: 22 [12800/50000 (26%)]	Loss: 0.080296
Train Epoch: 22 [16000/50000 (32%)]	Loss: 0.054055
Train Epoch: 22 [19200/50000 (38%)]	Loss: 0.115587
Train Epoch: 22 [22400/50000 (45%)]	Loss: 0.274846
Train Epoch: 22 [25600/50000 (51%)]	Loss: 0.384840
Train Epoch: 22 [28800/50000 (58%)]	Loss: 0.211739
Train Epoch: 22 [32000/50000 (64%)]	Loss: 0.183338
Train Epoch: 22 [35200/50000 (70%)]	Loss: 0.159230
Train Epoch: 22 [38400/50000 (77%)]	Loss: 0.178296
Train Epoch: 22 [41600/50000 (83%)]	Loss: 0.098678
Train Epoch: 22 [44800/50000 (90%)]	Loss: 0.167588
Train Epoch: 22 [48000/50000 (96%)]	Loss: 0.221645

Test set: Average loss: 0.0003, Accuracy: 9057/10000 (91%)

Train Epoch: 23 [0/50000 (0%)]	Loss: 0.151642
Train Epoch: 23 [3200/50000 (6%)]	Loss: 0.066581
Train Epoch: 23 [6400/50000 (13%)]	Loss: 0.163094
Train Epoch: 23 [9600/50000 (19%)]	Loss: 0.210611
Train Epoch: 23 [12800/50000 (26%)]	Loss: 0.220027
Train Epoch: 23 [16000/50000 (32%)]	Loss: 0.077391
Train Epoch: 23 [19200/50000 (38%)]	Loss: 0.114183
Train Epoch: 23 [22400/50000 (45%)]	Loss: 0.185312
Train Epoch: 23 [25600/50000 (51%)]	Loss: 0.127579
Train Epoch: 23 [28800/50000 (58%)]	Loss: 0.255422
Train Epoch: 23 [32000/50000 (64%)]	Loss: 0.035692
Train Epoch: 23 [35200/50000 (70%)]	Loss: 0.224392
Train Epoch: 23 [38400/50000 (77%)]	Loss: 0.160274
Train Epoch: 23 [41600/50000 (83%)]	Loss: 0.185316
Train Epoch: 23 [44800/50000 (90%)]	Loss: 0.230571
Train Epoch: 23 [48000/50000 (96%)]	Loss: 0.097272

Test set: Average loss: 0.0004, Accuracy: 8965/10000 (90%)

Train Epoch: 24 [0/50000 (0%)]	Loss: 0.083066
Train Epoch: 24 [3200/50000 (6%)]	Loss: 0.046168
Train Epoch: 24 [6400/50000 (13%)]	Loss: 0.187348
Train Epoch: 24 [9600/50000 (19%)]	Loss: 0.080853
Train Epoch: 24 [12800/50000 (26%)]	Loss: 0.173144
Train Epoch: 24 [16000/50000 (32%)]	Loss: 0.024198
Train Epoch: 24 [19200/50000 (38%)]	Loss: 0.065038
Train Epoch: 24 [22400/50000 (45%)]	Loss: 0.161415
Train Epoch: 24 [25600/50000 (51%)]	Loss: 0.259641
Train Epoch: 24 [28800/50000 (58%)]	Loss: 0.122273
Train Epoch: 24 [32000/50000 (64%)]	Loss: 0.124689
Train Epoch: 24 [35200/50000 (70%)]	Loss: 0.108736
Train Epoch: 24 [38400/50000 (77%)]	Loss: 0.094953
Train Epoch: 24 [41600/50000 (83%)]	Loss: 0.122917
Train Epoch: 24 [44800/50000 (90%)]	Loss: 0.131444
Train Epoch: 24 [48000/50000 (96%)]	Loss: 0.084903

Test set: Average loss: 0.0003, Accuracy: 8983/10000 (90%)

Train Epoch: 25 [0/50000 (0%)]	Loss: 0.113783
Train Epoch: 25 [3200/50000 (6%)]	Loss: 0.078689
Train Epoch: 25 [6400/50000 (13%)]	Loss: 0.095481
Train Epoch: 25 [9600/50000 (19%)]	Loss: 0.083851
Train Epoch: 25 [12800/50000 (26%)]	Loss: 0.094501
Train Epoch: 25 [16000/50000 (32%)]	Loss: 0.102866
Train Epoch: 25 [19200/50000 (38%)]	Loss: 0.100137
Train Epoch: 25 [22400/50000 (45%)]	Loss: 0.142138
Train Epoch: 25 [25600/50000 (51%)]	Loss: 0.084181
Train Epoch: 25 [28800/50000 (58%)]	Loss: 0.246273
Train Epoch: 25 [32000/50000 (64%)]	Loss: 0.080143
Train Epoch: 25 [35200/50000 (70%)]	Loss: 0.064552
Train Epoch: 25 [38400/50000 (77%)]	Loss: 0.045370
Train Epoch: 25 [41600/50000 (83%)]	Loss: 0.090757
Train Epoch: 25 [44800/50000 (90%)]	Loss: 0.044214
Train Epoch: 25 [48000/50000 (96%)]	Loss: 0.288067

Test set: Average loss: 0.0003, Accuracy: 8981/10000 (90%)

Train Epoch: 26 [0/50000 (0%)]	Loss: 0.249662
Train Epoch: 26 [3200/50000 (6%)]	Loss: 0.039391
Train Epoch: 26 [6400/50000 (13%)]	Loss: 0.133232
Train Epoch: 26 [9600/50000 (19%)]	Loss: 0.239298
Train Epoch: 26 [12800/50000 (26%)]	Loss: 0.137585
Train Epoch: 26 [16000/50000 (32%)]	Loss: 0.078264
Train Epoch: 26 [19200/50000 (38%)]	Loss: 0.049192
Train Epoch: 26 [22400/50000 (45%)]	Loss: 0.100178
Train Epoch: 26 [25600/50000 (51%)]	Loss: 0.198808
Train Epoch: 26 [28800/50000 (58%)]	Loss: 0.047792
Train Epoch: 26 [32000/50000 (64%)]	Loss: 0.088027
Train Epoch: 26 [35200/50000 (70%)]	Loss: 0.126566
Train Epoch: 26 [38400/50000 (77%)]	Loss: 0.218862
Train Epoch: 26 [41600/50000 (83%)]	Loss: 0.026501
Train Epoch: 26 [44800/50000 (90%)]	Loss: 0.114874
Train Epoch: 26 [48000/50000 (96%)]	Loss: 0.181924

Test set: Average loss: 0.0003, Accuracy: 9060/10000 (91%)

Train Epoch: 27 [0/50000 (0%)]	Loss: 0.130839
Train Epoch: 27 [3200/50000 (6%)]	Loss: 0.184374
Train Epoch: 27 [6400/50000 (13%)]	Loss: 0.139368
Train Epoch: 27 [9600/50000 (19%)]	Loss: 0.043341
Train Epoch: 27 [12800/50000 (26%)]	Loss: 0.242117
Train Epoch: 27 [16000/50000 (32%)]	Loss: 0.159712
Train Epoch: 27 [19200/50000 (38%)]	Loss: 0.351206
Train Epoch: 27 [22400/50000 (45%)]	Loss: 0.173217
Train Epoch: 27 [25600/50000 (51%)]	Loss: 0.088472
Train Epoch: 27 [28800/50000 (58%)]	Loss: 0.100308
Train Epoch: 27 [32000/50000 (64%)]	Loss: 0.098835
Train Epoch: 27 [35200/50000 (70%)]	Loss: 0.101096
Train Epoch: 27 [38400/50000 (77%)]	Loss: 0.135583
Train Epoch: 27 [41600/50000 (83%)]	Loss: 0.085690
Train Epoch: 27 [44800/50000 (90%)]	Loss: 0.088614
Train Epoch: 27 [48000/50000 (96%)]	Loss: 0.124626

Test set: Average loss: 0.0003, Accuracy: 9109/10000 (91%)

Train Epoch: 28 [0/50000 (0%)]	Loss: 0.064473
Train Epoch: 28 [3200/50000 (6%)]	Loss: 0.120434
Train Epoch: 28 [6400/50000 (13%)]	Loss: 0.064722
Train Epoch: 28 [9600/50000 (19%)]	Loss: 0.031305
Train Epoch: 28 [12800/50000 (26%)]	Loss: 0.088109
Train Epoch: 28 [16000/50000 (32%)]	Loss: 0.289565
Train Epoch: 28 [19200/50000 (38%)]	Loss: 0.073447
Train Epoch: 28 [22400/50000 (45%)]	Loss: 0.341049
Train Epoch: 28 [25600/50000 (51%)]	Loss: 0.114280
Train Epoch: 28 [28800/50000 (58%)]	Loss: 0.135913
Train Epoch: 28 [32000/50000 (64%)]	Loss: 0.146252
Train Epoch: 28 [35200/50000 (70%)]	Loss: 0.251199
Train Epoch: 28 [38400/50000 (77%)]	Loss: 0.037542
Train Epoch: 28 [41600/50000 (83%)]	Loss: 0.198642
Train Epoch: 28 [44800/50000 (90%)]	Loss: 0.074964
Train Epoch: 28 [48000/50000 (96%)]	Loss: 0.203180

Test set: Average loss: 0.0004, Accuracy: 8962/10000 (90%)

Train Epoch: 29 [0/50000 (0%)]	Loss: 0.399784
Train Epoch: 29 [3200/50000 (6%)]	Loss: 0.059186
Train Epoch: 29 [6400/50000 (13%)]	Loss: 0.113981
Train Epoch: 29 [9600/50000 (19%)]	Loss: 0.125461
Train Epoch: 29 [12800/50000 (26%)]	Loss: 0.172248
Train Epoch: 29 [16000/50000 (32%)]	Loss: 0.081277
Train Epoch: 29 [19200/50000 (38%)]	Loss: 0.100739
Train Epoch: 29 [22400/50000 (45%)]	Loss: 0.134330
Train Epoch: 29 [25600/50000 (51%)]	Loss: 0.050689
Train Epoch: 29 [28800/50000 (58%)]	Loss: 0.179927
Train Epoch: 29 [32000/50000 (64%)]	Loss: 0.159908
Train Epoch: 29 [35200/50000 (70%)]	Loss: 0.137381
Train Epoch: 29 [38400/50000 (77%)]	Loss: 0.047913
Train Epoch: 29 [41600/50000 (83%)]	Loss: 0.121844
Train Epoch: 29 [44800/50000 (90%)]	Loss: 0.095012
Train Epoch: 29 [48000/50000 (96%)]	Loss: 0.173748

Test set: Average loss: 0.0003, Accuracy: 9079/10000 (91%)

Train Epoch: 30 [0/50000 (0%)]	Loss: 0.205271
Train Epoch: 30 [3200/50000 (6%)]	Loss: 0.210892
Train Epoch: 30 [6400/50000 (13%)]	Loss: 0.115254
Train Epoch: 30 [9600/50000 (19%)]	Loss: 0.086515
Train Epoch: 30 [12800/50000 (26%)]	Loss: 0.134247
Train Epoch: 30 [16000/50000 (32%)]	Loss: 0.120718
Train Epoch: 30 [19200/50000 (38%)]	Loss: 0.067716
Train Epoch: 30 [22400/50000 (45%)]	Loss: 0.052816
Train Epoch: 30 [25600/50000 (51%)]	Loss: 0.055236
Train Epoch: 30 [28800/50000 (58%)]	Loss: 0.080027
Train Epoch: 30 [32000/50000 (64%)]	Loss: 0.056170
Train Epoch: 30 [35200/50000 (70%)]	Loss: 0.021396
Train Epoch: 30 [38400/50000 (77%)]	Loss: 0.106207
Train Epoch: 30 [41600/50000 (83%)]	Loss: 0.187029
Train Epoch: 30 [44800/50000 (90%)]	Loss: 0.056503
Train Epoch: 30 [48000/50000 (96%)]	Loss: 0.093730

Test set: Average loss: 0.0003, Accuracy: 9066/10000 (91%)

Train Epoch: 31 [0/50000 (0%)]	Loss: 0.122683
Train Epoch: 31 [3200/50000 (6%)]	Loss: 0.141369
Train Epoch: 31 [6400/50000 (13%)]	Loss: 0.028512
Train Epoch: 31 [9600/50000 (19%)]	Loss: 0.171184
Train Epoch: 31 [12800/50000 (26%)]	Loss: 0.022468
Train Epoch: 31 [16000/50000 (32%)]	Loss: 0.090694
Train Epoch: 31 [19200/50000 (38%)]	Loss: 0.096163
Train Epoch: 31 [22400/50000 (45%)]	Loss: 0.112013
Train Epoch: 31 [25600/50000 (51%)]	Loss: 0.041999
Train Epoch: 31 [28800/50000 (58%)]	Loss: 0.094400
Train Epoch: 31 [32000/50000 (64%)]	Loss: 0.154727
Train Epoch: 31 [35200/50000 (70%)]	Loss: 0.451206
Train Epoch: 31 [38400/50000 (77%)]	Loss: 0.113975
Train Epoch: 31 [41600/50000 (83%)]	Loss: 0.244090
Train Epoch: 31 [44800/50000 (90%)]	Loss: 0.185310
Train Epoch: 31 [48000/50000 (96%)]	Loss: 0.137810

Test set: Average loss: 0.0004, Accuracy: 9024/10000 (90%)

Train Epoch: 32 [0/50000 (0%)]	Loss: 0.080289
Train Epoch: 32 [3200/50000 (6%)]	Loss: 0.388624
Train Epoch: 32 [6400/50000 (13%)]	Loss: 0.129539
Train Epoch: 32 [9600/50000 (19%)]	Loss: 0.078598
Train Epoch: 32 [12800/50000 (26%)]	Loss: 0.029796
Train Epoch: 32 [16000/50000 (32%)]	Loss: 0.036486
Train Epoch: 32 [19200/50000 (38%)]	Loss: 0.057676
Train Epoch: 32 [22400/50000 (45%)]	Loss: 0.154946
Train Epoch: 32 [25600/50000 (51%)]	Loss: 0.187274
Train Epoch: 32 [28800/50000 (58%)]	Loss: 0.109950
Train Epoch: 32 [32000/50000 (64%)]	Loss: 0.111261
Train Epoch: 32 [35200/50000 (70%)]	Loss: 0.124559
Train Epoch: 32 [38400/50000 (77%)]	Loss: 0.120864
Train Epoch: 32 [41600/50000 (83%)]	Loss: 0.155834
Train Epoch: 32 [44800/50000 (90%)]	Loss: 0.177691
Train Epoch: 32 [48000/50000 (96%)]	Loss: 0.147479

Test set: Average loss: 0.0004, Accuracy: 9088/10000 (91%)

Train Epoch: 33 [0/50000 (0%)]	Loss: 0.154856
Train Epoch: 33 [3200/50000 (6%)]	Loss: 0.061330
Train Epoch: 33 [6400/50000 (13%)]	Loss: 0.044060
Train Epoch: 33 [9600/50000 (19%)]	Loss: 0.141978
Train Epoch: 33 [12800/50000 (26%)]	Loss: 0.057775
Train Epoch: 33 [16000/50000 (32%)]	Loss: 0.038293
Train Epoch: 33 [19200/50000 (38%)]	Loss: 0.175710
Train Epoch: 33 [22400/50000 (45%)]	Loss: 0.148388
Train Epoch: 33 [25600/50000 (51%)]	Loss: 0.085277
Train Epoch: 33 [28800/50000 (58%)]	Loss: 0.026038
Train Epoch: 33 [32000/50000 (64%)]	Loss: 0.183922
Train Epoch: 33 [35200/50000 (70%)]	Loss: 0.136398
Train Epoch: 33 [38400/50000 (77%)]	Loss: 0.084072
Train Epoch: 33 [41600/50000 (83%)]	Loss: 0.080219
Train Epoch: 33 [44800/50000 (90%)]	Loss: 0.054173
Train Epoch: 33 [48000/50000 (96%)]	Loss: 0.039505

Test set: Average loss: 0.0004, Accuracy: 9004/10000 (90%)

Train Epoch: 34 [0/50000 (0%)]	Loss: 0.249357
Train Epoch: 34 [3200/50000 (6%)]	Loss: 0.162203
Train Epoch: 34 [6400/50000 (13%)]	Loss: 0.033968
Train Epoch: 34 [9600/50000 (19%)]	Loss: 0.082984
Train Epoch: 34 [12800/50000 (26%)]	Loss: 0.121107
Train Epoch: 34 [16000/50000 (32%)]	Loss: 0.124015
Train Epoch: 34 [19200/50000 (38%)]	Loss: 0.056937
Train Epoch: 34 [22400/50000 (45%)]	Loss: 0.136255
Train Epoch: 34 [25600/50000 (51%)]	Loss: 0.061218
Train Epoch: 34 [28800/50000 (58%)]	Loss: 0.132217
Train Epoch: 34 [32000/50000 (64%)]	Loss: 0.168875
Train Epoch: 34 [35200/50000 (70%)]	Loss: 0.065486
Train Epoch: 34 [38400/50000 (77%)]	Loss: 0.107402
Train Epoch: 34 [41600/50000 (83%)]	Loss: 0.247018
Train Epoch: 34 [44800/50000 (90%)]	Loss: 0.053186
Train Epoch: 34 [48000/50000 (96%)]	Loss: 0.164494

Test set: Average loss: 0.0004, Accuracy: 9091/10000 (91%)

Train Epoch: 35 [0/50000 (0%)]	Loss: 0.143528
Train Epoch: 35 [3200/50000 (6%)]	Loss: 0.102860
Train Epoch: 35 [6400/50000 (13%)]	Loss: 0.109273
Train Epoch: 35 [9600/50000 (19%)]	Loss: 0.161190
Train Epoch: 35 [12800/50000 (26%)]	Loss: 0.051792
Train Epoch: 35 [16000/50000 (32%)]	Loss: 0.084979
Train Epoch: 35 [19200/50000 (38%)]	Loss: 0.131453
Train Epoch: 35 [22400/50000 (45%)]	Loss: 0.056522
Train Epoch: 35 [25600/50000 (51%)]	Loss: 0.087565
Train Epoch: 35 [28800/50000 (58%)]	Loss: 0.059978
Train Epoch: 35 [32000/50000 (64%)]	Loss: 0.039351
Train Epoch: 35 [35200/50000 (70%)]	Loss: 0.040872
Train Epoch: 35 [38400/50000 (77%)]	Loss: 0.165833
Train Epoch: 35 [41600/50000 (83%)]	Loss: 0.170491
Train Epoch: 35 [44800/50000 (90%)]	Loss: 0.082207
Train Epoch: 35 [48000/50000 (96%)]	Loss: 0.100709

Test set: Average loss: 0.0004, Accuracy: 9058/10000 (91%)

Train Epoch: 36 [0/50000 (0%)]	Loss: 0.139197
Train Epoch: 36 [3200/50000 (6%)]	Loss: 0.135309
Train Epoch: 36 [6400/50000 (13%)]	Loss: 0.076555
Train Epoch: 36 [9600/50000 (19%)]	Loss: 0.096674
Train Epoch: 36 [12800/50000 (26%)]	Loss: 0.078503
Train Epoch: 36 [16000/50000 (32%)]	Loss: 0.039136
Train Epoch: 36 [19200/50000 (38%)]	Loss: 0.175077
Train Epoch: 36 [22400/50000 (45%)]	Loss: 0.046470
Train Epoch: 36 [25600/50000 (51%)]	Loss: 0.057674
Train Epoch: 36 [28800/50000 (58%)]	Loss: 0.119040
Train Epoch: 36 [32000/50000 (64%)]	Loss: 0.042943
Train Epoch: 36 [35200/50000 (70%)]	Loss: 0.185260
Train Epoch: 36 [38400/50000 (77%)]	Loss: 0.173087
Train Epoch: 36 [41600/50000 (83%)]	Loss: 0.093048
Train Epoch: 36 [44800/50000 (90%)]	Loss: 0.144098
Train Epoch: 36 [48000/50000 (96%)]	Loss: 0.055465

Test set: Average loss: 0.0004, Accuracy: 9090/10000 (91%)

Train Epoch: 37 [0/50000 (0%)]	Loss: 0.109113
Train Epoch: 37 [3200/50000 (6%)]	Loss: 0.071393
Train Epoch: 37 [6400/50000 (13%)]	Loss: 0.074894
Train Epoch: 37 [9600/50000 (19%)]	Loss: 0.096241
Train Epoch: 37 [12800/50000 (26%)]	Loss: 0.255003
Train Epoch: 37 [16000/50000 (32%)]	Loss: 0.072759
Train Epoch: 37 [19200/50000 (38%)]	Loss: 0.126912
Train Epoch: 37 [22400/50000 (45%)]	Loss: 0.081131
Train Epoch: 37 [25600/50000 (51%)]	Loss: 0.040030
Train Epoch: 37 [28800/50000 (58%)]	Loss: 0.016138
Train Epoch: 37 [32000/50000 (64%)]	Loss: 0.063290
Train Epoch: 37 [35200/50000 (70%)]	Loss: 0.047712
Train Epoch: 37 [38400/50000 (77%)]	Loss: 0.168654
Train Epoch: 37 [41600/50000 (83%)]	Loss: 0.062547
Train Epoch: 37 [44800/50000 (90%)]	Loss: 0.155462
Train Epoch: 37 [48000/50000 (96%)]	Loss: 0.069615

Test set: Average loss: 0.0003, Accuracy: 9168/10000 (92%)

Train Epoch: 38 [0/50000 (0%)]	Loss: 0.062074
Train Epoch: 38 [3200/50000 (6%)]	Loss: 0.121318
Train Epoch: 38 [6400/50000 (13%)]	Loss: 0.060335
Train Epoch: 38 [9600/50000 (19%)]	Loss: 0.079608
Train Epoch: 38 [12800/50000 (26%)]	Loss: 0.141893
Train Epoch: 38 [16000/50000 (32%)]	Loss: 0.078866
Train Epoch: 38 [19200/50000 (38%)]	Loss: 0.066830
Train Epoch: 38 [22400/50000 (45%)]	Loss: 0.080717
Train Epoch: 38 [25600/50000 (51%)]	Loss: 0.037666
Train Epoch: 38 [28800/50000 (58%)]	Loss: 0.102043
Train Epoch: 38 [32000/50000 (64%)]	Loss: 0.081054
Train Epoch: 38 [35200/50000 (70%)]	Loss: 0.084242
Train Epoch: 38 [38400/50000 (77%)]	Loss: 0.109145
Train Epoch: 38 [41600/50000 (83%)]	Loss: 0.074848
Train Epoch: 38 [44800/50000 (90%)]	Loss: 0.144188
Train Epoch: 38 [48000/50000 (96%)]	Loss: 0.071556

Test set: Average loss: 0.0003, Accuracy: 9142/10000 (91%)

Train Epoch: 39 [0/50000 (0%)]	Loss: 0.038284
Train Epoch: 39 [3200/50000 (6%)]	Loss: 0.036622
Train Epoch: 39 [6400/50000 (13%)]	Loss: 0.229589
Train Epoch: 39 [9600/50000 (19%)]	Loss: 0.024586
Train Epoch: 39 [12800/50000 (26%)]	Loss: 0.155016
Train Epoch: 39 [16000/50000 (32%)]	Loss: 0.070375
Train Epoch: 39 [19200/50000 (38%)]	Loss: 0.064985
Train Epoch: 39 [22400/50000 (45%)]	Loss: 0.244432
Train Epoch: 39 [25600/50000 (51%)]	Loss: 0.086471
Train Epoch: 39 [28800/50000 (58%)]	Loss: 0.017670
Train Epoch: 39 [32000/50000 (64%)]	Loss: 0.082881
Train Epoch: 39 [35200/50000 (70%)]	Loss: 0.070649
Train Epoch: 39 [38400/50000 (77%)]	Loss: 0.142306
Train Epoch: 39 [41600/50000 (83%)]	Loss: 0.121051
Train Epoch: 39 [44800/50000 (90%)]	Loss: 0.174830
Train Epoch: 39 [48000/50000 (96%)]	Loss: 0.092658

Test set: Average loss: 0.0004, Accuracy: 8964/10000 (90%)

Train Epoch: 40 [0/50000 (0%)]	Loss: 0.037163
Train Epoch: 40 [3200/50000 (6%)]	Loss: 0.049675
Train Epoch: 40 [6400/50000 (13%)]	Loss: 0.068204
Train Epoch: 40 [9600/50000 (19%)]	Loss: 0.052702
Train Epoch: 40 [12800/50000 (26%)]	Loss: 0.067001
Train Epoch: 40 [16000/50000 (32%)]	Loss: 0.091825
Train Epoch: 40 [19200/50000 (38%)]	Loss: 0.121369
Train Epoch: 40 [22400/50000 (45%)]	Loss: 0.088591
Train Epoch: 40 [25600/50000 (51%)]	Loss: 0.060703
Train Epoch: 40 [28800/50000 (58%)]	Loss: 0.221919
Train Epoch: 40 [32000/50000 (64%)]	Loss: 0.143145
Train Epoch: 40 [35200/50000 (70%)]	Loss: 0.062957
Train Epoch: 40 [38400/50000 (77%)]	Loss: 0.132674
Train Epoch: 40 [41600/50000 (83%)]	Loss: 0.036545
Train Epoch: 40 [44800/50000 (90%)]	Loss: 0.120341
Train Epoch: 40 [48000/50000 (96%)]	Loss: 0.128080

Test set: Average loss: 0.0004, Accuracy: 9031/10000 (90%)

Train Epoch: 41 [0/50000 (0%)]	Loss: 0.111875
Train Epoch: 41 [3200/50000 (6%)]	Loss: 0.061315
Train Epoch: 41 [6400/50000 (13%)]	Loss: 0.056794
Train Epoch: 41 [9600/50000 (19%)]	Loss: 0.029188
Train Epoch: 41 [12800/50000 (26%)]	Loss: 0.018550
Train Epoch: 41 [16000/50000 (32%)]	Loss: 0.064274
Train Epoch: 41 [19200/50000 (38%)]	Loss: 0.244130
Train Epoch: 41 [22400/50000 (45%)]	Loss: 0.016335
Train Epoch: 41 [25600/50000 (51%)]	Loss: 0.081079
Train Epoch: 41 [28800/50000 (58%)]	Loss: 0.083604
Train Epoch: 41 [32000/50000 (64%)]	Loss: 0.086097
Train Epoch: 41 [35200/50000 (70%)]	Loss: 0.153784
Train Epoch: 41 [38400/50000 (77%)]	Loss: 0.170875
Train Epoch: 41 [41600/50000 (83%)]	Loss: 0.118746
Train Epoch: 41 [44800/50000 (90%)]	Loss: 0.094971
Train Epoch: 41 [48000/50000 (96%)]	Loss: 0.124576

Test set: Average loss: 0.0004, Accuracy: 9063/10000 (91%)

Train Epoch: 42 [0/50000 (0%)]	Loss: 0.023069
Train Epoch: 42 [3200/50000 (6%)]	Loss: 0.215144
Train Epoch: 42 [6400/50000 (13%)]	Loss: 0.053374
Train Epoch: 42 [9600/50000 (19%)]	Loss: 0.034175
Train Epoch: 42 [12800/50000 (26%)]	Loss: 0.016208
Train Epoch: 42 [16000/50000 (32%)]	Loss: 0.066240
Train Epoch: 42 [19200/50000 (38%)]	Loss: 0.023575
Train Epoch: 42 [22400/50000 (45%)]	Loss: 0.099754
Train Epoch: 42 [25600/50000 (51%)]	Loss: 0.080742
Train Epoch: 42 [28800/50000 (58%)]	Loss: 0.120613
Train Epoch: 42 [32000/50000 (64%)]	Loss: 0.065081
Train Epoch: 42 [35200/50000 (70%)]	Loss: 0.106164
Train Epoch: 42 [38400/50000 (77%)]	Loss: 0.106076
Train Epoch: 42 [41600/50000 (83%)]	Loss: 0.021964
Train Epoch: 42 [44800/50000 (90%)]	Loss: 0.070847
Train Epoch: 42 [48000/50000 (96%)]	Loss: 0.036616

Test set: Average loss: 0.0003, Accuracy: 9152/10000 (92%)

Train Epoch: 43 [0/50000 (0%)]	Loss: 0.022351
Train Epoch: 43 [3200/50000 (6%)]	Loss: 0.024224
Train Epoch: 43 [6400/50000 (13%)]	Loss: 0.018608
Train Epoch: 43 [9600/50000 (19%)]	Loss: 0.054536
Train Epoch: 43 [12800/50000 (26%)]	Loss: 0.110931
Train Epoch: 43 [16000/50000 (32%)]	Loss: 0.092525
Train Epoch: 43 [19200/50000 (38%)]	Loss: 0.092295
Train Epoch: 43 [22400/50000 (45%)]	Loss: 0.097845
Train Epoch: 43 [25600/50000 (51%)]	Loss: 0.051261
Train Epoch: 43 [28800/50000 (58%)]	Loss: 0.147269
Train Epoch: 43 [32000/50000 (64%)]	Loss: 0.053274
Train Epoch: 43 [35200/50000 (70%)]	Loss: 0.103533
Train Epoch: 43 [38400/50000 (77%)]	Loss: 0.145340
Train Epoch: 43 [41600/50000 (83%)]	Loss: 0.222979
Train Epoch: 43 [44800/50000 (90%)]	Loss: 0.282722
Train Epoch: 43 [48000/50000 (96%)]	Loss: 0.178472

Test set: Average loss: 0.0003, Accuracy: 9123/10000 (91%)

Train Epoch: 44 [0/50000 (0%)]	Loss: 0.085653
Train Epoch: 44 [3200/50000 (6%)]	Loss: 0.075958
Train Epoch: 44 [6400/50000 (13%)]	Loss: 0.148168
Train Epoch: 44 [9600/50000 (19%)]	Loss: 0.100520
Train Epoch: 44 [12800/50000 (26%)]	Loss: 0.139098
Train Epoch: 44 [16000/50000 (32%)]	Loss: 0.019632
Train Epoch: 44 [19200/50000 (38%)]	Loss: 0.017408
Train Epoch: 44 [22400/50000 (45%)]	Loss: 0.042076
Train Epoch: 44 [25600/50000 (51%)]	Loss: 0.162303
Train Epoch: 44 [28800/50000 (58%)]	Loss: 0.118533
Train Epoch: 44 [32000/50000 (64%)]	Loss: 0.055198
Train Epoch: 44 [35200/50000 (70%)]	Loss: 0.103175
Train Epoch: 44 [38400/50000 (77%)]	Loss: 0.074499
Train Epoch: 44 [41600/50000 (83%)]	Loss: 0.052114
Train Epoch: 44 [44800/50000 (90%)]	Loss: 0.080018
Train Epoch: 44 [48000/50000 (96%)]	Loss: 0.195612

Test set: Average loss: 0.0004, Accuracy: 9079/10000 (91%)

Train Epoch: 45 [0/50000 (0%)]	Loss: 0.021589
Train Epoch: 45 [3200/50000 (6%)]	Loss: 0.083893
Train Epoch: 45 [6400/50000 (13%)]	Loss: 0.085245
Train Epoch: 45 [9600/50000 (19%)]	Loss: 0.097748
Train Epoch: 45 [12800/50000 (26%)]	Loss: 0.014692
Train Epoch: 45 [16000/50000 (32%)]	Loss: 0.169830
Train Epoch: 45 [19200/50000 (38%)]	Loss: 0.031092
Train Epoch: 45 [22400/50000 (45%)]	Loss: 0.052448
Train Epoch: 45 [25600/50000 (51%)]	Loss: 0.076369
Train Epoch: 45 [28800/50000 (58%)]	Loss: 0.087860
Train Epoch: 45 [32000/50000 (64%)]	Loss: 0.027897
Train Epoch: 45 [35200/50000 (70%)]	Loss: 0.084397
Train Epoch: 45 [38400/50000 (77%)]	Loss: 0.039872
Train Epoch: 45 [41600/50000 (83%)]	Loss: 0.248902
Train Epoch: 45 [44800/50000 (90%)]	Loss: 0.114715
Train Epoch: 45 [48000/50000 (96%)]	Loss: 0.062049

Test set: Average loss: 0.0003, Accuracy: 9128/10000 (91%)

Train Epoch: 46 [0/50000 (0%)]	Loss: 0.023889
Train Epoch: 46 [3200/50000 (6%)]	Loss: 0.020637
Train Epoch: 46 [6400/50000 (13%)]	Loss: 0.056450
Train Epoch: 46 [9600/50000 (19%)]	Loss: 0.051685
Train Epoch: 46 [12800/50000 (26%)]	Loss: 0.010031
Train Epoch: 46 [16000/50000 (32%)]	Loss: 0.046767
Train Epoch: 46 [19200/50000 (38%)]	Loss: 0.162914
Train Epoch: 46 [22400/50000 (45%)]	Loss: 0.115719
Train Epoch: 46 [25600/50000 (51%)]	Loss: 0.076790
Train Epoch: 46 [28800/50000 (58%)]	Loss: 0.013931
Train Epoch: 46 [32000/50000 (64%)]	Loss: 0.105771
Train Epoch: 46 [35200/50000 (70%)]	Loss: 0.211043
Train Epoch: 46 [38400/50000 (77%)]	Loss: 0.102794
Train Epoch: 46 [41600/50000 (83%)]	Loss: 0.037215
Train Epoch: 46 [44800/50000 (90%)]	Loss: 0.223660
Train Epoch: 46 [48000/50000 (96%)]	Loss: 0.081249

Test set: Average loss: 0.0003, Accuracy: 9141/10000 (91%)

Train Epoch: 47 [0/50000 (0%)]	Loss: 0.030291
Train Epoch: 47 [3200/50000 (6%)]	Loss: 0.053741
Train Epoch: 47 [6400/50000 (13%)]	Loss: 0.040682
Train Epoch: 47 [9600/50000 (19%)]	Loss: 0.021197
Train Epoch: 47 [12800/50000 (26%)]	Loss: 0.064838
Train Epoch: 47 [16000/50000 (32%)]	Loss: 0.116182
Train Epoch: 47 [19200/50000 (38%)]	Loss: 0.070014
Train Epoch: 47 [22400/50000 (45%)]	Loss: 0.054544
Train Epoch: 47 [25600/50000 (51%)]	Loss: 0.012449
Train Epoch: 47 [28800/50000 (58%)]	Loss: 0.093093
Train Epoch: 47 [32000/50000 (64%)]	Loss: 0.223154
Train Epoch: 47 [35200/50000 (70%)]	Loss: 0.085766
Train Epoch: 47 [38400/50000 (77%)]	Loss: 0.052994
Train Epoch: 47 [41600/50000 (83%)]	Loss: 0.048564
Train Epoch: 47 [44800/50000 (90%)]	Loss: 0.035445
Train Epoch: 47 [48000/50000 (96%)]	Loss: 0.063129

Test set: Average loss: 0.0004, Accuracy: 9107/10000 (91%)

Train Epoch: 48 [0/50000 (0%)]	Loss: 0.213626
Train Epoch: 48 [3200/50000 (6%)]	Loss: 0.053612
Train Epoch: 48 [6400/50000 (13%)]	Loss: 0.209944
Train Epoch: 48 [9600/50000 (19%)]	Loss: 0.116844
Train Epoch: 48 [12800/50000 (26%)]	Loss: 0.135503
Train Epoch: 48 [16000/50000 (32%)]	Loss: 0.057188
Train Epoch: 48 [19200/50000 (38%)]	Loss: 0.019422
Train Epoch: 48 [22400/50000 (45%)]	Loss: 0.121595
Train Epoch: 48 [25600/50000 (51%)]	Loss: 0.070828
Train Epoch: 48 [28800/50000 (58%)]	Loss: 0.041412
Train Epoch: 48 [32000/50000 (64%)]	Loss: 0.056507
Train Epoch: 48 [35200/50000 (70%)]	Loss: 0.017875
Train Epoch: 48 [38400/50000 (77%)]	Loss: 0.227745
Train Epoch: 48 [41600/50000 (83%)]	Loss: 0.040785
Train Epoch: 48 [44800/50000 (90%)]	Loss: 0.210646
Train Epoch: 48 [48000/50000 (96%)]	Loss: 0.047783

Test set: Average loss: 0.0004, Accuracy: 9161/10000 (92%)

Train Epoch: 49 [0/50000 (0%)]	Loss: 0.064361
Train Epoch: 49 [3200/50000 (6%)]	Loss: 0.097933
Train Epoch: 49 [6400/50000 (13%)]	Loss: 0.018444
Train Epoch: 49 [9600/50000 (19%)]	Loss: 0.118719
Train Epoch: 49 [12800/50000 (26%)]	Loss: 0.091865
Train Epoch: 49 [16000/50000 (32%)]	Loss: 0.051480
Train Epoch: 49 [19200/50000 (38%)]	Loss: 0.022026
Train Epoch: 49 [22400/50000 (45%)]	Loss: 0.050713
Train Epoch: 49 [25600/50000 (51%)]	Loss: 0.198163
Train Epoch: 49 [28800/50000 (58%)]	Loss: 0.117509
Train Epoch: 49 [32000/50000 (64%)]	Loss: 0.112198
Train Epoch: 49 [35200/50000 (70%)]	Loss: 0.077998
Train Epoch: 49 [38400/50000 (77%)]	Loss: 0.034815
Train Epoch: 49 [41600/50000 (83%)]	Loss: 0.127842
Train Epoch: 49 [44800/50000 (90%)]	Loss: 0.036122
Train Epoch: 49 [48000/50000 (96%)]	Loss: 0.091736

Test set: Average loss: 0.0004, Accuracy: 9135/10000 (91%)

Train Epoch: 50 [0/50000 (0%)]	Loss: 0.047643
Train Epoch: 50 [3200/50000 (6%)]	Loss: 0.049287
Train Epoch: 50 [6400/50000 (13%)]	Loss: 0.011611
Train Epoch: 50 [9600/50000 (19%)]	Loss: 0.040265
Train Epoch: 50 [12800/50000 (26%)]	Loss: 0.056937
Train Epoch: 50 [16000/50000 (32%)]	Loss: 0.043183
Train Epoch: 50 [19200/50000 (38%)]	Loss: 0.032169
Train Epoch: 50 [22400/50000 (45%)]	Loss: 0.094211
Train Epoch: 50 [25600/50000 (51%)]	Loss: 0.033850
Train Epoch: 50 [28800/50000 (58%)]	Loss: 0.089729
Train Epoch: 50 [32000/50000 (64%)]	Loss: 0.093301
Train Epoch: 50 [35200/50000 (70%)]	Loss: 0.041676
Train Epoch: 50 [38400/50000 (77%)]	Loss: 0.075051
Train Epoch: 50 [41600/50000 (83%)]	Loss: 0.125686
Train Epoch: 50 [44800/50000 (90%)]	Loss: 0.079061
Train Epoch: 50 [48000/50000 (96%)]	Loss: 0.031037

Test set: Average loss: 0.0004, Accuracy: 9066/10000 (91%)

Train Epoch: 51 [0/50000 (0%)]	Loss: 0.072346
Train Epoch: 51 [3200/50000 (6%)]	Loss: 0.153510
Train Epoch: 51 [6400/50000 (13%)]	Loss: 0.097106
Train Epoch: 51 [9600/50000 (19%)]	Loss: 0.061724
Train Epoch: 51 [12800/50000 (26%)]	Loss: 0.014912
Train Epoch: 51 [16000/50000 (32%)]	Loss: 0.086831
Train Epoch: 51 [19200/50000 (38%)]	Loss: 0.093773
Train Epoch: 51 [22400/50000 (45%)]	Loss: 0.029043
Train Epoch: 51 [25600/50000 (51%)]	Loss: 0.033136
Train Epoch: 51 [28800/50000 (58%)]	Loss: 0.007680
Train Epoch: 51 [32000/50000 (64%)]	Loss: 0.247453
Train Epoch: 51 [35200/50000 (70%)]	Loss: 0.132497
Train Epoch: 51 [38400/50000 (77%)]	Loss: 0.043930
Train Epoch: 51 [41600/50000 (83%)]	Loss: 0.098953
Train Epoch: 51 [44800/50000 (90%)]	Loss: 0.073573
Train Epoch: 51 [48000/50000 (96%)]	Loss: 0.117305

Test set: Average loss: 0.0004, Accuracy: 9142/10000 (91%)

Train Epoch: 52 [0/50000 (0%)]	Loss: 0.252730
Train Epoch: 52 [3200/50000 (6%)]	Loss: 0.117353
Train Epoch: 52 [6400/50000 (13%)]	Loss: 0.017763
Train Epoch: 52 [9600/50000 (19%)]	Loss: 0.013000
Train Epoch: 52 [12800/50000 (26%)]	Loss: 0.027327
Train Epoch: 52 [16000/50000 (32%)]	Loss: 0.244388
Train Epoch: 52 [19200/50000 (38%)]	Loss: 0.007574
Train Epoch: 52 [22400/50000 (45%)]	Loss: 0.188174
Train Epoch: 52 [25600/50000 (51%)]	Loss: 0.052614
Train Epoch: 52 [28800/50000 (58%)]	Loss: 0.017688
Train Epoch: 52 [32000/50000 (64%)]	Loss: 0.173340
Train Epoch: 52 [35200/50000 (70%)]	Loss: 0.080270
Train Epoch: 52 [38400/50000 (77%)]	Loss: 0.107787
Train Epoch: 52 [41600/50000 (83%)]	Loss: 0.102994
Train Epoch: 52 [44800/50000 (90%)]	Loss: 0.060970
Train Epoch: 52 [48000/50000 (96%)]	Loss: 0.150043

Test set: Average loss: 0.0004, Accuracy: 9148/10000 (91%)

Train Epoch: 53 [0/50000 (0%)]	Loss: 0.039811
Train Epoch: 53 [3200/50000 (6%)]	Loss: 0.050890
Train Epoch: 53 [6400/50000 (13%)]	Loss: 0.056475
Train Epoch: 53 [9600/50000 (19%)]	Loss: 0.077115
Train Epoch: 53 [12800/50000 (26%)]	Loss: 0.055012
Train Epoch: 53 [16000/50000 (32%)]	Loss: 0.087544
Train Epoch: 53 [19200/50000 (38%)]	Loss: 0.073264
Train Epoch: 53 [22400/50000 (45%)]	Loss: 0.060346
Train Epoch: 53 [25600/50000 (51%)]	Loss: 0.021480
Train Epoch: 53 [28800/50000 (58%)]	Loss: 0.150459
Train Epoch: 53 [32000/50000 (64%)]	Loss: 0.072743
Train Epoch: 53 [35200/50000 (70%)]	Loss: 0.044721
Train Epoch: 53 [38400/50000 (77%)]	Loss: 0.029556
Train Epoch: 53 [41600/50000 (83%)]	Loss: 0.023125
Train Epoch: 53 [44800/50000 (90%)]	Loss: 0.131517
Train Epoch: 53 [48000/50000 (96%)]	Loss: 0.039586

Test set: Average loss: 0.0003, Accuracy: 9195/10000 (92%)

Train Epoch: 54 [0/50000 (0%)]	Loss: 0.025759
Train Epoch: 54 [3200/50000 (6%)]	Loss: 0.032691
Train Epoch: 54 [6400/50000 (13%)]	Loss: 0.005803
Train Epoch: 54 [9600/50000 (19%)]	Loss: 0.030303
Train Epoch: 54 [12800/50000 (26%)]	Loss: 0.045869
Train Epoch: 54 [16000/50000 (32%)]	Loss: 0.049084
Train Epoch: 54 [19200/50000 (38%)]	Loss: 0.054732
Train Epoch: 54 [22400/50000 (45%)]	Loss: 0.097050
Train Epoch: 54 [25600/50000 (51%)]	Loss: 0.045802
Train Epoch: 54 [28800/50000 (58%)]	Loss: 0.055880
Train Epoch: 54 [32000/50000 (64%)]	Loss: 0.089927
Train Epoch: 54 [35200/50000 (70%)]	Loss: 0.095889
Train Epoch: 54 [38400/50000 (77%)]	Loss: 0.039930
Train Epoch: 54 [41600/50000 (83%)]	Loss: 0.092112
Train Epoch: 54 [44800/50000 (90%)]	Loss: 0.088828
Train Epoch: 54 [48000/50000 (96%)]	Loss: 0.040315

Test set: Average loss: 0.0004, Accuracy: 9128/10000 (91%)

Train Epoch: 55 [0/50000 (0%)]	Loss: 0.014794
Train Epoch: 55 [3200/50000 (6%)]	Loss: 0.087949
Train Epoch: 55 [6400/50000 (13%)]	Loss: 0.019592
Train Epoch: 55 [9600/50000 (19%)]	Loss: 0.089894
Train Epoch: 55 [12800/50000 (26%)]	Loss: 0.050785
Train Epoch: 55 [16000/50000 (32%)]	Loss: 0.060943
Train Epoch: 55 [19200/50000 (38%)]	Loss: 0.009707
Train Epoch: 55 [22400/50000 (45%)]	Loss: 0.044643
Train Epoch: 55 [25600/50000 (51%)]	Loss: 0.035038
Train Epoch: 55 [28800/50000 (58%)]	Loss: 0.104166
Train Epoch: 55 [32000/50000 (64%)]	Loss: 0.075719
Train Epoch: 55 [35200/50000 (70%)]	Loss: 0.056185
Train Epoch: 55 [38400/50000 (77%)]	Loss: 0.039126
Train Epoch: 55 [41600/50000 (83%)]	Loss: 0.023573
Train Epoch: 55 [44800/50000 (90%)]	Loss: 0.016624
Train Epoch: 55 [48000/50000 (96%)]	Loss: 0.034587

Test set: Average loss: 0.0004, Accuracy: 9078/10000 (91%)

Train Epoch: 56 [0/50000 (0%)]	Loss: 0.030981
Train Epoch: 56 [3200/50000 (6%)]	Loss: 0.030302
Train Epoch: 56 [6400/50000 (13%)]	Loss: 0.083953
Train Epoch: 56 [9600/50000 (19%)]	Loss: 0.091014
Train Epoch: 56 [12800/50000 (26%)]	Loss: 0.042756
Train Epoch: 56 [16000/50000 (32%)]	Loss: 0.018874
Train Epoch: 56 [19200/50000 (38%)]	Loss: 0.047092
Train Epoch: 56 [22400/50000 (45%)]	Loss: 0.072545
Train Epoch: 56 [25600/50000 (51%)]	Loss: 0.036004
Train Epoch: 56 [28800/50000 (58%)]	Loss: 0.114691
Train Epoch: 56 [32000/50000 (64%)]	Loss: 0.054887
Train Epoch: 56 [35200/50000 (70%)]	Loss: 0.083078
Train Epoch: 56 [38400/50000 (77%)]	Loss: 0.042079
Train Epoch: 56 [41600/50000 (83%)]	Loss: 0.097001
Train Epoch: 56 [44800/50000 (90%)]	Loss: 0.017481
Train Epoch: 56 [48000/50000 (96%)]	Loss: 0.047228

Test set: Average loss: 0.0004, Accuracy: 9075/10000 (91%)

Train Epoch: 57 [0/50000 (0%)]	Loss: 0.082685
Train Epoch: 57 [3200/50000 (6%)]	Loss: 0.081710
Train Epoch: 57 [6400/50000 (13%)]	Loss: 0.053740
Train Epoch: 57 [9600/50000 (19%)]	Loss: 0.044003
Train Epoch: 57 [12800/50000 (26%)]	Loss: 0.082813
Train Epoch: 57 [16000/50000 (32%)]	Loss: 0.097009
Train Epoch: 57 [19200/50000 (38%)]	Loss: 0.110166
Train Epoch: 57 [22400/50000 (45%)]	Loss: 0.034332
Train Epoch: 57 [25600/50000 (51%)]	Loss: 0.040839
Train Epoch: 57 [28800/50000 (58%)]	Loss: 0.041412
Train Epoch: 57 [32000/50000 (64%)]	Loss: 0.034784
Train Epoch: 57 [35200/50000 (70%)]	Loss: 0.044211
Train Epoch: 57 [38400/50000 (77%)]	Loss: 0.134094
Train Epoch: 57 [41600/50000 (83%)]	Loss: 0.037175
Train Epoch: 57 [44800/50000 (90%)]	Loss: 0.084476
Train Epoch: 57 [48000/50000 (96%)]	Loss: 0.043509

Test set: Average loss: 0.0004, Accuracy: 9086/10000 (91%)

Train Epoch: 58 [0/50000 (0%)]	Loss: 0.017887
Train Epoch: 58 [3200/50000 (6%)]	Loss: 0.036576
Train Epoch: 58 [6400/50000 (13%)]	Loss: 0.067934
Train Epoch: 58 [9600/50000 (19%)]	Loss: 0.047552
Train Epoch: 58 [12800/50000 (26%)]	Loss: 0.083469
Train Epoch: 58 [16000/50000 (32%)]	Loss: 0.072330
Train Epoch: 58 [19200/50000 (38%)]	Loss: 0.027523
Train Epoch: 58 [22400/50000 (45%)]	Loss: 0.015403
Train Epoch: 58 [25600/50000 (51%)]	Loss: 0.242537
Train Epoch: 58 [28800/50000 (58%)]	Loss: 0.088723
Train Epoch: 58 [32000/50000 (64%)]	Loss: 0.040272
Train Epoch: 58 [35200/50000 (70%)]	Loss: 0.025882
Train Epoch: 58 [38400/50000 (77%)]	Loss: 0.147042
Train Epoch: 58 [41600/50000 (83%)]	Loss: 0.027220
Train Epoch: 58 [44800/50000 (90%)]	Loss: 0.036730
Train Epoch: 58 [48000/50000 (96%)]	Loss: 0.008340

Test set: Average loss: 0.0004, Accuracy: 9087/10000 (91%)

Train Epoch: 59 [0/50000 (0%)]	Loss: 0.027001
Train Epoch: 59 [3200/50000 (6%)]	Loss: 0.069381
Train Epoch: 59 [6400/50000 (13%)]	Loss: 0.039282
Train Epoch: 59 [9600/50000 (19%)]	Loss: 0.010350
Train Epoch: 59 [12800/50000 (26%)]	Loss: 0.067408
Train Epoch: 59 [16000/50000 (32%)]	Loss: 0.043300
Train Epoch: 59 [19200/50000 (38%)]	Loss: 0.083086
Train Epoch: 59 [22400/50000 (45%)]	Loss: 0.033654
Train Epoch: 59 [25600/50000 (51%)]	Loss: 0.039566
Train Epoch: 59 [28800/50000 (58%)]	Loss: 0.149178
Train Epoch: 59 [32000/50000 (64%)]	Loss: 0.008372
Train Epoch: 59 [35200/50000 (70%)]	Loss: 0.153958
Train Epoch: 59 [38400/50000 (77%)]	Loss: 0.083893
Train Epoch: 59 [41600/50000 (83%)]	Loss: 0.055057
Train Epoch: 59 [44800/50000 (90%)]	Loss: 0.184361
Train Epoch: 59 [48000/50000 (96%)]	Loss: 0.084982

Test set: Average loss: 0.0004, Accuracy: 9104/10000 (91%)

Train Epoch: 60 [0/50000 (0%)]	Loss: 0.027458
Train Epoch: 60 [3200/50000 (6%)]	Loss: 0.025878
Train Epoch: 60 [6400/50000 (13%)]	Loss: 0.071264
Train Epoch: 60 [9600/50000 (19%)]	Loss: 0.037163
Train Epoch: 60 [12800/50000 (26%)]	Loss: 0.066716
Train Epoch: 60 [16000/50000 (32%)]	Loss: 0.140259
Train Epoch: 60 [19200/50000 (38%)]	Loss: 0.076468
Train Epoch: 60 [22400/50000 (45%)]	Loss: 0.035160
Train Epoch: 60 [25600/50000 (51%)]	Loss: 0.084058
Train Epoch: 60 [28800/50000 (58%)]	Loss: 0.025500
Train Epoch: 60 [32000/50000 (64%)]	Loss: 0.068252
Train Epoch: 60 [35200/50000 (70%)]	Loss: 0.112708
Train Epoch: 60 [38400/50000 (77%)]	Loss: 0.097930
Train Epoch: 60 [41600/50000 (83%)]	Loss: 0.061565
Train Epoch: 60 [44800/50000 (90%)]	Loss: 0.125848
Train Epoch: 60 [48000/50000 (96%)]	Loss: 0.015133

Test set: Average loss: 0.0004, Accuracy: 9140/10000 (91%)

Train Epoch: 61 [0/50000 (0%)]	Loss: 0.032956
Train Epoch: 61 [3200/50000 (6%)]	Loss: 0.149403
Train Epoch: 61 [6400/50000 (13%)]	Loss: 0.017783
Train Epoch: 61 [9600/50000 (19%)]	Loss: 0.043373
Train Epoch: 61 [12800/50000 (26%)]	Loss: 0.056310
Train Epoch: 61 [16000/50000 (32%)]	Loss: 0.073519
Train Epoch: 61 [19200/50000 (38%)]	Loss: 0.075316
Train Epoch: 61 [22400/50000 (45%)]	Loss: 0.155021
Train Epoch: 61 [25600/50000 (51%)]	Loss: 0.064968
Train Epoch: 61 [28800/50000 (58%)]	Loss: 0.035040
Train Epoch: 61 [32000/50000 (64%)]	Loss: 0.023917
Train Epoch: 61 [35200/50000 (70%)]	Loss: 0.144804
Train Epoch: 61 [38400/50000 (77%)]	Loss: 0.109919
Train Epoch: 61 [41600/50000 (83%)]	Loss: 0.097811
Train Epoch: 61 [44800/50000 (90%)]	Loss: 0.035420
Train Epoch: 61 [48000/50000 (96%)]	Loss: 0.032185

Test set: Average loss: 0.0004, Accuracy: 9094/10000 (91%)

Train Epoch: 62 [0/50000 (0%)]	Loss: 0.048942
Train Epoch: 62 [3200/50000 (6%)]	Loss: 0.099612
Train Epoch: 62 [6400/50000 (13%)]	Loss: 0.119946
Train Epoch: 62 [9600/50000 (19%)]	Loss: 0.128902
Train Epoch: 62 [12800/50000 (26%)]	Loss: 0.071362
Train Epoch: 62 [16000/50000 (32%)]	Loss: 0.031337
Train Epoch: 62 [19200/50000 (38%)]	Loss: 0.141481
Train Epoch: 62 [22400/50000 (45%)]	Loss: 0.034777
Train Epoch: 62 [25600/50000 (51%)]	Loss: 0.042473
Train Epoch: 62 [28800/50000 (58%)]	Loss: 0.069953
Train Epoch: 62 [32000/50000 (64%)]	Loss: 0.091573
Train Epoch: 62 [35200/50000 (70%)]	Loss: 0.045295
Train Epoch: 62 [38400/50000 (77%)]	Loss: 0.013721
Train Epoch: 62 [41600/50000 (83%)]	Loss: 0.176521
Train Epoch: 62 [44800/50000 (90%)]	Loss: 0.018343
Train Epoch: 62 [48000/50000 (96%)]	Loss: 0.042587

Test set: Average loss: 0.0004, Accuracy: 9139/10000 (91%)

Train Epoch: 63 [0/50000 (0%)]	Loss: 0.042193
Train Epoch: 63 [3200/50000 (6%)]	Loss: 0.039167
Train Epoch: 63 [6400/50000 (13%)]	Loss: 0.034740
Train Epoch: 63 [9600/50000 (19%)]	Loss: 0.061338
Train Epoch: 63 [12800/50000 (26%)]	Loss: 0.006028
Train Epoch: 63 [16000/50000 (32%)]	Loss: 0.042883
Train Epoch: 63 [19200/50000 (38%)]	Loss: 0.020079
Train Epoch: 63 [22400/50000 (45%)]	Loss: 0.107665
Train Epoch: 63 [25600/50000 (51%)]	Loss: 0.035965
Train Epoch: 63 [28800/50000 (58%)]	Loss: 0.104806
Train Epoch: 63 [32000/50000 (64%)]	Loss: 0.027960
Train Epoch: 63 [35200/50000 (70%)]	Loss: 0.294334
Train Epoch: 63 [38400/50000 (77%)]	Loss: 0.030314
Train Epoch: 63 [41600/50000 (83%)]	Loss: 0.061396
Train Epoch: 63 [44800/50000 (90%)]	Loss: 0.035710
Train Epoch: 63 [48000/50000 (96%)]	Loss: 0.031722

Test set: Average loss: 0.0004, Accuracy: 9153/10000 (92%)

Train Epoch: 64 [0/50000 (0%)]	Loss: 0.056805
Train Epoch: 64 [3200/50000 (6%)]	Loss: 0.036416
Train Epoch: 64 [6400/50000 (13%)]	Loss: 0.057330
Train Epoch: 64 [9600/50000 (19%)]	Loss: 0.015967
Train Epoch: 64 [12800/50000 (26%)]	Loss: 0.015801
Train Epoch: 64 [16000/50000 (32%)]	Loss: 0.047139
Train Epoch: 64 [19200/50000 (38%)]	Loss: 0.091844
Train Epoch: 64 [22400/50000 (45%)]	Loss: 0.030690
Train Epoch: 64 [25600/50000 (51%)]	Loss: 0.028183
Train Epoch: 64 [28800/50000 (58%)]	Loss: 0.138272
Train Epoch: 64 [32000/50000 (64%)]	Loss: 0.050254
Train Epoch: 64 [35200/50000 (70%)]	Loss: 0.152352
Train Epoch: 64 [38400/50000 (77%)]	Loss: 0.115172
Train Epoch: 64 [41600/50000 (83%)]	Loss: 0.175998
Train Epoch: 64 [44800/50000 (90%)]	Loss: 0.023852
Train Epoch: 64 [48000/50000 (96%)]	Loss: 0.044024

Test set: Average loss: 0.0004, Accuracy: 9148/10000 (91%)

Train Epoch: 65 [0/50000 (0%)]	Loss: 0.151068
Train Epoch: 65 [3200/50000 (6%)]	Loss: 0.075652
Train Epoch: 65 [6400/50000 (13%)]	Loss: 0.072925
Train Epoch: 65 [9600/50000 (19%)]	Loss: 0.008659
Train Epoch: 65 [12800/50000 (26%)]	Loss: 0.068694
Train Epoch: 65 [16000/50000 (32%)]	Loss: 0.141978
Train Epoch: 65 [19200/50000 (38%)]	Loss: 0.144763
Train Epoch: 65 [22400/50000 (45%)]	Loss: 0.064488
Train Epoch: 65 [25600/50000 (51%)]	Loss: 0.090538
Train Epoch: 65 [28800/50000 (58%)]	Loss: 0.066816
Train Epoch: 65 [32000/50000 (64%)]	Loss: 0.017363
Train Epoch: 65 [35200/50000 (70%)]	Loss: 0.126253
Train Epoch: 65 [38400/50000 (77%)]	Loss: 0.052455
Train Epoch: 65 [41600/50000 (83%)]	Loss: 0.111205
Train Epoch: 65 [44800/50000 (90%)]	Loss: 0.172904
Train Epoch: 65 [48000/50000 (96%)]	Loss: 0.024115

Test set: Average loss: 0.0004, Accuracy: 9179/10000 (92%)

Train Epoch: 66 [0/50000 (0%)]	Loss: 0.016103
Train Epoch: 66 [3200/50000 (6%)]	Loss: 0.105299
Train Epoch: 66 [6400/50000 (13%)]	Loss: 0.012057
Train Epoch: 66 [9600/50000 (19%)]	Loss: 0.048015
Train Epoch: 66 [12800/50000 (26%)]	Loss: 0.077933
Train Epoch: 66 [16000/50000 (32%)]	Loss: 0.015047
Train Epoch: 66 [19200/50000 (38%)]	Loss: 0.062041
Train Epoch: 66 [22400/50000 (45%)]	Loss: 0.049673
Train Epoch: 66 [25600/50000 (51%)]	Loss: 0.191050
Train Epoch: 66 [28800/50000 (58%)]	Loss: 0.054233
Train Epoch: 66 [32000/50000 (64%)]	Loss: 0.091700
Train Epoch: 66 [35200/50000 (70%)]	Loss: 0.057431
Train Epoch: 66 [38400/50000 (77%)]	Loss: 0.091829
Train Epoch: 66 [41600/50000 (83%)]	Loss: 0.017536
Train Epoch: 66 [44800/50000 (90%)]	Loss: 0.110139
Train Epoch: 66 [48000/50000 (96%)]	Loss: 0.096663

Test set: Average loss: 0.0004, Accuracy: 9117/10000 (91%)

Train Epoch: 67 [0/50000 (0%)]	Loss: 0.009641
Train Epoch: 67 [3200/50000 (6%)]	Loss: 0.162032
Train Epoch: 67 [6400/50000 (13%)]	Loss: 0.140500
Train Epoch: 67 [9600/50000 (19%)]	Loss: 0.059489
Train Epoch: 67 [12800/50000 (26%)]	Loss: 0.058514
Train Epoch: 67 [16000/50000 (32%)]	Loss: 0.048084
Train Epoch: 67 [19200/50000 (38%)]	Loss: 0.120915
Train Epoch: 67 [22400/50000 (45%)]	Loss: 0.106745
Train Epoch: 67 [25600/50000 (51%)]	Loss: 0.019984
Train Epoch: 67 [28800/50000 (58%)]	Loss: 0.047583
Train Epoch: 67 [32000/50000 (64%)]	Loss: 0.175717
Train Epoch: 67 [35200/50000 (70%)]	Loss: 0.053829
Train Epoch: 67 [38400/50000 (77%)]	Loss: 0.049141
Train Epoch: 67 [41600/50000 (83%)]	Loss: 0.050932
Train Epoch: 67 [44800/50000 (90%)]	Loss: 0.099898
Train Epoch: 67 [48000/50000 (96%)]	Loss: 0.129112

Test set: Average loss: 0.0004, Accuracy: 9072/10000 (91%)

Train Epoch: 68 [0/50000 (0%)]	Loss: 0.062498
Train Epoch: 68 [3200/50000 (6%)]	Loss: 0.010276
Train Epoch: 68 [6400/50000 (13%)]	Loss: 0.049097
Train Epoch: 68 [9600/50000 (19%)]	Loss: 0.126045
Train Epoch: 68 [12800/50000 (26%)]	Loss: 0.016074
Train Epoch: 68 [16000/50000 (32%)]	Loss: 0.028332
Train Epoch: 68 [19200/50000 (38%)]	Loss: 0.068452
Train Epoch: 68 [22400/50000 (45%)]	Loss: 0.028283
Train Epoch: 68 [25600/50000 (51%)]	Loss: 0.013207
Train Epoch: 68 [28800/50000 (58%)]	Loss: 0.046622
Train Epoch: 68 [32000/50000 (64%)]	Loss: 0.082723
Train Epoch: 68 [35200/50000 (70%)]	Loss: 0.063071
Train Epoch: 68 [38400/50000 (77%)]	Loss: 0.084281
Train Epoch: 68 [41600/50000 (83%)]	Loss: 0.045586
Train Epoch: 68 [44800/50000 (90%)]	Loss: 0.021237
Train Epoch: 68 [48000/50000 (96%)]	Loss: 0.069244

Test set: Average loss: 0.0004, Accuracy: 9187/10000 (92%)

Train Epoch: 69 [0/50000 (0%)]	Loss: 0.036781
Train Epoch: 69 [3200/50000 (6%)]	Loss: 0.062381
Train Epoch: 69 [6400/50000 (13%)]	Loss: 0.024382
Train Epoch: 69 [9600/50000 (19%)]	Loss: 0.068260
Train Epoch: 69 [12800/50000 (26%)]	Loss: 0.026668
Train Epoch: 69 [16000/50000 (32%)]	Loss: 0.137380
Train Epoch: 69 [19200/50000 (38%)]	Loss: 0.062980
Train Epoch: 69 [22400/50000 (45%)]	Loss: 0.043028
Train Epoch: 69 [25600/50000 (51%)]	Loss: 0.125013
Train Epoch: 69 [28800/50000 (58%)]	Loss: 0.024051
Train Epoch: 69 [32000/50000 (64%)]	Loss: 0.022260
Train Epoch: 69 [35200/50000 (70%)]	Loss: 0.028262
Train Epoch: 69 [38400/50000 (77%)]	Loss: 0.082779
Train Epoch: 69 [41600/50000 (83%)]	Loss: 0.035951
Train Epoch: 69 [44800/50000 (90%)]	Loss: 0.029689
Train Epoch: 69 [48000/50000 (96%)]	Loss: 0.020151

Test set: Average loss: 0.0003, Accuracy: 9197/10000 (92%)

Train Epoch: 70 [0/50000 (0%)]	Loss: 0.051131
Train Epoch: 70 [3200/50000 (6%)]	Loss: 0.033138
Train Epoch: 70 [6400/50000 (13%)]	Loss: 0.102652
Train Epoch: 70 [9600/50000 (19%)]	Loss: 0.093104
Train Epoch: 70 [12800/50000 (26%)]	Loss: 0.032565
Train Epoch: 70 [16000/50000 (32%)]	Loss: 0.103289
Train Epoch: 70 [19200/50000 (38%)]	Loss: 0.043160
Train Epoch: 70 [22400/50000 (45%)]	Loss: 0.022031
Train Epoch: 70 [25600/50000 (51%)]	Loss: 0.035101
Train Epoch: 70 [28800/50000 (58%)]	Loss: 0.095957
Train Epoch: 70 [32000/50000 (64%)]	Loss: 0.017857
Train Epoch: 70 [35200/50000 (70%)]	Loss: 0.074600
Train Epoch: 70 [38400/50000 (77%)]	Loss: 0.042223
Train Epoch: 70 [41600/50000 (83%)]	Loss: 0.062841
Train Epoch: 70 [44800/50000 (90%)]	Loss: 0.042921
Train Epoch: 70 [48000/50000 (96%)]	Loss: 0.038917

Test set: Average loss: 0.0003, Accuracy: 9183/10000 (92%)

Train Epoch: 71 [0/50000 (0%)]	Loss: 0.016947
Train Epoch: 71 [3200/50000 (6%)]	Loss: 0.084166
Train Epoch: 71 [6400/50000 (13%)]	Loss: 0.085829
Train Epoch: 71 [9600/50000 (19%)]	Loss: 0.151790
Train Epoch: 71 [12800/50000 (26%)]	Loss: 0.063802
Train Epoch: 71 [16000/50000 (32%)]	Loss: 0.049412
Train Epoch: 71 [19200/50000 (38%)]	Loss: 0.043048
Train Epoch: 71 [22400/50000 (45%)]	Loss: 0.052801
Train Epoch: 71 [25600/50000 (51%)]	Loss: 0.026918
Train Epoch: 71 [28800/50000 (58%)]	Loss: 0.084556
Train Epoch: 71 [32000/50000 (64%)]	Loss: 0.029191
Train Epoch: 71 [35200/50000 (70%)]	Loss: 0.020340
Train Epoch: 71 [38400/50000 (77%)]	Loss: 0.041193
Train Epoch: 71 [41600/50000 (83%)]	Loss: 0.017141
Train Epoch: 71 [44800/50000 (90%)]	Loss: 0.012970
Train Epoch: 71 [48000/50000 (96%)]	Loss: 0.040515

Test set: Average loss: 0.0004, Accuracy: 9167/10000 (92%)

Train Epoch: 72 [0/50000 (0%)]	Loss: 0.039493
Train Epoch: 72 [3200/50000 (6%)]	Loss: 0.052842
Train Epoch: 72 [6400/50000 (13%)]	Loss: 0.008043
Train Epoch: 72 [9600/50000 (19%)]	Loss: 0.214349
Train Epoch: 72 [12800/50000 (26%)]	Loss: 0.061688
Train Epoch: 72 [16000/50000 (32%)]	Loss: 0.115238
Train Epoch: 72 [19200/50000 (38%)]	Loss: 0.084456
Train Epoch: 72 [22400/50000 (45%)]	Loss: 0.075102
Train Epoch: 72 [25600/50000 (51%)]	Loss: 0.013869
Train Epoch: 72 [28800/50000 (58%)]	Loss: 0.012027
Train Epoch: 72 [32000/50000 (64%)]	Loss: 0.027080
Train Epoch: 72 [35200/50000 (70%)]	Loss: 0.013143
Train Epoch: 72 [38400/50000 (77%)]	Loss: 0.053285
Train Epoch: 72 [41600/50000 (83%)]	Loss: 0.206871
Train Epoch: 72 [44800/50000 (90%)]	Loss: 0.163696
Train Epoch: 72 [48000/50000 (96%)]	Loss: 0.088537

Test set: Average loss: 0.0004, Accuracy: 9143/10000 (91%)

Train Epoch: 73 [0/50000 (0%)]	Loss: 0.087226
Train Epoch: 73 [3200/50000 (6%)]	Loss: 0.043003
Train Epoch: 73 [6400/50000 (13%)]	Loss: 0.017588
Train Epoch: 73 [9600/50000 (19%)]	Loss: 0.019648
Train Epoch: 73 [12800/50000 (26%)]	Loss: 0.002456
Train Epoch: 73 [16000/50000 (32%)]	Loss: 0.023603
Train Epoch: 73 [19200/50000 (38%)]	Loss: 0.080522
Train Epoch: 73 [22400/50000 (45%)]	Loss: 0.044879
Train Epoch: 73 [25600/50000 (51%)]	Loss: 0.124365
Train Epoch: 73 [28800/50000 (58%)]	Loss: 0.013814
Train Epoch: 73 [32000/50000 (64%)]	Loss: 0.023913
Train Epoch: 73 [35200/50000 (70%)]	Loss: 0.054882
Train Epoch: 73 [38400/50000 (77%)]	Loss: 0.098660
Train Epoch: 73 [41600/50000 (83%)]	Loss: 0.014954
Train Epoch: 73 [44800/50000 (90%)]	Loss: 0.074373
Train Epoch: 73 [48000/50000 (96%)]	Loss: 0.032451

Test set: Average loss: 0.0004, Accuracy: 9161/10000 (92%)

Train Epoch: 74 [0/50000 (0%)]	Loss: 0.039564
Train Epoch: 74 [3200/50000 (6%)]	Loss: 0.064159
Train Epoch: 74 [6400/50000 (13%)]	Loss: 0.019911
Train Epoch: 74 [9600/50000 (19%)]	Loss: 0.058080
Train Epoch: 74 [12800/50000 (26%)]	Loss: 0.144131
Train Epoch: 74 [16000/50000 (32%)]	Loss: 0.038205
Train Epoch: 74 [19200/50000 (38%)]	Loss: 0.079317
Train Epoch: 74 [22400/50000 (45%)]	Loss: 0.027396
Train Epoch: 74 [25600/50000 (51%)]	Loss: 0.014809
Train Epoch: 74 [28800/50000 (58%)]	Loss: 0.048968
Train Epoch: 74 [32000/50000 (64%)]	Loss: 0.020729
Train Epoch: 74 [35200/50000 (70%)]	Loss: 0.026182
Train Epoch: 74 [38400/50000 (77%)]	Loss: 0.031297
Train Epoch: 74 [41600/50000 (83%)]	Loss: 0.043185
Train Epoch: 74 [44800/50000 (90%)]	Loss: 0.039020
Train Epoch: 74 [48000/50000 (96%)]	Loss: 0.159525

Test set: Average loss: 0.0004, Accuracy: 9134/10000 (91%)

Train Epoch: 75 [0/50000 (0%)]	Loss: 0.041109
Train Epoch: 75 [3200/50000 (6%)]	Loss: 0.022825
Train Epoch: 75 [6400/50000 (13%)]	Loss: 0.020412
Train Epoch: 75 [9600/50000 (19%)]	Loss: 0.076836
Train Epoch: 75 [12800/50000 (26%)]	Loss: 0.151535
Train Epoch: 75 [16000/50000 (32%)]	Loss: 0.026214
Train Epoch: 75 [19200/50000 (38%)]	Loss: 0.024766
Train Epoch: 75 [22400/50000 (45%)]	Loss: 0.044713
Train Epoch: 75 [25600/50000 (51%)]	Loss: 0.020168
Train Epoch: 75 [28800/50000 (58%)]	Loss: 0.030112
Train Epoch: 75 [32000/50000 (64%)]	Loss: 0.132062
Train Epoch: 75 [35200/50000 (70%)]	Loss: 0.118448
Train Epoch: 75 [38400/50000 (77%)]	Loss: 0.035415
Train Epoch: 75 [41600/50000 (83%)]	Loss: 0.065121
Train Epoch: 75 [44800/50000 (90%)]	Loss: 0.039885
Train Epoch: 75 [48000/50000 (96%)]	Loss: 0.040512

Test set: Average loss: 0.0004, Accuracy: 9148/10000 (91%)

Train Epoch: 76 [0/50000 (0%)]	Loss: 0.064229
Train Epoch: 76 [3200/50000 (6%)]	Loss: 0.007827
Train Epoch: 76 [6400/50000 (13%)]	Loss: 0.037201
Train Epoch: 76 [9600/50000 (19%)]	Loss: 0.175806
Train Epoch: 76 [12800/50000 (26%)]	Loss: 0.036976
Train Epoch: 76 [16000/50000 (32%)]	Loss: 0.018786
Train Epoch: 76 [19200/50000 (38%)]	Loss: 0.120849
Train Epoch: 76 [22400/50000 (45%)]	Loss: 0.013163
Train Epoch: 76 [25600/50000 (51%)]	Loss: 0.092742
Train Epoch: 76 [28800/50000 (58%)]	Loss: 0.153414
Train Epoch: 76 [32000/50000 (64%)]	Loss: 0.033370
Train Epoch: 76 [35200/50000 (70%)]	Loss: 0.091038
Train Epoch: 76 [38400/50000 (77%)]	Loss: 0.023779
Train Epoch: 76 [41600/50000 (83%)]	Loss: 0.109824
Train Epoch: 76 [44800/50000 (90%)]	Loss: 0.063785
Train Epoch: 76 [48000/50000 (96%)]	Loss: 0.103274

Test set: Average loss: 0.0004, Accuracy: 9135/10000 (91%)

Train Epoch: 77 [0/50000 (0%)]	Loss: 0.038306
Train Epoch: 77 [3200/50000 (6%)]	Loss: 0.053226
Train Epoch: 77 [6400/50000 (13%)]	Loss: 0.023211
Train Epoch: 77 [9600/50000 (19%)]	Loss: 0.147803
Train Epoch: 77 [12800/50000 (26%)]	Loss: 0.083088
Train Epoch: 77 [16000/50000 (32%)]	Loss: 0.045652
Train Epoch: 77 [19200/50000 (38%)]	Loss: 0.263234
Train Epoch: 77 [22400/50000 (45%)]	Loss: 0.042676
Train Epoch: 77 [25600/50000 (51%)]	Loss: 0.022691
Train Epoch: 77 [28800/50000 (58%)]	Loss: 0.096499
Train Epoch: 77 [32000/50000 (64%)]	Loss: 0.083715
Train Epoch: 77 [35200/50000 (70%)]	Loss: 0.072692
Train Epoch: 77 [38400/50000 (77%)]	Loss: 0.042111
Train Epoch: 77 [41600/50000 (83%)]	Loss: 0.020336
Train Epoch: 77 [44800/50000 (90%)]	Loss: 0.029139
Train Epoch: 77 [48000/50000 (96%)]	Loss: 0.060252

Test set: Average loss: 0.0003, Accuracy: 9205/10000 (92%)

Train Epoch: 78 [0/50000 (0%)]	Loss: 0.037965
Train Epoch: 78 [3200/50000 (6%)]	Loss: 0.016342
Train Epoch: 78 [6400/50000 (13%)]	Loss: 0.008931
Train Epoch: 78 [9600/50000 (19%)]	Loss: 0.033555
Train Epoch: 78 [12800/50000 (26%)]	Loss: 0.032487
Train Epoch: 78 [16000/50000 (32%)]	Loss: 0.066525
Train Epoch: 78 [19200/50000 (38%)]	Loss: 0.034538
Train Epoch: 78 [22400/50000 (45%)]	Loss: 0.039643
Train Epoch: 78 [25600/50000 (51%)]	Loss: 0.018810
Train Epoch: 78 [28800/50000 (58%)]	Loss: 0.085279
Train Epoch: 78 [32000/50000 (64%)]	Loss: 0.031037
Train Epoch: 78 [35200/50000 (70%)]	Loss: 0.069750
Train Epoch: 78 [38400/50000 (77%)]	Loss: 0.059682
Train Epoch: 78 [41600/50000 (83%)]	Loss: 0.131780
Train Epoch: 78 [44800/50000 (90%)]	Loss: 0.040947
Train Epoch: 78 [48000/50000 (96%)]	Loss: 0.079031

Test set: Average loss: 0.0004, Accuracy: 9135/10000 (91%)

Train Epoch: 79 [0/50000 (0%)]	Loss: 0.010197
Train Epoch: 79 [3200/50000 (6%)]	Loss: 0.025687
Train Epoch: 79 [6400/50000 (13%)]	Loss: 0.056092
Train Epoch: 79 [9600/50000 (19%)]	Loss: 0.085537
Train Epoch: 79 [12800/50000 (26%)]	Loss: 0.040173
Train Epoch: 79 [16000/50000 (32%)]	Loss: 0.020896
Train Epoch: 79 [19200/50000 (38%)]	Loss: 0.006465
Train Epoch: 79 [22400/50000 (45%)]	Loss: 0.087336
Train Epoch: 79 [25600/50000 (51%)]	Loss: 0.011329
Train Epoch: 79 [28800/50000 (58%)]	Loss: 0.013639
Train Epoch: 79 [32000/50000 (64%)]	Loss: 0.055158
Train Epoch: 79 [35200/50000 (70%)]	Loss: 0.114403
Train Epoch: 79 [38400/50000 (77%)]	Loss: 0.065346
Train Epoch: 79 [41600/50000 (83%)]	Loss: 0.075449
Train Epoch: 79 [44800/50000 (90%)]	Loss: 0.144957
Train Epoch: 79 [48000/50000 (96%)]	Loss: 0.075452

Test set: Average loss: 0.0004, Accuracy: 9188/10000 (92%)

Train Epoch: 80 [0/50000 (0%)]	Loss: 0.076953
Train Epoch: 80 [3200/50000 (6%)]	Loss: 0.015109
Train Epoch: 80 [6400/50000 (13%)]	Loss: 0.010551
Train Epoch: 80 [9600/50000 (19%)]	Loss: 0.061687
Train Epoch: 80 [12800/50000 (26%)]	Loss: 0.008540
Train Epoch: 80 [16000/50000 (32%)]	Loss: 0.064348
Train Epoch: 80 [19200/50000 (38%)]	Loss: 0.025634
Train Epoch: 80 [22400/50000 (45%)]	Loss: 0.038721
Train Epoch: 80 [25600/50000 (51%)]	Loss: 0.059048
Train Epoch: 80 [28800/50000 (58%)]	Loss: 0.016644
Train Epoch: 80 [32000/50000 (64%)]	Loss: 0.031750
Train Epoch: 80 [35200/50000 (70%)]	Loss: 0.174541
Train Epoch: 80 [38400/50000 (77%)]	Loss: 0.070823
Train Epoch: 80 [41600/50000 (83%)]	Loss: 0.069207
Train Epoch: 80 [44800/50000 (90%)]	Loss: 0.022361
Train Epoch: 80 [48000/50000 (96%)]	Loss: 0.127915

Test set: Average loss: 0.0003, Accuracy: 9175/10000 (92%)

Train Epoch: 81 [0/50000 (0%)]	Loss: 0.053956
Train Epoch: 81 [3200/50000 (6%)]	Loss: 0.008720
Train Epoch: 81 [6400/50000 (13%)]	Loss: 0.088553
Train Epoch: 81 [9600/50000 (19%)]	Loss: 0.084737
Train Epoch: 81 [12800/50000 (26%)]	Loss: 0.014356
Train Epoch: 81 [16000/50000 (32%)]	Loss: 0.044047
Train Epoch: 81 [19200/50000 (38%)]	Loss: 0.029275
Train Epoch: 81 [22400/50000 (45%)]	Loss: 0.019002
Train Epoch: 81 [25600/50000 (51%)]	Loss: 0.025081
Train Epoch: 81 [28800/50000 (58%)]	Loss: 0.003028
Train Epoch: 81 [32000/50000 (64%)]	Loss: 0.028541
Train Epoch: 81 [35200/50000 (70%)]	Loss: 0.007349
Train Epoch: 81 [38400/50000 (77%)]	Loss: 0.047009
Train Epoch: 81 [41600/50000 (83%)]	Loss: 0.003966
Train Epoch: 81 [44800/50000 (90%)]	Loss: 0.040331
Train Epoch: 81 [48000/50000 (96%)]	Loss: 0.007654

Test set: Average loss: 0.0003, Accuracy: 9333/10000 (93%)

Train Epoch: 82 [0/50000 (0%)]	Loss: 0.004224
Train Epoch: 82 [3200/50000 (6%)]	Loss: 0.011087
Train Epoch: 82 [6400/50000 (13%)]	Loss: 0.007524
Train Epoch: 82 [9600/50000 (19%)]	Loss: 0.019210
Train Epoch: 82 [12800/50000 (26%)]	Loss: 0.017255
Train Epoch: 82 [16000/50000 (32%)]	Loss: 0.013095
Train Epoch: 82 [19200/50000 (38%)]	Loss: 0.029433
Train Epoch: 82 [22400/50000 (45%)]	Loss: 0.030128
Train Epoch: 82 [25600/50000 (51%)]	Loss: 0.073524
Train Epoch: 82 [28800/50000 (58%)]	Loss: 0.019092
Train Epoch: 82 [32000/50000 (64%)]	Loss: 0.005639
Train Epoch: 82 [35200/50000 (70%)]	Loss: 0.017916
Train Epoch: 82 [38400/50000 (77%)]	Loss: 0.012138
Train Epoch: 82 [41600/50000 (83%)]	Loss: 0.009773
Train Epoch: 82 [44800/50000 (90%)]	Loss: 0.058200
Train Epoch: 82 [48000/50000 (96%)]	Loss: 0.012591

Test set: Average loss: 0.0003, Accuracy: 9355/10000 (94%)

Train Epoch: 83 [0/50000 (0%)]	Loss: 0.027648
Train Epoch: 83 [3200/50000 (6%)]	Loss: 0.019610
Train Epoch: 83 [6400/50000 (13%)]	Loss: 0.011606
Train Epoch: 83 [9600/50000 (19%)]	Loss: 0.003096
Train Epoch: 83 [12800/50000 (26%)]	Loss: 0.018968
Train Epoch: 83 [16000/50000 (32%)]	Loss: 0.011965
Train Epoch: 83 [19200/50000 (38%)]	Loss: 0.002145
Train Epoch: 83 [22400/50000 (45%)]	Loss: 0.028977
Train Epoch: 83 [25600/50000 (51%)]	Loss: 0.007210
Train Epoch: 83 [28800/50000 (58%)]	Loss: 0.009651
Train Epoch: 83 [32000/50000 (64%)]	Loss: 0.004278
Train Epoch: 83 [35200/50000 (70%)]	Loss: 0.026283
Train Epoch: 83 [38400/50000 (77%)]	Loss: 0.011560
Train Epoch: 83 [41600/50000 (83%)]	Loss: 0.013502
Train Epoch: 83 [44800/50000 (90%)]	Loss: 0.000966
Train Epoch: 83 [48000/50000 (96%)]	Loss: 0.005133

Test set: Average loss: 0.0003, Accuracy: 9365/10000 (94%)

Train Epoch: 84 [0/50000 (0%)]	Loss: 0.023618
Train Epoch: 84 [3200/50000 (6%)]	Loss: 0.035183
Train Epoch: 84 [6400/50000 (13%)]	Loss: 0.001961
Train Epoch: 84 [9600/50000 (19%)]	Loss: 0.023597
Train Epoch: 84 [12800/50000 (26%)]	Loss: 0.001766
Train Epoch: 84 [16000/50000 (32%)]	Loss: 0.001316
Train Epoch: 84 [19200/50000 (38%)]	Loss: 0.006251
Train Epoch: 84 [22400/50000 (45%)]	Loss: 0.018920
Train Epoch: 84 [25600/50000 (51%)]	Loss: 0.002982
Train Epoch: 84 [28800/50000 (58%)]	Loss: 0.034823
Train Epoch: 84 [32000/50000 (64%)]	Loss: 0.017288
Train Epoch: 84 [35200/50000 (70%)]	Loss: 0.002528
Train Epoch: 84 [38400/50000 (77%)]	Loss: 0.005110
Train Epoch: 84 [41600/50000 (83%)]	Loss: 0.001226
Train Epoch: 84 [44800/50000 (90%)]	Loss: 0.003123
Train Epoch: 84 [48000/50000 (96%)]	Loss: 0.006530

Test set: Average loss: 0.0003, Accuracy: 9362/10000 (94%)

Train Epoch: 85 [0/50000 (0%)]	Loss: 0.002312
Train Epoch: 85 [3200/50000 (6%)]	Loss: 0.061482
Train Epoch: 85 [6400/50000 (13%)]	Loss: 0.003686
Train Epoch: 85 [9600/50000 (19%)]	Loss: 0.001702
Train Epoch: 85 [12800/50000 (26%)]	Loss: 0.000759
Train Epoch: 85 [16000/50000 (32%)]	Loss: 0.003530
Train Epoch: 85 [19200/50000 (38%)]	Loss: 0.024152
Train Epoch: 85 [22400/50000 (45%)]	Loss: 0.006758
Train Epoch: 85 [25600/50000 (51%)]	Loss: 0.001442
Train Epoch: 85 [28800/50000 (58%)]	Loss: 0.005352
Train Epoch: 85 [32000/50000 (64%)]	Loss: 0.013794
Train Epoch: 85 [35200/50000 (70%)]	Loss: 0.001052
Train Epoch: 85 [38400/50000 (77%)]	Loss: 0.005456
Train Epoch: 85 [41600/50000 (83%)]	Loss: 0.000706
Train Epoch: 85 [44800/50000 (90%)]	Loss: 0.001682
Train Epoch: 85 [48000/50000 (96%)]	Loss: 0.021701

Test set: Average loss: 0.0003, Accuracy: 9365/10000 (94%)

Train Epoch: 86 [0/50000 (0%)]	Loss: 0.001245
Train Epoch: 86 [3200/50000 (6%)]	Loss: 0.028133
Train Epoch: 86 [6400/50000 (13%)]	Loss: 0.023325
Train Epoch: 86 [9600/50000 (19%)]	Loss: 0.000709
Train Epoch: 86 [12800/50000 (26%)]	Loss: 0.009251
Train Epoch: 86 [16000/50000 (32%)]	Loss: 0.011928
Train Epoch: 86 [19200/50000 (38%)]	Loss: 0.008603
Train Epoch: 86 [22400/50000 (45%)]	Loss: 0.000801
Train Epoch: 86 [25600/50000 (51%)]	Loss: 0.001439
Train Epoch: 86 [28800/50000 (58%)]	Loss: 0.004248
Train Epoch: 86 [32000/50000 (64%)]	Loss: 0.003385
Train Epoch: 86 [35200/50000 (70%)]	Loss: 0.002769
Train Epoch: 86 [38400/50000 (77%)]	Loss: 0.001508
Train Epoch: 86 [41600/50000 (83%)]	Loss: 0.003501
Train Epoch: 86 [44800/50000 (90%)]	Loss: 0.001790
Train Epoch: 86 [48000/50000 (96%)]	Loss: 0.003080

Test set: Average loss: 0.0003, Accuracy: 9370/10000 (94%)

Train Epoch: 87 [0/50000 (0%)]	Loss: 0.000462
Train Epoch: 87 [3200/50000 (6%)]	Loss: 0.007439
Train Epoch: 87 [6400/50000 (13%)]	Loss: 0.002662
Train Epoch: 87 [9600/50000 (19%)]	Loss: 0.003273
Train Epoch: 87 [12800/50000 (26%)]	Loss: 0.001126
Train Epoch: 87 [16000/50000 (32%)]	Loss: 0.016624
Train Epoch: 87 [19200/50000 (38%)]	Loss: 0.000240
Train Epoch: 87 [22400/50000 (45%)]	Loss: 0.010670
Train Epoch: 87 [25600/50000 (51%)]	Loss: 0.003417
Train Epoch: 87 [28800/50000 (58%)]	Loss: 0.016512
Train Epoch: 87 [32000/50000 (64%)]	Loss: 0.002124
Train Epoch: 87 [35200/50000 (70%)]	Loss: 0.005743
Train Epoch: 87 [38400/50000 (77%)]	Loss: 0.000401
Train Epoch: 87 [41600/50000 (83%)]	Loss: 0.020078
Train Epoch: 87 [44800/50000 (90%)]	Loss: 0.000609
Train Epoch: 87 [48000/50000 (96%)]	Loss: 0.013291

Test set: Average loss: 0.0003, Accuracy: 9357/10000 (94%)

Train Epoch: 88 [0/50000 (0%)]	Loss: 0.002131
Train Epoch: 88 [3200/50000 (6%)]	Loss: 0.000287
Train Epoch: 88 [6400/50000 (13%)]	Loss: 0.003177
Train Epoch: 88 [9600/50000 (19%)]	Loss: 0.000657
Train Epoch: 88 [12800/50000 (26%)]	Loss: 0.000861
Train Epoch: 88 [16000/50000 (32%)]	Loss: 0.001413
Train Epoch: 88 [19200/50000 (38%)]	Loss: 0.004547
Train Epoch: 88 [22400/50000 (45%)]	Loss: 0.003874
Train Epoch: 88 [25600/50000 (51%)]	Loss: 0.001311
Train Epoch: 88 [28800/50000 (58%)]	Loss: 0.000473
Train Epoch: 88 [32000/50000 (64%)]	Loss: 0.016978
Train Epoch: 88 [35200/50000 (70%)]	Loss: 0.001014
Train Epoch: 88 [38400/50000 (77%)]	Loss: 0.004017
Train Epoch: 88 [41600/50000 (83%)]	Loss: 0.002247
Train Epoch: 88 [44800/50000 (90%)]	Loss: 0.000936
Train Epoch: 88 [48000/50000 (96%)]	Loss: 0.001293

Test set: Average loss: 0.0003, Accuracy: 9352/10000 (94%)

Train Epoch: 89 [0/50000 (0%)]	Loss: 0.007933
Train Epoch: 89 [3200/50000 (6%)]	Loss: 0.001952
Train Epoch: 89 [6400/50000 (13%)]	Loss: 0.003586
Train Epoch: 89 [9600/50000 (19%)]	Loss: 0.000558
Train Epoch: 89 [12800/50000 (26%)]	Loss: 0.000420
Train Epoch: 89 [16000/50000 (32%)]	Loss: 0.001144
Train Epoch: 89 [19200/50000 (38%)]	Loss: 0.002652
Train Epoch: 89 [22400/50000 (45%)]	Loss: 0.000336
Train Epoch: 89 [25600/50000 (51%)]	Loss: 0.004636
Train Epoch: 89 [28800/50000 (58%)]	Loss: 0.003201
Train Epoch: 89 [32000/50000 (64%)]	Loss: 0.012166
Train Epoch: 89 [35200/50000 (70%)]	Loss: 0.002380
Train Epoch: 89 [38400/50000 (77%)]	Loss: 0.000719
Train Epoch: 89 [41600/50000 (83%)]	Loss: 0.001506
Train Epoch: 89 [44800/50000 (90%)]	Loss: 0.046932
Train Epoch: 89 [48000/50000 (96%)]	Loss: 0.000410

Test set: Average loss: 0.0003, Accuracy: 9385/10000 (94%)

Train Epoch: 90 [0/50000 (0%)]	Loss: 0.000653
Train Epoch: 90 [3200/50000 (6%)]	Loss: 0.000612
Train Epoch: 90 [6400/50000 (13%)]	Loss: 0.000123
Train Epoch: 90 [9600/50000 (19%)]	Loss: 0.006946
Train Epoch: 90 [12800/50000 (26%)]	Loss: 0.000193
Train Epoch: 90 [16000/50000 (32%)]	Loss: 0.013912
Train Epoch: 90 [19200/50000 (38%)]	Loss: 0.000715
Train Epoch: 90 [22400/50000 (45%)]	Loss: 0.000868
Train Epoch: 90 [25600/50000 (51%)]	Loss: 0.006691
Train Epoch: 90 [28800/50000 (58%)]	Loss: 0.011190
Train Epoch: 90 [32000/50000 (64%)]	Loss: 0.000234
Train Epoch: 90 [35200/50000 (70%)]	Loss: 0.001428
Train Epoch: 90 [38400/50000 (77%)]	Loss: 0.000418
Train Epoch: 90 [41600/50000 (83%)]	Loss: 0.000479
Train Epoch: 90 [44800/50000 (90%)]	Loss: 0.000786
Train Epoch: 90 [48000/50000 (96%)]	Loss: 0.001534

Test set: Average loss: 0.0003, Accuracy: 9362/10000 (94%)

Train Epoch: 91 [0/50000 (0%)]	Loss: 0.000520
Train Epoch: 91 [3200/50000 (6%)]	Loss: 0.002283
Train Epoch: 91 [6400/50000 (13%)]	Loss: 0.001040
Train Epoch: 91 [9600/50000 (19%)]	Loss: 0.002211
Train Epoch: 91 [12800/50000 (26%)]	Loss: 0.000148
Train Epoch: 91 [16000/50000 (32%)]	Loss: 0.000252
Train Epoch: 91 [19200/50000 (38%)]	Loss: 0.003486
Train Epoch: 91 [22400/50000 (45%)]	Loss: 0.015873
Train Epoch: 91 [25600/50000 (51%)]	Loss: 0.001935
Train Epoch: 91 [28800/50000 (58%)]	Loss: 0.006241
Train Epoch: 91 [32000/50000 (64%)]	Loss: 0.000421
Train Epoch: 91 [35200/50000 (70%)]	Loss: 0.000382
Train Epoch: 91 [38400/50000 (77%)]	Loss: 0.031344
Train Epoch: 91 [41600/50000 (83%)]	Loss: 0.000475
Train Epoch: 91 [44800/50000 (90%)]	Loss: 0.003536
Train Epoch: 91 [48000/50000 (96%)]	Loss: 0.000433

Test set: Average loss: 0.0003, Accuracy: 9389/10000 (94%)

Train Epoch: 92 [0/50000 (0%)]	Loss: 0.000961
Train Epoch: 92 [3200/50000 (6%)]	Loss: 0.001619
Train Epoch: 92 [6400/50000 (13%)]	Loss: 0.000846
Train Epoch: 92 [9600/50000 (19%)]	Loss: 0.015770
Train Epoch: 92 [12800/50000 (26%)]	Loss: 0.001228
Train Epoch: 92 [16000/50000 (32%)]	Loss: 0.043554
Train Epoch: 92 [19200/50000 (38%)]	Loss: 0.000811
Train Epoch: 92 [22400/50000 (45%)]	Loss: 0.000974
Train Epoch: 92 [25600/50000 (51%)]	Loss: 0.011682
Train Epoch: 92 [28800/50000 (58%)]	Loss: 0.000786
Train Epoch: 92 [32000/50000 (64%)]	Loss: 0.005560
Train Epoch: 92 [35200/50000 (70%)]	Loss: 0.001538
Train Epoch: 92 [38400/50000 (77%)]	Loss: 0.001407
Train Epoch: 92 [41600/50000 (83%)]	Loss: 0.110567
Train Epoch: 92 [44800/50000 (90%)]	Loss: 0.005125
Train Epoch: 92 [48000/50000 (96%)]	Loss: 0.000158

Test set: Average loss: 0.0003, Accuracy: 9386/10000 (94%)

Train Epoch: 93 [0/50000 (0%)]	Loss: 0.001617
Train Epoch: 93 [3200/50000 (6%)]	Loss: 0.001985
Train Epoch: 93 [6400/50000 (13%)]	Loss: 0.000087
Train Epoch: 93 [9600/50000 (19%)]	Loss: 0.000694
Train Epoch: 93 [12800/50000 (26%)]	Loss: 0.000659
Train Epoch: 93 [16000/50000 (32%)]	Loss: 0.018292
Train Epoch: 93 [19200/50000 (38%)]	Loss: 0.007942
Train Epoch: 93 [22400/50000 (45%)]	Loss: 0.001133
Train Epoch: 93 [25600/50000 (51%)]	Loss: 0.000450
Train Epoch: 93 [28800/50000 (58%)]	Loss: 0.000995
Train Epoch: 93 [32000/50000 (64%)]	Loss: 0.000562
Train Epoch: 93 [35200/50000 (70%)]	Loss: 0.017168
Train Epoch: 93 [38400/50000 (77%)]	Loss: 0.008687
Train Epoch: 93 [41600/50000 (83%)]	Loss: 0.001297
Train Epoch: 93 [44800/50000 (90%)]	Loss: 0.002456
Train Epoch: 93 [48000/50000 (96%)]	Loss: 0.000246

Test set: Average loss: 0.0004, Accuracy: 9361/10000 (94%)

Train Epoch: 94 [0/50000 (0%)]	Loss: 0.001643
Train Epoch: 94 [3200/50000 (6%)]	Loss: 0.000235
Train Epoch: 94 [6400/50000 (13%)]	Loss: 0.008930
Train Epoch: 94 [9600/50000 (19%)]	Loss: 0.000237
Train Epoch: 94 [12800/50000 (26%)]	Loss: 0.001754
Train Epoch: 94 [16000/50000 (32%)]	Loss: 0.000112
Train Epoch: 94 [19200/50000 (38%)]	Loss: 0.000443
Train Epoch: 94 [22400/50000 (45%)]	Loss: 0.001944
Train Epoch: 94 [25600/50000 (51%)]	Loss: 0.002527
Train Epoch: 94 [28800/50000 (58%)]	Loss: 0.000434
Train Epoch: 94 [32000/50000 (64%)]	Loss: 0.001019
Train Epoch: 94 [35200/50000 (70%)]	Loss: 0.001341
Train Epoch: 94 [38400/50000 (77%)]	Loss: 0.007945
Train Epoch: 94 [41600/50000 (83%)]	Loss: 0.000383
Train Epoch: 94 [44800/50000 (90%)]	Loss: 0.003754
Train Epoch: 94 [48000/50000 (96%)]	Loss: 0.006925

Test set: Average loss: 0.0004, Accuracy: 9379/10000 (94%)

Train Epoch: 95 [0/50000 (0%)]	Loss: 0.000541
Train Epoch: 95 [3200/50000 (6%)]	Loss: 0.000222
Train Epoch: 95 [6400/50000 (13%)]	Loss: 0.011304
Train Epoch: 95 [9600/50000 (19%)]	Loss: 0.006874
Train Epoch: 95 [12800/50000 (26%)]	Loss: 0.000298
Train Epoch: 95 [16000/50000 (32%)]	Loss: 0.003638
Train Epoch: 95 [19200/50000 (38%)]	Loss: 0.000168
Train Epoch: 95 [22400/50000 (45%)]	Loss: 0.000895
Train Epoch: 95 [25600/50000 (51%)]	Loss: 0.017368
Train Epoch: 95 [28800/50000 (58%)]	Loss: 0.001241
Train Epoch: 95 [32000/50000 (64%)]	Loss: 0.000027
Train Epoch: 95 [35200/50000 (70%)]	Loss: 0.000502
Train Epoch: 95 [38400/50000 (77%)]	Loss: 0.007231
Train Epoch: 95 [41600/50000 (83%)]	Loss: 0.000457
Train Epoch: 95 [44800/50000 (90%)]	Loss: 0.001172
Train Epoch: 95 [48000/50000 (96%)]	Loss: 0.000468

Test set: Average loss: 0.0004, Accuracy: 9371/10000 (94%)

Train Epoch: 96 [0/50000 (0%)]	Loss: 0.000131
Train Epoch: 96 [3200/50000 (6%)]	Loss: 0.000896
Train Epoch: 96 [6400/50000 (13%)]	Loss: 0.002007
Train Epoch: 96 [9600/50000 (19%)]	Loss: 0.000467
Train Epoch: 96 [12800/50000 (26%)]	Loss: 0.001854
Train Epoch: 96 [16000/50000 (32%)]	Loss: 0.000188
Train Epoch: 96 [19200/50000 (38%)]	Loss: 0.000722
Train Epoch: 96 [22400/50000 (45%)]	Loss: 0.022302
Train Epoch: 96 [25600/50000 (51%)]	Loss: 0.000321
Train Epoch: 96 [28800/50000 (58%)]	Loss: 0.000247
Train Epoch: 96 [32000/50000 (64%)]	Loss: 0.001634
Train Epoch: 96 [35200/50000 (70%)]	Loss: 0.001360
Train Epoch: 96 [38400/50000 (77%)]	Loss: 0.000124
Train Epoch: 96 [41600/50000 (83%)]	Loss: 0.016993
Train Epoch: 96 [44800/50000 (90%)]	Loss: 0.001309
Train Epoch: 96 [48000/50000 (96%)]	Loss: 0.006094

Test set: Average loss: 0.0004, Accuracy: 9378/10000 (94%)

Train Epoch: 97 [0/50000 (0%)]	Loss: 0.001839
Train Epoch: 97 [3200/50000 (6%)]	Loss: 0.000692
Train Epoch: 97 [6400/50000 (13%)]	Loss: 0.001232
Train Epoch: 97 [9600/50000 (19%)]	Loss: 0.005891
Train Epoch: 97 [12800/50000 (26%)]	Loss: 0.000141
Train Epoch: 97 [16000/50000 (32%)]	Loss: 0.001974
Train Epoch: 97 [19200/50000 (38%)]	Loss: 0.000227
Train Epoch: 97 [22400/50000 (45%)]	Loss: 0.001512
Train Epoch: 97 [25600/50000 (51%)]	Loss: 0.000879
Train Epoch: 97 [28800/50000 (58%)]	Loss: 0.000337
Train Epoch: 97 [32000/50000 (64%)]	Loss: 0.000076
Train Epoch: 97 [35200/50000 (70%)]	Loss: 0.056542
Train Epoch: 97 [38400/50000 (77%)]	Loss: 0.000258
Train Epoch: 97 [41600/50000 (83%)]	Loss: 0.000092
Train Epoch: 97 [44800/50000 (90%)]	Loss: 0.001003
Train Epoch: 97 [48000/50000 (96%)]	Loss: 0.000135

Test set: Average loss: 0.0004, Accuracy: 9361/10000 (94%)

Train Epoch: 98 [0/50000 (0%)]	Loss: 0.000557
Train Epoch: 98 [3200/50000 (6%)]	Loss: 0.000277
Train Epoch: 98 [6400/50000 (13%)]	Loss: 0.001480
Train Epoch: 98 [9600/50000 (19%)]	Loss: 0.005324
Train Epoch: 98 [12800/50000 (26%)]	Loss: 0.006124
Train Epoch: 98 [16000/50000 (32%)]	Loss: 0.002516
Train Epoch: 98 [19200/50000 (38%)]	Loss: 0.003105
Train Epoch: 98 [22400/50000 (45%)]	Loss: 0.003939
Train Epoch: 98 [25600/50000 (51%)]	Loss: 0.000073
Train Epoch: 98 [28800/50000 (58%)]	Loss: 0.002165
Train Epoch: 98 [32000/50000 (64%)]	Loss: 0.000554
Train Epoch: 98 [35200/50000 (70%)]	Loss: 0.003263
Train Epoch: 98 [38400/50000 (77%)]	Loss: 0.020960
Train Epoch: 98 [41600/50000 (83%)]	Loss: 0.001237
Train Epoch: 98 [44800/50000 (90%)]	Loss: 0.005606
Train Epoch: 98 [48000/50000 (96%)]	Loss: 0.000316

Test set: Average loss: 0.0004, Accuracy: 9377/10000 (94%)

Train Epoch: 99 [0/50000 (0%)]	Loss: 0.000951
Train Epoch: 99 [3200/50000 (6%)]	Loss: 0.001106
Train Epoch: 99 [6400/50000 (13%)]	Loss: 0.003971
Train Epoch: 99 [9600/50000 (19%)]	Loss: 0.001326
Train Epoch: 99 [12800/50000 (26%)]	Loss: 0.000348
Train Epoch: 99 [16000/50000 (32%)]	Loss: 0.001304
Train Epoch: 99 [19200/50000 (38%)]	Loss: 0.000187
Train Epoch: 99 [22400/50000 (45%)]	Loss: 0.000352
Train Epoch: 99 [25600/50000 (51%)]	Loss: 0.003540
Train Epoch: 99 [28800/50000 (58%)]	Loss: 0.000154
Train Epoch: 99 [32000/50000 (64%)]	Loss: 0.000975
Train Epoch: 99 [35200/50000 (70%)]	Loss: 0.000139
Train Epoch: 99 [38400/50000 (77%)]	Loss: 0.000216
Train Epoch: 99 [41600/50000 (83%)]	Loss: 0.000160
Train Epoch: 99 [44800/50000 (90%)]	Loss: 0.000397
Train Epoch: 99 [48000/50000 (96%)]	Loss: 0.000190

Test set: Average loss: 0.0004, Accuracy: 9397/10000 (94%)

Train Epoch: 100 [0/50000 (0%)]	Loss: 0.009591
Train Epoch: 100 [3200/50000 (6%)]	Loss: 0.000634
Train Epoch: 100 [6400/50000 (13%)]	Loss: 0.002190
Train Epoch: 100 [9600/50000 (19%)]	Loss: 0.000459
Train Epoch: 100 [12800/50000 (26%)]	Loss: 0.001197
Train Epoch: 100 [16000/50000 (32%)]	Loss: 0.000104
Train Epoch: 100 [19200/50000 (38%)]	Loss: 0.001853
Train Epoch: 100 [22400/50000 (45%)]	Loss: 0.001804
Train Epoch: 100 [25600/50000 (51%)]	Loss: 0.000324
Train Epoch: 100 [28800/50000 (58%)]	Loss: 0.001995
Train Epoch: 100 [32000/50000 (64%)]	Loss: 0.000300
Train Epoch: 100 [35200/50000 (70%)]	Loss: 0.000719
Train Epoch: 100 [38400/50000 (77%)]	Loss: 0.001024
Train Epoch: 100 [41600/50000 (83%)]	Loss: 0.000518
Train Epoch: 100 [44800/50000 (90%)]	Loss: 0.066672
Train Epoch: 100 [48000/50000 (96%)]	Loss: 0.000291

Test set: Average loss: 0.0004, Accuracy: 9378/10000 (94%)

