Files already downloaded and verified
Files already downloaded and verified
Total parameters: 2805834
Train Epoch: 1 [0/50000 (0%)]	Loss: 2.362453
Train Epoch: 1 [3200/50000 (6%)]	Loss: 1.792688
Train Epoch: 1 [6400/50000 (13%)]	Loss: 1.797823
Train Epoch: 1 [9600/50000 (19%)]	Loss: 1.749184
Train Epoch: 1 [12800/50000 (26%)]	Loss: 1.303214
Train Epoch: 1 [16000/50000 (32%)]	Loss: 1.589506
Train Epoch: 1 [19200/50000 (38%)]	Loss: 1.438690
Train Epoch: 1 [22400/50000 (45%)]	Loss: 1.241800
Train Epoch: 1 [25600/50000 (51%)]	Loss: 1.337675
Train Epoch: 1 [28800/50000 (58%)]	Loss: 1.251231
Train Epoch: 1 [32000/50000 (64%)]	Loss: 1.379861
Train Epoch: 1 [35200/50000 (70%)]	Loss: 1.047154
Train Epoch: 1 [38400/50000 (77%)]	Loss: 0.934887
Train Epoch: 1 [41600/50000 (83%)]	Loss: 0.887811
Train Epoch: 1 [44800/50000 (90%)]	Loss: 1.136785
Train Epoch: 1 [48000/50000 (96%)]	Loss: 0.930199

Test set: Average loss: 0.0011, Accuracy: 6157/10000 (62%)

Train Epoch: 2 [0/50000 (0%)]	Loss: 1.094152
Train Epoch: 2 [3200/50000 (6%)]	Loss: 0.893747
Train Epoch: 2 [6400/50000 (13%)]	Loss: 1.177266
Train Epoch: 2 [9600/50000 (19%)]	Loss: 0.948566
Train Epoch: 2 [12800/50000 (26%)]	Loss: 0.912320
Train Epoch: 2 [16000/50000 (32%)]	Loss: 1.152791
Train Epoch: 2 [19200/50000 (38%)]	Loss: 0.953947
Train Epoch: 2 [22400/50000 (45%)]	Loss: 0.815169
Train Epoch: 2 [25600/50000 (51%)]	Loss: 0.745812
Train Epoch: 2 [28800/50000 (58%)]	Loss: 1.209035
Train Epoch: 2 [32000/50000 (64%)]	Loss: 0.736806
Train Epoch: 2 [35200/50000 (70%)]	Loss: 0.917174
Train Epoch: 2 [38400/50000 (77%)]	Loss: 0.813187
Train Epoch: 2 [41600/50000 (83%)]	Loss: 1.013927
Train Epoch: 2 [44800/50000 (90%)]	Loss: 0.899906
Train Epoch: 2 [48000/50000 (96%)]	Loss: 0.600299

Test set: Average loss: 0.0008, Accuracy: 7263/10000 (73%)

Train Epoch: 3 [0/50000 (0%)]	Loss: 0.763659
Train Epoch: 3 [3200/50000 (6%)]	Loss: 0.698022
Train Epoch: 3 [6400/50000 (13%)]	Loss: 0.909847
Train Epoch: 3 [9600/50000 (19%)]	Loss: 0.745068
Train Epoch: 3 [12800/50000 (26%)]	Loss: 0.964494
Train Epoch: 3 [16000/50000 (32%)]	Loss: 0.816237
Train Epoch: 3 [19200/50000 (38%)]	Loss: 0.557598
Train Epoch: 3 [22400/50000 (45%)]	Loss: 0.775451
Train Epoch: 3 [25600/50000 (51%)]	Loss: 0.553332
Train Epoch: 3 [28800/50000 (58%)]	Loss: 0.697421
Train Epoch: 3 [32000/50000 (64%)]	Loss: 0.789486
Train Epoch: 3 [35200/50000 (70%)]	Loss: 0.472075
Train Epoch: 3 [38400/50000 (77%)]	Loss: 0.658357
Train Epoch: 3 [41600/50000 (83%)]	Loss: 0.536252
Train Epoch: 3 [44800/50000 (90%)]	Loss: 0.876363
Train Epoch: 3 [48000/50000 (96%)]	Loss: 0.661609

Test set: Average loss: 0.0007, Accuracy: 7553/10000 (76%)

Train Epoch: 4 [0/50000 (0%)]	Loss: 0.768445
Train Epoch: 4 [3200/50000 (6%)]	Loss: 0.591980
Train Epoch: 4 [6400/50000 (13%)]	Loss: 0.608682
Train Epoch: 4 [9600/50000 (19%)]	Loss: 0.572716
Train Epoch: 4 [12800/50000 (26%)]	Loss: 0.749992
Train Epoch: 4 [16000/50000 (32%)]	Loss: 0.467750
Train Epoch: 4 [19200/50000 (38%)]	Loss: 0.453296
Train Epoch: 4 [22400/50000 (45%)]	Loss: 0.418460
Train Epoch: 4 [25600/50000 (51%)]	Loss: 0.504116
Train Epoch: 4 [28800/50000 (58%)]	Loss: 0.658806
Train Epoch: 4 [32000/50000 (64%)]	Loss: 0.671412
Train Epoch: 4 [35200/50000 (70%)]	Loss: 0.566333
Train Epoch: 4 [38400/50000 (77%)]	Loss: 0.578170
Train Epoch: 4 [41600/50000 (83%)]	Loss: 0.688890
Train Epoch: 4 [44800/50000 (90%)]	Loss: 0.614066
Train Epoch: 4 [48000/50000 (96%)]	Loss: 0.680577

Test set: Average loss: 0.0006, Accuracy: 7927/10000 (79%)

Train Epoch: 5 [0/50000 (0%)]	Loss: 0.478052
Train Epoch: 5 [3200/50000 (6%)]	Loss: 0.566592
Train Epoch: 5 [6400/50000 (13%)]	Loss: 0.509190
Train Epoch: 5 [9600/50000 (19%)]	Loss: 0.609720
Train Epoch: 5 [12800/50000 (26%)]	Loss: 0.596632
Train Epoch: 5 [16000/50000 (32%)]	Loss: 0.676466
Train Epoch: 5 [19200/50000 (38%)]	Loss: 0.700215
Train Epoch: 5 [22400/50000 (45%)]	Loss: 0.390948
Train Epoch: 5 [25600/50000 (51%)]	Loss: 0.443000
Train Epoch: 5 [28800/50000 (58%)]	Loss: 0.598027
Train Epoch: 5 [32000/50000 (64%)]	Loss: 0.373746
Train Epoch: 5 [35200/50000 (70%)]	Loss: 0.724310
Train Epoch: 5 [38400/50000 (77%)]	Loss: 0.402192
Train Epoch: 5 [41600/50000 (83%)]	Loss: 0.545477
Train Epoch: 5 [44800/50000 (90%)]	Loss: 0.573868
Train Epoch: 5 [48000/50000 (96%)]	Loss: 0.546146

Test set: Average loss: 0.0005, Accuracy: 8151/10000 (82%)

Train Epoch: 6 [0/50000 (0%)]	Loss: 0.451425
Train Epoch: 6 [3200/50000 (6%)]	Loss: 0.449323
Train Epoch: 6 [6400/50000 (13%)]	Loss: 0.507435
Train Epoch: 6 [9600/50000 (19%)]	Loss: 0.454964
Train Epoch: 6 [12800/50000 (26%)]	Loss: 0.485170
Train Epoch: 6 [16000/50000 (32%)]	Loss: 0.414240
Train Epoch: 6 [19200/50000 (38%)]	Loss: 0.464136
Train Epoch: 6 [22400/50000 (45%)]	Loss: 0.698342
Train Epoch: 6 [25600/50000 (51%)]	Loss: 0.534156
Train Epoch: 6 [28800/50000 (58%)]	Loss: 0.512229
Train Epoch: 6 [32000/50000 (64%)]	Loss: 0.427630
Train Epoch: 6 [35200/50000 (70%)]	Loss: 0.513564
Train Epoch: 6 [38400/50000 (77%)]	Loss: 0.631367
Train Epoch: 6 [41600/50000 (83%)]	Loss: 0.477254
Train Epoch: 6 [44800/50000 (90%)]	Loss: 0.290785
Train Epoch: 6 [48000/50000 (96%)]	Loss: 0.505320

Test set: Average loss: 0.0005, Accuracy: 8283/10000 (83%)

Train Epoch: 7 [0/50000 (0%)]	Loss: 0.283883
Train Epoch: 7 [3200/50000 (6%)]	Loss: 0.539504
Train Epoch: 7 [6400/50000 (13%)]	Loss: 0.384352
Train Epoch: 7 [9600/50000 (19%)]	Loss: 0.419553
Train Epoch: 7 [12800/50000 (26%)]	Loss: 0.286210
Train Epoch: 7 [16000/50000 (32%)]	Loss: 0.360661
Train Epoch: 7 [19200/50000 (38%)]	Loss: 0.396557
Train Epoch: 7 [22400/50000 (45%)]	Loss: 0.526018
Train Epoch: 7 [25600/50000 (51%)]	Loss: 0.381035
Train Epoch: 7 [28800/50000 (58%)]	Loss: 0.468049
Train Epoch: 7 [32000/50000 (64%)]	Loss: 0.282998
Train Epoch: 7 [35200/50000 (70%)]	Loss: 0.357783
Train Epoch: 7 [38400/50000 (77%)]	Loss: 0.458922
Train Epoch: 7 [41600/50000 (83%)]	Loss: 0.485583
Train Epoch: 7 [44800/50000 (90%)]	Loss: 0.504589
Train Epoch: 7 [48000/50000 (96%)]	Loss: 0.268010

Test set: Average loss: 0.0006, Accuracy: 8180/10000 (82%)

Train Epoch: 8 [0/50000 (0%)]	Loss: 0.330915
Train Epoch: 8 [3200/50000 (6%)]	Loss: 0.472113
Train Epoch: 8 [6400/50000 (13%)]	Loss: 0.458308
Train Epoch: 8 [9600/50000 (19%)]	Loss: 0.362405
Train Epoch: 8 [12800/50000 (26%)]	Loss: 0.340472
Train Epoch: 8 [16000/50000 (32%)]	Loss: 0.316812
Train Epoch: 8 [19200/50000 (38%)]	Loss: 0.431678
Train Epoch: 8 [22400/50000 (45%)]	Loss: 0.573214
Train Epoch: 8 [25600/50000 (51%)]	Loss: 0.294726
Train Epoch: 8 [28800/50000 (58%)]	Loss: 0.313318
Train Epoch: 8 [32000/50000 (64%)]	Loss: 0.326367
Train Epoch: 8 [35200/50000 (70%)]	Loss: 0.299702
Train Epoch: 8 [38400/50000 (77%)]	Loss: 0.388070
Train Epoch: 8 [41600/50000 (83%)]	Loss: 0.381183
Train Epoch: 8 [44800/50000 (90%)]	Loss: 0.333410
Train Epoch: 8 [48000/50000 (96%)]	Loss: 0.344084

Test set: Average loss: 0.0005, Accuracy: 8323/10000 (83%)

Train Epoch: 9 [0/50000 (0%)]	Loss: 0.355862
Train Epoch: 9 [3200/50000 (6%)]	Loss: 0.361558
Train Epoch: 9 [6400/50000 (13%)]	Loss: 0.474464
Train Epoch: 9 [9600/50000 (19%)]	Loss: 0.335433
Train Epoch: 9 [12800/50000 (26%)]	Loss: 0.467613
Train Epoch: 9 [16000/50000 (32%)]	Loss: 0.310936
Train Epoch: 9 [19200/50000 (38%)]	Loss: 0.155927
Train Epoch: 9 [22400/50000 (45%)]	Loss: 0.511423
Train Epoch: 9 [25600/50000 (51%)]	Loss: 0.374540
Train Epoch: 9 [28800/50000 (58%)]	Loss: 0.356982
Train Epoch: 9 [32000/50000 (64%)]	Loss: 0.321232
Train Epoch: 9 [35200/50000 (70%)]	Loss: 0.334113
Train Epoch: 9 [38400/50000 (77%)]	Loss: 0.675315
Train Epoch: 9 [41600/50000 (83%)]	Loss: 0.337041
Train Epoch: 9 [44800/50000 (90%)]	Loss: 0.327568
Train Epoch: 9 [48000/50000 (96%)]	Loss: 0.250683

Test set: Average loss: 0.0005, Accuracy: 8457/10000 (85%)

Train Epoch: 10 [0/50000 (0%)]	Loss: 0.365813
Train Epoch: 10 [3200/50000 (6%)]	Loss: 0.443702
Train Epoch: 10 [6400/50000 (13%)]	Loss: 0.321733
Train Epoch: 10 [9600/50000 (19%)]	Loss: 0.458239
Train Epoch: 10 [12800/50000 (26%)]	Loss: 0.308783
Train Epoch: 10 [16000/50000 (32%)]	Loss: 0.421133
Train Epoch: 10 [19200/50000 (38%)]	Loss: 0.274150
Train Epoch: 10 [22400/50000 (45%)]	Loss: 0.291825
Train Epoch: 10 [25600/50000 (51%)]	Loss: 0.378280
Train Epoch: 10 [28800/50000 (58%)]	Loss: 0.336931
Train Epoch: 10 [32000/50000 (64%)]	Loss: 0.238635
Train Epoch: 10 [35200/50000 (70%)]	Loss: 0.328527
Train Epoch: 10 [38400/50000 (77%)]	Loss: 0.288969
Train Epoch: 10 [41600/50000 (83%)]	Loss: 0.444728
Train Epoch: 10 [44800/50000 (90%)]	Loss: 0.338193
Train Epoch: 10 [48000/50000 (96%)]	Loss: 0.437978

Test set: Average loss: 0.0005, Accuracy: 8482/10000 (85%)

Train Epoch: 11 [0/50000 (0%)]	Loss: 0.226425
Train Epoch: 11 [3200/50000 (6%)]	Loss: 0.402669
Train Epoch: 11 [6400/50000 (13%)]	Loss: 0.243932
Train Epoch: 11 [9600/50000 (19%)]	Loss: 0.274088
Train Epoch: 11 [12800/50000 (26%)]	Loss: 0.246191
Train Epoch: 11 [16000/50000 (32%)]	Loss: 0.276192
Train Epoch: 11 [19200/50000 (38%)]	Loss: 0.292510
Train Epoch: 11 [22400/50000 (45%)]	Loss: 0.166213
Train Epoch: 11 [25600/50000 (51%)]	Loss: 0.162653
Train Epoch: 11 [28800/50000 (58%)]	Loss: 0.258732
Train Epoch: 11 [32000/50000 (64%)]	Loss: 0.357056
Train Epoch: 11 [35200/50000 (70%)]	Loss: 0.386348
Train Epoch: 11 [38400/50000 (77%)]	Loss: 0.252880
Train Epoch: 11 [41600/50000 (83%)]	Loss: 0.271047
Train Epoch: 11 [44800/50000 (90%)]	Loss: 0.378735
Train Epoch: 11 [48000/50000 (96%)]	Loss: 0.339499

Test set: Average loss: 0.0006, Accuracy: 8231/10000 (82%)

Train Epoch: 12 [0/50000 (0%)]	Loss: 0.368244
Train Epoch: 12 [3200/50000 (6%)]	Loss: 0.184082
Train Epoch: 12 [6400/50000 (13%)]	Loss: 0.295696
Train Epoch: 12 [9600/50000 (19%)]	Loss: 0.411865
Train Epoch: 12 [12800/50000 (26%)]	Loss: 0.523894
Train Epoch: 12 [16000/50000 (32%)]	Loss: 0.304035
Train Epoch: 12 [19200/50000 (38%)]	Loss: 0.113912
Train Epoch: 12 [22400/50000 (45%)]	Loss: 0.500818
Train Epoch: 12 [25600/50000 (51%)]	Loss: 0.285673
Train Epoch: 12 [28800/50000 (58%)]	Loss: 0.195197
Train Epoch: 12 [32000/50000 (64%)]	Loss: 0.150083
Train Epoch: 12 [35200/50000 (70%)]	Loss: 0.248852
Train Epoch: 12 [38400/50000 (77%)]	Loss: 0.347704
Train Epoch: 12 [41600/50000 (83%)]	Loss: 0.341792
Train Epoch: 12 [44800/50000 (90%)]	Loss: 0.503793
Train Epoch: 12 [48000/50000 (96%)]	Loss: 0.192112

Test set: Average loss: 0.0005, Accuracy: 8360/10000 (84%)

Train Epoch: 13 [0/50000 (0%)]	Loss: 0.378156
Train Epoch: 13 [3200/50000 (6%)]	Loss: 0.425802
Train Epoch: 13 [6400/50000 (13%)]	Loss: 0.423689
Train Epoch: 13 [9600/50000 (19%)]	Loss: 0.464436
Train Epoch: 13 [12800/50000 (26%)]	Loss: 0.336612
Train Epoch: 13 [16000/50000 (32%)]	Loss: 0.297909
Train Epoch: 13 [19200/50000 (38%)]	Loss: 0.236425
Train Epoch: 13 [22400/50000 (45%)]	Loss: 0.296886
Train Epoch: 13 [25600/50000 (51%)]	Loss: 0.299602
Train Epoch: 13 [28800/50000 (58%)]	Loss: 0.235180
Train Epoch: 13 [32000/50000 (64%)]	Loss: 0.209869
Train Epoch: 13 [35200/50000 (70%)]	Loss: 0.200742
Train Epoch: 13 [38400/50000 (77%)]	Loss: 0.342713
Train Epoch: 13 [41600/50000 (83%)]	Loss: 0.396761
Train Epoch: 13 [44800/50000 (90%)]	Loss: 0.122746
Train Epoch: 13 [48000/50000 (96%)]	Loss: 0.263432

Test set: Average loss: 0.0004, Accuracy: 8631/10000 (86%)

Train Epoch: 14 [0/50000 (0%)]	Loss: 0.179651
Train Epoch: 14 [3200/50000 (6%)]	Loss: 0.151357
Train Epoch: 14 [6400/50000 (13%)]	Loss: 0.275817
Train Epoch: 14 [9600/50000 (19%)]	Loss: 0.418856
Train Epoch: 14 [12800/50000 (26%)]	Loss: 0.186961
Train Epoch: 14 [16000/50000 (32%)]	Loss: 0.113552
Train Epoch: 14 [19200/50000 (38%)]	Loss: 0.315097
Train Epoch: 14 [22400/50000 (45%)]	Loss: 0.288093
Train Epoch: 14 [25600/50000 (51%)]	Loss: 0.522485
Train Epoch: 14 [28800/50000 (58%)]	Loss: 0.252451
Train Epoch: 14 [32000/50000 (64%)]	Loss: 0.313509
Train Epoch: 14 [35200/50000 (70%)]	Loss: 0.479467
Train Epoch: 14 [38400/50000 (77%)]	Loss: 0.137498
Train Epoch: 14 [41600/50000 (83%)]	Loss: 0.345161
Train Epoch: 14 [44800/50000 (90%)]	Loss: 0.430524
Train Epoch: 14 [48000/50000 (96%)]	Loss: 0.172765

Test set: Average loss: 0.0004, Accuracy: 8618/10000 (86%)

Train Epoch: 15 [0/50000 (0%)]	Loss: 0.139147
Train Epoch: 15 [3200/50000 (6%)]	Loss: 0.152923
Train Epoch: 15 [6400/50000 (13%)]	Loss: 0.217387
Train Epoch: 15 [9600/50000 (19%)]	Loss: 0.355329
Train Epoch: 15 [12800/50000 (26%)]	Loss: 0.269682
Train Epoch: 15 [16000/50000 (32%)]	Loss: 0.193203
Train Epoch: 15 [19200/50000 (38%)]	Loss: 0.158847
Train Epoch: 15 [22400/50000 (45%)]	Loss: 0.134901
Train Epoch: 15 [25600/50000 (51%)]	Loss: 0.224776
Train Epoch: 15 [28800/50000 (58%)]	Loss: 0.260617
Train Epoch: 15 [32000/50000 (64%)]	Loss: 0.241607
Train Epoch: 15 [35200/50000 (70%)]	Loss: 0.192798
Train Epoch: 15 [38400/50000 (77%)]	Loss: 0.251409
Train Epoch: 15 [41600/50000 (83%)]	Loss: 0.289617
Train Epoch: 15 [44800/50000 (90%)]	Loss: 0.340919
Train Epoch: 15 [48000/50000 (96%)]	Loss: 0.322430

Test set: Average loss: 0.0005, Accuracy: 8531/10000 (85%)

Train Epoch: 16 [0/50000 (0%)]	Loss: 0.289928
Train Epoch: 16 [3200/50000 (6%)]	Loss: 0.189204
Train Epoch: 16 [6400/50000 (13%)]	Loss: 0.249176
Train Epoch: 16 [9600/50000 (19%)]	Loss: 0.353072
Train Epoch: 16 [12800/50000 (26%)]	Loss: 0.131260
Train Epoch: 16 [16000/50000 (32%)]	Loss: 0.413932
Train Epoch: 16 [19200/50000 (38%)]	Loss: 0.230469
Train Epoch: 16 [22400/50000 (45%)]	Loss: 0.196312
Train Epoch: 16 [25600/50000 (51%)]	Loss: 0.295749
Train Epoch: 16 [28800/50000 (58%)]	Loss: 0.278437
Train Epoch: 16 [32000/50000 (64%)]	Loss: 0.129808
Train Epoch: 16 [35200/50000 (70%)]	Loss: 0.199195
Train Epoch: 16 [38400/50000 (77%)]	Loss: 0.179167
Train Epoch: 16 [41600/50000 (83%)]	Loss: 0.260044
Train Epoch: 16 [44800/50000 (90%)]	Loss: 0.278534
Train Epoch: 16 [48000/50000 (96%)]	Loss: 0.224895

Test set: Average loss: 0.0004, Accuracy: 8646/10000 (86%)

Train Epoch: 17 [0/50000 (0%)]	Loss: 0.180796
Train Epoch: 17 [3200/50000 (6%)]	Loss: 0.178991
Train Epoch: 17 [6400/50000 (13%)]	Loss: 0.424305
Train Epoch: 17 [9600/50000 (19%)]	Loss: 0.223208
Train Epoch: 17 [12800/50000 (26%)]	Loss: 0.163210
Train Epoch: 17 [16000/50000 (32%)]	Loss: 0.282109
Train Epoch: 17 [19200/50000 (38%)]	Loss: 0.138653
Train Epoch: 17 [22400/50000 (45%)]	Loss: 0.137482
Train Epoch: 17 [25600/50000 (51%)]	Loss: 0.291544
Train Epoch: 17 [28800/50000 (58%)]	Loss: 0.318615
Train Epoch: 17 [32000/50000 (64%)]	Loss: 0.275953
Train Epoch: 17 [35200/50000 (70%)]	Loss: 0.254279
Train Epoch: 17 [38400/50000 (77%)]	Loss: 0.254550
Train Epoch: 17 [41600/50000 (83%)]	Loss: 0.293644
Train Epoch: 17 [44800/50000 (90%)]	Loss: 0.339468
Train Epoch: 17 [48000/50000 (96%)]	Loss: 0.300958

Test set: Average loss: 0.0004, Accuracy: 8780/10000 (88%)

Train Epoch: 18 [0/50000 (0%)]	Loss: 0.160281
Train Epoch: 18 [3200/50000 (6%)]	Loss: 0.122855
Train Epoch: 18 [6400/50000 (13%)]	Loss: 0.110016
Train Epoch: 18 [9600/50000 (19%)]	Loss: 0.338634
Train Epoch: 18 [12800/50000 (26%)]	Loss: 0.193987
Train Epoch: 18 [16000/50000 (32%)]	Loss: 0.282609
Train Epoch: 18 [19200/50000 (38%)]	Loss: 0.130390
Train Epoch: 18 [22400/50000 (45%)]	Loss: 0.136968
Train Epoch: 18 [25600/50000 (51%)]	Loss: 0.164468
Train Epoch: 18 [28800/50000 (58%)]	Loss: 0.170370
Train Epoch: 18 [32000/50000 (64%)]	Loss: 0.188913
Train Epoch: 18 [35200/50000 (70%)]	Loss: 0.140267
Train Epoch: 18 [38400/50000 (77%)]	Loss: 0.248163
Train Epoch: 18 [41600/50000 (83%)]	Loss: 0.095109
Train Epoch: 18 [44800/50000 (90%)]	Loss: 0.330973
Train Epoch: 18 [48000/50000 (96%)]	Loss: 0.308464

Test set: Average loss: 0.0004, Accuracy: 8777/10000 (88%)

Train Epoch: 19 [0/50000 (0%)]	Loss: 0.217704
Train Epoch: 19 [3200/50000 (6%)]	Loss: 0.246480
Train Epoch: 19 [6400/50000 (13%)]	Loss: 0.204003
Train Epoch: 19 [9600/50000 (19%)]	Loss: 0.144387
Train Epoch: 19 [12800/50000 (26%)]	Loss: 0.225615
Train Epoch: 19 [16000/50000 (32%)]	Loss: 0.107507
Train Epoch: 19 [19200/50000 (38%)]	Loss: 0.278210
Train Epoch: 19 [22400/50000 (45%)]	Loss: 0.156753
Train Epoch: 19 [25600/50000 (51%)]	Loss: 0.198382
Train Epoch: 19 [28800/50000 (58%)]	Loss: 0.263552
Train Epoch: 19 [32000/50000 (64%)]	Loss: 0.158445
Train Epoch: 19 [35200/50000 (70%)]	Loss: 0.432969
Train Epoch: 19 [38400/50000 (77%)]	Loss: 0.095818
Train Epoch: 19 [41600/50000 (83%)]	Loss: 0.267808
Train Epoch: 19 [44800/50000 (90%)]	Loss: 0.198416
Train Epoch: 19 [48000/50000 (96%)]	Loss: 0.407338

Test set: Average loss: 0.0004, Accuracy: 8772/10000 (88%)

Train Epoch: 20 [0/50000 (0%)]	Loss: 0.107211
Train Epoch: 20 [3200/50000 (6%)]	Loss: 0.207811
Train Epoch: 20 [6400/50000 (13%)]	Loss: 0.316606
Train Epoch: 20 [9600/50000 (19%)]	Loss: 0.151278
Train Epoch: 20 [12800/50000 (26%)]	Loss: 0.307546
Train Epoch: 20 [16000/50000 (32%)]	Loss: 0.178547
Train Epoch: 20 [19200/50000 (38%)]	Loss: 0.376254
Train Epoch: 20 [22400/50000 (45%)]	Loss: 0.236227
Train Epoch: 20 [25600/50000 (51%)]	Loss: 0.146550
Train Epoch: 20 [28800/50000 (58%)]	Loss: 0.244602
Train Epoch: 20 [32000/50000 (64%)]	Loss: 0.130009
Train Epoch: 20 [35200/50000 (70%)]	Loss: 0.267948
Train Epoch: 20 [38400/50000 (77%)]	Loss: 0.249515
Train Epoch: 20 [41600/50000 (83%)]	Loss: 0.112272
Train Epoch: 20 [44800/50000 (90%)]	Loss: 0.153078
Train Epoch: 20 [48000/50000 (96%)]	Loss: 0.139340

Test set: Average loss: 0.0004, Accuracy: 8843/10000 (88%)

Train Epoch: 21 [0/50000 (0%)]	Loss: 0.070312
Train Epoch: 21 [3200/50000 (6%)]	Loss: 0.283147
Train Epoch: 21 [6400/50000 (13%)]	Loss: 0.229786
Train Epoch: 21 [9600/50000 (19%)]	Loss: 0.114087
Train Epoch: 21 [12800/50000 (26%)]	Loss: 0.266191
Train Epoch: 21 [16000/50000 (32%)]	Loss: 0.144268
Train Epoch: 21 [19200/50000 (38%)]	Loss: 0.269767
Train Epoch: 21 [22400/50000 (45%)]	Loss: 0.246815
Train Epoch: 21 [25600/50000 (51%)]	Loss: 0.254396
Train Epoch: 21 [28800/50000 (58%)]	Loss: 0.162862
Train Epoch: 21 [32000/50000 (64%)]	Loss: 0.067073
Train Epoch: 21 [35200/50000 (70%)]	Loss: 0.201255
Train Epoch: 21 [38400/50000 (77%)]	Loss: 0.122358
Train Epoch: 21 [41600/50000 (83%)]	Loss: 0.188598
Train Epoch: 21 [44800/50000 (90%)]	Loss: 0.156287
Train Epoch: 21 [48000/50000 (96%)]	Loss: 0.260252

Test set: Average loss: 0.0004, Accuracy: 8807/10000 (88%)

Train Epoch: 22 [0/50000 (0%)]	Loss: 0.113326
Train Epoch: 22 [3200/50000 (6%)]	Loss: 0.173320
Train Epoch: 22 [6400/50000 (13%)]	Loss: 0.139817
Train Epoch: 22 [9600/50000 (19%)]	Loss: 0.132834
Train Epoch: 22 [12800/50000 (26%)]	Loss: 0.178464
Train Epoch: 22 [16000/50000 (32%)]	Loss: 0.197129
Train Epoch: 22 [19200/50000 (38%)]	Loss: 0.273831
Train Epoch: 22 [22400/50000 (45%)]	Loss: 0.164707
Train Epoch: 22 [25600/50000 (51%)]	Loss: 0.207461
Train Epoch: 22 [28800/50000 (58%)]	Loss: 0.233467
Train Epoch: 22 [32000/50000 (64%)]	Loss: 0.253907
Train Epoch: 22 [35200/50000 (70%)]	Loss: 0.199238
Train Epoch: 22 [38400/50000 (77%)]	Loss: 0.227198
Train Epoch: 22 [41600/50000 (83%)]	Loss: 0.234877
Train Epoch: 22 [44800/50000 (90%)]	Loss: 0.279160
Train Epoch: 22 [48000/50000 (96%)]	Loss: 0.154624

Test set: Average loss: 0.0004, Accuracy: 8695/10000 (87%)

Train Epoch: 23 [0/50000 (0%)]	Loss: 0.236428
Train Epoch: 23 [3200/50000 (6%)]	Loss: 0.218482
Train Epoch: 23 [6400/50000 (13%)]	Loss: 0.221938
Train Epoch: 23 [9600/50000 (19%)]	Loss: 0.103273
Train Epoch: 23 [12800/50000 (26%)]	Loss: 0.129887
Train Epoch: 23 [16000/50000 (32%)]	Loss: 0.228086
Train Epoch: 23 [19200/50000 (38%)]	Loss: 0.157463
Train Epoch: 23 [22400/50000 (45%)]	Loss: 0.172926
Train Epoch: 23 [25600/50000 (51%)]	Loss: 0.110263
Train Epoch: 23 [28800/50000 (58%)]	Loss: 0.164884
Train Epoch: 23 [32000/50000 (64%)]	Loss: 0.232582
Train Epoch: 23 [35200/50000 (70%)]	Loss: 0.179153
Train Epoch: 23 [38400/50000 (77%)]	Loss: 0.272088
Train Epoch: 23 [41600/50000 (83%)]	Loss: 0.217593
Train Epoch: 23 [44800/50000 (90%)]	Loss: 0.124830
Train Epoch: 23 [48000/50000 (96%)]	Loss: 0.179509

Test set: Average loss: 0.0004, Accuracy: 8860/10000 (89%)

Train Epoch: 24 [0/50000 (0%)]	Loss: 0.133570
Train Epoch: 24 [3200/50000 (6%)]	Loss: 0.199108
Train Epoch: 24 [6400/50000 (13%)]	Loss: 0.092325
Train Epoch: 24 [9600/50000 (19%)]	Loss: 0.055460
Train Epoch: 24 [12800/50000 (26%)]	Loss: 0.094786
Train Epoch: 24 [16000/50000 (32%)]	Loss: 0.129034
Train Epoch: 24 [19200/50000 (38%)]	Loss: 0.216920
Train Epoch: 24 [22400/50000 (45%)]	Loss: 0.052570
Train Epoch: 24 [25600/50000 (51%)]	Loss: 0.183648
Train Epoch: 24 [28800/50000 (58%)]	Loss: 0.240990
Train Epoch: 24 [32000/50000 (64%)]	Loss: 0.075738
Train Epoch: 24 [35200/50000 (70%)]	Loss: 0.168938
Train Epoch: 24 [38400/50000 (77%)]	Loss: 0.223582
Train Epoch: 24 [41600/50000 (83%)]	Loss: 0.313659
Train Epoch: 24 [44800/50000 (90%)]	Loss: 0.166739
Train Epoch: 24 [48000/50000 (96%)]	Loss: 0.135396

Test set: Average loss: 0.0004, Accuracy: 8836/10000 (88%)

Train Epoch: 25 [0/50000 (0%)]	Loss: 0.112167
Train Epoch: 25 [3200/50000 (6%)]	Loss: 0.237247
Train Epoch: 25 [6400/50000 (13%)]	Loss: 0.154254
Train Epoch: 25 [9600/50000 (19%)]	Loss: 0.201111
Train Epoch: 25 [12800/50000 (26%)]	Loss: 0.187867
Train Epoch: 25 [16000/50000 (32%)]	Loss: 0.199947
Train Epoch: 25 [19200/50000 (38%)]	Loss: 0.160944
Train Epoch: 25 [22400/50000 (45%)]	Loss: 0.107861
Train Epoch: 25 [25600/50000 (51%)]	Loss: 0.102779
Train Epoch: 25 [28800/50000 (58%)]	Loss: 0.090979
Train Epoch: 25 [32000/50000 (64%)]	Loss: 0.153379
Train Epoch: 25 [35200/50000 (70%)]	Loss: 0.244209
Train Epoch: 25 [38400/50000 (77%)]	Loss: 0.211738
Train Epoch: 25 [41600/50000 (83%)]	Loss: 0.321311
Train Epoch: 25 [44800/50000 (90%)]	Loss: 0.150674
Train Epoch: 25 [48000/50000 (96%)]	Loss: 0.180818

Test set: Average loss: 0.0004, Accuracy: 8832/10000 (88%)

Train Epoch: 26 [0/50000 (0%)]	Loss: 0.095470
Train Epoch: 26 [3200/50000 (6%)]	Loss: 0.107112
Train Epoch: 26 [6400/50000 (13%)]	Loss: 0.075436
Train Epoch: 26 [9600/50000 (19%)]	Loss: 0.167151
Train Epoch: 26 [12800/50000 (26%)]	Loss: 0.303121
Train Epoch: 26 [16000/50000 (32%)]	Loss: 0.412368
Train Epoch: 26 [19200/50000 (38%)]	Loss: 0.098513
Train Epoch: 26 [22400/50000 (45%)]	Loss: 0.193762
Train Epoch: 26 [25600/50000 (51%)]	Loss: 0.094425
Train Epoch: 26 [28800/50000 (58%)]	Loss: 0.219057
Train Epoch: 26 [32000/50000 (64%)]	Loss: 0.113858
Train Epoch: 26 [35200/50000 (70%)]	Loss: 0.086500
Train Epoch: 26 [38400/50000 (77%)]	Loss: 0.092846
Train Epoch: 26 [41600/50000 (83%)]	Loss: 0.120374
Train Epoch: 26 [44800/50000 (90%)]	Loss: 0.099908
Train Epoch: 26 [48000/50000 (96%)]	Loss: 0.188685

Test set: Average loss: 0.0004, Accuracy: 8861/10000 (89%)

Train Epoch: 27 [0/50000 (0%)]	Loss: 0.115536
Train Epoch: 27 [3200/50000 (6%)]	Loss: 0.241688
Train Epoch: 27 [6400/50000 (13%)]	Loss: 0.203836
Train Epoch: 27 [9600/50000 (19%)]	Loss: 0.065578
Train Epoch: 27 [12800/50000 (26%)]	Loss: 0.108535
Train Epoch: 27 [16000/50000 (32%)]	Loss: 0.135584
Train Epoch: 27 [19200/50000 (38%)]	Loss: 0.081078
Train Epoch: 27 [22400/50000 (45%)]	Loss: 0.185265
Train Epoch: 27 [25600/50000 (51%)]	Loss: 0.259994
Train Epoch: 27 [28800/50000 (58%)]	Loss: 0.115201
Train Epoch: 27 [32000/50000 (64%)]	Loss: 0.157424
Train Epoch: 27 [35200/50000 (70%)]	Loss: 0.157275
Train Epoch: 27 [38400/50000 (77%)]	Loss: 0.175534
Train Epoch: 27 [41600/50000 (83%)]	Loss: 0.101430
Train Epoch: 27 [44800/50000 (90%)]	Loss: 0.150021
Train Epoch: 27 [48000/50000 (96%)]	Loss: 0.121217

Test set: Average loss: 0.0005, Accuracy: 8549/10000 (85%)

Train Epoch: 28 [0/50000 (0%)]	Loss: 0.040670
Train Epoch: 28 [3200/50000 (6%)]	Loss: 0.186775
Train Epoch: 28 [6400/50000 (13%)]	Loss: 0.340778
Train Epoch: 28 [9600/50000 (19%)]	Loss: 0.087879
Train Epoch: 28 [12800/50000 (26%)]	Loss: 0.194694
Train Epoch: 28 [16000/50000 (32%)]	Loss: 0.211206
Train Epoch: 28 [19200/50000 (38%)]	Loss: 0.045317
Train Epoch: 28 [22400/50000 (45%)]	Loss: 0.163475
Train Epoch: 28 [25600/50000 (51%)]	Loss: 0.088139
Train Epoch: 28 [28800/50000 (58%)]	Loss: 0.170988
Train Epoch: 28 [32000/50000 (64%)]	Loss: 0.274326
Train Epoch: 28 [35200/50000 (70%)]	Loss: 0.124200
Train Epoch: 28 [38400/50000 (77%)]	Loss: 0.220203
Train Epoch: 28 [41600/50000 (83%)]	Loss: 0.083224
Train Epoch: 28 [44800/50000 (90%)]	Loss: 0.075322
Train Epoch: 28 [48000/50000 (96%)]	Loss: 0.128731

Test set: Average loss: 0.0004, Accuracy: 8966/10000 (90%)

Train Epoch: 29 [0/50000 (0%)]	Loss: 0.073395
Train Epoch: 29 [3200/50000 (6%)]	Loss: 0.117600
Train Epoch: 29 [6400/50000 (13%)]	Loss: 0.204367
Train Epoch: 29 [9600/50000 (19%)]	Loss: 0.106303
Train Epoch: 29 [12800/50000 (26%)]	Loss: 0.013427
Train Epoch: 29 [16000/50000 (32%)]	Loss: 0.179043
Train Epoch: 29 [19200/50000 (38%)]	Loss: 0.118927
Train Epoch: 29 [22400/50000 (45%)]	Loss: 0.256337
Train Epoch: 29 [25600/50000 (51%)]	Loss: 0.063116
Train Epoch: 29 [28800/50000 (58%)]	Loss: 0.203467
Train Epoch: 29 [32000/50000 (64%)]	Loss: 0.132037
Train Epoch: 29 [35200/50000 (70%)]	Loss: 0.178222
Train Epoch: 29 [38400/50000 (77%)]	Loss: 0.108902
Train Epoch: 29 [41600/50000 (83%)]	Loss: 0.124861
Train Epoch: 29 [44800/50000 (90%)]	Loss: 0.064905
Train Epoch: 29 [48000/50000 (96%)]	Loss: 0.161264

Test set: Average loss: 0.0004, Accuracy: 8982/10000 (90%)

Train Epoch: 30 [0/50000 (0%)]	Loss: 0.175427
Train Epoch: 30 [3200/50000 (6%)]	Loss: 0.172339
Train Epoch: 30 [6400/50000 (13%)]	Loss: 0.189684
Train Epoch: 30 [9600/50000 (19%)]	Loss: 0.076623
Train Epoch: 30 [12800/50000 (26%)]	Loss: 0.119672
Train Epoch: 30 [16000/50000 (32%)]	Loss: 0.270965
Train Epoch: 30 [19200/50000 (38%)]	Loss: 0.078771
Train Epoch: 30 [22400/50000 (45%)]	Loss: 0.059111
Train Epoch: 30 [25600/50000 (51%)]	Loss: 0.118464
Train Epoch: 30 [28800/50000 (58%)]	Loss: 0.023563
Train Epoch: 30 [32000/50000 (64%)]	Loss: 0.343702
Train Epoch: 30 [35200/50000 (70%)]	Loss: 0.066242
Train Epoch: 30 [38400/50000 (77%)]	Loss: 0.404774
Train Epoch: 30 [41600/50000 (83%)]	Loss: 0.149884
Train Epoch: 30 [44800/50000 (90%)]	Loss: 0.097498
Train Epoch: 30 [48000/50000 (96%)]	Loss: 0.198086

Test set: Average loss: 0.0004, Accuracy: 8944/10000 (89%)

Train Epoch: 31 [0/50000 (0%)]	Loss: 0.148862
Train Epoch: 31 [3200/50000 (6%)]	Loss: 0.108830
Train Epoch: 31 [6400/50000 (13%)]	Loss: 0.230962
Train Epoch: 31 [9600/50000 (19%)]	Loss: 0.164162
Train Epoch: 31 [12800/50000 (26%)]	Loss: 0.065517
Train Epoch: 31 [16000/50000 (32%)]	Loss: 0.077244
Train Epoch: 31 [19200/50000 (38%)]	Loss: 0.080218
Train Epoch: 31 [22400/50000 (45%)]	Loss: 0.169786
Train Epoch: 31 [25600/50000 (51%)]	Loss: 0.078389
Train Epoch: 31 [28800/50000 (58%)]	Loss: 0.161133
Train Epoch: 31 [32000/50000 (64%)]	Loss: 0.177501
Train Epoch: 31 [35200/50000 (70%)]	Loss: 0.118978
Train Epoch: 31 [38400/50000 (77%)]	Loss: 0.147294
Train Epoch: 31 [41600/50000 (83%)]	Loss: 0.071011
Train Epoch: 31 [44800/50000 (90%)]	Loss: 0.187255
Train Epoch: 31 [48000/50000 (96%)]	Loss: 0.171811

Test set: Average loss: 0.0004, Accuracy: 8895/10000 (89%)

Train Epoch: 32 [0/50000 (0%)]	Loss: 0.156237
Train Epoch: 32 [3200/50000 (6%)]	Loss: 0.071452
Train Epoch: 32 [6400/50000 (13%)]	Loss: 0.131558
Train Epoch: 32 [9600/50000 (19%)]	Loss: 0.078971
Train Epoch: 32 [12800/50000 (26%)]	Loss: 0.095176
Train Epoch: 32 [16000/50000 (32%)]	Loss: 0.192120
Train Epoch: 32 [19200/50000 (38%)]	Loss: 0.191433
Train Epoch: 32 [22400/50000 (45%)]	Loss: 0.065173
Train Epoch: 32 [25600/50000 (51%)]	Loss: 0.142760
Train Epoch: 32 [28800/50000 (58%)]	Loss: 0.138877
Train Epoch: 32 [32000/50000 (64%)]	Loss: 0.123083
Train Epoch: 32 [35200/50000 (70%)]	Loss: 0.100827
Train Epoch: 32 [38400/50000 (77%)]	Loss: 0.206972
Train Epoch: 32 [41600/50000 (83%)]	Loss: 0.047835
Train Epoch: 32 [44800/50000 (90%)]	Loss: 0.361502
Train Epoch: 32 [48000/50000 (96%)]	Loss: 0.052155

Test set: Average loss: 0.0004, Accuracy: 8869/10000 (89%)

Train Epoch: 33 [0/50000 (0%)]	Loss: 0.072754
Train Epoch: 33 [3200/50000 (6%)]	Loss: 0.241296
Train Epoch: 33 [6400/50000 (13%)]	Loss: 0.061587
Train Epoch: 33 [9600/50000 (19%)]	Loss: 0.097265
Train Epoch: 33 [12800/50000 (26%)]	Loss: 0.061310
Train Epoch: 33 [16000/50000 (32%)]	Loss: 0.178758
Train Epoch: 33 [19200/50000 (38%)]	Loss: 0.148420
Train Epoch: 33 [22400/50000 (45%)]	Loss: 0.086104
Train Epoch: 33 [25600/50000 (51%)]	Loss: 0.156364
Train Epoch: 33 [28800/50000 (58%)]	Loss: 0.140280
Train Epoch: 33 [32000/50000 (64%)]	Loss: 0.135980
Train Epoch: 33 [35200/50000 (70%)]	Loss: 0.058751
Train Epoch: 33 [38400/50000 (77%)]	Loss: 0.138956
Train Epoch: 33 [41600/50000 (83%)]	Loss: 0.198493
Train Epoch: 33 [44800/50000 (90%)]	Loss: 0.141380
Train Epoch: 33 [48000/50000 (96%)]	Loss: 0.201476

Test set: Average loss: 0.0005, Accuracy: 8707/10000 (87%)

Train Epoch: 34 [0/50000 (0%)]	Loss: 0.085604
Train Epoch: 34 [3200/50000 (6%)]	Loss: 0.028640
Train Epoch: 34 [6400/50000 (13%)]	Loss: 0.102904
Train Epoch: 34 [9600/50000 (19%)]	Loss: 0.183051
Train Epoch: 34 [12800/50000 (26%)]	Loss: 0.157590
Train Epoch: 34 [16000/50000 (32%)]	Loss: 0.061541
Train Epoch: 34 [19200/50000 (38%)]	Loss: 0.126079
Train Epoch: 34 [22400/50000 (45%)]	Loss: 0.147732
Train Epoch: 34 [25600/50000 (51%)]	Loss: 0.071482
Train Epoch: 34 [28800/50000 (58%)]	Loss: 0.240826
Train Epoch: 34 [32000/50000 (64%)]	Loss: 0.117880
Train Epoch: 34 [35200/50000 (70%)]	Loss: 0.037011
Train Epoch: 34 [38400/50000 (77%)]	Loss: 0.122723
Train Epoch: 34 [41600/50000 (83%)]	Loss: 0.146779
Train Epoch: 34 [44800/50000 (90%)]	Loss: 0.085446
Train Epoch: 34 [48000/50000 (96%)]	Loss: 0.132761

Test set: Average loss: 0.0005, Accuracy: 8804/10000 (88%)

Train Epoch: 35 [0/50000 (0%)]	Loss: 0.092954
Train Epoch: 35 [3200/50000 (6%)]	Loss: 0.150122
Train Epoch: 35 [6400/50000 (13%)]	Loss: 0.087930
Train Epoch: 35 [9600/50000 (19%)]	Loss: 0.016127
Train Epoch: 35 [12800/50000 (26%)]	Loss: 0.235658
Train Epoch: 35 [16000/50000 (32%)]	Loss: 0.166889
Train Epoch: 35 [19200/50000 (38%)]	Loss: 0.234726
Train Epoch: 35 [22400/50000 (45%)]	Loss: 0.112695
Train Epoch: 35 [25600/50000 (51%)]	Loss: 0.084433
Train Epoch: 35 [28800/50000 (58%)]	Loss: 0.045312
Train Epoch: 35 [32000/50000 (64%)]	Loss: 0.203649
Train Epoch: 35 [35200/50000 (70%)]	Loss: 0.138742
Train Epoch: 35 [38400/50000 (77%)]	Loss: 0.050994
Train Epoch: 35 [41600/50000 (83%)]	Loss: 0.063562
Train Epoch: 35 [44800/50000 (90%)]	Loss: 0.088671
Train Epoch: 35 [48000/50000 (96%)]	Loss: 0.077652

Test set: Average loss: 0.0004, Accuracy: 8958/10000 (90%)

Train Epoch: 36 [0/50000 (0%)]	Loss: 0.119769
Train Epoch: 36 [3200/50000 (6%)]	Loss: 0.087814
Train Epoch: 36 [6400/50000 (13%)]	Loss: 0.039805
Train Epoch: 36 [9600/50000 (19%)]	Loss: 0.135790
Train Epoch: 36 [12800/50000 (26%)]	Loss: 0.059923
Train Epoch: 36 [16000/50000 (32%)]	Loss: 0.059047
Train Epoch: 36 [19200/50000 (38%)]	Loss: 0.130366
Train Epoch: 36 [22400/50000 (45%)]	Loss: 0.076821
Train Epoch: 36 [25600/50000 (51%)]	Loss: 0.262734
Train Epoch: 36 [28800/50000 (58%)]	Loss: 0.071112
Train Epoch: 36 [32000/50000 (64%)]	Loss: 0.285784
Train Epoch: 36 [35200/50000 (70%)]	Loss: 0.237460
Train Epoch: 36 [38400/50000 (77%)]	Loss: 0.127752
Train Epoch: 36 [41600/50000 (83%)]	Loss: 0.155586
Train Epoch: 36 [44800/50000 (90%)]	Loss: 0.110381
Train Epoch: 36 [48000/50000 (96%)]	Loss: 0.065748

Test set: Average loss: 0.0004, Accuracy: 8958/10000 (90%)

Train Epoch: 37 [0/50000 (0%)]	Loss: 0.164081
Train Epoch: 37 [3200/50000 (6%)]	Loss: 0.163657
Train Epoch: 37 [6400/50000 (13%)]	Loss: 0.108744
Train Epoch: 37 [9600/50000 (19%)]	Loss: 0.066253
Train Epoch: 37 [12800/50000 (26%)]	Loss: 0.079974
Train Epoch: 37 [16000/50000 (32%)]	Loss: 0.071362
Train Epoch: 37 [19200/50000 (38%)]	Loss: 0.074736
Train Epoch: 37 [22400/50000 (45%)]	Loss: 0.336529
Train Epoch: 37 [25600/50000 (51%)]	Loss: 0.193645
Train Epoch: 37 [28800/50000 (58%)]	Loss: 0.136522
Train Epoch: 37 [32000/50000 (64%)]	Loss: 0.090187
Train Epoch: 37 [35200/50000 (70%)]	Loss: 0.114687
Train Epoch: 37 [38400/50000 (77%)]	Loss: 0.079381
Train Epoch: 37 [41600/50000 (83%)]	Loss: 0.207265
Train Epoch: 37 [44800/50000 (90%)]	Loss: 0.109545
Train Epoch: 37 [48000/50000 (96%)]	Loss: 0.072087

Test set: Average loss: 0.0004, Accuracy: 9023/10000 (90%)

Train Epoch: 38 [0/50000 (0%)]	Loss: 0.035921
Train Epoch: 38 [3200/50000 (6%)]	Loss: 0.076600
Train Epoch: 38 [6400/50000 (13%)]	Loss: 0.073293
Train Epoch: 38 [9600/50000 (19%)]	Loss: 0.041082
Train Epoch: 38 [12800/50000 (26%)]	Loss: 0.085265
Train Epoch: 38 [16000/50000 (32%)]	Loss: 0.168502
Train Epoch: 38 [19200/50000 (38%)]	Loss: 0.077944
Train Epoch: 38 [22400/50000 (45%)]	Loss: 0.139046
Train Epoch: 38 [25600/50000 (51%)]	Loss: 0.070138
Train Epoch: 38 [28800/50000 (58%)]	Loss: 0.045794
Train Epoch: 38 [32000/50000 (64%)]	Loss: 0.050733
Train Epoch: 38 [35200/50000 (70%)]	Loss: 0.181580
Train Epoch: 38 [38400/50000 (77%)]	Loss: 0.157401
Train Epoch: 38 [41600/50000 (83%)]	Loss: 0.064158
Train Epoch: 38 [44800/50000 (90%)]	Loss: 0.185001
Train Epoch: 38 [48000/50000 (96%)]	Loss: 0.123284

Test set: Average loss: 0.0004, Accuracy: 8919/10000 (89%)

Train Epoch: 39 [0/50000 (0%)]	Loss: 0.112645
Train Epoch: 39 [3200/50000 (6%)]	Loss: 0.064198
Train Epoch: 39 [6400/50000 (13%)]	Loss: 0.087055
Train Epoch: 39 [9600/50000 (19%)]	Loss: 0.075407
Train Epoch: 39 [12800/50000 (26%)]	Loss: 0.087205
Train Epoch: 39 [16000/50000 (32%)]	Loss: 0.092805
Train Epoch: 39 [19200/50000 (38%)]	Loss: 0.137405
Train Epoch: 39 [22400/50000 (45%)]	Loss: 0.033174
Train Epoch: 39 [25600/50000 (51%)]	Loss: 0.227419
Train Epoch: 39 [28800/50000 (58%)]	Loss: 0.086544
Train Epoch: 39 [32000/50000 (64%)]	Loss: 0.028264
Train Epoch: 39 [35200/50000 (70%)]	Loss: 0.149716
Train Epoch: 39 [38400/50000 (77%)]	Loss: 0.129015
Train Epoch: 39 [41600/50000 (83%)]	Loss: 0.123421
Train Epoch: 39 [44800/50000 (90%)]	Loss: 0.096661
Train Epoch: 39 [48000/50000 (96%)]	Loss: 0.113572

Test set: Average loss: 0.0004, Accuracy: 8948/10000 (89%)

Train Epoch: 40 [0/50000 (0%)]	Loss: 0.076678
Train Epoch: 40 [3200/50000 (6%)]	Loss: 0.082543
Train Epoch: 40 [6400/50000 (13%)]	Loss: 0.018056
Train Epoch: 40 [9600/50000 (19%)]	Loss: 0.043543
Train Epoch: 40 [12800/50000 (26%)]	Loss: 0.193487
Train Epoch: 40 [16000/50000 (32%)]	Loss: 0.126288
Train Epoch: 40 [19200/50000 (38%)]	Loss: 0.036897
Train Epoch: 40 [22400/50000 (45%)]	Loss: 0.132498
Train Epoch: 40 [25600/50000 (51%)]	Loss: 0.060904
Train Epoch: 40 [28800/50000 (58%)]	Loss: 0.048812
Train Epoch: 40 [32000/50000 (64%)]	Loss: 0.099037
Train Epoch: 40 [35200/50000 (70%)]	Loss: 0.048211
Train Epoch: 40 [38400/50000 (77%)]	Loss: 0.078470
Train Epoch: 40 [41600/50000 (83%)]	Loss: 0.139256
Train Epoch: 40 [44800/50000 (90%)]	Loss: 0.121248
Train Epoch: 40 [48000/50000 (96%)]	Loss: 0.041405

Test set: Average loss: 0.0004, Accuracy: 8934/10000 (89%)

Train Epoch: 41 [0/50000 (0%)]	Loss: 0.111616
Train Epoch: 41 [3200/50000 (6%)]	Loss: 0.161934
Train Epoch: 41 [6400/50000 (13%)]	Loss: 0.032596
Train Epoch: 41 [9600/50000 (19%)]	Loss: 0.118514
Train Epoch: 41 [12800/50000 (26%)]	Loss: 0.058568
Train Epoch: 41 [16000/50000 (32%)]	Loss: 0.100507
Train Epoch: 41 [19200/50000 (38%)]	Loss: 0.104827
Train Epoch: 41 [22400/50000 (45%)]	Loss: 0.079140
Train Epoch: 41 [25600/50000 (51%)]	Loss: 0.053752
Train Epoch: 41 [28800/50000 (58%)]	Loss: 0.076025
Train Epoch: 41 [32000/50000 (64%)]	Loss: 0.023085
Train Epoch: 41 [35200/50000 (70%)]	Loss: 0.068700
Train Epoch: 41 [38400/50000 (77%)]	Loss: 0.126837
Train Epoch: 41 [41600/50000 (83%)]	Loss: 0.029760
Train Epoch: 41 [44800/50000 (90%)]	Loss: 0.158350
Train Epoch: 41 [48000/50000 (96%)]	Loss: 0.067914

Test set: Average loss: 0.0004, Accuracy: 8977/10000 (90%)

Train Epoch: 42 [0/50000 (0%)]	Loss: 0.085647
Train Epoch: 42 [3200/50000 (6%)]	Loss: 0.053783
Train Epoch: 42 [6400/50000 (13%)]	Loss: 0.057768
Train Epoch: 42 [9600/50000 (19%)]	Loss: 0.105089
Train Epoch: 42 [12800/50000 (26%)]	Loss: 0.171676
Train Epoch: 42 [16000/50000 (32%)]	Loss: 0.084317
Train Epoch: 42 [19200/50000 (38%)]	Loss: 0.048517
Train Epoch: 42 [22400/50000 (45%)]	Loss: 0.050975
Train Epoch: 42 [25600/50000 (51%)]	Loss: 0.218692
Train Epoch: 42 [28800/50000 (58%)]	Loss: 0.126684
Train Epoch: 42 [32000/50000 (64%)]	Loss: 0.102813
Train Epoch: 42 [35200/50000 (70%)]	Loss: 0.060764
Train Epoch: 42 [38400/50000 (77%)]	Loss: 0.131977
Train Epoch: 42 [41600/50000 (83%)]	Loss: 0.129853
Train Epoch: 42 [44800/50000 (90%)]	Loss: 0.069452
Train Epoch: 42 [48000/50000 (96%)]	Loss: 0.140489

Test set: Average loss: 0.0004, Accuracy: 8993/10000 (90%)

Train Epoch: 43 [0/50000 (0%)]	Loss: 0.077686
Train Epoch: 43 [3200/50000 (6%)]	Loss: 0.149795
Train Epoch: 43 [6400/50000 (13%)]	Loss: 0.069109
Train Epoch: 43 [9600/50000 (19%)]	Loss: 0.025599
Train Epoch: 43 [12800/50000 (26%)]	Loss: 0.024318
Train Epoch: 43 [16000/50000 (32%)]	Loss: 0.090279
Train Epoch: 43 [19200/50000 (38%)]	Loss: 0.024250
Train Epoch: 43 [22400/50000 (45%)]	Loss: 0.156276
Train Epoch: 43 [25600/50000 (51%)]	Loss: 0.035449
Train Epoch: 43 [28800/50000 (58%)]	Loss: 0.331154
Train Epoch: 43 [32000/50000 (64%)]	Loss: 0.029218
Train Epoch: 43 [35200/50000 (70%)]	Loss: 0.042412
Train Epoch: 43 [38400/50000 (77%)]	Loss: 0.165366
Train Epoch: 43 [41600/50000 (83%)]	Loss: 0.016511
Train Epoch: 43 [44800/50000 (90%)]	Loss: 0.130577
Train Epoch: 43 [48000/50000 (96%)]	Loss: 0.130267

Test set: Average loss: 0.0004, Accuracy: 8941/10000 (89%)

Train Epoch: 44 [0/50000 (0%)]	Loss: 0.060508
Train Epoch: 44 [3200/50000 (6%)]	Loss: 0.041604
Train Epoch: 44 [6400/50000 (13%)]	Loss: 0.170619
Train Epoch: 44 [9600/50000 (19%)]	Loss: 0.029502
Train Epoch: 44 [12800/50000 (26%)]	Loss: 0.224851
Train Epoch: 44 [16000/50000 (32%)]	Loss: 0.041043
Train Epoch: 44 [19200/50000 (38%)]	Loss: 0.103824
Train Epoch: 44 [22400/50000 (45%)]	Loss: 0.151284
Train Epoch: 44 [25600/50000 (51%)]	Loss: 0.120282
Train Epoch: 44 [28800/50000 (58%)]	Loss: 0.129383
Train Epoch: 44 [32000/50000 (64%)]	Loss: 0.147848
Train Epoch: 44 [35200/50000 (70%)]	Loss: 0.221509
Train Epoch: 44 [38400/50000 (77%)]	Loss: 0.066238
Train Epoch: 44 [41600/50000 (83%)]	Loss: 0.165838
Train Epoch: 44 [44800/50000 (90%)]	Loss: 0.118606
Train Epoch: 44 [48000/50000 (96%)]	Loss: 0.060249

Test set: Average loss: 0.0006, Accuracy: 8589/10000 (86%)

Train Epoch: 45 [0/50000 (0%)]	Loss: 0.047046
Train Epoch: 45 [3200/50000 (6%)]	Loss: 0.081219
Train Epoch: 45 [6400/50000 (13%)]	Loss: 0.069780
Train Epoch: 45 [9600/50000 (19%)]	Loss: 0.069265
Train Epoch: 45 [12800/50000 (26%)]	Loss: 0.129057
Train Epoch: 45 [16000/50000 (32%)]	Loss: 0.033069
Train Epoch: 45 [19200/50000 (38%)]	Loss: 0.078987
Train Epoch: 45 [22400/50000 (45%)]	Loss: 0.027496
Train Epoch: 45 [25600/50000 (51%)]	Loss: 0.075642
Train Epoch: 45 [28800/50000 (58%)]	Loss: 0.144613
Train Epoch: 45 [32000/50000 (64%)]	Loss: 0.020846
Train Epoch: 45 [35200/50000 (70%)]	Loss: 0.096722
Train Epoch: 45 [38400/50000 (77%)]	Loss: 0.108702
Train Epoch: 45 [41600/50000 (83%)]	Loss: 0.096421
Train Epoch: 45 [44800/50000 (90%)]	Loss: 0.103885
Train Epoch: 45 [48000/50000 (96%)]	Loss: 0.113122

Test set: Average loss: 0.0004, Accuracy: 9033/10000 (90%)

Train Epoch: 46 [0/50000 (0%)]	Loss: 0.085539
Train Epoch: 46 [3200/50000 (6%)]	Loss: 0.072968
Train Epoch: 46 [6400/50000 (13%)]	Loss: 0.091008
Train Epoch: 46 [9600/50000 (19%)]	Loss: 0.165549
Train Epoch: 46 [12800/50000 (26%)]	Loss: 0.092456
Train Epoch: 46 [16000/50000 (32%)]	Loss: 0.086613
Train Epoch: 46 [19200/50000 (38%)]	Loss: 0.048984
Train Epoch: 46 [22400/50000 (45%)]	Loss: 0.056450
Train Epoch: 46 [25600/50000 (51%)]	Loss: 0.184570
Train Epoch: 46 [28800/50000 (58%)]	Loss: 0.136699
Train Epoch: 46 [32000/50000 (64%)]	Loss: 0.066367
Train Epoch: 46 [35200/50000 (70%)]	Loss: 0.106431
Train Epoch: 46 [38400/50000 (77%)]	Loss: 0.090140
Train Epoch: 46 [41600/50000 (83%)]	Loss: 0.108368
Train Epoch: 46 [44800/50000 (90%)]	Loss: 0.044137
Train Epoch: 46 [48000/50000 (96%)]	Loss: 0.187395

Test set: Average loss: 0.0004, Accuracy: 8908/10000 (89%)

Train Epoch: 47 [0/50000 (0%)]	Loss: 0.028700
Train Epoch: 47 [3200/50000 (6%)]	Loss: 0.246703
Train Epoch: 47 [6400/50000 (13%)]	Loss: 0.032314
Train Epoch: 47 [9600/50000 (19%)]	Loss: 0.067346
Train Epoch: 47 [12800/50000 (26%)]	Loss: 0.038946
Train Epoch: 47 [16000/50000 (32%)]	Loss: 0.085301
Train Epoch: 47 [19200/50000 (38%)]	Loss: 0.162127
Train Epoch: 47 [22400/50000 (45%)]	Loss: 0.100687
Train Epoch: 47 [25600/50000 (51%)]	Loss: 0.075709
Train Epoch: 47 [28800/50000 (58%)]	Loss: 0.098552
Train Epoch: 47 [32000/50000 (64%)]	Loss: 0.072078
Train Epoch: 47 [35200/50000 (70%)]	Loss: 0.205005
Train Epoch: 47 [38400/50000 (77%)]	Loss: 0.062142
Train Epoch: 47 [41600/50000 (83%)]	Loss: 0.100858
Train Epoch: 47 [44800/50000 (90%)]	Loss: 0.018735
Train Epoch: 47 [48000/50000 (96%)]	Loss: 0.238184

Test set: Average loss: 0.0004, Accuracy: 9020/10000 (90%)

Train Epoch: 48 [0/50000 (0%)]	Loss: 0.038216
Train Epoch: 48 [3200/50000 (6%)]	Loss: 0.118057
Train Epoch: 48 [6400/50000 (13%)]	Loss: 0.012105
Train Epoch: 48 [9600/50000 (19%)]	Loss: 0.025263
Train Epoch: 48 [12800/50000 (26%)]	Loss: 0.019801
Train Epoch: 48 [16000/50000 (32%)]	Loss: 0.058122
Train Epoch: 48 [19200/50000 (38%)]	Loss: 0.110358
Train Epoch: 48 [22400/50000 (45%)]	Loss: 0.117248
Train Epoch: 48 [25600/50000 (51%)]	Loss: 0.144894
Train Epoch: 48 [28800/50000 (58%)]	Loss: 0.104225
Train Epoch: 48 [32000/50000 (64%)]	Loss: 0.030372
Train Epoch: 48 [35200/50000 (70%)]	Loss: 0.044985
Train Epoch: 48 [38400/50000 (77%)]	Loss: 0.101927
Train Epoch: 48 [41600/50000 (83%)]	Loss: 0.025485
Train Epoch: 48 [44800/50000 (90%)]	Loss: 0.101664
Train Epoch: 48 [48000/50000 (96%)]	Loss: 0.185257

Test set: Average loss: 0.0005, Accuracy: 8766/10000 (88%)

Train Epoch: 49 [0/50000 (0%)]	Loss: 0.123549
Train Epoch: 49 [3200/50000 (6%)]	Loss: 0.215885
Train Epoch: 49 [6400/50000 (13%)]	Loss: 0.035855
Train Epoch: 49 [9600/50000 (19%)]	Loss: 0.221139
Train Epoch: 49 [12800/50000 (26%)]	Loss: 0.023204
Train Epoch: 49 [16000/50000 (32%)]	Loss: 0.124143
Train Epoch: 49 [19200/50000 (38%)]	Loss: 0.274891
Train Epoch: 49 [22400/50000 (45%)]	Loss: 0.048418
Train Epoch: 49 [25600/50000 (51%)]	Loss: 0.041367
Train Epoch: 49 [28800/50000 (58%)]	Loss: 0.070415
Train Epoch: 49 [32000/50000 (64%)]	Loss: 0.118805
Train Epoch: 49 [35200/50000 (70%)]	Loss: 0.102432
Train Epoch: 49 [38400/50000 (77%)]	Loss: 0.204186
Train Epoch: 49 [41600/50000 (83%)]	Loss: 0.186656
Train Epoch: 49 [44800/50000 (90%)]	Loss: 0.075026
Train Epoch: 49 [48000/50000 (96%)]	Loss: 0.234894

Test set: Average loss: 0.0004, Accuracy: 9026/10000 (90%)

Train Epoch: 50 [0/50000 (0%)]	Loss: 0.012332
Train Epoch: 50 [3200/50000 (6%)]	Loss: 0.069143
Train Epoch: 50 [6400/50000 (13%)]	Loss: 0.081153
Train Epoch: 50 [9600/50000 (19%)]	Loss: 0.114840
Train Epoch: 50 [12800/50000 (26%)]	Loss: 0.125959
Train Epoch: 50 [16000/50000 (32%)]	Loss: 0.034941
Train Epoch: 50 [19200/50000 (38%)]	Loss: 0.180630
Train Epoch: 50 [22400/50000 (45%)]	Loss: 0.035869
Train Epoch: 50 [25600/50000 (51%)]	Loss: 0.072193
Train Epoch: 50 [28800/50000 (58%)]	Loss: 0.075404
Train Epoch: 50 [32000/50000 (64%)]	Loss: 0.023592
Train Epoch: 50 [35200/50000 (70%)]	Loss: 0.191517
Train Epoch: 50 [38400/50000 (77%)]	Loss: 0.045245
Train Epoch: 50 [41600/50000 (83%)]	Loss: 0.079510
Train Epoch: 50 [44800/50000 (90%)]	Loss: 0.034872
Train Epoch: 50 [48000/50000 (96%)]	Loss: 0.040152

Test set: Average loss: 0.0005, Accuracy: 8961/10000 (90%)

Train Epoch: 51 [0/50000 (0%)]	Loss: 0.082782
Train Epoch: 51 [3200/50000 (6%)]	Loss: 0.018565
Train Epoch: 51 [6400/50000 (13%)]	Loss: 0.109596
Train Epoch: 51 [9600/50000 (19%)]	Loss: 0.044572
Train Epoch: 51 [12800/50000 (26%)]	Loss: 0.041278
Train Epoch: 51 [16000/50000 (32%)]	Loss: 0.133236
Train Epoch: 51 [19200/50000 (38%)]	Loss: 0.126554
Train Epoch: 51 [22400/50000 (45%)]	Loss: 0.218353
Train Epoch: 51 [25600/50000 (51%)]	Loss: 0.110805
Train Epoch: 51 [28800/50000 (58%)]	Loss: 0.118733
Train Epoch: 51 [32000/50000 (64%)]	Loss: 0.083375
Train Epoch: 51 [35200/50000 (70%)]	Loss: 0.112084
Train Epoch: 51 [38400/50000 (77%)]	Loss: 0.069522
Train Epoch: 51 [41600/50000 (83%)]	Loss: 0.061588
Train Epoch: 51 [44800/50000 (90%)]	Loss: 0.045403
Train Epoch: 51 [48000/50000 (96%)]	Loss: 0.096032

Test set: Average loss: 0.0005, Accuracy: 8901/10000 (89%)

Train Epoch: 52 [0/50000 (0%)]	Loss: 0.026381
Train Epoch: 52 [3200/50000 (6%)]	Loss: 0.215397
Train Epoch: 52 [6400/50000 (13%)]	Loss: 0.053734
Train Epoch: 52 [9600/50000 (19%)]	Loss: 0.107906
Train Epoch: 52 [12800/50000 (26%)]	Loss: 0.118930
Train Epoch: 52 [16000/50000 (32%)]	Loss: 0.014114
Train Epoch: 52 [19200/50000 (38%)]	Loss: 0.084145
Train Epoch: 52 [22400/50000 (45%)]	Loss: 0.032582
Train Epoch: 52 [25600/50000 (51%)]	Loss: 0.134701
Train Epoch: 52 [28800/50000 (58%)]	Loss: 0.038931
Train Epoch: 52 [32000/50000 (64%)]	Loss: 0.084612
Train Epoch: 52 [35200/50000 (70%)]	Loss: 0.065282
Train Epoch: 52 [38400/50000 (77%)]	Loss: 0.106392
Train Epoch: 52 [41600/50000 (83%)]	Loss: 0.045179
Train Epoch: 52 [44800/50000 (90%)]	Loss: 0.071915
Train Epoch: 52 [48000/50000 (96%)]	Loss: 0.061051

Test set: Average loss: 0.0004, Accuracy: 9014/10000 (90%)

Train Epoch: 53 [0/50000 (0%)]	Loss: 0.197928
Train Epoch: 53 [3200/50000 (6%)]	Loss: 0.122211
Train Epoch: 53 [6400/50000 (13%)]	Loss: 0.067892
Train Epoch: 53 [9600/50000 (19%)]	Loss: 0.048130
Train Epoch: 53 [12800/50000 (26%)]	Loss: 0.038268
Train Epoch: 53 [16000/50000 (32%)]	Loss: 0.092157
Train Epoch: 53 [19200/50000 (38%)]	Loss: 0.184912
Train Epoch: 53 [22400/50000 (45%)]	Loss: 0.124182
Train Epoch: 53 [25600/50000 (51%)]	Loss: 0.038904
Train Epoch: 53 [28800/50000 (58%)]	Loss: 0.205622
Train Epoch: 53 [32000/50000 (64%)]	Loss: 0.090184
Train Epoch: 53 [35200/50000 (70%)]	Loss: 0.169561
Train Epoch: 53 [38400/50000 (77%)]	Loss: 0.118605
Train Epoch: 53 [41600/50000 (83%)]	Loss: 0.158151
Train Epoch: 53 [44800/50000 (90%)]	Loss: 0.022247
Train Epoch: 53 [48000/50000 (96%)]	Loss: 0.083544

Test set: Average loss: 0.0004, Accuracy: 9062/10000 (91%)

Train Epoch: 54 [0/50000 (0%)]	Loss: 0.023235
Train Epoch: 54 [3200/50000 (6%)]	Loss: 0.086994
Train Epoch: 54 [6400/50000 (13%)]	Loss: 0.101618
Train Epoch: 54 [9600/50000 (19%)]	Loss: 0.069064
Train Epoch: 54 [12800/50000 (26%)]	Loss: 0.100534
Train Epoch: 54 [16000/50000 (32%)]	Loss: 0.059075
Train Epoch: 54 [19200/50000 (38%)]	Loss: 0.051188
Train Epoch: 54 [22400/50000 (45%)]	Loss: 0.052204
Train Epoch: 54 [25600/50000 (51%)]	Loss: 0.027539
Train Epoch: 54 [28800/50000 (58%)]	Loss: 0.055194
Train Epoch: 54 [32000/50000 (64%)]	Loss: 0.025398
Train Epoch: 54 [35200/50000 (70%)]	Loss: 0.029843
Train Epoch: 54 [38400/50000 (77%)]	Loss: 0.143866
Train Epoch: 54 [41600/50000 (83%)]	Loss: 0.212489
Train Epoch: 54 [44800/50000 (90%)]	Loss: 0.120344
Train Epoch: 54 [48000/50000 (96%)]	Loss: 0.100598

Test set: Average loss: 0.0004, Accuracy: 9022/10000 (90%)

Train Epoch: 55 [0/50000 (0%)]	Loss: 0.029004
Train Epoch: 55 [3200/50000 (6%)]	Loss: 0.121228
Train Epoch: 55 [6400/50000 (13%)]	Loss: 0.043293
Train Epoch: 55 [9600/50000 (19%)]	Loss: 0.195595
Train Epoch: 55 [12800/50000 (26%)]	Loss: 0.014659
Train Epoch: 55 [16000/50000 (32%)]	Loss: 0.037311
Train Epoch: 55 [19200/50000 (38%)]	Loss: 0.046014
Train Epoch: 55 [22400/50000 (45%)]	Loss: 0.035346
Train Epoch: 55 [25600/50000 (51%)]	Loss: 0.078089
Train Epoch: 55 [28800/50000 (58%)]	Loss: 0.027142
Train Epoch: 55 [32000/50000 (64%)]	Loss: 0.189443
Train Epoch: 55 [35200/50000 (70%)]	Loss: 0.029051
Train Epoch: 55 [38400/50000 (77%)]	Loss: 0.013643
Train Epoch: 55 [41600/50000 (83%)]	Loss: 0.156344
Train Epoch: 55 [44800/50000 (90%)]	Loss: 0.061580
Train Epoch: 55 [48000/50000 (96%)]	Loss: 0.051896

Test set: Average loss: 0.0004, Accuracy: 8991/10000 (90%)

Train Epoch: 56 [0/50000 (0%)]	Loss: 0.062014
Train Epoch: 56 [3200/50000 (6%)]	Loss: 0.055420
Train Epoch: 56 [6400/50000 (13%)]	Loss: 0.106382
Train Epoch: 56 [9600/50000 (19%)]	Loss: 0.059557
Train Epoch: 56 [12800/50000 (26%)]	Loss: 0.136568
Train Epoch: 56 [16000/50000 (32%)]	Loss: 0.041667
Train Epoch: 56 [19200/50000 (38%)]	Loss: 0.146759
Train Epoch: 56 [22400/50000 (45%)]	Loss: 0.043663
Train Epoch: 56 [25600/50000 (51%)]	Loss: 0.020999
Train Epoch: 56 [28800/50000 (58%)]	Loss: 0.052169
Train Epoch: 56 [32000/50000 (64%)]	Loss: 0.094337
Train Epoch: 56 [35200/50000 (70%)]	Loss: 0.039348
Train Epoch: 56 [38400/50000 (77%)]	Loss: 0.059606
Train Epoch: 56 [41600/50000 (83%)]	Loss: 0.087476
Train Epoch: 56 [44800/50000 (90%)]	Loss: 0.048476
Train Epoch: 56 [48000/50000 (96%)]	Loss: 0.149380

Test set: Average loss: 0.0004, Accuracy: 8929/10000 (89%)

Train Epoch: 57 [0/50000 (0%)]	Loss: 0.131364
Train Epoch: 57 [3200/50000 (6%)]	Loss: 0.103081
Train Epoch: 57 [6400/50000 (13%)]	Loss: 0.041002
Train Epoch: 57 [9600/50000 (19%)]	Loss: 0.039090
Train Epoch: 57 [12800/50000 (26%)]	Loss: 0.094291
Train Epoch: 57 [16000/50000 (32%)]	Loss: 0.076261
Train Epoch: 57 [19200/50000 (38%)]	Loss: 0.167968
Train Epoch: 57 [22400/50000 (45%)]	Loss: 0.105435
Train Epoch: 57 [25600/50000 (51%)]	Loss: 0.069607
Train Epoch: 57 [28800/50000 (58%)]	Loss: 0.077627
Train Epoch: 57 [32000/50000 (64%)]	Loss: 0.048574
Train Epoch: 57 [35200/50000 (70%)]	Loss: 0.076771
Train Epoch: 57 [38400/50000 (77%)]	Loss: 0.059657
Train Epoch: 57 [41600/50000 (83%)]	Loss: 0.117930
Train Epoch: 57 [44800/50000 (90%)]	Loss: 0.112576
Train Epoch: 57 [48000/50000 (96%)]	Loss: 0.011305

Test set: Average loss: 0.0004, Accuracy: 9046/10000 (90%)

Train Epoch: 58 [0/50000 (0%)]	Loss: 0.043895
Train Epoch: 58 [3200/50000 (6%)]	Loss: 0.092917
Train Epoch: 58 [6400/50000 (13%)]	Loss: 0.066057
Train Epoch: 58 [9600/50000 (19%)]	Loss: 0.027909
Train Epoch: 58 [12800/50000 (26%)]	Loss: 0.039854
Train Epoch: 58 [16000/50000 (32%)]	Loss: 0.030347
Train Epoch: 58 [19200/50000 (38%)]	Loss: 0.073233
Train Epoch: 58 [22400/50000 (45%)]	Loss: 0.176334
Train Epoch: 58 [25600/50000 (51%)]	Loss: 0.064750
Train Epoch: 58 [28800/50000 (58%)]	Loss: 0.111820
Train Epoch: 58 [32000/50000 (64%)]	Loss: 0.064309
Train Epoch: 58 [35200/50000 (70%)]	Loss: 0.210756
Train Epoch: 58 [38400/50000 (77%)]	Loss: 0.050007
Train Epoch: 58 [41600/50000 (83%)]	Loss: 0.128274
Train Epoch: 58 [44800/50000 (90%)]	Loss: 0.108568
Train Epoch: 58 [48000/50000 (96%)]	Loss: 0.118791

Test set: Average loss: 0.0005, Accuracy: 8982/10000 (90%)

Train Epoch: 59 [0/50000 (0%)]	Loss: 0.070994
Train Epoch: 59 [3200/50000 (6%)]	Loss: 0.030462
Train Epoch: 59 [6400/50000 (13%)]	Loss: 0.145677
Train Epoch: 59 [9600/50000 (19%)]	Loss: 0.075064
Train Epoch: 59 [12800/50000 (26%)]	Loss: 0.104275
Train Epoch: 59 [16000/50000 (32%)]	Loss: 0.059426
Train Epoch: 59 [19200/50000 (38%)]	Loss: 0.027777
Train Epoch: 59 [22400/50000 (45%)]	Loss: 0.019198
Train Epoch: 59 [25600/50000 (51%)]	Loss: 0.098282
Train Epoch: 59 [28800/50000 (58%)]	Loss: 0.112186
Train Epoch: 59 [32000/50000 (64%)]	Loss: 0.103705
Train Epoch: 59 [35200/50000 (70%)]	Loss: 0.089585
Train Epoch: 59 [38400/50000 (77%)]	Loss: 0.046624
Train Epoch: 59 [41600/50000 (83%)]	Loss: 0.028146
Train Epoch: 59 [44800/50000 (90%)]	Loss: 0.181379
Train Epoch: 59 [48000/50000 (96%)]	Loss: 0.075258

Test set: Average loss: 0.0004, Accuracy: 9009/10000 (90%)

Train Epoch: 60 [0/50000 (0%)]	Loss: 0.084292
Train Epoch: 60 [3200/50000 (6%)]	Loss: 0.007520
Train Epoch: 60 [6400/50000 (13%)]	Loss: 0.051466
Train Epoch: 60 [9600/50000 (19%)]	Loss: 0.089255
Train Epoch: 60 [12800/50000 (26%)]	Loss: 0.078724
Train Epoch: 60 [16000/50000 (32%)]	Loss: 0.077080
Train Epoch: 60 [19200/50000 (38%)]	Loss: 0.151930
Train Epoch: 60 [22400/50000 (45%)]	Loss: 0.075637
Train Epoch: 60 [25600/50000 (51%)]	Loss: 0.048405
Train Epoch: 60 [28800/50000 (58%)]	Loss: 0.031806
Train Epoch: 60 [32000/50000 (64%)]	Loss: 0.015891
Train Epoch: 60 [35200/50000 (70%)]	Loss: 0.073051
Train Epoch: 60 [38400/50000 (77%)]	Loss: 0.070913
Train Epoch: 60 [41600/50000 (83%)]	Loss: 0.021958
Train Epoch: 60 [44800/50000 (90%)]	Loss: 0.102753
Train Epoch: 60 [48000/50000 (96%)]	Loss: 0.115526

Test set: Average loss: 0.0005, Accuracy: 8900/10000 (89%)

Train Epoch: 61 [0/50000 (0%)]	Loss: 0.021529
Train Epoch: 61 [3200/50000 (6%)]	Loss: 0.032578
Train Epoch: 61 [6400/50000 (13%)]	Loss: 0.015609
Train Epoch: 61 [9600/50000 (19%)]	Loss: 0.205710
Train Epoch: 61 [12800/50000 (26%)]	Loss: 0.040335
Train Epoch: 61 [16000/50000 (32%)]	Loss: 0.024305
Train Epoch: 61 [19200/50000 (38%)]	Loss: 0.191703
Train Epoch: 61 [22400/50000 (45%)]	Loss: 0.107294
Train Epoch: 61 [25600/50000 (51%)]	Loss: 0.065859
Train Epoch: 61 [28800/50000 (58%)]	Loss: 0.162034
Train Epoch: 61 [32000/50000 (64%)]	Loss: 0.053592
Train Epoch: 61 [35200/50000 (70%)]	Loss: 0.075232
Train Epoch: 61 [38400/50000 (77%)]	Loss: 0.040615
Train Epoch: 61 [41600/50000 (83%)]	Loss: 0.113755
Train Epoch: 61 [44800/50000 (90%)]	Loss: 0.043759
Train Epoch: 61 [48000/50000 (96%)]	Loss: 0.089404

Test set: Average loss: 0.0005, Accuracy: 8909/10000 (89%)

Train Epoch: 62 [0/50000 (0%)]	Loss: 0.018119
Train Epoch: 62 [3200/50000 (6%)]	Loss: 0.213533
Train Epoch: 62 [6400/50000 (13%)]	Loss: 0.053155
Train Epoch: 62 [9600/50000 (19%)]	Loss: 0.269720
Train Epoch: 62 [12800/50000 (26%)]	Loss: 0.030348
Train Epoch: 62 [16000/50000 (32%)]	Loss: 0.098308
Train Epoch: 62 [19200/50000 (38%)]	Loss: 0.029554
Train Epoch: 62 [22400/50000 (45%)]	Loss: 0.076060
Train Epoch: 62 [25600/50000 (51%)]	Loss: 0.056454
Train Epoch: 62 [28800/50000 (58%)]	Loss: 0.071228
Train Epoch: 62 [32000/50000 (64%)]	Loss: 0.039750
Train Epoch: 62 [35200/50000 (70%)]	Loss: 0.082397
Train Epoch: 62 [38400/50000 (77%)]	Loss: 0.027391
Train Epoch: 62 [41600/50000 (83%)]	Loss: 0.059660
Train Epoch: 62 [44800/50000 (90%)]	Loss: 0.060393
Train Epoch: 62 [48000/50000 (96%)]	Loss: 0.092167

Test set: Average loss: 0.0004, Accuracy: 9010/10000 (90%)

Train Epoch: 63 [0/50000 (0%)]	Loss: 0.020764
Train Epoch: 63 [3200/50000 (6%)]	Loss: 0.025073
Train Epoch: 63 [6400/50000 (13%)]	Loss: 0.098947
Train Epoch: 63 [9600/50000 (19%)]	Loss: 0.022627
Train Epoch: 63 [12800/50000 (26%)]	Loss: 0.042072
Train Epoch: 63 [16000/50000 (32%)]	Loss: 0.046139
Train Epoch: 63 [19200/50000 (38%)]	Loss: 0.036570
Train Epoch: 63 [22400/50000 (45%)]	Loss: 0.068529
Train Epoch: 63 [25600/50000 (51%)]	Loss: 0.077748
Train Epoch: 63 [28800/50000 (58%)]	Loss: 0.045938
Train Epoch: 63 [32000/50000 (64%)]	Loss: 0.036896
Train Epoch: 63 [35200/50000 (70%)]	Loss: 0.074478
Train Epoch: 63 [38400/50000 (77%)]	Loss: 0.072914
Train Epoch: 63 [41600/50000 (83%)]	Loss: 0.142437
Train Epoch: 63 [44800/50000 (90%)]	Loss: 0.042892
Train Epoch: 63 [48000/50000 (96%)]	Loss: 0.121521

Test set: Average loss: 0.0004, Accuracy: 9007/10000 (90%)

Train Epoch: 64 [0/50000 (0%)]	Loss: 0.018197
Train Epoch: 64 [3200/50000 (6%)]	Loss: 0.117149
Train Epoch: 64 [6400/50000 (13%)]	Loss: 0.028527
Train Epoch: 64 [9600/50000 (19%)]	Loss: 0.030560
Train Epoch: 64 [12800/50000 (26%)]	Loss: 0.068827
Train Epoch: 64 [16000/50000 (32%)]	Loss: 0.115599
Train Epoch: 64 [19200/50000 (38%)]	Loss: 0.077686
Train Epoch: 64 [22400/50000 (45%)]	Loss: 0.069889
Train Epoch: 64 [25600/50000 (51%)]	Loss: 0.045113
Train Epoch: 64 [28800/50000 (58%)]	Loss: 0.145954
Train Epoch: 64 [32000/50000 (64%)]	Loss: 0.052763
Train Epoch: 64 [35200/50000 (70%)]	Loss: 0.043805
Train Epoch: 64 [38400/50000 (77%)]	Loss: 0.013535
Train Epoch: 64 [41600/50000 (83%)]	Loss: 0.083996
Train Epoch: 64 [44800/50000 (90%)]	Loss: 0.120314
Train Epoch: 64 [48000/50000 (96%)]	Loss: 0.022110

Test set: Average loss: 0.0004, Accuracy: 8982/10000 (90%)

Train Epoch: 65 [0/50000 (0%)]	Loss: 0.013742
Train Epoch: 65 [3200/50000 (6%)]	Loss: 0.019513
Train Epoch: 65 [6400/50000 (13%)]	Loss: 0.099529
Train Epoch: 65 [9600/50000 (19%)]	Loss: 0.055549
Train Epoch: 65 [12800/50000 (26%)]	Loss: 0.029347
Train Epoch: 65 [16000/50000 (32%)]	Loss: 0.036489
Train Epoch: 65 [19200/50000 (38%)]	Loss: 0.078825
Train Epoch: 65 [22400/50000 (45%)]	Loss: 0.068974
Train Epoch: 65 [25600/50000 (51%)]	Loss: 0.099792
Train Epoch: 65 [28800/50000 (58%)]	Loss: 0.050134
Train Epoch: 65 [32000/50000 (64%)]	Loss: 0.060651
Train Epoch: 65 [35200/50000 (70%)]	Loss: 0.060898
Train Epoch: 65 [38400/50000 (77%)]	Loss: 0.117733
Train Epoch: 65 [41600/50000 (83%)]	Loss: 0.099244
Train Epoch: 65 [44800/50000 (90%)]	Loss: 0.085816
Train Epoch: 65 [48000/50000 (96%)]	Loss: 0.034085

Test set: Average loss: 0.0004, Accuracy: 9039/10000 (90%)

Train Epoch: 66 [0/50000 (0%)]	Loss: 0.062602
Train Epoch: 66 [3200/50000 (6%)]	Loss: 0.059420
Train Epoch: 66 [6400/50000 (13%)]	Loss: 0.055587
Train Epoch: 66 [9600/50000 (19%)]	Loss: 0.191966
Train Epoch: 66 [12800/50000 (26%)]	Loss: 0.049036
Train Epoch: 66 [16000/50000 (32%)]	Loss: 0.018598
Train Epoch: 66 [19200/50000 (38%)]	Loss: 0.070814
Train Epoch: 66 [22400/50000 (45%)]	Loss: 0.024816
Train Epoch: 66 [25600/50000 (51%)]	Loss: 0.044127
Train Epoch: 66 [28800/50000 (58%)]	Loss: 0.034438
Train Epoch: 66 [32000/50000 (64%)]	Loss: 0.044463
Train Epoch: 66 [35200/50000 (70%)]	Loss: 0.078113
Train Epoch: 66 [38400/50000 (77%)]	Loss: 0.093152
Train Epoch: 66 [41600/50000 (83%)]	Loss: 0.034881
Train Epoch: 66 [44800/50000 (90%)]	Loss: 0.070352
Train Epoch: 66 [48000/50000 (96%)]	Loss: 0.052732

Test set: Average loss: 0.0005, Accuracy: 8875/10000 (89%)

Train Epoch: 67 [0/50000 (0%)]	Loss: 0.119207
Train Epoch: 67 [3200/50000 (6%)]	Loss: 0.065239
Train Epoch: 67 [6400/50000 (13%)]	Loss: 0.018659
Train Epoch: 67 [9600/50000 (19%)]	Loss: 0.058661
Train Epoch: 67 [12800/50000 (26%)]	Loss: 0.108403
Train Epoch: 67 [16000/50000 (32%)]	Loss: 0.042511
Train Epoch: 67 [19200/50000 (38%)]	Loss: 0.162883
Train Epoch: 67 [22400/50000 (45%)]	Loss: 0.083287
Train Epoch: 67 [25600/50000 (51%)]	Loss: 0.040137
Train Epoch: 67 [28800/50000 (58%)]	Loss: 0.023061
Train Epoch: 67 [32000/50000 (64%)]	Loss: 0.060502
Train Epoch: 67 [35200/50000 (70%)]	Loss: 0.019627
Train Epoch: 67 [38400/50000 (77%)]	Loss: 0.095636
Train Epoch: 67 [41600/50000 (83%)]	Loss: 0.151877
Train Epoch: 67 [44800/50000 (90%)]	Loss: 0.057479
Train Epoch: 67 [48000/50000 (96%)]	Loss: 0.035928

Test set: Average loss: 0.0004, Accuracy: 9016/10000 (90%)

Train Epoch: 68 [0/50000 (0%)]	Loss: 0.012612
Train Epoch: 68 [3200/50000 (6%)]	Loss: 0.042442
Train Epoch: 68 [6400/50000 (13%)]	Loss: 0.064152
Train Epoch: 68 [9600/50000 (19%)]	Loss: 0.080790
Train Epoch: 68 [12800/50000 (26%)]	Loss: 0.053762
Train Epoch: 68 [16000/50000 (32%)]	Loss: 0.081693
Train Epoch: 68 [19200/50000 (38%)]	Loss: 0.097351
Train Epoch: 68 [22400/50000 (45%)]	Loss: 0.164213
Train Epoch: 68 [25600/50000 (51%)]	Loss: 0.091138
Train Epoch: 68 [28800/50000 (58%)]	Loss: 0.069121
Train Epoch: 68 [32000/50000 (64%)]	Loss: 0.017284
Train Epoch: 68 [35200/50000 (70%)]	Loss: 0.031464
Train Epoch: 68 [38400/50000 (77%)]	Loss: 0.129994
Train Epoch: 68 [41600/50000 (83%)]	Loss: 0.130938
Train Epoch: 68 [44800/50000 (90%)]	Loss: 0.065354
Train Epoch: 68 [48000/50000 (96%)]	Loss: 0.052376

Test set: Average loss: 0.0004, Accuracy: 8997/10000 (90%)

Train Epoch: 69 [0/50000 (0%)]	Loss: 0.076709
Train Epoch: 69 [3200/50000 (6%)]	Loss: 0.084798
Train Epoch: 69 [6400/50000 (13%)]	Loss: 0.014971
Train Epoch: 69 [9600/50000 (19%)]	Loss: 0.008274
Train Epoch: 69 [12800/50000 (26%)]	Loss: 0.062780
Train Epoch: 69 [16000/50000 (32%)]	Loss: 0.015417
Train Epoch: 69 [19200/50000 (38%)]	Loss: 0.091963
Train Epoch: 69 [22400/50000 (45%)]	Loss: 0.028047
Train Epoch: 69 [25600/50000 (51%)]	Loss: 0.096853
Train Epoch: 69 [28800/50000 (58%)]	Loss: 0.141090
Train Epoch: 69 [32000/50000 (64%)]	Loss: 0.063923
Train Epoch: 69 [35200/50000 (70%)]	Loss: 0.046972
Train Epoch: 69 [38400/50000 (77%)]	Loss: 0.078436
Train Epoch: 69 [41600/50000 (83%)]	Loss: 0.012792
Train Epoch: 69 [44800/50000 (90%)]	Loss: 0.200972
Train Epoch: 69 [48000/50000 (96%)]	Loss: 0.024445

Test set: Average loss: 0.0005, Accuracy: 8892/10000 (89%)

Train Epoch: 70 [0/50000 (0%)]	Loss: 0.114511
Train Epoch: 70 [3200/50000 (6%)]	Loss: 0.063281
Train Epoch: 70 [6400/50000 (13%)]	Loss: 0.017914
Train Epoch: 70 [9600/50000 (19%)]	Loss: 0.081621
Train Epoch: 70 [12800/50000 (26%)]	Loss: 0.076549
Train Epoch: 70 [16000/50000 (32%)]	Loss: 0.085946
Train Epoch: 70 [19200/50000 (38%)]	Loss: 0.028094
Train Epoch: 70 [22400/50000 (45%)]	Loss: 0.032884
Train Epoch: 70 [25600/50000 (51%)]	Loss: 0.025283
Train Epoch: 70 [28800/50000 (58%)]	Loss: 0.291000
Train Epoch: 70 [32000/50000 (64%)]	Loss: 0.043930
Train Epoch: 70 [35200/50000 (70%)]	Loss: 0.014257
Train Epoch: 70 [38400/50000 (77%)]	Loss: 0.071873
Train Epoch: 70 [41600/50000 (83%)]	Loss: 0.029286
Train Epoch: 70 [44800/50000 (90%)]	Loss: 0.069200
Train Epoch: 70 [48000/50000 (96%)]	Loss: 0.004248

Test set: Average loss: 0.0005, Accuracy: 8971/10000 (90%)

Train Epoch: 71 [0/50000 (0%)]	Loss: 0.054358
Train Epoch: 71 [3200/50000 (6%)]	Loss: 0.068071
Train Epoch: 71 [6400/50000 (13%)]	Loss: 0.011702
Train Epoch: 71 [9600/50000 (19%)]	Loss: 0.033726
Train Epoch: 71 [12800/50000 (26%)]	Loss: 0.031094
Train Epoch: 71 [16000/50000 (32%)]	Loss: 0.080702
Train Epoch: 71 [19200/50000 (38%)]	Loss: 0.015116
Train Epoch: 71 [22400/50000 (45%)]	Loss: 0.025635
Train Epoch: 71 [25600/50000 (51%)]	Loss: 0.097537
Train Epoch: 71 [28800/50000 (58%)]	Loss: 0.037103
Train Epoch: 71 [32000/50000 (64%)]	Loss: 0.050662
Train Epoch: 71 [35200/50000 (70%)]	Loss: 0.031740
Train Epoch: 71 [38400/50000 (77%)]	Loss: 0.011572
Train Epoch: 71 [41600/50000 (83%)]	Loss: 0.094146
Train Epoch: 71 [44800/50000 (90%)]	Loss: 0.036356
Train Epoch: 71 [48000/50000 (96%)]	Loss: 0.033606

Test set: Average loss: 0.0005, Accuracy: 8927/10000 (89%)

Train Epoch: 72 [0/50000 (0%)]	Loss: 0.046352
Train Epoch: 72 [3200/50000 (6%)]	Loss: 0.113332
Train Epoch: 72 [6400/50000 (13%)]	Loss: 0.075436
Train Epoch: 72 [9600/50000 (19%)]	Loss: 0.081081
Train Epoch: 72 [12800/50000 (26%)]	Loss: 0.014754
Train Epoch: 72 [16000/50000 (32%)]	Loss: 0.088414
Train Epoch: 72 [19200/50000 (38%)]	Loss: 0.077893
Train Epoch: 72 [22400/50000 (45%)]	Loss: 0.009856
Train Epoch: 72 [25600/50000 (51%)]	Loss: 0.078212
Train Epoch: 72 [28800/50000 (58%)]	Loss: 0.028242
Train Epoch: 72 [32000/50000 (64%)]	Loss: 0.041263
Train Epoch: 72 [35200/50000 (70%)]	Loss: 0.059096
Train Epoch: 72 [38400/50000 (77%)]	Loss: 0.031621
Train Epoch: 72 [41600/50000 (83%)]	Loss: 0.067776
Train Epoch: 72 [44800/50000 (90%)]	Loss: 0.191955
Train Epoch: 72 [48000/50000 (96%)]	Loss: 0.081655

Test set: Average loss: 0.0005, Accuracy: 8929/10000 (89%)

Train Epoch: 73 [0/50000 (0%)]	Loss: 0.086237
Train Epoch: 73 [3200/50000 (6%)]	Loss: 0.094019
Train Epoch: 73 [6400/50000 (13%)]	Loss: 0.011366
Train Epoch: 73 [9600/50000 (19%)]	Loss: 0.053004
Train Epoch: 73 [12800/50000 (26%)]	Loss: 0.249546
Train Epoch: 73 [16000/50000 (32%)]	Loss: 0.106946
Train Epoch: 73 [19200/50000 (38%)]	Loss: 0.177299
Train Epoch: 73 [22400/50000 (45%)]	Loss: 0.045154
Train Epoch: 73 [25600/50000 (51%)]	Loss: 0.093154
Train Epoch: 73 [28800/50000 (58%)]	Loss: 0.051708
Train Epoch: 73 [32000/50000 (64%)]	Loss: 0.033588
Train Epoch: 73 [35200/50000 (70%)]	Loss: 0.108769
Train Epoch: 73 [38400/50000 (77%)]	Loss: 0.033039
Train Epoch: 73 [41600/50000 (83%)]	Loss: 0.232395
Train Epoch: 73 [44800/50000 (90%)]	Loss: 0.075494
Train Epoch: 73 [48000/50000 (96%)]	Loss: 0.035879

Test set: Average loss: 0.0004, Accuracy: 9042/10000 (90%)

Train Epoch: 74 [0/50000 (0%)]	Loss: 0.116067
Train Epoch: 74 [3200/50000 (6%)]	Loss: 0.089194
Train Epoch: 74 [6400/50000 (13%)]	Loss: 0.039855
Train Epoch: 74 [9600/50000 (19%)]	Loss: 0.027889
Train Epoch: 74 [12800/50000 (26%)]	Loss: 0.013094
Train Epoch: 74 [16000/50000 (32%)]	Loss: 0.043903
Train Epoch: 74 [19200/50000 (38%)]	Loss: 0.103362
Train Epoch: 74 [22400/50000 (45%)]	Loss: 0.011556
Train Epoch: 74 [25600/50000 (51%)]	Loss: 0.010826
Train Epoch: 74 [28800/50000 (58%)]	Loss: 0.088781
Train Epoch: 74 [32000/50000 (64%)]	Loss: 0.014242
Train Epoch: 74 [35200/50000 (70%)]	Loss: 0.035630
Train Epoch: 74 [38400/50000 (77%)]	Loss: 0.017541
Train Epoch: 74 [41600/50000 (83%)]	Loss: 0.003176
Train Epoch: 74 [44800/50000 (90%)]	Loss: 0.058407
Train Epoch: 74 [48000/50000 (96%)]	Loss: 0.170695

Test set: Average loss: 0.0005, Accuracy: 8994/10000 (90%)

Train Epoch: 75 [0/50000 (0%)]	Loss: 0.076427
Train Epoch: 75 [3200/50000 (6%)]	Loss: 0.075333
Train Epoch: 75 [6400/50000 (13%)]	Loss: 0.063947
Train Epoch: 75 [9600/50000 (19%)]	Loss: 0.135617
Train Epoch: 75 [12800/50000 (26%)]	Loss: 0.033692
Train Epoch: 75 [16000/50000 (32%)]	Loss: 0.128415
Train Epoch: 75 [19200/50000 (38%)]	Loss: 0.052422
Train Epoch: 75 [22400/50000 (45%)]	Loss: 0.018326
Train Epoch: 75 [25600/50000 (51%)]	Loss: 0.131427
Train Epoch: 75 [28800/50000 (58%)]	Loss: 0.055377
Train Epoch: 75 [32000/50000 (64%)]	Loss: 0.009916
Train Epoch: 75 [35200/50000 (70%)]	Loss: 0.074165
Train Epoch: 75 [38400/50000 (77%)]	Loss: 0.008588
Train Epoch: 75 [41600/50000 (83%)]	Loss: 0.138244
Train Epoch: 75 [44800/50000 (90%)]	Loss: 0.015492
Train Epoch: 75 [48000/50000 (96%)]	Loss: 0.033118

Test set: Average loss: 0.0004, Accuracy: 9074/10000 (91%)

Train Epoch: 76 [0/50000 (0%)]	Loss: 0.019753
Train Epoch: 76 [3200/50000 (6%)]	Loss: 0.028671
Train Epoch: 76 [6400/50000 (13%)]	Loss: 0.014873
Train Epoch: 76 [9600/50000 (19%)]	Loss: 0.027512
Train Epoch: 76 [12800/50000 (26%)]	Loss: 0.066359
Train Epoch: 76 [16000/50000 (32%)]	Loss: 0.046515
Train Epoch: 76 [19200/50000 (38%)]	Loss: 0.022451
Train Epoch: 76 [22400/50000 (45%)]	Loss: 0.053719
Train Epoch: 76 [25600/50000 (51%)]	Loss: 0.101323
Train Epoch: 76 [28800/50000 (58%)]	Loss: 0.065392
Train Epoch: 76 [32000/50000 (64%)]	Loss: 0.081508
Train Epoch: 76 [35200/50000 (70%)]	Loss: 0.204830
Train Epoch: 76 [38400/50000 (77%)]	Loss: 0.065658
Train Epoch: 76 [41600/50000 (83%)]	Loss: 0.174421
Train Epoch: 76 [44800/50000 (90%)]	Loss: 0.044626
Train Epoch: 76 [48000/50000 (96%)]	Loss: 0.012857

Test set: Average loss: 0.0005, Accuracy: 8978/10000 (90%)

Train Epoch: 77 [0/50000 (0%)]	Loss: 0.141524
Train Epoch: 77 [3200/50000 (6%)]	Loss: 0.044497
Train Epoch: 77 [6400/50000 (13%)]	Loss: 0.018008
Train Epoch: 77 [9600/50000 (19%)]	Loss: 0.020747
Train Epoch: 77 [12800/50000 (26%)]	Loss: 0.024191
Train Epoch: 77 [16000/50000 (32%)]	Loss: 0.020743
Train Epoch: 77 [19200/50000 (38%)]	Loss: 0.032809
Train Epoch: 77 [22400/50000 (45%)]	Loss: 0.013616
Train Epoch: 77 [25600/50000 (51%)]	Loss: 0.044366
Train Epoch: 77 [28800/50000 (58%)]	Loss: 0.042774
Train Epoch: 77 [32000/50000 (64%)]	Loss: 0.010413
Train Epoch: 77 [35200/50000 (70%)]	Loss: 0.155939
Train Epoch: 77 [38400/50000 (77%)]	Loss: 0.130619
Train Epoch: 77 [41600/50000 (83%)]	Loss: 0.038325
Train Epoch: 77 [44800/50000 (90%)]	Loss: 0.144653
Train Epoch: 77 [48000/50000 (96%)]	Loss: 0.100503

Test set: Average loss: 0.0005, Accuracy: 9003/10000 (90%)

Train Epoch: 78 [0/50000 (0%)]	Loss: 0.028787
Train Epoch: 78 [3200/50000 (6%)]	Loss: 0.069790
Train Epoch: 78 [6400/50000 (13%)]	Loss: 0.021099
Train Epoch: 78 [9600/50000 (19%)]	Loss: 0.016012
Train Epoch: 78 [12800/50000 (26%)]	Loss: 0.043275
Train Epoch: 78 [16000/50000 (32%)]	Loss: 0.026783
Train Epoch: 78 [19200/50000 (38%)]	Loss: 0.036653
Train Epoch: 78 [22400/50000 (45%)]	Loss: 0.136248
Train Epoch: 78 [25600/50000 (51%)]	Loss: 0.062795
Train Epoch: 78 [28800/50000 (58%)]	Loss: 0.058117
Train Epoch: 78 [32000/50000 (64%)]	Loss: 0.095324
Train Epoch: 78 [35200/50000 (70%)]	Loss: 0.028987
Train Epoch: 78 [38400/50000 (77%)]	Loss: 0.077237
Train Epoch: 78 [41600/50000 (83%)]	Loss: 0.025730
Train Epoch: 78 [44800/50000 (90%)]	Loss: 0.091939
Train Epoch: 78 [48000/50000 (96%)]	Loss: 0.068805

Test set: Average loss: 0.0005, Accuracy: 8939/10000 (89%)

Train Epoch: 79 [0/50000 (0%)]	Loss: 0.036418
Train Epoch: 79 [3200/50000 (6%)]	Loss: 0.043104
Train Epoch: 79 [6400/50000 (13%)]	Loss: 0.015148
Train Epoch: 79 [9600/50000 (19%)]	Loss: 0.114985
Train Epoch: 79 [12800/50000 (26%)]	Loss: 0.009108
Train Epoch: 79 [16000/50000 (32%)]	Loss: 0.060853
Train Epoch: 79 [19200/50000 (38%)]	Loss: 0.015131
Train Epoch: 79 [22400/50000 (45%)]	Loss: 0.107257
Train Epoch: 79 [25600/50000 (51%)]	Loss: 0.016706
Train Epoch: 79 [28800/50000 (58%)]	Loss: 0.057274
Train Epoch: 79 [32000/50000 (64%)]	Loss: 0.051531
Train Epoch: 79 [35200/50000 (70%)]	Loss: 0.052093
Train Epoch: 79 [38400/50000 (77%)]	Loss: 0.072856
Train Epoch: 79 [41600/50000 (83%)]	Loss: 0.086849
Train Epoch: 79 [44800/50000 (90%)]	Loss: 0.146429
Train Epoch: 79 [48000/50000 (96%)]	Loss: 0.037724

Test set: Average loss: 0.0005, Accuracy: 8906/10000 (89%)

Train Epoch: 80 [0/50000 (0%)]	Loss: 0.036813
Train Epoch: 80 [3200/50000 (6%)]	Loss: 0.100329
Train Epoch: 80 [6400/50000 (13%)]	Loss: 0.038448
Train Epoch: 80 [9600/50000 (19%)]	Loss: 0.051690
Train Epoch: 80 [12800/50000 (26%)]	Loss: 0.031151
Train Epoch: 80 [16000/50000 (32%)]	Loss: 0.024195
Train Epoch: 80 [19200/50000 (38%)]	Loss: 0.137227
Train Epoch: 80 [22400/50000 (45%)]	Loss: 0.010591
Train Epoch: 80 [25600/50000 (51%)]	Loss: 0.010116
Train Epoch: 80 [28800/50000 (58%)]	Loss: 0.031251
Train Epoch: 80 [32000/50000 (64%)]	Loss: 0.143748
Train Epoch: 80 [35200/50000 (70%)]	Loss: 0.073341
Train Epoch: 80 [38400/50000 (77%)]	Loss: 0.065013
Train Epoch: 80 [41600/50000 (83%)]	Loss: 0.023245
Train Epoch: 80 [44800/50000 (90%)]	Loss: 0.050648
Train Epoch: 80 [48000/50000 (96%)]	Loss: 0.057655

Test set: Average loss: 0.0005, Accuracy: 8907/10000 (89%)

Train Epoch: 81 [0/50000 (0%)]	Loss: 0.029002
Train Epoch: 81 [3200/50000 (6%)]	Loss: 0.073726
Train Epoch: 81 [6400/50000 (13%)]	Loss: 0.005932
Train Epoch: 81 [9600/50000 (19%)]	Loss: 0.037032
Train Epoch: 81 [12800/50000 (26%)]	Loss: 0.044104
Train Epoch: 81 [16000/50000 (32%)]	Loss: 0.037661
Train Epoch: 81 [19200/50000 (38%)]	Loss: 0.008155
Train Epoch: 81 [22400/50000 (45%)]	Loss: 0.049000
Train Epoch: 81 [25600/50000 (51%)]	Loss: 0.035864
Train Epoch: 81 [28800/50000 (58%)]	Loss: 0.031253
Train Epoch: 81 [32000/50000 (64%)]	Loss: 0.036913
Train Epoch: 81 [35200/50000 (70%)]	Loss: 0.075104
Train Epoch: 81 [38400/50000 (77%)]	Loss: 0.066369
Train Epoch: 81 [41600/50000 (83%)]	Loss: 0.055526
Train Epoch: 81 [44800/50000 (90%)]	Loss: 0.006842
Train Epoch: 81 [48000/50000 (96%)]	Loss: 0.004936

Test set: Average loss: 0.0003, Accuracy: 9229/10000 (92%)

Train Epoch: 82 [0/50000 (0%)]	Loss: 0.053479
Train Epoch: 82 [3200/50000 (6%)]	Loss: 0.052105
Train Epoch: 82 [6400/50000 (13%)]	Loss: 0.073107
Train Epoch: 82 [9600/50000 (19%)]	Loss: 0.019701
Train Epoch: 82 [12800/50000 (26%)]	Loss: 0.005133
Train Epoch: 82 [16000/50000 (32%)]	Loss: 0.064671
Train Epoch: 82 [19200/50000 (38%)]	Loss: 0.010819
Train Epoch: 82 [22400/50000 (45%)]	Loss: 0.067387
Train Epoch: 82 [25600/50000 (51%)]	Loss: 0.035371
Train Epoch: 82 [28800/50000 (58%)]	Loss: 0.012294
Train Epoch: 82 [32000/50000 (64%)]	Loss: 0.023372
Train Epoch: 82 [35200/50000 (70%)]	Loss: 0.021825
Train Epoch: 82 [38400/50000 (77%)]	Loss: 0.014446
Train Epoch: 82 [41600/50000 (83%)]	Loss: 0.003364
Train Epoch: 82 [44800/50000 (90%)]	Loss: 0.003138
Train Epoch: 82 [48000/50000 (96%)]	Loss: 0.024411

Test set: Average loss: 0.0003, Accuracy: 9266/10000 (93%)

Train Epoch: 83 [0/50000 (0%)]	Loss: 0.007474
Train Epoch: 83 [3200/50000 (6%)]	Loss: 0.074352
Train Epoch: 83 [6400/50000 (13%)]	Loss: 0.087677
Train Epoch: 83 [9600/50000 (19%)]	Loss: 0.004756
Train Epoch: 83 [12800/50000 (26%)]	Loss: 0.011277
Train Epoch: 83 [16000/50000 (32%)]	Loss: 0.007115
Train Epoch: 83 [19200/50000 (38%)]	Loss: 0.018832
Train Epoch: 83 [22400/50000 (45%)]	Loss: 0.003785
Train Epoch: 83 [25600/50000 (51%)]	Loss: 0.011285
Train Epoch: 83 [28800/50000 (58%)]	Loss: 0.010082
Train Epoch: 83 [32000/50000 (64%)]	Loss: 0.009942
Train Epoch: 83 [35200/50000 (70%)]	Loss: 0.004637
Train Epoch: 83 [38400/50000 (77%)]	Loss: 0.046642
Train Epoch: 83 [41600/50000 (83%)]	Loss: 0.008906
Train Epoch: 83 [44800/50000 (90%)]	Loss: 0.013317
Train Epoch: 83 [48000/50000 (96%)]	Loss: 0.013473

Test set: Average loss: 0.0003, Accuracy: 9265/10000 (93%)

Train Epoch: 84 [0/50000 (0%)]	Loss: 0.030393
Train Epoch: 84 [3200/50000 (6%)]	Loss: 0.007791
Train Epoch: 84 [6400/50000 (13%)]	Loss: 0.019980
Train Epoch: 84 [9600/50000 (19%)]	Loss: 0.019349
Train Epoch: 84 [12800/50000 (26%)]	Loss: 0.004371
Train Epoch: 84 [16000/50000 (32%)]	Loss: 0.032633
Train Epoch: 84 [19200/50000 (38%)]	Loss: 0.005512
Train Epoch: 84 [22400/50000 (45%)]	Loss: 0.025262
Train Epoch: 84 [25600/50000 (51%)]	Loss: 0.018631
Train Epoch: 84 [28800/50000 (58%)]	Loss: 0.007434
Train Epoch: 84 [32000/50000 (64%)]	Loss: 0.001492
Train Epoch: 84 [35200/50000 (70%)]	Loss: 0.011055
Train Epoch: 84 [38400/50000 (77%)]	Loss: 0.015524
Train Epoch: 84 [41600/50000 (83%)]	Loss: 0.009450
Train Epoch: 84 [44800/50000 (90%)]	Loss: 0.035831
Train Epoch: 84 [48000/50000 (96%)]	Loss: 0.052719

Test set: Average loss: 0.0003, Accuracy: 9277/10000 (93%)

Train Epoch: 85 [0/50000 (0%)]	Loss: 0.001703
Train Epoch: 85 [3200/50000 (6%)]	Loss: 0.005136
Train Epoch: 85 [6400/50000 (13%)]	Loss: 0.008135
Train Epoch: 85 [9600/50000 (19%)]	Loss: 0.029651
Train Epoch: 85 [12800/50000 (26%)]	Loss: 0.004473
Train Epoch: 85 [16000/50000 (32%)]	Loss: 0.004767
Train Epoch: 85 [19200/50000 (38%)]	Loss: 0.000965
Train Epoch: 85 [22400/50000 (45%)]	Loss: 0.008343
Train Epoch: 85 [25600/50000 (51%)]	Loss: 0.003664
Train Epoch: 85 [28800/50000 (58%)]	Loss: 0.066885
Train Epoch: 85 [32000/50000 (64%)]	Loss: 0.004296
Train Epoch: 85 [35200/50000 (70%)]	Loss: 0.007271
Train Epoch: 85 [38400/50000 (77%)]	Loss: 0.001329
Train Epoch: 85 [41600/50000 (83%)]	Loss: 0.038262
Train Epoch: 85 [44800/50000 (90%)]	Loss: 0.012259
Train Epoch: 85 [48000/50000 (96%)]	Loss: 0.021134

Test set: Average loss: 0.0004, Accuracy: 9286/10000 (93%)

Train Epoch: 86 [0/50000 (0%)]	Loss: 0.013219
Train Epoch: 86 [3200/50000 (6%)]	Loss: 0.003447
Train Epoch: 86 [6400/50000 (13%)]	Loss: 0.029183
Train Epoch: 86 [9600/50000 (19%)]	Loss: 0.019374
Train Epoch: 86 [12800/50000 (26%)]	Loss: 0.008690
Train Epoch: 86 [16000/50000 (32%)]	Loss: 0.024421
Train Epoch: 86 [19200/50000 (38%)]	Loss: 0.006369
Train Epoch: 86 [22400/50000 (45%)]	Loss: 0.021052
Train Epoch: 86 [25600/50000 (51%)]	Loss: 0.001037
Train Epoch: 86 [28800/50000 (58%)]	Loss: 0.002635
Train Epoch: 86 [32000/50000 (64%)]	Loss: 0.024052
Train Epoch: 86 [35200/50000 (70%)]	Loss: 0.000879
Train Epoch: 86 [38400/50000 (77%)]	Loss: 0.002301
Train Epoch: 86 [41600/50000 (83%)]	Loss: 0.003010
Train Epoch: 86 [44800/50000 (90%)]	Loss: 0.025299
Train Epoch: 86 [48000/50000 (96%)]	Loss: 0.056422

Test set: Average loss: 0.0004, Accuracy: 9264/10000 (93%)

Train Epoch: 87 [0/50000 (0%)]	Loss: 0.003326
Train Epoch: 87 [3200/50000 (6%)]	Loss: 0.004714
Train Epoch: 87 [6400/50000 (13%)]	Loss: 0.001103
Train Epoch: 87 [9600/50000 (19%)]	Loss: 0.001216
Train Epoch: 87 [12800/50000 (26%)]	Loss: 0.002359
Train Epoch: 87 [16000/50000 (32%)]	Loss: 0.009737
Train Epoch: 87 [19200/50000 (38%)]	Loss: 0.024092
Train Epoch: 87 [22400/50000 (45%)]	Loss: 0.001896
Train Epoch: 87 [25600/50000 (51%)]	Loss: 0.006600
Train Epoch: 87 [28800/50000 (58%)]	Loss: 0.007107
Train Epoch: 87 [32000/50000 (64%)]	Loss: 0.016708
Train Epoch: 87 [35200/50000 (70%)]	Loss: 0.015323
Train Epoch: 87 [38400/50000 (77%)]	Loss: 0.002832
Train Epoch: 87 [41600/50000 (83%)]	Loss: 0.024135
Train Epoch: 87 [44800/50000 (90%)]	Loss: 0.041577
Train Epoch: 87 [48000/50000 (96%)]	Loss: 0.010811

Test set: Average loss: 0.0004, Accuracy: 9258/10000 (93%)

Train Epoch: 88 [0/50000 (0%)]	Loss: 0.004194
Train Epoch: 88 [3200/50000 (6%)]	Loss: 0.002055
Train Epoch: 88 [6400/50000 (13%)]	Loss: 0.005494
Train Epoch: 88 [9600/50000 (19%)]	Loss: 0.002006
Train Epoch: 88 [12800/50000 (26%)]	Loss: 0.007421
Train Epoch: 88 [16000/50000 (32%)]	Loss: 0.003935
Train Epoch: 88 [19200/50000 (38%)]	Loss: 0.003348
Train Epoch: 88 [22400/50000 (45%)]	Loss: 0.001488
Train Epoch: 88 [25600/50000 (51%)]	Loss: 0.016897
Train Epoch: 88 [28800/50000 (58%)]	Loss: 0.005443
Train Epoch: 88 [32000/50000 (64%)]	Loss: 0.000379
Train Epoch: 88 [35200/50000 (70%)]	Loss: 0.000492
Train Epoch: 88 [38400/50000 (77%)]	Loss: 0.001153
Train Epoch: 88 [41600/50000 (83%)]	Loss: 0.005109
Train Epoch: 88 [44800/50000 (90%)]	Loss: 0.000538
Train Epoch: 88 [48000/50000 (96%)]	Loss: 0.022680

Test set: Average loss: 0.0004, Accuracy: 9273/10000 (93%)

Train Epoch: 89 [0/50000 (0%)]	Loss: 0.004859
Train Epoch: 89 [3200/50000 (6%)]	Loss: 0.033873
Train Epoch: 89 [6400/50000 (13%)]	Loss: 0.002397
Train Epoch: 89 [9600/50000 (19%)]	Loss: 0.030726
Train Epoch: 89 [12800/50000 (26%)]	Loss: 0.042238
Train Epoch: 89 [16000/50000 (32%)]	Loss: 0.021075
Train Epoch: 89 [19200/50000 (38%)]	Loss: 0.002415
Train Epoch: 89 [22400/50000 (45%)]	Loss: 0.003045
Train Epoch: 89 [25600/50000 (51%)]	Loss: 0.001498
Train Epoch: 89 [28800/50000 (58%)]	Loss: 0.000729
Train Epoch: 89 [32000/50000 (64%)]	Loss: 0.002066
Train Epoch: 89 [35200/50000 (70%)]	Loss: 0.018938
Train Epoch: 89 [38400/50000 (77%)]	Loss: 0.003779
Train Epoch: 89 [41600/50000 (83%)]	Loss: 0.001298
Train Epoch: 89 [44800/50000 (90%)]	Loss: 0.002074
Train Epoch: 89 [48000/50000 (96%)]	Loss: 0.003494

Test set: Average loss: 0.0004, Accuracy: 9274/10000 (93%)

Train Epoch: 90 [0/50000 (0%)]	Loss: 0.004546
Train Epoch: 90 [3200/50000 (6%)]	Loss: 0.002424
Train Epoch: 90 [6400/50000 (13%)]	Loss: 0.000417
Train Epoch: 90 [9600/50000 (19%)]	Loss: 0.034874
Train Epoch: 90 [12800/50000 (26%)]	Loss: 0.005814
Train Epoch: 90 [16000/50000 (32%)]	Loss: 0.001414
Train Epoch: 90 [19200/50000 (38%)]	Loss: 0.008788
Train Epoch: 90 [22400/50000 (45%)]	Loss: 0.001251
Train Epoch: 90 [25600/50000 (51%)]	Loss: 0.014191
Train Epoch: 90 [28800/50000 (58%)]	Loss: 0.015343
Train Epoch: 90 [32000/50000 (64%)]	Loss: 0.007453
Train Epoch: 90 [35200/50000 (70%)]	Loss: 0.009572
Train Epoch: 90 [38400/50000 (77%)]	Loss: 0.003181
Train Epoch: 90 [41600/50000 (83%)]	Loss: 0.044425
Train Epoch: 90 [44800/50000 (90%)]	Loss: 0.001246
Train Epoch: 90 [48000/50000 (96%)]	Loss: 0.004097

Test set: Average loss: 0.0004, Accuracy: 9281/10000 (93%)

Train Epoch: 91 [0/50000 (0%)]	Loss: 0.005430
Train Epoch: 91 [3200/50000 (6%)]	Loss: 0.003085
Train Epoch: 91 [6400/50000 (13%)]	Loss: 0.000144
Train Epoch: 91 [9600/50000 (19%)]	Loss: 0.001255
Train Epoch: 91 [12800/50000 (26%)]	Loss: 0.001129
Train Epoch: 91 [16000/50000 (32%)]	Loss: 0.001912
Train Epoch: 91 [19200/50000 (38%)]	Loss: 0.001590
Train Epoch: 91 [22400/50000 (45%)]	Loss: 0.000350
Train Epoch: 91 [25600/50000 (51%)]	Loss: 0.003084
Train Epoch: 91 [28800/50000 (58%)]	Loss: 0.011022
Train Epoch: 91 [32000/50000 (64%)]	Loss: 0.001776
Train Epoch: 91 [35200/50000 (70%)]	Loss: 0.004669
Train Epoch: 91 [38400/50000 (77%)]	Loss: 0.003787
Train Epoch: 91 [41600/50000 (83%)]	Loss: 0.006095
Train Epoch: 91 [44800/50000 (90%)]	Loss: 0.006939
Train Epoch: 91 [48000/50000 (96%)]	Loss: 0.004069

Test set: Average loss: 0.0004, Accuracy: 9253/10000 (93%)

Train Epoch: 92 [0/50000 (0%)]	Loss: 0.028360
Train Epoch: 92 [3200/50000 (6%)]	Loss: 0.000874
Train Epoch: 92 [6400/50000 (13%)]	Loss: 0.000736
Train Epoch: 92 [9600/50000 (19%)]	Loss: 0.001407
Train Epoch: 92 [12800/50000 (26%)]	Loss: 0.003355
Train Epoch: 92 [16000/50000 (32%)]	Loss: 0.003828
Train Epoch: 92 [19200/50000 (38%)]	Loss: 0.003939
Train Epoch: 92 [22400/50000 (45%)]	Loss: 0.002974
Train Epoch: 92 [25600/50000 (51%)]	Loss: 0.003032
Train Epoch: 92 [28800/50000 (58%)]	Loss: 0.001473
Train Epoch: 92 [32000/50000 (64%)]	Loss: 0.000734
Train Epoch: 92 [35200/50000 (70%)]	Loss: 0.000995
Train Epoch: 92 [38400/50000 (77%)]	Loss: 0.003421
Train Epoch: 92 [41600/50000 (83%)]	Loss: 0.008106
Train Epoch: 92 [44800/50000 (90%)]	Loss: 0.000892
Train Epoch: 92 [48000/50000 (96%)]	Loss: 0.000645

Test set: Average loss: 0.0004, Accuracy: 9283/10000 (93%)

Train Epoch: 93 [0/50000 (0%)]	Loss: 0.021636
Train Epoch: 93 [3200/50000 (6%)]	Loss: 0.002930
Train Epoch: 93 [6400/50000 (13%)]	Loss: 0.032511
Train Epoch: 93 [9600/50000 (19%)]	Loss: 0.007251
Train Epoch: 93 [12800/50000 (26%)]	Loss: 0.010741
Train Epoch: 93 [16000/50000 (32%)]	Loss: 0.037339
Train Epoch: 93 [19200/50000 (38%)]	Loss: 0.004506
Train Epoch: 93 [22400/50000 (45%)]	Loss: 0.002885
Train Epoch: 93 [25600/50000 (51%)]	Loss: 0.002570
Train Epoch: 93 [28800/50000 (58%)]	Loss: 0.002749
Train Epoch: 93 [32000/50000 (64%)]	Loss: 0.036401
Train Epoch: 93 [35200/50000 (70%)]	Loss: 0.004000
Train Epoch: 93 [38400/50000 (77%)]	Loss: 0.000882
Train Epoch: 93 [41600/50000 (83%)]	Loss: 0.000163
Train Epoch: 93 [44800/50000 (90%)]	Loss: 0.010831
Train Epoch: 93 [48000/50000 (96%)]	Loss: 0.000787

Test set: Average loss: 0.0004, Accuracy: 9272/10000 (93%)

Train Epoch: 94 [0/50000 (0%)]	Loss: 0.000858
Train Epoch: 94 [3200/50000 (6%)]	Loss: 0.000174
Train Epoch: 94 [6400/50000 (13%)]	Loss: 0.003196
Train Epoch: 94 [9600/50000 (19%)]	Loss: 0.012243
Train Epoch: 94 [12800/50000 (26%)]	Loss: 0.026344
Train Epoch: 94 [16000/50000 (32%)]	Loss: 0.003272
Train Epoch: 94 [19200/50000 (38%)]	Loss: 0.000896
Train Epoch: 94 [22400/50000 (45%)]	Loss: 0.000966
Train Epoch: 94 [25600/50000 (51%)]	Loss: 0.002840
Train Epoch: 94 [28800/50000 (58%)]	Loss: 0.001412
Train Epoch: 94 [32000/50000 (64%)]	Loss: 0.000855
Train Epoch: 94 [35200/50000 (70%)]	Loss: 0.001920
Train Epoch: 94 [38400/50000 (77%)]	Loss: 0.001546
Train Epoch: 94 [41600/50000 (83%)]	Loss: 0.001242
Train Epoch: 94 [44800/50000 (90%)]	Loss: 0.035545
Train Epoch: 94 [48000/50000 (96%)]	Loss: 0.000476

Test set: Average loss: 0.0004, Accuracy: 9287/10000 (93%)

Train Epoch: 95 [0/50000 (0%)]	Loss: 0.001165
Train Epoch: 95 [3200/50000 (6%)]	Loss: 0.002143
Train Epoch: 95 [6400/50000 (13%)]	Loss: 0.001082
Train Epoch: 95 [9600/50000 (19%)]	Loss: 0.000591
Train Epoch: 95 [12800/50000 (26%)]	Loss: 0.024711
Train Epoch: 95 [16000/50000 (32%)]	Loss: 0.000562
Train Epoch: 95 [19200/50000 (38%)]	Loss: 0.016556
Train Epoch: 95 [22400/50000 (45%)]	Loss: 0.005335
Train Epoch: 95 [25600/50000 (51%)]	Loss: 0.004572
Train Epoch: 95 [28800/50000 (58%)]	Loss: 0.002466
Train Epoch: 95 [32000/50000 (64%)]	Loss: 0.015934
Train Epoch: 95 [35200/50000 (70%)]	Loss: 0.001003
Train Epoch: 95 [38400/50000 (77%)]	Loss: 0.015686
Train Epoch: 95 [41600/50000 (83%)]	Loss: 0.002063
Train Epoch: 95 [44800/50000 (90%)]	Loss: 0.020888
Train Epoch: 95 [48000/50000 (96%)]	Loss: 0.008209

Test set: Average loss: 0.0004, Accuracy: 9269/10000 (93%)

Train Epoch: 96 [0/50000 (0%)]	Loss: 0.000473
Train Epoch: 96 [3200/50000 (6%)]	Loss: 0.028171
Train Epoch: 96 [6400/50000 (13%)]	Loss: 0.006090
Train Epoch: 96 [9600/50000 (19%)]	Loss: 0.000480
Train Epoch: 96 [12800/50000 (26%)]	Loss: 0.001577
Train Epoch: 96 [16000/50000 (32%)]	Loss: 0.002274
Train Epoch: 96 [19200/50000 (38%)]	Loss: 0.000255
Train Epoch: 96 [22400/50000 (45%)]	Loss: 0.002500
Train Epoch: 96 [25600/50000 (51%)]	Loss: 0.006883
Train Epoch: 96 [28800/50000 (58%)]	Loss: 0.019616
Train Epoch: 96 [32000/50000 (64%)]	Loss: 0.007979
Train Epoch: 96 [35200/50000 (70%)]	Loss: 0.004772
Train Epoch: 96 [38400/50000 (77%)]	Loss: 0.001843
Train Epoch: 96 [41600/50000 (83%)]	Loss: 0.001735
Train Epoch: 96 [44800/50000 (90%)]	Loss: 0.014760
Train Epoch: 96 [48000/50000 (96%)]	Loss: 0.002281

Test set: Average loss: 0.0004, Accuracy: 9292/10000 (93%)

Train Epoch: 97 [0/50000 (0%)]	Loss: 0.007767
Train Epoch: 97 [3200/50000 (6%)]	Loss: 0.012065
Train Epoch: 97 [6400/50000 (13%)]	Loss: 0.007315
Train Epoch: 97 [9600/50000 (19%)]	Loss: 0.002458
Train Epoch: 97 [12800/50000 (26%)]	Loss: 0.001820
Train Epoch: 97 [16000/50000 (32%)]	Loss: 0.003632
Train Epoch: 97 [19200/50000 (38%)]	Loss: 0.007773
Train Epoch: 97 [22400/50000 (45%)]	Loss: 0.001735
Train Epoch: 97 [25600/50000 (51%)]	Loss: 0.000990
Train Epoch: 97 [28800/50000 (58%)]	Loss: 0.003405
Train Epoch: 97 [32000/50000 (64%)]	Loss: 0.000233
Train Epoch: 97 [35200/50000 (70%)]	Loss: 0.009188
Train Epoch: 97 [38400/50000 (77%)]	Loss: 0.011952
Train Epoch: 97 [41600/50000 (83%)]	Loss: 0.001830
Train Epoch: 97 [44800/50000 (90%)]	Loss: 0.003946
Train Epoch: 97 [48000/50000 (96%)]	Loss: 0.020377

Test set: Average loss: 0.0004, Accuracy: 9278/10000 (93%)

Train Epoch: 98 [0/50000 (0%)]	Loss: 0.000369
Train Epoch: 98 [3200/50000 (6%)]	Loss: 0.009066
Train Epoch: 98 [6400/50000 (13%)]	Loss: 0.000564
Train Epoch: 98 [9600/50000 (19%)]	Loss: 0.003026
Train Epoch: 98 [12800/50000 (26%)]	Loss: 0.003585
Train Epoch: 98 [16000/50000 (32%)]	Loss: 0.002544
Train Epoch: 98 [19200/50000 (38%)]	Loss: 0.007093
Train Epoch: 98 [22400/50000 (45%)]	Loss: 0.000907
Train Epoch: 98 [25600/50000 (51%)]	Loss: 0.001381
Train Epoch: 98 [28800/50000 (58%)]	Loss: 0.000260
Train Epoch: 98 [32000/50000 (64%)]	Loss: 0.004687
Train Epoch: 98 [35200/50000 (70%)]	Loss: 0.001473
Train Epoch: 98 [38400/50000 (77%)]	Loss: 0.000949
Train Epoch: 98 [41600/50000 (83%)]	Loss: 0.005943
Train Epoch: 98 [44800/50000 (90%)]	Loss: 0.001872
Train Epoch: 98 [48000/50000 (96%)]	Loss: 0.001208

Test set: Average loss: 0.0004, Accuracy: 9289/10000 (93%)

Train Epoch: 99 [0/50000 (0%)]	Loss: 0.003580
Train Epoch: 99 [3200/50000 (6%)]	Loss: 0.000332
Train Epoch: 99 [6400/50000 (13%)]	Loss: 0.009835
Train Epoch: 99 [9600/50000 (19%)]	Loss: 0.001680
Train Epoch: 99 [12800/50000 (26%)]	Loss: 0.002684
Train Epoch: 99 [16000/50000 (32%)]	Loss: 0.000207
Train Epoch: 99 [19200/50000 (38%)]	Loss: 0.004352
Train Epoch: 99 [22400/50000 (45%)]	Loss: 0.001374
Train Epoch: 99 [25600/50000 (51%)]	Loss: 0.001987
Train Epoch: 99 [28800/50000 (58%)]	Loss: 0.003682
Train Epoch: 99 [32000/50000 (64%)]	Loss: 0.006200
Train Epoch: 99 [35200/50000 (70%)]	Loss: 0.026529
Train Epoch: 99 [38400/50000 (77%)]	Loss: 0.001088
Train Epoch: 99 [41600/50000 (83%)]	Loss: 0.004973
Train Epoch: 99 [44800/50000 (90%)]	Loss: 0.000670
Train Epoch: 99 [48000/50000 (96%)]	Loss: 0.005957

Test set: Average loss: 0.0004, Accuracy: 9262/10000 (93%)

Train Epoch: 100 [0/50000 (0%)]	Loss: 0.002275
Train Epoch: 100 [3200/50000 (6%)]	Loss: 0.003142
Train Epoch: 100 [6400/50000 (13%)]	Loss: 0.000699
Train Epoch: 100 [9600/50000 (19%)]	Loss: 0.003819
Train Epoch: 100 [12800/50000 (26%)]	Loss: 0.000476
Train Epoch: 100 [16000/50000 (32%)]	Loss: 0.001178
Train Epoch: 100 [19200/50000 (38%)]	Loss: 0.010214
Train Epoch: 100 [22400/50000 (45%)]	Loss: 0.000223
Train Epoch: 100 [25600/50000 (51%)]	Loss: 0.006699
Train Epoch: 100 [28800/50000 (58%)]	Loss: 0.004456
Train Epoch: 100 [32000/50000 (64%)]	Loss: 0.005736
Train Epoch: 100 [35200/50000 (70%)]	Loss: 0.001200
Train Epoch: 100 [38400/50000 (77%)]	Loss: 0.002093
Train Epoch: 100 [41600/50000 (83%)]	Loss: 0.002189
Train Epoch: 100 [44800/50000 (90%)]	Loss: 0.001275
Train Epoch: 100 [48000/50000 (96%)]	Loss: 0.017076

Test set: Average loss: 0.0004, Accuracy: 9280/10000 (93%)

