Files already downloaded and verified
Files already downloaded and verified
Total parameters: 3217226
Train Epoch: 1 [0/50000 (0%)]	Loss: 2.300484
Train Epoch: 1 [3200/50000 (6%)]	Loss: 2.116409
Train Epoch: 1 [6400/50000 (13%)]	Loss: 1.945571
Train Epoch: 1 [9600/50000 (19%)]	Loss: 1.701367
Train Epoch: 1 [12800/50000 (26%)]	Loss: 1.725150
Train Epoch: 1 [16000/50000 (32%)]	Loss: 1.637567
Train Epoch: 1 [19200/50000 (38%)]	Loss: 1.688852
Train Epoch: 1 [22400/50000 (45%)]	Loss: 1.685766
Train Epoch: 1 [25600/50000 (51%)]	Loss: 1.795368
Train Epoch: 1 [28800/50000 (58%)]	Loss: 1.581403
Train Epoch: 1 [32000/50000 (64%)]	Loss: 1.580084
Train Epoch: 1 [35200/50000 (70%)]	Loss: 1.574770
Train Epoch: 1 [38400/50000 (77%)]	Loss: 1.665374
Train Epoch: 1 [41600/50000 (83%)]	Loss: 1.567486
Train Epoch: 1 [44800/50000 (90%)]	Loss: 1.695728
Train Epoch: 1 [48000/50000 (96%)]	Loss: 1.246372

Test set: Average loss: 0.0014, Accuracy: 4758/10000 (48%)

Train Epoch: 2 [0/50000 (0%)]	Loss: 1.553635
Train Epoch: 2 [3200/50000 (6%)]	Loss: 1.545332
Train Epoch: 2 [6400/50000 (13%)]	Loss: 1.379626
Train Epoch: 2 [9600/50000 (19%)]	Loss: 1.372080
Train Epoch: 2 [12800/50000 (26%)]	Loss: 1.522575
Train Epoch: 2 [16000/50000 (32%)]	Loss: 1.401866
Train Epoch: 2 [19200/50000 (38%)]	Loss: 1.517516
Train Epoch: 2 [22400/50000 (45%)]	Loss: 1.191044
Train Epoch: 2 [25600/50000 (51%)]	Loss: 1.249910
Train Epoch: 2 [28800/50000 (58%)]	Loss: 1.407327
Train Epoch: 2 [32000/50000 (64%)]	Loss: 1.436375
Train Epoch: 2 [35200/50000 (70%)]	Loss: 1.257746
Train Epoch: 2 [38400/50000 (77%)]	Loss: 1.537962
Train Epoch: 2 [41600/50000 (83%)]	Loss: 1.120775
Train Epoch: 2 [44800/50000 (90%)]	Loss: 1.497199
Train Epoch: 2 [48000/50000 (96%)]	Loss: 1.127586

Test set: Average loss: 0.0013, Accuracy: 5616/10000 (56%)

Train Epoch: 3 [0/50000 (0%)]	Loss: 1.465880
Train Epoch: 3 [3200/50000 (6%)]	Loss: 0.968009
Train Epoch: 3 [6400/50000 (13%)]	Loss: 1.284954
Train Epoch: 3 [9600/50000 (19%)]	Loss: 1.186277
Train Epoch: 3 [12800/50000 (26%)]	Loss: 0.918336
Train Epoch: 3 [16000/50000 (32%)]	Loss: 1.092111
Train Epoch: 3 [19200/50000 (38%)]	Loss: 1.270594
Train Epoch: 3 [22400/50000 (45%)]	Loss: 1.226200
Train Epoch: 3 [25600/50000 (51%)]	Loss: 1.122126
Train Epoch: 3 [28800/50000 (58%)]	Loss: 1.260531
Train Epoch: 3 [32000/50000 (64%)]	Loss: 1.195106
Train Epoch: 3 [35200/50000 (70%)]	Loss: 0.894195
Train Epoch: 3 [38400/50000 (77%)]	Loss: 1.239904
Train Epoch: 3 [41600/50000 (83%)]	Loss: 0.974222
Train Epoch: 3 [44800/50000 (90%)]	Loss: 1.228446
Train Epoch: 3 [48000/50000 (96%)]	Loss: 1.030753

Test set: Average loss: 0.0010, Accuracy: 6476/10000 (65%)

Train Epoch: 4 [0/50000 (0%)]	Loss: 1.262774
Train Epoch: 4 [3200/50000 (6%)]	Loss: 1.027932
Train Epoch: 4 [6400/50000 (13%)]	Loss: 1.346950
Train Epoch: 4 [9600/50000 (19%)]	Loss: 0.950179
Train Epoch: 4 [12800/50000 (26%)]	Loss: 1.031121
Train Epoch: 4 [16000/50000 (32%)]	Loss: 1.100767
Train Epoch: 4 [19200/50000 (38%)]	Loss: 0.955744
Train Epoch: 4 [22400/50000 (45%)]	Loss: 0.903285
Train Epoch: 4 [25600/50000 (51%)]	Loss: 1.045732
Train Epoch: 4 [28800/50000 (58%)]	Loss: 1.229710
Train Epoch: 4 [32000/50000 (64%)]	Loss: 0.830041
Train Epoch: 4 [35200/50000 (70%)]	Loss: 0.869525
Train Epoch: 4 [38400/50000 (77%)]	Loss: 0.984485
Train Epoch: 4 [41600/50000 (83%)]	Loss: 1.128495
Train Epoch: 4 [44800/50000 (90%)]	Loss: 1.025988
Train Epoch: 4 [48000/50000 (96%)]	Loss: 0.692674

Test set: Average loss: 0.0009, Accuracy: 6796/10000 (68%)

Train Epoch: 5 [0/50000 (0%)]	Loss: 0.766849
Train Epoch: 5 [3200/50000 (6%)]	Loss: 0.762364
Train Epoch: 5 [6400/50000 (13%)]	Loss: 0.727924
Train Epoch: 5 [9600/50000 (19%)]	Loss: 1.002500
Train Epoch: 5 [12800/50000 (26%)]	Loss: 0.713032
Train Epoch: 5 [16000/50000 (32%)]	Loss: 1.009941
Train Epoch: 5 [19200/50000 (38%)]	Loss: 0.964066
Train Epoch: 5 [22400/50000 (45%)]	Loss: 1.026106
Train Epoch: 5 [25600/50000 (51%)]	Loss: 0.956701
Train Epoch: 5 [28800/50000 (58%)]	Loss: 0.772985
Train Epoch: 5 [32000/50000 (64%)]	Loss: 0.949577
Train Epoch: 5 [35200/50000 (70%)]	Loss: 0.676960
Train Epoch: 5 [38400/50000 (77%)]	Loss: 0.874088
Train Epoch: 5 [41600/50000 (83%)]	Loss: 1.094337
Train Epoch: 5 [44800/50000 (90%)]	Loss: 1.033142
Train Epoch: 5 [48000/50000 (96%)]	Loss: 0.821247

Test set: Average loss: 0.0008, Accuracy: 7328/10000 (73%)

Train Epoch: 6 [0/50000 (0%)]	Loss: 0.887371
Train Epoch: 6 [3200/50000 (6%)]	Loss: 0.695965
Train Epoch: 6 [6400/50000 (13%)]	Loss: 0.626182
Train Epoch: 6 [9600/50000 (19%)]	Loss: 0.803752
Train Epoch: 6 [12800/50000 (26%)]	Loss: 0.842037
Train Epoch: 6 [16000/50000 (32%)]	Loss: 0.680672
Train Epoch: 6 [19200/50000 (38%)]	Loss: 0.867493
Train Epoch: 6 [22400/50000 (45%)]	Loss: 0.600987
Train Epoch: 6 [25600/50000 (51%)]	Loss: 0.981152
Train Epoch: 6 [28800/50000 (58%)]	Loss: 0.768574
Train Epoch: 6 [32000/50000 (64%)]	Loss: 0.590908
Train Epoch: 6 [35200/50000 (70%)]	Loss: 0.700221
Train Epoch: 6 [38400/50000 (77%)]	Loss: 0.628096
Train Epoch: 6 [41600/50000 (83%)]	Loss: 0.671450
Train Epoch: 6 [44800/50000 (90%)]	Loss: 0.670307
Train Epoch: 6 [48000/50000 (96%)]	Loss: 0.755463

Test set: Average loss: 0.0007, Accuracy: 7680/10000 (77%)

Train Epoch: 7 [0/50000 (0%)]	Loss: 0.965536
Train Epoch: 7 [3200/50000 (6%)]	Loss: 0.638013
Train Epoch: 7 [6400/50000 (13%)]	Loss: 0.956232
Train Epoch: 7 [9600/50000 (19%)]	Loss: 0.586427
Train Epoch: 7 [12800/50000 (26%)]	Loss: 0.846063
Train Epoch: 7 [16000/50000 (32%)]	Loss: 0.477692
Train Epoch: 7 [19200/50000 (38%)]	Loss: 0.875634
Train Epoch: 7 [22400/50000 (45%)]	Loss: 0.631990
Train Epoch: 7 [25600/50000 (51%)]	Loss: 0.717557
Train Epoch: 7 [28800/50000 (58%)]	Loss: 0.739663
Train Epoch: 7 [32000/50000 (64%)]	Loss: 0.630043
Train Epoch: 7 [35200/50000 (70%)]	Loss: 0.753444
Train Epoch: 7 [38400/50000 (77%)]	Loss: 0.837823
Train Epoch: 7 [41600/50000 (83%)]	Loss: 0.482764
Train Epoch: 7 [44800/50000 (90%)]	Loss: 0.655633
Train Epoch: 7 [48000/50000 (96%)]	Loss: 0.887826

Test set: Average loss: 0.0006, Accuracy: 7854/10000 (79%)

Train Epoch: 8 [0/50000 (0%)]	Loss: 0.764116
Train Epoch: 8 [3200/50000 (6%)]	Loss: 0.700796
Train Epoch: 8 [6400/50000 (13%)]	Loss: 0.600704
Train Epoch: 8 [9600/50000 (19%)]	Loss: 0.447386
Train Epoch: 8 [12800/50000 (26%)]	Loss: 0.516422
Train Epoch: 8 [16000/50000 (32%)]	Loss: 0.531541
Train Epoch: 8 [19200/50000 (38%)]	Loss: 0.649539
Train Epoch: 8 [22400/50000 (45%)]	Loss: 0.693984
Train Epoch: 8 [25600/50000 (51%)]	Loss: 0.726139
Train Epoch: 8 [28800/50000 (58%)]	Loss: 0.810815
Train Epoch: 8 [32000/50000 (64%)]	Loss: 0.741383
Train Epoch: 8 [35200/50000 (70%)]	Loss: 0.586782
Train Epoch: 8 [38400/50000 (77%)]	Loss: 0.608010
Train Epoch: 8 [41600/50000 (83%)]	Loss: 0.942453
Train Epoch: 8 [44800/50000 (90%)]	Loss: 0.652335
Train Epoch: 8 [48000/50000 (96%)]	Loss: 0.543448

Test set: Average loss: 0.0007, Accuracy: 7830/10000 (78%)

Train Epoch: 9 [0/50000 (0%)]	Loss: 0.654129
Train Epoch: 9 [3200/50000 (6%)]	Loss: 0.782330
Train Epoch: 9 [6400/50000 (13%)]	Loss: 0.503214
Train Epoch: 9 [9600/50000 (19%)]	Loss: 0.488910
Train Epoch: 9 [12800/50000 (26%)]	Loss: 0.558649
Train Epoch: 9 [16000/50000 (32%)]	Loss: 0.648758
Train Epoch: 9 [19200/50000 (38%)]	Loss: 0.771448
Train Epoch: 9 [22400/50000 (45%)]	Loss: 0.625861
Train Epoch: 9 [25600/50000 (51%)]	Loss: 0.599281
Train Epoch: 9 [28800/50000 (58%)]	Loss: 0.582247
Train Epoch: 9 [32000/50000 (64%)]	Loss: 0.666270
Train Epoch: 9 [35200/50000 (70%)]	Loss: 0.507158
Train Epoch: 9 [38400/50000 (77%)]	Loss: 0.720582
Train Epoch: 9 [41600/50000 (83%)]	Loss: 0.705774
Train Epoch: 9 [44800/50000 (90%)]	Loss: 0.508397
Train Epoch: 9 [48000/50000 (96%)]	Loss: 0.778837

Test set: Average loss: 0.0006, Accuracy: 8002/10000 (80%)

Train Epoch: 10 [0/50000 (0%)]	Loss: 0.459080
Train Epoch: 10 [3200/50000 (6%)]	Loss: 0.900633
Train Epoch: 10 [6400/50000 (13%)]	Loss: 0.495444
Train Epoch: 10 [9600/50000 (19%)]	Loss: 0.387302
Train Epoch: 10 [12800/50000 (26%)]	Loss: 0.438622
Train Epoch: 10 [16000/50000 (32%)]	Loss: 0.475820
Train Epoch: 10 [19200/50000 (38%)]	Loss: 0.489827
Train Epoch: 10 [22400/50000 (45%)]	Loss: 0.431823
Train Epoch: 10 [25600/50000 (51%)]	Loss: 0.593189
Train Epoch: 10 [28800/50000 (58%)]	Loss: 0.551703
Train Epoch: 10 [32000/50000 (64%)]	Loss: 0.635190
Train Epoch: 10 [35200/50000 (70%)]	Loss: 0.724476
Train Epoch: 10 [38400/50000 (77%)]	Loss: 0.478346
Train Epoch: 10 [41600/50000 (83%)]	Loss: 0.952976
Train Epoch: 10 [44800/50000 (90%)]	Loss: 0.361282
Train Epoch: 10 [48000/50000 (96%)]	Loss: 0.525709

Test set: Average loss: 0.0006, Accuracy: 8122/10000 (81%)

Train Epoch: 11 [0/50000 (0%)]	Loss: 0.573288
Train Epoch: 11 [3200/50000 (6%)]	Loss: 0.520212
Train Epoch: 11 [6400/50000 (13%)]	Loss: 0.419328
Train Epoch: 11 [9600/50000 (19%)]	Loss: 0.628330
Train Epoch: 11 [12800/50000 (26%)]	Loss: 0.464904
Train Epoch: 11 [16000/50000 (32%)]	Loss: 0.495901
Train Epoch: 11 [19200/50000 (38%)]	Loss: 0.351096
Train Epoch: 11 [22400/50000 (45%)]	Loss: 0.470601
Train Epoch: 11 [25600/50000 (51%)]	Loss: 0.533331
Train Epoch: 11 [28800/50000 (58%)]	Loss: 0.521824
Train Epoch: 11 [32000/50000 (64%)]	Loss: 0.610642
Train Epoch: 11 [35200/50000 (70%)]	Loss: 0.420394
Train Epoch: 11 [38400/50000 (77%)]	Loss: 0.413864
Train Epoch: 11 [41600/50000 (83%)]	Loss: 0.690173
Train Epoch: 11 [44800/50000 (90%)]	Loss: 0.606955
Train Epoch: 11 [48000/50000 (96%)]	Loss: 0.402219

Test set: Average loss: 0.0005, Accuracy: 8121/10000 (81%)

Train Epoch: 12 [0/50000 (0%)]	Loss: 0.569077
Train Epoch: 12 [3200/50000 (6%)]	Loss: 0.437788
Train Epoch: 12 [6400/50000 (13%)]	Loss: 0.486146
Train Epoch: 12 [9600/50000 (19%)]	Loss: 0.645527
Train Epoch: 12 [12800/50000 (26%)]	Loss: 0.718231
Train Epoch: 12 [16000/50000 (32%)]	Loss: 0.630604
Train Epoch: 12 [19200/50000 (38%)]	Loss: 0.460576
Train Epoch: 12 [22400/50000 (45%)]	Loss: 0.423279
Train Epoch: 12 [25600/50000 (51%)]	Loss: 0.447860
Train Epoch: 12 [28800/50000 (58%)]	Loss: 0.588643
Train Epoch: 12 [32000/50000 (64%)]	Loss: 0.424296
Train Epoch: 12 [35200/50000 (70%)]	Loss: 0.390488
Train Epoch: 12 [38400/50000 (77%)]	Loss: 0.557726
Train Epoch: 12 [41600/50000 (83%)]	Loss: 0.719680
Train Epoch: 12 [44800/50000 (90%)]	Loss: 0.611576
Train Epoch: 12 [48000/50000 (96%)]	Loss: 0.644461

Test set: Average loss: 0.0005, Accuracy: 8301/10000 (83%)

Train Epoch: 13 [0/50000 (0%)]	Loss: 0.536452
Train Epoch: 13 [3200/50000 (6%)]	Loss: 0.397769
Train Epoch: 13 [6400/50000 (13%)]	Loss: 0.315238
Train Epoch: 13 [9600/50000 (19%)]	Loss: 0.554217
Train Epoch: 13 [12800/50000 (26%)]	Loss: 0.609727
Train Epoch: 13 [16000/50000 (32%)]	Loss: 0.556258
Train Epoch: 13 [19200/50000 (38%)]	Loss: 0.437997
Train Epoch: 13 [22400/50000 (45%)]	Loss: 0.520081
Train Epoch: 13 [25600/50000 (51%)]	Loss: 0.463043
Train Epoch: 13 [28800/50000 (58%)]	Loss: 0.532973
Train Epoch: 13 [32000/50000 (64%)]	Loss: 0.489065
Train Epoch: 13 [35200/50000 (70%)]	Loss: 0.398885
Train Epoch: 13 [38400/50000 (77%)]	Loss: 0.578375
Train Epoch: 13 [41600/50000 (83%)]	Loss: 0.400153
Train Epoch: 13 [44800/50000 (90%)]	Loss: 0.363285
Train Epoch: 13 [48000/50000 (96%)]	Loss: 0.437142

Test set: Average loss: 0.0005, Accuracy: 8325/10000 (83%)

Train Epoch: 14 [0/50000 (0%)]	Loss: 0.431276
Train Epoch: 14 [3200/50000 (6%)]	Loss: 0.636199
Train Epoch: 14 [6400/50000 (13%)]	Loss: 0.456534
Train Epoch: 14 [9600/50000 (19%)]	Loss: 0.344188
Train Epoch: 14 [12800/50000 (26%)]	Loss: 0.768222
Train Epoch: 14 [16000/50000 (32%)]	Loss: 0.412595
Train Epoch: 14 [19200/50000 (38%)]	Loss: 0.344878
Train Epoch: 14 [22400/50000 (45%)]	Loss: 0.334192
Train Epoch: 14 [25600/50000 (51%)]	Loss: 0.622199
Train Epoch: 14 [28800/50000 (58%)]	Loss: 0.330374
Train Epoch: 14 [32000/50000 (64%)]	Loss: 0.493392
Train Epoch: 14 [35200/50000 (70%)]	Loss: 0.687293
Train Epoch: 14 [38400/50000 (77%)]	Loss: 0.608117
Train Epoch: 14 [41600/50000 (83%)]	Loss: 0.524051
Train Epoch: 14 [44800/50000 (90%)]	Loss: 0.712437
Train Epoch: 14 [48000/50000 (96%)]	Loss: 0.387922

Test set: Average loss: 0.0005, Accuracy: 8366/10000 (84%)

Train Epoch: 15 [0/50000 (0%)]	Loss: 0.493430
Train Epoch: 15 [3200/50000 (6%)]	Loss: 0.484688
Train Epoch: 15 [6400/50000 (13%)]	Loss: 0.532782
Train Epoch: 15 [9600/50000 (19%)]	Loss: 0.551768
Train Epoch: 15 [12800/50000 (26%)]	Loss: 0.343574
Train Epoch: 15 [16000/50000 (32%)]	Loss: 0.320482
Train Epoch: 15 [19200/50000 (38%)]	Loss: 0.529378
Train Epoch: 15 [22400/50000 (45%)]	Loss: 0.445897
Train Epoch: 15 [25600/50000 (51%)]	Loss: 0.392461
Train Epoch: 15 [28800/50000 (58%)]	Loss: 0.375948
Train Epoch: 15 [32000/50000 (64%)]	Loss: 0.665587
Train Epoch: 15 [35200/50000 (70%)]	Loss: 0.331343
Train Epoch: 15 [38400/50000 (77%)]	Loss: 0.591037
Train Epoch: 15 [41600/50000 (83%)]	Loss: 0.437284
Train Epoch: 15 [44800/50000 (90%)]	Loss: 0.366114
Train Epoch: 15 [48000/50000 (96%)]	Loss: 0.485895

Test set: Average loss: 0.0005, Accuracy: 8453/10000 (85%)

Train Epoch: 16 [0/50000 (0%)]	Loss: 0.459597
Train Epoch: 16 [3200/50000 (6%)]	Loss: 0.494559
Train Epoch: 16 [6400/50000 (13%)]	Loss: 0.337954
Train Epoch: 16 [9600/50000 (19%)]	Loss: 0.538335
Train Epoch: 16 [12800/50000 (26%)]	Loss: 0.480101
Train Epoch: 16 [16000/50000 (32%)]	Loss: 0.567480
Train Epoch: 16 [19200/50000 (38%)]	Loss: 0.606852
Train Epoch: 16 [22400/50000 (45%)]	Loss: 0.298118
Train Epoch: 16 [25600/50000 (51%)]	Loss: 0.247363
Train Epoch: 16 [28800/50000 (58%)]	Loss: 0.321282
Train Epoch: 16 [32000/50000 (64%)]	Loss: 0.599984
Train Epoch: 16 [35200/50000 (70%)]	Loss: 0.499012
Train Epoch: 16 [38400/50000 (77%)]	Loss: 0.277070
Train Epoch: 16 [41600/50000 (83%)]	Loss: 0.510630
Train Epoch: 16 [44800/50000 (90%)]	Loss: 0.251431
Train Epoch: 16 [48000/50000 (96%)]	Loss: 0.567711

Test set: Average loss: 0.0005, Accuracy: 8464/10000 (85%)

Train Epoch: 17 [0/50000 (0%)]	Loss: 0.358210
Train Epoch: 17 [3200/50000 (6%)]	Loss: 0.382654
Train Epoch: 17 [6400/50000 (13%)]	Loss: 0.382024
Train Epoch: 17 [9600/50000 (19%)]	Loss: 0.480433
Train Epoch: 17 [12800/50000 (26%)]	Loss: 0.563599
Train Epoch: 17 [16000/50000 (32%)]	Loss: 0.484384
Train Epoch: 17 [19200/50000 (38%)]	Loss: 0.368125
Train Epoch: 17 [22400/50000 (45%)]	Loss: 0.251226
Train Epoch: 17 [25600/50000 (51%)]	Loss: 0.441432
Train Epoch: 17 [28800/50000 (58%)]	Loss: 0.133348
Train Epoch: 17 [32000/50000 (64%)]	Loss: 0.257494
Train Epoch: 17 [35200/50000 (70%)]	Loss: 0.315995
Train Epoch: 17 [38400/50000 (77%)]	Loss: 0.290923
Train Epoch: 17 [41600/50000 (83%)]	Loss: 0.461583
Train Epoch: 17 [44800/50000 (90%)]	Loss: 0.319206
Train Epoch: 17 [48000/50000 (96%)]	Loss: 0.295867

Test set: Average loss: 0.0004, Accuracy: 8542/10000 (85%)

Train Epoch: 18 [0/50000 (0%)]	Loss: 0.466316
Train Epoch: 18 [3200/50000 (6%)]	Loss: 0.387347
Train Epoch: 18 [6400/50000 (13%)]	Loss: 0.359157
Train Epoch: 18 [9600/50000 (19%)]	Loss: 0.348941
Train Epoch: 18 [12800/50000 (26%)]	Loss: 0.275532
Train Epoch: 18 [16000/50000 (32%)]	Loss: 0.507595
Train Epoch: 18 [19200/50000 (38%)]	Loss: 0.514819
Train Epoch: 18 [22400/50000 (45%)]	Loss: 0.330785
Train Epoch: 18 [25600/50000 (51%)]	Loss: 0.527835
Train Epoch: 18 [28800/50000 (58%)]	Loss: 0.565731
Train Epoch: 18 [32000/50000 (64%)]	Loss: 0.474696
Train Epoch: 18 [35200/50000 (70%)]	Loss: 0.398635
Train Epoch: 18 [38400/50000 (77%)]	Loss: 0.399683
Train Epoch: 18 [41600/50000 (83%)]	Loss: 0.312857
Train Epoch: 18 [44800/50000 (90%)]	Loss: 0.443964
Train Epoch: 18 [48000/50000 (96%)]	Loss: 0.447543

Test set: Average loss: 0.0005, Accuracy: 8488/10000 (85%)

Train Epoch: 19 [0/50000 (0%)]	Loss: 0.389547
Train Epoch: 19 [3200/50000 (6%)]	Loss: 0.354040
Train Epoch: 19 [6400/50000 (13%)]	Loss: 0.679614
Train Epoch: 19 [9600/50000 (19%)]	Loss: 0.387804
Train Epoch: 19 [12800/50000 (26%)]	Loss: 0.321189
Train Epoch: 19 [16000/50000 (32%)]	Loss: 0.290646
Train Epoch: 19 [19200/50000 (38%)]	Loss: 0.353645
Train Epoch: 19 [22400/50000 (45%)]	Loss: 0.514442
Train Epoch: 19 [25600/50000 (51%)]	Loss: 0.387322
Train Epoch: 19 [28800/50000 (58%)]	Loss: 0.555170
Train Epoch: 19 [32000/50000 (64%)]	Loss: 0.461249
Train Epoch: 19 [35200/50000 (70%)]	Loss: 0.247659
Train Epoch: 19 [38400/50000 (77%)]	Loss: 0.235096
Train Epoch: 19 [41600/50000 (83%)]	Loss: 0.532841
Train Epoch: 19 [44800/50000 (90%)]	Loss: 0.392167
Train Epoch: 19 [48000/50000 (96%)]	Loss: 0.338817

Test set: Average loss: 0.0004, Accuracy: 8522/10000 (85%)

Train Epoch: 20 [0/50000 (0%)]	Loss: 0.301289
Train Epoch: 20 [3200/50000 (6%)]	Loss: 0.324986
Train Epoch: 20 [6400/50000 (13%)]	Loss: 0.402569
Train Epoch: 20 [9600/50000 (19%)]	Loss: 0.423685
Train Epoch: 20 [12800/50000 (26%)]	Loss: 0.375827
Train Epoch: 20 [16000/50000 (32%)]	Loss: 0.519671
Train Epoch: 20 [19200/50000 (38%)]	Loss: 0.380530
Train Epoch: 20 [22400/50000 (45%)]	Loss: 0.318297
Train Epoch: 20 [25600/50000 (51%)]	Loss: 0.364214
Train Epoch: 20 [28800/50000 (58%)]	Loss: 0.404090
Train Epoch: 20 [32000/50000 (64%)]	Loss: 0.392192
Train Epoch: 20 [35200/50000 (70%)]	Loss: 0.339405
Train Epoch: 20 [38400/50000 (77%)]	Loss: 0.387372
Train Epoch: 20 [41600/50000 (83%)]	Loss: 0.353834
Train Epoch: 20 [44800/50000 (90%)]	Loss: 0.401866
Train Epoch: 20 [48000/50000 (96%)]	Loss: 0.415618

Test set: Average loss: 0.0004, Accuracy: 8561/10000 (86%)

Train Epoch: 21 [0/50000 (0%)]	Loss: 0.257994
Train Epoch: 21 [3200/50000 (6%)]	Loss: 0.325232
Train Epoch: 21 [6400/50000 (13%)]	Loss: 0.551323
Train Epoch: 21 [9600/50000 (19%)]	Loss: 0.452158
Train Epoch: 21 [12800/50000 (26%)]	Loss: 0.268220
Train Epoch: 21 [16000/50000 (32%)]	Loss: 0.363711
Train Epoch: 21 [19200/50000 (38%)]	Loss: 0.404408
Train Epoch: 21 [22400/50000 (45%)]	Loss: 0.402040
Train Epoch: 21 [25600/50000 (51%)]	Loss: 0.536488
Train Epoch: 21 [28800/50000 (58%)]	Loss: 0.280289
Train Epoch: 21 [32000/50000 (64%)]	Loss: 0.367229
Train Epoch: 21 [35200/50000 (70%)]	Loss: 0.339905
Train Epoch: 21 [38400/50000 (77%)]	Loss: 0.287772
Train Epoch: 21 [41600/50000 (83%)]	Loss: 0.281249
Train Epoch: 21 [44800/50000 (90%)]	Loss: 0.282968
Train Epoch: 21 [48000/50000 (96%)]	Loss: 0.447319

Test set: Average loss: 0.0004, Accuracy: 8641/10000 (86%)

Train Epoch: 22 [0/50000 (0%)]	Loss: 0.316738
Train Epoch: 22 [3200/50000 (6%)]	Loss: 0.347198
Train Epoch: 22 [6400/50000 (13%)]	Loss: 0.437961
Train Epoch: 22 [9600/50000 (19%)]	Loss: 0.261061
Train Epoch: 22 [12800/50000 (26%)]	Loss: 0.176236
Train Epoch: 22 [16000/50000 (32%)]	Loss: 0.398221
Train Epoch: 22 [19200/50000 (38%)]	Loss: 0.409283
Train Epoch: 22 [22400/50000 (45%)]	Loss: 0.274694
Train Epoch: 22 [25600/50000 (51%)]	Loss: 0.193460
Train Epoch: 22 [28800/50000 (58%)]	Loss: 0.250369
Train Epoch: 22 [32000/50000 (64%)]	Loss: 0.296802
Train Epoch: 22 [35200/50000 (70%)]	Loss: 0.417390
Train Epoch: 22 [38400/50000 (77%)]	Loss: 0.302805
Train Epoch: 22 [41600/50000 (83%)]	Loss: 0.403405
Train Epoch: 22 [44800/50000 (90%)]	Loss: 0.347698
Train Epoch: 22 [48000/50000 (96%)]	Loss: 0.240786

Test set: Average loss: 0.0004, Accuracy: 8559/10000 (86%)

Train Epoch: 23 [0/50000 (0%)]	Loss: 0.291944
Train Epoch: 23 [3200/50000 (6%)]	Loss: 0.274782
Train Epoch: 23 [6400/50000 (13%)]	Loss: 0.249969
Train Epoch: 23 [9600/50000 (19%)]	Loss: 0.248381
Train Epoch: 23 [12800/50000 (26%)]	Loss: 0.322780
Train Epoch: 23 [16000/50000 (32%)]	Loss: 0.244425
Train Epoch: 23 [19200/50000 (38%)]	Loss: 0.332570
Train Epoch: 23 [22400/50000 (45%)]	Loss: 0.370212
Train Epoch: 23 [25600/50000 (51%)]	Loss: 0.290556
Train Epoch: 23 [28800/50000 (58%)]	Loss: 0.276031
Train Epoch: 23 [32000/50000 (64%)]	Loss: 0.348547
Train Epoch: 23 [35200/50000 (70%)]	Loss: 0.336704
Train Epoch: 23 [38400/50000 (77%)]	Loss: 0.337736
Train Epoch: 23 [41600/50000 (83%)]	Loss: 0.307393
Train Epoch: 23 [44800/50000 (90%)]	Loss: 0.416676
Train Epoch: 23 [48000/50000 (96%)]	Loss: 0.478800

Test set: Average loss: 0.0004, Accuracy: 8603/10000 (86%)

Train Epoch: 24 [0/50000 (0%)]	Loss: 0.374146
Train Epoch: 24 [3200/50000 (6%)]	Loss: 0.347932
Train Epoch: 24 [6400/50000 (13%)]	Loss: 0.228263
Train Epoch: 24 [9600/50000 (19%)]	Loss: 0.250020
Train Epoch: 24 [12800/50000 (26%)]	Loss: 0.263556
Train Epoch: 24 [16000/50000 (32%)]	Loss: 0.320921
Train Epoch: 24 [19200/50000 (38%)]	Loss: 0.238104
Train Epoch: 24 [22400/50000 (45%)]	Loss: 0.293500
Train Epoch: 24 [25600/50000 (51%)]	Loss: 0.221379
Train Epoch: 24 [28800/50000 (58%)]	Loss: 0.381378
Train Epoch: 24 [32000/50000 (64%)]	Loss: 0.230954
Train Epoch: 24 [35200/50000 (70%)]	Loss: 0.355309
Train Epoch: 24 [38400/50000 (77%)]	Loss: 0.331557
Train Epoch: 24 [41600/50000 (83%)]	Loss: 0.219700
Train Epoch: 24 [44800/50000 (90%)]	Loss: 0.164304
Train Epoch: 24 [48000/50000 (96%)]	Loss: 0.382402

Test set: Average loss: 0.0004, Accuracy: 8625/10000 (86%)

Train Epoch: 25 [0/50000 (0%)]	Loss: 0.164189
Train Epoch: 25 [3200/50000 (6%)]	Loss: 0.361947
Train Epoch: 25 [6400/50000 (13%)]	Loss: 0.230365
Train Epoch: 25 [9600/50000 (19%)]	Loss: 0.327039
Train Epoch: 25 [12800/50000 (26%)]	Loss: 0.324909
Train Epoch: 25 [16000/50000 (32%)]	Loss: 0.282041
Train Epoch: 25 [19200/50000 (38%)]	Loss: 0.328110
Train Epoch: 25 [22400/50000 (45%)]	Loss: 0.290684
Train Epoch: 25 [25600/50000 (51%)]	Loss: 0.295291
Train Epoch: 25 [28800/50000 (58%)]	Loss: 0.235518
Train Epoch: 25 [32000/50000 (64%)]	Loss: 0.243374
Train Epoch: 25 [35200/50000 (70%)]	Loss: 0.291589
Train Epoch: 25 [38400/50000 (77%)]	Loss: 0.214248
Train Epoch: 25 [41600/50000 (83%)]	Loss: 0.252341
Train Epoch: 25 [44800/50000 (90%)]	Loss: 0.354798
Train Epoch: 25 [48000/50000 (96%)]	Loss: 0.278555

Test set: Average loss: 0.0004, Accuracy: 8717/10000 (87%)

Train Epoch: 26 [0/50000 (0%)]	Loss: 0.163090
Train Epoch: 26 [3200/50000 (6%)]	Loss: 0.310336
Train Epoch: 26 [6400/50000 (13%)]	Loss: 0.278189
Train Epoch: 26 [9600/50000 (19%)]	Loss: 0.264730
Train Epoch: 26 [12800/50000 (26%)]	Loss: 0.170180
Train Epoch: 26 [16000/50000 (32%)]	Loss: 0.218700
Train Epoch: 26 [19200/50000 (38%)]	Loss: 0.258445
Train Epoch: 26 [22400/50000 (45%)]	Loss: 0.483765
Train Epoch: 26 [25600/50000 (51%)]	Loss: 0.235831
Train Epoch: 26 [28800/50000 (58%)]	Loss: 0.286278
Train Epoch: 26 [32000/50000 (64%)]	Loss: 0.283934
Train Epoch: 26 [35200/50000 (70%)]	Loss: 0.192672
Train Epoch: 26 [38400/50000 (77%)]	Loss: 0.253093
Train Epoch: 26 [41600/50000 (83%)]	Loss: 0.206502
Train Epoch: 26 [44800/50000 (90%)]	Loss: 0.513251
Train Epoch: 26 [48000/50000 (96%)]	Loss: 0.275051

Test set: Average loss: 0.0004, Accuracy: 8648/10000 (86%)

Train Epoch: 27 [0/50000 (0%)]	Loss: 0.213104
Train Epoch: 27 [3200/50000 (6%)]	Loss: 0.269808
Train Epoch: 27 [6400/50000 (13%)]	Loss: 0.496561
Train Epoch: 27 [9600/50000 (19%)]	Loss: 0.386496
Train Epoch: 27 [12800/50000 (26%)]	Loss: 0.221852
Train Epoch: 27 [16000/50000 (32%)]	Loss: 0.221813
Train Epoch: 27 [19200/50000 (38%)]	Loss: 0.199933
Train Epoch: 27 [22400/50000 (45%)]	Loss: 0.300808
Train Epoch: 27 [25600/50000 (51%)]	Loss: 0.323901
Train Epoch: 27 [28800/50000 (58%)]	Loss: 0.402357
Train Epoch: 27 [32000/50000 (64%)]	Loss: 0.399277
Train Epoch: 27 [35200/50000 (70%)]	Loss: 0.286589
Train Epoch: 27 [38400/50000 (77%)]	Loss: 0.357816
Train Epoch: 27 [41600/50000 (83%)]	Loss: 0.244858
Train Epoch: 27 [44800/50000 (90%)]	Loss: 0.346204
Train Epoch: 27 [48000/50000 (96%)]	Loss: 0.217634

Test set: Average loss: 0.0004, Accuracy: 8693/10000 (87%)

Train Epoch: 28 [0/50000 (0%)]	Loss: 0.478885
Train Epoch: 28 [3200/50000 (6%)]	Loss: 0.396405
Train Epoch: 28 [6400/50000 (13%)]	Loss: 0.376007
Train Epoch: 28 [9600/50000 (19%)]	Loss: 0.319451
Train Epoch: 28 [12800/50000 (26%)]	Loss: 0.197618
Train Epoch: 28 [16000/50000 (32%)]	Loss: 0.309236
Train Epoch: 28 [19200/50000 (38%)]	Loss: 0.228626
Train Epoch: 28 [22400/50000 (45%)]	Loss: 0.242359
Train Epoch: 28 [25600/50000 (51%)]	Loss: 0.231758
Train Epoch: 28 [28800/50000 (58%)]	Loss: 0.255784
Train Epoch: 28 [32000/50000 (64%)]	Loss: 0.515997
Train Epoch: 28 [35200/50000 (70%)]	Loss: 0.347199
Train Epoch: 28 [38400/50000 (77%)]	Loss: 0.156972
Train Epoch: 28 [41600/50000 (83%)]	Loss: 0.240027
Train Epoch: 28 [44800/50000 (90%)]	Loss: 0.422903
Train Epoch: 28 [48000/50000 (96%)]	Loss: 0.230486

Test set: Average loss: 0.0004, Accuracy: 8659/10000 (87%)

Train Epoch: 29 [0/50000 (0%)]	Loss: 0.241112
Train Epoch: 29 [3200/50000 (6%)]	Loss: 0.503350
Train Epoch: 29 [6400/50000 (13%)]	Loss: 0.205029
Train Epoch: 29 [9600/50000 (19%)]	Loss: 0.331157
Train Epoch: 29 [12800/50000 (26%)]	Loss: 0.242111
Train Epoch: 29 [16000/50000 (32%)]	Loss: 0.422170
Train Epoch: 29 [19200/50000 (38%)]	Loss: 0.255638
Train Epoch: 29 [22400/50000 (45%)]	Loss: 0.309345
Train Epoch: 29 [25600/50000 (51%)]	Loss: 0.282475
Train Epoch: 29 [28800/50000 (58%)]	Loss: 0.165702
Train Epoch: 29 [32000/50000 (64%)]	Loss: 0.206908
Train Epoch: 29 [35200/50000 (70%)]	Loss: 0.323701
Train Epoch: 29 [38400/50000 (77%)]	Loss: 0.272216
Train Epoch: 29 [41600/50000 (83%)]	Loss: 0.329100
Train Epoch: 29 [44800/50000 (90%)]	Loss: 0.543384
Train Epoch: 29 [48000/50000 (96%)]	Loss: 0.279803

Test set: Average loss: 0.0004, Accuracy: 8703/10000 (87%)

Train Epoch: 30 [0/50000 (0%)]	Loss: 0.227617
Train Epoch: 30 [3200/50000 (6%)]	Loss: 0.121513
Train Epoch: 30 [6400/50000 (13%)]	Loss: 0.201978
Train Epoch: 30 [9600/50000 (19%)]	Loss: 0.414700
Train Epoch: 30 [12800/50000 (26%)]	Loss: 0.179773
Train Epoch: 30 [16000/50000 (32%)]	Loss: 0.360681
Train Epoch: 30 [19200/50000 (38%)]	Loss: 0.389715
Train Epoch: 30 [22400/50000 (45%)]	Loss: 0.227233
Train Epoch: 30 [25600/50000 (51%)]	Loss: 0.352320
Train Epoch: 30 [28800/50000 (58%)]	Loss: 0.193887
Train Epoch: 30 [32000/50000 (64%)]	Loss: 0.220236
Train Epoch: 30 [35200/50000 (70%)]	Loss: 0.381445
Train Epoch: 30 [38400/50000 (77%)]	Loss: 0.224304
Train Epoch: 30 [41600/50000 (83%)]	Loss: 0.207393
Train Epoch: 30 [44800/50000 (90%)]	Loss: 0.147955
Train Epoch: 30 [48000/50000 (96%)]	Loss: 0.367276

Test set: Average loss: 0.0004, Accuracy: 8724/10000 (87%)

Train Epoch: 31 [0/50000 (0%)]	Loss: 0.151912
Train Epoch: 31 [3200/50000 (6%)]	Loss: 0.221407
Train Epoch: 31 [6400/50000 (13%)]	Loss: 0.165021
Train Epoch: 31 [9600/50000 (19%)]	Loss: 0.273321
Train Epoch: 31 [12800/50000 (26%)]	Loss: 0.324269
Train Epoch: 31 [16000/50000 (32%)]	Loss: 0.244547
Train Epoch: 31 [19200/50000 (38%)]	Loss: 0.276971
Train Epoch: 31 [22400/50000 (45%)]	Loss: 0.161340
Train Epoch: 31 [25600/50000 (51%)]	Loss: 0.439833
Train Epoch: 31 [28800/50000 (58%)]	Loss: 0.370122
Train Epoch: 31 [32000/50000 (64%)]	Loss: 0.176078
Train Epoch: 31 [35200/50000 (70%)]	Loss: 0.259654
Train Epoch: 31 [38400/50000 (77%)]	Loss: 0.142119
Train Epoch: 31 [41600/50000 (83%)]	Loss: 0.089539
Train Epoch: 31 [44800/50000 (90%)]	Loss: 0.214444
Train Epoch: 31 [48000/50000 (96%)]	Loss: 0.217413

Test set: Average loss: 0.0004, Accuracy: 8715/10000 (87%)

Train Epoch: 32 [0/50000 (0%)]	Loss: 0.338193
Train Epoch: 32 [3200/50000 (6%)]	Loss: 0.302495
Train Epoch: 32 [6400/50000 (13%)]	Loss: 0.120094
Train Epoch: 32 [9600/50000 (19%)]	Loss: 0.132480
Train Epoch: 32 [12800/50000 (26%)]	Loss: 0.163905
Train Epoch: 32 [16000/50000 (32%)]	Loss: 0.172394
Train Epoch: 32 [19200/50000 (38%)]	Loss: 0.290074
Train Epoch: 32 [22400/50000 (45%)]	Loss: 0.269419
Train Epoch: 32 [25600/50000 (51%)]	Loss: 0.175357
Train Epoch: 32 [28800/50000 (58%)]	Loss: 0.252370
Train Epoch: 32 [32000/50000 (64%)]	Loss: 0.382384
Train Epoch: 32 [35200/50000 (70%)]	Loss: 0.327938
Train Epoch: 32 [38400/50000 (77%)]	Loss: 0.267294
Train Epoch: 32 [41600/50000 (83%)]	Loss: 0.254712
Train Epoch: 32 [44800/50000 (90%)]	Loss: 0.139899
Train Epoch: 32 [48000/50000 (96%)]	Loss: 0.314719

Test set: Average loss: 0.0004, Accuracy: 8767/10000 (88%)

Train Epoch: 33 [0/50000 (0%)]	Loss: 0.215648
Train Epoch: 33 [3200/50000 (6%)]	Loss: 0.114941
Train Epoch: 33 [6400/50000 (13%)]	Loss: 0.214743
Train Epoch: 33 [9600/50000 (19%)]	Loss: 0.352200
Train Epoch: 33 [12800/50000 (26%)]	Loss: 0.239113
Train Epoch: 33 [16000/50000 (32%)]	Loss: 0.270923
Train Epoch: 33 [19200/50000 (38%)]	Loss: 0.223338
Train Epoch: 33 [22400/50000 (45%)]	Loss: 0.332232
Train Epoch: 33 [25600/50000 (51%)]	Loss: 0.134220
Train Epoch: 33 [28800/50000 (58%)]	Loss: 0.256144
Train Epoch: 33 [32000/50000 (64%)]	Loss: 0.226932
Train Epoch: 33 [35200/50000 (70%)]	Loss: 0.136876
Train Epoch: 33 [38400/50000 (77%)]	Loss: 0.249019
Train Epoch: 33 [41600/50000 (83%)]	Loss: 0.165681
Train Epoch: 33 [44800/50000 (90%)]	Loss: 0.146913
Train Epoch: 33 [48000/50000 (96%)]	Loss: 0.281374

Test set: Average loss: 0.0004, Accuracy: 8795/10000 (88%)

Train Epoch: 34 [0/50000 (0%)]	Loss: 0.148480
Train Epoch: 34 [3200/50000 (6%)]	Loss: 0.187354
Train Epoch: 34 [6400/50000 (13%)]	Loss: 0.196978
Train Epoch: 34 [9600/50000 (19%)]	Loss: 0.172441
Train Epoch: 34 [12800/50000 (26%)]	Loss: 0.310730
Train Epoch: 34 [16000/50000 (32%)]	Loss: 0.401587
Train Epoch: 34 [19200/50000 (38%)]	Loss: 0.189184
Train Epoch: 34 [22400/50000 (45%)]	Loss: 0.294014
Train Epoch: 34 [25600/50000 (51%)]	Loss: 0.267331
Train Epoch: 34 [28800/50000 (58%)]	Loss: 0.264511
Train Epoch: 34 [32000/50000 (64%)]	Loss: 0.154181
Train Epoch: 34 [35200/50000 (70%)]	Loss: 0.254629
Train Epoch: 34 [38400/50000 (77%)]	Loss: 0.261948
Train Epoch: 34 [41600/50000 (83%)]	Loss: 0.238758
Train Epoch: 34 [44800/50000 (90%)]	Loss: 0.116950
Train Epoch: 34 [48000/50000 (96%)]	Loss: 0.265981

Test set: Average loss: 0.0004, Accuracy: 8762/10000 (88%)

Train Epoch: 35 [0/50000 (0%)]	Loss: 0.270262
Train Epoch: 35 [3200/50000 (6%)]	Loss: 0.420005
Train Epoch: 35 [6400/50000 (13%)]	Loss: 0.220189
Train Epoch: 35 [9600/50000 (19%)]	Loss: 0.205642
Train Epoch: 35 [12800/50000 (26%)]	Loss: 0.305113
Train Epoch: 35 [16000/50000 (32%)]	Loss: 0.331301
Train Epoch: 35 [19200/50000 (38%)]	Loss: 0.381055
Train Epoch: 35 [22400/50000 (45%)]	Loss: 0.198933
Train Epoch: 35 [25600/50000 (51%)]	Loss: 0.317397
Train Epoch: 35 [28800/50000 (58%)]	Loss: 0.332545
Train Epoch: 35 [32000/50000 (64%)]	Loss: 0.258843
Train Epoch: 35 [35200/50000 (70%)]	Loss: 0.166427
Train Epoch: 35 [38400/50000 (77%)]	Loss: 0.288517
Train Epoch: 35 [41600/50000 (83%)]	Loss: 0.507419
Train Epoch: 35 [44800/50000 (90%)]	Loss: 0.151113
Train Epoch: 35 [48000/50000 (96%)]	Loss: 0.152533

Test set: Average loss: 0.0004, Accuracy: 8794/10000 (88%)

Train Epoch: 36 [0/50000 (0%)]	Loss: 0.216167
Train Epoch: 36 [3200/50000 (6%)]	Loss: 0.222853
Train Epoch: 36 [6400/50000 (13%)]	Loss: 0.225418
Train Epoch: 36 [9600/50000 (19%)]	Loss: 0.125113
Train Epoch: 36 [12800/50000 (26%)]	Loss: 0.151605
Train Epoch: 36 [16000/50000 (32%)]	Loss: 0.167563
Train Epoch: 36 [19200/50000 (38%)]	Loss: 0.195288
Train Epoch: 36 [22400/50000 (45%)]	Loss: 0.130030
Train Epoch: 36 [25600/50000 (51%)]	Loss: 0.215219
Train Epoch: 36 [28800/50000 (58%)]	Loss: 0.247748
Train Epoch: 36 [32000/50000 (64%)]	Loss: 0.285182
Train Epoch: 36 [35200/50000 (70%)]	Loss: 0.324901
Train Epoch: 36 [38400/50000 (77%)]	Loss: 0.362885
Train Epoch: 36 [41600/50000 (83%)]	Loss: 0.248570
Train Epoch: 36 [44800/50000 (90%)]	Loss: 0.438641
Train Epoch: 36 [48000/50000 (96%)]	Loss: 0.251506

Test set: Average loss: 0.0004, Accuracy: 8821/10000 (88%)

Train Epoch: 37 [0/50000 (0%)]	Loss: 0.185352
Train Epoch: 37 [3200/50000 (6%)]	Loss: 0.231995
Train Epoch: 37 [6400/50000 (13%)]	Loss: 0.206315
Train Epoch: 37 [9600/50000 (19%)]	Loss: 0.190314
Train Epoch: 37 [12800/50000 (26%)]	Loss: 0.170436
Train Epoch: 37 [16000/50000 (32%)]	Loss: 0.356476
Train Epoch: 37 [19200/50000 (38%)]	Loss: 0.190453
Train Epoch: 37 [22400/50000 (45%)]	Loss: 0.144966
Train Epoch: 37 [25600/50000 (51%)]	Loss: 0.170272
Train Epoch: 37 [28800/50000 (58%)]	Loss: 0.198768
Train Epoch: 37 [32000/50000 (64%)]	Loss: 0.123321
Train Epoch: 37 [35200/50000 (70%)]	Loss: 0.122929
Train Epoch: 37 [38400/50000 (77%)]	Loss: 0.095378
Train Epoch: 37 [41600/50000 (83%)]	Loss: 0.301836
Train Epoch: 37 [44800/50000 (90%)]	Loss: 0.213533
Train Epoch: 37 [48000/50000 (96%)]	Loss: 0.122563

Test set: Average loss: 0.0004, Accuracy: 8796/10000 (88%)

Train Epoch: 38 [0/50000 (0%)]	Loss: 0.203667
Train Epoch: 38 [3200/50000 (6%)]	Loss: 0.519386
Train Epoch: 38 [6400/50000 (13%)]	Loss: 0.190330
Train Epoch: 38 [9600/50000 (19%)]	Loss: 0.210952
Train Epoch: 38 [12800/50000 (26%)]	Loss: 0.221398
Train Epoch: 38 [16000/50000 (32%)]	Loss: 0.147738
Train Epoch: 38 [19200/50000 (38%)]	Loss: 0.208532
Train Epoch: 38 [22400/50000 (45%)]	Loss: 0.249987
Train Epoch: 38 [25600/50000 (51%)]	Loss: 0.200140
Train Epoch: 38 [28800/50000 (58%)]	Loss: 0.216023
Train Epoch: 38 [32000/50000 (64%)]	Loss: 0.326239
Train Epoch: 38 [35200/50000 (70%)]	Loss: 0.136990
Train Epoch: 38 [38400/50000 (77%)]	Loss: 0.114048
Train Epoch: 38 [41600/50000 (83%)]	Loss: 0.285162
Train Epoch: 38 [44800/50000 (90%)]	Loss: 0.112249
Train Epoch: 38 [48000/50000 (96%)]	Loss: 0.134564

Test set: Average loss: 0.0004, Accuracy: 8802/10000 (88%)

Train Epoch: 39 [0/50000 (0%)]	Loss: 0.160223
Train Epoch: 39 [3200/50000 (6%)]	Loss: 0.101283
Train Epoch: 39 [6400/50000 (13%)]	Loss: 0.226632
Train Epoch: 39 [9600/50000 (19%)]	Loss: 0.254860
Train Epoch: 39 [12800/50000 (26%)]	Loss: 0.055744
Train Epoch: 39 [16000/50000 (32%)]	Loss: 0.260750
Train Epoch: 39 [19200/50000 (38%)]	Loss: 0.310221
Train Epoch: 39 [22400/50000 (45%)]	Loss: 0.330327
Train Epoch: 39 [25600/50000 (51%)]	Loss: 0.103632
Train Epoch: 39 [28800/50000 (58%)]	Loss: 0.286403
Train Epoch: 39 [32000/50000 (64%)]	Loss: 0.191154
Train Epoch: 39 [35200/50000 (70%)]	Loss: 0.209352
Train Epoch: 39 [38400/50000 (77%)]	Loss: 0.213031
Train Epoch: 39 [41600/50000 (83%)]	Loss: 0.164824
Train Epoch: 39 [44800/50000 (90%)]	Loss: 0.175907
Train Epoch: 39 [48000/50000 (96%)]	Loss: 0.131138

Test set: Average loss: 0.0004, Accuracy: 8766/10000 (88%)

Train Epoch: 40 [0/50000 (0%)]	Loss: 0.115806
Train Epoch: 40 [3200/50000 (6%)]	Loss: 0.122735
Train Epoch: 40 [6400/50000 (13%)]	Loss: 0.249323
Train Epoch: 40 [9600/50000 (19%)]	Loss: 0.197052
Train Epoch: 40 [12800/50000 (26%)]	Loss: 0.292577
Train Epoch: 40 [16000/50000 (32%)]	Loss: 0.367966
Train Epoch: 40 [19200/50000 (38%)]	Loss: 0.516243
Train Epoch: 40 [22400/50000 (45%)]	Loss: 0.289345
Train Epoch: 40 [25600/50000 (51%)]	Loss: 0.209130
Train Epoch: 40 [28800/50000 (58%)]	Loss: 0.186058
Train Epoch: 40 [32000/50000 (64%)]	Loss: 0.231525
Train Epoch: 40 [35200/50000 (70%)]	Loss: 0.142642
Train Epoch: 40 [38400/50000 (77%)]	Loss: 0.314148
Train Epoch: 40 [41600/50000 (83%)]	Loss: 0.210994
Train Epoch: 40 [44800/50000 (90%)]	Loss: 0.290312
Train Epoch: 40 [48000/50000 (96%)]	Loss: 0.296698

Test set: Average loss: 0.0004, Accuracy: 8797/10000 (88%)

Train Epoch: 41 [0/50000 (0%)]	Loss: 0.103721
Train Epoch: 41 [3200/50000 (6%)]	Loss: 0.198238
Train Epoch: 41 [6400/50000 (13%)]	Loss: 0.179860
Train Epoch: 41 [9600/50000 (19%)]	Loss: 0.308932
Train Epoch: 41 [12800/50000 (26%)]	Loss: 0.230963
Train Epoch: 41 [16000/50000 (32%)]	Loss: 0.124615
Train Epoch: 41 [19200/50000 (38%)]	Loss: 0.220708
Train Epoch: 41 [22400/50000 (45%)]	Loss: 0.127829
Train Epoch: 41 [25600/50000 (51%)]	Loss: 0.074488
Train Epoch: 41 [28800/50000 (58%)]	Loss: 0.297591
Train Epoch: 41 [32000/50000 (64%)]	Loss: 0.165858
Train Epoch: 41 [35200/50000 (70%)]	Loss: 0.186516
Train Epoch: 41 [38400/50000 (77%)]	Loss: 0.220310
Train Epoch: 41 [41600/50000 (83%)]	Loss: 0.125006
Train Epoch: 41 [44800/50000 (90%)]	Loss: 0.225284
Train Epoch: 41 [48000/50000 (96%)]	Loss: 0.211436

Test set: Average loss: 0.0004, Accuracy: 8766/10000 (88%)

Train Epoch: 42 [0/50000 (0%)]	Loss: 0.162814
Train Epoch: 42 [3200/50000 (6%)]	Loss: 0.178258
Train Epoch: 42 [6400/50000 (13%)]	Loss: 0.124555
Train Epoch: 42 [9600/50000 (19%)]	Loss: 0.154692
Train Epoch: 42 [12800/50000 (26%)]	Loss: 0.262565
Train Epoch: 42 [16000/50000 (32%)]	Loss: 0.304671
Train Epoch: 42 [19200/50000 (38%)]	Loss: 0.226431
Train Epoch: 42 [22400/50000 (45%)]	Loss: 0.255611
Train Epoch: 42 [25600/50000 (51%)]	Loss: 0.231923
Train Epoch: 42 [28800/50000 (58%)]	Loss: 0.319459
Train Epoch: 42 [32000/50000 (64%)]	Loss: 0.264250
Train Epoch: 42 [35200/50000 (70%)]	Loss: 0.291769
Train Epoch: 42 [38400/50000 (77%)]	Loss: 0.141477
Train Epoch: 42 [41600/50000 (83%)]	Loss: 0.159327
Train Epoch: 42 [44800/50000 (90%)]	Loss: 0.117603
Train Epoch: 42 [48000/50000 (96%)]	Loss: 0.141226

Test set: Average loss: 0.0004, Accuracy: 8785/10000 (88%)

Train Epoch: 43 [0/50000 (0%)]	Loss: 0.165130
Train Epoch: 43 [3200/50000 (6%)]	Loss: 0.264565
Train Epoch: 43 [6400/50000 (13%)]	Loss: 0.155866
Train Epoch: 43 [9600/50000 (19%)]	Loss: 0.105148
Train Epoch: 43 [12800/50000 (26%)]	Loss: 0.257559
Train Epoch: 43 [16000/50000 (32%)]	Loss: 0.111879
Train Epoch: 43 [19200/50000 (38%)]	Loss: 0.090152
Train Epoch: 43 [22400/50000 (45%)]	Loss: 0.184798
Train Epoch: 43 [25600/50000 (51%)]	Loss: 0.167216
Train Epoch: 43 [28800/50000 (58%)]	Loss: 0.162722
Train Epoch: 43 [32000/50000 (64%)]	Loss: 0.206519
Train Epoch: 43 [35200/50000 (70%)]	Loss: 0.132952
Train Epoch: 43 [38400/50000 (77%)]	Loss: 0.264496
Train Epoch: 43 [41600/50000 (83%)]	Loss: 0.174532
Train Epoch: 43 [44800/50000 (90%)]	Loss: 0.126265
Train Epoch: 43 [48000/50000 (96%)]	Loss: 0.182082

Test set: Average loss: 0.0004, Accuracy: 8809/10000 (88%)

Train Epoch: 44 [0/50000 (0%)]	Loss: 0.188665
Train Epoch: 44 [3200/50000 (6%)]	Loss: 0.170847
Train Epoch: 44 [6400/50000 (13%)]	Loss: 0.251538
Train Epoch: 44 [9600/50000 (19%)]	Loss: 0.160157
Train Epoch: 44 [12800/50000 (26%)]	Loss: 0.207171
Train Epoch: 44 [16000/50000 (32%)]	Loss: 0.386515
Train Epoch: 44 [19200/50000 (38%)]	Loss: 0.152793
Train Epoch: 44 [22400/50000 (45%)]	Loss: 0.286518
Train Epoch: 44 [25600/50000 (51%)]	Loss: 0.197562
Train Epoch: 44 [28800/50000 (58%)]	Loss: 0.161214
Train Epoch: 44 [32000/50000 (64%)]	Loss: 0.126087
Train Epoch: 44 [35200/50000 (70%)]	Loss: 0.159961
Train Epoch: 44 [38400/50000 (77%)]	Loss: 0.143135
Train Epoch: 44 [41600/50000 (83%)]	Loss: 0.116335
Train Epoch: 44 [44800/50000 (90%)]	Loss: 0.233531
Train Epoch: 44 [48000/50000 (96%)]	Loss: 0.142654

Test set: Average loss: 0.0004, Accuracy: 8731/10000 (87%)

Train Epoch: 45 [0/50000 (0%)]	Loss: 0.143777
Train Epoch: 45 [3200/50000 (6%)]	Loss: 0.435343
Train Epoch: 45 [6400/50000 (13%)]	Loss: 0.136531
Train Epoch: 45 [9600/50000 (19%)]	Loss: 0.173573
Train Epoch: 45 [12800/50000 (26%)]	Loss: 0.145491
Train Epoch: 45 [16000/50000 (32%)]	Loss: 0.291000
Train Epoch: 45 [19200/50000 (38%)]	Loss: 0.234393
Train Epoch: 45 [22400/50000 (45%)]	Loss: 0.239188
Train Epoch: 45 [25600/50000 (51%)]	Loss: 0.233139
Train Epoch: 45 [28800/50000 (58%)]	Loss: 0.347587
Train Epoch: 45 [32000/50000 (64%)]	Loss: 0.197802
Train Epoch: 45 [35200/50000 (70%)]	Loss: 0.196221
Train Epoch: 45 [38400/50000 (77%)]	Loss: 0.208814
Train Epoch: 45 [41600/50000 (83%)]	Loss: 0.131207
Train Epoch: 45 [44800/50000 (90%)]	Loss: 0.182081
Train Epoch: 45 [48000/50000 (96%)]	Loss: 0.125125

Test set: Average loss: 0.0004, Accuracy: 8751/10000 (88%)

Train Epoch: 46 [0/50000 (0%)]	Loss: 0.475546
Train Epoch: 46 [3200/50000 (6%)]	Loss: 0.137260
Train Epoch: 46 [6400/50000 (13%)]	Loss: 0.220519
Train Epoch: 46 [9600/50000 (19%)]	Loss: 0.099984
Train Epoch: 46 [12800/50000 (26%)]	Loss: 0.230572
Train Epoch: 46 [16000/50000 (32%)]	Loss: 0.180411
Train Epoch: 46 [19200/50000 (38%)]	Loss: 0.188296
Train Epoch: 46 [22400/50000 (45%)]	Loss: 0.272576
Train Epoch: 46 [25600/50000 (51%)]	Loss: 0.129186
Train Epoch: 46 [28800/50000 (58%)]	Loss: 0.292580
Train Epoch: 46 [32000/50000 (64%)]	Loss: 0.179875
Train Epoch: 46 [35200/50000 (70%)]	Loss: 0.270308
Train Epoch: 46 [38400/50000 (77%)]	Loss: 0.190570
Train Epoch: 46 [41600/50000 (83%)]	Loss: 0.217969
Train Epoch: 46 [44800/50000 (90%)]	Loss: 0.141874
Train Epoch: 46 [48000/50000 (96%)]	Loss: 0.082240

Test set: Average loss: 0.0004, Accuracy: 8764/10000 (88%)

Train Epoch: 47 [0/50000 (0%)]	Loss: 0.091391
Train Epoch: 47 [3200/50000 (6%)]	Loss: 0.094676
Train Epoch: 47 [6400/50000 (13%)]	Loss: 0.168044
Train Epoch: 47 [9600/50000 (19%)]	Loss: 0.296996
Train Epoch: 47 [12800/50000 (26%)]	Loss: 0.082956
Train Epoch: 47 [16000/50000 (32%)]	Loss: 0.203633
Train Epoch: 47 [19200/50000 (38%)]	Loss: 0.187512
Train Epoch: 47 [22400/50000 (45%)]	Loss: 0.159434
Train Epoch: 47 [25600/50000 (51%)]	Loss: 0.210795
Train Epoch: 47 [28800/50000 (58%)]	Loss: 0.252663
Train Epoch: 47 [32000/50000 (64%)]	Loss: 0.093714
Train Epoch: 47 [35200/50000 (70%)]	Loss: 0.107941
Train Epoch: 47 [38400/50000 (77%)]	Loss: 0.333081
Train Epoch: 47 [41600/50000 (83%)]	Loss: 0.192529
Train Epoch: 47 [44800/50000 (90%)]	Loss: 0.148393
Train Epoch: 47 [48000/50000 (96%)]	Loss: 0.157838

Test set: Average loss: 0.0004, Accuracy: 8776/10000 (88%)

Train Epoch: 48 [0/50000 (0%)]	Loss: 0.436825
Train Epoch: 48 [3200/50000 (6%)]	Loss: 0.163897
Train Epoch: 48 [6400/50000 (13%)]	Loss: 0.175615
Train Epoch: 48 [9600/50000 (19%)]	Loss: 0.154701
Train Epoch: 48 [12800/50000 (26%)]	Loss: 0.207573
Train Epoch: 48 [16000/50000 (32%)]	Loss: 0.216330
Train Epoch: 48 [19200/50000 (38%)]	Loss: 0.225765
Train Epoch: 48 [22400/50000 (45%)]	Loss: 0.197535
Train Epoch: 48 [25600/50000 (51%)]	Loss: 0.183469
Train Epoch: 48 [28800/50000 (58%)]	Loss: 0.170821
Train Epoch: 48 [32000/50000 (64%)]	Loss: 0.233339
Train Epoch: 48 [35200/50000 (70%)]	Loss: 0.293904
Train Epoch: 48 [38400/50000 (77%)]	Loss: 0.134387
Train Epoch: 48 [41600/50000 (83%)]	Loss: 0.411553
Train Epoch: 48 [44800/50000 (90%)]	Loss: 0.246272
Train Epoch: 48 [48000/50000 (96%)]	Loss: 0.267708

Test set: Average loss: 0.0004, Accuracy: 8753/10000 (88%)

Train Epoch: 49 [0/50000 (0%)]	Loss: 0.153899
Train Epoch: 49 [3200/50000 (6%)]	Loss: 0.075522
Train Epoch: 49 [6400/50000 (13%)]	Loss: 0.218118
Train Epoch: 49 [9600/50000 (19%)]	Loss: 0.165663
Train Epoch: 49 [12800/50000 (26%)]	Loss: 0.148261
Train Epoch: 49 [16000/50000 (32%)]	Loss: 0.208577
Train Epoch: 49 [19200/50000 (38%)]	Loss: 0.100610
Train Epoch: 49 [22400/50000 (45%)]	Loss: 0.213923
Train Epoch: 49 [25600/50000 (51%)]	Loss: 0.237546
Train Epoch: 49 [28800/50000 (58%)]	Loss: 0.135320
Train Epoch: 49 [32000/50000 (64%)]	Loss: 0.235827
Train Epoch: 49 [35200/50000 (70%)]	Loss: 0.142927
Train Epoch: 49 [38400/50000 (77%)]	Loss: 0.106037
Train Epoch: 49 [41600/50000 (83%)]	Loss: 0.138092
Train Epoch: 49 [44800/50000 (90%)]	Loss: 0.155079
Train Epoch: 49 [48000/50000 (96%)]	Loss: 0.153222

Test set: Average loss: 0.0004, Accuracy: 8782/10000 (88%)

Train Epoch: 50 [0/50000 (0%)]	Loss: 0.154819
Train Epoch: 50 [3200/50000 (6%)]	Loss: 0.084615
Train Epoch: 50 [6400/50000 (13%)]	Loss: 0.127287
Train Epoch: 50 [9600/50000 (19%)]	Loss: 0.090564
Train Epoch: 50 [12800/50000 (26%)]	Loss: 0.101689
Train Epoch: 50 [16000/50000 (32%)]	Loss: 0.165014
Train Epoch: 50 [19200/50000 (38%)]	Loss: 0.110403
Train Epoch: 50 [22400/50000 (45%)]	Loss: 0.225594
Train Epoch: 50 [25600/50000 (51%)]	Loss: 0.236430
Train Epoch: 50 [28800/50000 (58%)]	Loss: 0.169453
Train Epoch: 50 [32000/50000 (64%)]	Loss: 0.368244
Train Epoch: 50 [35200/50000 (70%)]	Loss: 0.055118
Train Epoch: 50 [38400/50000 (77%)]	Loss: 0.181252
Train Epoch: 50 [41600/50000 (83%)]	Loss: 0.161019
Train Epoch: 50 [44800/50000 (90%)]	Loss: 0.221869
Train Epoch: 50 [48000/50000 (96%)]	Loss: 0.317411

Test set: Average loss: 0.0004, Accuracy: 8794/10000 (88%)

Train Epoch: 51 [0/50000 (0%)]	Loss: 0.135292
Train Epoch: 51 [3200/50000 (6%)]	Loss: 0.159596
Train Epoch: 51 [6400/50000 (13%)]	Loss: 0.271896
Train Epoch: 51 [9600/50000 (19%)]	Loss: 0.105216
Train Epoch: 51 [12800/50000 (26%)]	Loss: 0.067360
Train Epoch: 51 [16000/50000 (32%)]	Loss: 0.203815
Train Epoch: 51 [19200/50000 (38%)]	Loss: 0.135045
Train Epoch: 51 [22400/50000 (45%)]	Loss: 0.201696
Train Epoch: 51 [25600/50000 (51%)]	Loss: 0.194948
Train Epoch: 51 [28800/50000 (58%)]	Loss: 0.143154
Train Epoch: 51 [32000/50000 (64%)]	Loss: 0.145758
Train Epoch: 51 [35200/50000 (70%)]	Loss: 0.211843
Train Epoch: 51 [38400/50000 (77%)]	Loss: 0.292451
Train Epoch: 51 [41600/50000 (83%)]	Loss: 0.074895
Train Epoch: 51 [44800/50000 (90%)]	Loss: 0.201771
Train Epoch: 51 [48000/50000 (96%)]	Loss: 0.185315

Test set: Average loss: 0.0004, Accuracy: 8817/10000 (88%)

Train Epoch: 52 [0/50000 (0%)]	Loss: 0.184581
Train Epoch: 52 [3200/50000 (6%)]	Loss: 0.184797
Train Epoch: 52 [6400/50000 (13%)]	Loss: 0.098313
Train Epoch: 52 [9600/50000 (19%)]	Loss: 0.152385
Train Epoch: 52 [12800/50000 (26%)]	Loss: 0.052680
Train Epoch: 52 [16000/50000 (32%)]	Loss: 0.109002
Train Epoch: 52 [19200/50000 (38%)]	Loss: 0.162301
Train Epoch: 52 [22400/50000 (45%)]	Loss: 0.224577
Train Epoch: 52 [25600/50000 (51%)]	Loss: 0.223444
Train Epoch: 52 [28800/50000 (58%)]	Loss: 0.120779
Train Epoch: 52 [32000/50000 (64%)]	Loss: 0.218298
Train Epoch: 52 [35200/50000 (70%)]	Loss: 0.132632
Train Epoch: 52 [38400/50000 (77%)]	Loss: 0.138034
Train Epoch: 52 [41600/50000 (83%)]	Loss: 0.179157
Train Epoch: 52 [44800/50000 (90%)]	Loss: 0.305173
Train Epoch: 52 [48000/50000 (96%)]	Loss: 0.156420

Test set: Average loss: 0.0004, Accuracy: 8837/10000 (88%)

Train Epoch: 53 [0/50000 (0%)]	Loss: 0.298154
Train Epoch: 53 [3200/50000 (6%)]	Loss: 0.080823
Train Epoch: 53 [6400/50000 (13%)]	Loss: 0.079087
Train Epoch: 53 [9600/50000 (19%)]	Loss: 0.086403
Train Epoch: 53 [12800/50000 (26%)]	Loss: 0.152784
Train Epoch: 53 [16000/50000 (32%)]	Loss: 0.111042
Train Epoch: 53 [19200/50000 (38%)]	Loss: 0.060013
Train Epoch: 53 [22400/50000 (45%)]	Loss: 0.244636
Train Epoch: 53 [25600/50000 (51%)]	Loss: 0.145662
Train Epoch: 53 [28800/50000 (58%)]	Loss: 0.165478
Train Epoch: 53 [32000/50000 (64%)]	Loss: 0.127559
Train Epoch: 53 [35200/50000 (70%)]	Loss: 0.121788
Train Epoch: 53 [38400/50000 (77%)]	Loss: 0.046732
Train Epoch: 53 [41600/50000 (83%)]	Loss: 0.192141
Train Epoch: 53 [44800/50000 (90%)]	Loss: 0.117808
Train Epoch: 53 [48000/50000 (96%)]	Loss: 0.319698

Test set: Average loss: 0.0004, Accuracy: 8814/10000 (88%)

Train Epoch: 54 [0/50000 (0%)]	Loss: 0.097912
Train Epoch: 54 [3200/50000 (6%)]	Loss: 0.091640
Train Epoch: 54 [6400/50000 (13%)]	Loss: 0.047846
Train Epoch: 54 [9600/50000 (19%)]	Loss: 0.264611
Train Epoch: 54 [12800/50000 (26%)]	Loss: 0.209202
Train Epoch: 54 [16000/50000 (32%)]	Loss: 0.290730
Train Epoch: 54 [19200/50000 (38%)]	Loss: 0.247754
Train Epoch: 54 [22400/50000 (45%)]	Loss: 0.209699
Train Epoch: 54 [25600/50000 (51%)]	Loss: 0.118589
Train Epoch: 54 [28800/50000 (58%)]	Loss: 0.113967
Train Epoch: 54 [32000/50000 (64%)]	Loss: 0.163398
Train Epoch: 54 [35200/50000 (70%)]	Loss: 0.145257
Train Epoch: 54 [38400/50000 (77%)]	Loss: 0.119415
Train Epoch: 54 [41600/50000 (83%)]	Loss: 0.262571
Train Epoch: 54 [44800/50000 (90%)]	Loss: 0.176007
Train Epoch: 54 [48000/50000 (96%)]	Loss: 0.271500

Test set: Average loss: 0.0004, Accuracy: 8903/10000 (89%)

Train Epoch: 55 [0/50000 (0%)]	Loss: 0.155875
Train Epoch: 55 [3200/50000 (6%)]	Loss: 0.198397
Train Epoch: 55 [6400/50000 (13%)]	Loss: 0.163176
Train Epoch: 55 [9600/50000 (19%)]	Loss: 0.186806
Train Epoch: 55 [12800/50000 (26%)]	Loss: 0.147246
Train Epoch: 55 [16000/50000 (32%)]	Loss: 0.148999
Train Epoch: 55 [19200/50000 (38%)]	Loss: 0.155860
Train Epoch: 55 [22400/50000 (45%)]	Loss: 0.231825
Train Epoch: 55 [25600/50000 (51%)]	Loss: 0.094270
Train Epoch: 55 [28800/50000 (58%)]	Loss: 0.111640
Train Epoch: 55 [32000/50000 (64%)]	Loss: 0.079686
Train Epoch: 55 [35200/50000 (70%)]	Loss: 0.153910
Train Epoch: 55 [38400/50000 (77%)]	Loss: 0.140931
Train Epoch: 55 [41600/50000 (83%)]	Loss: 0.109996
Train Epoch: 55 [44800/50000 (90%)]	Loss: 0.222767
Train Epoch: 55 [48000/50000 (96%)]	Loss: 0.207613

Test set: Average loss: 0.0004, Accuracy: 8844/10000 (88%)

Train Epoch: 56 [0/50000 (0%)]	Loss: 0.110215
Train Epoch: 56 [3200/50000 (6%)]	Loss: 0.132891
Train Epoch: 56 [6400/50000 (13%)]	Loss: 0.128802
Train Epoch: 56 [9600/50000 (19%)]	Loss: 0.192677
Train Epoch: 56 [12800/50000 (26%)]	Loss: 0.216346
Train Epoch: 56 [16000/50000 (32%)]	Loss: 0.135418
Train Epoch: 56 [19200/50000 (38%)]	Loss: 0.106763
Train Epoch: 56 [22400/50000 (45%)]	Loss: 0.096674
Train Epoch: 56 [25600/50000 (51%)]	Loss: 0.091645
Train Epoch: 56 [28800/50000 (58%)]	Loss: 0.210966
Train Epoch: 56 [32000/50000 (64%)]	Loss: 0.199884
Train Epoch: 56 [35200/50000 (70%)]	Loss: 0.165224
Train Epoch: 56 [38400/50000 (77%)]	Loss: 0.032794
Train Epoch: 56 [41600/50000 (83%)]	Loss: 0.175547
Train Epoch: 56 [44800/50000 (90%)]	Loss: 0.061652
Train Epoch: 56 [48000/50000 (96%)]	Loss: 0.060934

Test set: Average loss: 0.0004, Accuracy: 8887/10000 (89%)

Train Epoch: 57 [0/50000 (0%)]	Loss: 0.140171
Train Epoch: 57 [3200/50000 (6%)]	Loss: 0.221453
Train Epoch: 57 [6400/50000 (13%)]	Loss: 0.233855
Train Epoch: 57 [9600/50000 (19%)]	Loss: 0.200606
Train Epoch: 57 [12800/50000 (26%)]	Loss: 0.205650
Train Epoch: 57 [16000/50000 (32%)]	Loss: 0.341984
Train Epoch: 57 [19200/50000 (38%)]	Loss: 0.143178
Train Epoch: 57 [22400/50000 (45%)]	Loss: 0.114713
Train Epoch: 57 [25600/50000 (51%)]	Loss: 0.050481
Train Epoch: 57 [28800/50000 (58%)]	Loss: 0.113036
Train Epoch: 57 [32000/50000 (64%)]	Loss: 0.181071
Train Epoch: 57 [35200/50000 (70%)]	Loss: 0.135732
Train Epoch: 57 [38400/50000 (77%)]	Loss: 0.091601
Train Epoch: 57 [41600/50000 (83%)]	Loss: 0.172543
Train Epoch: 57 [44800/50000 (90%)]	Loss: 0.125868
Train Epoch: 57 [48000/50000 (96%)]	Loss: 0.122880

Test set: Average loss: 0.0004, Accuracy: 8892/10000 (89%)

Train Epoch: 58 [0/50000 (0%)]	Loss: 0.169857
Train Epoch: 58 [3200/50000 (6%)]	Loss: 0.274165
Train Epoch: 58 [6400/50000 (13%)]	Loss: 0.199663
Train Epoch: 58 [9600/50000 (19%)]	Loss: 0.060205
Train Epoch: 58 [12800/50000 (26%)]	Loss: 0.149416
Train Epoch: 58 [16000/50000 (32%)]	Loss: 0.162981
Train Epoch: 58 [19200/50000 (38%)]	Loss: 0.071136
Train Epoch: 58 [22400/50000 (45%)]	Loss: 0.183259
Train Epoch: 58 [25600/50000 (51%)]	Loss: 0.156986
Train Epoch: 58 [28800/50000 (58%)]	Loss: 0.406653
Train Epoch: 58 [32000/50000 (64%)]	Loss: 0.168422
Train Epoch: 58 [35200/50000 (70%)]	Loss: 0.162073
Train Epoch: 58 [38400/50000 (77%)]	Loss: 0.133052
Train Epoch: 58 [41600/50000 (83%)]	Loss: 0.159759
Train Epoch: 58 [44800/50000 (90%)]	Loss: 0.223888
Train Epoch: 58 [48000/50000 (96%)]	Loss: 0.188777

Test set: Average loss: 0.0004, Accuracy: 8934/10000 (89%)

Train Epoch: 59 [0/50000 (0%)]	Loss: 0.072763
Train Epoch: 59 [3200/50000 (6%)]	Loss: 0.278456
Train Epoch: 59 [6400/50000 (13%)]	Loss: 0.142829
Train Epoch: 59 [9600/50000 (19%)]	Loss: 0.238659
Train Epoch: 59 [12800/50000 (26%)]	Loss: 0.118763
Train Epoch: 59 [16000/50000 (32%)]	Loss: 0.063232
Train Epoch: 59 [19200/50000 (38%)]	Loss: 0.119016
Train Epoch: 59 [22400/50000 (45%)]	Loss: 0.138600
Train Epoch: 59 [25600/50000 (51%)]	Loss: 0.073716
Train Epoch: 59 [28800/50000 (58%)]	Loss: 0.250483
Train Epoch: 59 [32000/50000 (64%)]	Loss: 0.177117
Train Epoch: 59 [35200/50000 (70%)]	Loss: 0.247312
Train Epoch: 59 [38400/50000 (77%)]	Loss: 0.139287
Train Epoch: 59 [41600/50000 (83%)]	Loss: 0.155950
Train Epoch: 59 [44800/50000 (90%)]	Loss: 0.108700
Train Epoch: 59 [48000/50000 (96%)]	Loss: 0.156163

Test set: Average loss: 0.0004, Accuracy: 8894/10000 (89%)

Train Epoch: 60 [0/50000 (0%)]	Loss: 0.031344
Train Epoch: 60 [3200/50000 (6%)]	Loss: 0.174426
Train Epoch: 60 [6400/50000 (13%)]	Loss: 0.258008
Train Epoch: 60 [9600/50000 (19%)]	Loss: 0.166463
Train Epoch: 60 [12800/50000 (26%)]	Loss: 0.133260
Train Epoch: 60 [16000/50000 (32%)]	Loss: 0.213912
Train Epoch: 60 [19200/50000 (38%)]	Loss: 0.347768
Train Epoch: 60 [22400/50000 (45%)]	Loss: 0.217124
Train Epoch: 60 [25600/50000 (51%)]	Loss: 0.234934
Train Epoch: 60 [28800/50000 (58%)]	Loss: 0.062266
Train Epoch: 60 [32000/50000 (64%)]	Loss: 0.138725
Train Epoch: 60 [35200/50000 (70%)]	Loss: 0.153684
Train Epoch: 60 [38400/50000 (77%)]	Loss: 0.133612
Train Epoch: 60 [41600/50000 (83%)]	Loss: 0.232714
Train Epoch: 60 [44800/50000 (90%)]	Loss: 0.152697
Train Epoch: 60 [48000/50000 (96%)]	Loss: 0.172710

Test set: Average loss: 0.0004, Accuracy: 8944/10000 (89%)

Train Epoch: 61 [0/50000 (0%)]	Loss: 0.201084
Train Epoch: 61 [3200/50000 (6%)]	Loss: 0.184902
Train Epoch: 61 [6400/50000 (13%)]	Loss: 0.094738
Train Epoch: 61 [9600/50000 (19%)]	Loss: 0.132963
Train Epoch: 61 [12800/50000 (26%)]	Loss: 0.270042
Train Epoch: 61 [16000/50000 (32%)]	Loss: 0.219661
Train Epoch: 61 [19200/50000 (38%)]	Loss: 0.054876
Train Epoch: 61 [22400/50000 (45%)]	Loss: 0.057728
Train Epoch: 61 [25600/50000 (51%)]	Loss: 0.093553
Train Epoch: 61 [28800/50000 (58%)]	Loss: 0.066180
Train Epoch: 61 [32000/50000 (64%)]	Loss: 0.109255
Train Epoch: 61 [35200/50000 (70%)]	Loss: 0.143450
Train Epoch: 61 [38400/50000 (77%)]	Loss: 0.165500
Train Epoch: 61 [41600/50000 (83%)]	Loss: 0.176348
Train Epoch: 61 [44800/50000 (90%)]	Loss: 0.123590
Train Epoch: 61 [48000/50000 (96%)]	Loss: 0.169271

Test set: Average loss: 0.0004, Accuracy: 8907/10000 (89%)

Train Epoch: 62 [0/50000 (0%)]	Loss: 0.149340
Train Epoch: 62 [3200/50000 (6%)]	Loss: 0.225654
Train Epoch: 62 [6400/50000 (13%)]	Loss: 0.113315
Train Epoch: 62 [9600/50000 (19%)]	Loss: 0.057569
Train Epoch: 62 [12800/50000 (26%)]	Loss: 0.140082
Train Epoch: 62 [16000/50000 (32%)]	Loss: 0.184191
Train Epoch: 62 [19200/50000 (38%)]	Loss: 0.134987
Train Epoch: 62 [22400/50000 (45%)]	Loss: 0.313029
Train Epoch: 62 [25600/50000 (51%)]	Loss: 0.114945
Train Epoch: 62 [28800/50000 (58%)]	Loss: 0.123294
Train Epoch: 62 [32000/50000 (64%)]	Loss: 0.123507
Train Epoch: 62 [35200/50000 (70%)]	Loss: 0.128890
Train Epoch: 62 [38400/50000 (77%)]	Loss: 0.302518
Train Epoch: 62 [41600/50000 (83%)]	Loss: 0.212515
Train Epoch: 62 [44800/50000 (90%)]	Loss: 0.199165
Train Epoch: 62 [48000/50000 (96%)]	Loss: 0.094080

Test set: Average loss: 0.0004, Accuracy: 8882/10000 (89%)

Train Epoch: 63 [0/50000 (0%)]	Loss: 0.327995
Train Epoch: 63 [3200/50000 (6%)]	Loss: 0.139938
Train Epoch: 63 [6400/50000 (13%)]	Loss: 0.190309
Train Epoch: 63 [9600/50000 (19%)]	Loss: 0.200935
Train Epoch: 63 [12800/50000 (26%)]	Loss: 0.064402
Train Epoch: 63 [16000/50000 (32%)]	Loss: 0.113803
Train Epoch: 63 [19200/50000 (38%)]	Loss: 0.169410
Train Epoch: 63 [22400/50000 (45%)]	Loss: 0.063175
Train Epoch: 63 [25600/50000 (51%)]	Loss: 0.147029
Train Epoch: 63 [28800/50000 (58%)]	Loss: 0.132131
Train Epoch: 63 [32000/50000 (64%)]	Loss: 0.173118
Train Epoch: 63 [35200/50000 (70%)]	Loss: 0.100918
Train Epoch: 63 [38400/50000 (77%)]	Loss: 0.155102
Train Epoch: 63 [41600/50000 (83%)]	Loss: 0.211257
Train Epoch: 63 [44800/50000 (90%)]	Loss: 0.079237
Train Epoch: 63 [48000/50000 (96%)]	Loss: 0.144326

Test set: Average loss: 0.0004, Accuracy: 8877/10000 (89%)

Train Epoch: 64 [0/50000 (0%)]	Loss: 0.071185
Train Epoch: 64 [3200/50000 (6%)]	Loss: 0.228517
Train Epoch: 64 [6400/50000 (13%)]	Loss: 0.330724
Train Epoch: 64 [9600/50000 (19%)]	Loss: 0.076674
Train Epoch: 64 [12800/50000 (26%)]	Loss: 0.211880
Train Epoch: 64 [16000/50000 (32%)]	Loss: 0.081660
Train Epoch: 64 [19200/50000 (38%)]	Loss: 0.092359
Train Epoch: 64 [22400/50000 (45%)]	Loss: 0.176625
Train Epoch: 64 [25600/50000 (51%)]	Loss: 0.097136
Train Epoch: 64 [28800/50000 (58%)]	Loss: 0.233218
Train Epoch: 64 [32000/50000 (64%)]	Loss: 0.237460
Train Epoch: 64 [35200/50000 (70%)]	Loss: 0.201277
Train Epoch: 64 [38400/50000 (77%)]	Loss: 0.321400
Train Epoch: 64 [41600/50000 (83%)]	Loss: 0.139821
Train Epoch: 64 [44800/50000 (90%)]	Loss: 0.101644
Train Epoch: 64 [48000/50000 (96%)]	Loss: 0.211714

Test set: Average loss: 0.0004, Accuracy: 8871/10000 (89%)

Train Epoch: 65 [0/50000 (0%)]	Loss: 0.058770
Train Epoch: 65 [3200/50000 (6%)]	Loss: 0.152513
Train Epoch: 65 [6400/50000 (13%)]	Loss: 0.125864
Train Epoch: 65 [9600/50000 (19%)]	Loss: 0.066438
Train Epoch: 65 [12800/50000 (26%)]	Loss: 0.113745
Train Epoch: 65 [16000/50000 (32%)]	Loss: 0.138045
Train Epoch: 65 [19200/50000 (38%)]	Loss: 0.176934
Train Epoch: 65 [22400/50000 (45%)]	Loss: 0.133656
Train Epoch: 65 [25600/50000 (51%)]	Loss: 0.133329
Train Epoch: 65 [28800/50000 (58%)]	Loss: 0.034815
Train Epoch: 65 [32000/50000 (64%)]	Loss: 0.107862
Train Epoch: 65 [35200/50000 (70%)]	Loss: 0.306668
Train Epoch: 65 [38400/50000 (77%)]	Loss: 0.162757
Train Epoch: 65 [41600/50000 (83%)]	Loss: 0.164194
Train Epoch: 65 [44800/50000 (90%)]	Loss: 0.236523
Train Epoch: 65 [48000/50000 (96%)]	Loss: 0.152854

Test set: Average loss: 0.0004, Accuracy: 8881/10000 (89%)

Train Epoch: 66 [0/50000 (0%)]	Loss: 0.182170
Train Epoch: 66 [3200/50000 (6%)]	Loss: 0.060996
Train Epoch: 66 [6400/50000 (13%)]	Loss: 0.152077
Train Epoch: 66 [9600/50000 (19%)]	Loss: 0.212515
Train Epoch: 66 [12800/50000 (26%)]	Loss: 0.058249
Train Epoch: 66 [16000/50000 (32%)]	Loss: 0.129213
Train Epoch: 66 [19200/50000 (38%)]	Loss: 0.050118
Train Epoch: 66 [22400/50000 (45%)]	Loss: 0.167092
Train Epoch: 66 [25600/50000 (51%)]	Loss: 0.095302
Train Epoch: 66 [28800/50000 (58%)]	Loss: 0.124686
Train Epoch: 66 [32000/50000 (64%)]	Loss: 0.117227
Train Epoch: 66 [35200/50000 (70%)]	Loss: 0.080076
Train Epoch: 66 [38400/50000 (77%)]	Loss: 0.179899
Train Epoch: 66 [41600/50000 (83%)]	Loss: 0.163740
Train Epoch: 66 [44800/50000 (90%)]	Loss: 0.265092
Train Epoch: 66 [48000/50000 (96%)]	Loss: 0.084644

Test set: Average loss: 0.0004, Accuracy: 8922/10000 (89%)

Train Epoch: 67 [0/50000 (0%)]	Loss: 0.190432
Train Epoch: 67 [3200/50000 (6%)]	Loss: 0.080531
Train Epoch: 67 [6400/50000 (13%)]	Loss: 0.095609
Train Epoch: 67 [9600/50000 (19%)]	Loss: 0.050598
Train Epoch: 67 [12800/50000 (26%)]	Loss: 0.052119
Train Epoch: 67 [16000/50000 (32%)]	Loss: 0.214050
Train Epoch: 67 [19200/50000 (38%)]	Loss: 0.163656
Train Epoch: 67 [22400/50000 (45%)]	Loss: 0.148470
Train Epoch: 67 [25600/50000 (51%)]	Loss: 0.060299
Train Epoch: 67 [28800/50000 (58%)]	Loss: 0.083728
Train Epoch: 67 [32000/50000 (64%)]	Loss: 0.127365
Train Epoch: 67 [35200/50000 (70%)]	Loss: 0.179926
Train Epoch: 67 [38400/50000 (77%)]	Loss: 0.186654
Train Epoch: 67 [41600/50000 (83%)]	Loss: 0.168697
Train Epoch: 67 [44800/50000 (90%)]	Loss: 0.111807
Train Epoch: 67 [48000/50000 (96%)]	Loss: 0.173348

Test set: Average loss: 0.0004, Accuracy: 8889/10000 (89%)

Train Epoch: 68 [0/50000 (0%)]	Loss: 0.094962
Train Epoch: 68 [3200/50000 (6%)]	Loss: 0.043891
Train Epoch: 68 [6400/50000 (13%)]	Loss: 0.109614
Train Epoch: 68 [9600/50000 (19%)]	Loss: 0.043770
Train Epoch: 68 [12800/50000 (26%)]	Loss: 0.080303
Train Epoch: 68 [16000/50000 (32%)]	Loss: 0.078873
Train Epoch: 68 [19200/50000 (38%)]	Loss: 0.155843
Train Epoch: 68 [22400/50000 (45%)]	Loss: 0.104600
Train Epoch: 68 [25600/50000 (51%)]	Loss: 0.088640
Train Epoch: 68 [28800/50000 (58%)]	Loss: 0.032327
Train Epoch: 68 [32000/50000 (64%)]	Loss: 0.085256
Train Epoch: 68 [35200/50000 (70%)]	Loss: 0.114906
Train Epoch: 68 [38400/50000 (77%)]	Loss: 0.165452
Train Epoch: 68 [41600/50000 (83%)]	Loss: 0.119477
Train Epoch: 68 [44800/50000 (90%)]	Loss: 0.063232
Train Epoch: 68 [48000/50000 (96%)]	Loss: 0.105755

Test set: Average loss: 0.0004, Accuracy: 8885/10000 (89%)

Train Epoch: 69 [0/50000 (0%)]	Loss: 0.050415
Train Epoch: 69 [3200/50000 (6%)]	Loss: 0.131673
Train Epoch: 69 [6400/50000 (13%)]	Loss: 0.067780
Train Epoch: 69 [9600/50000 (19%)]	Loss: 0.112753
Train Epoch: 69 [12800/50000 (26%)]	Loss: 0.043391
Train Epoch: 69 [16000/50000 (32%)]	Loss: 0.119743
Train Epoch: 69 [19200/50000 (38%)]	Loss: 0.117501
Train Epoch: 69 [22400/50000 (45%)]	Loss: 0.097476
Train Epoch: 69 [25600/50000 (51%)]	Loss: 0.034871
Train Epoch: 69 [28800/50000 (58%)]	Loss: 0.246141
Train Epoch: 69 [32000/50000 (64%)]	Loss: 0.123362
Train Epoch: 69 [35200/50000 (70%)]	Loss: 0.293704
Train Epoch: 69 [38400/50000 (77%)]	Loss: 0.105212
Train Epoch: 69 [41600/50000 (83%)]	Loss: 0.148084
Train Epoch: 69 [44800/50000 (90%)]	Loss: 0.084061
Train Epoch: 69 [48000/50000 (96%)]	Loss: 0.133495

Test set: Average loss: 0.0004, Accuracy: 8814/10000 (88%)

Train Epoch: 70 [0/50000 (0%)]	Loss: 0.210277
Train Epoch: 70 [3200/50000 (6%)]	Loss: 0.146645
Train Epoch: 70 [6400/50000 (13%)]	Loss: 0.196624
Train Epoch: 70 [9600/50000 (19%)]	Loss: 0.202881
Train Epoch: 70 [12800/50000 (26%)]	Loss: 0.278522
Train Epoch: 70 [16000/50000 (32%)]	Loss: 0.083113
Train Epoch: 70 [19200/50000 (38%)]	Loss: 0.105480
Train Epoch: 70 [22400/50000 (45%)]	Loss: 0.069222
Train Epoch: 70 [25600/50000 (51%)]	Loss: 0.212734
Train Epoch: 70 [28800/50000 (58%)]	Loss: 0.071587
Train Epoch: 70 [32000/50000 (64%)]	Loss: 0.234799
Train Epoch: 70 [35200/50000 (70%)]	Loss: 0.211510
Train Epoch: 70 [38400/50000 (77%)]	Loss: 0.089904
Train Epoch: 70 [41600/50000 (83%)]	Loss: 0.101576
Train Epoch: 70 [44800/50000 (90%)]	Loss: 0.251584
Train Epoch: 70 [48000/50000 (96%)]	Loss: 0.110651

Test set: Average loss: 0.0004, Accuracy: 8884/10000 (89%)

Train Epoch: 71 [0/50000 (0%)]	Loss: 0.094093
Train Epoch: 71 [3200/50000 (6%)]	Loss: 0.230836
Train Epoch: 71 [6400/50000 (13%)]	Loss: 0.138426
Train Epoch: 71 [9600/50000 (19%)]	Loss: 0.122869
Train Epoch: 71 [12800/50000 (26%)]	Loss: 0.098943
Train Epoch: 71 [16000/50000 (32%)]	Loss: 0.129646
Train Epoch: 71 [19200/50000 (38%)]	Loss: 0.048693
Train Epoch: 71 [22400/50000 (45%)]	Loss: 0.077117
Train Epoch: 71 [25600/50000 (51%)]	Loss: 0.159467
Train Epoch: 71 [28800/50000 (58%)]	Loss: 0.285601
Train Epoch: 71 [32000/50000 (64%)]	Loss: 0.086429
Train Epoch: 71 [35200/50000 (70%)]	Loss: 0.170349
Train Epoch: 71 [38400/50000 (77%)]	Loss: 0.078294
Train Epoch: 71 [41600/50000 (83%)]	Loss: 0.117745
Train Epoch: 71 [44800/50000 (90%)]	Loss: 0.084893
Train Epoch: 71 [48000/50000 (96%)]	Loss: 0.108704

Test set: Average loss: 0.0004, Accuracy: 8925/10000 (89%)

Train Epoch: 72 [0/50000 (0%)]	Loss: 0.174958
Train Epoch: 72 [3200/50000 (6%)]	Loss: 0.239431
Train Epoch: 72 [6400/50000 (13%)]	Loss: 0.203881
Train Epoch: 72 [9600/50000 (19%)]	Loss: 0.240345
Train Epoch: 72 [12800/50000 (26%)]	Loss: 0.086715
Train Epoch: 72 [16000/50000 (32%)]	Loss: 0.280708
Train Epoch: 72 [19200/50000 (38%)]	Loss: 0.165812
Train Epoch: 72 [22400/50000 (45%)]	Loss: 0.099955
Train Epoch: 72 [25600/50000 (51%)]	Loss: 0.112211
Train Epoch: 72 [28800/50000 (58%)]	Loss: 0.132823
Train Epoch: 72 [32000/50000 (64%)]	Loss: 0.252986
Train Epoch: 72 [35200/50000 (70%)]	Loss: 0.089715
Train Epoch: 72 [38400/50000 (77%)]	Loss: 0.114027
Train Epoch: 72 [41600/50000 (83%)]	Loss: 0.337028
Train Epoch: 72 [44800/50000 (90%)]	Loss: 0.233661
Train Epoch: 72 [48000/50000 (96%)]	Loss: 0.058737

Test set: Average loss: 0.0004, Accuracy: 8911/10000 (89%)

Train Epoch: 73 [0/50000 (0%)]	Loss: 0.156753
Train Epoch: 73 [3200/50000 (6%)]	Loss: 0.072055
Train Epoch: 73 [6400/50000 (13%)]	Loss: 0.105416
Train Epoch: 73 [9600/50000 (19%)]	Loss: 0.120231
Train Epoch: 73 [12800/50000 (26%)]	Loss: 0.169066
Train Epoch: 73 [16000/50000 (32%)]	Loss: 0.070303
Train Epoch: 73 [19200/50000 (38%)]	Loss: 0.182000
Train Epoch: 73 [22400/50000 (45%)]	Loss: 0.146013
Train Epoch: 73 [25600/50000 (51%)]	Loss: 0.060960
Train Epoch: 73 [28800/50000 (58%)]	Loss: 0.109567
Train Epoch: 73 [32000/50000 (64%)]	Loss: 0.127459
Train Epoch: 73 [35200/50000 (70%)]	Loss: 0.141537
Train Epoch: 73 [38400/50000 (77%)]	Loss: 0.073069
Train Epoch: 73 [41600/50000 (83%)]	Loss: 0.085282
Train Epoch: 73 [44800/50000 (90%)]	Loss: 0.119413
Train Epoch: 73 [48000/50000 (96%)]	Loss: 0.167502

Test set: Average loss: 0.0004, Accuracy: 8922/10000 (89%)

Train Epoch: 74 [0/50000 (0%)]	Loss: 0.199612
Train Epoch: 74 [3200/50000 (6%)]	Loss: 0.080157
Train Epoch: 74 [6400/50000 (13%)]	Loss: 0.034905
Train Epoch: 74 [9600/50000 (19%)]	Loss: 0.091219
Train Epoch: 74 [12800/50000 (26%)]	Loss: 0.121699
Train Epoch: 74 [16000/50000 (32%)]	Loss: 0.248853
Train Epoch: 74 [19200/50000 (38%)]	Loss: 0.047612
Train Epoch: 74 [22400/50000 (45%)]	Loss: 0.221504
Train Epoch: 74 [25600/50000 (51%)]	Loss: 0.136834
Train Epoch: 74 [28800/50000 (58%)]	Loss: 0.177480
Train Epoch: 74 [32000/50000 (64%)]	Loss: 0.081629
Train Epoch: 74 [35200/50000 (70%)]	Loss: 0.102067
Train Epoch: 74 [38400/50000 (77%)]	Loss: 0.138445
Train Epoch: 74 [41600/50000 (83%)]	Loss: 0.106242
Train Epoch: 74 [44800/50000 (90%)]	Loss: 0.044277
Train Epoch: 74 [48000/50000 (96%)]	Loss: 0.209563

Test set: Average loss: 0.0004, Accuracy: 8895/10000 (89%)

Train Epoch: 75 [0/50000 (0%)]	Loss: 0.107210
Train Epoch: 75 [3200/50000 (6%)]	Loss: 0.304309
Train Epoch: 75 [6400/50000 (13%)]	Loss: 0.095998
Train Epoch: 75 [9600/50000 (19%)]	Loss: 0.121731
Train Epoch: 75 [12800/50000 (26%)]	Loss: 0.138671
Train Epoch: 75 [16000/50000 (32%)]	Loss: 0.166921
Train Epoch: 75 [19200/50000 (38%)]	Loss: 0.149171
Train Epoch: 75 [22400/50000 (45%)]	Loss: 0.164328
Train Epoch: 75 [25600/50000 (51%)]	Loss: 0.167732
Train Epoch: 75 [28800/50000 (58%)]	Loss: 0.099559
Train Epoch: 75 [32000/50000 (64%)]	Loss: 0.257756
Train Epoch: 75 [35200/50000 (70%)]	Loss: 0.227683
Train Epoch: 75 [38400/50000 (77%)]	Loss: 0.087248
Train Epoch: 75 [41600/50000 (83%)]	Loss: 0.185564
Train Epoch: 75 [44800/50000 (90%)]	Loss: 0.067988
Train Epoch: 75 [48000/50000 (96%)]	Loss: 0.066709

Test set: Average loss: 0.0004, Accuracy: 8859/10000 (89%)

Train Epoch: 76 [0/50000 (0%)]	Loss: 0.082599
Train Epoch: 76 [3200/50000 (6%)]	Loss: 0.090743
Train Epoch: 76 [6400/50000 (13%)]	Loss: 0.196478
Train Epoch: 76 [9600/50000 (19%)]	Loss: 0.082393
Train Epoch: 76 [12800/50000 (26%)]	Loss: 0.123332
Train Epoch: 76 [16000/50000 (32%)]	Loss: 0.234907
Train Epoch: 76 [19200/50000 (38%)]	Loss: 0.144676
Train Epoch: 76 [22400/50000 (45%)]	Loss: 0.167712
Train Epoch: 76 [25600/50000 (51%)]	Loss: 0.182717
Train Epoch: 76 [28800/50000 (58%)]	Loss: 0.074744
Train Epoch: 76 [32000/50000 (64%)]	Loss: 0.205329
Train Epoch: 76 [35200/50000 (70%)]	Loss: 0.035695
Train Epoch: 76 [38400/50000 (77%)]	Loss: 0.221346
Train Epoch: 76 [41600/50000 (83%)]	Loss: 0.058698
Train Epoch: 76 [44800/50000 (90%)]	Loss: 0.078166
Train Epoch: 76 [48000/50000 (96%)]	Loss: 0.220573

Test set: Average loss: 0.0004, Accuracy: 8908/10000 (89%)

Train Epoch: 77 [0/50000 (0%)]	Loss: 0.107999
Train Epoch: 77 [3200/50000 (6%)]	Loss: 0.223758
Train Epoch: 77 [6400/50000 (13%)]	Loss: 0.040639
Train Epoch: 77 [9600/50000 (19%)]	Loss: 0.091577
Train Epoch: 77 [12800/50000 (26%)]	Loss: 0.174126
Train Epoch: 77 [16000/50000 (32%)]	Loss: 0.067708
Train Epoch: 77 [19200/50000 (38%)]	Loss: 0.177054
Train Epoch: 77 [22400/50000 (45%)]	Loss: 0.112652
Train Epoch: 77 [25600/50000 (51%)]	Loss: 0.114842
Train Epoch: 77 [28800/50000 (58%)]	Loss: 0.114821
Train Epoch: 77 [32000/50000 (64%)]	Loss: 0.147704
Train Epoch: 77 [35200/50000 (70%)]	Loss: 0.177516
Train Epoch: 77 [38400/50000 (77%)]	Loss: 0.255682
Train Epoch: 77 [41600/50000 (83%)]	Loss: 0.066412
Train Epoch: 77 [44800/50000 (90%)]	Loss: 0.076927
Train Epoch: 77 [48000/50000 (96%)]	Loss: 0.153812

Test set: Average loss: 0.0004, Accuracy: 8926/10000 (89%)

Train Epoch: 78 [0/50000 (0%)]	Loss: 0.074334
Train Epoch: 78 [3200/50000 (6%)]	Loss: 0.035084
Train Epoch: 78 [6400/50000 (13%)]	Loss: 0.131405
Train Epoch: 78 [9600/50000 (19%)]	Loss: 0.054089
Train Epoch: 78 [12800/50000 (26%)]	Loss: 0.119437
Train Epoch: 78 [16000/50000 (32%)]	Loss: 0.091874
Train Epoch: 78 [19200/50000 (38%)]	Loss: 0.163055
Train Epoch: 78 [22400/50000 (45%)]	Loss: 0.144364
Train Epoch: 78 [25600/50000 (51%)]	Loss: 0.068765
Train Epoch: 78 [28800/50000 (58%)]	Loss: 0.211319
Train Epoch: 78 [32000/50000 (64%)]	Loss: 0.166170
Train Epoch: 78 [35200/50000 (70%)]	Loss: 0.129145
Train Epoch: 78 [38400/50000 (77%)]	Loss: 0.065983
Train Epoch: 78 [41600/50000 (83%)]	Loss: 0.175772
Train Epoch: 78 [44800/50000 (90%)]	Loss: 0.146433
Train Epoch: 78 [48000/50000 (96%)]	Loss: 0.079769

Test set: Average loss: 0.0004, Accuracy: 8928/10000 (89%)

Train Epoch: 79 [0/50000 (0%)]	Loss: 0.112401
Train Epoch: 79 [3200/50000 (6%)]	Loss: 0.054099
Train Epoch: 79 [6400/50000 (13%)]	Loss: 0.131119
Train Epoch: 79 [9600/50000 (19%)]	Loss: 0.187031
Train Epoch: 79 [12800/50000 (26%)]	Loss: 0.089344
Train Epoch: 79 [16000/50000 (32%)]	Loss: 0.210754
Train Epoch: 79 [19200/50000 (38%)]	Loss: 0.121865
Train Epoch: 79 [22400/50000 (45%)]	Loss: 0.117714
Train Epoch: 79 [25600/50000 (51%)]	Loss: 0.077505
Train Epoch: 79 [28800/50000 (58%)]	Loss: 0.141406
Train Epoch: 79 [32000/50000 (64%)]	Loss: 0.205947
Train Epoch: 79 [35200/50000 (70%)]	Loss: 0.209933
Train Epoch: 79 [38400/50000 (77%)]	Loss: 0.282812
Train Epoch: 79 [41600/50000 (83%)]	Loss: 0.081964
Train Epoch: 79 [44800/50000 (90%)]	Loss: 0.099597
Train Epoch: 79 [48000/50000 (96%)]	Loss: 0.036723

Test set: Average loss: 0.0004, Accuracy: 8956/10000 (90%)

Train Epoch: 80 [0/50000 (0%)]	Loss: 0.066704
Train Epoch: 80 [3200/50000 (6%)]	Loss: 0.114307
Train Epoch: 80 [6400/50000 (13%)]	Loss: 0.294055
Train Epoch: 80 [9600/50000 (19%)]	Loss: 0.069603
Train Epoch: 80 [12800/50000 (26%)]	Loss: 0.133579
Train Epoch: 80 [16000/50000 (32%)]	Loss: 0.041937
Train Epoch: 80 [19200/50000 (38%)]	Loss: 0.098255
Train Epoch: 80 [22400/50000 (45%)]	Loss: 0.100645
Train Epoch: 80 [25600/50000 (51%)]	Loss: 0.187424
Train Epoch: 80 [28800/50000 (58%)]	Loss: 0.094027
Train Epoch: 80 [32000/50000 (64%)]	Loss: 0.262612
Train Epoch: 80 [35200/50000 (70%)]	Loss: 0.081781
Train Epoch: 80 [38400/50000 (77%)]	Loss: 0.063333
Train Epoch: 80 [41600/50000 (83%)]	Loss: 0.140677
Train Epoch: 80 [44800/50000 (90%)]	Loss: 0.126403
Train Epoch: 80 [48000/50000 (96%)]	Loss: 0.135609

Test set: Average loss: 0.0004, Accuracy: 8947/10000 (89%)

Train Epoch: 81 [0/50000 (0%)]	Loss: 0.230192
Train Epoch: 81 [3200/50000 (6%)]	Loss: 0.138118
Train Epoch: 81 [6400/50000 (13%)]	Loss: 0.136361
Train Epoch: 81 [9600/50000 (19%)]	Loss: 0.158191
Train Epoch: 81 [12800/50000 (26%)]	Loss: 0.090140
Train Epoch: 81 [16000/50000 (32%)]	Loss: 0.123618
Train Epoch: 81 [19200/50000 (38%)]	Loss: 0.034076
Train Epoch: 81 [22400/50000 (45%)]	Loss: 0.066610
Train Epoch: 81 [25600/50000 (51%)]	Loss: 0.026632
Train Epoch: 81 [28800/50000 (58%)]	Loss: 0.074559
Train Epoch: 81 [32000/50000 (64%)]	Loss: 0.058734
Train Epoch: 81 [35200/50000 (70%)]	Loss: 0.081520
Train Epoch: 81 [38400/50000 (77%)]	Loss: 0.187214
Train Epoch: 81 [41600/50000 (83%)]	Loss: 0.142139
Train Epoch: 81 [44800/50000 (90%)]	Loss: 0.081642
Train Epoch: 81 [48000/50000 (96%)]	Loss: 0.066970

Test set: Average loss: 0.0004, Accuracy: 9041/10000 (90%)

Train Epoch: 82 [0/50000 (0%)]	Loss: 0.038452
Train Epoch: 82 [3200/50000 (6%)]	Loss: 0.091417
Train Epoch: 82 [6400/50000 (13%)]	Loss: 0.057464
Train Epoch: 82 [9600/50000 (19%)]	Loss: 0.083067
Train Epoch: 82 [12800/50000 (26%)]	Loss: 0.087031
Train Epoch: 82 [16000/50000 (32%)]	Loss: 0.009819
Train Epoch: 82 [19200/50000 (38%)]	Loss: 0.029237
Train Epoch: 82 [22400/50000 (45%)]	Loss: 0.216987
Train Epoch: 82 [25600/50000 (51%)]	Loss: 0.051500
Train Epoch: 82 [28800/50000 (58%)]	Loss: 0.011897
Train Epoch: 82 [32000/50000 (64%)]	Loss: 0.046684
Train Epoch: 82 [35200/50000 (70%)]	Loss: 0.050239
Train Epoch: 82 [38400/50000 (77%)]	Loss: 0.217353
Train Epoch: 82 [41600/50000 (83%)]	Loss: 0.108696
Train Epoch: 82 [44800/50000 (90%)]	Loss: 0.053174
Train Epoch: 82 [48000/50000 (96%)]	Loss: 0.082636

Test set: Average loss: 0.0004, Accuracy: 9069/10000 (91%)

Train Epoch: 83 [0/50000 (0%)]	Loss: 0.081220
Train Epoch: 83 [3200/50000 (6%)]	Loss: 0.102026
Train Epoch: 83 [6400/50000 (13%)]	Loss: 0.055168
Train Epoch: 83 [9600/50000 (19%)]	Loss: 0.021542
Train Epoch: 83 [12800/50000 (26%)]	Loss: 0.120329
Train Epoch: 83 [16000/50000 (32%)]	Loss: 0.020132
Train Epoch: 83 [19200/50000 (38%)]	Loss: 0.062483
Train Epoch: 83 [22400/50000 (45%)]	Loss: 0.069747
Train Epoch: 83 [25600/50000 (51%)]	Loss: 0.054163
Train Epoch: 83 [28800/50000 (58%)]	Loss: 0.017464
Train Epoch: 83 [32000/50000 (64%)]	Loss: 0.047159
Train Epoch: 83 [35200/50000 (70%)]	Loss: 0.045826
Train Epoch: 83 [38400/50000 (77%)]	Loss: 0.023334
Train Epoch: 83 [41600/50000 (83%)]	Loss: 0.048159
Train Epoch: 83 [44800/50000 (90%)]	Loss: 0.048002
Train Epoch: 83 [48000/50000 (96%)]	Loss: 0.065668

Test set: Average loss: 0.0004, Accuracy: 9073/10000 (91%)

Train Epoch: 84 [0/50000 (0%)]	Loss: 0.034270
Train Epoch: 84 [3200/50000 (6%)]	Loss: 0.058806
Train Epoch: 84 [6400/50000 (13%)]	Loss: 0.062477
Train Epoch: 84 [9600/50000 (19%)]	Loss: 0.125552
Train Epoch: 84 [12800/50000 (26%)]	Loss: 0.033560
Train Epoch: 84 [16000/50000 (32%)]	Loss: 0.105776
Train Epoch: 84 [19200/50000 (38%)]	Loss: 0.036901
Train Epoch: 84 [22400/50000 (45%)]	Loss: 0.030977
Train Epoch: 84 [25600/50000 (51%)]	Loss: 0.049737
Train Epoch: 84 [28800/50000 (58%)]	Loss: 0.048022
Train Epoch: 84 [32000/50000 (64%)]	Loss: 0.017250
Train Epoch: 84 [35200/50000 (70%)]	Loss: 0.026428
Train Epoch: 84 [38400/50000 (77%)]	Loss: 0.054665
Train Epoch: 84 [41600/50000 (83%)]	Loss: 0.098015
Train Epoch: 84 [44800/50000 (90%)]	Loss: 0.068444
Train Epoch: 84 [48000/50000 (96%)]	Loss: 0.037189

Test set: Average loss: 0.0004, Accuracy: 9069/10000 (91%)

Train Epoch: 85 [0/50000 (0%)]	Loss: 0.032680
Train Epoch: 85 [3200/50000 (6%)]	Loss: 0.039261
Train Epoch: 85 [6400/50000 (13%)]	Loss: 0.091321
Train Epoch: 85 [9600/50000 (19%)]	Loss: 0.029048
Train Epoch: 85 [12800/50000 (26%)]	Loss: 0.026297
Train Epoch: 85 [16000/50000 (32%)]	Loss: 0.079006
Train Epoch: 85 [19200/50000 (38%)]	Loss: 0.028351
Train Epoch: 85 [22400/50000 (45%)]	Loss: 0.019905
Train Epoch: 85 [25600/50000 (51%)]	Loss: 0.035178
Train Epoch: 85 [28800/50000 (58%)]	Loss: 0.012553
Train Epoch: 85 [32000/50000 (64%)]	Loss: 0.047795
Train Epoch: 85 [35200/50000 (70%)]	Loss: 0.004953
Train Epoch: 85 [38400/50000 (77%)]	Loss: 0.019964
Train Epoch: 85 [41600/50000 (83%)]	Loss: 0.018554
Train Epoch: 85 [44800/50000 (90%)]	Loss: 0.008924
Train Epoch: 85 [48000/50000 (96%)]	Loss: 0.007613

Test set: Average loss: 0.0004, Accuracy: 9078/10000 (91%)

Train Epoch: 86 [0/50000 (0%)]	Loss: 0.056807
Train Epoch: 86 [3200/50000 (6%)]	Loss: 0.029555
Train Epoch: 86 [6400/50000 (13%)]	Loss: 0.112249
Train Epoch: 86 [9600/50000 (19%)]	Loss: 0.056884
Train Epoch: 86 [12800/50000 (26%)]	Loss: 0.033510
Train Epoch: 86 [16000/50000 (32%)]	Loss: 0.012574
Train Epoch: 86 [19200/50000 (38%)]	Loss: 0.042418
Train Epoch: 86 [22400/50000 (45%)]	Loss: 0.073144
Train Epoch: 86 [25600/50000 (51%)]	Loss: 0.042577
Train Epoch: 86 [28800/50000 (58%)]	Loss: 0.014812
Train Epoch: 86 [32000/50000 (64%)]	Loss: 0.045644
Train Epoch: 86 [35200/50000 (70%)]	Loss: 0.027961
Train Epoch: 86 [38400/50000 (77%)]	Loss: 0.026011
Train Epoch: 86 [41600/50000 (83%)]	Loss: 0.019486
Train Epoch: 86 [44800/50000 (90%)]	Loss: 0.027385
Train Epoch: 86 [48000/50000 (96%)]	Loss: 0.050522

Test set: Average loss: 0.0004, Accuracy: 9091/10000 (91%)

Train Epoch: 87 [0/50000 (0%)]	Loss: 0.011358
Train Epoch: 87 [3200/50000 (6%)]	Loss: 0.094627
Train Epoch: 87 [6400/50000 (13%)]	Loss: 0.110345
Train Epoch: 87 [9600/50000 (19%)]	Loss: 0.018376
Train Epoch: 87 [12800/50000 (26%)]	Loss: 0.068101
Train Epoch: 87 [16000/50000 (32%)]	Loss: 0.016172
Train Epoch: 87 [19200/50000 (38%)]	Loss: 0.082678
Train Epoch: 87 [22400/50000 (45%)]	Loss: 0.037565
Train Epoch: 87 [25600/50000 (51%)]	Loss: 0.025562
Train Epoch: 87 [28800/50000 (58%)]	Loss: 0.076490
Train Epoch: 87 [32000/50000 (64%)]	Loss: 0.047504
Train Epoch: 87 [35200/50000 (70%)]	Loss: 0.067298
Train Epoch: 87 [38400/50000 (77%)]	Loss: 0.094716
Train Epoch: 87 [41600/50000 (83%)]	Loss: 0.065816
Train Epoch: 87 [44800/50000 (90%)]	Loss: 0.037484
Train Epoch: 87 [48000/50000 (96%)]	Loss: 0.013710

Test set: Average loss: 0.0004, Accuracy: 9081/10000 (91%)

Train Epoch: 88 [0/50000 (0%)]	Loss: 0.092072
Train Epoch: 88 [3200/50000 (6%)]	Loss: 0.025735
Train Epoch: 88 [6400/50000 (13%)]	Loss: 0.021828
Train Epoch: 88 [9600/50000 (19%)]	Loss: 0.010740
Train Epoch: 88 [12800/50000 (26%)]	Loss: 0.012288
Train Epoch: 88 [16000/50000 (32%)]	Loss: 0.029834
Train Epoch: 88 [19200/50000 (38%)]	Loss: 0.007929
Train Epoch: 88 [22400/50000 (45%)]	Loss: 0.005192
Train Epoch: 88 [25600/50000 (51%)]	Loss: 0.044796
Train Epoch: 88 [28800/50000 (58%)]	Loss: 0.075743
Train Epoch: 88 [32000/50000 (64%)]	Loss: 0.037156
Train Epoch: 88 [35200/50000 (70%)]	Loss: 0.112358
Train Epoch: 88 [38400/50000 (77%)]	Loss: 0.064774
Train Epoch: 88 [41600/50000 (83%)]	Loss: 0.054026
Train Epoch: 88 [44800/50000 (90%)]	Loss: 0.095216
Train Epoch: 88 [48000/50000 (96%)]	Loss: 0.043285

Test set: Average loss: 0.0004, Accuracy: 9080/10000 (91%)

Train Epoch: 89 [0/50000 (0%)]	Loss: 0.070262
Train Epoch: 89 [3200/50000 (6%)]	Loss: 0.037987
Train Epoch: 89 [6400/50000 (13%)]	Loss: 0.033472
Train Epoch: 89 [9600/50000 (19%)]	Loss: 0.026805
Train Epoch: 89 [12800/50000 (26%)]	Loss: 0.064367
Train Epoch: 89 [16000/50000 (32%)]	Loss: 0.006718
Train Epoch: 89 [19200/50000 (38%)]	Loss: 0.012291
Train Epoch: 89 [22400/50000 (45%)]	Loss: 0.025106
Train Epoch: 89 [25600/50000 (51%)]	Loss: 0.128326
Train Epoch: 89 [28800/50000 (58%)]	Loss: 0.034037
Train Epoch: 89 [32000/50000 (64%)]	Loss: 0.038895
Train Epoch: 89 [35200/50000 (70%)]	Loss: 0.046824
Train Epoch: 89 [38400/50000 (77%)]	Loss: 0.035408
Train Epoch: 89 [41600/50000 (83%)]	Loss: 0.039099
Train Epoch: 89 [44800/50000 (90%)]	Loss: 0.030650
Train Epoch: 89 [48000/50000 (96%)]	Loss: 0.140976

Test set: Average loss: 0.0004, Accuracy: 9089/10000 (91%)

Train Epoch: 90 [0/50000 (0%)]	Loss: 0.010216
Train Epoch: 90 [3200/50000 (6%)]	Loss: 0.015152
Train Epoch: 90 [6400/50000 (13%)]	Loss: 0.003368
Train Epoch: 90 [9600/50000 (19%)]	Loss: 0.041428
Train Epoch: 90 [12800/50000 (26%)]	Loss: 0.014450
Train Epoch: 90 [16000/50000 (32%)]	Loss: 0.013325
Train Epoch: 90 [19200/50000 (38%)]	Loss: 0.041955
Train Epoch: 90 [22400/50000 (45%)]	Loss: 0.034388
Train Epoch: 90 [25600/50000 (51%)]	Loss: 0.045979
Train Epoch: 90 [28800/50000 (58%)]	Loss: 0.060742
Train Epoch: 90 [32000/50000 (64%)]	Loss: 0.009224
Train Epoch: 90 [35200/50000 (70%)]	Loss: 0.023009
Train Epoch: 90 [38400/50000 (77%)]	Loss: 0.034975
Train Epoch: 90 [41600/50000 (83%)]	Loss: 0.013254
Train Epoch: 90 [44800/50000 (90%)]	Loss: 0.077898
Train Epoch: 90 [48000/50000 (96%)]	Loss: 0.010439

Test set: Average loss: 0.0004, Accuracy: 9072/10000 (91%)

Train Epoch: 91 [0/50000 (0%)]	Loss: 0.026939
Train Epoch: 91 [3200/50000 (6%)]	Loss: 0.024112
Train Epoch: 91 [6400/50000 (13%)]	Loss: 0.019235
Train Epoch: 91 [9600/50000 (19%)]	Loss: 0.057199
Train Epoch: 91 [12800/50000 (26%)]	Loss: 0.059552
Train Epoch: 91 [16000/50000 (32%)]	Loss: 0.014598
Train Epoch: 91 [19200/50000 (38%)]	Loss: 0.013272
Train Epoch: 91 [22400/50000 (45%)]	Loss: 0.033620
Train Epoch: 91 [25600/50000 (51%)]	Loss: 0.005714
Train Epoch: 91 [28800/50000 (58%)]	Loss: 0.101253
Train Epoch: 91 [32000/50000 (64%)]	Loss: 0.032949
Train Epoch: 91 [35200/50000 (70%)]	Loss: 0.015310
Train Epoch: 91 [38400/50000 (77%)]	Loss: 0.047408
Train Epoch: 91 [41600/50000 (83%)]	Loss: 0.011314
Train Epoch: 91 [44800/50000 (90%)]	Loss: 0.104431
Train Epoch: 91 [48000/50000 (96%)]	Loss: 0.027641

Test set: Average loss: 0.0004, Accuracy: 9084/10000 (91%)

Train Epoch: 92 [0/50000 (0%)]	Loss: 0.066211
Train Epoch: 92 [3200/50000 (6%)]	Loss: 0.008743
Train Epoch: 92 [6400/50000 (13%)]	Loss: 0.005786
Train Epoch: 92 [9600/50000 (19%)]	Loss: 0.087421
Train Epoch: 92 [12800/50000 (26%)]	Loss: 0.007557
Train Epoch: 92 [16000/50000 (32%)]	Loss: 0.037544
Train Epoch: 92 [19200/50000 (38%)]	Loss: 0.045905
Train Epoch: 92 [22400/50000 (45%)]	Loss: 0.014040
Train Epoch: 92 [25600/50000 (51%)]	Loss: 0.160220
Train Epoch: 92 [28800/50000 (58%)]	Loss: 0.075180
Train Epoch: 92 [32000/50000 (64%)]	Loss: 0.133576
Train Epoch: 92 [35200/50000 (70%)]	Loss: 0.013109
Train Epoch: 92 [38400/50000 (77%)]	Loss: 0.045187
Train Epoch: 92 [41600/50000 (83%)]	Loss: 0.042672
Train Epoch: 92 [44800/50000 (90%)]	Loss: 0.048916
Train Epoch: 92 [48000/50000 (96%)]	Loss: 0.047289

Test set: Average loss: 0.0004, Accuracy: 9085/10000 (91%)

Train Epoch: 93 [0/50000 (0%)]	Loss: 0.018191
Train Epoch: 93 [3200/50000 (6%)]	Loss: 0.011501
Train Epoch: 93 [6400/50000 (13%)]	Loss: 0.054746
Train Epoch: 93 [9600/50000 (19%)]	Loss: 0.057524
Train Epoch: 93 [12800/50000 (26%)]	Loss: 0.081256
Train Epoch: 93 [16000/50000 (32%)]	Loss: 0.004572
Train Epoch: 93 [19200/50000 (38%)]	Loss: 0.004600
Train Epoch: 93 [22400/50000 (45%)]	Loss: 0.001568
Train Epoch: 93 [25600/50000 (51%)]	Loss: 0.027298
Train Epoch: 93 [28800/50000 (58%)]	Loss: 0.034271
Train Epoch: 93 [32000/50000 (64%)]	Loss: 0.059141
Train Epoch: 93 [35200/50000 (70%)]	Loss: 0.060563
Train Epoch: 93 [38400/50000 (77%)]	Loss: 0.024015
Train Epoch: 93 [41600/50000 (83%)]	Loss: 0.016485
Train Epoch: 93 [44800/50000 (90%)]	Loss: 0.004893
Train Epoch: 93 [48000/50000 (96%)]	Loss: 0.158563

Test set: Average loss: 0.0004, Accuracy: 9109/10000 (91%)

Train Epoch: 94 [0/50000 (0%)]	Loss: 0.006912
Train Epoch: 94 [3200/50000 (6%)]	Loss: 0.004084
Train Epoch: 94 [6400/50000 (13%)]	Loss: 0.015356
Train Epoch: 94 [9600/50000 (19%)]	Loss: 0.036647
Train Epoch: 94 [12800/50000 (26%)]	Loss: 0.032776
Train Epoch: 94 [16000/50000 (32%)]	Loss: 0.003849
Train Epoch: 94 [19200/50000 (38%)]	Loss: 0.013107
Train Epoch: 94 [22400/50000 (45%)]	Loss: 0.020941
Train Epoch: 94 [25600/50000 (51%)]	Loss: 0.013142
Train Epoch: 94 [28800/50000 (58%)]	Loss: 0.004775
Train Epoch: 94 [32000/50000 (64%)]	Loss: 0.076063
Train Epoch: 94 [35200/50000 (70%)]	Loss: 0.004488
Train Epoch: 94 [38400/50000 (77%)]	Loss: 0.001713
Train Epoch: 94 [41600/50000 (83%)]	Loss: 0.014798
Train Epoch: 94 [44800/50000 (90%)]	Loss: 0.087337
Train Epoch: 94 [48000/50000 (96%)]	Loss: 0.028869

Test set: Average loss: 0.0004, Accuracy: 9095/10000 (91%)

Train Epoch: 95 [0/50000 (0%)]	Loss: 0.047784
Train Epoch: 95 [3200/50000 (6%)]	Loss: 0.010700
Train Epoch: 95 [6400/50000 (13%)]	Loss: 0.024645
Train Epoch: 95 [9600/50000 (19%)]	Loss: 0.007426
Train Epoch: 95 [12800/50000 (26%)]	Loss: 0.032295
Train Epoch: 95 [16000/50000 (32%)]	Loss: 0.027048
Train Epoch: 95 [19200/50000 (38%)]	Loss: 0.009660
Train Epoch: 95 [22400/50000 (45%)]	Loss: 0.011976
Train Epoch: 95 [25600/50000 (51%)]	Loss: 0.006244
Train Epoch: 95 [28800/50000 (58%)]	Loss: 0.028568
Train Epoch: 95 [32000/50000 (64%)]	Loss: 0.043751
Train Epoch: 95 [35200/50000 (70%)]	Loss: 0.032096
Train Epoch: 95 [38400/50000 (77%)]	Loss: 0.006621
Train Epoch: 95 [41600/50000 (83%)]	Loss: 0.003108
Train Epoch: 95 [44800/50000 (90%)]	Loss: 0.060006
Train Epoch: 95 [48000/50000 (96%)]	Loss: 0.000493

Test set: Average loss: 0.0004, Accuracy: 9104/10000 (91%)

Train Epoch: 96 [0/50000 (0%)]	Loss: 0.006337
Train Epoch: 96 [3200/50000 (6%)]	Loss: 0.007433
Train Epoch: 96 [6400/50000 (13%)]	Loss: 0.047495
Train Epoch: 96 [9600/50000 (19%)]	Loss: 0.014202
Train Epoch: 96 [12800/50000 (26%)]	Loss: 0.002370
Train Epoch: 96 [16000/50000 (32%)]	Loss: 0.003841
Train Epoch: 96 [19200/50000 (38%)]	Loss: 0.010717
Train Epoch: 96 [22400/50000 (45%)]	Loss: 0.007665
Train Epoch: 96 [25600/50000 (51%)]	Loss: 0.014333
Train Epoch: 96 [28800/50000 (58%)]	Loss: 0.031365
Train Epoch: 96 [32000/50000 (64%)]	Loss: 0.007138
Train Epoch: 96 [35200/50000 (70%)]	Loss: 0.027357
Train Epoch: 96 [38400/50000 (77%)]	Loss: 0.091573
Train Epoch: 96 [41600/50000 (83%)]	Loss: 0.018442
Train Epoch: 96 [44800/50000 (90%)]	Loss: 0.045857
Train Epoch: 96 [48000/50000 (96%)]	Loss: 0.080060

Test set: Average loss: 0.0004, Accuracy: 9098/10000 (91%)

Train Epoch: 97 [0/50000 (0%)]	Loss: 0.012003
Train Epoch: 97 [3200/50000 (6%)]	Loss: 0.021124
Train Epoch: 97 [6400/50000 (13%)]	Loss: 0.014685
Train Epoch: 97 [9600/50000 (19%)]	Loss: 0.030584
Train Epoch: 97 [12800/50000 (26%)]	Loss: 0.004733
Train Epoch: 97 [16000/50000 (32%)]	Loss: 0.007273
Train Epoch: 97 [19200/50000 (38%)]	Loss: 0.034343
Train Epoch: 97 [22400/50000 (45%)]	Loss: 0.004188
Train Epoch: 97 [25600/50000 (51%)]	Loss: 0.030411
Train Epoch: 97 [28800/50000 (58%)]	Loss: 0.025976
Train Epoch: 97 [32000/50000 (64%)]	Loss: 0.008547
Train Epoch: 97 [35200/50000 (70%)]	Loss: 0.026992
Train Epoch: 97 [38400/50000 (77%)]	Loss: 0.035695
Train Epoch: 97 [41600/50000 (83%)]	Loss: 0.028841
Train Epoch: 97 [44800/50000 (90%)]	Loss: 0.026072
Train Epoch: 97 [48000/50000 (96%)]	Loss: 0.005424

Test set: Average loss: 0.0004, Accuracy: 9097/10000 (91%)

Train Epoch: 98 [0/50000 (0%)]	Loss: 0.021884
Train Epoch: 98 [3200/50000 (6%)]	Loss: 0.010938
Train Epoch: 98 [6400/50000 (13%)]	Loss: 0.024055
Train Epoch: 98 [9600/50000 (19%)]	Loss: 0.010486
Train Epoch: 98 [12800/50000 (26%)]	Loss: 0.035329
Train Epoch: 98 [16000/50000 (32%)]	Loss: 0.009645
Train Epoch: 98 [19200/50000 (38%)]	Loss: 0.108073
Train Epoch: 98 [22400/50000 (45%)]	Loss: 0.030264
Train Epoch: 98 [25600/50000 (51%)]	Loss: 0.023013
Train Epoch: 98 [28800/50000 (58%)]	Loss: 0.006059
Train Epoch: 98 [32000/50000 (64%)]	Loss: 0.034986
Train Epoch: 98 [35200/50000 (70%)]	Loss: 0.003596
Train Epoch: 98 [38400/50000 (77%)]	Loss: 0.015329
Train Epoch: 98 [41600/50000 (83%)]	Loss: 0.042256
Train Epoch: 98 [44800/50000 (90%)]	Loss: 0.027525
Train Epoch: 98 [48000/50000 (96%)]	Loss: 0.051509

Test set: Average loss: 0.0004, Accuracy: 9106/10000 (91%)

Train Epoch: 99 [0/50000 (0%)]	Loss: 0.080208
Train Epoch: 99 [3200/50000 (6%)]	Loss: 0.028816
Train Epoch: 99 [6400/50000 (13%)]	Loss: 0.021908
Train Epoch: 99 [9600/50000 (19%)]	Loss: 0.037125
Train Epoch: 99 [12800/50000 (26%)]	Loss: 0.032093
Train Epoch: 99 [16000/50000 (32%)]	Loss: 0.005499
Train Epoch: 99 [19200/50000 (38%)]	Loss: 0.003078
Train Epoch: 99 [22400/50000 (45%)]	Loss: 0.094675
Train Epoch: 99 [25600/50000 (51%)]	Loss: 0.026750
Train Epoch: 99 [28800/50000 (58%)]	Loss: 0.080654
Train Epoch: 99 [32000/50000 (64%)]	Loss: 0.016291
Train Epoch: 99 [35200/50000 (70%)]	Loss: 0.036764
Train Epoch: 99 [38400/50000 (77%)]	Loss: 0.011830
Train Epoch: 99 [41600/50000 (83%)]	Loss: 0.072215
Train Epoch: 99 [44800/50000 (90%)]	Loss: 0.099496
Train Epoch: 99 [48000/50000 (96%)]	Loss: 0.002422

Test set: Average loss: 0.0004, Accuracy: 9087/10000 (91%)

Train Epoch: 100 [0/50000 (0%)]	Loss: 0.019791
Train Epoch: 100 [3200/50000 (6%)]	Loss: 0.003353
Train Epoch: 100 [6400/50000 (13%)]	Loss: 0.089817
Train Epoch: 100 [9600/50000 (19%)]	Loss: 0.011107
Train Epoch: 100 [12800/50000 (26%)]	Loss: 0.088196
Train Epoch: 100 [16000/50000 (32%)]	Loss: 0.054387
Train Epoch: 100 [19200/50000 (38%)]	Loss: 0.114521
Train Epoch: 100 [22400/50000 (45%)]	Loss: 0.005429
Train Epoch: 100 [25600/50000 (51%)]	Loss: 0.017454
Train Epoch: 100 [28800/50000 (58%)]	Loss: 0.011079
Train Epoch: 100 [32000/50000 (64%)]	Loss: 0.023838
Train Epoch: 100 [35200/50000 (70%)]	Loss: 0.002097
Train Epoch: 100 [38400/50000 (77%)]	Loss: 0.002117
Train Epoch: 100 [41600/50000 (83%)]	Loss: 0.005412
Train Epoch: 100 [44800/50000 (90%)]	Loss: 0.093729
Train Epoch: 100 [48000/50000 (96%)]	Loss: 0.001194

Test set: Average loss: 0.0004, Accuracy: 9091/10000 (91%)

