Files already downloaded and verified
Files already downloaded and verified
Total parameters: 862538
Train Epoch: 1 [0/50000 (0%)]	Loss: 2.299544
Train Epoch: 1 [3200/50000 (6%)]	Loss: 2.229946
Train Epoch: 1 [6400/50000 (13%)]	Loss: 2.200829
Train Epoch: 1 [9600/50000 (19%)]	Loss: 2.238233
Train Epoch: 1 [12800/50000 (26%)]	Loss: 2.309181
Train Epoch: 1 [16000/50000 (32%)]	Loss: 1.988581
Train Epoch: 1 [19200/50000 (38%)]	Loss: 2.102041
Train Epoch: 1 [22400/50000 (45%)]	Loss: 1.895960
Train Epoch: 1 [25600/50000 (51%)]	Loss: 1.995127
Train Epoch: 1 [28800/50000 (58%)]	Loss: 1.885113
Train Epoch: 1 [32000/50000 (64%)]	Loss: 1.803274
Train Epoch: 1 [35200/50000 (70%)]	Loss: 1.707989
Train Epoch: 1 [38400/50000 (77%)]	Loss: 1.715594
Train Epoch: 1 [41600/50000 (83%)]	Loss: 1.744793
Train Epoch: 1 [44800/50000 (90%)]	Loss: 1.642440
Train Epoch: 1 [48000/50000 (96%)]	Loss: 1.784753

Test set: Average loss: 0.0017, Accuracy: 3680/10000 (37%)

Train Epoch: 2 [0/50000 (0%)]	Loss: 1.741854
Train Epoch: 2 [3200/50000 (6%)]	Loss: 1.873249
Train Epoch: 2 [6400/50000 (13%)]	Loss: 1.715444
Train Epoch: 2 [9600/50000 (19%)]	Loss: 1.887589
Train Epoch: 2 [12800/50000 (26%)]	Loss: 1.877019
Train Epoch: 2 [16000/50000 (32%)]	Loss: 1.566677
Train Epoch: 2 [19200/50000 (38%)]	Loss: 1.737507
Train Epoch: 2 [22400/50000 (45%)]	Loss: 1.891577
Train Epoch: 2 [25600/50000 (51%)]	Loss: 1.704268
Train Epoch: 2 [28800/50000 (58%)]	Loss: 1.802035
Train Epoch: 2 [32000/50000 (64%)]	Loss: 1.687369
Train Epoch: 2 [35200/50000 (70%)]	Loss: 1.889187
Train Epoch: 2 [38400/50000 (77%)]	Loss: 1.505508
Train Epoch: 2 [41600/50000 (83%)]	Loss: 1.437329
Train Epoch: 2 [44800/50000 (90%)]	Loss: 1.611030
Train Epoch: 2 [48000/50000 (96%)]	Loss: 1.432567

Test set: Average loss: 0.0015, Accuracy: 4285/10000 (43%)

Train Epoch: 3 [0/50000 (0%)]	Loss: 1.517215
Train Epoch: 3 [3200/50000 (6%)]	Loss: 1.532364
Train Epoch: 3 [6400/50000 (13%)]	Loss: 1.680321
Train Epoch: 3 [9600/50000 (19%)]	Loss: 1.725254
Train Epoch: 3 [12800/50000 (26%)]	Loss: 1.533628
Train Epoch: 3 [16000/50000 (32%)]	Loss: 1.517873
Train Epoch: 3 [19200/50000 (38%)]	Loss: 1.473851
Train Epoch: 3 [22400/50000 (45%)]	Loss: 1.510657
Train Epoch: 3 [25600/50000 (51%)]	Loss: 1.556951
Train Epoch: 3 [28800/50000 (58%)]	Loss: 1.597212
Train Epoch: 3 [32000/50000 (64%)]	Loss: 1.551598
Train Epoch: 3 [35200/50000 (70%)]	Loss: 1.511862
Train Epoch: 3 [38400/50000 (77%)]	Loss: 1.569996
Train Epoch: 3 [41600/50000 (83%)]	Loss: 1.426797
Train Epoch: 3 [44800/50000 (90%)]	Loss: 1.454681
Train Epoch: 3 [48000/50000 (96%)]	Loss: 1.311853

Test set: Average loss: 0.0014, Accuracy: 4897/10000 (49%)

Train Epoch: 4 [0/50000 (0%)]	Loss: 1.569959
Train Epoch: 4 [3200/50000 (6%)]	Loss: 1.487027
Train Epoch: 4 [6400/50000 (13%)]	Loss: 1.315623
Train Epoch: 4 [9600/50000 (19%)]	Loss: 1.436344
Train Epoch: 4 [12800/50000 (26%)]	Loss: 1.383238
Train Epoch: 4 [16000/50000 (32%)]	Loss: 1.481303
Train Epoch: 4 [19200/50000 (38%)]	Loss: 1.263037
Train Epoch: 4 [22400/50000 (45%)]	Loss: 1.138481
Train Epoch: 4 [25600/50000 (51%)]	Loss: 1.543155
Train Epoch: 4 [28800/50000 (58%)]	Loss: 1.360261
Train Epoch: 4 [32000/50000 (64%)]	Loss: 1.462680
Train Epoch: 4 [35200/50000 (70%)]	Loss: 1.476214
Train Epoch: 4 [38400/50000 (77%)]	Loss: 1.569969
Train Epoch: 4 [41600/50000 (83%)]	Loss: 1.346846
Train Epoch: 4 [44800/50000 (90%)]	Loss: 1.164167
Train Epoch: 4 [48000/50000 (96%)]	Loss: 1.335256

Test set: Average loss: 0.0012, Accuracy: 5487/10000 (55%)

Train Epoch: 5 [0/50000 (0%)]	Loss: 1.174288
Train Epoch: 5 [3200/50000 (6%)]	Loss: 1.361491
Train Epoch: 5 [6400/50000 (13%)]	Loss: 1.303766
Train Epoch: 5 [9600/50000 (19%)]	Loss: 1.154456
Train Epoch: 5 [12800/50000 (26%)]	Loss: 1.503118
Train Epoch: 5 [16000/50000 (32%)]	Loss: 1.470498
Train Epoch: 5 [19200/50000 (38%)]	Loss: 1.497989
Train Epoch: 5 [22400/50000 (45%)]	Loss: 1.442673
Train Epoch: 5 [25600/50000 (51%)]	Loss: 1.298919
Train Epoch: 5 [28800/50000 (58%)]	Loss: 1.375838
Train Epoch: 5 [32000/50000 (64%)]	Loss: 1.371823
Train Epoch: 5 [35200/50000 (70%)]	Loss: 1.482605
Train Epoch: 5 [38400/50000 (77%)]	Loss: 1.215494
Train Epoch: 5 [41600/50000 (83%)]	Loss: 1.288064
Train Epoch: 5 [44800/50000 (90%)]	Loss: 1.017457
Train Epoch: 5 [48000/50000 (96%)]	Loss: 1.209588

Test set: Average loss: 0.0012, Accuracy: 5683/10000 (57%)

Train Epoch: 6 [0/50000 (0%)]	Loss: 1.181605
Train Epoch: 6 [3200/50000 (6%)]	Loss: 1.245864
Train Epoch: 6 [6400/50000 (13%)]	Loss: 1.286568
Train Epoch: 6 [9600/50000 (19%)]	Loss: 1.138543
Train Epoch: 6 [12800/50000 (26%)]	Loss: 1.119981
Train Epoch: 6 [16000/50000 (32%)]	Loss: 1.221405
Train Epoch: 6 [19200/50000 (38%)]	Loss: 1.307093
Train Epoch: 6 [22400/50000 (45%)]	Loss: 1.343710
Train Epoch: 6 [25600/50000 (51%)]	Loss: 1.040848
Train Epoch: 6 [28800/50000 (58%)]	Loss: 1.293146
Train Epoch: 6 [32000/50000 (64%)]	Loss: 1.161481
Train Epoch: 6 [35200/50000 (70%)]	Loss: 1.112396
Train Epoch: 6 [38400/50000 (77%)]	Loss: 1.162232
Train Epoch: 6 [41600/50000 (83%)]	Loss: 0.954511
Train Epoch: 6 [44800/50000 (90%)]	Loss: 1.081973
Train Epoch: 6 [48000/50000 (96%)]	Loss: 1.138470

Test set: Average loss: 0.0011, Accuracy: 6120/10000 (61%)

Train Epoch: 7 [0/50000 (0%)]	Loss: 1.013267
Train Epoch: 7 [3200/50000 (6%)]	Loss: 0.989600
Train Epoch: 7 [6400/50000 (13%)]	Loss: 1.135706
Train Epoch: 7 [9600/50000 (19%)]	Loss: 0.942131
Train Epoch: 7 [12800/50000 (26%)]	Loss: 1.249088
Train Epoch: 7 [16000/50000 (32%)]	Loss: 0.996963
Train Epoch: 7 [19200/50000 (38%)]	Loss: 1.024361
Train Epoch: 7 [22400/50000 (45%)]	Loss: 1.250454
Train Epoch: 7 [25600/50000 (51%)]	Loss: 1.001812
Train Epoch: 7 [28800/50000 (58%)]	Loss: 1.063941
Train Epoch: 7 [32000/50000 (64%)]	Loss: 1.203646
Train Epoch: 7 [35200/50000 (70%)]	Loss: 1.079147
Train Epoch: 7 [38400/50000 (77%)]	Loss: 0.941003
Train Epoch: 7 [41600/50000 (83%)]	Loss: 0.973756
Train Epoch: 7 [44800/50000 (90%)]	Loss: 1.234410
Train Epoch: 7 [48000/50000 (96%)]	Loss: 1.114666

Test set: Average loss: 0.0010, Accuracy: 6465/10000 (65%)

Train Epoch: 8 [0/50000 (0%)]	Loss: 1.146785
Train Epoch: 8 [3200/50000 (6%)]	Loss: 1.041723
Train Epoch: 8 [6400/50000 (13%)]	Loss: 1.071926
Train Epoch: 8 [9600/50000 (19%)]	Loss: 0.848610
Train Epoch: 8 [12800/50000 (26%)]	Loss: 1.139851
Train Epoch: 8 [16000/50000 (32%)]	Loss: 0.762083
Train Epoch: 8 [19200/50000 (38%)]	Loss: 0.928203
Train Epoch: 8 [22400/50000 (45%)]	Loss: 0.838665
Train Epoch: 8 [25600/50000 (51%)]	Loss: 1.169363
Train Epoch: 8 [28800/50000 (58%)]	Loss: 0.987895
Train Epoch: 8 [32000/50000 (64%)]	Loss: 0.928275
Train Epoch: 8 [35200/50000 (70%)]	Loss: 0.908230
Train Epoch: 8 [38400/50000 (77%)]	Loss: 0.997318
Train Epoch: 8 [41600/50000 (83%)]	Loss: 0.868424
Train Epoch: 8 [44800/50000 (90%)]	Loss: 0.875414
Train Epoch: 8 [48000/50000 (96%)]	Loss: 0.799837

Test set: Average loss: 0.0009, Accuracy: 6798/10000 (68%)

Train Epoch: 9 [0/50000 (0%)]	Loss: 0.856747
Train Epoch: 9 [3200/50000 (6%)]	Loss: 1.019051
Train Epoch: 9 [6400/50000 (13%)]	Loss: 0.729998
Train Epoch: 9 [9600/50000 (19%)]	Loss: 0.790177
Train Epoch: 9 [12800/50000 (26%)]	Loss: 0.909506
Train Epoch: 9 [16000/50000 (32%)]	Loss: 0.912540
Train Epoch: 9 [19200/50000 (38%)]	Loss: 0.858414
Train Epoch: 9 [22400/50000 (45%)]	Loss: 0.760882
Train Epoch: 9 [25600/50000 (51%)]	Loss: 0.817075
Train Epoch: 9 [28800/50000 (58%)]	Loss: 0.845124
Train Epoch: 9 [32000/50000 (64%)]	Loss: 1.054754
Train Epoch: 9 [35200/50000 (70%)]	Loss: 0.959246
Train Epoch: 9 [38400/50000 (77%)]	Loss: 0.944962
Train Epoch: 9 [41600/50000 (83%)]	Loss: 0.671746
Train Epoch: 9 [44800/50000 (90%)]	Loss: 1.036109
Train Epoch: 9 [48000/50000 (96%)]	Loss: 0.813850

Test set: Average loss: 0.0008, Accuracy: 7099/10000 (71%)

Train Epoch: 10 [0/50000 (0%)]	Loss: 0.935559
Train Epoch: 10 [3200/50000 (6%)]	Loss: 0.598638
Train Epoch: 10 [6400/50000 (13%)]	Loss: 0.962765
Train Epoch: 10 [9600/50000 (19%)]	Loss: 1.000999
Train Epoch: 10 [12800/50000 (26%)]	Loss: 0.909249
Train Epoch: 10 [16000/50000 (32%)]	Loss: 0.762921
Train Epoch: 10 [19200/50000 (38%)]	Loss: 0.748247
Train Epoch: 10 [22400/50000 (45%)]	Loss: 0.890570
Train Epoch: 10 [25600/50000 (51%)]	Loss: 1.010269
Train Epoch: 10 [28800/50000 (58%)]	Loss: 0.895501
Train Epoch: 10 [32000/50000 (64%)]	Loss: 0.782425
Train Epoch: 10 [35200/50000 (70%)]	Loss: 0.781266
Train Epoch: 10 [38400/50000 (77%)]	Loss: 0.804879
Train Epoch: 10 [41600/50000 (83%)]	Loss: 1.007889
Train Epoch: 10 [44800/50000 (90%)]	Loss: 1.104399
Train Epoch: 10 [48000/50000 (96%)]	Loss: 0.815691

Test set: Average loss: 0.0008, Accuracy: 7155/10000 (72%)

Train Epoch: 11 [0/50000 (0%)]	Loss: 0.948554
Train Epoch: 11 [3200/50000 (6%)]	Loss: 0.858524
Train Epoch: 11 [6400/50000 (13%)]	Loss: 0.707630
Train Epoch: 11 [9600/50000 (19%)]	Loss: 0.641643
Train Epoch: 11 [12800/50000 (26%)]	Loss: 0.856679
Train Epoch: 11 [16000/50000 (32%)]	Loss: 0.735623
Train Epoch: 11 [19200/50000 (38%)]	Loss: 0.654641
Train Epoch: 11 [22400/50000 (45%)]	Loss: 0.812935
Train Epoch: 11 [25600/50000 (51%)]	Loss: 0.922919
Train Epoch: 11 [28800/50000 (58%)]	Loss: 0.722219
Train Epoch: 11 [32000/50000 (64%)]	Loss: 1.130691
Train Epoch: 11 [35200/50000 (70%)]	Loss: 0.772199
Train Epoch: 11 [38400/50000 (77%)]	Loss: 0.884005
Train Epoch: 11 [41600/50000 (83%)]	Loss: 0.771605
Train Epoch: 11 [44800/50000 (90%)]	Loss: 0.697471
Train Epoch: 11 [48000/50000 (96%)]	Loss: 0.714067

Test set: Average loss: 0.0007, Accuracy: 7426/10000 (74%)

Train Epoch: 12 [0/50000 (0%)]	Loss: 1.004936
Train Epoch: 12 [3200/50000 (6%)]	Loss: 1.032511
Train Epoch: 12 [6400/50000 (13%)]	Loss: 0.782960
Train Epoch: 12 [9600/50000 (19%)]	Loss: 0.665259
Train Epoch: 12 [12800/50000 (26%)]	Loss: 0.589721
Train Epoch: 12 [16000/50000 (32%)]	Loss: 0.747877
Train Epoch: 12 [19200/50000 (38%)]	Loss: 0.661197
Train Epoch: 12 [22400/50000 (45%)]	Loss: 0.684205
Train Epoch: 12 [25600/50000 (51%)]	Loss: 0.865111
Train Epoch: 12 [28800/50000 (58%)]	Loss: 0.669165
Train Epoch: 12 [32000/50000 (64%)]	Loss: 0.790526
Train Epoch: 12 [35200/50000 (70%)]	Loss: 0.706770
Train Epoch: 12 [38400/50000 (77%)]	Loss: 0.839161
Train Epoch: 12 [41600/50000 (83%)]	Loss: 0.902391
Train Epoch: 12 [44800/50000 (90%)]	Loss: 0.862017
Train Epoch: 12 [48000/50000 (96%)]	Loss: 0.636271

Test set: Average loss: 0.0007, Accuracy: 7578/10000 (76%)

Train Epoch: 13 [0/50000 (0%)]	Loss: 0.859636
Train Epoch: 13 [3200/50000 (6%)]	Loss: 0.923247
Train Epoch: 13 [6400/50000 (13%)]	Loss: 0.507598
Train Epoch: 13 [9600/50000 (19%)]	Loss: 0.815422
Train Epoch: 13 [12800/50000 (26%)]	Loss: 0.707354
Train Epoch: 13 [16000/50000 (32%)]	Loss: 0.554558
Train Epoch: 13 [19200/50000 (38%)]	Loss: 0.852705
Train Epoch: 13 [22400/50000 (45%)]	Loss: 0.558966
Train Epoch: 13 [25600/50000 (51%)]	Loss: 0.641555
Train Epoch: 13 [28800/50000 (58%)]	Loss: 0.612463
Train Epoch: 13 [32000/50000 (64%)]	Loss: 0.887353
Train Epoch: 13 [35200/50000 (70%)]	Loss: 0.537839
Train Epoch: 13 [38400/50000 (77%)]	Loss: 0.575745
Train Epoch: 13 [41600/50000 (83%)]	Loss: 0.724998
Train Epoch: 13 [44800/50000 (90%)]	Loss: 0.541462
Train Epoch: 13 [48000/50000 (96%)]	Loss: 0.742240

Test set: Average loss: 0.0007, Accuracy: 7693/10000 (77%)

Train Epoch: 14 [0/50000 (0%)]	Loss: 0.720348
Train Epoch: 14 [3200/50000 (6%)]	Loss: 0.565279
Train Epoch: 14 [6400/50000 (13%)]	Loss: 0.467563
Train Epoch: 14 [9600/50000 (19%)]	Loss: 0.432949
Train Epoch: 14 [12800/50000 (26%)]	Loss: 0.427159
Train Epoch: 14 [16000/50000 (32%)]	Loss: 0.771519
Train Epoch: 14 [19200/50000 (38%)]	Loss: 0.763701
Train Epoch: 14 [22400/50000 (45%)]	Loss: 0.506114
Train Epoch: 14 [25600/50000 (51%)]	Loss: 0.551299
Train Epoch: 14 [28800/50000 (58%)]	Loss: 0.814887
Train Epoch: 14 [32000/50000 (64%)]	Loss: 0.995296
Train Epoch: 14 [35200/50000 (70%)]	Loss: 0.473378
Train Epoch: 14 [38400/50000 (77%)]	Loss: 0.611616
Train Epoch: 14 [41600/50000 (83%)]	Loss: 0.667121
Train Epoch: 14 [44800/50000 (90%)]	Loss: 0.569020
Train Epoch: 14 [48000/50000 (96%)]	Loss: 0.599261

Test set: Average loss: 0.0007, Accuracy: 7780/10000 (78%)

Train Epoch: 15 [0/50000 (0%)]	Loss: 0.776551
Train Epoch: 15 [3200/50000 (6%)]	Loss: 0.711290
Train Epoch: 15 [6400/50000 (13%)]	Loss: 0.675992
Train Epoch: 15 [9600/50000 (19%)]	Loss: 0.737103
Train Epoch: 15 [12800/50000 (26%)]	Loss: 0.561636
Train Epoch: 15 [16000/50000 (32%)]	Loss: 0.680614
Train Epoch: 15 [19200/50000 (38%)]	Loss: 0.549877
Train Epoch: 15 [22400/50000 (45%)]	Loss: 0.485044
Train Epoch: 15 [25600/50000 (51%)]	Loss: 0.914736
Train Epoch: 15 [28800/50000 (58%)]	Loss: 0.738052
Train Epoch: 15 [32000/50000 (64%)]	Loss: 0.552382
Train Epoch: 15 [35200/50000 (70%)]	Loss: 0.548642
Train Epoch: 15 [38400/50000 (77%)]	Loss: 0.466936
Train Epoch: 15 [41600/50000 (83%)]	Loss: 0.719947
Train Epoch: 15 [44800/50000 (90%)]	Loss: 0.623289
Train Epoch: 15 [48000/50000 (96%)]	Loss: 0.459024

Test set: Average loss: 0.0007, Accuracy: 7773/10000 (78%)

Train Epoch: 16 [0/50000 (0%)]	Loss: 0.564450
Train Epoch: 16 [3200/50000 (6%)]	Loss: 0.438061
Train Epoch: 16 [6400/50000 (13%)]	Loss: 0.755636
Train Epoch: 16 [9600/50000 (19%)]	Loss: 0.652415
Train Epoch: 16 [12800/50000 (26%)]	Loss: 0.693627
Train Epoch: 16 [16000/50000 (32%)]	Loss: 0.563166
Train Epoch: 16 [19200/50000 (38%)]	Loss: 0.354790
Train Epoch: 16 [22400/50000 (45%)]	Loss: 0.485795
Train Epoch: 16 [25600/50000 (51%)]	Loss: 0.467063
Train Epoch: 16 [28800/50000 (58%)]	Loss: 0.655219
Train Epoch: 16 [32000/50000 (64%)]	Loss: 0.620247
Train Epoch: 16 [35200/50000 (70%)]	Loss: 0.600799
Train Epoch: 16 [38400/50000 (77%)]	Loss: 0.637668
Train Epoch: 16 [41600/50000 (83%)]	Loss: 0.629348
Train Epoch: 16 [44800/50000 (90%)]	Loss: 0.538981
Train Epoch: 16 [48000/50000 (96%)]	Loss: 0.744558

Test set: Average loss: 0.0006, Accuracy: 7823/10000 (78%)

Train Epoch: 17 [0/50000 (0%)]	Loss: 0.546266
Train Epoch: 17 [3200/50000 (6%)]	Loss: 0.473540
Train Epoch: 17 [6400/50000 (13%)]	Loss: 0.536473
Train Epoch: 17 [9600/50000 (19%)]	Loss: 0.750445
Train Epoch: 17 [12800/50000 (26%)]	Loss: 0.557174
Train Epoch: 17 [16000/50000 (32%)]	Loss: 0.748471
Train Epoch: 17 [19200/50000 (38%)]	Loss: 0.717709
Train Epoch: 17 [22400/50000 (45%)]	Loss: 0.711064
Train Epoch: 17 [25600/50000 (51%)]	Loss: 0.661660
Train Epoch: 17 [28800/50000 (58%)]	Loss: 0.669921
Train Epoch: 17 [32000/50000 (64%)]	Loss: 0.309136
Train Epoch: 17 [35200/50000 (70%)]	Loss: 0.740062
Train Epoch: 17 [38400/50000 (77%)]	Loss: 0.698396
Train Epoch: 17 [41600/50000 (83%)]	Loss: 0.424767
Train Epoch: 17 [44800/50000 (90%)]	Loss: 0.590623
Train Epoch: 17 [48000/50000 (96%)]	Loss: 0.612376

Test set: Average loss: 0.0006, Accuracy: 7920/10000 (79%)

Train Epoch: 18 [0/50000 (0%)]	Loss: 0.604046
Train Epoch: 18 [3200/50000 (6%)]	Loss: 0.464307
Train Epoch: 18 [6400/50000 (13%)]	Loss: 0.565787
Train Epoch: 18 [9600/50000 (19%)]	Loss: 0.447532
Train Epoch: 18 [12800/50000 (26%)]	Loss: 0.658524
Train Epoch: 18 [16000/50000 (32%)]	Loss: 0.540496
Train Epoch: 18 [19200/50000 (38%)]	Loss: 0.394418
Train Epoch: 18 [22400/50000 (45%)]	Loss: 0.595623
Train Epoch: 18 [25600/50000 (51%)]	Loss: 0.741912
Train Epoch: 18 [28800/50000 (58%)]	Loss: 0.550938
Train Epoch: 18 [32000/50000 (64%)]	Loss: 0.391647
Train Epoch: 18 [35200/50000 (70%)]	Loss: 0.496670
Train Epoch: 18 [38400/50000 (77%)]	Loss: 0.565551
Train Epoch: 18 [41600/50000 (83%)]	Loss: 0.837624
Train Epoch: 18 [44800/50000 (90%)]	Loss: 0.477025
Train Epoch: 18 [48000/50000 (96%)]	Loss: 0.512989

Test set: Average loss: 0.0006, Accuracy: 7902/10000 (79%)

Train Epoch: 19 [0/50000 (0%)]	Loss: 0.323080
Train Epoch: 19 [3200/50000 (6%)]	Loss: 0.509502
Train Epoch: 19 [6400/50000 (13%)]	Loss: 0.431214
Train Epoch: 19 [9600/50000 (19%)]	Loss: 0.473425
Train Epoch: 19 [12800/50000 (26%)]	Loss: 0.533974
Train Epoch: 19 [16000/50000 (32%)]	Loss: 0.593260
Train Epoch: 19 [19200/50000 (38%)]	Loss: 0.623480
Train Epoch: 19 [22400/50000 (45%)]	Loss: 0.602699
Train Epoch: 19 [25600/50000 (51%)]	Loss: 0.894905
Train Epoch: 19 [28800/50000 (58%)]	Loss: 0.718363
Train Epoch: 19 [32000/50000 (64%)]	Loss: 0.569711
Train Epoch: 19 [35200/50000 (70%)]	Loss: 0.653991
Train Epoch: 19 [38400/50000 (77%)]	Loss: 0.423444
Train Epoch: 19 [41600/50000 (83%)]	Loss: 0.529458
Train Epoch: 19 [44800/50000 (90%)]	Loss: 0.474648
Train Epoch: 19 [48000/50000 (96%)]	Loss: 0.602110

Test set: Average loss: 0.0006, Accuracy: 8154/10000 (82%)

Train Epoch: 20 [0/50000 (0%)]	Loss: 0.549400
Train Epoch: 20 [3200/50000 (6%)]	Loss: 0.530476
Train Epoch: 20 [6400/50000 (13%)]	Loss: 0.481180
Train Epoch: 20 [9600/50000 (19%)]	Loss: 0.582935
Train Epoch: 20 [12800/50000 (26%)]	Loss: 0.311385
Train Epoch: 20 [16000/50000 (32%)]	Loss: 0.562829
Train Epoch: 20 [19200/50000 (38%)]	Loss: 0.442234
Train Epoch: 20 [22400/50000 (45%)]	Loss: 0.440712
Train Epoch: 20 [25600/50000 (51%)]	Loss: 0.572084
Train Epoch: 20 [28800/50000 (58%)]	Loss: 0.610201
Train Epoch: 20 [32000/50000 (64%)]	Loss: 0.585460
Train Epoch: 20 [35200/50000 (70%)]	Loss: 0.383115
Train Epoch: 20 [38400/50000 (77%)]	Loss: 0.506046
Train Epoch: 20 [41600/50000 (83%)]	Loss: 0.545241
Train Epoch: 20 [44800/50000 (90%)]	Loss: 0.541054
Train Epoch: 20 [48000/50000 (96%)]	Loss: 0.616115

Test set: Average loss: 0.0005, Accuracy: 8146/10000 (81%)

Train Epoch: 21 [0/50000 (0%)]	Loss: 0.639104
Train Epoch: 21 [3200/50000 (6%)]	Loss: 0.571698
Train Epoch: 21 [6400/50000 (13%)]	Loss: 0.605035
Train Epoch: 21 [9600/50000 (19%)]	Loss: 0.593913
Train Epoch: 21 [12800/50000 (26%)]	Loss: 0.569176
Train Epoch: 21 [16000/50000 (32%)]	Loss: 0.424502
Train Epoch: 21 [19200/50000 (38%)]	Loss: 0.646028
Train Epoch: 21 [22400/50000 (45%)]	Loss: 0.480755
Train Epoch: 21 [25600/50000 (51%)]	Loss: 0.391251
Train Epoch: 21 [28800/50000 (58%)]	Loss: 0.412463
Train Epoch: 21 [32000/50000 (64%)]	Loss: 0.562417
Train Epoch: 21 [35200/50000 (70%)]	Loss: 0.874725
Train Epoch: 21 [38400/50000 (77%)]	Loss: 0.692012
Train Epoch: 21 [41600/50000 (83%)]	Loss: 0.708879
Train Epoch: 21 [44800/50000 (90%)]	Loss: 0.660455
Train Epoch: 21 [48000/50000 (96%)]	Loss: 0.471240

Test set: Average loss: 0.0005, Accuracy: 8149/10000 (81%)

Train Epoch: 22 [0/50000 (0%)]	Loss: 0.529737
Train Epoch: 22 [3200/50000 (6%)]	Loss: 0.657365
Train Epoch: 22 [6400/50000 (13%)]	Loss: 0.595445
Train Epoch: 22 [9600/50000 (19%)]	Loss: 0.416517
Train Epoch: 22 [12800/50000 (26%)]	Loss: 0.582992
Train Epoch: 22 [16000/50000 (32%)]	Loss: 0.678764
Train Epoch: 22 [19200/50000 (38%)]	Loss: 0.640643
Train Epoch: 22 [22400/50000 (45%)]	Loss: 0.516412
Train Epoch: 22 [25600/50000 (51%)]	Loss: 0.514768
Train Epoch: 22 [28800/50000 (58%)]	Loss: 0.344655
Train Epoch: 22 [32000/50000 (64%)]	Loss: 0.444387
Train Epoch: 22 [35200/50000 (70%)]	Loss: 0.589956
Train Epoch: 22 [38400/50000 (77%)]	Loss: 0.455216
Train Epoch: 22 [41600/50000 (83%)]	Loss: 0.585344
Train Epoch: 22 [44800/50000 (90%)]	Loss: 0.444221
Train Epoch: 22 [48000/50000 (96%)]	Loss: 0.402170

Test set: Average loss: 0.0005, Accuracy: 8171/10000 (82%)

Train Epoch: 23 [0/50000 (0%)]	Loss: 0.522934
Train Epoch: 23 [3200/50000 (6%)]	Loss: 0.501540
Train Epoch: 23 [6400/50000 (13%)]	Loss: 0.442604
Train Epoch: 23 [9600/50000 (19%)]	Loss: 0.553269
Train Epoch: 23 [12800/50000 (26%)]	Loss: 0.468802
Train Epoch: 23 [16000/50000 (32%)]	Loss: 0.508468
Train Epoch: 23 [19200/50000 (38%)]	Loss: 0.321923
Train Epoch: 23 [22400/50000 (45%)]	Loss: 0.434462
Train Epoch: 23 [25600/50000 (51%)]	Loss: 0.322874
Train Epoch: 23 [28800/50000 (58%)]	Loss: 0.509862
Train Epoch: 23 [32000/50000 (64%)]	Loss: 0.626148
Train Epoch: 23 [35200/50000 (70%)]	Loss: 0.533269
Train Epoch: 23 [38400/50000 (77%)]	Loss: 0.627082
Train Epoch: 23 [41600/50000 (83%)]	Loss: 0.333346
Train Epoch: 23 [44800/50000 (90%)]	Loss: 0.509863
Train Epoch: 23 [48000/50000 (96%)]	Loss: 0.439599

Test set: Average loss: 0.0005, Accuracy: 8124/10000 (81%)

Train Epoch: 24 [0/50000 (0%)]	Loss: 0.469992
Train Epoch: 24 [3200/50000 (6%)]	Loss: 0.409046
Train Epoch: 24 [6400/50000 (13%)]	Loss: 0.304491
Train Epoch: 24 [9600/50000 (19%)]	Loss: 0.451031
Train Epoch: 24 [12800/50000 (26%)]	Loss: 0.341004
Train Epoch: 24 [16000/50000 (32%)]	Loss: 0.551567
Train Epoch: 24 [19200/50000 (38%)]	Loss: 0.587609
Train Epoch: 24 [22400/50000 (45%)]	Loss: 0.480647
Train Epoch: 24 [25600/50000 (51%)]	Loss: 0.581573
Train Epoch: 24 [28800/50000 (58%)]	Loss: 0.402178
Train Epoch: 24 [32000/50000 (64%)]	Loss: 0.546157
Train Epoch: 24 [35200/50000 (70%)]	Loss: 0.461851
Train Epoch: 24 [38400/50000 (77%)]	Loss: 0.429612
Train Epoch: 24 [41600/50000 (83%)]	Loss: 0.628441
Train Epoch: 24 [44800/50000 (90%)]	Loss: 0.525825
Train Epoch: 24 [48000/50000 (96%)]	Loss: 0.598357

Test set: Average loss: 0.0005, Accuracy: 8270/10000 (83%)

Train Epoch: 25 [0/50000 (0%)]	Loss: 0.354524
Train Epoch: 25 [3200/50000 (6%)]	Loss: 0.615244
Train Epoch: 25 [6400/50000 (13%)]	Loss: 0.315148
Train Epoch: 25 [9600/50000 (19%)]	Loss: 0.248793
Train Epoch: 25 [12800/50000 (26%)]	Loss: 0.352496
Train Epoch: 25 [16000/50000 (32%)]	Loss: 0.351670
Train Epoch: 25 [19200/50000 (38%)]	Loss: 0.430475
Train Epoch: 25 [22400/50000 (45%)]	Loss: 0.405864
Train Epoch: 25 [25600/50000 (51%)]	Loss: 0.633793
Train Epoch: 25 [28800/50000 (58%)]	Loss: 0.314446
Train Epoch: 25 [32000/50000 (64%)]	Loss: 0.493307
Train Epoch: 25 [35200/50000 (70%)]	Loss: 0.542443
Train Epoch: 25 [38400/50000 (77%)]	Loss: 0.410666
Train Epoch: 25 [41600/50000 (83%)]	Loss: 0.503178
Train Epoch: 25 [44800/50000 (90%)]	Loss: 0.344883
Train Epoch: 25 [48000/50000 (96%)]	Loss: 0.345811

Test set: Average loss: 0.0005, Accuracy: 8191/10000 (82%)

Train Epoch: 26 [0/50000 (0%)]	Loss: 0.501456
Train Epoch: 26 [3200/50000 (6%)]	Loss: 0.360446
Train Epoch: 26 [6400/50000 (13%)]	Loss: 0.536143
Train Epoch: 26 [9600/50000 (19%)]	Loss: 0.717215
Train Epoch: 26 [12800/50000 (26%)]	Loss: 0.488806
Train Epoch: 26 [16000/50000 (32%)]	Loss: 0.542248
Train Epoch: 26 [19200/50000 (38%)]	Loss: 0.340721
Train Epoch: 26 [22400/50000 (45%)]	Loss: 0.339876
Train Epoch: 26 [25600/50000 (51%)]	Loss: 0.310347
Train Epoch: 26 [28800/50000 (58%)]	Loss: 0.544481
Train Epoch: 26 [32000/50000 (64%)]	Loss: 0.431370
Train Epoch: 26 [35200/50000 (70%)]	Loss: 0.352734
Train Epoch: 26 [38400/50000 (77%)]	Loss: 0.721025
Train Epoch: 26 [41600/50000 (83%)]	Loss: 0.423489
Train Epoch: 26 [44800/50000 (90%)]	Loss: 0.537106
Train Epoch: 26 [48000/50000 (96%)]	Loss: 0.512841

Test set: Average loss: 0.0005, Accuracy: 8275/10000 (83%)

Train Epoch: 27 [0/50000 (0%)]	Loss: 0.605480
Train Epoch: 27 [3200/50000 (6%)]	Loss: 0.372265
Train Epoch: 27 [6400/50000 (13%)]	Loss: 0.367236
Train Epoch: 27 [9600/50000 (19%)]	Loss: 0.364796
Train Epoch: 27 [12800/50000 (26%)]	Loss: 0.357684
Train Epoch: 27 [16000/50000 (32%)]	Loss: 0.434421
Train Epoch: 27 [19200/50000 (38%)]	Loss: 0.373321
Train Epoch: 27 [22400/50000 (45%)]	Loss: 0.434747
Train Epoch: 27 [25600/50000 (51%)]	Loss: 0.434363
Train Epoch: 27 [28800/50000 (58%)]	Loss: 0.508210
Train Epoch: 27 [32000/50000 (64%)]	Loss: 0.330201
Train Epoch: 27 [35200/50000 (70%)]	Loss: 0.537125
Train Epoch: 27 [38400/50000 (77%)]	Loss: 0.336304
Train Epoch: 27 [41600/50000 (83%)]	Loss: 0.418598
Train Epoch: 27 [44800/50000 (90%)]	Loss: 0.702258
Train Epoch: 27 [48000/50000 (96%)]	Loss: 0.460188

Test set: Average loss: 0.0005, Accuracy: 8287/10000 (83%)

Train Epoch: 28 [0/50000 (0%)]	Loss: 0.502866
Train Epoch: 28 [3200/50000 (6%)]	Loss: 0.340603
Train Epoch: 28 [6400/50000 (13%)]	Loss: 0.546709
Train Epoch: 28 [9600/50000 (19%)]	Loss: 0.320875
Train Epoch: 28 [12800/50000 (26%)]	Loss: 0.503209
Train Epoch: 28 [16000/50000 (32%)]	Loss: 0.464031
Train Epoch: 28 [19200/50000 (38%)]	Loss: 0.532753
Train Epoch: 28 [22400/50000 (45%)]	Loss: 0.491569
Train Epoch: 28 [25600/50000 (51%)]	Loss: 0.287192
Train Epoch: 28 [28800/50000 (58%)]	Loss: 0.572807
Train Epoch: 28 [32000/50000 (64%)]	Loss: 0.490887
Train Epoch: 28 [35200/50000 (70%)]	Loss: 0.493964
Train Epoch: 28 [38400/50000 (77%)]	Loss: 0.530940
Train Epoch: 28 [41600/50000 (83%)]	Loss: 0.450862
Train Epoch: 28 [44800/50000 (90%)]	Loss: 0.372201
Train Epoch: 28 [48000/50000 (96%)]	Loss: 0.633538

Test set: Average loss: 0.0005, Accuracy: 8298/10000 (83%)

Train Epoch: 29 [0/50000 (0%)]	Loss: 0.311567
Train Epoch: 29 [3200/50000 (6%)]	Loss: 0.259613
Train Epoch: 29 [6400/50000 (13%)]	Loss: 0.447151
Train Epoch: 29 [9600/50000 (19%)]	Loss: 0.487600
Train Epoch: 29 [12800/50000 (26%)]	Loss: 0.287400
Train Epoch: 29 [16000/50000 (32%)]	Loss: 0.449244
Train Epoch: 29 [19200/50000 (38%)]	Loss: 0.356740
Train Epoch: 29 [22400/50000 (45%)]	Loss: 0.640442
Train Epoch: 29 [25600/50000 (51%)]	Loss: 0.401538
Train Epoch: 29 [28800/50000 (58%)]	Loss: 0.246222
Train Epoch: 29 [32000/50000 (64%)]	Loss: 0.612341
Train Epoch: 29 [35200/50000 (70%)]	Loss: 0.541512
Train Epoch: 29 [38400/50000 (77%)]	Loss: 0.454721
Train Epoch: 29 [41600/50000 (83%)]	Loss: 0.345535
Train Epoch: 29 [44800/50000 (90%)]	Loss: 0.729546
Train Epoch: 29 [48000/50000 (96%)]	Loss: 0.330716

Test set: Average loss: 0.0005, Accuracy: 8316/10000 (83%)

Train Epoch: 30 [0/50000 (0%)]	Loss: 0.479029
Train Epoch: 30 [3200/50000 (6%)]	Loss: 0.307351
Train Epoch: 30 [6400/50000 (13%)]	Loss: 0.368771
Train Epoch: 30 [9600/50000 (19%)]	Loss: 0.446844
Train Epoch: 30 [12800/50000 (26%)]	Loss: 0.358893
Train Epoch: 30 [16000/50000 (32%)]	Loss: 0.390975
Train Epoch: 30 [19200/50000 (38%)]	Loss: 0.382691
Train Epoch: 30 [22400/50000 (45%)]	Loss: 0.344642
Train Epoch: 30 [25600/50000 (51%)]	Loss: 0.460089
Train Epoch: 30 [28800/50000 (58%)]	Loss: 0.365907
Train Epoch: 30 [32000/50000 (64%)]	Loss: 0.345506
Train Epoch: 30 [35200/50000 (70%)]	Loss: 0.320581
Train Epoch: 30 [38400/50000 (77%)]	Loss: 0.489496
Train Epoch: 30 [41600/50000 (83%)]	Loss: 0.280854
Train Epoch: 30 [44800/50000 (90%)]	Loss: 0.369789
Train Epoch: 30 [48000/50000 (96%)]	Loss: 0.370888

Test set: Average loss: 0.0005, Accuracy: 8331/10000 (83%)

Train Epoch: 31 [0/50000 (0%)]	Loss: 0.430384
Train Epoch: 31 [3200/50000 (6%)]	Loss: 0.584127
Train Epoch: 31 [6400/50000 (13%)]	Loss: 0.259953
Train Epoch: 31 [9600/50000 (19%)]	Loss: 0.208643
Train Epoch: 31 [12800/50000 (26%)]	Loss: 0.360351
Train Epoch: 31 [16000/50000 (32%)]	Loss: 0.253823
Train Epoch: 31 [19200/50000 (38%)]	Loss: 0.347820
Train Epoch: 31 [22400/50000 (45%)]	Loss: 0.223653
Train Epoch: 31 [25600/50000 (51%)]	Loss: 0.296694
Train Epoch: 31 [28800/50000 (58%)]	Loss: 0.495787
Train Epoch: 31 [32000/50000 (64%)]	Loss: 0.444402
Train Epoch: 31 [35200/50000 (70%)]	Loss: 0.417677
Train Epoch: 31 [38400/50000 (77%)]	Loss: 0.257027
Train Epoch: 31 [41600/50000 (83%)]	Loss: 0.334773
Train Epoch: 31 [44800/50000 (90%)]	Loss: 0.352755
Train Epoch: 31 [48000/50000 (96%)]	Loss: 0.510421

Test set: Average loss: 0.0005, Accuracy: 8415/10000 (84%)

Train Epoch: 32 [0/50000 (0%)]	Loss: 0.229025
Train Epoch: 32 [3200/50000 (6%)]	Loss: 0.265346
Train Epoch: 32 [6400/50000 (13%)]	Loss: 0.388815
Train Epoch: 32 [9600/50000 (19%)]	Loss: 0.415756
Train Epoch: 32 [12800/50000 (26%)]	Loss: 0.445119
Train Epoch: 32 [16000/50000 (32%)]	Loss: 0.289548
Train Epoch: 32 [19200/50000 (38%)]	Loss: 0.622854
Train Epoch: 32 [22400/50000 (45%)]	Loss: 0.334839
Train Epoch: 32 [25600/50000 (51%)]	Loss: 0.297386
Train Epoch: 32 [28800/50000 (58%)]	Loss: 0.417684
Train Epoch: 32 [32000/50000 (64%)]	Loss: 0.237459
Train Epoch: 32 [35200/50000 (70%)]	Loss: 0.341130
Train Epoch: 32 [38400/50000 (77%)]	Loss: 0.352107
Train Epoch: 32 [41600/50000 (83%)]	Loss: 0.412350
Train Epoch: 32 [44800/50000 (90%)]	Loss: 0.151038
Train Epoch: 32 [48000/50000 (96%)]	Loss: 0.418346

Test set: Average loss: 0.0005, Accuracy: 8423/10000 (84%)

Train Epoch: 33 [0/50000 (0%)]	Loss: 0.269234
Train Epoch: 33 [3200/50000 (6%)]	Loss: 0.611567
Train Epoch: 33 [6400/50000 (13%)]	Loss: 0.286896
Train Epoch: 33 [9600/50000 (19%)]	Loss: 0.415268
Train Epoch: 33 [12800/50000 (26%)]	Loss: 0.242619
Train Epoch: 33 [16000/50000 (32%)]	Loss: 0.319745
Train Epoch: 33 [19200/50000 (38%)]	Loss: 0.206253
Train Epoch: 33 [22400/50000 (45%)]	Loss: 0.320774
Train Epoch: 33 [25600/50000 (51%)]	Loss: 0.308694
Train Epoch: 33 [28800/50000 (58%)]	Loss: 0.309919
Train Epoch: 33 [32000/50000 (64%)]	Loss: 0.388949
Train Epoch: 33 [35200/50000 (70%)]	Loss: 0.327449
Train Epoch: 33 [38400/50000 (77%)]	Loss: 0.373793
Train Epoch: 33 [41600/50000 (83%)]	Loss: 0.187282
Train Epoch: 33 [44800/50000 (90%)]	Loss: 0.630115
Train Epoch: 33 [48000/50000 (96%)]	Loss: 0.470796

Test set: Average loss: 0.0005, Accuracy: 8338/10000 (83%)

Train Epoch: 34 [0/50000 (0%)]	Loss: 0.409349
Train Epoch: 34 [3200/50000 (6%)]	Loss: 0.376030
Train Epoch: 34 [6400/50000 (13%)]	Loss: 0.257075
Train Epoch: 34 [9600/50000 (19%)]	Loss: 0.518497
Train Epoch: 34 [12800/50000 (26%)]	Loss: 0.303847
Train Epoch: 34 [16000/50000 (32%)]	Loss: 0.459105
Train Epoch: 34 [19200/50000 (38%)]	Loss: 0.581711
Train Epoch: 34 [22400/50000 (45%)]	Loss: 0.335567
Train Epoch: 34 [25600/50000 (51%)]	Loss: 0.352800
Train Epoch: 34 [28800/50000 (58%)]	Loss: 0.225603
Train Epoch: 34 [32000/50000 (64%)]	Loss: 0.335727
Train Epoch: 34 [35200/50000 (70%)]	Loss: 0.356494
Train Epoch: 34 [38400/50000 (77%)]	Loss: 0.363495
Train Epoch: 34 [41600/50000 (83%)]	Loss: 0.430983
Train Epoch: 34 [44800/50000 (90%)]	Loss: 0.475886
Train Epoch: 34 [48000/50000 (96%)]	Loss: 0.373328

Test set: Average loss: 0.0005, Accuracy: 8358/10000 (84%)

Train Epoch: 35 [0/50000 (0%)]	Loss: 0.480412
Train Epoch: 35 [3200/50000 (6%)]	Loss: 0.306241
Train Epoch: 35 [6400/50000 (13%)]	Loss: 0.362758
Train Epoch: 35 [9600/50000 (19%)]	Loss: 0.386642
Train Epoch: 35 [12800/50000 (26%)]	Loss: 0.239127
Train Epoch: 35 [16000/50000 (32%)]	Loss: 0.235349
Train Epoch: 35 [19200/50000 (38%)]	Loss: 0.268910
Train Epoch: 35 [22400/50000 (45%)]	Loss: 0.379961
Train Epoch: 35 [25600/50000 (51%)]	Loss: 0.373784
Train Epoch: 35 [28800/50000 (58%)]	Loss: 0.533769
Train Epoch: 35 [32000/50000 (64%)]	Loss: 0.250260
Train Epoch: 35 [35200/50000 (70%)]	Loss: 0.476277
Train Epoch: 35 [38400/50000 (77%)]	Loss: 0.314511
Train Epoch: 35 [41600/50000 (83%)]	Loss: 0.356150
Train Epoch: 35 [44800/50000 (90%)]	Loss: 0.450632
Train Epoch: 35 [48000/50000 (96%)]	Loss: 0.640177

Test set: Average loss: 0.0005, Accuracy: 8462/10000 (85%)

Train Epoch: 36 [0/50000 (0%)]	Loss: 0.252708
Train Epoch: 36 [3200/50000 (6%)]	Loss: 0.464073
Train Epoch: 36 [6400/50000 (13%)]	Loss: 0.295734
Train Epoch: 36 [9600/50000 (19%)]	Loss: 0.290391
Train Epoch: 36 [12800/50000 (26%)]	Loss: 0.369662
Train Epoch: 36 [16000/50000 (32%)]	Loss: 0.379993
Train Epoch: 36 [19200/50000 (38%)]	Loss: 0.587332
Train Epoch: 36 [22400/50000 (45%)]	Loss: 0.364047
Train Epoch: 36 [25600/50000 (51%)]	Loss: 0.419874
Train Epoch: 36 [28800/50000 (58%)]	Loss: 0.322903
Train Epoch: 36 [32000/50000 (64%)]	Loss: 0.472097
Train Epoch: 36 [35200/50000 (70%)]	Loss: 0.436703
Train Epoch: 36 [38400/50000 (77%)]	Loss: 0.672798
Train Epoch: 36 [41600/50000 (83%)]	Loss: 0.294187
Train Epoch: 36 [44800/50000 (90%)]	Loss: 0.411666
Train Epoch: 36 [48000/50000 (96%)]	Loss: 0.374284

Test set: Average loss: 0.0005, Accuracy: 8479/10000 (85%)

Train Epoch: 37 [0/50000 (0%)]	Loss: 0.171872
Train Epoch: 37 [3200/50000 (6%)]	Loss: 0.420121
Train Epoch: 37 [6400/50000 (13%)]	Loss: 0.441225
Train Epoch: 37 [9600/50000 (19%)]	Loss: 0.473997
Train Epoch: 37 [12800/50000 (26%)]	Loss: 0.371818
Train Epoch: 37 [16000/50000 (32%)]	Loss: 0.247580
Train Epoch: 37 [19200/50000 (38%)]	Loss: 0.153913
Train Epoch: 37 [22400/50000 (45%)]	Loss: 0.277168
Train Epoch: 37 [25600/50000 (51%)]	Loss: 0.404103
Train Epoch: 37 [28800/50000 (58%)]	Loss: 0.452184
Train Epoch: 37 [32000/50000 (64%)]	Loss: 0.442287
Train Epoch: 37 [35200/50000 (70%)]	Loss: 0.679106
Train Epoch: 37 [38400/50000 (77%)]	Loss: 0.264890
Train Epoch: 37 [41600/50000 (83%)]	Loss: 0.346364
Train Epoch: 37 [44800/50000 (90%)]	Loss: 0.318238
Train Epoch: 37 [48000/50000 (96%)]	Loss: 0.447485

Test set: Average loss: 0.0005, Accuracy: 8484/10000 (85%)

Train Epoch: 38 [0/50000 (0%)]	Loss: 0.218342
Train Epoch: 38 [3200/50000 (6%)]	Loss: 0.180809
Train Epoch: 38 [6400/50000 (13%)]	Loss: 0.316646
Train Epoch: 38 [9600/50000 (19%)]	Loss: 0.310489
Train Epoch: 38 [12800/50000 (26%)]	Loss: 0.223875
Train Epoch: 38 [16000/50000 (32%)]	Loss: 0.408710
Train Epoch: 38 [19200/50000 (38%)]	Loss: 0.294107
Train Epoch: 38 [22400/50000 (45%)]	Loss: 0.230108
Train Epoch: 38 [25600/50000 (51%)]	Loss: 0.496263
Train Epoch: 38 [28800/50000 (58%)]	Loss: 0.304366
Train Epoch: 38 [32000/50000 (64%)]	Loss: 0.326254
Train Epoch: 38 [35200/50000 (70%)]	Loss: 0.530250
Train Epoch: 38 [38400/50000 (77%)]	Loss: 0.237294
Train Epoch: 38 [41600/50000 (83%)]	Loss: 0.326245
Train Epoch: 38 [44800/50000 (90%)]	Loss: 0.405713
Train Epoch: 38 [48000/50000 (96%)]	Loss: 0.209178

Test set: Average loss: 0.0005, Accuracy: 8451/10000 (85%)

Train Epoch: 39 [0/50000 (0%)]	Loss: 0.278628
Train Epoch: 39 [3200/50000 (6%)]	Loss: 0.257061
Train Epoch: 39 [6400/50000 (13%)]	Loss: 0.260598
Train Epoch: 39 [9600/50000 (19%)]	Loss: 0.257676
Train Epoch: 39 [12800/50000 (26%)]	Loss: 0.356641
Train Epoch: 39 [16000/50000 (32%)]	Loss: 0.254168
Train Epoch: 39 [19200/50000 (38%)]	Loss: 0.393719
Train Epoch: 39 [22400/50000 (45%)]	Loss: 0.505975
Train Epoch: 39 [25600/50000 (51%)]	Loss: 0.222920
Train Epoch: 39 [28800/50000 (58%)]	Loss: 0.364715
Train Epoch: 39 [32000/50000 (64%)]	Loss: 0.330018
Train Epoch: 39 [35200/50000 (70%)]	Loss: 0.237709
Train Epoch: 39 [38400/50000 (77%)]	Loss: 0.267904
Train Epoch: 39 [41600/50000 (83%)]	Loss: 0.297620
Train Epoch: 39 [44800/50000 (90%)]	Loss: 0.289983
Train Epoch: 39 [48000/50000 (96%)]	Loss: 0.318750

Test set: Average loss: 0.0005, Accuracy: 8420/10000 (84%)

Train Epoch: 40 [0/50000 (0%)]	Loss: 0.139963
Train Epoch: 40 [3200/50000 (6%)]	Loss: 0.232982
Train Epoch: 40 [6400/50000 (13%)]	Loss: 0.454593
Train Epoch: 40 [9600/50000 (19%)]	Loss: 0.342965
Train Epoch: 40 [12800/50000 (26%)]	Loss: 0.380317
Train Epoch: 40 [16000/50000 (32%)]	Loss: 0.334103
Train Epoch: 40 [19200/50000 (38%)]	Loss: 0.457588
Train Epoch: 40 [22400/50000 (45%)]	Loss: 0.172758
Train Epoch: 40 [25600/50000 (51%)]	Loss: 0.393215
Train Epoch: 40 [28800/50000 (58%)]	Loss: 0.365912
Train Epoch: 40 [32000/50000 (64%)]	Loss: 0.389743
Train Epoch: 40 [35200/50000 (70%)]	Loss: 0.297522
Train Epoch: 40 [38400/50000 (77%)]	Loss: 0.293207
Train Epoch: 40 [41600/50000 (83%)]	Loss: 0.360275
Train Epoch: 40 [44800/50000 (90%)]	Loss: 0.354244
Train Epoch: 40 [48000/50000 (96%)]	Loss: 0.263693

Test set: Average loss: 0.0004, Accuracy: 8525/10000 (85%)

Train Epoch: 41 [0/50000 (0%)]	Loss: 0.244266
Train Epoch: 41 [3200/50000 (6%)]	Loss: 0.381824
Train Epoch: 41 [6400/50000 (13%)]	Loss: 0.193365
Train Epoch: 41 [9600/50000 (19%)]	Loss: 0.391968
Train Epoch: 41 [12800/50000 (26%)]	Loss: 0.494511
Train Epoch: 41 [16000/50000 (32%)]	Loss: 0.195198
Train Epoch: 41 [19200/50000 (38%)]	Loss: 0.214396
Train Epoch: 41 [22400/50000 (45%)]	Loss: 0.322381
Train Epoch: 41 [25600/50000 (51%)]	Loss: 0.278523
Train Epoch: 41 [28800/50000 (58%)]	Loss: 0.162877
Train Epoch: 41 [32000/50000 (64%)]	Loss: 0.250075
Train Epoch: 41 [35200/50000 (70%)]	Loss: 0.278171
Train Epoch: 41 [38400/50000 (77%)]	Loss: 0.365308
Train Epoch: 41 [41600/50000 (83%)]	Loss: 0.321956
Train Epoch: 41 [44800/50000 (90%)]	Loss: 0.223482
Train Epoch: 41 [48000/50000 (96%)]	Loss: 0.220630

Test set: Average loss: 0.0005, Accuracy: 8486/10000 (85%)

Train Epoch: 42 [0/50000 (0%)]	Loss: 0.383593
Train Epoch: 42 [3200/50000 (6%)]	Loss: 0.324595
Train Epoch: 42 [6400/50000 (13%)]	Loss: 0.180956
Train Epoch: 42 [9600/50000 (19%)]	Loss: 0.300797
Train Epoch: 42 [12800/50000 (26%)]	Loss: 0.326858
Train Epoch: 42 [16000/50000 (32%)]	Loss: 0.251962
Train Epoch: 42 [19200/50000 (38%)]	Loss: 0.349027
Train Epoch: 42 [22400/50000 (45%)]	Loss: 0.177514
Train Epoch: 42 [25600/50000 (51%)]	Loss: 0.168451
Train Epoch: 42 [28800/50000 (58%)]	Loss: 0.280531
Train Epoch: 42 [32000/50000 (64%)]	Loss: 0.366428
Train Epoch: 42 [35200/50000 (70%)]	Loss: 0.368623
Train Epoch: 42 [38400/50000 (77%)]	Loss: 0.188916
Train Epoch: 42 [41600/50000 (83%)]	Loss: 0.422896
Train Epoch: 42 [44800/50000 (90%)]	Loss: 0.401909
Train Epoch: 42 [48000/50000 (96%)]	Loss: 0.179199

Test set: Average loss: 0.0005, Accuracy: 8509/10000 (85%)

Train Epoch: 43 [0/50000 (0%)]	Loss: 0.393309
Train Epoch: 43 [3200/50000 (6%)]	Loss: 0.184285
Train Epoch: 43 [6400/50000 (13%)]	Loss: 0.427830
Train Epoch: 43 [9600/50000 (19%)]	Loss: 0.295865
Train Epoch: 43 [12800/50000 (26%)]	Loss: 0.482993
Train Epoch: 43 [16000/50000 (32%)]	Loss: 0.409669
Train Epoch: 43 [19200/50000 (38%)]	Loss: 0.423526
Train Epoch: 43 [22400/50000 (45%)]	Loss: 0.322504
Train Epoch: 43 [25600/50000 (51%)]	Loss: 0.305457
Train Epoch: 43 [28800/50000 (58%)]	Loss: 0.240564
Train Epoch: 43 [32000/50000 (64%)]	Loss: 0.492707
Train Epoch: 43 [35200/50000 (70%)]	Loss: 0.239527
Train Epoch: 43 [38400/50000 (77%)]	Loss: 0.496041
Train Epoch: 43 [41600/50000 (83%)]	Loss: 0.415190
Train Epoch: 43 [44800/50000 (90%)]	Loss: 0.439323
Train Epoch: 43 [48000/50000 (96%)]	Loss: 0.320255

Test set: Average loss: 0.0004, Accuracy: 8518/10000 (85%)

Train Epoch: 44 [0/50000 (0%)]	Loss: 0.240499
Train Epoch: 44 [3200/50000 (6%)]	Loss: 0.521955
Train Epoch: 44 [6400/50000 (13%)]	Loss: 0.224342
Train Epoch: 44 [9600/50000 (19%)]	Loss: 0.249868
Train Epoch: 44 [12800/50000 (26%)]	Loss: 0.318597
Train Epoch: 44 [16000/50000 (32%)]	Loss: 0.254756
Train Epoch: 44 [19200/50000 (38%)]	Loss: 0.231766
Train Epoch: 44 [22400/50000 (45%)]	Loss: 0.339259
Train Epoch: 44 [25600/50000 (51%)]	Loss: 0.264550
Train Epoch: 44 [28800/50000 (58%)]	Loss: 0.231560
Train Epoch: 44 [32000/50000 (64%)]	Loss: 0.304857
Train Epoch: 44 [35200/50000 (70%)]	Loss: 0.253133
Train Epoch: 44 [38400/50000 (77%)]	Loss: 0.321522
Train Epoch: 44 [41600/50000 (83%)]	Loss: 0.306467
Train Epoch: 44 [44800/50000 (90%)]	Loss: 0.425738
Train Epoch: 44 [48000/50000 (96%)]	Loss: 0.376357

Test set: Average loss: 0.0005, Accuracy: 8501/10000 (85%)

Train Epoch: 45 [0/50000 (0%)]	Loss: 0.298276
Train Epoch: 45 [3200/50000 (6%)]	Loss: 0.313344
Train Epoch: 45 [6400/50000 (13%)]	Loss: 0.266626
Train Epoch: 45 [9600/50000 (19%)]	Loss: 0.380141
Train Epoch: 45 [12800/50000 (26%)]	Loss: 0.374403
Train Epoch: 45 [16000/50000 (32%)]	Loss: 0.261677
Train Epoch: 45 [19200/50000 (38%)]	Loss: 0.371910
Train Epoch: 45 [22400/50000 (45%)]	Loss: 0.315709
Train Epoch: 45 [25600/50000 (51%)]	Loss: 0.207660
Train Epoch: 45 [28800/50000 (58%)]	Loss: 0.215370
Train Epoch: 45 [32000/50000 (64%)]	Loss: 0.175560
Train Epoch: 45 [35200/50000 (70%)]	Loss: 0.226708
Train Epoch: 45 [38400/50000 (77%)]	Loss: 0.434281
Train Epoch: 45 [41600/50000 (83%)]	Loss: 0.452745
Train Epoch: 45 [44800/50000 (90%)]	Loss: 0.272847
Train Epoch: 45 [48000/50000 (96%)]	Loss: 0.229260

Test set: Average loss: 0.0004, Accuracy: 8554/10000 (86%)

Train Epoch: 46 [0/50000 (0%)]	Loss: 0.315112
Train Epoch: 46 [3200/50000 (6%)]	Loss: 0.338365
Train Epoch: 46 [6400/50000 (13%)]	Loss: 0.422424
Train Epoch: 46 [9600/50000 (19%)]	Loss: 0.261502
Train Epoch: 46 [12800/50000 (26%)]	Loss: 0.251764
Train Epoch: 46 [16000/50000 (32%)]	Loss: 0.310703
Train Epoch: 46 [19200/50000 (38%)]	Loss: 0.287631
Train Epoch: 46 [22400/50000 (45%)]	Loss: 0.269655
Train Epoch: 46 [25600/50000 (51%)]	Loss: 0.294296
Train Epoch: 46 [28800/50000 (58%)]	Loss: 0.299891
Train Epoch: 46 [32000/50000 (64%)]	Loss: 0.263682
Train Epoch: 46 [35200/50000 (70%)]	Loss: 0.248037
Train Epoch: 46 [38400/50000 (77%)]	Loss: 0.325500
Train Epoch: 46 [41600/50000 (83%)]	Loss: 0.340717
Train Epoch: 46 [44800/50000 (90%)]	Loss: 0.314050
Train Epoch: 46 [48000/50000 (96%)]	Loss: 0.312490

Test set: Average loss: 0.0004, Accuracy: 8605/10000 (86%)

Train Epoch: 47 [0/50000 (0%)]	Loss: 0.213578
Train Epoch: 47 [3200/50000 (6%)]	Loss: 0.380200
Train Epoch: 47 [6400/50000 (13%)]	Loss: 0.208295
Train Epoch: 47 [9600/50000 (19%)]	Loss: 0.319423
Train Epoch: 47 [12800/50000 (26%)]	Loss: 0.418275
Train Epoch: 47 [16000/50000 (32%)]	Loss: 0.368856
Train Epoch: 47 [19200/50000 (38%)]	Loss: 0.371730
Train Epoch: 47 [22400/50000 (45%)]	Loss: 0.215065
Train Epoch: 47 [25600/50000 (51%)]	Loss: 0.183289
Train Epoch: 47 [28800/50000 (58%)]	Loss: 0.280869
Train Epoch: 47 [32000/50000 (64%)]	Loss: 0.177447
Train Epoch: 47 [35200/50000 (70%)]	Loss: 0.364164
Train Epoch: 47 [38400/50000 (77%)]	Loss: 0.327997
Train Epoch: 47 [41600/50000 (83%)]	Loss: 0.276427
Train Epoch: 47 [44800/50000 (90%)]	Loss: 0.263049
Train Epoch: 47 [48000/50000 (96%)]	Loss: 0.348198

Test set: Average loss: 0.0004, Accuracy: 8588/10000 (86%)

Train Epoch: 48 [0/50000 (0%)]	Loss: 0.156679
Train Epoch: 48 [3200/50000 (6%)]	Loss: 0.184925
Train Epoch: 48 [6400/50000 (13%)]	Loss: 0.207944
Train Epoch: 48 [9600/50000 (19%)]	Loss: 0.322974
Train Epoch: 48 [12800/50000 (26%)]	Loss: 0.258277
Train Epoch: 48 [16000/50000 (32%)]	Loss: 0.197179
Train Epoch: 48 [19200/50000 (38%)]	Loss: 0.191112
Train Epoch: 48 [22400/50000 (45%)]	Loss: 0.269174
Train Epoch: 48 [25600/50000 (51%)]	Loss: 0.288883
Train Epoch: 48 [28800/50000 (58%)]	Loss: 0.351572
Train Epoch: 48 [32000/50000 (64%)]	Loss: 0.284748
Train Epoch: 48 [35200/50000 (70%)]	Loss: 0.280916
Train Epoch: 48 [38400/50000 (77%)]	Loss: 0.379110
Train Epoch: 48 [41600/50000 (83%)]	Loss: 0.408374
Train Epoch: 48 [44800/50000 (90%)]	Loss: 0.412032
Train Epoch: 48 [48000/50000 (96%)]	Loss: 0.284269

Test set: Average loss: 0.0004, Accuracy: 8571/10000 (86%)

Train Epoch: 49 [0/50000 (0%)]	Loss: 0.366469
Train Epoch: 49 [3200/50000 (6%)]	Loss: 0.376578
Train Epoch: 49 [6400/50000 (13%)]	Loss: 0.325109
Train Epoch: 49 [9600/50000 (19%)]	Loss: 0.258216
Train Epoch: 49 [12800/50000 (26%)]	Loss: 0.395203
Train Epoch: 49 [16000/50000 (32%)]	Loss: 0.164101
Train Epoch: 49 [19200/50000 (38%)]	Loss: 0.421751
Train Epoch: 49 [22400/50000 (45%)]	Loss: 0.435607
Train Epoch: 49 [25600/50000 (51%)]	Loss: 0.259116
Train Epoch: 49 [28800/50000 (58%)]	Loss: 0.356274
Train Epoch: 49 [32000/50000 (64%)]	Loss: 0.238265
Train Epoch: 49 [35200/50000 (70%)]	Loss: 0.237576
Train Epoch: 49 [38400/50000 (77%)]	Loss: 0.168100
Train Epoch: 49 [41600/50000 (83%)]	Loss: 0.381559
Train Epoch: 49 [44800/50000 (90%)]	Loss: 0.187899
Train Epoch: 49 [48000/50000 (96%)]	Loss: 0.257398

Test set: Average loss: 0.0005, Accuracy: 8545/10000 (85%)

Train Epoch: 50 [0/50000 (0%)]	Loss: 0.346393
Train Epoch: 50 [3200/50000 (6%)]	Loss: 0.243046
Train Epoch: 50 [6400/50000 (13%)]	Loss: 0.459013
Train Epoch: 50 [9600/50000 (19%)]	Loss: 0.295486
Train Epoch: 50 [12800/50000 (26%)]	Loss: 0.180739
Train Epoch: 50 [16000/50000 (32%)]	Loss: 0.298259
Train Epoch: 50 [19200/50000 (38%)]	Loss: 0.181252
Train Epoch: 50 [22400/50000 (45%)]	Loss: 0.371568
Train Epoch: 50 [25600/50000 (51%)]	Loss: 0.249160
Train Epoch: 50 [28800/50000 (58%)]	Loss: 0.197581
Train Epoch: 50 [32000/50000 (64%)]	Loss: 0.310812
Train Epoch: 50 [35200/50000 (70%)]	Loss: 0.259999
Train Epoch: 50 [38400/50000 (77%)]	Loss: 0.407363
Train Epoch: 50 [41600/50000 (83%)]	Loss: 0.338867
Train Epoch: 50 [44800/50000 (90%)]	Loss: 0.481640
Train Epoch: 50 [48000/50000 (96%)]	Loss: 0.264694

Test set: Average loss: 0.0004, Accuracy: 8591/10000 (86%)

Train Epoch: 51 [0/50000 (0%)]	Loss: 0.292590
Train Epoch: 51 [3200/50000 (6%)]	Loss: 0.287194
Train Epoch: 51 [6400/50000 (13%)]	Loss: 0.158491
Train Epoch: 51 [9600/50000 (19%)]	Loss: 0.210575
Train Epoch: 51 [12800/50000 (26%)]	Loss: 0.233243
Train Epoch: 51 [16000/50000 (32%)]	Loss: 0.194862
Train Epoch: 51 [19200/50000 (38%)]	Loss: 0.319839
Train Epoch: 51 [22400/50000 (45%)]	Loss: 0.228556
Train Epoch: 51 [25600/50000 (51%)]	Loss: 0.227980
Train Epoch: 51 [28800/50000 (58%)]	Loss: 0.254396
Train Epoch: 51 [32000/50000 (64%)]	Loss: 0.422494
Train Epoch: 51 [35200/50000 (70%)]	Loss: 0.304906
Train Epoch: 51 [38400/50000 (77%)]	Loss: 0.176658
Train Epoch: 51 [41600/50000 (83%)]	Loss: 0.199004
Train Epoch: 51 [44800/50000 (90%)]	Loss: 0.201978
Train Epoch: 51 [48000/50000 (96%)]	Loss: 0.323368

Test set: Average loss: 0.0004, Accuracy: 8633/10000 (86%)

Train Epoch: 52 [0/50000 (0%)]	Loss: 0.229530
Train Epoch: 52 [3200/50000 (6%)]	Loss: 0.344437
Train Epoch: 52 [6400/50000 (13%)]	Loss: 0.220178
Train Epoch: 52 [9600/50000 (19%)]	Loss: 0.242841
Train Epoch: 52 [12800/50000 (26%)]	Loss: 0.148700
Train Epoch: 52 [16000/50000 (32%)]	Loss: 0.248910
Train Epoch: 52 [19200/50000 (38%)]	Loss: 0.209893
Train Epoch: 52 [22400/50000 (45%)]	Loss: 0.124576
Train Epoch: 52 [25600/50000 (51%)]	Loss: 0.281166
Train Epoch: 52 [28800/50000 (58%)]	Loss: 0.180006
Train Epoch: 52 [32000/50000 (64%)]	Loss: 0.307208
Train Epoch: 52 [35200/50000 (70%)]	Loss: 0.400734
Train Epoch: 52 [38400/50000 (77%)]	Loss: 0.397990
Train Epoch: 52 [41600/50000 (83%)]	Loss: 0.353112
Train Epoch: 52 [44800/50000 (90%)]	Loss: 0.352923
Train Epoch: 52 [48000/50000 (96%)]	Loss: 0.483983

Test set: Average loss: 0.0004, Accuracy: 8585/10000 (86%)

Train Epoch: 53 [0/50000 (0%)]	Loss: 0.183578
Train Epoch: 53 [3200/50000 (6%)]	Loss: 0.252398
Train Epoch: 53 [6400/50000 (13%)]	Loss: 0.220907
Train Epoch: 53 [9600/50000 (19%)]	Loss: 0.253498
Train Epoch: 53 [12800/50000 (26%)]	Loss: 0.241029
Train Epoch: 53 [16000/50000 (32%)]	Loss: 0.253543
Train Epoch: 53 [19200/50000 (38%)]	Loss: 0.273404
Train Epoch: 53 [22400/50000 (45%)]	Loss: 0.398639
Train Epoch: 53 [25600/50000 (51%)]	Loss: 0.411389
Train Epoch: 53 [28800/50000 (58%)]	Loss: 0.331511
Train Epoch: 53 [32000/50000 (64%)]	Loss: 0.308465
Train Epoch: 53 [35200/50000 (70%)]	Loss: 0.156140
Train Epoch: 53 [38400/50000 (77%)]	Loss: 0.209155
Train Epoch: 53 [41600/50000 (83%)]	Loss: 0.269553
Train Epoch: 53 [44800/50000 (90%)]	Loss: 0.171591
Train Epoch: 53 [48000/50000 (96%)]	Loss: 0.415665

Test set: Average loss: 0.0004, Accuracy: 8595/10000 (86%)

Train Epoch: 54 [0/50000 (0%)]	Loss: 0.149322
Train Epoch: 54 [3200/50000 (6%)]	Loss: 0.165202
Train Epoch: 54 [6400/50000 (13%)]	Loss: 0.318964
Train Epoch: 54 [9600/50000 (19%)]	Loss: 0.303055
Train Epoch: 54 [12800/50000 (26%)]	Loss: 0.437999
Train Epoch: 54 [16000/50000 (32%)]	Loss: 0.264493
Train Epoch: 54 [19200/50000 (38%)]	Loss: 0.125330
Train Epoch: 54 [22400/50000 (45%)]	Loss: 0.269482
Train Epoch: 54 [25600/50000 (51%)]	Loss: 0.208473
Train Epoch: 54 [28800/50000 (58%)]	Loss: 0.189328
Train Epoch: 54 [32000/50000 (64%)]	Loss: 0.306030
Train Epoch: 54 [35200/50000 (70%)]	Loss: 0.386326
Train Epoch: 54 [38400/50000 (77%)]	Loss: 0.188596
Train Epoch: 54 [41600/50000 (83%)]	Loss: 0.253397
Train Epoch: 54 [44800/50000 (90%)]	Loss: 0.283038
Train Epoch: 54 [48000/50000 (96%)]	Loss: 0.302395

Test set: Average loss: 0.0004, Accuracy: 8617/10000 (86%)

Train Epoch: 55 [0/50000 (0%)]	Loss: 0.374992
Train Epoch: 55 [3200/50000 (6%)]	Loss: 0.350948
Train Epoch: 55 [6400/50000 (13%)]	Loss: 0.432201
Train Epoch: 55 [9600/50000 (19%)]	Loss: 0.240249
Train Epoch: 55 [12800/50000 (26%)]	Loss: 0.147553
Train Epoch: 55 [16000/50000 (32%)]	Loss: 0.312956
Train Epoch: 55 [19200/50000 (38%)]	Loss: 0.258984
Train Epoch: 55 [22400/50000 (45%)]	Loss: 0.361806
Train Epoch: 55 [25600/50000 (51%)]	Loss: 0.378158
Train Epoch: 55 [28800/50000 (58%)]	Loss: 0.227088
Train Epoch: 55 [32000/50000 (64%)]	Loss: 0.253981
Train Epoch: 55 [35200/50000 (70%)]	Loss: 0.349886
Train Epoch: 55 [38400/50000 (77%)]	Loss: 0.253370
Train Epoch: 55 [41600/50000 (83%)]	Loss: 0.134579
Train Epoch: 55 [44800/50000 (90%)]	Loss: 0.325560
Train Epoch: 55 [48000/50000 (96%)]	Loss: 0.279947

Test set: Average loss: 0.0004, Accuracy: 8683/10000 (87%)

Train Epoch: 56 [0/50000 (0%)]	Loss: 0.223281
Train Epoch: 56 [3200/50000 (6%)]	Loss: 0.213122
Train Epoch: 56 [6400/50000 (13%)]	Loss: 0.172910
Train Epoch: 56 [9600/50000 (19%)]	Loss: 0.281869
Train Epoch: 56 [12800/50000 (26%)]	Loss: 0.380294
Train Epoch: 56 [16000/50000 (32%)]	Loss: 0.368821
Train Epoch: 56 [19200/50000 (38%)]	Loss: 0.173472
Train Epoch: 56 [22400/50000 (45%)]	Loss: 0.311382
Train Epoch: 56 [25600/50000 (51%)]	Loss: 0.176244
Train Epoch: 56 [28800/50000 (58%)]	Loss: 0.164731
Train Epoch: 56 [32000/50000 (64%)]	Loss: 0.209415
Train Epoch: 56 [35200/50000 (70%)]	Loss: 0.245531
Train Epoch: 56 [38400/50000 (77%)]	Loss: 0.156696
Train Epoch: 56 [41600/50000 (83%)]	Loss: 0.203300
Train Epoch: 56 [44800/50000 (90%)]	Loss: 0.182745
Train Epoch: 56 [48000/50000 (96%)]	Loss: 0.202669

Test set: Average loss: 0.0004, Accuracy: 8611/10000 (86%)

Train Epoch: 57 [0/50000 (0%)]	Loss: 0.171541
Train Epoch: 57 [3200/50000 (6%)]	Loss: 0.262729
Train Epoch: 57 [6400/50000 (13%)]	Loss: 0.240294
Train Epoch: 57 [9600/50000 (19%)]	Loss: 0.124408
Train Epoch: 57 [12800/50000 (26%)]	Loss: 0.180743
Train Epoch: 57 [16000/50000 (32%)]	Loss: 0.168669
Train Epoch: 57 [19200/50000 (38%)]	Loss: 0.454973
Train Epoch: 57 [22400/50000 (45%)]	Loss: 0.092510
Train Epoch: 57 [25600/50000 (51%)]	Loss: 0.247203
Train Epoch: 57 [28800/50000 (58%)]	Loss: 0.212396
Train Epoch: 57 [32000/50000 (64%)]	Loss: 0.311288
Train Epoch: 57 [35200/50000 (70%)]	Loss: 0.201977
Train Epoch: 57 [38400/50000 (77%)]	Loss: 0.251200
Train Epoch: 57 [41600/50000 (83%)]	Loss: 0.230839
Train Epoch: 57 [44800/50000 (90%)]	Loss: 0.242242
Train Epoch: 57 [48000/50000 (96%)]	Loss: 0.227168

Test set: Average loss: 0.0004, Accuracy: 8638/10000 (86%)

Train Epoch: 58 [0/50000 (0%)]	Loss: 0.319256
Train Epoch: 58 [3200/50000 (6%)]	Loss: 0.232944
Train Epoch: 58 [6400/50000 (13%)]	Loss: 0.194651
Train Epoch: 58 [9600/50000 (19%)]	Loss: 0.099831
Train Epoch: 58 [12800/50000 (26%)]	Loss: 0.339761
Train Epoch: 58 [16000/50000 (32%)]	Loss: 0.245539
Train Epoch: 58 [19200/50000 (38%)]	Loss: 0.422605
Train Epoch: 58 [22400/50000 (45%)]	Loss: 0.428823
Train Epoch: 58 [25600/50000 (51%)]	Loss: 0.249191
Train Epoch: 58 [28800/50000 (58%)]	Loss: 0.326269
Train Epoch: 58 [32000/50000 (64%)]	Loss: 0.180069
Train Epoch: 58 [35200/50000 (70%)]	Loss: 0.334422
Train Epoch: 58 [38400/50000 (77%)]	Loss: 0.257502
Train Epoch: 58 [41600/50000 (83%)]	Loss: 0.312842
Train Epoch: 58 [44800/50000 (90%)]	Loss: 0.315305
Train Epoch: 58 [48000/50000 (96%)]	Loss: 0.184163

Test set: Average loss: 0.0004, Accuracy: 8581/10000 (86%)

Train Epoch: 59 [0/50000 (0%)]	Loss: 0.291218
Train Epoch: 59 [3200/50000 (6%)]	Loss: 0.269697
Train Epoch: 59 [6400/50000 (13%)]	Loss: 0.231348
Train Epoch: 59 [9600/50000 (19%)]	Loss: 0.353661
Train Epoch: 59 [12800/50000 (26%)]	Loss: 0.126637
Train Epoch: 59 [16000/50000 (32%)]	Loss: 0.261930
Train Epoch: 59 [19200/50000 (38%)]	Loss: 0.421561
Train Epoch: 59 [22400/50000 (45%)]	Loss: 0.247894
Train Epoch: 59 [25600/50000 (51%)]	Loss: 0.344657
Train Epoch: 59 [28800/50000 (58%)]	Loss: 0.245650
Train Epoch: 59 [32000/50000 (64%)]	Loss: 0.161782
Train Epoch: 59 [35200/50000 (70%)]	Loss: 0.174620
Train Epoch: 59 [38400/50000 (77%)]	Loss: 0.239457
Train Epoch: 59 [41600/50000 (83%)]	Loss: 0.261960
Train Epoch: 59 [44800/50000 (90%)]	Loss: 0.325669
Train Epoch: 59 [48000/50000 (96%)]	Loss: 0.272540

Test set: Average loss: 0.0004, Accuracy: 8611/10000 (86%)

Train Epoch: 60 [0/50000 (0%)]	Loss: 0.271168
Train Epoch: 60 [3200/50000 (6%)]	Loss: 0.134517
Train Epoch: 60 [6400/50000 (13%)]	Loss: 0.090597
Train Epoch: 60 [9600/50000 (19%)]	Loss: 0.281280
Train Epoch: 60 [12800/50000 (26%)]	Loss: 0.245157
Train Epoch: 60 [16000/50000 (32%)]	Loss: 0.286098
Train Epoch: 60 [19200/50000 (38%)]	Loss: 0.176065
Train Epoch: 60 [22400/50000 (45%)]	Loss: 0.359155
Train Epoch: 60 [25600/50000 (51%)]	Loss: 0.361679
Train Epoch: 60 [28800/50000 (58%)]	Loss: 0.091408
Train Epoch: 60 [32000/50000 (64%)]	Loss: 0.187372
Train Epoch: 60 [35200/50000 (70%)]	Loss: 0.339002
Train Epoch: 60 [38400/50000 (77%)]	Loss: 0.279982
Train Epoch: 60 [41600/50000 (83%)]	Loss: 0.331218
Train Epoch: 60 [44800/50000 (90%)]	Loss: 0.227921
Train Epoch: 60 [48000/50000 (96%)]	Loss: 0.161102

Test set: Average loss: 0.0004, Accuracy: 8600/10000 (86%)

Train Epoch: 61 [0/50000 (0%)]	Loss: 0.251537
Train Epoch: 61 [3200/50000 (6%)]	Loss: 0.146402
Train Epoch: 61 [6400/50000 (13%)]	Loss: 0.153797
Train Epoch: 61 [9600/50000 (19%)]	Loss: 0.267364
Train Epoch: 61 [12800/50000 (26%)]	Loss: 0.173525
Train Epoch: 61 [16000/50000 (32%)]	Loss: 0.582625
Train Epoch: 61 [19200/50000 (38%)]	Loss: 0.157974
Train Epoch: 61 [22400/50000 (45%)]	Loss: 0.490980
Train Epoch: 61 [25600/50000 (51%)]	Loss: 0.163428
Train Epoch: 61 [28800/50000 (58%)]	Loss: 0.423291
Train Epoch: 61 [32000/50000 (64%)]	Loss: 0.192365
Train Epoch: 61 [35200/50000 (70%)]	Loss: 0.206782
Train Epoch: 61 [38400/50000 (77%)]	Loss: 0.126214
Train Epoch: 61 [41600/50000 (83%)]	Loss: 0.183062
Train Epoch: 61 [44800/50000 (90%)]	Loss: 0.257987
Train Epoch: 61 [48000/50000 (96%)]	Loss: 0.137773

Test set: Average loss: 0.0005, Accuracy: 8625/10000 (86%)

Train Epoch: 62 [0/50000 (0%)]	Loss: 0.219646
Train Epoch: 62 [3200/50000 (6%)]	Loss: 0.231148
Train Epoch: 62 [6400/50000 (13%)]	Loss: 0.271113
Train Epoch: 62 [9600/50000 (19%)]	Loss: 0.170366
Train Epoch: 62 [12800/50000 (26%)]	Loss: 0.253549
Train Epoch: 62 [16000/50000 (32%)]	Loss: 0.180271
Train Epoch: 62 [19200/50000 (38%)]	Loss: 0.250361
Train Epoch: 62 [22400/50000 (45%)]	Loss: 0.101649
Train Epoch: 62 [25600/50000 (51%)]	Loss: 0.306271
Train Epoch: 62 [28800/50000 (58%)]	Loss: 0.220680
Train Epoch: 62 [32000/50000 (64%)]	Loss: 0.390353
Train Epoch: 62 [35200/50000 (70%)]	Loss: 0.285925
Train Epoch: 62 [38400/50000 (77%)]	Loss: 0.087952
Train Epoch: 62 [41600/50000 (83%)]	Loss: 0.202650
Train Epoch: 62 [44800/50000 (90%)]	Loss: 0.318810
Train Epoch: 62 [48000/50000 (96%)]	Loss: 0.297519

Test set: Average loss: 0.0004, Accuracy: 8635/10000 (86%)

Train Epoch: 63 [0/50000 (0%)]	Loss: 0.169505
Train Epoch: 63 [3200/50000 (6%)]	Loss: 0.077559
Train Epoch: 63 [6400/50000 (13%)]	Loss: 0.228419
Train Epoch: 63 [9600/50000 (19%)]	Loss: 0.243052
Train Epoch: 63 [12800/50000 (26%)]	Loss: 0.298966
Train Epoch: 63 [16000/50000 (32%)]	Loss: 0.226132
Train Epoch: 63 [19200/50000 (38%)]	Loss: 0.258516
Train Epoch: 63 [22400/50000 (45%)]	Loss: 0.316969
Train Epoch: 63 [25600/50000 (51%)]	Loss: 0.292389
Train Epoch: 63 [28800/50000 (58%)]	Loss: 0.190576
Train Epoch: 63 [32000/50000 (64%)]	Loss: 0.353706
Train Epoch: 63 [35200/50000 (70%)]	Loss: 0.298175
Train Epoch: 63 [38400/50000 (77%)]	Loss: 0.169892
Train Epoch: 63 [41600/50000 (83%)]	Loss: 0.099594
Train Epoch: 63 [44800/50000 (90%)]	Loss: 0.216536
Train Epoch: 63 [48000/50000 (96%)]	Loss: 0.214646

Test set: Average loss: 0.0004, Accuracy: 8586/10000 (86%)

Train Epoch: 64 [0/50000 (0%)]	Loss: 0.286216
Train Epoch: 64 [3200/50000 (6%)]	Loss: 0.269885
Train Epoch: 64 [6400/50000 (13%)]	Loss: 0.118068
Train Epoch: 64 [9600/50000 (19%)]	Loss: 0.327291
Train Epoch: 64 [12800/50000 (26%)]	Loss: 0.324468
Train Epoch: 64 [16000/50000 (32%)]	Loss: 0.102208
Train Epoch: 64 [19200/50000 (38%)]	Loss: 0.302953
Train Epoch: 64 [22400/50000 (45%)]	Loss: 0.404340
Train Epoch: 64 [25600/50000 (51%)]	Loss: 0.381932
Train Epoch: 64 [28800/50000 (58%)]	Loss: 0.184559
Train Epoch: 64 [32000/50000 (64%)]	Loss: 0.111401
Train Epoch: 64 [35200/50000 (70%)]	Loss: 0.224459
Train Epoch: 64 [38400/50000 (77%)]	Loss: 0.169004
Train Epoch: 64 [41600/50000 (83%)]	Loss: 0.315893
Train Epoch: 64 [44800/50000 (90%)]	Loss: 0.235540
Train Epoch: 64 [48000/50000 (96%)]	Loss: 0.094918

Test set: Average loss: 0.0004, Accuracy: 8697/10000 (87%)

Train Epoch: 65 [0/50000 (0%)]	Loss: 0.141000
Train Epoch: 65 [3200/50000 (6%)]	Loss: 0.166905
Train Epoch: 65 [6400/50000 (13%)]	Loss: 0.133979
Train Epoch: 65 [9600/50000 (19%)]	Loss: 0.247267
Train Epoch: 65 [12800/50000 (26%)]	Loss: 0.162514
Train Epoch: 65 [16000/50000 (32%)]	Loss: 0.137725
Train Epoch: 65 [19200/50000 (38%)]	Loss: 0.235785
Train Epoch: 65 [22400/50000 (45%)]	Loss: 0.137807
Train Epoch: 65 [25600/50000 (51%)]	Loss: 0.350663
Train Epoch: 65 [28800/50000 (58%)]	Loss: 0.159596
Train Epoch: 65 [32000/50000 (64%)]	Loss: 0.187570
Train Epoch: 65 [35200/50000 (70%)]	Loss: 0.194432
Train Epoch: 65 [38400/50000 (77%)]	Loss: 0.230570
Train Epoch: 65 [41600/50000 (83%)]	Loss: 0.273873
Train Epoch: 65 [44800/50000 (90%)]	Loss: 0.180291
Train Epoch: 65 [48000/50000 (96%)]	Loss: 0.451399

Test set: Average loss: 0.0004, Accuracy: 8614/10000 (86%)

Train Epoch: 66 [0/50000 (0%)]	Loss: 0.250341
Train Epoch: 66 [3200/50000 (6%)]	Loss: 0.339317
Train Epoch: 66 [6400/50000 (13%)]	Loss: 0.262554
Train Epoch: 66 [9600/50000 (19%)]	Loss: 0.265873
Train Epoch: 66 [12800/50000 (26%)]	Loss: 0.132354
Train Epoch: 66 [16000/50000 (32%)]	Loss: 0.356699
Train Epoch: 66 [19200/50000 (38%)]	Loss: 0.288807
Train Epoch: 66 [22400/50000 (45%)]	Loss: 0.439194
Train Epoch: 66 [25600/50000 (51%)]	Loss: 0.293091
Train Epoch: 66 [28800/50000 (58%)]	Loss: 0.205612
Train Epoch: 66 [32000/50000 (64%)]	Loss: 0.177858
Train Epoch: 66 [35200/50000 (70%)]	Loss: 0.321829
Train Epoch: 66 [38400/50000 (77%)]	Loss: 0.156431
Train Epoch: 66 [41600/50000 (83%)]	Loss: 0.324639
Train Epoch: 66 [44800/50000 (90%)]	Loss: 0.274576
Train Epoch: 66 [48000/50000 (96%)]	Loss: 0.250465

Test set: Average loss: 0.0004, Accuracy: 8655/10000 (87%)

Train Epoch: 67 [0/50000 (0%)]	Loss: 0.233394
Train Epoch: 67 [3200/50000 (6%)]	Loss: 0.255818
Train Epoch: 67 [6400/50000 (13%)]	Loss: 0.323765
Train Epoch: 67 [9600/50000 (19%)]	Loss: 0.178748
Train Epoch: 67 [12800/50000 (26%)]	Loss: 0.268529
Train Epoch: 67 [16000/50000 (32%)]	Loss: 0.291793
Train Epoch: 67 [19200/50000 (38%)]	Loss: 0.117286
Train Epoch: 67 [22400/50000 (45%)]	Loss: 0.249053
Train Epoch: 67 [25600/50000 (51%)]	Loss: 0.189030
Train Epoch: 67 [28800/50000 (58%)]	Loss: 0.229681
Train Epoch: 67 [32000/50000 (64%)]	Loss: 0.416144
Train Epoch: 67 [35200/50000 (70%)]	Loss: 0.139923
Train Epoch: 67 [38400/50000 (77%)]	Loss: 0.287753
Train Epoch: 67 [41600/50000 (83%)]	Loss: 0.246325
Train Epoch: 67 [44800/50000 (90%)]	Loss: 0.284806
Train Epoch: 67 [48000/50000 (96%)]	Loss: 0.226231

Test set: Average loss: 0.0004, Accuracy: 8685/10000 (87%)

Train Epoch: 68 [0/50000 (0%)]	Loss: 0.256413
Train Epoch: 68 [3200/50000 (6%)]	Loss: 0.278402
Train Epoch: 68 [6400/50000 (13%)]	Loss: 0.166916
Train Epoch: 68 [9600/50000 (19%)]	Loss: 0.319519
Train Epoch: 68 [12800/50000 (26%)]	Loss: 0.263675
Train Epoch: 68 [16000/50000 (32%)]	Loss: 0.254285
Train Epoch: 68 [19200/50000 (38%)]	Loss: 0.182341
Train Epoch: 68 [22400/50000 (45%)]	Loss: 0.135886
Train Epoch: 68 [25600/50000 (51%)]	Loss: 0.205263
Train Epoch: 68 [28800/50000 (58%)]	Loss: 0.188806
Train Epoch: 68 [32000/50000 (64%)]	Loss: 0.161276
Train Epoch: 68 [35200/50000 (70%)]	Loss: 0.226510
Train Epoch: 68 [38400/50000 (77%)]	Loss: 0.464214
Train Epoch: 68 [41600/50000 (83%)]	Loss: 0.297745
Train Epoch: 68 [44800/50000 (90%)]	Loss: 0.195579
Train Epoch: 68 [48000/50000 (96%)]	Loss: 0.211307

Test set: Average loss: 0.0004, Accuracy: 8628/10000 (86%)

Train Epoch: 69 [0/50000 (0%)]	Loss: 0.224802
Train Epoch: 69 [3200/50000 (6%)]	Loss: 0.245179
Train Epoch: 69 [6400/50000 (13%)]	Loss: 0.272301
Train Epoch: 69 [9600/50000 (19%)]	Loss: 0.169679
Train Epoch: 69 [12800/50000 (26%)]	Loss: 0.276685
Train Epoch: 69 [16000/50000 (32%)]	Loss: 0.148664
Train Epoch: 69 [19200/50000 (38%)]	Loss: 0.192341
Train Epoch: 69 [22400/50000 (45%)]	Loss: 0.208219
Train Epoch: 69 [25600/50000 (51%)]	Loss: 0.117455
Train Epoch: 69 [28800/50000 (58%)]	Loss: 0.144698
Train Epoch: 69 [32000/50000 (64%)]	Loss: 0.244223
Train Epoch: 69 [35200/50000 (70%)]	Loss: 0.280727
Train Epoch: 69 [38400/50000 (77%)]	Loss: 0.244963
Train Epoch: 69 [41600/50000 (83%)]	Loss: 0.203332
Train Epoch: 69 [44800/50000 (90%)]	Loss: 0.249704
Train Epoch: 69 [48000/50000 (96%)]	Loss: 0.264521

Test set: Average loss: 0.0004, Accuracy: 8668/10000 (87%)

Train Epoch: 70 [0/50000 (0%)]	Loss: 0.387189
Train Epoch: 70 [3200/50000 (6%)]	Loss: 0.217919
Train Epoch: 70 [6400/50000 (13%)]	Loss: 0.374949
Train Epoch: 70 [9600/50000 (19%)]	Loss: 0.122883
Train Epoch: 70 [12800/50000 (26%)]	Loss: 0.182200
Train Epoch: 70 [16000/50000 (32%)]	Loss: 0.113534
Train Epoch: 70 [19200/50000 (38%)]	Loss: 0.217061
Train Epoch: 70 [22400/50000 (45%)]	Loss: 0.191040
Train Epoch: 70 [25600/50000 (51%)]	Loss: 0.188446
Train Epoch: 70 [28800/50000 (58%)]	Loss: 0.223122
Train Epoch: 70 [32000/50000 (64%)]	Loss: 0.262788
Train Epoch: 70 [35200/50000 (70%)]	Loss: 0.129052
Train Epoch: 70 [38400/50000 (77%)]	Loss: 0.233848
Train Epoch: 70 [41600/50000 (83%)]	Loss: 0.252083
Train Epoch: 70 [44800/50000 (90%)]	Loss: 0.274506
Train Epoch: 70 [48000/50000 (96%)]	Loss: 0.372380

Test set: Average loss: 0.0005, Accuracy: 8608/10000 (86%)

Train Epoch: 71 [0/50000 (0%)]	Loss: 0.200373
Train Epoch: 71 [3200/50000 (6%)]	Loss: 0.175075
Train Epoch: 71 [6400/50000 (13%)]	Loss: 0.281290
Train Epoch: 71 [9600/50000 (19%)]	Loss: 0.224067
Train Epoch: 71 [12800/50000 (26%)]	Loss: 0.184344
Train Epoch: 71 [16000/50000 (32%)]	Loss: 0.195643
Train Epoch: 71 [19200/50000 (38%)]	Loss: 0.218834
Train Epoch: 71 [22400/50000 (45%)]	Loss: 0.094541
Train Epoch: 71 [25600/50000 (51%)]	Loss: 0.364224
Train Epoch: 71 [28800/50000 (58%)]	Loss: 0.211578
Train Epoch: 71 [32000/50000 (64%)]	Loss: 0.213056
Train Epoch: 71 [35200/50000 (70%)]	Loss: 0.228300
Train Epoch: 71 [38400/50000 (77%)]	Loss: 0.218853
Train Epoch: 71 [41600/50000 (83%)]	Loss: 0.286593
Train Epoch: 71 [44800/50000 (90%)]	Loss: 0.170842
Train Epoch: 71 [48000/50000 (96%)]	Loss: 0.230786

Test set: Average loss: 0.0004, Accuracy: 8650/10000 (86%)

Train Epoch: 72 [0/50000 (0%)]	Loss: 0.334730
Train Epoch: 72 [3200/50000 (6%)]	Loss: 0.185940
Train Epoch: 72 [6400/50000 (13%)]	Loss: 0.222936
Train Epoch: 72 [9600/50000 (19%)]	Loss: 0.169802
Train Epoch: 72 [12800/50000 (26%)]	Loss: 0.214228
Train Epoch: 72 [16000/50000 (32%)]	Loss: 0.217413
Train Epoch: 72 [19200/50000 (38%)]	Loss: 0.125390
Train Epoch: 72 [22400/50000 (45%)]	Loss: 0.178869
Train Epoch: 72 [25600/50000 (51%)]	Loss: 0.221260
Train Epoch: 72 [28800/50000 (58%)]	Loss: 0.269911
Train Epoch: 72 [32000/50000 (64%)]	Loss: 0.148697
Train Epoch: 72 [35200/50000 (70%)]	Loss: 0.231407
Train Epoch: 72 [38400/50000 (77%)]	Loss: 0.219325
Train Epoch: 72 [41600/50000 (83%)]	Loss: 0.159798
Train Epoch: 72 [44800/50000 (90%)]	Loss: 0.130149
Train Epoch: 72 [48000/50000 (96%)]	Loss: 0.076682

Test set: Average loss: 0.0004, Accuracy: 8623/10000 (86%)

Train Epoch: 73 [0/50000 (0%)]	Loss: 0.108236
Train Epoch: 73 [3200/50000 (6%)]	Loss: 0.171335
Train Epoch: 73 [6400/50000 (13%)]	Loss: 0.241309
Train Epoch: 73 [9600/50000 (19%)]	Loss: 0.316236
Train Epoch: 73 [12800/50000 (26%)]	Loss: 0.187802
Train Epoch: 73 [16000/50000 (32%)]	Loss: 0.229076
Train Epoch: 73 [19200/50000 (38%)]	Loss: 0.174744
Train Epoch: 73 [22400/50000 (45%)]	Loss: 0.163587
Train Epoch: 73 [25600/50000 (51%)]	Loss: 0.137726
Train Epoch: 73 [28800/50000 (58%)]	Loss: 0.281176
Train Epoch: 73 [32000/50000 (64%)]	Loss: 0.149360
Train Epoch: 73 [35200/50000 (70%)]	Loss: 0.239432
Train Epoch: 73 [38400/50000 (77%)]	Loss: 0.188161
Train Epoch: 73 [41600/50000 (83%)]	Loss: 0.139223
Train Epoch: 73 [44800/50000 (90%)]	Loss: 0.216227
Train Epoch: 73 [48000/50000 (96%)]	Loss: 0.220514

Test set: Average loss: 0.0004, Accuracy: 8709/10000 (87%)

Train Epoch: 74 [0/50000 (0%)]	Loss: 0.151269
Train Epoch: 74 [3200/50000 (6%)]	Loss: 0.250237
Train Epoch: 74 [6400/50000 (13%)]	Loss: 0.212890
Train Epoch: 74 [9600/50000 (19%)]	Loss: 0.257518
Train Epoch: 74 [12800/50000 (26%)]	Loss: 0.290409
Train Epoch: 74 [16000/50000 (32%)]	Loss: 0.272093
Train Epoch: 74 [19200/50000 (38%)]	Loss: 0.208049
Train Epoch: 74 [22400/50000 (45%)]	Loss: 0.184414
Train Epoch: 74 [25600/50000 (51%)]	Loss: 0.281903
Train Epoch: 74 [28800/50000 (58%)]	Loss: 0.154911
Train Epoch: 74 [32000/50000 (64%)]	Loss: 0.153018
Train Epoch: 74 [35200/50000 (70%)]	Loss: 0.176059
Train Epoch: 74 [38400/50000 (77%)]	Loss: 0.188550
Train Epoch: 74 [41600/50000 (83%)]	Loss: 0.188155
Train Epoch: 74 [44800/50000 (90%)]	Loss: 0.124107
Train Epoch: 74 [48000/50000 (96%)]	Loss: 0.234781

Test set: Average loss: 0.0004, Accuracy: 8634/10000 (86%)

Train Epoch: 75 [0/50000 (0%)]	Loss: 0.356866
Train Epoch: 75 [3200/50000 (6%)]	Loss: 0.132305
Train Epoch: 75 [6400/50000 (13%)]	Loss: 0.353482
Train Epoch: 75 [9600/50000 (19%)]	Loss: 0.321142
Train Epoch: 75 [12800/50000 (26%)]	Loss: 0.083891
Train Epoch: 75 [16000/50000 (32%)]	Loss: 0.130530
Train Epoch: 75 [19200/50000 (38%)]	Loss: 0.087536
Train Epoch: 75 [22400/50000 (45%)]	Loss: 0.206188
Train Epoch: 75 [25600/50000 (51%)]	Loss: 0.100198
Train Epoch: 75 [28800/50000 (58%)]	Loss: 0.240208
Train Epoch: 75 [32000/50000 (64%)]	Loss: 0.232313
Train Epoch: 75 [35200/50000 (70%)]	Loss: 0.101304
Train Epoch: 75 [38400/50000 (77%)]	Loss: 0.190209
Train Epoch: 75 [41600/50000 (83%)]	Loss: 0.270095
Train Epoch: 75 [44800/50000 (90%)]	Loss: 0.335179
Train Epoch: 75 [48000/50000 (96%)]	Loss: 0.161487

Test set: Average loss: 0.0004, Accuracy: 8718/10000 (87%)

Train Epoch: 76 [0/50000 (0%)]	Loss: 0.141068
Train Epoch: 76 [3200/50000 (6%)]	Loss: 0.222625
Train Epoch: 76 [6400/50000 (13%)]	Loss: 0.168127
Train Epoch: 76 [9600/50000 (19%)]	Loss: 0.116461
Train Epoch: 76 [12800/50000 (26%)]	Loss: 0.247624
Train Epoch: 76 [16000/50000 (32%)]	Loss: 0.230268
Train Epoch: 76 [19200/50000 (38%)]	Loss: 0.198575
Train Epoch: 76 [22400/50000 (45%)]	Loss: 0.402401
Train Epoch: 76 [25600/50000 (51%)]	Loss: 0.137805
Train Epoch: 76 [28800/50000 (58%)]	Loss: 0.218889
Train Epoch: 76 [32000/50000 (64%)]	Loss: 0.210475
Train Epoch: 76 [35200/50000 (70%)]	Loss: 0.207387
Train Epoch: 76 [38400/50000 (77%)]	Loss: 0.293495
Train Epoch: 76 [41600/50000 (83%)]	Loss: 0.186170
Train Epoch: 76 [44800/50000 (90%)]	Loss: 0.149006
Train Epoch: 76 [48000/50000 (96%)]	Loss: 0.286674

Test set: Average loss: 0.0005, Accuracy: 8629/10000 (86%)

Train Epoch: 77 [0/50000 (0%)]	Loss: 0.161497
Train Epoch: 77 [3200/50000 (6%)]	Loss: 0.291359
Train Epoch: 77 [6400/50000 (13%)]	Loss: 0.226888
Train Epoch: 77 [9600/50000 (19%)]	Loss: 0.177219
Train Epoch: 77 [12800/50000 (26%)]	Loss: 0.232495
Train Epoch: 77 [16000/50000 (32%)]	Loss: 0.274536
Train Epoch: 77 [19200/50000 (38%)]	Loss: 0.277180
Train Epoch: 77 [22400/50000 (45%)]	Loss: 0.229439
Train Epoch: 77 [25600/50000 (51%)]	Loss: 0.172726
Train Epoch: 77 [28800/50000 (58%)]	Loss: 0.209011
Train Epoch: 77 [32000/50000 (64%)]	Loss: 0.164848
Train Epoch: 77 [35200/50000 (70%)]	Loss: 0.153055
Train Epoch: 77 [38400/50000 (77%)]	Loss: 0.211258
Train Epoch: 77 [41600/50000 (83%)]	Loss: 0.247193
Train Epoch: 77 [44800/50000 (90%)]	Loss: 0.202346
Train Epoch: 77 [48000/50000 (96%)]	Loss: 0.118043

Test set: Average loss: 0.0004, Accuracy: 8661/10000 (87%)

Train Epoch: 78 [0/50000 (0%)]	Loss: 0.103854
Train Epoch: 78 [3200/50000 (6%)]	Loss: 0.168240
Train Epoch: 78 [6400/50000 (13%)]	Loss: 0.101000
Train Epoch: 78 [9600/50000 (19%)]	Loss: 0.077975
Train Epoch: 78 [12800/50000 (26%)]	Loss: 0.199507
Train Epoch: 78 [16000/50000 (32%)]	Loss: 0.141288
Train Epoch: 78 [19200/50000 (38%)]	Loss: 0.283564
Train Epoch: 78 [22400/50000 (45%)]	Loss: 0.259031
Train Epoch: 78 [25600/50000 (51%)]	Loss: 0.232691
Train Epoch: 78 [28800/50000 (58%)]	Loss: 0.083881
Train Epoch: 78 [32000/50000 (64%)]	Loss: 0.189482
Train Epoch: 78 [35200/50000 (70%)]	Loss: 0.107340
Train Epoch: 78 [38400/50000 (77%)]	Loss: 0.128617
Train Epoch: 78 [41600/50000 (83%)]	Loss: 0.303228
Train Epoch: 78 [44800/50000 (90%)]	Loss: 0.284420
Train Epoch: 78 [48000/50000 (96%)]	Loss: 0.226754

Test set: Average loss: 0.0004, Accuracy: 8679/10000 (87%)

Train Epoch: 79 [0/50000 (0%)]	Loss: 0.236659
Train Epoch: 79 [3200/50000 (6%)]	Loss: 0.171061
Train Epoch: 79 [6400/50000 (13%)]	Loss: 0.144870
Train Epoch: 79 [9600/50000 (19%)]	Loss: 0.155528
Train Epoch: 79 [12800/50000 (26%)]	Loss: 0.129884
Train Epoch: 79 [16000/50000 (32%)]	Loss: 0.210276
Train Epoch: 79 [19200/50000 (38%)]	Loss: 0.086036
Train Epoch: 79 [22400/50000 (45%)]	Loss: 0.196176
Train Epoch: 79 [25600/50000 (51%)]	Loss: 0.130691
Train Epoch: 79 [28800/50000 (58%)]	Loss: 0.094738
Train Epoch: 79 [32000/50000 (64%)]	Loss: 0.130452
Train Epoch: 79 [35200/50000 (70%)]	Loss: 0.281883
Train Epoch: 79 [38400/50000 (77%)]	Loss: 0.248535
Train Epoch: 79 [41600/50000 (83%)]	Loss: 0.205523
Train Epoch: 79 [44800/50000 (90%)]	Loss: 0.295044
Train Epoch: 79 [48000/50000 (96%)]	Loss: 0.203722

Test set: Average loss: 0.0004, Accuracy: 8711/10000 (87%)

Train Epoch: 80 [0/50000 (0%)]	Loss: 0.307816
Train Epoch: 80 [3200/50000 (6%)]	Loss: 0.192157
Train Epoch: 80 [6400/50000 (13%)]	Loss: 0.274900
Train Epoch: 80 [9600/50000 (19%)]	Loss: 0.177606
Train Epoch: 80 [12800/50000 (26%)]	Loss: 0.145971
Train Epoch: 80 [16000/50000 (32%)]	Loss: 0.173703
Train Epoch: 80 [19200/50000 (38%)]	Loss: 0.084715
Train Epoch: 80 [22400/50000 (45%)]	Loss: 0.164042
Train Epoch: 80 [25600/50000 (51%)]	Loss: 0.308214
Train Epoch: 80 [28800/50000 (58%)]	Loss: 0.208331
Train Epoch: 80 [32000/50000 (64%)]	Loss: 0.180049
Train Epoch: 80 [35200/50000 (70%)]	Loss: 0.111476
Train Epoch: 80 [38400/50000 (77%)]	Loss: 0.270365
Train Epoch: 80 [41600/50000 (83%)]	Loss: 0.305724
Train Epoch: 80 [44800/50000 (90%)]	Loss: 0.326234
Train Epoch: 80 [48000/50000 (96%)]	Loss: 0.119911

Test set: Average loss: 0.0005, Accuracy: 8623/10000 (86%)

Train Epoch: 81 [0/50000 (0%)]	Loss: 0.319199
Train Epoch: 81 [3200/50000 (6%)]	Loss: 0.150944
Train Epoch: 81 [6400/50000 (13%)]	Loss: 0.155337
Train Epoch: 81 [9600/50000 (19%)]	Loss: 0.068557
Train Epoch: 81 [12800/50000 (26%)]	Loss: 0.069456
Train Epoch: 81 [16000/50000 (32%)]	Loss: 0.227382
Train Epoch: 81 [19200/50000 (38%)]	Loss: 0.113089
Train Epoch: 81 [22400/50000 (45%)]	Loss: 0.178826
Train Epoch: 81 [25600/50000 (51%)]	Loss: 0.199861
Train Epoch: 81 [28800/50000 (58%)]	Loss: 0.045399
Train Epoch: 81 [32000/50000 (64%)]	Loss: 0.074725
Train Epoch: 81 [35200/50000 (70%)]	Loss: 0.145154
Train Epoch: 81 [38400/50000 (77%)]	Loss: 0.219785
Train Epoch: 81 [41600/50000 (83%)]	Loss: 0.163565
Train Epoch: 81 [44800/50000 (90%)]	Loss: 0.223373
Train Epoch: 81 [48000/50000 (96%)]	Loss: 0.057481

Test set: Average loss: 0.0004, Accuracy: 8792/10000 (88%)

Train Epoch: 82 [0/50000 (0%)]	Loss: 0.148819
Train Epoch: 82 [3200/50000 (6%)]	Loss: 0.068022
Train Epoch: 82 [6400/50000 (13%)]	Loss: 0.136733
Train Epoch: 82 [9600/50000 (19%)]	Loss: 0.099344
Train Epoch: 82 [12800/50000 (26%)]	Loss: 0.125339
Train Epoch: 82 [16000/50000 (32%)]	Loss: 0.099090
Train Epoch: 82 [19200/50000 (38%)]	Loss: 0.077367
Train Epoch: 82 [22400/50000 (45%)]	Loss: 0.107799
Train Epoch: 82 [25600/50000 (51%)]	Loss: 0.168762
Train Epoch: 82 [28800/50000 (58%)]	Loss: 0.129425
Train Epoch: 82 [32000/50000 (64%)]	Loss: 0.181312
Train Epoch: 82 [35200/50000 (70%)]	Loss: 0.161442
Train Epoch: 82 [38400/50000 (77%)]	Loss: 0.099610
Train Epoch: 82 [41600/50000 (83%)]	Loss: 0.153258
Train Epoch: 82 [44800/50000 (90%)]	Loss: 0.344109
Train Epoch: 82 [48000/50000 (96%)]	Loss: 0.208970

Test set: Average loss: 0.0004, Accuracy: 8827/10000 (88%)

Train Epoch: 83 [0/50000 (0%)]	Loss: 0.089476
Train Epoch: 83 [3200/50000 (6%)]	Loss: 0.266208
Train Epoch: 83 [6400/50000 (13%)]	Loss: 0.243386
Train Epoch: 83 [9600/50000 (19%)]	Loss: 0.077559
Train Epoch: 83 [12800/50000 (26%)]	Loss: 0.132500
Train Epoch: 83 [16000/50000 (32%)]	Loss: 0.074959
Train Epoch: 83 [19200/50000 (38%)]	Loss: 0.072714
Train Epoch: 83 [22400/50000 (45%)]	Loss: 0.165920
Train Epoch: 83 [25600/50000 (51%)]	Loss: 0.193904
Train Epoch: 83 [28800/50000 (58%)]	Loss: 0.114682
Train Epoch: 83 [32000/50000 (64%)]	Loss: 0.244257
Train Epoch: 83 [35200/50000 (70%)]	Loss: 0.043562
Train Epoch: 83 [38400/50000 (77%)]	Loss: 0.107184
Train Epoch: 83 [41600/50000 (83%)]	Loss: 0.211160
Train Epoch: 83 [44800/50000 (90%)]	Loss: 0.167558
Train Epoch: 83 [48000/50000 (96%)]	Loss: 0.102337

Test set: Average loss: 0.0004, Accuracy: 8823/10000 (88%)

Train Epoch: 84 [0/50000 (0%)]	Loss: 0.147863
Train Epoch: 84 [3200/50000 (6%)]	Loss: 0.095145
Train Epoch: 84 [6400/50000 (13%)]	Loss: 0.139107
Train Epoch: 84 [9600/50000 (19%)]	Loss: 0.109190
Train Epoch: 84 [12800/50000 (26%)]	Loss: 0.070067
Train Epoch: 84 [16000/50000 (32%)]	Loss: 0.091545
Train Epoch: 84 [19200/50000 (38%)]	Loss: 0.073975
Train Epoch: 84 [22400/50000 (45%)]	Loss: 0.094283
Train Epoch: 84 [25600/50000 (51%)]	Loss: 0.034230
Train Epoch: 84 [28800/50000 (58%)]	Loss: 0.096738
Train Epoch: 84 [32000/50000 (64%)]	Loss: 0.125227
Train Epoch: 84 [35200/50000 (70%)]	Loss: 0.102187
Train Epoch: 84 [38400/50000 (77%)]	Loss: 0.311886
Train Epoch: 84 [41600/50000 (83%)]	Loss: 0.119399
Train Epoch: 84 [44800/50000 (90%)]	Loss: 0.100516
Train Epoch: 84 [48000/50000 (96%)]	Loss: 0.220407

Test set: Average loss: 0.0004, Accuracy: 8835/10000 (88%)

Train Epoch: 85 [0/50000 (0%)]	Loss: 0.109784
Train Epoch: 85 [3200/50000 (6%)]	Loss: 0.088370
Train Epoch: 85 [6400/50000 (13%)]	Loss: 0.199684
Train Epoch: 85 [9600/50000 (19%)]	Loss: 0.123883
Train Epoch: 85 [12800/50000 (26%)]	Loss: 0.215552
Train Epoch: 85 [16000/50000 (32%)]	Loss: 0.203859
Train Epoch: 85 [19200/50000 (38%)]	Loss: 0.113740
Train Epoch: 85 [22400/50000 (45%)]	Loss: 0.029847
Train Epoch: 85 [25600/50000 (51%)]	Loss: 0.129326
Train Epoch: 85 [28800/50000 (58%)]	Loss: 0.092086
Train Epoch: 85 [32000/50000 (64%)]	Loss: 0.138763
Train Epoch: 85 [35200/50000 (70%)]	Loss: 0.088928
Train Epoch: 85 [38400/50000 (77%)]	Loss: 0.043293
Train Epoch: 85 [41600/50000 (83%)]	Loss: 0.081856
Train Epoch: 85 [44800/50000 (90%)]	Loss: 0.081335
Train Epoch: 85 [48000/50000 (96%)]	Loss: 0.134654

Test set: Average loss: 0.0004, Accuracy: 8835/10000 (88%)

Train Epoch: 86 [0/50000 (0%)]	Loss: 0.160166
Train Epoch: 86 [3200/50000 (6%)]	Loss: 0.253667
Train Epoch: 86 [6400/50000 (13%)]	Loss: 0.040343
Train Epoch: 86 [9600/50000 (19%)]	Loss: 0.081884
Train Epoch: 86 [12800/50000 (26%)]	Loss: 0.037827
Train Epoch: 86 [16000/50000 (32%)]	Loss: 0.253800
Train Epoch: 86 [19200/50000 (38%)]	Loss: 0.068187
Train Epoch: 86 [22400/50000 (45%)]	Loss: 0.138495
Train Epoch: 86 [25600/50000 (51%)]	Loss: 0.066248
Train Epoch: 86 [28800/50000 (58%)]	Loss: 0.134369
Train Epoch: 86 [32000/50000 (64%)]	Loss: 0.188490
Train Epoch: 86 [35200/50000 (70%)]	Loss: 0.108628
Train Epoch: 86 [38400/50000 (77%)]	Loss: 0.237491
Train Epoch: 86 [41600/50000 (83%)]	Loss: 0.137597
Train Epoch: 86 [44800/50000 (90%)]	Loss: 0.044729
Train Epoch: 86 [48000/50000 (96%)]	Loss: 0.067271

Test set: Average loss: 0.0004, Accuracy: 8838/10000 (88%)

Train Epoch: 87 [0/50000 (0%)]	Loss: 0.011362
Train Epoch: 87 [3200/50000 (6%)]	Loss: 0.095228
Train Epoch: 87 [6400/50000 (13%)]	Loss: 0.033525
Train Epoch: 87 [9600/50000 (19%)]	Loss: 0.267719
Train Epoch: 87 [12800/50000 (26%)]	Loss: 0.211215
Train Epoch: 87 [16000/50000 (32%)]	Loss: 0.110261
Train Epoch: 87 [19200/50000 (38%)]	Loss: 0.056844
Train Epoch: 87 [22400/50000 (45%)]	Loss: 0.082436
Train Epoch: 87 [25600/50000 (51%)]	Loss: 0.065883
Train Epoch: 87 [28800/50000 (58%)]	Loss: 0.099734
Train Epoch: 87 [32000/50000 (64%)]	Loss: 0.063001
Train Epoch: 87 [35200/50000 (70%)]	Loss: 0.207827
Train Epoch: 87 [38400/50000 (77%)]	Loss: 0.040826
Train Epoch: 87 [41600/50000 (83%)]	Loss: 0.074080
Train Epoch: 87 [44800/50000 (90%)]	Loss: 0.128604
Train Epoch: 87 [48000/50000 (96%)]	Loss: 0.121258

Test set: Average loss: 0.0004, Accuracy: 8836/10000 (88%)

Train Epoch: 88 [0/50000 (0%)]	Loss: 0.112086
Train Epoch: 88 [3200/50000 (6%)]	Loss: 0.064392
Train Epoch: 88 [6400/50000 (13%)]	Loss: 0.114598
Train Epoch: 88 [9600/50000 (19%)]	Loss: 0.065228
Train Epoch: 88 [12800/50000 (26%)]	Loss: 0.019539
Train Epoch: 88 [16000/50000 (32%)]	Loss: 0.058569
Train Epoch: 88 [19200/50000 (38%)]	Loss: 0.034780
Train Epoch: 88 [22400/50000 (45%)]	Loss: 0.065185
Train Epoch: 88 [25600/50000 (51%)]	Loss: 0.047738
Train Epoch: 88 [28800/50000 (58%)]	Loss: 0.085108
Train Epoch: 88 [32000/50000 (64%)]	Loss: 0.106031
Train Epoch: 88 [35200/50000 (70%)]	Loss: 0.144878
Train Epoch: 88 [38400/50000 (77%)]	Loss: 0.063665
Train Epoch: 88 [41600/50000 (83%)]	Loss: 0.270306
Train Epoch: 88 [44800/50000 (90%)]	Loss: 0.090227
Train Epoch: 88 [48000/50000 (96%)]	Loss: 0.089320

Test set: Average loss: 0.0004, Accuracy: 8851/10000 (89%)

Train Epoch: 89 [0/50000 (0%)]	Loss: 0.056836
Train Epoch: 89 [3200/50000 (6%)]	Loss: 0.047510
Train Epoch: 89 [6400/50000 (13%)]	Loss: 0.122678
Train Epoch: 89 [9600/50000 (19%)]	Loss: 0.045927
Train Epoch: 89 [12800/50000 (26%)]	Loss: 0.244031
Train Epoch: 89 [16000/50000 (32%)]	Loss: 0.150327
Train Epoch: 89 [19200/50000 (38%)]	Loss: 0.108082
Train Epoch: 89 [22400/50000 (45%)]	Loss: 0.090494
Train Epoch: 89 [25600/50000 (51%)]	Loss: 0.149430
Train Epoch: 89 [28800/50000 (58%)]	Loss: 0.044347
Train Epoch: 89 [32000/50000 (64%)]	Loss: 0.086269
Train Epoch: 89 [35200/50000 (70%)]	Loss: 0.182316
Train Epoch: 89 [38400/50000 (77%)]	Loss: 0.113824
Train Epoch: 89 [41600/50000 (83%)]	Loss: 0.230440
Train Epoch: 89 [44800/50000 (90%)]	Loss: 0.265455
Train Epoch: 89 [48000/50000 (96%)]	Loss: 0.065407

Test set: Average loss: 0.0004, Accuracy: 8836/10000 (88%)

Train Epoch: 90 [0/50000 (0%)]	Loss: 0.093234
Train Epoch: 90 [3200/50000 (6%)]	Loss: 0.087528
Train Epoch: 90 [6400/50000 (13%)]	Loss: 0.129622
Train Epoch: 90 [9600/50000 (19%)]	Loss: 0.094876
Train Epoch: 90 [12800/50000 (26%)]	Loss: 0.078561
Train Epoch: 90 [16000/50000 (32%)]	Loss: 0.080997
Train Epoch: 90 [19200/50000 (38%)]	Loss: 0.208139
Train Epoch: 90 [22400/50000 (45%)]	Loss: 0.149094
Train Epoch: 90 [25600/50000 (51%)]	Loss: 0.069129
Train Epoch: 90 [28800/50000 (58%)]	Loss: 0.056417
Train Epoch: 90 [32000/50000 (64%)]	Loss: 0.068258
Train Epoch: 90 [35200/50000 (70%)]	Loss: 0.079664
Train Epoch: 90 [38400/50000 (77%)]	Loss: 0.095344
Train Epoch: 90 [41600/50000 (83%)]	Loss: 0.093504
Train Epoch: 90 [44800/50000 (90%)]	Loss: 0.050537
Train Epoch: 90 [48000/50000 (96%)]	Loss: 0.158163

Test set: Average loss: 0.0004, Accuracy: 8853/10000 (89%)

Train Epoch: 91 [0/50000 (0%)]	Loss: 0.010632
Train Epoch: 91 [3200/50000 (6%)]	Loss: 0.038144
Train Epoch: 91 [6400/50000 (13%)]	Loss: 0.111783
Train Epoch: 91 [9600/50000 (19%)]	Loss: 0.174410
Train Epoch: 91 [12800/50000 (26%)]	Loss: 0.022814
Train Epoch: 91 [16000/50000 (32%)]	Loss: 0.043657
Train Epoch: 91 [19200/50000 (38%)]	Loss: 0.153712
Train Epoch: 91 [22400/50000 (45%)]	Loss: 0.053704
Train Epoch: 91 [25600/50000 (51%)]	Loss: 0.137123
Train Epoch: 91 [28800/50000 (58%)]	Loss: 0.205367
Train Epoch: 91 [32000/50000 (64%)]	Loss: 0.085307
Train Epoch: 91 [35200/50000 (70%)]	Loss: 0.093947
Train Epoch: 91 [38400/50000 (77%)]	Loss: 0.111796
Train Epoch: 91 [41600/50000 (83%)]	Loss: 0.084508
Train Epoch: 91 [44800/50000 (90%)]	Loss: 0.039773
Train Epoch: 91 [48000/50000 (96%)]	Loss: 0.118667

Test set: Average loss: 0.0004, Accuracy: 8844/10000 (88%)

Train Epoch: 92 [0/50000 (0%)]	Loss: 0.062047
Train Epoch: 92 [3200/50000 (6%)]	Loss: 0.133835
Train Epoch: 92 [6400/50000 (13%)]	Loss: 0.107942
Train Epoch: 92 [9600/50000 (19%)]	Loss: 0.027199
Train Epoch: 92 [12800/50000 (26%)]	Loss: 0.081103
Train Epoch: 92 [16000/50000 (32%)]	Loss: 0.092387
Train Epoch: 92 [19200/50000 (38%)]	Loss: 0.139643
Train Epoch: 92 [22400/50000 (45%)]	Loss: 0.093516
Train Epoch: 92 [25600/50000 (51%)]	Loss: 0.096222
Train Epoch: 92 [28800/50000 (58%)]	Loss: 0.043497
Train Epoch: 92 [32000/50000 (64%)]	Loss: 0.031840
Train Epoch: 92 [35200/50000 (70%)]	Loss: 0.269123
Train Epoch: 92 [38400/50000 (77%)]	Loss: 0.102600
Train Epoch: 92 [41600/50000 (83%)]	Loss: 0.058279
Train Epoch: 92 [44800/50000 (90%)]	Loss: 0.101934
Train Epoch: 92 [48000/50000 (96%)]	Loss: 0.077485

Test set: Average loss: 0.0005, Accuracy: 8855/10000 (89%)

Train Epoch: 93 [0/50000 (0%)]	Loss: 0.116446
Train Epoch: 93 [3200/50000 (6%)]	Loss: 0.029794
Train Epoch: 93 [6400/50000 (13%)]	Loss: 0.051218
Train Epoch: 93 [9600/50000 (19%)]	Loss: 0.056442
Train Epoch: 93 [12800/50000 (26%)]	Loss: 0.078137
Train Epoch: 93 [16000/50000 (32%)]	Loss: 0.015503
Train Epoch: 93 [19200/50000 (38%)]	Loss: 0.152624
Train Epoch: 93 [22400/50000 (45%)]	Loss: 0.214113
Train Epoch: 93 [25600/50000 (51%)]	Loss: 0.043849
Train Epoch: 93 [28800/50000 (58%)]	Loss: 0.071604
Train Epoch: 93 [32000/50000 (64%)]	Loss: 0.026218
Train Epoch: 93 [35200/50000 (70%)]	Loss: 0.154319
Train Epoch: 93 [38400/50000 (77%)]	Loss: 0.060783
Train Epoch: 93 [41600/50000 (83%)]	Loss: 0.054925
Train Epoch: 93 [44800/50000 (90%)]	Loss: 0.076214
Train Epoch: 93 [48000/50000 (96%)]	Loss: 0.045273

Test set: Average loss: 0.0005, Accuracy: 8836/10000 (88%)

Train Epoch: 94 [0/50000 (0%)]	Loss: 0.180790
Train Epoch: 94 [3200/50000 (6%)]	Loss: 0.112388
Train Epoch: 94 [6400/50000 (13%)]	Loss: 0.117620
Train Epoch: 94 [9600/50000 (19%)]	Loss: 0.068578
Train Epoch: 94 [12800/50000 (26%)]	Loss: 0.055473
Train Epoch: 94 [16000/50000 (32%)]	Loss: 0.045497
Train Epoch: 94 [19200/50000 (38%)]	Loss: 0.081322
Train Epoch: 94 [22400/50000 (45%)]	Loss: 0.141455
Train Epoch: 94 [25600/50000 (51%)]	Loss: 0.083642
Train Epoch: 94 [28800/50000 (58%)]	Loss: 0.018863
Train Epoch: 94 [32000/50000 (64%)]	Loss: 0.048975
Train Epoch: 94 [35200/50000 (70%)]	Loss: 0.020586
Train Epoch: 94 [38400/50000 (77%)]	Loss: 0.040511
Train Epoch: 94 [41600/50000 (83%)]	Loss: 0.149490
Train Epoch: 94 [44800/50000 (90%)]	Loss: 0.071755
Train Epoch: 94 [48000/50000 (96%)]	Loss: 0.059966

Test set: Average loss: 0.0005, Accuracy: 8841/10000 (88%)

Train Epoch: 95 [0/50000 (0%)]	Loss: 0.190209
Train Epoch: 95 [3200/50000 (6%)]	Loss: 0.117367
Train Epoch: 95 [6400/50000 (13%)]	Loss: 0.052084
Train Epoch: 95 [9600/50000 (19%)]	Loss: 0.060923
Train Epoch: 95 [12800/50000 (26%)]	Loss: 0.190312
Train Epoch: 95 [16000/50000 (32%)]	Loss: 0.019993
Train Epoch: 95 [19200/50000 (38%)]	Loss: 0.034442
Train Epoch: 95 [22400/50000 (45%)]	Loss: 0.101615
Train Epoch: 95 [25600/50000 (51%)]	Loss: 0.041710
Train Epoch: 95 [28800/50000 (58%)]	Loss: 0.061122
Train Epoch: 95 [32000/50000 (64%)]	Loss: 0.082087
Train Epoch: 95 [35200/50000 (70%)]	Loss: 0.149603
Train Epoch: 95 [38400/50000 (77%)]	Loss: 0.097762
Train Epoch: 95 [41600/50000 (83%)]	Loss: 0.159153
Train Epoch: 95 [44800/50000 (90%)]	Loss: 0.046802
Train Epoch: 95 [48000/50000 (96%)]	Loss: 0.249779

Test set: Average loss: 0.0005, Accuracy: 8857/10000 (89%)

Train Epoch: 96 [0/50000 (0%)]	Loss: 0.066574
Train Epoch: 96 [3200/50000 (6%)]	Loss: 0.038619
Train Epoch: 96 [6400/50000 (13%)]	Loss: 0.105485
Train Epoch: 96 [9600/50000 (19%)]	Loss: 0.112608
Train Epoch: 96 [12800/50000 (26%)]	Loss: 0.090887
Train Epoch: 96 [16000/50000 (32%)]	Loss: 0.142465
Train Epoch: 96 [19200/50000 (38%)]	Loss: 0.094246
Train Epoch: 96 [22400/50000 (45%)]	Loss: 0.035165
Train Epoch: 96 [25600/50000 (51%)]	Loss: 0.042409
Train Epoch: 96 [28800/50000 (58%)]	Loss: 0.223210
Train Epoch: 96 [32000/50000 (64%)]	Loss: 0.178709
Train Epoch: 96 [35200/50000 (70%)]	Loss: 0.049311
Train Epoch: 96 [38400/50000 (77%)]	Loss: 0.112686
Train Epoch: 96 [41600/50000 (83%)]	Loss: 0.108345
Train Epoch: 96 [44800/50000 (90%)]	Loss: 0.062089
Train Epoch: 96 [48000/50000 (96%)]	Loss: 0.074570

Test set: Average loss: 0.0005, Accuracy: 8841/10000 (88%)

Train Epoch: 97 [0/50000 (0%)]	Loss: 0.150427
Train Epoch: 97 [3200/50000 (6%)]	Loss: 0.063685
Train Epoch: 97 [6400/50000 (13%)]	Loss: 0.112187
Train Epoch: 97 [9600/50000 (19%)]	Loss: 0.078957
Train Epoch: 97 [12800/50000 (26%)]	Loss: 0.075293
Train Epoch: 97 [16000/50000 (32%)]	Loss: 0.071041
Train Epoch: 97 [19200/50000 (38%)]	Loss: 0.056622
Train Epoch: 97 [22400/50000 (45%)]	Loss: 0.009375
Train Epoch: 97 [25600/50000 (51%)]	Loss: 0.080477
Train Epoch: 97 [28800/50000 (58%)]	Loss: 0.082725
Train Epoch: 97 [32000/50000 (64%)]	Loss: 0.096255
Train Epoch: 97 [35200/50000 (70%)]	Loss: 0.104514
Train Epoch: 97 [38400/50000 (77%)]	Loss: 0.030478
Train Epoch: 97 [41600/50000 (83%)]	Loss: 0.149895
Train Epoch: 97 [44800/50000 (90%)]	Loss: 0.066819
Train Epoch: 97 [48000/50000 (96%)]	Loss: 0.097208

Test set: Average loss: 0.0005, Accuracy: 8851/10000 (89%)

Train Epoch: 98 [0/50000 (0%)]	Loss: 0.019662
Train Epoch: 98 [3200/50000 (6%)]	Loss: 0.064886
Train Epoch: 98 [6400/50000 (13%)]	Loss: 0.130920
Train Epoch: 98 [9600/50000 (19%)]	Loss: 0.105643
Train Epoch: 98 [12800/50000 (26%)]	Loss: 0.078021
Train Epoch: 98 [16000/50000 (32%)]	Loss: 0.074080
Train Epoch: 98 [19200/50000 (38%)]	Loss: 0.117544
Train Epoch: 98 [22400/50000 (45%)]	Loss: 0.057212
Train Epoch: 98 [25600/50000 (51%)]	Loss: 0.019634
Train Epoch: 98 [28800/50000 (58%)]	Loss: 0.074769
Train Epoch: 98 [32000/50000 (64%)]	Loss: 0.058130
Train Epoch: 98 [35200/50000 (70%)]	Loss: 0.089995
Train Epoch: 98 [38400/50000 (77%)]	Loss: 0.126783
Train Epoch: 98 [41600/50000 (83%)]	Loss: 0.048216
Train Epoch: 98 [44800/50000 (90%)]	Loss: 0.032736
Train Epoch: 98 [48000/50000 (96%)]	Loss: 0.110564

Test set: Average loss: 0.0005, Accuracy: 8852/10000 (89%)

Train Epoch: 99 [0/50000 (0%)]	Loss: 0.112975
Train Epoch: 99 [3200/50000 (6%)]	Loss: 0.025958
Train Epoch: 99 [6400/50000 (13%)]	Loss: 0.016270
Train Epoch: 99 [9600/50000 (19%)]	Loss: 0.121399
Train Epoch: 99 [12800/50000 (26%)]	Loss: 0.029816
Train Epoch: 99 [16000/50000 (32%)]	Loss: 0.033673
Train Epoch: 99 [19200/50000 (38%)]	Loss: 0.104775
Train Epoch: 99 [22400/50000 (45%)]	Loss: 0.075112
Train Epoch: 99 [25600/50000 (51%)]	Loss: 0.083963
Train Epoch: 99 [28800/50000 (58%)]	Loss: 0.118218
Train Epoch: 99 [32000/50000 (64%)]	Loss: 0.051476
Train Epoch: 99 [35200/50000 (70%)]	Loss: 0.045735
Train Epoch: 99 [38400/50000 (77%)]	Loss: 0.067399
Train Epoch: 99 [41600/50000 (83%)]	Loss: 0.116059
Train Epoch: 99 [44800/50000 (90%)]	Loss: 0.064421
Train Epoch: 99 [48000/50000 (96%)]	Loss: 0.060239

Test set: Average loss: 0.0005, Accuracy: 8841/10000 (88%)

Train Epoch: 100 [0/50000 (0%)]	Loss: 0.183643
Train Epoch: 100 [3200/50000 (6%)]	Loss: 0.091198
Train Epoch: 100 [6400/50000 (13%)]	Loss: 0.219687
Train Epoch: 100 [9600/50000 (19%)]	Loss: 0.093678
Train Epoch: 100 [12800/50000 (26%)]	Loss: 0.015727
Train Epoch: 100 [16000/50000 (32%)]	Loss: 0.117384
Train Epoch: 100 [19200/50000 (38%)]	Loss: 0.030407
Train Epoch: 100 [22400/50000 (45%)]	Loss: 0.106540
Train Epoch: 100 [25600/50000 (51%)]	Loss: 0.053656
Train Epoch: 100 [28800/50000 (58%)]	Loss: 0.054419
Train Epoch: 100 [32000/50000 (64%)]	Loss: 0.079084
Train Epoch: 100 [35200/50000 (70%)]	Loss: 0.029730
Train Epoch: 100 [38400/50000 (77%)]	Loss: 0.019341
Train Epoch: 100 [41600/50000 (83%)]	Loss: 0.058216
Train Epoch: 100 [44800/50000 (90%)]	Loss: 0.134639
Train Epoch: 100 [48000/50000 (96%)]	Loss: 0.060111

Test set: Average loss: 0.0005, Accuracy: 8859/10000 (89%)

