Files already downloaded and verified
Files already downloaded and verified
Total parameters: 862538
Train Epoch: 1 [0/50000 (0%)]	Loss: 2.365820
Train Epoch: 1 [3200/50000 (6%)]	Loss: 2.293695
Train Epoch: 1 [6400/50000 (13%)]	Loss: 2.159193
Train Epoch: 1 [9600/50000 (19%)]	Loss: 2.116021
Train Epoch: 1 [12800/50000 (26%)]	Loss: 2.178628
Train Epoch: 1 [16000/50000 (32%)]	Loss: 1.946064
Train Epoch: 1 [19200/50000 (38%)]	Loss: 2.017012
Train Epoch: 1 [22400/50000 (45%)]	Loss: 1.948112
Train Epoch: 1 [25600/50000 (51%)]	Loss: 1.951773
Train Epoch: 1 [28800/50000 (58%)]	Loss: 1.784997
Train Epoch: 1 [32000/50000 (64%)]	Loss: 1.747986
Train Epoch: 1 [35200/50000 (70%)]	Loss: 1.605667
Train Epoch: 1 [38400/50000 (77%)]	Loss: 1.760380
Train Epoch: 1 [41600/50000 (83%)]	Loss: 1.588825
Train Epoch: 1 [44800/50000 (90%)]	Loss: 1.644556
Train Epoch: 1 [48000/50000 (96%)]	Loss: 1.684600

Test set: Average loss: 0.0016, Accuracy: 3896/10000 (39%)

Train Epoch: 2 [0/50000 (0%)]	Loss: 1.649456
Train Epoch: 2 [3200/50000 (6%)]	Loss: 1.873204
Train Epoch: 2 [6400/50000 (13%)]	Loss: 1.621831
Train Epoch: 2 [9600/50000 (19%)]	Loss: 1.835629
Train Epoch: 2 [12800/50000 (26%)]	Loss: 1.844126
Train Epoch: 2 [16000/50000 (32%)]	Loss: 1.572042
Train Epoch: 2 [19200/50000 (38%)]	Loss: 1.910681
Train Epoch: 2 [22400/50000 (45%)]	Loss: 1.859976
Train Epoch: 2 [25600/50000 (51%)]	Loss: 1.719387
Train Epoch: 2 [28800/50000 (58%)]	Loss: 1.783746
Train Epoch: 2 [32000/50000 (64%)]	Loss: 1.552835
Train Epoch: 2 [35200/50000 (70%)]	Loss: 1.820505
Train Epoch: 2 [38400/50000 (77%)]	Loss: 1.466351
Train Epoch: 2 [41600/50000 (83%)]	Loss: 1.398222
Train Epoch: 2 [44800/50000 (90%)]	Loss: 1.671385
Train Epoch: 2 [48000/50000 (96%)]	Loss: 1.418580

Test set: Average loss: 0.0015, Accuracy: 4473/10000 (45%)

Train Epoch: 3 [0/50000 (0%)]	Loss: 1.383922
Train Epoch: 3 [3200/50000 (6%)]	Loss: 1.430215
Train Epoch: 3 [6400/50000 (13%)]	Loss: 1.664228
Train Epoch: 3 [9600/50000 (19%)]	Loss: 1.588261
Train Epoch: 3 [12800/50000 (26%)]	Loss: 1.498069
Train Epoch: 3 [16000/50000 (32%)]	Loss: 1.592490
Train Epoch: 3 [19200/50000 (38%)]	Loss: 1.486877
Train Epoch: 3 [22400/50000 (45%)]	Loss: 1.554773
Train Epoch: 3 [25600/50000 (51%)]	Loss: 1.489878
Train Epoch: 3 [28800/50000 (58%)]	Loss: 1.630243
Train Epoch: 3 [32000/50000 (64%)]	Loss: 1.453076
Train Epoch: 3 [35200/50000 (70%)]	Loss: 1.454078
Train Epoch: 3 [38400/50000 (77%)]	Loss: 1.396659
Train Epoch: 3 [41600/50000 (83%)]	Loss: 1.416018
Train Epoch: 3 [44800/50000 (90%)]	Loss: 1.407329
Train Epoch: 3 [48000/50000 (96%)]	Loss: 1.293220

Test set: Average loss: 0.0013, Accuracy: 5037/10000 (50%)

Train Epoch: 4 [0/50000 (0%)]	Loss: 1.429154
Train Epoch: 4 [3200/50000 (6%)]	Loss: 1.460748
Train Epoch: 4 [6400/50000 (13%)]	Loss: 1.356737
Train Epoch: 4 [9600/50000 (19%)]	Loss: 1.276092
Train Epoch: 4 [12800/50000 (26%)]	Loss: 1.358807
Train Epoch: 4 [16000/50000 (32%)]	Loss: 1.444872
Train Epoch: 4 [19200/50000 (38%)]	Loss: 1.244249
Train Epoch: 4 [22400/50000 (45%)]	Loss: 1.111794
Train Epoch: 4 [25600/50000 (51%)]	Loss: 1.394663
Train Epoch: 4 [28800/50000 (58%)]	Loss: 1.334617
Train Epoch: 4 [32000/50000 (64%)]	Loss: 1.458399
Train Epoch: 4 [35200/50000 (70%)]	Loss: 1.305652
Train Epoch: 4 [38400/50000 (77%)]	Loss: 1.468811
Train Epoch: 4 [41600/50000 (83%)]	Loss: 1.349163
Train Epoch: 4 [44800/50000 (90%)]	Loss: 1.285713
Train Epoch: 4 [48000/50000 (96%)]	Loss: 1.385396

Test set: Average loss: 0.0012, Accuracy: 5498/10000 (55%)

Train Epoch: 5 [0/50000 (0%)]	Loss: 1.043651
Train Epoch: 5 [3200/50000 (6%)]	Loss: 1.181803
Train Epoch: 5 [6400/50000 (13%)]	Loss: 1.152634
Train Epoch: 5 [9600/50000 (19%)]	Loss: 0.932660
Train Epoch: 5 [12800/50000 (26%)]	Loss: 1.350379
Train Epoch: 5 [16000/50000 (32%)]	Loss: 1.264047
Train Epoch: 5 [19200/50000 (38%)]	Loss: 1.339630
Train Epoch: 5 [22400/50000 (45%)]	Loss: 1.464583
Train Epoch: 5 [25600/50000 (51%)]	Loss: 1.365716
Train Epoch: 5 [28800/50000 (58%)]	Loss: 1.163979
Train Epoch: 5 [32000/50000 (64%)]	Loss: 1.432391
Train Epoch: 5 [35200/50000 (70%)]	Loss: 1.293874
Train Epoch: 5 [38400/50000 (77%)]	Loss: 0.948272
Train Epoch: 5 [41600/50000 (83%)]	Loss: 1.281882
Train Epoch: 5 [44800/50000 (90%)]	Loss: 0.924690
Train Epoch: 5 [48000/50000 (96%)]	Loss: 1.120848

Test set: Average loss: 0.0011, Accuracy: 6070/10000 (61%)

Train Epoch: 6 [0/50000 (0%)]	Loss: 1.102989
Train Epoch: 6 [3200/50000 (6%)]	Loss: 1.167322
Train Epoch: 6 [6400/50000 (13%)]	Loss: 1.246171
Train Epoch: 6 [9600/50000 (19%)]	Loss: 1.205044
Train Epoch: 6 [12800/50000 (26%)]	Loss: 1.075025
Train Epoch: 6 [16000/50000 (32%)]	Loss: 1.123517
Train Epoch: 6 [19200/50000 (38%)]	Loss: 1.323508
Train Epoch: 6 [22400/50000 (45%)]	Loss: 1.159338
Train Epoch: 6 [25600/50000 (51%)]	Loss: 0.943594
Train Epoch: 6 [28800/50000 (58%)]	Loss: 1.136804
Train Epoch: 6 [32000/50000 (64%)]	Loss: 1.170902
Train Epoch: 6 [35200/50000 (70%)]	Loss: 1.138000
Train Epoch: 6 [38400/50000 (77%)]	Loss: 1.147875
Train Epoch: 6 [41600/50000 (83%)]	Loss: 0.920371
Train Epoch: 6 [44800/50000 (90%)]	Loss: 0.993995
Train Epoch: 6 [48000/50000 (96%)]	Loss: 1.113190

Test set: Average loss: 0.0010, Accuracy: 6495/10000 (65%)

Train Epoch: 7 [0/50000 (0%)]	Loss: 0.932623
Train Epoch: 7 [3200/50000 (6%)]	Loss: 0.877414
Train Epoch: 7 [6400/50000 (13%)]	Loss: 0.950086
Train Epoch: 7 [9600/50000 (19%)]	Loss: 0.920974
Train Epoch: 7 [12800/50000 (26%)]	Loss: 1.174419
Train Epoch: 7 [16000/50000 (32%)]	Loss: 0.808748
Train Epoch: 7 [19200/50000 (38%)]	Loss: 0.857902
Train Epoch: 7 [22400/50000 (45%)]	Loss: 1.087389
Train Epoch: 7 [25600/50000 (51%)]	Loss: 0.997963
Train Epoch: 7 [28800/50000 (58%)]	Loss: 1.041753
Train Epoch: 7 [32000/50000 (64%)]	Loss: 0.957645
Train Epoch: 7 [35200/50000 (70%)]	Loss: 0.865022
Train Epoch: 7 [38400/50000 (77%)]	Loss: 0.963624
Train Epoch: 7 [41600/50000 (83%)]	Loss: 0.908775
Train Epoch: 7 [44800/50000 (90%)]	Loss: 1.086126
Train Epoch: 7 [48000/50000 (96%)]	Loss: 1.012688

Test set: Average loss: 0.0009, Accuracy: 6882/10000 (69%)

Train Epoch: 8 [0/50000 (0%)]	Loss: 1.116352
Train Epoch: 8 [3200/50000 (6%)]	Loss: 0.969424
Train Epoch: 8 [6400/50000 (13%)]	Loss: 0.918129
Train Epoch: 8 [9600/50000 (19%)]	Loss: 0.848170
Train Epoch: 8 [12800/50000 (26%)]	Loss: 0.983008
Train Epoch: 8 [16000/50000 (32%)]	Loss: 0.787678
Train Epoch: 8 [19200/50000 (38%)]	Loss: 1.076104
Train Epoch: 8 [22400/50000 (45%)]	Loss: 0.637846
Train Epoch: 8 [25600/50000 (51%)]	Loss: 1.019317
Train Epoch: 8 [28800/50000 (58%)]	Loss: 0.981756
Train Epoch: 8 [32000/50000 (64%)]	Loss: 0.812562
Train Epoch: 8 [35200/50000 (70%)]	Loss: 0.778221
Train Epoch: 8 [38400/50000 (77%)]	Loss: 0.919723
Train Epoch: 8 [41600/50000 (83%)]	Loss: 0.971562
Train Epoch: 8 [44800/50000 (90%)]	Loss: 0.825937
Train Epoch: 8 [48000/50000 (96%)]	Loss: 0.843573

Test set: Average loss: 0.0008, Accuracy: 7140/10000 (71%)

Train Epoch: 9 [0/50000 (0%)]	Loss: 0.828687
Train Epoch: 9 [3200/50000 (6%)]	Loss: 0.899618
Train Epoch: 9 [6400/50000 (13%)]	Loss: 0.790194
Train Epoch: 9 [9600/50000 (19%)]	Loss: 0.763083
Train Epoch: 9 [12800/50000 (26%)]	Loss: 0.880276
Train Epoch: 9 [16000/50000 (32%)]	Loss: 0.795501
Train Epoch: 9 [19200/50000 (38%)]	Loss: 0.920642
Train Epoch: 9 [22400/50000 (45%)]	Loss: 0.675488
Train Epoch: 9 [25600/50000 (51%)]	Loss: 0.807682
Train Epoch: 9 [28800/50000 (58%)]	Loss: 0.830808
Train Epoch: 9 [32000/50000 (64%)]	Loss: 0.957113
Train Epoch: 9 [35200/50000 (70%)]	Loss: 0.785490
Train Epoch: 9 [38400/50000 (77%)]	Loss: 0.835799
Train Epoch: 9 [41600/50000 (83%)]	Loss: 0.647505
Train Epoch: 9 [44800/50000 (90%)]	Loss: 0.781570
Train Epoch: 9 [48000/50000 (96%)]	Loss: 0.796721

Test set: Average loss: 0.0008, Accuracy: 7282/10000 (73%)

Train Epoch: 10 [0/50000 (0%)]	Loss: 0.903465
Train Epoch: 10 [3200/50000 (6%)]	Loss: 0.585578
Train Epoch: 10 [6400/50000 (13%)]	Loss: 0.737809
Train Epoch: 10 [9600/50000 (19%)]	Loss: 0.968132
Train Epoch: 10 [12800/50000 (26%)]	Loss: 0.868462
Train Epoch: 10 [16000/50000 (32%)]	Loss: 0.756271
Train Epoch: 10 [19200/50000 (38%)]	Loss: 0.633486
Train Epoch: 10 [22400/50000 (45%)]	Loss: 0.798679
Train Epoch: 10 [25600/50000 (51%)]	Loss: 0.746777
Train Epoch: 10 [28800/50000 (58%)]	Loss: 0.938361
Train Epoch: 10 [32000/50000 (64%)]	Loss: 0.695325
Train Epoch: 10 [35200/50000 (70%)]	Loss: 0.764466
Train Epoch: 10 [38400/50000 (77%)]	Loss: 0.894735
Train Epoch: 10 [41600/50000 (83%)]	Loss: 0.950329
Train Epoch: 10 [44800/50000 (90%)]	Loss: 1.137223
Train Epoch: 10 [48000/50000 (96%)]	Loss: 0.872398

Test set: Average loss: 0.0007, Accuracy: 7390/10000 (74%)

Train Epoch: 11 [0/50000 (0%)]	Loss: 0.845081
Train Epoch: 11 [3200/50000 (6%)]	Loss: 0.759205
Train Epoch: 11 [6400/50000 (13%)]	Loss: 0.658715
Train Epoch: 11 [9600/50000 (19%)]	Loss: 0.510342
Train Epoch: 11 [12800/50000 (26%)]	Loss: 0.815525
Train Epoch: 11 [16000/50000 (32%)]	Loss: 0.768203
Train Epoch: 11 [19200/50000 (38%)]	Loss: 0.568903
Train Epoch: 11 [22400/50000 (45%)]	Loss: 0.777908
Train Epoch: 11 [25600/50000 (51%)]	Loss: 0.907234
Train Epoch: 11 [28800/50000 (58%)]	Loss: 0.668291
Train Epoch: 11 [32000/50000 (64%)]	Loss: 1.080724
Train Epoch: 11 [35200/50000 (70%)]	Loss: 0.683488
Train Epoch: 11 [38400/50000 (77%)]	Loss: 0.933679
Train Epoch: 11 [41600/50000 (83%)]	Loss: 0.727755
Train Epoch: 11 [44800/50000 (90%)]	Loss: 0.585483
Train Epoch: 11 [48000/50000 (96%)]	Loss: 0.619398

Test set: Average loss: 0.0007, Accuracy: 7584/10000 (76%)

Train Epoch: 12 [0/50000 (0%)]	Loss: 0.720844
Train Epoch: 12 [3200/50000 (6%)]	Loss: 0.875692
Train Epoch: 12 [6400/50000 (13%)]	Loss: 0.592228
Train Epoch: 12 [9600/50000 (19%)]	Loss: 0.640824
Train Epoch: 12 [12800/50000 (26%)]	Loss: 0.609651
Train Epoch: 12 [16000/50000 (32%)]	Loss: 0.844530
Train Epoch: 12 [19200/50000 (38%)]	Loss: 0.670249
Train Epoch: 12 [22400/50000 (45%)]	Loss: 0.708188
Train Epoch: 12 [25600/50000 (51%)]	Loss: 0.777006
Train Epoch: 12 [28800/50000 (58%)]	Loss: 0.575538
Train Epoch: 12 [32000/50000 (64%)]	Loss: 0.725311
Train Epoch: 12 [35200/50000 (70%)]	Loss: 0.715150
Train Epoch: 12 [38400/50000 (77%)]	Loss: 0.863002
Train Epoch: 12 [41600/50000 (83%)]	Loss: 0.791500
Train Epoch: 12 [44800/50000 (90%)]	Loss: 0.786798
Train Epoch: 12 [48000/50000 (96%)]	Loss: 0.712267

Test set: Average loss: 0.0007, Accuracy: 7666/10000 (77%)

Train Epoch: 13 [0/50000 (0%)]	Loss: 0.655528
Train Epoch: 13 [3200/50000 (6%)]	Loss: 0.914294
Train Epoch: 13 [6400/50000 (13%)]	Loss: 0.547432
Train Epoch: 13 [9600/50000 (19%)]	Loss: 0.881591
Train Epoch: 13 [12800/50000 (26%)]	Loss: 0.577823
Train Epoch: 13 [16000/50000 (32%)]	Loss: 0.622535
Train Epoch: 13 [19200/50000 (38%)]	Loss: 0.867353
Train Epoch: 13 [22400/50000 (45%)]	Loss: 0.721526
Train Epoch: 13 [25600/50000 (51%)]	Loss: 0.629670
Train Epoch: 13 [28800/50000 (58%)]	Loss: 0.799924
Train Epoch: 13 [32000/50000 (64%)]	Loss: 0.932868
Train Epoch: 13 [35200/50000 (70%)]	Loss: 0.508130
Train Epoch: 13 [38400/50000 (77%)]	Loss: 0.621182
Train Epoch: 13 [41600/50000 (83%)]	Loss: 0.709980
Train Epoch: 13 [44800/50000 (90%)]	Loss: 0.607469
Train Epoch: 13 [48000/50000 (96%)]	Loss: 0.691800

Test set: Average loss: 0.0006, Accuracy: 7773/10000 (78%)

Train Epoch: 14 [0/50000 (0%)]	Loss: 0.678302
Train Epoch: 14 [3200/50000 (6%)]	Loss: 0.492412
Train Epoch: 14 [6400/50000 (13%)]	Loss: 0.373248
Train Epoch: 14 [9600/50000 (19%)]	Loss: 0.294232
Train Epoch: 14 [12800/50000 (26%)]	Loss: 0.389079
Train Epoch: 14 [16000/50000 (32%)]	Loss: 0.752744
Train Epoch: 14 [19200/50000 (38%)]	Loss: 0.584959
Train Epoch: 14 [22400/50000 (45%)]	Loss: 0.453307
Train Epoch: 14 [25600/50000 (51%)]	Loss: 0.587647
Train Epoch: 14 [28800/50000 (58%)]	Loss: 0.683661
Train Epoch: 14 [32000/50000 (64%)]	Loss: 0.725655
Train Epoch: 14 [35200/50000 (70%)]	Loss: 0.644531
Train Epoch: 14 [38400/50000 (77%)]	Loss: 0.585139
Train Epoch: 14 [41600/50000 (83%)]	Loss: 0.597266
Train Epoch: 14 [44800/50000 (90%)]	Loss: 0.562891
Train Epoch: 14 [48000/50000 (96%)]	Loss: 0.545811

Test set: Average loss: 0.0006, Accuracy: 7906/10000 (79%)

Train Epoch: 15 [0/50000 (0%)]	Loss: 0.762497
Train Epoch: 15 [3200/50000 (6%)]	Loss: 0.566183
Train Epoch: 15 [6400/50000 (13%)]	Loss: 0.643357
Train Epoch: 15 [9600/50000 (19%)]	Loss: 0.570603
Train Epoch: 15 [12800/50000 (26%)]	Loss: 0.457821
Train Epoch: 15 [16000/50000 (32%)]	Loss: 0.598397
Train Epoch: 15 [19200/50000 (38%)]	Loss: 0.583342
Train Epoch: 15 [22400/50000 (45%)]	Loss: 0.546885
Train Epoch: 15 [25600/50000 (51%)]	Loss: 0.735818
Train Epoch: 15 [28800/50000 (58%)]	Loss: 0.666519
Train Epoch: 15 [32000/50000 (64%)]	Loss: 0.508600
Train Epoch: 15 [35200/50000 (70%)]	Loss: 0.608135
Train Epoch: 15 [38400/50000 (77%)]	Loss: 0.693891
Train Epoch: 15 [41600/50000 (83%)]	Loss: 0.663157
Train Epoch: 15 [44800/50000 (90%)]	Loss: 0.751560
Train Epoch: 15 [48000/50000 (96%)]	Loss: 0.549093

Test set: Average loss: 0.0006, Accuracy: 7818/10000 (78%)

Train Epoch: 16 [0/50000 (0%)]	Loss: 0.620570
Train Epoch: 16 [3200/50000 (6%)]	Loss: 0.432848
Train Epoch: 16 [6400/50000 (13%)]	Loss: 0.719834
Train Epoch: 16 [9600/50000 (19%)]	Loss: 0.588642
Train Epoch: 16 [12800/50000 (26%)]	Loss: 0.641083
Train Epoch: 16 [16000/50000 (32%)]	Loss: 0.505796
Train Epoch: 16 [19200/50000 (38%)]	Loss: 0.400220
Train Epoch: 16 [22400/50000 (45%)]	Loss: 0.534796
Train Epoch: 16 [25600/50000 (51%)]	Loss: 0.584518
Train Epoch: 16 [28800/50000 (58%)]	Loss: 0.687342
Train Epoch: 16 [32000/50000 (64%)]	Loss: 0.587116
Train Epoch: 16 [35200/50000 (70%)]	Loss: 0.496232
Train Epoch: 16 [38400/50000 (77%)]	Loss: 0.672445
Train Epoch: 16 [41600/50000 (83%)]	Loss: 0.538983
Train Epoch: 16 [44800/50000 (90%)]	Loss: 0.573066
Train Epoch: 16 [48000/50000 (96%)]	Loss: 0.552418

Test set: Average loss: 0.0006, Accuracy: 7943/10000 (79%)

Train Epoch: 17 [0/50000 (0%)]	Loss: 0.635335
Train Epoch: 17 [3200/50000 (6%)]	Loss: 0.632180
Train Epoch: 17 [6400/50000 (13%)]	Loss: 0.444530
Train Epoch: 17 [9600/50000 (19%)]	Loss: 0.701173
Train Epoch: 17 [12800/50000 (26%)]	Loss: 0.434963
Train Epoch: 17 [16000/50000 (32%)]	Loss: 0.676058
Train Epoch: 17 [19200/50000 (38%)]	Loss: 0.611497
Train Epoch: 17 [22400/50000 (45%)]	Loss: 0.590343
Train Epoch: 17 [25600/50000 (51%)]	Loss: 0.477374
Train Epoch: 17 [28800/50000 (58%)]	Loss: 0.658721
Train Epoch: 17 [32000/50000 (64%)]	Loss: 0.316035
Train Epoch: 17 [35200/50000 (70%)]	Loss: 0.661298
Train Epoch: 17 [38400/50000 (77%)]	Loss: 0.668446
Train Epoch: 17 [41600/50000 (83%)]	Loss: 0.592643
Train Epoch: 17 [44800/50000 (90%)]	Loss: 0.589528
Train Epoch: 17 [48000/50000 (96%)]	Loss: 0.669623

Test set: Average loss: 0.0006, Accuracy: 8093/10000 (81%)

Train Epoch: 18 [0/50000 (0%)]	Loss: 0.572162
Train Epoch: 18 [3200/50000 (6%)]	Loss: 0.478854
Train Epoch: 18 [6400/50000 (13%)]	Loss: 0.515465
Train Epoch: 18 [9600/50000 (19%)]	Loss: 0.563278
Train Epoch: 18 [12800/50000 (26%)]	Loss: 0.585215
Train Epoch: 18 [16000/50000 (32%)]	Loss: 0.554250
Train Epoch: 18 [19200/50000 (38%)]	Loss: 0.385657
Train Epoch: 18 [22400/50000 (45%)]	Loss: 0.595529
Train Epoch: 18 [25600/50000 (51%)]	Loss: 0.720617
Train Epoch: 18 [28800/50000 (58%)]	Loss: 0.494567
Train Epoch: 18 [32000/50000 (64%)]	Loss: 0.308702
Train Epoch: 18 [35200/50000 (70%)]	Loss: 0.492210
Train Epoch: 18 [38400/50000 (77%)]	Loss: 0.558641
Train Epoch: 18 [41600/50000 (83%)]	Loss: 0.924363
Train Epoch: 18 [44800/50000 (90%)]	Loss: 0.410827
Train Epoch: 18 [48000/50000 (96%)]	Loss: 0.465136

Test set: Average loss: 0.0006, Accuracy: 8035/10000 (80%)

Train Epoch: 19 [0/50000 (0%)]	Loss: 0.384212
Train Epoch: 19 [3200/50000 (6%)]	Loss: 0.480363
Train Epoch: 19 [6400/50000 (13%)]	Loss: 0.347058
Train Epoch: 19 [9600/50000 (19%)]	Loss: 0.429786
Train Epoch: 19 [12800/50000 (26%)]	Loss: 0.525713
Train Epoch: 19 [16000/50000 (32%)]	Loss: 0.614589
Train Epoch: 19 [19200/50000 (38%)]	Loss: 0.744700
Train Epoch: 19 [22400/50000 (45%)]	Loss: 0.655153
Train Epoch: 19 [25600/50000 (51%)]	Loss: 0.680498
Train Epoch: 19 [28800/50000 (58%)]	Loss: 0.710522
Train Epoch: 19 [32000/50000 (64%)]	Loss: 0.512119
Train Epoch: 19 [35200/50000 (70%)]	Loss: 0.527607
Train Epoch: 19 [38400/50000 (77%)]	Loss: 0.630556
Train Epoch: 19 [41600/50000 (83%)]	Loss: 0.493604
Train Epoch: 19 [44800/50000 (90%)]	Loss: 0.486018
Train Epoch: 19 [48000/50000 (96%)]	Loss: 0.686255

Test set: Average loss: 0.0005, Accuracy: 8170/10000 (82%)

Train Epoch: 20 [0/50000 (0%)]	Loss: 0.581022
Train Epoch: 20 [3200/50000 (6%)]	Loss: 0.486724
Train Epoch: 20 [6400/50000 (13%)]	Loss: 0.323236
Train Epoch: 20 [9600/50000 (19%)]	Loss: 0.575367
Train Epoch: 20 [12800/50000 (26%)]	Loss: 0.352714
Train Epoch: 20 [16000/50000 (32%)]	Loss: 0.598632
Train Epoch: 20 [19200/50000 (38%)]	Loss: 0.327887
Train Epoch: 20 [22400/50000 (45%)]	Loss: 0.346671
Train Epoch: 20 [25600/50000 (51%)]	Loss: 0.487808
Train Epoch: 20 [28800/50000 (58%)]	Loss: 0.416347
Train Epoch: 20 [32000/50000 (64%)]	Loss: 0.633958
Train Epoch: 20 [35200/50000 (70%)]	Loss: 0.379559
Train Epoch: 20 [38400/50000 (77%)]	Loss: 0.553966
Train Epoch: 20 [41600/50000 (83%)]	Loss: 0.507595
Train Epoch: 20 [44800/50000 (90%)]	Loss: 0.502541
Train Epoch: 20 [48000/50000 (96%)]	Loss: 0.639808

Test set: Average loss: 0.0005, Accuracy: 8201/10000 (82%)

Train Epoch: 21 [0/50000 (0%)]	Loss: 0.561838
Train Epoch: 21 [3200/50000 (6%)]	Loss: 0.616841
Train Epoch: 21 [6400/50000 (13%)]	Loss: 0.822356
Train Epoch: 21 [9600/50000 (19%)]	Loss: 0.498619
Train Epoch: 21 [12800/50000 (26%)]	Loss: 0.568346
Train Epoch: 21 [16000/50000 (32%)]	Loss: 0.408953
Train Epoch: 21 [19200/50000 (38%)]	Loss: 0.748361
Train Epoch: 21 [22400/50000 (45%)]	Loss: 0.458362
Train Epoch: 21 [25600/50000 (51%)]	Loss: 0.420008
Train Epoch: 21 [28800/50000 (58%)]	Loss: 0.341229
Train Epoch: 21 [32000/50000 (64%)]	Loss: 0.500526
Train Epoch: 21 [35200/50000 (70%)]	Loss: 0.777522
Train Epoch: 21 [38400/50000 (77%)]	Loss: 0.604612
Train Epoch: 21 [41600/50000 (83%)]	Loss: 0.518800
Train Epoch: 21 [44800/50000 (90%)]	Loss: 0.470439
Train Epoch: 21 [48000/50000 (96%)]	Loss: 0.381898

Test set: Average loss: 0.0005, Accuracy: 8173/10000 (82%)

Train Epoch: 22 [0/50000 (0%)]	Loss: 0.492020
Train Epoch: 22 [3200/50000 (6%)]	Loss: 0.493830
Train Epoch: 22 [6400/50000 (13%)]	Loss: 0.536237
Train Epoch: 22 [9600/50000 (19%)]	Loss: 0.556259
Train Epoch: 22 [12800/50000 (26%)]	Loss: 0.483673
Train Epoch: 22 [16000/50000 (32%)]	Loss: 0.546601
Train Epoch: 22 [19200/50000 (38%)]	Loss: 0.564455
Train Epoch: 22 [22400/50000 (45%)]	Loss: 0.442837
Train Epoch: 22 [25600/50000 (51%)]	Loss: 0.532804
Train Epoch: 22 [28800/50000 (58%)]	Loss: 0.401436
Train Epoch: 22 [32000/50000 (64%)]	Loss: 0.493159
Train Epoch: 22 [35200/50000 (70%)]	Loss: 0.616374
Train Epoch: 22 [38400/50000 (77%)]	Loss: 0.335265
Train Epoch: 22 [41600/50000 (83%)]	Loss: 0.546772
Train Epoch: 22 [44800/50000 (90%)]	Loss: 0.480495
Train Epoch: 22 [48000/50000 (96%)]	Loss: 0.320371

Test set: Average loss: 0.0005, Accuracy: 8265/10000 (83%)

Train Epoch: 23 [0/50000 (0%)]	Loss: 0.484612
Train Epoch: 23 [3200/50000 (6%)]	Loss: 0.473559
Train Epoch: 23 [6400/50000 (13%)]	Loss: 0.323199
Train Epoch: 23 [9600/50000 (19%)]	Loss: 0.396236
Train Epoch: 23 [12800/50000 (26%)]	Loss: 0.321741
Train Epoch: 23 [16000/50000 (32%)]	Loss: 0.494441
Train Epoch: 23 [19200/50000 (38%)]	Loss: 0.256885
Train Epoch: 23 [22400/50000 (45%)]	Loss: 0.535025
Train Epoch: 23 [25600/50000 (51%)]	Loss: 0.328021
Train Epoch: 23 [28800/50000 (58%)]	Loss: 0.464459
Train Epoch: 23 [32000/50000 (64%)]	Loss: 0.518420
Train Epoch: 23 [35200/50000 (70%)]	Loss: 0.470083
Train Epoch: 23 [38400/50000 (77%)]	Loss: 0.657940
Train Epoch: 23 [41600/50000 (83%)]	Loss: 0.300708
Train Epoch: 23 [44800/50000 (90%)]	Loss: 0.421462
Train Epoch: 23 [48000/50000 (96%)]	Loss: 0.420890

Test set: Average loss: 0.0005, Accuracy: 8258/10000 (83%)

Train Epoch: 24 [0/50000 (0%)]	Loss: 0.374617
Train Epoch: 24 [3200/50000 (6%)]	Loss: 0.410017
Train Epoch: 24 [6400/50000 (13%)]	Loss: 0.256545
Train Epoch: 24 [9600/50000 (19%)]	Loss: 0.485711
Train Epoch: 24 [12800/50000 (26%)]	Loss: 0.272138
Train Epoch: 24 [16000/50000 (32%)]	Loss: 0.334958
Train Epoch: 24 [19200/50000 (38%)]	Loss: 0.644526
Train Epoch: 24 [22400/50000 (45%)]	Loss: 0.445412
Train Epoch: 24 [25600/50000 (51%)]	Loss: 0.590286
Train Epoch: 24 [28800/50000 (58%)]	Loss: 0.311172
Train Epoch: 24 [32000/50000 (64%)]	Loss: 0.531086
Train Epoch: 24 [35200/50000 (70%)]	Loss: 0.386972
Train Epoch: 24 [38400/50000 (77%)]	Loss: 0.526389
Train Epoch: 24 [41600/50000 (83%)]	Loss: 0.554064
Train Epoch: 24 [44800/50000 (90%)]	Loss: 0.441823
Train Epoch: 24 [48000/50000 (96%)]	Loss: 0.539570

Test set: Average loss: 0.0005, Accuracy: 8311/10000 (83%)

Train Epoch: 25 [0/50000 (0%)]	Loss: 0.229845
Train Epoch: 25 [3200/50000 (6%)]	Loss: 0.582436
Train Epoch: 25 [6400/50000 (13%)]	Loss: 0.302448
Train Epoch: 25 [9600/50000 (19%)]	Loss: 0.300737
Train Epoch: 25 [12800/50000 (26%)]	Loss: 0.378325
Train Epoch: 25 [16000/50000 (32%)]	Loss: 0.364576
Train Epoch: 25 [19200/50000 (38%)]	Loss: 0.398786
Train Epoch: 25 [22400/50000 (45%)]	Loss: 0.397277
Train Epoch: 25 [25600/50000 (51%)]	Loss: 0.455355
Train Epoch: 25 [28800/50000 (58%)]	Loss: 0.298092
Train Epoch: 25 [32000/50000 (64%)]	Loss: 0.393239
Train Epoch: 25 [35200/50000 (70%)]	Loss: 0.391851
Train Epoch: 25 [38400/50000 (77%)]	Loss: 0.534950
Train Epoch: 25 [41600/50000 (83%)]	Loss: 0.398112
Train Epoch: 25 [44800/50000 (90%)]	Loss: 0.389387
Train Epoch: 25 [48000/50000 (96%)]	Loss: 0.390433

Test set: Average loss: 0.0005, Accuracy: 8391/10000 (84%)

Train Epoch: 26 [0/50000 (0%)]	Loss: 0.400100
Train Epoch: 26 [3200/50000 (6%)]	Loss: 0.455163
Train Epoch: 26 [6400/50000 (13%)]	Loss: 0.519129
Train Epoch: 26 [9600/50000 (19%)]	Loss: 0.785665
Train Epoch: 26 [12800/50000 (26%)]	Loss: 0.552222
Train Epoch: 26 [16000/50000 (32%)]	Loss: 0.584619
Train Epoch: 26 [19200/50000 (38%)]	Loss: 0.402823
Train Epoch: 26 [22400/50000 (45%)]	Loss: 0.291843
Train Epoch: 26 [25600/50000 (51%)]	Loss: 0.280948
Train Epoch: 26 [28800/50000 (58%)]	Loss: 0.632140
Train Epoch: 26 [32000/50000 (64%)]	Loss: 0.429847
Train Epoch: 26 [35200/50000 (70%)]	Loss: 0.361324
Train Epoch: 26 [38400/50000 (77%)]	Loss: 0.562990
Train Epoch: 26 [41600/50000 (83%)]	Loss: 0.393160
Train Epoch: 26 [44800/50000 (90%)]	Loss: 0.605996
Train Epoch: 26 [48000/50000 (96%)]	Loss: 0.473447

Test set: Average loss: 0.0005, Accuracy: 8353/10000 (84%)

Train Epoch: 27 [0/50000 (0%)]	Loss: 0.682068
Train Epoch: 27 [3200/50000 (6%)]	Loss: 0.431470
Train Epoch: 27 [6400/50000 (13%)]	Loss: 0.400169
Train Epoch: 27 [9600/50000 (19%)]	Loss: 0.327538
Train Epoch: 27 [12800/50000 (26%)]	Loss: 0.411751
Train Epoch: 27 [16000/50000 (32%)]	Loss: 0.372790
Train Epoch: 27 [19200/50000 (38%)]	Loss: 0.303889
Train Epoch: 27 [22400/50000 (45%)]	Loss: 0.325410
Train Epoch: 27 [25600/50000 (51%)]	Loss: 0.372477
Train Epoch: 27 [28800/50000 (58%)]	Loss: 0.557155
Train Epoch: 27 [32000/50000 (64%)]	Loss: 0.333831
Train Epoch: 27 [35200/50000 (70%)]	Loss: 0.357404
Train Epoch: 27 [38400/50000 (77%)]	Loss: 0.411950
Train Epoch: 27 [41600/50000 (83%)]	Loss: 0.433041
Train Epoch: 27 [44800/50000 (90%)]	Loss: 0.748944
Train Epoch: 27 [48000/50000 (96%)]	Loss: 0.344312

Test set: Average loss: 0.0005, Accuracy: 8301/10000 (83%)

Train Epoch: 28 [0/50000 (0%)]	Loss: 0.492946
Train Epoch: 28 [3200/50000 (6%)]	Loss: 0.345876
Train Epoch: 28 [6400/50000 (13%)]	Loss: 0.535051
Train Epoch: 28 [9600/50000 (19%)]	Loss: 0.425138
Train Epoch: 28 [12800/50000 (26%)]	Loss: 0.363016
Train Epoch: 28 [16000/50000 (32%)]	Loss: 0.477419
Train Epoch: 28 [19200/50000 (38%)]	Loss: 0.344278
Train Epoch: 28 [22400/50000 (45%)]	Loss: 0.380765
Train Epoch: 28 [25600/50000 (51%)]	Loss: 0.424488
Train Epoch: 28 [28800/50000 (58%)]	Loss: 0.363411
Train Epoch: 28 [32000/50000 (64%)]	Loss: 0.560711
Train Epoch: 28 [35200/50000 (70%)]	Loss: 0.459866
Train Epoch: 28 [38400/50000 (77%)]	Loss: 0.444751
Train Epoch: 28 [41600/50000 (83%)]	Loss: 0.348210
Train Epoch: 28 [44800/50000 (90%)]	Loss: 0.436829
Train Epoch: 28 [48000/50000 (96%)]	Loss: 0.708872

Test set: Average loss: 0.0005, Accuracy: 8396/10000 (84%)

Train Epoch: 29 [0/50000 (0%)]	Loss: 0.224970
Train Epoch: 29 [3200/50000 (6%)]	Loss: 0.287435
Train Epoch: 29 [6400/50000 (13%)]	Loss: 0.258428
Train Epoch: 29 [9600/50000 (19%)]	Loss: 0.402758
Train Epoch: 29 [12800/50000 (26%)]	Loss: 0.245099
Train Epoch: 29 [16000/50000 (32%)]	Loss: 0.277208
Train Epoch: 29 [19200/50000 (38%)]	Loss: 0.307913
Train Epoch: 29 [22400/50000 (45%)]	Loss: 0.554403
Train Epoch: 29 [25600/50000 (51%)]	Loss: 0.404798
Train Epoch: 29 [28800/50000 (58%)]	Loss: 0.320313
Train Epoch: 29 [32000/50000 (64%)]	Loss: 0.529910
Train Epoch: 29 [35200/50000 (70%)]	Loss: 0.533043
Train Epoch: 29 [38400/50000 (77%)]	Loss: 0.428821
Train Epoch: 29 [41600/50000 (83%)]	Loss: 0.322464
Train Epoch: 29 [44800/50000 (90%)]	Loss: 0.512690
Train Epoch: 29 [48000/50000 (96%)]	Loss: 0.388856

Test set: Average loss: 0.0005, Accuracy: 8497/10000 (85%)

Train Epoch: 30 [0/50000 (0%)]	Loss: 0.512465
Train Epoch: 30 [3200/50000 (6%)]	Loss: 0.341449
Train Epoch: 30 [6400/50000 (13%)]	Loss: 0.423490
Train Epoch: 30 [9600/50000 (19%)]	Loss: 0.449199
Train Epoch: 30 [12800/50000 (26%)]	Loss: 0.365605
Train Epoch: 30 [16000/50000 (32%)]	Loss: 0.374037
Train Epoch: 30 [19200/50000 (38%)]	Loss: 0.375475
Train Epoch: 30 [22400/50000 (45%)]	Loss: 0.377046
Train Epoch: 30 [25600/50000 (51%)]	Loss: 0.360023
Train Epoch: 30 [28800/50000 (58%)]	Loss: 0.386810
Train Epoch: 30 [32000/50000 (64%)]	Loss: 0.369979
Train Epoch: 30 [35200/50000 (70%)]	Loss: 0.349053
Train Epoch: 30 [38400/50000 (77%)]	Loss: 0.445874
Train Epoch: 30 [41600/50000 (83%)]	Loss: 0.330289
Train Epoch: 30 [44800/50000 (90%)]	Loss: 0.382725
Train Epoch: 30 [48000/50000 (96%)]	Loss: 0.418242

Test set: Average loss: 0.0004, Accuracy: 8468/10000 (85%)

Train Epoch: 31 [0/50000 (0%)]	Loss: 0.297996
Train Epoch: 31 [3200/50000 (6%)]	Loss: 0.466192
Train Epoch: 31 [6400/50000 (13%)]	Loss: 0.258701
Train Epoch: 31 [9600/50000 (19%)]	Loss: 0.242454
Train Epoch: 31 [12800/50000 (26%)]	Loss: 0.269218
Train Epoch: 31 [16000/50000 (32%)]	Loss: 0.233172
Train Epoch: 31 [19200/50000 (38%)]	Loss: 0.405650
Train Epoch: 31 [22400/50000 (45%)]	Loss: 0.239767
Train Epoch: 31 [25600/50000 (51%)]	Loss: 0.317233
Train Epoch: 31 [28800/50000 (58%)]	Loss: 0.539361
Train Epoch: 31 [32000/50000 (64%)]	Loss: 0.356074
Train Epoch: 31 [35200/50000 (70%)]	Loss: 0.415958
Train Epoch: 31 [38400/50000 (77%)]	Loss: 0.212126
Train Epoch: 31 [41600/50000 (83%)]	Loss: 0.385682
Train Epoch: 31 [44800/50000 (90%)]	Loss: 0.265395
Train Epoch: 31 [48000/50000 (96%)]	Loss: 0.471011

Test set: Average loss: 0.0005, Accuracy: 8492/10000 (85%)

Train Epoch: 32 [0/50000 (0%)]	Loss: 0.290242
Train Epoch: 32 [3200/50000 (6%)]	Loss: 0.293795
Train Epoch: 32 [6400/50000 (13%)]	Loss: 0.437761
Train Epoch: 32 [9600/50000 (19%)]	Loss: 0.614532
Train Epoch: 32 [12800/50000 (26%)]	Loss: 0.252806
Train Epoch: 32 [16000/50000 (32%)]	Loss: 0.230270
Train Epoch: 32 [19200/50000 (38%)]	Loss: 0.411249
Train Epoch: 32 [22400/50000 (45%)]	Loss: 0.259407
Train Epoch: 32 [25600/50000 (51%)]	Loss: 0.371947
Train Epoch: 32 [28800/50000 (58%)]	Loss: 0.349740
Train Epoch: 32 [32000/50000 (64%)]	Loss: 0.235958
Train Epoch: 32 [35200/50000 (70%)]	Loss: 0.265381
Train Epoch: 32 [38400/50000 (77%)]	Loss: 0.266358
Train Epoch: 32 [41600/50000 (83%)]	Loss: 0.403553
Train Epoch: 32 [44800/50000 (90%)]	Loss: 0.186321
Train Epoch: 32 [48000/50000 (96%)]	Loss: 0.334743

Test set: Average loss: 0.0004, Accuracy: 8526/10000 (85%)

Train Epoch: 33 [0/50000 (0%)]	Loss: 0.152655
Train Epoch: 33 [3200/50000 (6%)]	Loss: 0.542541
Train Epoch: 33 [6400/50000 (13%)]	Loss: 0.319505
Train Epoch: 33 [9600/50000 (19%)]	Loss: 0.482027
Train Epoch: 33 [12800/50000 (26%)]	Loss: 0.389689
Train Epoch: 33 [16000/50000 (32%)]	Loss: 0.199381
Train Epoch: 33 [19200/50000 (38%)]	Loss: 0.229932
Train Epoch: 33 [22400/50000 (45%)]	Loss: 0.344079
Train Epoch: 33 [25600/50000 (51%)]	Loss: 0.267190
Train Epoch: 33 [28800/50000 (58%)]	Loss: 0.242704
Train Epoch: 33 [32000/50000 (64%)]	Loss: 0.385743
Train Epoch: 33 [35200/50000 (70%)]	Loss: 0.335138
Train Epoch: 33 [38400/50000 (77%)]	Loss: 0.402892
Train Epoch: 33 [41600/50000 (83%)]	Loss: 0.256162
Train Epoch: 33 [44800/50000 (90%)]	Loss: 0.417338
Train Epoch: 33 [48000/50000 (96%)]	Loss: 0.485010

Test set: Average loss: 0.0004, Accuracy: 8462/10000 (85%)

Train Epoch: 34 [0/50000 (0%)]	Loss: 0.238959
Train Epoch: 34 [3200/50000 (6%)]	Loss: 0.370486
Train Epoch: 34 [6400/50000 (13%)]	Loss: 0.231448
Train Epoch: 34 [9600/50000 (19%)]	Loss: 0.588117
Train Epoch: 34 [12800/50000 (26%)]	Loss: 0.197725
Train Epoch: 34 [16000/50000 (32%)]	Loss: 0.494155
Train Epoch: 34 [19200/50000 (38%)]	Loss: 0.410180
Train Epoch: 34 [22400/50000 (45%)]	Loss: 0.355929
Train Epoch: 34 [25600/50000 (51%)]	Loss: 0.338879
Train Epoch: 34 [28800/50000 (58%)]	Loss: 0.214477
Train Epoch: 34 [32000/50000 (64%)]	Loss: 0.361609
Train Epoch: 34 [35200/50000 (70%)]	Loss: 0.360199
Train Epoch: 34 [38400/50000 (77%)]	Loss: 0.335600
Train Epoch: 34 [41600/50000 (83%)]	Loss: 0.423589
Train Epoch: 34 [44800/50000 (90%)]	Loss: 0.330968
Train Epoch: 34 [48000/50000 (96%)]	Loss: 0.533938

Test set: Average loss: 0.0005, Accuracy: 8421/10000 (84%)

Train Epoch: 35 [0/50000 (0%)]	Loss: 0.392246
Train Epoch: 35 [3200/50000 (6%)]	Loss: 0.227184
Train Epoch: 35 [6400/50000 (13%)]	Loss: 0.320997
Train Epoch: 35 [9600/50000 (19%)]	Loss: 0.337378
Train Epoch: 35 [12800/50000 (26%)]	Loss: 0.275718
Train Epoch: 35 [16000/50000 (32%)]	Loss: 0.332103
Train Epoch: 35 [19200/50000 (38%)]	Loss: 0.302461
Train Epoch: 35 [22400/50000 (45%)]	Loss: 0.383603
Train Epoch: 35 [25600/50000 (51%)]	Loss: 0.289260
Train Epoch: 35 [28800/50000 (58%)]	Loss: 0.368255
Train Epoch: 35 [32000/50000 (64%)]	Loss: 0.354390
Train Epoch: 35 [35200/50000 (70%)]	Loss: 0.533267
Train Epoch: 35 [38400/50000 (77%)]	Loss: 0.193812
Train Epoch: 35 [41600/50000 (83%)]	Loss: 0.390392
Train Epoch: 35 [44800/50000 (90%)]	Loss: 0.409802
Train Epoch: 35 [48000/50000 (96%)]	Loss: 0.448002

Test set: Average loss: 0.0005, Accuracy: 8476/10000 (85%)

Train Epoch: 36 [0/50000 (0%)]	Loss: 0.247739
Train Epoch: 36 [3200/50000 (6%)]	Loss: 0.333580
Train Epoch: 36 [6400/50000 (13%)]	Loss: 0.259142
Train Epoch: 36 [9600/50000 (19%)]	Loss: 0.385313
Train Epoch: 36 [12800/50000 (26%)]	Loss: 0.303889
Train Epoch: 36 [16000/50000 (32%)]	Loss: 0.377199
Train Epoch: 36 [19200/50000 (38%)]	Loss: 0.448630
Train Epoch: 36 [22400/50000 (45%)]	Loss: 0.361438
Train Epoch: 36 [25600/50000 (51%)]	Loss: 0.430257
Train Epoch: 36 [28800/50000 (58%)]	Loss: 0.371917
Train Epoch: 36 [32000/50000 (64%)]	Loss: 0.562387
Train Epoch: 36 [35200/50000 (70%)]	Loss: 0.397623
Train Epoch: 36 [38400/50000 (77%)]	Loss: 0.490987
Train Epoch: 36 [41600/50000 (83%)]	Loss: 0.209632
Train Epoch: 36 [44800/50000 (90%)]	Loss: 0.326559
Train Epoch: 36 [48000/50000 (96%)]	Loss: 0.391123

Test set: Average loss: 0.0005, Accuracy: 8513/10000 (85%)

Train Epoch: 37 [0/50000 (0%)]	Loss: 0.185652
Train Epoch: 37 [3200/50000 (6%)]	Loss: 0.390292
Train Epoch: 37 [6400/50000 (13%)]	Loss: 0.363087
Train Epoch: 37 [9600/50000 (19%)]	Loss: 0.268207
Train Epoch: 37 [12800/50000 (26%)]	Loss: 0.354363
Train Epoch: 37 [16000/50000 (32%)]	Loss: 0.186229
Train Epoch: 37 [19200/50000 (38%)]	Loss: 0.111799
Train Epoch: 37 [22400/50000 (45%)]	Loss: 0.204789
Train Epoch: 37 [25600/50000 (51%)]	Loss: 0.355978
Train Epoch: 37 [28800/50000 (58%)]	Loss: 0.454829
Train Epoch: 37 [32000/50000 (64%)]	Loss: 0.348284
Train Epoch: 37 [35200/50000 (70%)]	Loss: 0.560575
Train Epoch: 37 [38400/50000 (77%)]	Loss: 0.353384
Train Epoch: 37 [41600/50000 (83%)]	Loss: 0.207451
Train Epoch: 37 [44800/50000 (90%)]	Loss: 0.273378
Train Epoch: 37 [48000/50000 (96%)]	Loss: 0.282052

Test set: Average loss: 0.0004, Accuracy: 8535/10000 (85%)

Train Epoch: 38 [0/50000 (0%)]	Loss: 0.317370
Train Epoch: 38 [3200/50000 (6%)]	Loss: 0.181907
Train Epoch: 38 [6400/50000 (13%)]	Loss: 0.335480
Train Epoch: 38 [9600/50000 (19%)]	Loss: 0.234406
Train Epoch: 38 [12800/50000 (26%)]	Loss: 0.312940
Train Epoch: 38 [16000/50000 (32%)]	Loss: 0.286629
Train Epoch: 38 [19200/50000 (38%)]	Loss: 0.254701
Train Epoch: 38 [22400/50000 (45%)]	Loss: 0.202068
Train Epoch: 38 [25600/50000 (51%)]	Loss: 0.380223
Train Epoch: 38 [28800/50000 (58%)]	Loss: 0.268130
Train Epoch: 38 [32000/50000 (64%)]	Loss: 0.305002
Train Epoch: 38 [35200/50000 (70%)]	Loss: 0.398251
Train Epoch: 38 [38400/50000 (77%)]	Loss: 0.264957
Train Epoch: 38 [41600/50000 (83%)]	Loss: 0.213719
Train Epoch: 38 [44800/50000 (90%)]	Loss: 0.294546
Train Epoch: 38 [48000/50000 (96%)]	Loss: 0.230026

Test set: Average loss: 0.0004, Accuracy: 8554/10000 (86%)

Train Epoch: 39 [0/50000 (0%)]	Loss: 0.356054
Train Epoch: 39 [3200/50000 (6%)]	Loss: 0.341180
Train Epoch: 39 [6400/50000 (13%)]	Loss: 0.269652
Train Epoch: 39 [9600/50000 (19%)]	Loss: 0.302397
Train Epoch: 39 [12800/50000 (26%)]	Loss: 0.343570
Train Epoch: 39 [16000/50000 (32%)]	Loss: 0.245050
Train Epoch: 39 [19200/50000 (38%)]	Loss: 0.376325
Train Epoch: 39 [22400/50000 (45%)]	Loss: 0.508957
Train Epoch: 39 [25600/50000 (51%)]	Loss: 0.181791
Train Epoch: 39 [28800/50000 (58%)]	Loss: 0.388790
Train Epoch: 39 [32000/50000 (64%)]	Loss: 0.298983
Train Epoch: 39 [35200/50000 (70%)]	Loss: 0.223265
Train Epoch: 39 [38400/50000 (77%)]	Loss: 0.267577
Train Epoch: 39 [41600/50000 (83%)]	Loss: 0.293885
Train Epoch: 39 [44800/50000 (90%)]	Loss: 0.284753
Train Epoch: 39 [48000/50000 (96%)]	Loss: 0.220210

Test set: Average loss: 0.0004, Accuracy: 8558/10000 (86%)

Train Epoch: 40 [0/50000 (0%)]	Loss: 0.247621
Train Epoch: 40 [3200/50000 (6%)]	Loss: 0.368341
Train Epoch: 40 [6400/50000 (13%)]	Loss: 0.475914
Train Epoch: 40 [9600/50000 (19%)]	Loss: 0.314938
Train Epoch: 40 [12800/50000 (26%)]	Loss: 0.247192
Train Epoch: 40 [16000/50000 (32%)]	Loss: 0.321594
Train Epoch: 40 [19200/50000 (38%)]	Loss: 0.492696
Train Epoch: 40 [22400/50000 (45%)]	Loss: 0.133449
Train Epoch: 40 [25600/50000 (51%)]	Loss: 0.339394
Train Epoch: 40 [28800/50000 (58%)]	Loss: 0.374775
Train Epoch: 40 [32000/50000 (64%)]	Loss: 0.377390
Train Epoch: 40 [35200/50000 (70%)]	Loss: 0.422901
Train Epoch: 40 [38400/50000 (77%)]	Loss: 0.260730
Train Epoch: 40 [41600/50000 (83%)]	Loss: 0.379019
Train Epoch: 40 [44800/50000 (90%)]	Loss: 0.413333
Train Epoch: 40 [48000/50000 (96%)]	Loss: 0.165357

Test set: Average loss: 0.0004, Accuracy: 8550/10000 (86%)

Train Epoch: 41 [0/50000 (0%)]	Loss: 0.273207
Train Epoch: 41 [3200/50000 (6%)]	Loss: 0.199025
Train Epoch: 41 [6400/50000 (13%)]	Loss: 0.187260
Train Epoch: 41 [9600/50000 (19%)]	Loss: 0.199865
Train Epoch: 41 [12800/50000 (26%)]	Loss: 0.413903
Train Epoch: 41 [16000/50000 (32%)]	Loss: 0.217206
Train Epoch: 41 [19200/50000 (38%)]	Loss: 0.230218
Train Epoch: 41 [22400/50000 (45%)]	Loss: 0.275545
Train Epoch: 41 [25600/50000 (51%)]	Loss: 0.252088
Train Epoch: 41 [28800/50000 (58%)]	Loss: 0.215418
Train Epoch: 41 [32000/50000 (64%)]	Loss: 0.232611
Train Epoch: 41 [35200/50000 (70%)]	Loss: 0.334874
Train Epoch: 41 [38400/50000 (77%)]	Loss: 0.397118
Train Epoch: 41 [41600/50000 (83%)]	Loss: 0.239004
Train Epoch: 41 [44800/50000 (90%)]	Loss: 0.182842
Train Epoch: 41 [48000/50000 (96%)]	Loss: 0.241062

Test set: Average loss: 0.0004, Accuracy: 8606/10000 (86%)

Train Epoch: 42 [0/50000 (0%)]	Loss: 0.318059
Train Epoch: 42 [3200/50000 (6%)]	Loss: 0.423434
Train Epoch: 42 [6400/50000 (13%)]	Loss: 0.320870
Train Epoch: 42 [9600/50000 (19%)]	Loss: 0.260820
Train Epoch: 42 [12800/50000 (26%)]	Loss: 0.247565
Train Epoch: 42 [16000/50000 (32%)]	Loss: 0.333649
Train Epoch: 42 [19200/50000 (38%)]	Loss: 0.263034
Train Epoch: 42 [22400/50000 (45%)]	Loss: 0.373377
Train Epoch: 42 [25600/50000 (51%)]	Loss: 0.172522
Train Epoch: 42 [28800/50000 (58%)]	Loss: 0.310804
Train Epoch: 42 [32000/50000 (64%)]	Loss: 0.370355
Train Epoch: 42 [35200/50000 (70%)]	Loss: 0.404412
Train Epoch: 42 [38400/50000 (77%)]	Loss: 0.152016
Train Epoch: 42 [41600/50000 (83%)]	Loss: 0.420186
Train Epoch: 42 [44800/50000 (90%)]	Loss: 0.396725
Train Epoch: 42 [48000/50000 (96%)]	Loss: 0.272223

Test set: Average loss: 0.0004, Accuracy: 8604/10000 (86%)

Train Epoch: 43 [0/50000 (0%)]	Loss: 0.354680
Train Epoch: 43 [3200/50000 (6%)]	Loss: 0.237876
Train Epoch: 43 [6400/50000 (13%)]	Loss: 0.428826
Train Epoch: 43 [9600/50000 (19%)]	Loss: 0.291972
Train Epoch: 43 [12800/50000 (26%)]	Loss: 0.290550
Train Epoch: 43 [16000/50000 (32%)]	Loss: 0.338874
Train Epoch: 43 [19200/50000 (38%)]	Loss: 0.331767
Train Epoch: 43 [22400/50000 (45%)]	Loss: 0.449270
Train Epoch: 43 [25600/50000 (51%)]	Loss: 0.236439
Train Epoch: 43 [28800/50000 (58%)]	Loss: 0.377489
Train Epoch: 43 [32000/50000 (64%)]	Loss: 0.339160
Train Epoch: 43 [35200/50000 (70%)]	Loss: 0.258266
Train Epoch: 43 [38400/50000 (77%)]	Loss: 0.388620
Train Epoch: 43 [41600/50000 (83%)]	Loss: 0.230623
Train Epoch: 43 [44800/50000 (90%)]	Loss: 0.465459
Train Epoch: 43 [48000/50000 (96%)]	Loss: 0.427310

Test set: Average loss: 0.0004, Accuracy: 8603/10000 (86%)

Train Epoch: 44 [0/50000 (0%)]	Loss: 0.339843
Train Epoch: 44 [3200/50000 (6%)]	Loss: 0.457415
Train Epoch: 44 [6400/50000 (13%)]	Loss: 0.186778
Train Epoch: 44 [9600/50000 (19%)]	Loss: 0.238966
Train Epoch: 44 [12800/50000 (26%)]	Loss: 0.278021
Train Epoch: 44 [16000/50000 (32%)]	Loss: 0.367321
Train Epoch: 44 [19200/50000 (38%)]	Loss: 0.388967
Train Epoch: 44 [22400/50000 (45%)]	Loss: 0.137417
Train Epoch: 44 [25600/50000 (51%)]	Loss: 0.281345
Train Epoch: 44 [28800/50000 (58%)]	Loss: 0.362338
Train Epoch: 44 [32000/50000 (64%)]	Loss: 0.247320
Train Epoch: 44 [35200/50000 (70%)]	Loss: 0.165129
Train Epoch: 44 [38400/50000 (77%)]	Loss: 0.290477
Train Epoch: 44 [41600/50000 (83%)]	Loss: 0.416609
Train Epoch: 44 [44800/50000 (90%)]	Loss: 0.416610
Train Epoch: 44 [48000/50000 (96%)]	Loss: 0.360544

Test set: Average loss: 0.0004, Accuracy: 8616/10000 (86%)

Train Epoch: 45 [0/50000 (0%)]	Loss: 0.369791
Train Epoch: 45 [3200/50000 (6%)]	Loss: 0.272795
Train Epoch: 45 [6400/50000 (13%)]	Loss: 0.275841
Train Epoch: 45 [9600/50000 (19%)]	Loss: 0.542156
Train Epoch: 45 [12800/50000 (26%)]	Loss: 0.380864
Train Epoch: 45 [16000/50000 (32%)]	Loss: 0.297512
Train Epoch: 45 [19200/50000 (38%)]	Loss: 0.351486
Train Epoch: 45 [22400/50000 (45%)]	Loss: 0.198165
Train Epoch: 45 [25600/50000 (51%)]	Loss: 0.395679
Train Epoch: 45 [28800/50000 (58%)]	Loss: 0.324242
Train Epoch: 45 [32000/50000 (64%)]	Loss: 0.242011
Train Epoch: 45 [35200/50000 (70%)]	Loss: 0.253001
Train Epoch: 45 [38400/50000 (77%)]	Loss: 0.428554
Train Epoch: 45 [41600/50000 (83%)]	Loss: 0.356959
Train Epoch: 45 [44800/50000 (90%)]	Loss: 0.196052
Train Epoch: 45 [48000/50000 (96%)]	Loss: 0.269388

Test set: Average loss: 0.0004, Accuracy: 8600/10000 (86%)

Train Epoch: 46 [0/50000 (0%)]	Loss: 0.354310
Train Epoch: 46 [3200/50000 (6%)]	Loss: 0.422408
Train Epoch: 46 [6400/50000 (13%)]	Loss: 0.405643
Train Epoch: 46 [9600/50000 (19%)]	Loss: 0.151768
Train Epoch: 46 [12800/50000 (26%)]	Loss: 0.283366
Train Epoch: 46 [16000/50000 (32%)]	Loss: 0.357996
Train Epoch: 46 [19200/50000 (38%)]	Loss: 0.343678
Train Epoch: 46 [22400/50000 (45%)]	Loss: 0.286772
Train Epoch: 46 [25600/50000 (51%)]	Loss: 0.382393
Train Epoch: 46 [28800/50000 (58%)]	Loss: 0.198915
Train Epoch: 46 [32000/50000 (64%)]	Loss: 0.197369
Train Epoch: 46 [35200/50000 (70%)]	Loss: 0.213793
Train Epoch: 46 [38400/50000 (77%)]	Loss: 0.242442
Train Epoch: 46 [41600/50000 (83%)]	Loss: 0.206956
Train Epoch: 46 [44800/50000 (90%)]	Loss: 0.405661
Train Epoch: 46 [48000/50000 (96%)]	Loss: 0.279529

Test set: Average loss: 0.0004, Accuracy: 8587/10000 (86%)

Train Epoch: 47 [0/50000 (0%)]	Loss: 0.228234
Train Epoch: 47 [3200/50000 (6%)]	Loss: 0.369761
Train Epoch: 47 [6400/50000 (13%)]	Loss: 0.215565
Train Epoch: 47 [9600/50000 (19%)]	Loss: 0.196463
Train Epoch: 47 [12800/50000 (26%)]	Loss: 0.289729
Train Epoch: 47 [16000/50000 (32%)]	Loss: 0.273560
Train Epoch: 47 [19200/50000 (38%)]	Loss: 0.469496
Train Epoch: 47 [22400/50000 (45%)]	Loss: 0.166422
Train Epoch: 47 [25600/50000 (51%)]	Loss: 0.244197
Train Epoch: 47 [28800/50000 (58%)]	Loss: 0.344426
Train Epoch: 47 [32000/50000 (64%)]	Loss: 0.110661
Train Epoch: 47 [35200/50000 (70%)]	Loss: 0.414365
Train Epoch: 47 [38400/50000 (77%)]	Loss: 0.266563
Train Epoch: 47 [41600/50000 (83%)]	Loss: 0.322065
Train Epoch: 47 [44800/50000 (90%)]	Loss: 0.230862
Train Epoch: 47 [48000/50000 (96%)]	Loss: 0.469095

Test set: Average loss: 0.0004, Accuracy: 8697/10000 (87%)

Train Epoch: 48 [0/50000 (0%)]	Loss: 0.132249
Train Epoch: 48 [3200/50000 (6%)]	Loss: 0.316451
Train Epoch: 48 [6400/50000 (13%)]	Loss: 0.283769
Train Epoch: 48 [9600/50000 (19%)]	Loss: 0.267126
Train Epoch: 48 [12800/50000 (26%)]	Loss: 0.342822
Train Epoch: 48 [16000/50000 (32%)]	Loss: 0.193356
Train Epoch: 48 [19200/50000 (38%)]	Loss: 0.167143
Train Epoch: 48 [22400/50000 (45%)]	Loss: 0.207130
Train Epoch: 48 [25600/50000 (51%)]	Loss: 0.208294
Train Epoch: 48 [28800/50000 (58%)]	Loss: 0.279288
Train Epoch: 48 [32000/50000 (64%)]	Loss: 0.179443
Train Epoch: 48 [35200/50000 (70%)]	Loss: 0.166553
Train Epoch: 48 [38400/50000 (77%)]	Loss: 0.154734
Train Epoch: 48 [41600/50000 (83%)]	Loss: 0.501039
Train Epoch: 48 [44800/50000 (90%)]	Loss: 0.558629
Train Epoch: 48 [48000/50000 (96%)]	Loss: 0.404015

Test set: Average loss: 0.0004, Accuracy: 8610/10000 (86%)

Train Epoch: 49 [0/50000 (0%)]	Loss: 0.381419
Train Epoch: 49 [3200/50000 (6%)]	Loss: 0.356597
Train Epoch: 49 [6400/50000 (13%)]	Loss: 0.331046
Train Epoch: 49 [9600/50000 (19%)]	Loss: 0.200357
Train Epoch: 49 [12800/50000 (26%)]	Loss: 0.287920
Train Epoch: 49 [16000/50000 (32%)]	Loss: 0.182402
Train Epoch: 49 [19200/50000 (38%)]	Loss: 0.222048
Train Epoch: 49 [22400/50000 (45%)]	Loss: 0.232214
Train Epoch: 49 [25600/50000 (51%)]	Loss: 0.257938
Train Epoch: 49 [28800/50000 (58%)]	Loss: 0.283849
Train Epoch: 49 [32000/50000 (64%)]	Loss: 0.229798
Train Epoch: 49 [35200/50000 (70%)]	Loss: 0.113765
Train Epoch: 49 [38400/50000 (77%)]	Loss: 0.220702
Train Epoch: 49 [41600/50000 (83%)]	Loss: 0.436422
Train Epoch: 49 [44800/50000 (90%)]	Loss: 0.259986
Train Epoch: 49 [48000/50000 (96%)]	Loss: 0.173555

Test set: Average loss: 0.0004, Accuracy: 8623/10000 (86%)

Train Epoch: 50 [0/50000 (0%)]	Loss: 0.133597
Train Epoch: 50 [3200/50000 (6%)]	Loss: 0.162711
Train Epoch: 50 [6400/50000 (13%)]	Loss: 0.487504
Train Epoch: 50 [9600/50000 (19%)]	Loss: 0.258096
Train Epoch: 50 [12800/50000 (26%)]	Loss: 0.244647
Train Epoch: 50 [16000/50000 (32%)]	Loss: 0.188802
Train Epoch: 50 [19200/50000 (38%)]	Loss: 0.170105
Train Epoch: 50 [22400/50000 (45%)]	Loss: 0.474707
Train Epoch: 50 [25600/50000 (51%)]	Loss: 0.266131
Train Epoch: 50 [28800/50000 (58%)]	Loss: 0.306348
Train Epoch: 50 [32000/50000 (64%)]	Loss: 0.231102
Train Epoch: 50 [35200/50000 (70%)]	Loss: 0.223380
Train Epoch: 50 [38400/50000 (77%)]	Loss: 0.550231
Train Epoch: 50 [41600/50000 (83%)]	Loss: 0.249591
Train Epoch: 50 [44800/50000 (90%)]	Loss: 0.267309
Train Epoch: 50 [48000/50000 (96%)]	Loss: 0.231262

Test set: Average loss: 0.0004, Accuracy: 8589/10000 (86%)

Train Epoch: 51 [0/50000 (0%)]	Loss: 0.243186
Train Epoch: 51 [3200/50000 (6%)]	Loss: 0.235903
Train Epoch: 51 [6400/50000 (13%)]	Loss: 0.155663
Train Epoch: 51 [9600/50000 (19%)]	Loss: 0.212521
Train Epoch: 51 [12800/50000 (26%)]	Loss: 0.375651
Train Epoch: 51 [16000/50000 (32%)]	Loss: 0.316743
Train Epoch: 51 [19200/50000 (38%)]	Loss: 0.228945
Train Epoch: 51 [22400/50000 (45%)]	Loss: 0.321747
Train Epoch: 51 [25600/50000 (51%)]	Loss: 0.319645
Train Epoch: 51 [28800/50000 (58%)]	Loss: 0.312022
Train Epoch: 51 [32000/50000 (64%)]	Loss: 0.344711
Train Epoch: 51 [35200/50000 (70%)]	Loss: 0.374487
Train Epoch: 51 [38400/50000 (77%)]	Loss: 0.201239
Train Epoch: 51 [41600/50000 (83%)]	Loss: 0.233664
Train Epoch: 51 [44800/50000 (90%)]	Loss: 0.238786
Train Epoch: 51 [48000/50000 (96%)]	Loss: 0.327064

Test set: Average loss: 0.0004, Accuracy: 8638/10000 (86%)

Train Epoch: 52 [0/50000 (0%)]	Loss: 0.243396
Train Epoch: 52 [3200/50000 (6%)]	Loss: 0.289653
Train Epoch: 52 [6400/50000 (13%)]	Loss: 0.337448
Train Epoch: 52 [9600/50000 (19%)]	Loss: 0.298958
Train Epoch: 52 [12800/50000 (26%)]	Loss: 0.143551
Train Epoch: 52 [16000/50000 (32%)]	Loss: 0.203086
Train Epoch: 52 [19200/50000 (38%)]	Loss: 0.189526
Train Epoch: 52 [22400/50000 (45%)]	Loss: 0.138332
Train Epoch: 52 [25600/50000 (51%)]	Loss: 0.354650
Train Epoch: 52 [28800/50000 (58%)]	Loss: 0.214646
Train Epoch: 52 [32000/50000 (64%)]	Loss: 0.447592
Train Epoch: 52 [35200/50000 (70%)]	Loss: 0.322912
Train Epoch: 52 [38400/50000 (77%)]	Loss: 0.271174
Train Epoch: 52 [41600/50000 (83%)]	Loss: 0.324954
Train Epoch: 52 [44800/50000 (90%)]	Loss: 0.270324
Train Epoch: 52 [48000/50000 (96%)]	Loss: 0.395213

Test set: Average loss: 0.0004, Accuracy: 8652/10000 (87%)

Train Epoch: 53 [0/50000 (0%)]	Loss: 0.144628
Train Epoch: 53 [3200/50000 (6%)]	Loss: 0.114098
Train Epoch: 53 [6400/50000 (13%)]	Loss: 0.168238
Train Epoch: 53 [9600/50000 (19%)]	Loss: 0.319032
Train Epoch: 53 [12800/50000 (26%)]	Loss: 0.403939
Train Epoch: 53 [16000/50000 (32%)]	Loss: 0.250280
Train Epoch: 53 [19200/50000 (38%)]	Loss: 0.252384
Train Epoch: 53 [22400/50000 (45%)]	Loss: 0.217571
Train Epoch: 53 [25600/50000 (51%)]	Loss: 0.368195
Train Epoch: 53 [28800/50000 (58%)]	Loss: 0.341155
Train Epoch: 53 [32000/50000 (64%)]	Loss: 0.231424
Train Epoch: 53 [35200/50000 (70%)]	Loss: 0.162844
Train Epoch: 53 [38400/50000 (77%)]	Loss: 0.166882
Train Epoch: 53 [41600/50000 (83%)]	Loss: 0.311292
Train Epoch: 53 [44800/50000 (90%)]	Loss: 0.083914
Train Epoch: 53 [48000/50000 (96%)]	Loss: 0.240952

Test set: Average loss: 0.0004, Accuracy: 8627/10000 (86%)

Train Epoch: 54 [0/50000 (0%)]	Loss: 0.163759
Train Epoch: 54 [3200/50000 (6%)]	Loss: 0.185443
Train Epoch: 54 [6400/50000 (13%)]	Loss: 0.226731
Train Epoch: 54 [9600/50000 (19%)]	Loss: 0.258480
Train Epoch: 54 [12800/50000 (26%)]	Loss: 0.251169
Train Epoch: 54 [16000/50000 (32%)]	Loss: 0.240948
Train Epoch: 54 [19200/50000 (38%)]	Loss: 0.208559
Train Epoch: 54 [22400/50000 (45%)]	Loss: 0.275714
Train Epoch: 54 [25600/50000 (51%)]	Loss: 0.150122
Train Epoch: 54 [28800/50000 (58%)]	Loss: 0.307131
Train Epoch: 54 [32000/50000 (64%)]	Loss: 0.347413
Train Epoch: 54 [35200/50000 (70%)]	Loss: 0.381148
Train Epoch: 54 [38400/50000 (77%)]	Loss: 0.228239
Train Epoch: 54 [41600/50000 (83%)]	Loss: 0.511769
Train Epoch: 54 [44800/50000 (90%)]	Loss: 0.207294
Train Epoch: 54 [48000/50000 (96%)]	Loss: 0.240311

Test set: Average loss: 0.0004, Accuracy: 8647/10000 (86%)

Train Epoch: 55 [0/50000 (0%)]	Loss: 0.216553
Train Epoch: 55 [3200/50000 (6%)]	Loss: 0.292067
Train Epoch: 55 [6400/50000 (13%)]	Loss: 0.304030
Train Epoch: 55 [9600/50000 (19%)]	Loss: 0.306771
Train Epoch: 55 [12800/50000 (26%)]	Loss: 0.233123
Train Epoch: 55 [16000/50000 (32%)]	Loss: 0.452918
Train Epoch: 55 [19200/50000 (38%)]	Loss: 0.242449
Train Epoch: 55 [22400/50000 (45%)]	Loss: 0.343883
Train Epoch: 55 [25600/50000 (51%)]	Loss: 0.171898
Train Epoch: 55 [28800/50000 (58%)]	Loss: 0.408649
Train Epoch: 55 [32000/50000 (64%)]	Loss: 0.226584
Train Epoch: 55 [35200/50000 (70%)]	Loss: 0.197774
Train Epoch: 55 [38400/50000 (77%)]	Loss: 0.288602
Train Epoch: 55 [41600/50000 (83%)]	Loss: 0.219676
Train Epoch: 55 [44800/50000 (90%)]	Loss: 0.414570
Train Epoch: 55 [48000/50000 (96%)]	Loss: 0.291134

Test set: Average loss: 0.0004, Accuracy: 8635/10000 (86%)

Train Epoch: 56 [0/50000 (0%)]	Loss: 0.220125
Train Epoch: 56 [3200/50000 (6%)]	Loss: 0.247680
Train Epoch: 56 [6400/50000 (13%)]	Loss: 0.142384
Train Epoch: 56 [9600/50000 (19%)]	Loss: 0.260441
Train Epoch: 56 [12800/50000 (26%)]	Loss: 0.238963
Train Epoch: 56 [16000/50000 (32%)]	Loss: 0.495852
Train Epoch: 56 [19200/50000 (38%)]	Loss: 0.139368
Train Epoch: 56 [22400/50000 (45%)]	Loss: 0.302335
Train Epoch: 56 [25600/50000 (51%)]	Loss: 0.278810
Train Epoch: 56 [28800/50000 (58%)]	Loss: 0.134854
Train Epoch: 56 [32000/50000 (64%)]	Loss: 0.147040
Train Epoch: 56 [35200/50000 (70%)]	Loss: 0.454940
Train Epoch: 56 [38400/50000 (77%)]	Loss: 0.101768
Train Epoch: 56 [41600/50000 (83%)]	Loss: 0.227236
Train Epoch: 56 [44800/50000 (90%)]	Loss: 0.121596
Train Epoch: 56 [48000/50000 (96%)]	Loss: 0.267978

Test set: Average loss: 0.0004, Accuracy: 8668/10000 (87%)

Train Epoch: 57 [0/50000 (0%)]	Loss: 0.157728
Train Epoch: 57 [3200/50000 (6%)]	Loss: 0.226744
Train Epoch: 57 [6400/50000 (13%)]	Loss: 0.265914
Train Epoch: 57 [9600/50000 (19%)]	Loss: 0.140269
Train Epoch: 57 [12800/50000 (26%)]	Loss: 0.342601
Train Epoch: 57 [16000/50000 (32%)]	Loss: 0.221865
Train Epoch: 57 [19200/50000 (38%)]	Loss: 0.342746
Train Epoch: 57 [22400/50000 (45%)]	Loss: 0.196683
Train Epoch: 57 [25600/50000 (51%)]	Loss: 0.258921
Train Epoch: 57 [28800/50000 (58%)]	Loss: 0.264458
Train Epoch: 57 [32000/50000 (64%)]	Loss: 0.188890
Train Epoch: 57 [35200/50000 (70%)]	Loss: 0.308763
Train Epoch: 57 [38400/50000 (77%)]	Loss: 0.361536
Train Epoch: 57 [41600/50000 (83%)]	Loss: 0.369933
Train Epoch: 57 [44800/50000 (90%)]	Loss: 0.132343
Train Epoch: 57 [48000/50000 (96%)]	Loss: 0.361046

Test set: Average loss: 0.0004, Accuracy: 8687/10000 (87%)

Train Epoch: 58 [0/50000 (0%)]	Loss: 0.233738
Train Epoch: 58 [3200/50000 (6%)]	Loss: 0.290486
Train Epoch: 58 [6400/50000 (13%)]	Loss: 0.107958
Train Epoch: 58 [9600/50000 (19%)]	Loss: 0.075388
Train Epoch: 58 [12800/50000 (26%)]	Loss: 0.296519
Train Epoch: 58 [16000/50000 (32%)]	Loss: 0.230533
Train Epoch: 58 [19200/50000 (38%)]	Loss: 0.403389
Train Epoch: 58 [22400/50000 (45%)]	Loss: 0.351900
Train Epoch: 58 [25600/50000 (51%)]	Loss: 0.240585
Train Epoch: 58 [28800/50000 (58%)]	Loss: 0.173223
Train Epoch: 58 [32000/50000 (64%)]	Loss: 0.260960
Train Epoch: 58 [35200/50000 (70%)]	Loss: 0.223679
Train Epoch: 58 [38400/50000 (77%)]	Loss: 0.269703
Train Epoch: 58 [41600/50000 (83%)]	Loss: 0.219801
Train Epoch: 58 [44800/50000 (90%)]	Loss: 0.302329
Train Epoch: 58 [48000/50000 (96%)]	Loss: 0.188697

Test set: Average loss: 0.0004, Accuracy: 8635/10000 (86%)

Train Epoch: 59 [0/50000 (0%)]	Loss: 0.219827
Train Epoch: 59 [3200/50000 (6%)]	Loss: 0.330689
Train Epoch: 59 [6400/50000 (13%)]	Loss: 0.217425
Train Epoch: 59 [9600/50000 (19%)]	Loss: 0.427536
Train Epoch: 59 [12800/50000 (26%)]	Loss: 0.184840
Train Epoch: 59 [16000/50000 (32%)]	Loss: 0.213782
Train Epoch: 59 [19200/50000 (38%)]	Loss: 0.208356
Train Epoch: 59 [22400/50000 (45%)]	Loss: 0.161187
Train Epoch: 59 [25600/50000 (51%)]	Loss: 0.271308
Train Epoch: 59 [28800/50000 (58%)]	Loss: 0.186641
Train Epoch: 59 [32000/50000 (64%)]	Loss: 0.119973
Train Epoch: 59 [35200/50000 (70%)]	Loss: 0.143237
Train Epoch: 59 [38400/50000 (77%)]	Loss: 0.284312
Train Epoch: 59 [41600/50000 (83%)]	Loss: 0.211999
Train Epoch: 59 [44800/50000 (90%)]	Loss: 0.294850
Train Epoch: 59 [48000/50000 (96%)]	Loss: 0.312036

Test set: Average loss: 0.0004, Accuracy: 8665/10000 (87%)

Train Epoch: 60 [0/50000 (0%)]	Loss: 0.309309
Train Epoch: 60 [3200/50000 (6%)]	Loss: 0.198121
Train Epoch: 60 [6400/50000 (13%)]	Loss: 0.111602
Train Epoch: 60 [9600/50000 (19%)]	Loss: 0.357847
Train Epoch: 60 [12800/50000 (26%)]	Loss: 0.329758
Train Epoch: 60 [16000/50000 (32%)]	Loss: 0.310204
Train Epoch: 60 [19200/50000 (38%)]	Loss: 0.117002
Train Epoch: 60 [22400/50000 (45%)]	Loss: 0.430174
Train Epoch: 60 [25600/50000 (51%)]	Loss: 0.245931
Train Epoch: 60 [28800/50000 (58%)]	Loss: 0.121405
Train Epoch: 60 [32000/50000 (64%)]	Loss: 0.269750
Train Epoch: 60 [35200/50000 (70%)]	Loss: 0.432489
Train Epoch: 60 [38400/50000 (77%)]	Loss: 0.255893
Train Epoch: 60 [41600/50000 (83%)]	Loss: 0.373013
Train Epoch: 60 [44800/50000 (90%)]	Loss: 0.146164
Train Epoch: 60 [48000/50000 (96%)]	Loss: 0.225432

Test set: Average loss: 0.0004, Accuracy: 8702/10000 (87%)

Train Epoch: 61 [0/50000 (0%)]	Loss: 0.217489
Train Epoch: 61 [3200/50000 (6%)]	Loss: 0.157279
Train Epoch: 61 [6400/50000 (13%)]	Loss: 0.172518
Train Epoch: 61 [9600/50000 (19%)]	Loss: 0.243175
Train Epoch: 61 [12800/50000 (26%)]	Loss: 0.382647
Train Epoch: 61 [16000/50000 (32%)]	Loss: 0.515471
Train Epoch: 61 [19200/50000 (38%)]	Loss: 0.136485
Train Epoch: 61 [22400/50000 (45%)]	Loss: 0.215071
Train Epoch: 61 [25600/50000 (51%)]	Loss: 0.148181
Train Epoch: 61 [28800/50000 (58%)]	Loss: 0.353354
Train Epoch: 61 [32000/50000 (64%)]	Loss: 0.230016
Train Epoch: 61 [35200/50000 (70%)]	Loss: 0.168344
Train Epoch: 61 [38400/50000 (77%)]	Loss: 0.122007
Train Epoch: 61 [41600/50000 (83%)]	Loss: 0.155657
Train Epoch: 61 [44800/50000 (90%)]	Loss: 0.192830
Train Epoch: 61 [48000/50000 (96%)]	Loss: 0.276868

Test set: Average loss: 0.0004, Accuracy: 8679/10000 (87%)

Train Epoch: 62 [0/50000 (0%)]	Loss: 0.195131
Train Epoch: 62 [3200/50000 (6%)]	Loss: 0.313241
Train Epoch: 62 [6400/50000 (13%)]	Loss: 0.205042
Train Epoch: 62 [9600/50000 (19%)]	Loss: 0.142414
Train Epoch: 62 [12800/50000 (26%)]	Loss: 0.199361
Train Epoch: 62 [16000/50000 (32%)]	Loss: 0.258566
Train Epoch: 62 [19200/50000 (38%)]	Loss: 0.160694
Train Epoch: 62 [22400/50000 (45%)]	Loss: 0.226537
Train Epoch: 62 [25600/50000 (51%)]	Loss: 0.331030
Train Epoch: 62 [28800/50000 (58%)]	Loss: 0.193518
Train Epoch: 62 [32000/50000 (64%)]	Loss: 0.360844
Train Epoch: 62 [35200/50000 (70%)]	Loss: 0.243734
Train Epoch: 62 [38400/50000 (77%)]	Loss: 0.144419
Train Epoch: 62 [41600/50000 (83%)]	Loss: 0.265669
Train Epoch: 62 [44800/50000 (90%)]	Loss: 0.218387
Train Epoch: 62 [48000/50000 (96%)]	Loss: 0.398501

Test set: Average loss: 0.0004, Accuracy: 8616/10000 (86%)

Train Epoch: 63 [0/50000 (0%)]	Loss: 0.176415
Train Epoch: 63 [3200/50000 (6%)]	Loss: 0.059586
Train Epoch: 63 [6400/50000 (13%)]	Loss: 0.212798
Train Epoch: 63 [9600/50000 (19%)]	Loss: 0.304280
Train Epoch: 63 [12800/50000 (26%)]	Loss: 0.219713
Train Epoch: 63 [16000/50000 (32%)]	Loss: 0.258156
Train Epoch: 63 [19200/50000 (38%)]	Loss: 0.216087
Train Epoch: 63 [22400/50000 (45%)]	Loss: 0.236069
Train Epoch: 63 [25600/50000 (51%)]	Loss: 0.328494
Train Epoch: 63 [28800/50000 (58%)]	Loss: 0.144727
Train Epoch: 63 [32000/50000 (64%)]	Loss: 0.342842
Train Epoch: 63 [35200/50000 (70%)]	Loss: 0.244068
Train Epoch: 63 [38400/50000 (77%)]	Loss: 0.263772
Train Epoch: 63 [41600/50000 (83%)]	Loss: 0.227797
Train Epoch: 63 [44800/50000 (90%)]	Loss: 0.303136
Train Epoch: 63 [48000/50000 (96%)]	Loss: 0.143170

Test set: Average loss: 0.0004, Accuracy: 8663/10000 (87%)

Train Epoch: 64 [0/50000 (0%)]	Loss: 0.205286
Train Epoch: 64 [3200/50000 (6%)]	Loss: 0.267133
Train Epoch: 64 [6400/50000 (13%)]	Loss: 0.141330
Train Epoch: 64 [9600/50000 (19%)]	Loss: 0.412681
Train Epoch: 64 [12800/50000 (26%)]	Loss: 0.169358
Train Epoch: 64 [16000/50000 (32%)]	Loss: 0.162489
Train Epoch: 64 [19200/50000 (38%)]	Loss: 0.163504
Train Epoch: 64 [22400/50000 (45%)]	Loss: 0.341089
Train Epoch: 64 [25600/50000 (51%)]	Loss: 0.312035
Train Epoch: 64 [28800/50000 (58%)]	Loss: 0.165072
Train Epoch: 64 [32000/50000 (64%)]	Loss: 0.346730
Train Epoch: 64 [35200/50000 (70%)]	Loss: 0.355959
Train Epoch: 64 [38400/50000 (77%)]	Loss: 0.438370
Train Epoch: 64 [41600/50000 (83%)]	Loss: 0.235466
Train Epoch: 64 [44800/50000 (90%)]	Loss: 0.343006
Train Epoch: 64 [48000/50000 (96%)]	Loss: 0.114260

Test set: Average loss: 0.0004, Accuracy: 8694/10000 (87%)

Train Epoch: 65 [0/50000 (0%)]	Loss: 0.189606
Train Epoch: 65 [3200/50000 (6%)]	Loss: 0.293243
Train Epoch: 65 [6400/50000 (13%)]	Loss: 0.088097
Train Epoch: 65 [9600/50000 (19%)]	Loss: 0.299345
Train Epoch: 65 [12800/50000 (26%)]	Loss: 0.183133
Train Epoch: 65 [16000/50000 (32%)]	Loss: 0.186005
Train Epoch: 65 [19200/50000 (38%)]	Loss: 0.286368
Train Epoch: 65 [22400/50000 (45%)]	Loss: 0.096331
Train Epoch: 65 [25600/50000 (51%)]	Loss: 0.326912
Train Epoch: 65 [28800/50000 (58%)]	Loss: 0.243970
Train Epoch: 65 [32000/50000 (64%)]	Loss: 0.132302
Train Epoch: 65 [35200/50000 (70%)]	Loss: 0.194242
Train Epoch: 65 [38400/50000 (77%)]	Loss: 0.239111
Train Epoch: 65 [41600/50000 (83%)]	Loss: 0.144619
Train Epoch: 65 [44800/50000 (90%)]	Loss: 0.267870
Train Epoch: 65 [48000/50000 (96%)]	Loss: 0.249651

Test set: Average loss: 0.0004, Accuracy: 8710/10000 (87%)

Train Epoch: 66 [0/50000 (0%)]	Loss: 0.134151
Train Epoch: 66 [3200/50000 (6%)]	Loss: 0.291570
Train Epoch: 66 [6400/50000 (13%)]	Loss: 0.143736
Train Epoch: 66 [9600/50000 (19%)]	Loss: 0.222754
Train Epoch: 66 [12800/50000 (26%)]	Loss: 0.128325
Train Epoch: 66 [16000/50000 (32%)]	Loss: 0.208017
Train Epoch: 66 [19200/50000 (38%)]	Loss: 0.203908
Train Epoch: 66 [22400/50000 (45%)]	Loss: 0.302652
Train Epoch: 66 [25600/50000 (51%)]	Loss: 0.295076
Train Epoch: 66 [28800/50000 (58%)]	Loss: 0.244027
Train Epoch: 66 [32000/50000 (64%)]	Loss: 0.223774
Train Epoch: 66 [35200/50000 (70%)]	Loss: 0.441295
Train Epoch: 66 [38400/50000 (77%)]	Loss: 0.335921
Train Epoch: 66 [41600/50000 (83%)]	Loss: 0.135516
Train Epoch: 66 [44800/50000 (90%)]	Loss: 0.187860
Train Epoch: 66 [48000/50000 (96%)]	Loss: 0.373641

Test set: Average loss: 0.0004, Accuracy: 8711/10000 (87%)

Train Epoch: 67 [0/50000 (0%)]	Loss: 0.235459
Train Epoch: 67 [3200/50000 (6%)]	Loss: 0.119461
Train Epoch: 67 [6400/50000 (13%)]	Loss: 0.327081
Train Epoch: 67 [9600/50000 (19%)]	Loss: 0.163069
Train Epoch: 67 [12800/50000 (26%)]	Loss: 0.393968
Train Epoch: 67 [16000/50000 (32%)]	Loss: 0.322685
Train Epoch: 67 [19200/50000 (38%)]	Loss: 0.209211
Train Epoch: 67 [22400/50000 (45%)]	Loss: 0.198155
Train Epoch: 67 [25600/50000 (51%)]	Loss: 0.317796
Train Epoch: 67 [28800/50000 (58%)]	Loss: 0.302355
Train Epoch: 67 [32000/50000 (64%)]	Loss: 0.247705
Train Epoch: 67 [35200/50000 (70%)]	Loss: 0.117015
Train Epoch: 67 [38400/50000 (77%)]	Loss: 0.188378
Train Epoch: 67 [41600/50000 (83%)]	Loss: 0.225533
Train Epoch: 67 [44800/50000 (90%)]	Loss: 0.276611
Train Epoch: 67 [48000/50000 (96%)]	Loss: 0.203284

Test set: Average loss: 0.0004, Accuracy: 8593/10000 (86%)

Train Epoch: 68 [0/50000 (0%)]	Loss: 0.224858
Train Epoch: 68 [3200/50000 (6%)]	Loss: 0.099694
Train Epoch: 68 [6400/50000 (13%)]	Loss: 0.089468
Train Epoch: 68 [9600/50000 (19%)]	Loss: 0.156009
Train Epoch: 68 [12800/50000 (26%)]	Loss: 0.282769
Train Epoch: 68 [16000/50000 (32%)]	Loss: 0.277456
Train Epoch: 68 [19200/50000 (38%)]	Loss: 0.168953
Train Epoch: 68 [22400/50000 (45%)]	Loss: 0.244778
Train Epoch: 68 [25600/50000 (51%)]	Loss: 0.208145
Train Epoch: 68 [28800/50000 (58%)]	Loss: 0.173149
Train Epoch: 68 [32000/50000 (64%)]	Loss: 0.158192
Train Epoch: 68 [35200/50000 (70%)]	Loss: 0.360179
Train Epoch: 68 [38400/50000 (77%)]	Loss: 0.247262
Train Epoch: 68 [41600/50000 (83%)]	Loss: 0.331056
Train Epoch: 68 [44800/50000 (90%)]	Loss: 0.225661
Train Epoch: 68 [48000/50000 (96%)]	Loss: 0.232645

Test set: Average loss: 0.0004, Accuracy: 8692/10000 (87%)

Train Epoch: 69 [0/50000 (0%)]	Loss: 0.194377
Train Epoch: 69 [3200/50000 (6%)]	Loss: 0.120259
Train Epoch: 69 [6400/50000 (13%)]	Loss: 0.297954
Train Epoch: 69 [9600/50000 (19%)]	Loss: 0.222168
Train Epoch: 69 [12800/50000 (26%)]	Loss: 0.245605
Train Epoch: 69 [16000/50000 (32%)]	Loss: 0.122781
Train Epoch: 69 [19200/50000 (38%)]	Loss: 0.238951
Train Epoch: 69 [22400/50000 (45%)]	Loss: 0.220618
Train Epoch: 69 [25600/50000 (51%)]	Loss: 0.070289
Train Epoch: 69 [28800/50000 (58%)]	Loss: 0.114258
Train Epoch: 69 [32000/50000 (64%)]	Loss: 0.170813
Train Epoch: 69 [35200/50000 (70%)]	Loss: 0.243642
Train Epoch: 69 [38400/50000 (77%)]	Loss: 0.256863
Train Epoch: 69 [41600/50000 (83%)]	Loss: 0.233314
Train Epoch: 69 [44800/50000 (90%)]	Loss: 0.280307
Train Epoch: 69 [48000/50000 (96%)]	Loss: 0.257166

Test set: Average loss: 0.0004, Accuracy: 8710/10000 (87%)

Train Epoch: 70 [0/50000 (0%)]	Loss: 0.284470
Train Epoch: 70 [3200/50000 (6%)]	Loss: 0.303446
Train Epoch: 70 [6400/50000 (13%)]	Loss: 0.239900
Train Epoch: 70 [9600/50000 (19%)]	Loss: 0.105246
Train Epoch: 70 [12800/50000 (26%)]	Loss: 0.185714
Train Epoch: 70 [16000/50000 (32%)]	Loss: 0.190900
Train Epoch: 70 [19200/50000 (38%)]	Loss: 0.169152
Train Epoch: 70 [22400/50000 (45%)]	Loss: 0.393554
Train Epoch: 70 [25600/50000 (51%)]	Loss: 0.052664
Train Epoch: 70 [28800/50000 (58%)]	Loss: 0.234832
Train Epoch: 70 [32000/50000 (64%)]	Loss: 0.169556
Train Epoch: 70 [35200/50000 (70%)]	Loss: 0.209637
Train Epoch: 70 [38400/50000 (77%)]	Loss: 0.298710
Train Epoch: 70 [41600/50000 (83%)]	Loss: 0.223814
Train Epoch: 70 [44800/50000 (90%)]	Loss: 0.146874
Train Epoch: 70 [48000/50000 (96%)]	Loss: 0.233230

Test set: Average loss: 0.0004, Accuracy: 8703/10000 (87%)

Train Epoch: 71 [0/50000 (0%)]	Loss: 0.200187
Train Epoch: 71 [3200/50000 (6%)]	Loss: 0.160938
Train Epoch: 71 [6400/50000 (13%)]	Loss: 0.228874
Train Epoch: 71 [9600/50000 (19%)]	Loss: 0.192483
Train Epoch: 71 [12800/50000 (26%)]	Loss: 0.141634
Train Epoch: 71 [16000/50000 (32%)]	Loss: 0.161123
Train Epoch: 71 [19200/50000 (38%)]	Loss: 0.262314
Train Epoch: 71 [22400/50000 (45%)]	Loss: 0.212452
Train Epoch: 71 [25600/50000 (51%)]	Loss: 0.353200
Train Epoch: 71 [28800/50000 (58%)]	Loss: 0.158464
Train Epoch: 71 [32000/50000 (64%)]	Loss: 0.242753
Train Epoch: 71 [35200/50000 (70%)]	Loss: 0.128132
Train Epoch: 71 [38400/50000 (77%)]	Loss: 0.181950
Train Epoch: 71 [41600/50000 (83%)]	Loss: 0.265537
Train Epoch: 71 [44800/50000 (90%)]	Loss: 0.251175
Train Epoch: 71 [48000/50000 (96%)]	Loss: 0.270949

Test set: Average loss: 0.0004, Accuracy: 8666/10000 (87%)

Train Epoch: 72 [0/50000 (0%)]	Loss: 0.244320
Train Epoch: 72 [3200/50000 (6%)]	Loss: 0.181734
Train Epoch: 72 [6400/50000 (13%)]	Loss: 0.142496
Train Epoch: 72 [9600/50000 (19%)]	Loss: 0.055758
Train Epoch: 72 [12800/50000 (26%)]	Loss: 0.375062
Train Epoch: 72 [16000/50000 (32%)]	Loss: 0.376334
Train Epoch: 72 [19200/50000 (38%)]	Loss: 0.174065
Train Epoch: 72 [22400/50000 (45%)]	Loss: 0.123001
Train Epoch: 72 [25600/50000 (51%)]	Loss: 0.256828
Train Epoch: 72 [28800/50000 (58%)]	Loss: 0.111138
Train Epoch: 72 [32000/50000 (64%)]	Loss: 0.199077
Train Epoch: 72 [35200/50000 (70%)]	Loss: 0.198613
Train Epoch: 72 [38400/50000 (77%)]	Loss: 0.148409
Train Epoch: 72 [41600/50000 (83%)]	Loss: 0.120329
Train Epoch: 72 [44800/50000 (90%)]	Loss: 0.099096
Train Epoch: 72 [48000/50000 (96%)]	Loss: 0.071352

Test set: Average loss: 0.0004, Accuracy: 8720/10000 (87%)

Train Epoch: 73 [0/50000 (0%)]	Loss: 0.244907
Train Epoch: 73 [3200/50000 (6%)]	Loss: 0.138717
Train Epoch: 73 [6400/50000 (13%)]	Loss: 0.143082
Train Epoch: 73 [9600/50000 (19%)]	Loss: 0.232564
Train Epoch: 73 [12800/50000 (26%)]	Loss: 0.200113
Train Epoch: 73 [16000/50000 (32%)]	Loss: 0.245824
Train Epoch: 73 [19200/50000 (38%)]	Loss: 0.168554
Train Epoch: 73 [22400/50000 (45%)]	Loss: 0.225491
Train Epoch: 73 [25600/50000 (51%)]	Loss: 0.114638
Train Epoch: 73 [28800/50000 (58%)]	Loss: 0.168872
Train Epoch: 73 [32000/50000 (64%)]	Loss: 0.184793
Train Epoch: 73 [35200/50000 (70%)]	Loss: 0.340689
Train Epoch: 73 [38400/50000 (77%)]	Loss: 0.173949
Train Epoch: 73 [41600/50000 (83%)]	Loss: 0.100439
Train Epoch: 73 [44800/50000 (90%)]	Loss: 0.334327
Train Epoch: 73 [48000/50000 (96%)]	Loss: 0.178437

Test set: Average loss: 0.0004, Accuracy: 8758/10000 (88%)

Train Epoch: 74 [0/50000 (0%)]	Loss: 0.187474
Train Epoch: 74 [3200/50000 (6%)]	Loss: 0.219396
Train Epoch: 74 [6400/50000 (13%)]	Loss: 0.207777
Train Epoch: 74 [9600/50000 (19%)]	Loss: 0.126699
Train Epoch: 74 [12800/50000 (26%)]	Loss: 0.187998
Train Epoch: 74 [16000/50000 (32%)]	Loss: 0.471545
Train Epoch: 74 [19200/50000 (38%)]	Loss: 0.179448
Train Epoch: 74 [22400/50000 (45%)]	Loss: 0.166143
Train Epoch: 74 [25600/50000 (51%)]	Loss: 0.297511
Train Epoch: 74 [28800/50000 (58%)]	Loss: 0.282245
Train Epoch: 74 [32000/50000 (64%)]	Loss: 0.118183
Train Epoch: 74 [35200/50000 (70%)]	Loss: 0.106894
Train Epoch: 74 [38400/50000 (77%)]	Loss: 0.152419
Train Epoch: 74 [41600/50000 (83%)]	Loss: 0.217678
Train Epoch: 74 [44800/50000 (90%)]	Loss: 0.143803
Train Epoch: 74 [48000/50000 (96%)]	Loss: 0.247051

Test set: Average loss: 0.0004, Accuracy: 8721/10000 (87%)

Train Epoch: 75 [0/50000 (0%)]	Loss: 0.278316
Train Epoch: 75 [3200/50000 (6%)]	Loss: 0.208360
Train Epoch: 75 [6400/50000 (13%)]	Loss: 0.238677
Train Epoch: 75 [9600/50000 (19%)]	Loss: 0.263972
Train Epoch: 75 [12800/50000 (26%)]	Loss: 0.156786
Train Epoch: 75 [16000/50000 (32%)]	Loss: 0.107379
Train Epoch: 75 [19200/50000 (38%)]	Loss: 0.098934
Train Epoch: 75 [22400/50000 (45%)]	Loss: 0.117986
Train Epoch: 75 [25600/50000 (51%)]	Loss: 0.155771
Train Epoch: 75 [28800/50000 (58%)]	Loss: 0.161252
Train Epoch: 75 [32000/50000 (64%)]	Loss: 0.214307
Train Epoch: 75 [35200/50000 (70%)]	Loss: 0.125584
Train Epoch: 75 [38400/50000 (77%)]	Loss: 0.241253
Train Epoch: 75 [41600/50000 (83%)]	Loss: 0.251206
Train Epoch: 75 [44800/50000 (90%)]	Loss: 0.153552
Train Epoch: 75 [48000/50000 (96%)]	Loss: 0.160140

Test set: Average loss: 0.0004, Accuracy: 8744/10000 (87%)

Train Epoch: 76 [0/50000 (0%)]	Loss: 0.190020
Train Epoch: 76 [3200/50000 (6%)]	Loss: 0.375578
Train Epoch: 76 [6400/50000 (13%)]	Loss: 0.101513
Train Epoch: 76 [9600/50000 (19%)]	Loss: 0.146822
Train Epoch: 76 [12800/50000 (26%)]	Loss: 0.260861
Train Epoch: 76 [16000/50000 (32%)]	Loss: 0.156568
Train Epoch: 76 [19200/50000 (38%)]	Loss: 0.203141
Train Epoch: 76 [22400/50000 (45%)]	Loss: 0.213507
Train Epoch: 76 [25600/50000 (51%)]	Loss: 0.415986
Train Epoch: 76 [28800/50000 (58%)]	Loss: 0.203727
Train Epoch: 76 [32000/50000 (64%)]	Loss: 0.220067
Train Epoch: 76 [35200/50000 (70%)]	Loss: 0.198006
Train Epoch: 76 [38400/50000 (77%)]	Loss: 0.113731
Train Epoch: 76 [41600/50000 (83%)]	Loss: 0.241340
Train Epoch: 76 [44800/50000 (90%)]	Loss: 0.159791
Train Epoch: 76 [48000/50000 (96%)]	Loss: 0.273411

Test set: Average loss: 0.0004, Accuracy: 8734/10000 (87%)

Train Epoch: 77 [0/50000 (0%)]	Loss: 0.231526
Train Epoch: 77 [3200/50000 (6%)]	Loss: 0.195693
Train Epoch: 77 [6400/50000 (13%)]	Loss: 0.132319
Train Epoch: 77 [9600/50000 (19%)]	Loss: 0.313824
Train Epoch: 77 [12800/50000 (26%)]	Loss: 0.253840
Train Epoch: 77 [16000/50000 (32%)]	Loss: 0.236007
Train Epoch: 77 [19200/50000 (38%)]	Loss: 0.277574
Train Epoch: 77 [22400/50000 (45%)]	Loss: 0.192301
Train Epoch: 77 [25600/50000 (51%)]	Loss: 0.304356
Train Epoch: 77 [28800/50000 (58%)]	Loss: 0.254973
Train Epoch: 77 [32000/50000 (64%)]	Loss: 0.099753
Train Epoch: 77 [35200/50000 (70%)]	Loss: 0.175425
Train Epoch: 77 [38400/50000 (77%)]	Loss: 0.441310
Train Epoch: 77 [41600/50000 (83%)]	Loss: 0.270002
Train Epoch: 77 [44800/50000 (90%)]	Loss: 0.127664
Train Epoch: 77 [48000/50000 (96%)]	Loss: 0.100834

Test set: Average loss: 0.0004, Accuracy: 8747/10000 (87%)

Train Epoch: 78 [0/50000 (0%)]	Loss: 0.158785
Train Epoch: 78 [3200/50000 (6%)]	Loss: 0.162668
Train Epoch: 78 [6400/50000 (13%)]	Loss: 0.069332
Train Epoch: 78 [9600/50000 (19%)]	Loss: 0.113209
Train Epoch: 78 [12800/50000 (26%)]	Loss: 0.249799
Train Epoch: 78 [16000/50000 (32%)]	Loss: 0.171559
Train Epoch: 78 [19200/50000 (38%)]	Loss: 0.256963
Train Epoch: 78 [22400/50000 (45%)]	Loss: 0.157959
Train Epoch: 78 [25600/50000 (51%)]	Loss: 0.224791
Train Epoch: 78 [28800/50000 (58%)]	Loss: 0.180299
Train Epoch: 78 [32000/50000 (64%)]	Loss: 0.199375
Train Epoch: 78 [35200/50000 (70%)]	Loss: 0.237761
Train Epoch: 78 [38400/50000 (77%)]	Loss: 0.085096
Train Epoch: 78 [41600/50000 (83%)]	Loss: 0.290807
Train Epoch: 78 [44800/50000 (90%)]	Loss: 0.215172
Train Epoch: 78 [48000/50000 (96%)]	Loss: 0.120185

Test set: Average loss: 0.0004, Accuracy: 8745/10000 (87%)

Train Epoch: 79 [0/50000 (0%)]	Loss: 0.085194
Train Epoch: 79 [3200/50000 (6%)]	Loss: 0.191347
Train Epoch: 79 [6400/50000 (13%)]	Loss: 0.130075
Train Epoch: 79 [9600/50000 (19%)]	Loss: 0.107711
Train Epoch: 79 [12800/50000 (26%)]	Loss: 0.278896
Train Epoch: 79 [16000/50000 (32%)]	Loss: 0.103672
Train Epoch: 79 [19200/50000 (38%)]	Loss: 0.184575
Train Epoch: 79 [22400/50000 (45%)]	Loss: 0.122353
Train Epoch: 79 [25600/50000 (51%)]	Loss: 0.139490
Train Epoch: 79 [28800/50000 (58%)]	Loss: 0.107861
Train Epoch: 79 [32000/50000 (64%)]	Loss: 0.159384
Train Epoch: 79 [35200/50000 (70%)]	Loss: 0.217557
Train Epoch: 79 [38400/50000 (77%)]	Loss: 0.126935
Train Epoch: 79 [41600/50000 (83%)]	Loss: 0.193754
Train Epoch: 79 [44800/50000 (90%)]	Loss: 0.146378
Train Epoch: 79 [48000/50000 (96%)]	Loss: 0.182894

Test set: Average loss: 0.0004, Accuracy: 8698/10000 (87%)

Train Epoch: 80 [0/50000 (0%)]	Loss: 0.230749
Train Epoch: 80 [3200/50000 (6%)]	Loss: 0.365824
Train Epoch: 80 [6400/50000 (13%)]	Loss: 0.275131
Train Epoch: 80 [9600/50000 (19%)]	Loss: 0.088172
Train Epoch: 80 [12800/50000 (26%)]	Loss: 0.100455
Train Epoch: 80 [16000/50000 (32%)]	Loss: 0.247190
Train Epoch: 80 [19200/50000 (38%)]	Loss: 0.169877
Train Epoch: 80 [22400/50000 (45%)]	Loss: 0.118727
Train Epoch: 80 [25600/50000 (51%)]	Loss: 0.225229
Train Epoch: 80 [28800/50000 (58%)]	Loss: 0.192356
Train Epoch: 80 [32000/50000 (64%)]	Loss: 0.092272
Train Epoch: 80 [35200/50000 (70%)]	Loss: 0.108152
Train Epoch: 80 [38400/50000 (77%)]	Loss: 0.334482
Train Epoch: 80 [41600/50000 (83%)]	Loss: 0.197011
Train Epoch: 80 [44800/50000 (90%)]	Loss: 0.438107
Train Epoch: 80 [48000/50000 (96%)]	Loss: 0.238184

Test set: Average loss: 0.0004, Accuracy: 8752/10000 (88%)

Train Epoch: 81 [0/50000 (0%)]	Loss: 0.208658
Train Epoch: 81 [3200/50000 (6%)]	Loss: 0.089713
Train Epoch: 81 [6400/50000 (13%)]	Loss: 0.103342
Train Epoch: 81 [9600/50000 (19%)]	Loss: 0.158956
Train Epoch: 81 [12800/50000 (26%)]	Loss: 0.156769
Train Epoch: 81 [16000/50000 (32%)]	Loss: 0.106472
Train Epoch: 81 [19200/50000 (38%)]	Loss: 0.149554
Train Epoch: 81 [22400/50000 (45%)]	Loss: 0.121702
Train Epoch: 81 [25600/50000 (51%)]	Loss: 0.138577
Train Epoch: 81 [28800/50000 (58%)]	Loss: 0.124231
Train Epoch: 81 [32000/50000 (64%)]	Loss: 0.065519
Train Epoch: 81 [35200/50000 (70%)]	Loss: 0.058243
Train Epoch: 81 [38400/50000 (77%)]	Loss: 0.061107
Train Epoch: 81 [41600/50000 (83%)]	Loss: 0.191898
Train Epoch: 81 [44800/50000 (90%)]	Loss: 0.087248
Train Epoch: 81 [48000/50000 (96%)]	Loss: 0.096193

Test set: Average loss: 0.0004, Accuracy: 8834/10000 (88%)

Train Epoch: 82 [0/50000 (0%)]	Loss: 0.066412
Train Epoch: 82 [3200/50000 (6%)]	Loss: 0.095703
Train Epoch: 82 [6400/50000 (13%)]	Loss: 0.076856
Train Epoch: 82 [9600/50000 (19%)]	Loss: 0.133082
Train Epoch: 82 [12800/50000 (26%)]	Loss: 0.143229
Train Epoch: 82 [16000/50000 (32%)]	Loss: 0.118426
Train Epoch: 82 [19200/50000 (38%)]	Loss: 0.110672
Train Epoch: 82 [22400/50000 (45%)]	Loss: 0.180216
Train Epoch: 82 [25600/50000 (51%)]	Loss: 0.182124
Train Epoch: 82 [28800/50000 (58%)]	Loss: 0.110274
Train Epoch: 82 [32000/50000 (64%)]	Loss: 0.236503
Train Epoch: 82 [35200/50000 (70%)]	Loss: 0.071154
Train Epoch: 82 [38400/50000 (77%)]	Loss: 0.089608
Train Epoch: 82 [41600/50000 (83%)]	Loss: 0.122255
Train Epoch: 82 [44800/50000 (90%)]	Loss: 0.242392
Train Epoch: 82 [48000/50000 (96%)]	Loss: 0.252860

Test set: Average loss: 0.0004, Accuracy: 8852/10000 (89%)

Train Epoch: 83 [0/50000 (0%)]	Loss: 0.065689
Train Epoch: 83 [3200/50000 (6%)]	Loss: 0.201375
Train Epoch: 83 [6400/50000 (13%)]	Loss: 0.195112
Train Epoch: 83 [9600/50000 (19%)]	Loss: 0.158878
Train Epoch: 83 [12800/50000 (26%)]	Loss: 0.038372
Train Epoch: 83 [16000/50000 (32%)]	Loss: 0.051831
Train Epoch: 83 [19200/50000 (38%)]	Loss: 0.094354
Train Epoch: 83 [22400/50000 (45%)]	Loss: 0.128844
Train Epoch: 83 [25600/50000 (51%)]	Loss: 0.076297
Train Epoch: 83 [28800/50000 (58%)]	Loss: 0.071191
Train Epoch: 83 [32000/50000 (64%)]	Loss: 0.098146
Train Epoch: 83 [35200/50000 (70%)]	Loss: 0.110961
Train Epoch: 83 [38400/50000 (77%)]	Loss: 0.120218
Train Epoch: 83 [41600/50000 (83%)]	Loss: 0.235014
Train Epoch: 83 [44800/50000 (90%)]	Loss: 0.052458
Train Epoch: 83 [48000/50000 (96%)]	Loss: 0.078899

Test set: Average loss: 0.0004, Accuracy: 8868/10000 (89%)

Train Epoch: 84 [0/50000 (0%)]	Loss: 0.073003
Train Epoch: 84 [3200/50000 (6%)]	Loss: 0.157264
Train Epoch: 84 [6400/50000 (13%)]	Loss: 0.070166
Train Epoch: 84 [9600/50000 (19%)]	Loss: 0.042802
Train Epoch: 84 [12800/50000 (26%)]	Loss: 0.138951
Train Epoch: 84 [16000/50000 (32%)]	Loss: 0.111855
Train Epoch: 84 [19200/50000 (38%)]	Loss: 0.027175
Train Epoch: 84 [22400/50000 (45%)]	Loss: 0.108272
Train Epoch: 84 [25600/50000 (51%)]	Loss: 0.086571
Train Epoch: 84 [28800/50000 (58%)]	Loss: 0.065736
Train Epoch: 84 [32000/50000 (64%)]	Loss: 0.147888
Train Epoch: 84 [35200/50000 (70%)]	Loss: 0.077160
Train Epoch: 84 [38400/50000 (77%)]	Loss: 0.088545
Train Epoch: 84 [41600/50000 (83%)]	Loss: 0.158844
Train Epoch: 84 [44800/50000 (90%)]	Loss: 0.185564
Train Epoch: 84 [48000/50000 (96%)]	Loss: 0.132837

Test set: Average loss: 0.0004, Accuracy: 8874/10000 (89%)

Train Epoch: 85 [0/50000 (0%)]	Loss: 0.088280
Train Epoch: 85 [3200/50000 (6%)]	Loss: 0.082452
Train Epoch: 85 [6400/50000 (13%)]	Loss: 0.097831
Train Epoch: 85 [9600/50000 (19%)]	Loss: 0.024872
Train Epoch: 85 [12800/50000 (26%)]	Loss: 0.198233
Train Epoch: 85 [16000/50000 (32%)]	Loss: 0.168318
Train Epoch: 85 [19200/50000 (38%)]	Loss: 0.172386
Train Epoch: 85 [22400/50000 (45%)]	Loss: 0.087667
Train Epoch: 85 [25600/50000 (51%)]	Loss: 0.127495
Train Epoch: 85 [28800/50000 (58%)]	Loss: 0.090157
Train Epoch: 85 [32000/50000 (64%)]	Loss: 0.085580
Train Epoch: 85 [35200/50000 (70%)]	Loss: 0.200996
Train Epoch: 85 [38400/50000 (77%)]	Loss: 0.033959
Train Epoch: 85 [41600/50000 (83%)]	Loss: 0.095666
Train Epoch: 85 [44800/50000 (90%)]	Loss: 0.140802
Train Epoch: 85 [48000/50000 (96%)]	Loss: 0.099253

Test set: Average loss: 0.0004, Accuracy: 8874/10000 (89%)

Train Epoch: 86 [0/50000 (0%)]	Loss: 0.051616
Train Epoch: 86 [3200/50000 (6%)]	Loss: 0.121639
Train Epoch: 86 [6400/50000 (13%)]	Loss: 0.075069
Train Epoch: 86 [9600/50000 (19%)]	Loss: 0.092138
Train Epoch: 86 [12800/50000 (26%)]	Loss: 0.077824
Train Epoch: 86 [16000/50000 (32%)]	Loss: 0.099915
Train Epoch: 86 [19200/50000 (38%)]	Loss: 0.117027
Train Epoch: 86 [22400/50000 (45%)]	Loss: 0.087861
Train Epoch: 86 [25600/50000 (51%)]	Loss: 0.097301
Train Epoch: 86 [28800/50000 (58%)]	Loss: 0.058478
Train Epoch: 86 [32000/50000 (64%)]	Loss: 0.169073
Train Epoch: 86 [35200/50000 (70%)]	Loss: 0.142394
Train Epoch: 86 [38400/50000 (77%)]	Loss: 0.137582
Train Epoch: 86 [41600/50000 (83%)]	Loss: 0.129256
Train Epoch: 86 [44800/50000 (90%)]	Loss: 0.060824
Train Epoch: 86 [48000/50000 (96%)]	Loss: 0.025367

Test set: Average loss: 0.0004, Accuracy: 8890/10000 (89%)

Train Epoch: 87 [0/50000 (0%)]	Loss: 0.063251
Train Epoch: 87 [3200/50000 (6%)]	Loss: 0.076403
Train Epoch: 87 [6400/50000 (13%)]	Loss: 0.107648
Train Epoch: 87 [9600/50000 (19%)]	Loss: 0.159199
Train Epoch: 87 [12800/50000 (26%)]	Loss: 0.248031
Train Epoch: 87 [16000/50000 (32%)]	Loss: 0.057645
Train Epoch: 87 [19200/50000 (38%)]	Loss: 0.054990
Train Epoch: 87 [22400/50000 (45%)]	Loss: 0.173408
Train Epoch: 87 [25600/50000 (51%)]	Loss: 0.032281
Train Epoch: 87 [28800/50000 (58%)]	Loss: 0.046673
Train Epoch: 87 [32000/50000 (64%)]	Loss: 0.098610
Train Epoch: 87 [35200/50000 (70%)]	Loss: 0.152830
Train Epoch: 87 [38400/50000 (77%)]	Loss: 0.060718
Train Epoch: 87 [41600/50000 (83%)]	Loss: 0.169763
Train Epoch: 87 [44800/50000 (90%)]	Loss: 0.164715
Train Epoch: 87 [48000/50000 (96%)]	Loss: 0.056880

Test set: Average loss: 0.0004, Accuracy: 8883/10000 (89%)

Train Epoch: 88 [0/50000 (0%)]	Loss: 0.109032
Train Epoch: 88 [3200/50000 (6%)]	Loss: 0.044572
Train Epoch: 88 [6400/50000 (13%)]	Loss: 0.112337
Train Epoch: 88 [9600/50000 (19%)]	Loss: 0.047262
Train Epoch: 88 [12800/50000 (26%)]	Loss: 0.055354
Train Epoch: 88 [16000/50000 (32%)]	Loss: 0.113690
Train Epoch: 88 [19200/50000 (38%)]	Loss: 0.097838
Train Epoch: 88 [22400/50000 (45%)]	Loss: 0.081430
Train Epoch: 88 [25600/50000 (51%)]	Loss: 0.092807
Train Epoch: 88 [28800/50000 (58%)]	Loss: 0.131382
Train Epoch: 88 [32000/50000 (64%)]	Loss: 0.201108
Train Epoch: 88 [35200/50000 (70%)]	Loss: 0.039326
Train Epoch: 88 [38400/50000 (77%)]	Loss: 0.031437
Train Epoch: 88 [41600/50000 (83%)]	Loss: 0.139970
Train Epoch: 88 [44800/50000 (90%)]	Loss: 0.075770
Train Epoch: 88 [48000/50000 (96%)]	Loss: 0.114386

Test set: Average loss: 0.0004, Accuracy: 8898/10000 (89%)

Train Epoch: 89 [0/50000 (0%)]	Loss: 0.028367
Train Epoch: 89 [3200/50000 (6%)]	Loss: 0.028597
Train Epoch: 89 [6400/50000 (13%)]	Loss: 0.157313
Train Epoch: 89 [9600/50000 (19%)]	Loss: 0.036989
Train Epoch: 89 [12800/50000 (26%)]	Loss: 0.114908
Train Epoch: 89 [16000/50000 (32%)]	Loss: 0.037805
Train Epoch: 89 [19200/50000 (38%)]	Loss: 0.154889
Train Epoch: 89 [22400/50000 (45%)]	Loss: 0.128197
Train Epoch: 89 [25600/50000 (51%)]	Loss: 0.134259
Train Epoch: 89 [28800/50000 (58%)]	Loss: 0.038723
Train Epoch: 89 [32000/50000 (64%)]	Loss: 0.069332
Train Epoch: 89 [35200/50000 (70%)]	Loss: 0.147662
Train Epoch: 89 [38400/50000 (77%)]	Loss: 0.154443
Train Epoch: 89 [41600/50000 (83%)]	Loss: 0.160240
Train Epoch: 89 [44800/50000 (90%)]	Loss: 0.193954
Train Epoch: 89 [48000/50000 (96%)]	Loss: 0.062789

Test set: Average loss: 0.0004, Accuracy: 8895/10000 (89%)

Train Epoch: 90 [0/50000 (0%)]	Loss: 0.056417
Train Epoch: 90 [3200/50000 (6%)]	Loss: 0.067477
Train Epoch: 90 [6400/50000 (13%)]	Loss: 0.097879
Train Epoch: 90 [9600/50000 (19%)]	Loss: 0.067915
Train Epoch: 90 [12800/50000 (26%)]	Loss: 0.064727
Train Epoch: 90 [16000/50000 (32%)]	Loss: 0.053273
Train Epoch: 90 [19200/50000 (38%)]	Loss: 0.072295
Train Epoch: 90 [22400/50000 (45%)]	Loss: 0.090831
Train Epoch: 90 [25600/50000 (51%)]	Loss: 0.071213
Train Epoch: 90 [28800/50000 (58%)]	Loss: 0.027198
Train Epoch: 90 [32000/50000 (64%)]	Loss: 0.042626
Train Epoch: 90 [35200/50000 (70%)]	Loss: 0.062897
Train Epoch: 90 [38400/50000 (77%)]	Loss: 0.061601
Train Epoch: 90 [41600/50000 (83%)]	Loss: 0.141612
Train Epoch: 90 [44800/50000 (90%)]	Loss: 0.066433
Train Epoch: 90 [48000/50000 (96%)]	Loss: 0.094223

Test set: Average loss: 0.0004, Accuracy: 8894/10000 (89%)

Train Epoch: 91 [0/50000 (0%)]	Loss: 0.031146
Train Epoch: 91 [3200/50000 (6%)]	Loss: 0.099803
Train Epoch: 91 [6400/50000 (13%)]	Loss: 0.142485
Train Epoch: 91 [9600/50000 (19%)]	Loss: 0.111619
Train Epoch: 91 [12800/50000 (26%)]	Loss: 0.026897
Train Epoch: 91 [16000/50000 (32%)]	Loss: 0.076749
Train Epoch: 91 [19200/50000 (38%)]	Loss: 0.175140
Train Epoch: 91 [22400/50000 (45%)]	Loss: 0.130389
Train Epoch: 91 [25600/50000 (51%)]	Loss: 0.045909
Train Epoch: 91 [28800/50000 (58%)]	Loss: 0.137758
Train Epoch: 91 [32000/50000 (64%)]	Loss: 0.109973
Train Epoch: 91 [35200/50000 (70%)]	Loss: 0.057567
Train Epoch: 91 [38400/50000 (77%)]	Loss: 0.080378
Train Epoch: 91 [41600/50000 (83%)]	Loss: 0.190974
Train Epoch: 91 [44800/50000 (90%)]	Loss: 0.054403
Train Epoch: 91 [48000/50000 (96%)]	Loss: 0.068251

Test set: Average loss: 0.0004, Accuracy: 8883/10000 (89%)

Train Epoch: 92 [0/50000 (0%)]	Loss: 0.111987
Train Epoch: 92 [3200/50000 (6%)]	Loss: 0.120183
Train Epoch: 92 [6400/50000 (13%)]	Loss: 0.072720
Train Epoch: 92 [9600/50000 (19%)]	Loss: 0.071537
Train Epoch: 92 [12800/50000 (26%)]	Loss: 0.123846
Train Epoch: 92 [16000/50000 (32%)]	Loss: 0.024732
Train Epoch: 92 [19200/50000 (38%)]	Loss: 0.075883
Train Epoch: 92 [22400/50000 (45%)]	Loss: 0.070664
Train Epoch: 92 [25600/50000 (51%)]	Loss: 0.109408
Train Epoch: 92 [28800/50000 (58%)]	Loss: 0.136009
Train Epoch: 92 [32000/50000 (64%)]	Loss: 0.025187
Train Epoch: 92 [35200/50000 (70%)]	Loss: 0.070792
Train Epoch: 92 [38400/50000 (77%)]	Loss: 0.090649
Train Epoch: 92 [41600/50000 (83%)]	Loss: 0.045658
Train Epoch: 92 [44800/50000 (90%)]	Loss: 0.024227
Train Epoch: 92 [48000/50000 (96%)]	Loss: 0.047296

Test set: Average loss: 0.0004, Accuracy: 8885/10000 (89%)

Train Epoch: 93 [0/50000 (0%)]	Loss: 0.197699
Train Epoch: 93 [3200/50000 (6%)]	Loss: 0.027165
Train Epoch: 93 [6400/50000 (13%)]	Loss: 0.098315
Train Epoch: 93 [9600/50000 (19%)]	Loss: 0.056351
Train Epoch: 93 [12800/50000 (26%)]	Loss: 0.058776
Train Epoch: 93 [16000/50000 (32%)]	Loss: 0.020563
Train Epoch: 93 [19200/50000 (38%)]	Loss: 0.074488
Train Epoch: 93 [22400/50000 (45%)]	Loss: 0.111308
Train Epoch: 93 [25600/50000 (51%)]	Loss: 0.033661
Train Epoch: 93 [28800/50000 (58%)]	Loss: 0.176474
Train Epoch: 93 [32000/50000 (64%)]	Loss: 0.086169
Train Epoch: 93 [35200/50000 (70%)]	Loss: 0.093082
Train Epoch: 93 [38400/50000 (77%)]	Loss: 0.007171
Train Epoch: 93 [41600/50000 (83%)]	Loss: 0.029657
Train Epoch: 93 [44800/50000 (90%)]	Loss: 0.051662
Train Epoch: 93 [48000/50000 (96%)]	Loss: 0.115775

Test set: Average loss: 0.0004, Accuracy: 8892/10000 (89%)

Train Epoch: 94 [0/50000 (0%)]	Loss: 0.060790
Train Epoch: 94 [3200/50000 (6%)]	Loss: 0.049505
Train Epoch: 94 [6400/50000 (13%)]	Loss: 0.263765
Train Epoch: 94 [9600/50000 (19%)]	Loss: 0.108527
Train Epoch: 94 [12800/50000 (26%)]	Loss: 0.026839
Train Epoch: 94 [16000/50000 (32%)]	Loss: 0.018284
Train Epoch: 94 [19200/50000 (38%)]	Loss: 0.106099
Train Epoch: 94 [22400/50000 (45%)]	Loss: 0.120284
Train Epoch: 94 [25600/50000 (51%)]	Loss: 0.097459
Train Epoch: 94 [28800/50000 (58%)]	Loss: 0.009984
Train Epoch: 94 [32000/50000 (64%)]	Loss: 0.121314
Train Epoch: 94 [35200/50000 (70%)]	Loss: 0.064195
Train Epoch: 94 [38400/50000 (77%)]	Loss: 0.119025
Train Epoch: 94 [41600/50000 (83%)]	Loss: 0.064093
Train Epoch: 94 [44800/50000 (90%)]	Loss: 0.059157
Train Epoch: 94 [48000/50000 (96%)]	Loss: 0.096016

Test set: Average loss: 0.0004, Accuracy: 8867/10000 (89%)

Train Epoch: 95 [0/50000 (0%)]	Loss: 0.106165
Train Epoch: 95 [3200/50000 (6%)]	Loss: 0.158094
Train Epoch: 95 [6400/50000 (13%)]	Loss: 0.050168
Train Epoch: 95 [9600/50000 (19%)]	Loss: 0.113781
Train Epoch: 95 [12800/50000 (26%)]	Loss: 0.050086
Train Epoch: 95 [16000/50000 (32%)]	Loss: 0.058697
Train Epoch: 95 [19200/50000 (38%)]	Loss: 0.044452
Train Epoch: 95 [22400/50000 (45%)]	Loss: 0.053692
Train Epoch: 95 [25600/50000 (51%)]	Loss: 0.018971
Train Epoch: 95 [28800/50000 (58%)]	Loss: 0.129859
Train Epoch: 95 [32000/50000 (64%)]	Loss: 0.089316
Train Epoch: 95 [35200/50000 (70%)]	Loss: 0.140493
Train Epoch: 95 [38400/50000 (77%)]	Loss: 0.111321
Train Epoch: 95 [41600/50000 (83%)]	Loss: 0.086494
Train Epoch: 95 [44800/50000 (90%)]	Loss: 0.044977
Train Epoch: 95 [48000/50000 (96%)]	Loss: 0.079640

Test set: Average loss: 0.0004, Accuracy: 8899/10000 (89%)

Train Epoch: 96 [0/50000 (0%)]	Loss: 0.036241
Train Epoch: 96 [3200/50000 (6%)]	Loss: 0.026967
Train Epoch: 96 [6400/50000 (13%)]	Loss: 0.116460
Train Epoch: 96 [9600/50000 (19%)]	Loss: 0.085500
Train Epoch: 96 [12800/50000 (26%)]	Loss: 0.171771
Train Epoch: 96 [16000/50000 (32%)]	Loss: 0.052442
Train Epoch: 96 [19200/50000 (38%)]	Loss: 0.119086
Train Epoch: 96 [22400/50000 (45%)]	Loss: 0.046064
Train Epoch: 96 [25600/50000 (51%)]	Loss: 0.064271
Train Epoch: 96 [28800/50000 (58%)]	Loss: 0.086768
Train Epoch: 96 [32000/50000 (64%)]	Loss: 0.224409
Train Epoch: 96 [35200/50000 (70%)]	Loss: 0.030903
Train Epoch: 96 [38400/50000 (77%)]	Loss: 0.051587
Train Epoch: 96 [41600/50000 (83%)]	Loss: 0.108154
Train Epoch: 96 [44800/50000 (90%)]	Loss: 0.047790
Train Epoch: 96 [48000/50000 (96%)]	Loss: 0.059495

Test set: Average loss: 0.0004, Accuracy: 8884/10000 (89%)

Train Epoch: 97 [0/50000 (0%)]	Loss: 0.120262
Train Epoch: 97 [3200/50000 (6%)]	Loss: 0.116318
Train Epoch: 97 [6400/50000 (13%)]	Loss: 0.091023
Train Epoch: 97 [9600/50000 (19%)]	Loss: 0.068304
Train Epoch: 97 [12800/50000 (26%)]	Loss: 0.072239
Train Epoch: 97 [16000/50000 (32%)]	Loss: 0.185385
Train Epoch: 97 [19200/50000 (38%)]	Loss: 0.146522
Train Epoch: 97 [22400/50000 (45%)]	Loss: 0.007085
Train Epoch: 97 [25600/50000 (51%)]	Loss: 0.054766
Train Epoch: 97 [28800/50000 (58%)]	Loss: 0.045079
Train Epoch: 97 [32000/50000 (64%)]	Loss: 0.061861
Train Epoch: 97 [35200/50000 (70%)]	Loss: 0.058898
Train Epoch: 97 [38400/50000 (77%)]	Loss: 0.038855
Train Epoch: 97 [41600/50000 (83%)]	Loss: 0.100061
Train Epoch: 97 [44800/50000 (90%)]	Loss: 0.063981
Train Epoch: 97 [48000/50000 (96%)]	Loss: 0.089067

Test set: Average loss: 0.0004, Accuracy: 8899/10000 (89%)

Train Epoch: 98 [0/50000 (0%)]	Loss: 0.006261
Train Epoch: 98 [3200/50000 (6%)]	Loss: 0.041487
Train Epoch: 98 [6400/50000 (13%)]	Loss: 0.110418
Train Epoch: 98 [9600/50000 (19%)]	Loss: 0.027588
Train Epoch: 98 [12800/50000 (26%)]	Loss: 0.038762
Train Epoch: 98 [16000/50000 (32%)]	Loss: 0.086929
Train Epoch: 98 [19200/50000 (38%)]	Loss: 0.031913
Train Epoch: 98 [22400/50000 (45%)]	Loss: 0.062089
Train Epoch: 98 [25600/50000 (51%)]	Loss: 0.040293
Train Epoch: 98 [28800/50000 (58%)]	Loss: 0.044161
Train Epoch: 98 [32000/50000 (64%)]	Loss: 0.048408
Train Epoch: 98 [35200/50000 (70%)]	Loss: 0.073268
Train Epoch: 98 [38400/50000 (77%)]	Loss: 0.161574
Train Epoch: 98 [41600/50000 (83%)]	Loss: 0.089467
Train Epoch: 98 [44800/50000 (90%)]	Loss: 0.032638
Train Epoch: 98 [48000/50000 (96%)]	Loss: 0.067041

Test set: Average loss: 0.0005, Accuracy: 8872/10000 (89%)

Train Epoch: 99 [0/50000 (0%)]	Loss: 0.042140
Train Epoch: 99 [3200/50000 (6%)]	Loss: 0.021859
Train Epoch: 99 [6400/50000 (13%)]	Loss: 0.021328
Train Epoch: 99 [9600/50000 (19%)]	Loss: 0.058216
Train Epoch: 99 [12800/50000 (26%)]	Loss: 0.008164
Train Epoch: 99 [16000/50000 (32%)]	Loss: 0.233211
Train Epoch: 99 [19200/50000 (38%)]	Loss: 0.053693
Train Epoch: 99 [22400/50000 (45%)]	Loss: 0.115160
Train Epoch: 99 [25600/50000 (51%)]	Loss: 0.178277
Train Epoch: 99 [28800/50000 (58%)]	Loss: 0.085133
Train Epoch: 99 [32000/50000 (64%)]	Loss: 0.114976
Train Epoch: 99 [35200/50000 (70%)]	Loss: 0.061402
Train Epoch: 99 [38400/50000 (77%)]	Loss: 0.046471
Train Epoch: 99 [41600/50000 (83%)]	Loss: 0.062667
Train Epoch: 99 [44800/50000 (90%)]	Loss: 0.052292
Train Epoch: 99 [48000/50000 (96%)]	Loss: 0.057392

Test set: Average loss: 0.0005, Accuracy: 8886/10000 (89%)

Train Epoch: 100 [0/50000 (0%)]	Loss: 0.063550
Train Epoch: 100 [3200/50000 (6%)]	Loss: 0.211103
Train Epoch: 100 [6400/50000 (13%)]	Loss: 0.134212
Train Epoch: 100 [9600/50000 (19%)]	Loss: 0.092372
Train Epoch: 100 [12800/50000 (26%)]	Loss: 0.012349
Train Epoch: 100 [16000/50000 (32%)]	Loss: 0.076880
Train Epoch: 100 [19200/50000 (38%)]	Loss: 0.013368
Train Epoch: 100 [22400/50000 (45%)]	Loss: 0.058035
Train Epoch: 100 [25600/50000 (51%)]	Loss: 0.026687
Train Epoch: 100 [28800/50000 (58%)]	Loss: 0.057888
Train Epoch: 100 [32000/50000 (64%)]	Loss: 0.071983
Train Epoch: 100 [35200/50000 (70%)]	Loss: 0.042452
Train Epoch: 100 [38400/50000 (77%)]	Loss: 0.076593
Train Epoch: 100 [41600/50000 (83%)]	Loss: 0.159292
Train Epoch: 100 [44800/50000 (90%)]	Loss: 0.055095
Train Epoch: 100 [48000/50000 (96%)]	Loss: 0.031727

Test set: Average loss: 0.0005, Accuracy: 8891/10000 (89%)

