Files already downloaded and verified
Files already downloaded and verified
Total parameters: 273866
Train Epoch: 1 [0/50000 (0%)]	Loss: 2.392172
Train Epoch: 1 [3200/50000 (6%)]	Loss: 2.370250
Train Epoch: 1 [6400/50000 (13%)]	Loss: 2.331753
Train Epoch: 1 [9600/50000 (19%)]	Loss: 2.213464
Train Epoch: 1 [12800/50000 (26%)]	Loss: 2.008534
Train Epoch: 1 [16000/50000 (32%)]	Loss: 1.874673
Train Epoch: 1 [19200/50000 (38%)]	Loss: 1.884837
Train Epoch: 1 [22400/50000 (45%)]	Loss: 1.882112
Train Epoch: 1 [25600/50000 (51%)]	Loss: 1.839010
Train Epoch: 1 [28800/50000 (58%)]	Loss: 1.936580
Train Epoch: 1 [32000/50000 (64%)]	Loss: 1.877174
Train Epoch: 1 [35200/50000 (70%)]	Loss: 2.018868
Train Epoch: 1 [38400/50000 (77%)]	Loss: 1.801603
Train Epoch: 1 [41600/50000 (83%)]	Loss: 1.774266
Train Epoch: 1 [44800/50000 (90%)]	Loss: 1.911484
Train Epoch: 1 [48000/50000 (96%)]	Loss: 1.868769

Test set: Average loss: 0.0018, Accuracy: 3262/10000 (33%)

Train Epoch: 2 [0/50000 (0%)]	Loss: 1.819433
Train Epoch: 2 [3200/50000 (6%)]	Loss: 1.768349
Train Epoch: 2 [6400/50000 (13%)]	Loss: 1.841185
Train Epoch: 2 [9600/50000 (19%)]	Loss: 1.895164
Train Epoch: 2 [12800/50000 (26%)]	Loss: 1.673566
Train Epoch: 2 [16000/50000 (32%)]	Loss: 1.722537
Train Epoch: 2 [19200/50000 (38%)]	Loss: 1.986903
Train Epoch: 2 [22400/50000 (45%)]	Loss: 1.668147
Train Epoch: 2 [25600/50000 (51%)]	Loss: 1.794424
Train Epoch: 2 [28800/50000 (58%)]	Loss: 1.607939
Train Epoch: 2 [32000/50000 (64%)]	Loss: 1.593104
Train Epoch: 2 [35200/50000 (70%)]	Loss: 1.672745
Train Epoch: 2 [38400/50000 (77%)]	Loss: 1.864378
Train Epoch: 2 [41600/50000 (83%)]	Loss: 1.820872
Train Epoch: 2 [44800/50000 (90%)]	Loss: 1.710591
Train Epoch: 2 [48000/50000 (96%)]	Loss: 1.572679

Test set: Average loss: 0.0016, Accuracy: 3895/10000 (39%)

Train Epoch: 3 [0/50000 (0%)]	Loss: 1.662551
Train Epoch: 3 [3200/50000 (6%)]	Loss: 1.618383
Train Epoch: 3 [6400/50000 (13%)]	Loss: 1.585928
Train Epoch: 3 [9600/50000 (19%)]	Loss: 1.742375
Train Epoch: 3 [12800/50000 (26%)]	Loss: 1.710086
Train Epoch: 3 [16000/50000 (32%)]	Loss: 1.667424
Train Epoch: 3 [19200/50000 (38%)]	Loss: 1.569104
Train Epoch: 3 [22400/50000 (45%)]	Loss: 1.771304
Train Epoch: 3 [25600/50000 (51%)]	Loss: 1.654352
Train Epoch: 3 [28800/50000 (58%)]	Loss: 1.673691
Train Epoch: 3 [32000/50000 (64%)]	Loss: 1.501190
Train Epoch: 3 [35200/50000 (70%)]	Loss: 1.759407
Train Epoch: 3 [38400/50000 (77%)]	Loss: 1.696628
Train Epoch: 3 [41600/50000 (83%)]	Loss: 1.537817
Train Epoch: 3 [44800/50000 (90%)]	Loss: 1.597337
Train Epoch: 3 [48000/50000 (96%)]	Loss: 1.367221

Test set: Average loss: 0.0015, Accuracy: 4552/10000 (46%)

Train Epoch: 4 [0/50000 (0%)]	Loss: 1.641297
Train Epoch: 4 [3200/50000 (6%)]	Loss: 1.683705
Train Epoch: 4 [6400/50000 (13%)]	Loss: 1.762577
Train Epoch: 4 [9600/50000 (19%)]	Loss: 1.432718
Train Epoch: 4 [12800/50000 (26%)]	Loss: 1.579956
Train Epoch: 4 [16000/50000 (32%)]	Loss: 1.373057
Train Epoch: 4 [19200/50000 (38%)]	Loss: 1.513889
Train Epoch: 4 [22400/50000 (45%)]	Loss: 1.394697
Train Epoch: 4 [25600/50000 (51%)]	Loss: 1.581458
Train Epoch: 4 [28800/50000 (58%)]	Loss: 1.641254
Train Epoch: 4 [32000/50000 (64%)]	Loss: 1.399091
Train Epoch: 4 [35200/50000 (70%)]	Loss: 1.459992
Train Epoch: 4 [38400/50000 (77%)]	Loss: 1.504264
Train Epoch: 4 [41600/50000 (83%)]	Loss: 1.430344
Train Epoch: 4 [44800/50000 (90%)]	Loss: 1.615842
Train Epoch: 4 [48000/50000 (96%)]	Loss: 1.372246

Test set: Average loss: 0.0014, Accuracy: 4873/10000 (49%)

Train Epoch: 5 [0/50000 (0%)]	Loss: 1.622795
Train Epoch: 5 [3200/50000 (6%)]	Loss: 1.314806
Train Epoch: 5 [6400/50000 (13%)]	Loss: 1.445852
Train Epoch: 5 [9600/50000 (19%)]	Loss: 1.657376
Train Epoch: 5 [12800/50000 (26%)]	Loss: 1.334658
Train Epoch: 5 [16000/50000 (32%)]	Loss: 1.482624
Train Epoch: 5 [19200/50000 (38%)]	Loss: 1.617079
Train Epoch: 5 [22400/50000 (45%)]	Loss: 1.417922
Train Epoch: 5 [25600/50000 (51%)]	Loss: 1.440322
Train Epoch: 5 [28800/50000 (58%)]	Loss: 1.291075
Train Epoch: 5 [32000/50000 (64%)]	Loss: 1.303355
Train Epoch: 5 [35200/50000 (70%)]	Loss: 1.248240
Train Epoch: 5 [38400/50000 (77%)]	Loss: 1.159924
Train Epoch: 5 [41600/50000 (83%)]	Loss: 1.526230
Train Epoch: 5 [44800/50000 (90%)]	Loss: 1.361624
Train Epoch: 5 [48000/50000 (96%)]	Loss: 0.944732

Test set: Average loss: 0.0013, Accuracy: 5331/10000 (53%)

Train Epoch: 6 [0/50000 (0%)]	Loss: 1.449257
Train Epoch: 6 [3200/50000 (6%)]	Loss: 1.629849
Train Epoch: 6 [6400/50000 (13%)]	Loss: 1.285016
Train Epoch: 6 [9600/50000 (19%)]	Loss: 1.660250
Train Epoch: 6 [12800/50000 (26%)]	Loss: 1.701811
Train Epoch: 6 [16000/50000 (32%)]	Loss: 1.142403
Train Epoch: 6 [19200/50000 (38%)]	Loss: 1.263528
Train Epoch: 6 [22400/50000 (45%)]	Loss: 1.553328
Train Epoch: 6 [25600/50000 (51%)]	Loss: 1.433963
Train Epoch: 6 [28800/50000 (58%)]	Loss: 1.230550
Train Epoch: 6 [32000/50000 (64%)]	Loss: 1.093144
Train Epoch: 6 [35200/50000 (70%)]	Loss: 1.432386
Train Epoch: 6 [38400/50000 (77%)]	Loss: 1.299848
Train Epoch: 6 [41600/50000 (83%)]	Loss: 1.209395
Train Epoch: 6 [44800/50000 (90%)]	Loss: 1.311571
Train Epoch: 6 [48000/50000 (96%)]	Loss: 1.226116

Test set: Average loss: 0.0012, Accuracy: 5439/10000 (54%)

Train Epoch: 7 [0/50000 (0%)]	Loss: 1.366150
Train Epoch: 7 [3200/50000 (6%)]	Loss: 1.379678
Train Epoch: 7 [6400/50000 (13%)]	Loss: 1.416001
Train Epoch: 7 [9600/50000 (19%)]	Loss: 1.286697
Train Epoch: 7 [12800/50000 (26%)]	Loss: 1.171608
Train Epoch: 7 [16000/50000 (32%)]	Loss: 1.360674
Train Epoch: 7 [19200/50000 (38%)]	Loss: 1.179513
Train Epoch: 7 [22400/50000 (45%)]	Loss: 1.316447
Train Epoch: 7 [25600/50000 (51%)]	Loss: 1.433175
Train Epoch: 7 [28800/50000 (58%)]	Loss: 0.991435
Train Epoch: 7 [32000/50000 (64%)]	Loss: 1.334713
Train Epoch: 7 [35200/50000 (70%)]	Loss: 1.216475
Train Epoch: 7 [38400/50000 (77%)]	Loss: 1.093423
Train Epoch: 7 [41600/50000 (83%)]	Loss: 1.336505
Train Epoch: 7 [44800/50000 (90%)]	Loss: 1.355667
Train Epoch: 7 [48000/50000 (96%)]	Loss: 1.412822

Test set: Average loss: 0.0011, Accuracy: 5907/10000 (59%)

Train Epoch: 8 [0/50000 (0%)]	Loss: 1.180034
Train Epoch: 8 [3200/50000 (6%)]	Loss: 1.009702
Train Epoch: 8 [6400/50000 (13%)]	Loss: 1.192740
Train Epoch: 8 [9600/50000 (19%)]	Loss: 1.221445
Train Epoch: 8 [12800/50000 (26%)]	Loss: 1.110264
Train Epoch: 8 [16000/50000 (32%)]	Loss: 1.093051
Train Epoch: 8 [19200/50000 (38%)]	Loss: 1.320777
Train Epoch: 8 [22400/50000 (45%)]	Loss: 1.316472
Train Epoch: 8 [25600/50000 (51%)]	Loss: 1.157101
Train Epoch: 8 [28800/50000 (58%)]	Loss: 1.215025
Train Epoch: 8 [32000/50000 (64%)]	Loss: 1.158893
Train Epoch: 8 [35200/50000 (70%)]	Loss: 1.131493
Train Epoch: 8 [38400/50000 (77%)]	Loss: 1.307592
Train Epoch: 8 [41600/50000 (83%)]	Loss: 1.201181
Train Epoch: 8 [44800/50000 (90%)]	Loss: 1.002898
Train Epoch: 8 [48000/50000 (96%)]	Loss: 1.028725

Test set: Average loss: 0.0011, Accuracy: 6153/10000 (62%)

Train Epoch: 9 [0/50000 (0%)]	Loss: 1.329587
Train Epoch: 9 [3200/50000 (6%)]	Loss: 1.208123
Train Epoch: 9 [6400/50000 (13%)]	Loss: 1.152395
Train Epoch: 9 [9600/50000 (19%)]	Loss: 1.132767
Train Epoch: 9 [12800/50000 (26%)]	Loss: 1.203508
Train Epoch: 9 [16000/50000 (32%)]	Loss: 1.166203
Train Epoch: 9 [19200/50000 (38%)]	Loss: 1.059043
Train Epoch: 9 [22400/50000 (45%)]	Loss: 1.176091
Train Epoch: 9 [25600/50000 (51%)]	Loss: 0.894426
Train Epoch: 9 [28800/50000 (58%)]	Loss: 1.116535
Train Epoch: 9 [32000/50000 (64%)]	Loss: 1.174878
Train Epoch: 9 [35200/50000 (70%)]	Loss: 0.955076
Train Epoch: 9 [38400/50000 (77%)]	Loss: 1.019557
Train Epoch: 9 [41600/50000 (83%)]	Loss: 1.201139
Train Epoch: 9 [44800/50000 (90%)]	Loss: 1.043015
Train Epoch: 9 [48000/50000 (96%)]	Loss: 1.155260

Test set: Average loss: 0.0010, Accuracy: 6349/10000 (63%)

Train Epoch: 10 [0/50000 (0%)]	Loss: 1.167543
Train Epoch: 10 [3200/50000 (6%)]	Loss: 1.103128
Train Epoch: 10 [6400/50000 (13%)]	Loss: 0.934702
Train Epoch: 10 [9600/50000 (19%)]	Loss: 1.049674
Train Epoch: 10 [12800/50000 (26%)]	Loss: 1.132646
Train Epoch: 10 [16000/50000 (32%)]	Loss: 1.161181
Train Epoch: 10 [19200/50000 (38%)]	Loss: 1.226160
Train Epoch: 10 [22400/50000 (45%)]	Loss: 1.002822
Train Epoch: 10 [25600/50000 (51%)]	Loss: 1.067331
Train Epoch: 10 [28800/50000 (58%)]	Loss: 0.880431
Train Epoch: 10 [32000/50000 (64%)]	Loss: 1.194326
Train Epoch: 10 [35200/50000 (70%)]	Loss: 1.180721
Train Epoch: 10 [38400/50000 (77%)]	Loss: 1.164780
Train Epoch: 10 [41600/50000 (83%)]	Loss: 1.090244
Train Epoch: 10 [44800/50000 (90%)]	Loss: 1.050583
Train Epoch: 10 [48000/50000 (96%)]	Loss: 1.049668

Test set: Average loss: 0.0010, Accuracy: 6451/10000 (65%)

Train Epoch: 11 [0/50000 (0%)]	Loss: 1.041678
Train Epoch: 11 [3200/50000 (6%)]	Loss: 0.979922
Train Epoch: 11 [6400/50000 (13%)]	Loss: 1.019283
Train Epoch: 11 [9600/50000 (19%)]	Loss: 0.917180
Train Epoch: 11 [12800/50000 (26%)]	Loss: 1.009006
Train Epoch: 11 [16000/50000 (32%)]	Loss: 0.877949
Train Epoch: 11 [19200/50000 (38%)]	Loss: 0.837556
Train Epoch: 11 [22400/50000 (45%)]	Loss: 1.063900
Train Epoch: 11 [25600/50000 (51%)]	Loss: 1.248382
Train Epoch: 11 [28800/50000 (58%)]	Loss: 1.211276
Train Epoch: 11 [32000/50000 (64%)]	Loss: 0.978956
Train Epoch: 11 [35200/50000 (70%)]	Loss: 0.777254
Train Epoch: 11 [38400/50000 (77%)]	Loss: 0.969141
Train Epoch: 11 [41600/50000 (83%)]	Loss: 1.080083
Train Epoch: 11 [44800/50000 (90%)]	Loss: 1.140669
Train Epoch: 11 [48000/50000 (96%)]	Loss: 1.021761

Test set: Average loss: 0.0009, Accuracy: 6758/10000 (68%)

Train Epoch: 12 [0/50000 (0%)]	Loss: 0.867056
Train Epoch: 12 [3200/50000 (6%)]	Loss: 0.810340
Train Epoch: 12 [6400/50000 (13%)]	Loss: 0.907478
Train Epoch: 12 [9600/50000 (19%)]	Loss: 0.902188
Train Epoch: 12 [12800/50000 (26%)]	Loss: 0.891699
Train Epoch: 12 [16000/50000 (32%)]	Loss: 1.027498
Train Epoch: 12 [19200/50000 (38%)]	Loss: 0.922929
Train Epoch: 12 [22400/50000 (45%)]	Loss: 1.057100
Train Epoch: 12 [25600/50000 (51%)]	Loss: 0.935437
Train Epoch: 12 [28800/50000 (58%)]	Loss: 1.078756
Train Epoch: 12 [32000/50000 (64%)]	Loss: 0.941156
Train Epoch: 12 [35200/50000 (70%)]	Loss: 1.048850
Train Epoch: 12 [38400/50000 (77%)]	Loss: 1.013355
Train Epoch: 12 [41600/50000 (83%)]	Loss: 0.924254
Train Epoch: 12 [44800/50000 (90%)]	Loss: 0.999486
Train Epoch: 12 [48000/50000 (96%)]	Loss: 0.889410

Test set: Average loss: 0.0009, Accuracy: 6868/10000 (69%)

Train Epoch: 13 [0/50000 (0%)]	Loss: 0.994019
Train Epoch: 13 [3200/50000 (6%)]	Loss: 0.919095
Train Epoch: 13 [6400/50000 (13%)]	Loss: 0.989090
Train Epoch: 13 [9600/50000 (19%)]	Loss: 0.856695
Train Epoch: 13 [12800/50000 (26%)]	Loss: 1.073811
Train Epoch: 13 [16000/50000 (32%)]	Loss: 0.822426
Train Epoch: 13 [19200/50000 (38%)]	Loss: 0.798972
Train Epoch: 13 [22400/50000 (45%)]	Loss: 0.784009
Train Epoch: 13 [25600/50000 (51%)]	Loss: 1.074777
Train Epoch: 13 [28800/50000 (58%)]	Loss: 0.793422
Train Epoch: 13 [32000/50000 (64%)]	Loss: 1.051936
Train Epoch: 13 [35200/50000 (70%)]	Loss: 1.041849
Train Epoch: 13 [38400/50000 (77%)]	Loss: 0.836987
Train Epoch: 13 [41600/50000 (83%)]	Loss: 0.787641
Train Epoch: 13 [44800/50000 (90%)]	Loss: 0.943936
Train Epoch: 13 [48000/50000 (96%)]	Loss: 0.919224

Test set: Average loss: 0.0009, Accuracy: 6990/10000 (70%)

Train Epoch: 14 [0/50000 (0%)]	Loss: 0.935648
Train Epoch: 14 [3200/50000 (6%)]	Loss: 0.838425
Train Epoch: 14 [6400/50000 (13%)]	Loss: 0.917425
Train Epoch: 14 [9600/50000 (19%)]	Loss: 0.910452
Train Epoch: 14 [12800/50000 (26%)]	Loss: 0.856262
Train Epoch: 14 [16000/50000 (32%)]	Loss: 0.902962
Train Epoch: 14 [19200/50000 (38%)]	Loss: 0.824084
Train Epoch: 14 [22400/50000 (45%)]	Loss: 0.648331
Train Epoch: 14 [25600/50000 (51%)]	Loss: 0.649677
Train Epoch: 14 [28800/50000 (58%)]	Loss: 0.816378
Train Epoch: 14 [32000/50000 (64%)]	Loss: 0.861716
Train Epoch: 14 [35200/50000 (70%)]	Loss: 0.848364
Train Epoch: 14 [38400/50000 (77%)]	Loss: 0.824119
Train Epoch: 14 [41600/50000 (83%)]	Loss: 0.825471
Train Epoch: 14 [44800/50000 (90%)]	Loss: 0.728055
Train Epoch: 14 [48000/50000 (96%)]	Loss: 0.843086

Test set: Average loss: 0.0008, Accuracy: 7173/10000 (72%)

Train Epoch: 15 [0/50000 (0%)]	Loss: 0.772312
Train Epoch: 15 [3200/50000 (6%)]	Loss: 0.806209
Train Epoch: 15 [6400/50000 (13%)]	Loss: 0.720421
Train Epoch: 15 [9600/50000 (19%)]	Loss: 0.938912
Train Epoch: 15 [12800/50000 (26%)]	Loss: 0.834324
Train Epoch: 15 [16000/50000 (32%)]	Loss: 0.949193
Train Epoch: 15 [19200/50000 (38%)]	Loss: 0.961012
Train Epoch: 15 [22400/50000 (45%)]	Loss: 0.802018
Train Epoch: 15 [25600/50000 (51%)]	Loss: 0.672698
Train Epoch: 15 [28800/50000 (58%)]	Loss: 0.843977
Train Epoch: 15 [32000/50000 (64%)]	Loss: 0.769821
Train Epoch: 15 [35200/50000 (70%)]	Loss: 0.599629
Train Epoch: 15 [38400/50000 (77%)]	Loss: 0.847944
Train Epoch: 15 [41600/50000 (83%)]	Loss: 0.631568
Train Epoch: 15 [44800/50000 (90%)]	Loss: 0.550113
Train Epoch: 15 [48000/50000 (96%)]	Loss: 0.982158

Test set: Average loss: 0.0008, Accuracy: 7189/10000 (72%)

Train Epoch: 16 [0/50000 (0%)]	Loss: 0.887582
Train Epoch: 16 [3200/50000 (6%)]	Loss: 0.549578
Train Epoch: 16 [6400/50000 (13%)]	Loss: 0.564155
Train Epoch: 16 [9600/50000 (19%)]	Loss: 0.833836
Train Epoch: 16 [12800/50000 (26%)]	Loss: 0.632227
Train Epoch: 16 [16000/50000 (32%)]	Loss: 0.801430
Train Epoch: 16 [19200/50000 (38%)]	Loss: 0.725328
Train Epoch: 16 [22400/50000 (45%)]	Loss: 0.645498
Train Epoch: 16 [25600/50000 (51%)]	Loss: 0.914661
Train Epoch: 16 [28800/50000 (58%)]	Loss: 0.758434
Train Epoch: 16 [32000/50000 (64%)]	Loss: 0.840559
Train Epoch: 16 [35200/50000 (70%)]	Loss: 0.569281
Train Epoch: 16 [38400/50000 (77%)]	Loss: 1.070043
Train Epoch: 16 [41600/50000 (83%)]	Loss: 0.992101
Train Epoch: 16 [44800/50000 (90%)]	Loss: 0.753304
Train Epoch: 16 [48000/50000 (96%)]	Loss: 0.629299

Test set: Average loss: 0.0007, Accuracy: 7401/10000 (74%)

Train Epoch: 17 [0/50000 (0%)]	Loss: 0.587042
Train Epoch: 17 [3200/50000 (6%)]	Loss: 0.607988
Train Epoch: 17 [6400/50000 (13%)]	Loss: 0.728973
Train Epoch: 17 [9600/50000 (19%)]	Loss: 0.700201
Train Epoch: 17 [12800/50000 (26%)]	Loss: 0.818052
Train Epoch: 17 [16000/50000 (32%)]	Loss: 0.793204
Train Epoch: 17 [19200/50000 (38%)]	Loss: 0.667808
Train Epoch: 17 [22400/50000 (45%)]	Loss: 0.844009
Train Epoch: 17 [25600/50000 (51%)]	Loss: 0.741752
Train Epoch: 17 [28800/50000 (58%)]	Loss: 0.694615
Train Epoch: 17 [32000/50000 (64%)]	Loss: 0.719136
Train Epoch: 17 [35200/50000 (70%)]	Loss: 0.803719
Train Epoch: 17 [38400/50000 (77%)]	Loss: 0.785652
Train Epoch: 17 [41600/50000 (83%)]	Loss: 0.705465
Train Epoch: 17 [44800/50000 (90%)]	Loss: 0.797544
Train Epoch: 17 [48000/50000 (96%)]	Loss: 0.892367

Test set: Average loss: 0.0008, Accuracy: 7371/10000 (74%)

Train Epoch: 18 [0/50000 (0%)]	Loss: 0.946515
Train Epoch: 18 [3200/50000 (6%)]	Loss: 0.739404
Train Epoch: 18 [6400/50000 (13%)]	Loss: 0.597585
Train Epoch: 18 [9600/50000 (19%)]	Loss: 0.794466
Train Epoch: 18 [12800/50000 (26%)]	Loss: 0.596216
Train Epoch: 18 [16000/50000 (32%)]	Loss: 0.951740
Train Epoch: 18 [19200/50000 (38%)]	Loss: 0.573514
Train Epoch: 18 [22400/50000 (45%)]	Loss: 0.566632
Train Epoch: 18 [25600/50000 (51%)]	Loss: 0.662531
Train Epoch: 18 [28800/50000 (58%)]	Loss: 0.970373
Train Epoch: 18 [32000/50000 (64%)]	Loss: 0.854953
Train Epoch: 18 [35200/50000 (70%)]	Loss: 0.729561
Train Epoch: 18 [38400/50000 (77%)]	Loss: 0.738231
Train Epoch: 18 [41600/50000 (83%)]	Loss: 0.627741
Train Epoch: 18 [44800/50000 (90%)]	Loss: 0.714099
Train Epoch: 18 [48000/50000 (96%)]	Loss: 0.695473

Test set: Average loss: 0.0007, Accuracy: 7466/10000 (75%)

Train Epoch: 19 [0/50000 (0%)]	Loss: 0.630564
Train Epoch: 19 [3200/50000 (6%)]	Loss: 0.622730
Train Epoch: 19 [6400/50000 (13%)]	Loss: 0.826624
Train Epoch: 19 [9600/50000 (19%)]	Loss: 0.707526
Train Epoch: 19 [12800/50000 (26%)]	Loss: 0.791417
Train Epoch: 19 [16000/50000 (32%)]	Loss: 0.849271
Train Epoch: 19 [19200/50000 (38%)]	Loss: 0.620463
Train Epoch: 19 [22400/50000 (45%)]	Loss: 0.600405
Train Epoch: 19 [25600/50000 (51%)]	Loss: 0.700769
Train Epoch: 19 [28800/50000 (58%)]	Loss: 0.516248
Train Epoch: 19 [32000/50000 (64%)]	Loss: 0.814840
Train Epoch: 19 [35200/50000 (70%)]	Loss: 0.670680
Train Epoch: 19 [38400/50000 (77%)]	Loss: 0.932732
Train Epoch: 19 [41600/50000 (83%)]	Loss: 0.705544
Train Epoch: 19 [44800/50000 (90%)]	Loss: 0.891837
Train Epoch: 19 [48000/50000 (96%)]	Loss: 0.893722

Test set: Average loss: 0.0007, Accuracy: 7616/10000 (76%)

Train Epoch: 20 [0/50000 (0%)]	Loss: 0.854823
Train Epoch: 20 [3200/50000 (6%)]	Loss: 0.661665
Train Epoch: 20 [6400/50000 (13%)]	Loss: 0.555608
Train Epoch: 20 [9600/50000 (19%)]	Loss: 0.648148
Train Epoch: 20 [12800/50000 (26%)]	Loss: 0.553516
Train Epoch: 20 [16000/50000 (32%)]	Loss: 0.660875
Train Epoch: 20 [19200/50000 (38%)]	Loss: 0.712811
Train Epoch: 20 [22400/50000 (45%)]	Loss: 0.875401
Train Epoch: 20 [25600/50000 (51%)]	Loss: 0.780974
Train Epoch: 20 [28800/50000 (58%)]	Loss: 0.549879
Train Epoch: 20 [32000/50000 (64%)]	Loss: 0.578374
Train Epoch: 20 [35200/50000 (70%)]	Loss: 0.980082
Train Epoch: 20 [38400/50000 (77%)]	Loss: 0.791567
Train Epoch: 20 [41600/50000 (83%)]	Loss: 0.629519
Train Epoch: 20 [44800/50000 (90%)]	Loss: 0.845392
Train Epoch: 20 [48000/50000 (96%)]	Loss: 0.739962

Test set: Average loss: 0.0007, Accuracy: 7652/10000 (77%)

Train Epoch: 21 [0/50000 (0%)]	Loss: 0.654159
Train Epoch: 21 [3200/50000 (6%)]	Loss: 0.785561
Train Epoch: 21 [6400/50000 (13%)]	Loss: 0.719272
Train Epoch: 21 [9600/50000 (19%)]	Loss: 0.536713
Train Epoch: 21 [12800/50000 (26%)]	Loss: 0.811991
Train Epoch: 21 [16000/50000 (32%)]	Loss: 0.685039
Train Epoch: 21 [19200/50000 (38%)]	Loss: 0.622008
Train Epoch: 21 [22400/50000 (45%)]	Loss: 0.868088
Train Epoch: 21 [25600/50000 (51%)]	Loss: 0.634344
Train Epoch: 21 [28800/50000 (58%)]	Loss: 0.484250
Train Epoch: 21 [32000/50000 (64%)]	Loss: 0.675867
Train Epoch: 21 [35200/50000 (70%)]	Loss: 0.821322
Train Epoch: 21 [38400/50000 (77%)]	Loss: 0.674211
Train Epoch: 21 [41600/50000 (83%)]	Loss: 0.483536
Train Epoch: 21 [44800/50000 (90%)]	Loss: 0.891690
Train Epoch: 21 [48000/50000 (96%)]	Loss: 0.579004

Test set: Average loss: 0.0007, Accuracy: 7633/10000 (76%)

Train Epoch: 22 [0/50000 (0%)]	Loss: 0.800167
Train Epoch: 22 [3200/50000 (6%)]	Loss: 0.937893
Train Epoch: 22 [6400/50000 (13%)]	Loss: 0.727087
Train Epoch: 22 [9600/50000 (19%)]	Loss: 0.369759
Train Epoch: 22 [12800/50000 (26%)]	Loss: 0.555864
Train Epoch: 22 [16000/50000 (32%)]	Loss: 0.650262
Train Epoch: 22 [19200/50000 (38%)]	Loss: 0.741820
Train Epoch: 22 [22400/50000 (45%)]	Loss: 0.562162
Train Epoch: 22 [25600/50000 (51%)]	Loss: 0.413608
Train Epoch: 22 [28800/50000 (58%)]	Loss: 0.496812
Train Epoch: 22 [32000/50000 (64%)]	Loss: 0.819028
Train Epoch: 22 [35200/50000 (70%)]	Loss: 0.537199
Train Epoch: 22 [38400/50000 (77%)]	Loss: 0.578767
Train Epoch: 22 [41600/50000 (83%)]	Loss: 0.632816
Train Epoch: 22 [44800/50000 (90%)]	Loss: 0.867130
Train Epoch: 22 [48000/50000 (96%)]	Loss: 0.691339

Test set: Average loss: 0.0007, Accuracy: 7699/10000 (77%)

Train Epoch: 23 [0/50000 (0%)]	Loss: 0.836337
Train Epoch: 23 [3200/50000 (6%)]	Loss: 0.736669
Train Epoch: 23 [6400/50000 (13%)]	Loss: 0.690883
Train Epoch: 23 [9600/50000 (19%)]	Loss: 0.599676
Train Epoch: 23 [12800/50000 (26%)]	Loss: 0.695268
Train Epoch: 23 [16000/50000 (32%)]	Loss: 0.870223
Train Epoch: 23 [19200/50000 (38%)]	Loss: 0.650762
Train Epoch: 23 [22400/50000 (45%)]	Loss: 0.474558
Train Epoch: 23 [25600/50000 (51%)]	Loss: 0.945723
Train Epoch: 23 [28800/50000 (58%)]	Loss: 0.872135
Train Epoch: 23 [32000/50000 (64%)]	Loss: 0.737170
Train Epoch: 23 [35200/50000 (70%)]	Loss: 0.922511
Train Epoch: 23 [38400/50000 (77%)]	Loss: 0.728535
Train Epoch: 23 [41600/50000 (83%)]	Loss: 0.442882
Train Epoch: 23 [44800/50000 (90%)]	Loss: 0.588480
Train Epoch: 23 [48000/50000 (96%)]	Loss: 0.657415

Test set: Average loss: 0.0006, Accuracy: 7755/10000 (78%)

Train Epoch: 24 [0/50000 (0%)]	Loss: 0.582873
Train Epoch: 24 [3200/50000 (6%)]	Loss: 0.499345
Train Epoch: 24 [6400/50000 (13%)]	Loss: 0.590671
Train Epoch: 24 [9600/50000 (19%)]	Loss: 0.707853
Train Epoch: 24 [12800/50000 (26%)]	Loss: 0.708641
Train Epoch: 24 [16000/50000 (32%)]	Loss: 0.504130
Train Epoch: 24 [19200/50000 (38%)]	Loss: 0.686208
Train Epoch: 24 [22400/50000 (45%)]	Loss: 0.726185
Train Epoch: 24 [25600/50000 (51%)]	Loss: 0.904241
Train Epoch: 24 [28800/50000 (58%)]	Loss: 0.474613
Train Epoch: 24 [32000/50000 (64%)]	Loss: 0.578711
Train Epoch: 24 [35200/50000 (70%)]	Loss: 0.782295
Train Epoch: 24 [38400/50000 (77%)]	Loss: 0.512834
Train Epoch: 24 [41600/50000 (83%)]	Loss: 0.485129
Train Epoch: 24 [44800/50000 (90%)]	Loss: 0.736926
Train Epoch: 24 [48000/50000 (96%)]	Loss: 0.626351

Test set: Average loss: 0.0006, Accuracy: 7837/10000 (78%)

Train Epoch: 25 [0/50000 (0%)]	Loss: 0.838954
Train Epoch: 25 [3200/50000 (6%)]	Loss: 0.524377
Train Epoch: 25 [6400/50000 (13%)]	Loss: 0.549071
Train Epoch: 25 [9600/50000 (19%)]	Loss: 0.585018
Train Epoch: 25 [12800/50000 (26%)]	Loss: 0.521769
Train Epoch: 25 [16000/50000 (32%)]	Loss: 0.753821
Train Epoch: 25 [19200/50000 (38%)]	Loss: 0.587603
Train Epoch: 25 [22400/50000 (45%)]	Loss: 0.588945
Train Epoch: 25 [25600/50000 (51%)]	Loss: 0.734120
Train Epoch: 25 [28800/50000 (58%)]	Loss: 0.623291
Train Epoch: 25 [32000/50000 (64%)]	Loss: 0.616917
Train Epoch: 25 [35200/50000 (70%)]	Loss: 0.576213
Train Epoch: 25 [38400/50000 (77%)]	Loss: 0.655964
Train Epoch: 25 [41600/50000 (83%)]	Loss: 0.460018
Train Epoch: 25 [44800/50000 (90%)]	Loss: 0.787034
Train Epoch: 25 [48000/50000 (96%)]	Loss: 0.485642

Test set: Average loss: 0.0006, Accuracy: 7867/10000 (79%)

Train Epoch: 26 [0/50000 (0%)]	Loss: 0.653845
Train Epoch: 26 [3200/50000 (6%)]	Loss: 0.568127
Train Epoch: 26 [6400/50000 (13%)]	Loss: 0.387725
Train Epoch: 26 [9600/50000 (19%)]	Loss: 0.546221
Train Epoch: 26 [12800/50000 (26%)]	Loss: 0.803810
Train Epoch: 26 [16000/50000 (32%)]	Loss: 0.645313
Train Epoch: 26 [19200/50000 (38%)]	Loss: 0.644674
Train Epoch: 26 [22400/50000 (45%)]	Loss: 0.733415
Train Epoch: 26 [25600/50000 (51%)]	Loss: 0.577535
Train Epoch: 26 [28800/50000 (58%)]	Loss: 0.625725
Train Epoch: 26 [32000/50000 (64%)]	Loss: 0.693889
Train Epoch: 26 [35200/50000 (70%)]	Loss: 0.752381
Train Epoch: 26 [38400/50000 (77%)]	Loss: 0.779055
Train Epoch: 26 [41600/50000 (83%)]	Loss: 0.398679
Train Epoch: 26 [44800/50000 (90%)]	Loss: 0.775597
Train Epoch: 26 [48000/50000 (96%)]	Loss: 0.480355

Test set: Average loss: 0.0006, Accuracy: 7852/10000 (79%)

Train Epoch: 27 [0/50000 (0%)]	Loss: 0.628777
Train Epoch: 27 [3200/50000 (6%)]	Loss: 0.656254
Train Epoch: 27 [6400/50000 (13%)]	Loss: 0.688625
Train Epoch: 27 [9600/50000 (19%)]	Loss: 0.813512
Train Epoch: 27 [12800/50000 (26%)]	Loss: 0.728748
Train Epoch: 27 [16000/50000 (32%)]	Loss: 0.483525
Train Epoch: 27 [19200/50000 (38%)]	Loss: 0.710940
Train Epoch: 27 [22400/50000 (45%)]	Loss: 0.520292
Train Epoch: 27 [25600/50000 (51%)]	Loss: 0.571704
Train Epoch: 27 [28800/50000 (58%)]	Loss: 0.695149
Train Epoch: 27 [32000/50000 (64%)]	Loss: 0.571234
Train Epoch: 27 [35200/50000 (70%)]	Loss: 0.444249
Train Epoch: 27 [38400/50000 (77%)]	Loss: 0.558701
Train Epoch: 27 [41600/50000 (83%)]	Loss: 0.523389
Train Epoch: 27 [44800/50000 (90%)]	Loss: 0.350378
Train Epoch: 27 [48000/50000 (96%)]	Loss: 0.673790

Test set: Average loss: 0.0006, Accuracy: 7900/10000 (79%)

Train Epoch: 28 [0/50000 (0%)]	Loss: 0.629705
Train Epoch: 28 [3200/50000 (6%)]	Loss: 0.501940
Train Epoch: 28 [6400/50000 (13%)]	Loss: 0.540862
Train Epoch: 28 [9600/50000 (19%)]	Loss: 0.760748
Train Epoch: 28 [12800/50000 (26%)]	Loss: 0.853161
Train Epoch: 28 [16000/50000 (32%)]	Loss: 0.426184
Train Epoch: 28 [19200/50000 (38%)]	Loss: 0.583840
Train Epoch: 28 [22400/50000 (45%)]	Loss: 0.441686
Train Epoch: 28 [25600/50000 (51%)]	Loss: 0.760930
Train Epoch: 28 [28800/50000 (58%)]	Loss: 0.426466
Train Epoch: 28 [32000/50000 (64%)]	Loss: 0.681345
Train Epoch: 28 [35200/50000 (70%)]	Loss: 0.537591
Train Epoch: 28 [38400/50000 (77%)]	Loss: 0.637473
Train Epoch: 28 [41600/50000 (83%)]	Loss: 0.856893
Train Epoch: 28 [44800/50000 (90%)]	Loss: 0.404500
Train Epoch: 28 [48000/50000 (96%)]	Loss: 0.433161

Test set: Average loss: 0.0006, Accuracy: 7908/10000 (79%)

Train Epoch: 29 [0/50000 (0%)]	Loss: 0.570466
Train Epoch: 29 [3200/50000 (6%)]	Loss: 0.674441
Train Epoch: 29 [6400/50000 (13%)]	Loss: 0.368955
Train Epoch: 29 [9600/50000 (19%)]	Loss: 0.518874
Train Epoch: 29 [12800/50000 (26%)]	Loss: 0.473364
Train Epoch: 29 [16000/50000 (32%)]	Loss: 0.555465
Train Epoch: 29 [19200/50000 (38%)]	Loss: 0.517321
Train Epoch: 29 [22400/50000 (45%)]	Loss: 0.389194
Train Epoch: 29 [25600/50000 (51%)]	Loss: 0.479058
Train Epoch: 29 [28800/50000 (58%)]	Loss: 0.466095
Train Epoch: 29 [32000/50000 (64%)]	Loss: 0.604337
Train Epoch: 29 [35200/50000 (70%)]	Loss: 0.618235
Train Epoch: 29 [38400/50000 (77%)]	Loss: 0.826709
Train Epoch: 29 [41600/50000 (83%)]	Loss: 0.686830
Train Epoch: 29 [44800/50000 (90%)]	Loss: 0.641774
Train Epoch: 29 [48000/50000 (96%)]	Loss: 0.566882

Test set: Average loss: 0.0006, Accuracy: 7902/10000 (79%)

Train Epoch: 30 [0/50000 (0%)]	Loss: 0.545053
Train Epoch: 30 [3200/50000 (6%)]	Loss: 0.403633
Train Epoch: 30 [6400/50000 (13%)]	Loss: 0.442173
Train Epoch: 30 [9600/50000 (19%)]	Loss: 0.444280
Train Epoch: 30 [12800/50000 (26%)]	Loss: 0.411633
Train Epoch: 30 [16000/50000 (32%)]	Loss: 0.626000
Train Epoch: 30 [19200/50000 (38%)]	Loss: 0.540215
Train Epoch: 30 [22400/50000 (45%)]	Loss: 0.625623
Train Epoch: 30 [25600/50000 (51%)]	Loss: 0.362763
Train Epoch: 30 [28800/50000 (58%)]	Loss: 0.482773
Train Epoch: 30 [32000/50000 (64%)]	Loss: 0.578100
Train Epoch: 30 [35200/50000 (70%)]	Loss: 0.742870
Train Epoch: 30 [38400/50000 (77%)]	Loss: 0.691634
Train Epoch: 30 [41600/50000 (83%)]	Loss: 0.440247
Train Epoch: 30 [44800/50000 (90%)]	Loss: 0.595900
Train Epoch: 30 [48000/50000 (96%)]	Loss: 0.415505

Test set: Average loss: 0.0006, Accuracy: 7921/10000 (79%)

Train Epoch: 31 [0/50000 (0%)]	Loss: 0.558143
Train Epoch: 31 [3200/50000 (6%)]	Loss: 0.349940
Train Epoch: 31 [6400/50000 (13%)]	Loss: 0.421288
Train Epoch: 31 [9600/50000 (19%)]	Loss: 0.480028
Train Epoch: 31 [12800/50000 (26%)]	Loss: 0.513859
Train Epoch: 31 [16000/50000 (32%)]	Loss: 0.658134
Train Epoch: 31 [19200/50000 (38%)]	Loss: 0.557694
Train Epoch: 31 [22400/50000 (45%)]	Loss: 0.794847
Train Epoch: 31 [25600/50000 (51%)]	Loss: 0.507529
Train Epoch: 31 [28800/50000 (58%)]	Loss: 0.369537
Train Epoch: 31 [32000/50000 (64%)]	Loss: 0.738117
Train Epoch: 31 [35200/50000 (70%)]	Loss: 0.522177
Train Epoch: 31 [38400/50000 (77%)]	Loss: 0.534679
Train Epoch: 31 [41600/50000 (83%)]	Loss: 0.573676
Train Epoch: 31 [44800/50000 (90%)]	Loss: 0.527373
Train Epoch: 31 [48000/50000 (96%)]	Loss: 0.518666

Test set: Average loss: 0.0006, Accuracy: 7991/10000 (80%)

Train Epoch: 32 [0/50000 (0%)]	Loss: 0.622207
Train Epoch: 32 [3200/50000 (6%)]	Loss: 0.398802
Train Epoch: 32 [6400/50000 (13%)]	Loss: 0.393635
Train Epoch: 32 [9600/50000 (19%)]	Loss: 0.847147
Train Epoch: 32 [12800/50000 (26%)]	Loss: 0.481718
Train Epoch: 32 [16000/50000 (32%)]	Loss: 0.486424
Train Epoch: 32 [19200/50000 (38%)]	Loss: 0.671095
Train Epoch: 32 [22400/50000 (45%)]	Loss: 0.435252
Train Epoch: 32 [25600/50000 (51%)]	Loss: 0.766026
Train Epoch: 32 [28800/50000 (58%)]	Loss: 0.378131
Train Epoch: 32 [32000/50000 (64%)]	Loss: 0.631341
Train Epoch: 32 [35200/50000 (70%)]	Loss: 0.713047
Train Epoch: 32 [38400/50000 (77%)]	Loss: 0.335413
Train Epoch: 32 [41600/50000 (83%)]	Loss: 0.515664
Train Epoch: 32 [44800/50000 (90%)]	Loss: 0.576160
Train Epoch: 32 [48000/50000 (96%)]	Loss: 0.790388

Test set: Average loss: 0.0006, Accuracy: 8017/10000 (80%)

Train Epoch: 33 [0/50000 (0%)]	Loss: 0.347613
Train Epoch: 33 [3200/50000 (6%)]	Loss: 0.648261
Train Epoch: 33 [6400/50000 (13%)]	Loss: 0.567616
Train Epoch: 33 [9600/50000 (19%)]	Loss: 0.635045
Train Epoch: 33 [12800/50000 (26%)]	Loss: 0.621719
Train Epoch: 33 [16000/50000 (32%)]	Loss: 0.596423
Train Epoch: 33 [19200/50000 (38%)]	Loss: 0.363619
Train Epoch: 33 [22400/50000 (45%)]	Loss: 0.522180
Train Epoch: 33 [25600/50000 (51%)]	Loss: 0.361395
Train Epoch: 33 [28800/50000 (58%)]	Loss: 0.646913
Train Epoch: 33 [32000/50000 (64%)]	Loss: 0.683026
Train Epoch: 33 [35200/50000 (70%)]	Loss: 0.360231
Train Epoch: 33 [38400/50000 (77%)]	Loss: 0.553773
Train Epoch: 33 [41600/50000 (83%)]	Loss: 0.473717
Train Epoch: 33 [44800/50000 (90%)]	Loss: 0.325779
Train Epoch: 33 [48000/50000 (96%)]	Loss: 0.425974

Test set: Average loss: 0.0006, Accuracy: 8060/10000 (81%)

Train Epoch: 34 [0/50000 (0%)]	Loss: 0.537265
Train Epoch: 34 [3200/50000 (6%)]	Loss: 0.554454
Train Epoch: 34 [6400/50000 (13%)]	Loss: 0.672712
Train Epoch: 34 [9600/50000 (19%)]	Loss: 0.657327
Train Epoch: 34 [12800/50000 (26%)]	Loss: 0.482561
Train Epoch: 34 [16000/50000 (32%)]	Loss: 0.442510
Train Epoch: 34 [19200/50000 (38%)]	Loss: 0.595149
Train Epoch: 34 [22400/50000 (45%)]	Loss: 0.651579
Train Epoch: 34 [25600/50000 (51%)]	Loss: 0.664874
Train Epoch: 34 [28800/50000 (58%)]	Loss: 0.468787
Train Epoch: 34 [32000/50000 (64%)]	Loss: 0.682142
Train Epoch: 34 [35200/50000 (70%)]	Loss: 0.485440
Train Epoch: 34 [38400/50000 (77%)]	Loss: 0.334937
Train Epoch: 34 [41600/50000 (83%)]	Loss: 0.557682
Train Epoch: 34 [44800/50000 (90%)]	Loss: 0.556316
Train Epoch: 34 [48000/50000 (96%)]	Loss: 0.499363

Test set: Average loss: 0.0006, Accuracy: 7999/10000 (80%)

Train Epoch: 35 [0/50000 (0%)]	Loss: 0.687488
Train Epoch: 35 [3200/50000 (6%)]	Loss: 0.581917
Train Epoch: 35 [6400/50000 (13%)]	Loss: 0.415960
Train Epoch: 35 [9600/50000 (19%)]	Loss: 0.468777
Train Epoch: 35 [12800/50000 (26%)]	Loss: 0.620810
Train Epoch: 35 [16000/50000 (32%)]	Loss: 0.532594
Train Epoch: 35 [19200/50000 (38%)]	Loss: 0.410792
Train Epoch: 35 [22400/50000 (45%)]	Loss: 0.473350
Train Epoch: 35 [25600/50000 (51%)]	Loss: 0.501046
Train Epoch: 35 [28800/50000 (58%)]	Loss: 0.655327
Train Epoch: 35 [32000/50000 (64%)]	Loss: 0.380990
Train Epoch: 35 [35200/50000 (70%)]	Loss: 0.596403
Train Epoch: 35 [38400/50000 (77%)]	Loss: 0.544991
Train Epoch: 35 [41600/50000 (83%)]	Loss: 0.753236
Train Epoch: 35 [44800/50000 (90%)]	Loss: 0.661891
Train Epoch: 35 [48000/50000 (96%)]	Loss: 0.523065

Test set: Average loss: 0.0006, Accuracy: 8041/10000 (80%)

Train Epoch: 36 [0/50000 (0%)]	Loss: 0.476522
Train Epoch: 36 [3200/50000 (6%)]	Loss: 0.406482
Train Epoch: 36 [6400/50000 (13%)]	Loss: 0.432150
Train Epoch: 36 [9600/50000 (19%)]	Loss: 0.455099
Train Epoch: 36 [12800/50000 (26%)]	Loss: 0.356579
Train Epoch: 36 [16000/50000 (32%)]	Loss: 0.456883
Train Epoch: 36 [19200/50000 (38%)]	Loss: 0.341143
Train Epoch: 36 [22400/50000 (45%)]	Loss: 0.370243
Train Epoch: 36 [25600/50000 (51%)]	Loss: 0.549725
Train Epoch: 36 [28800/50000 (58%)]	Loss: 0.573459
Train Epoch: 36 [32000/50000 (64%)]	Loss: 0.563023
Train Epoch: 36 [35200/50000 (70%)]	Loss: 0.390115
Train Epoch: 36 [38400/50000 (77%)]	Loss: 0.701275
Train Epoch: 36 [41600/50000 (83%)]	Loss: 0.468585
Train Epoch: 36 [44800/50000 (90%)]	Loss: 0.614734
Train Epoch: 36 [48000/50000 (96%)]	Loss: 0.437046

Test set: Average loss: 0.0006, Accuracy: 8110/10000 (81%)

Train Epoch: 37 [0/50000 (0%)]	Loss: 0.428279
Train Epoch: 37 [3200/50000 (6%)]	Loss: 0.535137
Train Epoch: 37 [6400/50000 (13%)]	Loss: 0.488269
Train Epoch: 37 [9600/50000 (19%)]	Loss: 0.513093
Train Epoch: 37 [12800/50000 (26%)]	Loss: 0.572853
Train Epoch: 37 [16000/50000 (32%)]	Loss: 0.525226
Train Epoch: 37 [19200/50000 (38%)]	Loss: 0.470949
Train Epoch: 37 [22400/50000 (45%)]	Loss: 0.506337
Train Epoch: 37 [25600/50000 (51%)]	Loss: 0.521405
Train Epoch: 37 [28800/50000 (58%)]	Loss: 0.444627
Train Epoch: 37 [32000/50000 (64%)]	Loss: 0.366018
Train Epoch: 37 [35200/50000 (70%)]	Loss: 0.343227
Train Epoch: 37 [38400/50000 (77%)]	Loss: 0.474454
Train Epoch: 37 [41600/50000 (83%)]	Loss: 0.291342
Train Epoch: 37 [44800/50000 (90%)]	Loss: 0.627062
Train Epoch: 37 [48000/50000 (96%)]	Loss: 0.290265

Test set: Average loss: 0.0006, Accuracy: 8111/10000 (81%)

Train Epoch: 38 [0/50000 (0%)]	Loss: 0.470309
Train Epoch: 38 [3200/50000 (6%)]	Loss: 0.488562
Train Epoch: 38 [6400/50000 (13%)]	Loss: 0.431657
Train Epoch: 38 [9600/50000 (19%)]	Loss: 0.373671
Train Epoch: 38 [12800/50000 (26%)]	Loss: 0.610892
Train Epoch: 38 [16000/50000 (32%)]	Loss: 0.532873
Train Epoch: 38 [19200/50000 (38%)]	Loss: 0.586458
Train Epoch: 38 [22400/50000 (45%)]	Loss: 0.498393
Train Epoch: 38 [25600/50000 (51%)]	Loss: 0.691121
Train Epoch: 38 [28800/50000 (58%)]	Loss: 0.465160
Train Epoch: 38 [32000/50000 (64%)]	Loss: 0.560871
Train Epoch: 38 [35200/50000 (70%)]	Loss: 0.593658
Train Epoch: 38 [38400/50000 (77%)]	Loss: 0.377671
Train Epoch: 38 [41600/50000 (83%)]	Loss: 0.332119
Train Epoch: 38 [44800/50000 (90%)]	Loss: 0.448012
Train Epoch: 38 [48000/50000 (96%)]	Loss: 0.368477

Test set: Average loss: 0.0006, Accuracy: 8112/10000 (81%)

Train Epoch: 39 [0/50000 (0%)]	Loss: 0.379189
Train Epoch: 39 [3200/50000 (6%)]	Loss: 0.302417
Train Epoch: 39 [6400/50000 (13%)]	Loss: 0.668742
Train Epoch: 39 [9600/50000 (19%)]	Loss: 0.472949
Train Epoch: 39 [12800/50000 (26%)]	Loss: 0.444282
Train Epoch: 39 [16000/50000 (32%)]	Loss: 0.573877
Train Epoch: 39 [19200/50000 (38%)]	Loss: 0.475211
Train Epoch: 39 [22400/50000 (45%)]	Loss: 0.431506
Train Epoch: 39 [25600/50000 (51%)]	Loss: 0.393607
Train Epoch: 39 [28800/50000 (58%)]	Loss: 0.658762
Train Epoch: 39 [32000/50000 (64%)]	Loss: 0.453611
Train Epoch: 39 [35200/50000 (70%)]	Loss: 0.438779
Train Epoch: 39 [38400/50000 (77%)]	Loss: 0.501316
Train Epoch: 39 [41600/50000 (83%)]	Loss: 0.411987
Train Epoch: 39 [44800/50000 (90%)]	Loss: 0.532642
Train Epoch: 39 [48000/50000 (96%)]	Loss: 0.748202

Test set: Average loss: 0.0006, Accuracy: 8129/10000 (81%)

Train Epoch: 40 [0/50000 (0%)]	Loss: 0.623834
Train Epoch: 40 [3200/50000 (6%)]	Loss: 0.592134
Train Epoch: 40 [6400/50000 (13%)]	Loss: 0.379106
Train Epoch: 40 [9600/50000 (19%)]	Loss: 0.446634
Train Epoch: 40 [12800/50000 (26%)]	Loss: 0.441390
Train Epoch: 40 [16000/50000 (32%)]	Loss: 0.378116
Train Epoch: 40 [19200/50000 (38%)]	Loss: 0.568407
Train Epoch: 40 [22400/50000 (45%)]	Loss: 0.538854
Train Epoch: 40 [25600/50000 (51%)]	Loss: 0.536514
Train Epoch: 40 [28800/50000 (58%)]	Loss: 0.447065
Train Epoch: 40 [32000/50000 (64%)]	Loss: 0.601000
Train Epoch: 40 [35200/50000 (70%)]	Loss: 0.383734
Train Epoch: 40 [38400/50000 (77%)]	Loss: 0.739694
Train Epoch: 40 [41600/50000 (83%)]	Loss: 0.397453
Train Epoch: 40 [44800/50000 (90%)]	Loss: 0.660811
Train Epoch: 40 [48000/50000 (96%)]	Loss: 0.563657

Test set: Average loss: 0.0005, Accuracy: 8135/10000 (81%)

Train Epoch: 41 [0/50000 (0%)]	Loss: 0.440992
Train Epoch: 41 [3200/50000 (6%)]	Loss: 0.502570
Train Epoch: 41 [6400/50000 (13%)]	Loss: 0.533314
Train Epoch: 41 [9600/50000 (19%)]	Loss: 0.595920
Train Epoch: 41 [12800/50000 (26%)]	Loss: 0.525186
Train Epoch: 41 [16000/50000 (32%)]	Loss: 0.251608
Train Epoch: 41 [19200/50000 (38%)]	Loss: 0.413698
Train Epoch: 41 [22400/50000 (45%)]	Loss: 0.643677
Train Epoch: 41 [25600/50000 (51%)]	Loss: 0.518848
Train Epoch: 41 [28800/50000 (58%)]	Loss: 0.518625
Train Epoch: 41 [32000/50000 (64%)]	Loss: 0.473659
Train Epoch: 41 [35200/50000 (70%)]	Loss: 0.437734
Train Epoch: 41 [38400/50000 (77%)]	Loss: 0.657731
Train Epoch: 41 [41600/50000 (83%)]	Loss: 0.375380
Train Epoch: 41 [44800/50000 (90%)]	Loss: 0.443310
Train Epoch: 41 [48000/50000 (96%)]	Loss: 0.730052

Test set: Average loss: 0.0006, Accuracy: 8117/10000 (81%)

Train Epoch: 42 [0/50000 (0%)]	Loss: 0.296456
Train Epoch: 42 [3200/50000 (6%)]	Loss: 0.248803
Train Epoch: 42 [6400/50000 (13%)]	Loss: 0.717355
Train Epoch: 42 [9600/50000 (19%)]	Loss: 0.495568
Train Epoch: 42 [12800/50000 (26%)]	Loss: 0.278900
Train Epoch: 42 [16000/50000 (32%)]	Loss: 0.557417
Train Epoch: 42 [19200/50000 (38%)]	Loss: 0.263676
Train Epoch: 42 [22400/50000 (45%)]	Loss: 0.484848
Train Epoch: 42 [25600/50000 (51%)]	Loss: 0.364416
Train Epoch: 42 [28800/50000 (58%)]	Loss: 0.531617
Train Epoch: 42 [32000/50000 (64%)]	Loss: 0.502791
Train Epoch: 42 [35200/50000 (70%)]	Loss: 0.738837
Train Epoch: 42 [38400/50000 (77%)]	Loss: 0.461752
Train Epoch: 42 [41600/50000 (83%)]	Loss: 0.536220
Train Epoch: 42 [44800/50000 (90%)]	Loss: 0.417437
Train Epoch: 42 [48000/50000 (96%)]	Loss: 0.472157

Test set: Average loss: 0.0005, Accuracy: 8229/10000 (82%)

Train Epoch: 43 [0/50000 (0%)]	Loss: 0.358882
Train Epoch: 43 [3200/50000 (6%)]	Loss: 0.485382
Train Epoch: 43 [6400/50000 (13%)]	Loss: 0.395378
Train Epoch: 43 [9600/50000 (19%)]	Loss: 0.338846
Train Epoch: 43 [12800/50000 (26%)]	Loss: 0.435597
Train Epoch: 43 [16000/50000 (32%)]	Loss: 0.440156
Train Epoch: 43 [19200/50000 (38%)]	Loss: 0.559300
Train Epoch: 43 [22400/50000 (45%)]	Loss: 0.318323
Train Epoch: 43 [25600/50000 (51%)]	Loss: 0.390898
Train Epoch: 43 [28800/50000 (58%)]	Loss: 0.452120
Train Epoch: 43 [32000/50000 (64%)]	Loss: 0.526082
Train Epoch: 43 [35200/50000 (70%)]	Loss: 0.360202
Train Epoch: 43 [38400/50000 (77%)]	Loss: 0.528572
Train Epoch: 43 [41600/50000 (83%)]	Loss: 0.602525
Train Epoch: 43 [44800/50000 (90%)]	Loss: 0.321542
Train Epoch: 43 [48000/50000 (96%)]	Loss: 0.645389

Test set: Average loss: 0.0005, Accuracy: 8194/10000 (82%)

Train Epoch: 44 [0/50000 (0%)]	Loss: 0.429983
Train Epoch: 44 [3200/50000 (6%)]	Loss: 0.351945
Train Epoch: 44 [6400/50000 (13%)]	Loss: 0.308263
Train Epoch: 44 [9600/50000 (19%)]	Loss: 0.393702
Train Epoch: 44 [12800/50000 (26%)]	Loss: 0.434033
Train Epoch: 44 [16000/50000 (32%)]	Loss: 0.428874
Train Epoch: 44 [19200/50000 (38%)]	Loss: 0.476015
Train Epoch: 44 [22400/50000 (45%)]	Loss: 0.657975
Train Epoch: 44 [25600/50000 (51%)]	Loss: 0.666693
Train Epoch: 44 [28800/50000 (58%)]	Loss: 0.331141
Train Epoch: 44 [32000/50000 (64%)]	Loss: 0.299624
Train Epoch: 44 [35200/50000 (70%)]	Loss: 0.492060
Train Epoch: 44 [38400/50000 (77%)]	Loss: 0.710267
Train Epoch: 44 [41600/50000 (83%)]	Loss: 0.337787
Train Epoch: 44 [44800/50000 (90%)]	Loss: 0.479657
Train Epoch: 44 [48000/50000 (96%)]	Loss: 0.439205

Test set: Average loss: 0.0005, Accuracy: 8190/10000 (82%)

Train Epoch: 45 [0/50000 (0%)]	Loss: 0.390666
Train Epoch: 45 [3200/50000 (6%)]	Loss: 0.484070
Train Epoch: 45 [6400/50000 (13%)]	Loss: 0.483441
Train Epoch: 45 [9600/50000 (19%)]	Loss: 0.399860
Train Epoch: 45 [12800/50000 (26%)]	Loss: 0.236166
Train Epoch: 45 [16000/50000 (32%)]	Loss: 0.310811
Train Epoch: 45 [19200/50000 (38%)]	Loss: 0.354415
Train Epoch: 45 [22400/50000 (45%)]	Loss: 0.343551
Train Epoch: 45 [25600/50000 (51%)]	Loss: 0.260606
Train Epoch: 45 [28800/50000 (58%)]	Loss: 0.458689
Train Epoch: 45 [32000/50000 (64%)]	Loss: 0.597999
Train Epoch: 45 [35200/50000 (70%)]	Loss: 0.409098
Train Epoch: 45 [38400/50000 (77%)]	Loss: 0.459683
Train Epoch: 45 [41600/50000 (83%)]	Loss: 0.601347
Train Epoch: 45 [44800/50000 (90%)]	Loss: 0.478468
Train Epoch: 45 [48000/50000 (96%)]	Loss: 0.394349

Test set: Average loss: 0.0005, Accuracy: 8220/10000 (82%)

Train Epoch: 46 [0/50000 (0%)]	Loss: 0.352764
Train Epoch: 46 [3200/50000 (6%)]	Loss: 0.355899
Train Epoch: 46 [6400/50000 (13%)]	Loss: 0.517819
Train Epoch: 46 [9600/50000 (19%)]	Loss: 0.410525
Train Epoch: 46 [12800/50000 (26%)]	Loss: 0.491163
Train Epoch: 46 [16000/50000 (32%)]	Loss: 0.537094
Train Epoch: 46 [19200/50000 (38%)]	Loss: 0.474096
Train Epoch: 46 [22400/50000 (45%)]	Loss: 0.600745
Train Epoch: 46 [25600/50000 (51%)]	Loss: 0.373413
Train Epoch: 46 [28800/50000 (58%)]	Loss: 0.319213
Train Epoch: 46 [32000/50000 (64%)]	Loss: 0.460130
Train Epoch: 46 [35200/50000 (70%)]	Loss: 0.354169
Train Epoch: 46 [38400/50000 (77%)]	Loss: 0.552331
Train Epoch: 46 [41600/50000 (83%)]	Loss: 0.356854
Train Epoch: 46 [44800/50000 (90%)]	Loss: 0.428407
Train Epoch: 46 [48000/50000 (96%)]	Loss: 0.353632

Test set: Average loss: 0.0005, Accuracy: 8159/10000 (82%)

Train Epoch: 47 [0/50000 (0%)]	Loss: 0.531561
Train Epoch: 47 [3200/50000 (6%)]	Loss: 0.467539
Train Epoch: 47 [6400/50000 (13%)]	Loss: 0.493954
Train Epoch: 47 [9600/50000 (19%)]	Loss: 0.322907
Train Epoch: 47 [12800/50000 (26%)]	Loss: 0.596269
Train Epoch: 47 [16000/50000 (32%)]	Loss: 0.491046
Train Epoch: 47 [19200/50000 (38%)]	Loss: 0.265518
Train Epoch: 47 [22400/50000 (45%)]	Loss: 0.460900
Train Epoch: 47 [25600/50000 (51%)]	Loss: 0.556990
Train Epoch: 47 [28800/50000 (58%)]	Loss: 0.341832
Train Epoch: 47 [32000/50000 (64%)]	Loss: 0.318481
Train Epoch: 47 [35200/50000 (70%)]	Loss: 0.415846
Train Epoch: 47 [38400/50000 (77%)]	Loss: 0.448373
Train Epoch: 47 [41600/50000 (83%)]	Loss: 0.292328
Train Epoch: 47 [44800/50000 (90%)]	Loss: 0.503214
Train Epoch: 47 [48000/50000 (96%)]	Loss: 0.393005

Test set: Average loss: 0.0005, Accuracy: 8289/10000 (83%)

Train Epoch: 48 [0/50000 (0%)]	Loss: 0.435155
Train Epoch: 48 [3200/50000 (6%)]	Loss: 0.386908
Train Epoch: 48 [6400/50000 (13%)]	Loss: 0.718224
Train Epoch: 48 [9600/50000 (19%)]	Loss: 0.329115
Train Epoch: 48 [12800/50000 (26%)]	Loss: 0.503021
Train Epoch: 48 [16000/50000 (32%)]	Loss: 0.383127
Train Epoch: 48 [19200/50000 (38%)]	Loss: 0.346238
Train Epoch: 48 [22400/50000 (45%)]	Loss: 0.296153
Train Epoch: 48 [25600/50000 (51%)]	Loss: 0.617856
Train Epoch: 48 [28800/50000 (58%)]	Loss: 0.303090
Train Epoch: 48 [32000/50000 (64%)]	Loss: 0.712402
Train Epoch: 48 [35200/50000 (70%)]	Loss: 0.413985
Train Epoch: 48 [38400/50000 (77%)]	Loss: 0.513646
Train Epoch: 48 [41600/50000 (83%)]	Loss: 0.322876
Train Epoch: 48 [44800/50000 (90%)]	Loss: 0.617236
Train Epoch: 48 [48000/50000 (96%)]	Loss: 0.611249

Test set: Average loss: 0.0005, Accuracy: 8203/10000 (82%)

Train Epoch: 49 [0/50000 (0%)]	Loss: 0.326698
Train Epoch: 49 [3200/50000 (6%)]	Loss: 0.363025
Train Epoch: 49 [6400/50000 (13%)]	Loss: 0.449248
Train Epoch: 49 [9600/50000 (19%)]	Loss: 0.400382
Train Epoch: 49 [12800/50000 (26%)]	Loss: 0.386171
Train Epoch: 49 [16000/50000 (32%)]	Loss: 0.371800
Train Epoch: 49 [19200/50000 (38%)]	Loss: 0.307007
Train Epoch: 49 [22400/50000 (45%)]	Loss: 0.424113
Train Epoch: 49 [25600/50000 (51%)]	Loss: 0.392013
Train Epoch: 49 [28800/50000 (58%)]	Loss: 0.344604
Train Epoch: 49 [32000/50000 (64%)]	Loss: 0.306794
Train Epoch: 49 [35200/50000 (70%)]	Loss: 0.515548
Train Epoch: 49 [38400/50000 (77%)]	Loss: 0.323836
Train Epoch: 49 [41600/50000 (83%)]	Loss: 0.397369
Train Epoch: 49 [44800/50000 (90%)]	Loss: 0.374699
Train Epoch: 49 [48000/50000 (96%)]	Loss: 0.361310

Test set: Average loss: 0.0005, Accuracy: 8216/10000 (82%)

Train Epoch: 50 [0/50000 (0%)]	Loss: 0.427091
Train Epoch: 50 [3200/50000 (6%)]	Loss: 0.436771
Train Epoch: 50 [6400/50000 (13%)]	Loss: 0.205167
Train Epoch: 50 [9600/50000 (19%)]	Loss: 0.446682
Train Epoch: 50 [12800/50000 (26%)]	Loss: 0.588431
Train Epoch: 50 [16000/50000 (32%)]	Loss: 0.385910
Train Epoch: 50 [19200/50000 (38%)]	Loss: 0.298980
Train Epoch: 50 [22400/50000 (45%)]	Loss: 0.337210
Train Epoch: 50 [25600/50000 (51%)]	Loss: 0.473459
Train Epoch: 50 [28800/50000 (58%)]	Loss: 0.229498
Train Epoch: 50 [32000/50000 (64%)]	Loss: 0.501563
Train Epoch: 50 [35200/50000 (70%)]	Loss: 0.243667
Train Epoch: 50 [38400/50000 (77%)]	Loss: 0.389545
Train Epoch: 50 [41600/50000 (83%)]	Loss: 0.483841
Train Epoch: 50 [44800/50000 (90%)]	Loss: 0.336553
Train Epoch: 50 [48000/50000 (96%)]	Loss: 0.452611

Test set: Average loss: 0.0005, Accuracy: 8267/10000 (83%)

Train Epoch: 51 [0/50000 (0%)]	Loss: 0.408840
Train Epoch: 51 [3200/50000 (6%)]	Loss: 0.466627
Train Epoch: 51 [6400/50000 (13%)]	Loss: 0.358661
Train Epoch: 51 [9600/50000 (19%)]	Loss: 0.660672
Train Epoch: 51 [12800/50000 (26%)]	Loss: 0.339240
Train Epoch: 51 [16000/50000 (32%)]	Loss: 0.370457
Train Epoch: 51 [19200/50000 (38%)]	Loss: 0.376977
Train Epoch: 51 [22400/50000 (45%)]	Loss: 0.440130
Train Epoch: 51 [25600/50000 (51%)]	Loss: 0.331695
Train Epoch: 51 [28800/50000 (58%)]	Loss: 0.373970
Train Epoch: 51 [32000/50000 (64%)]	Loss: 0.397667
Train Epoch: 51 [35200/50000 (70%)]	Loss: 0.296098
Train Epoch: 51 [38400/50000 (77%)]	Loss: 0.506462
Train Epoch: 51 [41600/50000 (83%)]	Loss: 0.408557
Train Epoch: 51 [44800/50000 (90%)]	Loss: 0.562272
Train Epoch: 51 [48000/50000 (96%)]	Loss: 0.497072

Test set: Average loss: 0.0005, Accuracy: 8290/10000 (83%)

Train Epoch: 52 [0/50000 (0%)]	Loss: 0.314756
Train Epoch: 52 [3200/50000 (6%)]	Loss: 0.350531
Train Epoch: 52 [6400/50000 (13%)]	Loss: 0.220918
Train Epoch: 52 [9600/50000 (19%)]	Loss: 0.384794
Train Epoch: 52 [12800/50000 (26%)]	Loss: 0.467019
Train Epoch: 52 [16000/50000 (32%)]	Loss: 0.499125
Train Epoch: 52 [19200/50000 (38%)]	Loss: 0.440426
Train Epoch: 52 [22400/50000 (45%)]	Loss: 0.577312
Train Epoch: 52 [25600/50000 (51%)]	Loss: 0.276169
Train Epoch: 52 [28800/50000 (58%)]	Loss: 0.571497
Train Epoch: 52 [32000/50000 (64%)]	Loss: 0.192634
Train Epoch: 52 [35200/50000 (70%)]	Loss: 0.533816
Train Epoch: 52 [38400/50000 (77%)]	Loss: 0.436056
Train Epoch: 52 [41600/50000 (83%)]	Loss: 0.339527
Train Epoch: 52 [44800/50000 (90%)]	Loss: 0.307529
Train Epoch: 52 [48000/50000 (96%)]	Loss: 0.439771

Test set: Average loss: 0.0005, Accuracy: 8342/10000 (83%)

Train Epoch: 53 [0/50000 (0%)]	Loss: 0.379967
Train Epoch: 53 [3200/50000 (6%)]	Loss: 0.318011
Train Epoch: 53 [6400/50000 (13%)]	Loss: 0.349619
Train Epoch: 53 [9600/50000 (19%)]	Loss: 0.465307
Train Epoch: 53 [12800/50000 (26%)]	Loss: 0.790215
Train Epoch: 53 [16000/50000 (32%)]	Loss: 0.245911
Train Epoch: 53 [19200/50000 (38%)]	Loss: 0.286798
Train Epoch: 53 [22400/50000 (45%)]	Loss: 0.378471
Train Epoch: 53 [25600/50000 (51%)]	Loss: 0.466111
Train Epoch: 53 [28800/50000 (58%)]	Loss: 0.287063
Train Epoch: 53 [32000/50000 (64%)]	Loss: 0.456882
Train Epoch: 53 [35200/50000 (70%)]	Loss: 0.334468
Train Epoch: 53 [38400/50000 (77%)]	Loss: 0.346543
Train Epoch: 53 [41600/50000 (83%)]	Loss: 0.408330
Train Epoch: 53 [44800/50000 (90%)]	Loss: 0.540366
Train Epoch: 53 [48000/50000 (96%)]	Loss: 0.295528

Test set: Average loss: 0.0005, Accuracy: 8266/10000 (83%)

Train Epoch: 54 [0/50000 (0%)]	Loss: 0.288137
Train Epoch: 54 [3200/50000 (6%)]	Loss: 0.454725
Train Epoch: 54 [6400/50000 (13%)]	Loss: 0.537558
Train Epoch: 54 [9600/50000 (19%)]	Loss: 0.530510
Train Epoch: 54 [12800/50000 (26%)]	Loss: 0.425649
Train Epoch: 54 [16000/50000 (32%)]	Loss: 0.220012
Train Epoch: 54 [19200/50000 (38%)]	Loss: 0.290921
Train Epoch: 54 [22400/50000 (45%)]	Loss: 0.363509
Train Epoch: 54 [25600/50000 (51%)]	Loss: 0.382538
Train Epoch: 54 [28800/50000 (58%)]	Loss: 0.506238
Train Epoch: 54 [32000/50000 (64%)]	Loss: 0.268015
Train Epoch: 54 [35200/50000 (70%)]	Loss: 0.276501
Train Epoch: 54 [38400/50000 (77%)]	Loss: 0.346007
Train Epoch: 54 [41600/50000 (83%)]	Loss: 0.372309
Train Epoch: 54 [44800/50000 (90%)]	Loss: 0.388159
Train Epoch: 54 [48000/50000 (96%)]	Loss: 0.460005

Test set: Average loss: 0.0005, Accuracy: 8237/10000 (82%)

Train Epoch: 55 [0/50000 (0%)]	Loss: 0.362716
Train Epoch: 55 [3200/50000 (6%)]	Loss: 0.290581
Train Epoch: 55 [6400/50000 (13%)]	Loss: 0.354943
Train Epoch: 55 [9600/50000 (19%)]	Loss: 0.461018
Train Epoch: 55 [12800/50000 (26%)]	Loss: 0.378729
Train Epoch: 55 [16000/50000 (32%)]	Loss: 0.629941
Train Epoch: 55 [19200/50000 (38%)]	Loss: 0.329666
Train Epoch: 55 [22400/50000 (45%)]	Loss: 0.506694
Train Epoch: 55 [25600/50000 (51%)]	Loss: 0.439074
Train Epoch: 55 [28800/50000 (58%)]	Loss: 0.463689
Train Epoch: 55 [32000/50000 (64%)]	Loss: 0.670016
Train Epoch: 55 [35200/50000 (70%)]	Loss: 0.442526
Train Epoch: 55 [38400/50000 (77%)]	Loss: 0.344319
Train Epoch: 55 [41600/50000 (83%)]	Loss: 0.324426
Train Epoch: 55 [44800/50000 (90%)]	Loss: 0.602485
Train Epoch: 55 [48000/50000 (96%)]	Loss: 0.515011

Test set: Average loss: 0.0005, Accuracy: 8300/10000 (83%)

Train Epoch: 56 [0/50000 (0%)]	Loss: 0.355371
Train Epoch: 56 [3200/50000 (6%)]	Loss: 0.501090
Train Epoch: 56 [6400/50000 (13%)]	Loss: 0.517370
Train Epoch: 56 [9600/50000 (19%)]	Loss: 0.461571
Train Epoch: 56 [12800/50000 (26%)]	Loss: 0.421497
Train Epoch: 56 [16000/50000 (32%)]	Loss: 0.344378
Train Epoch: 56 [19200/50000 (38%)]	Loss: 0.390279
Train Epoch: 56 [22400/50000 (45%)]	Loss: 0.320843
Train Epoch: 56 [25600/50000 (51%)]	Loss: 0.301086
Train Epoch: 56 [28800/50000 (58%)]	Loss: 0.427753
Train Epoch: 56 [32000/50000 (64%)]	Loss: 0.309539
Train Epoch: 56 [35200/50000 (70%)]	Loss: 0.439419
Train Epoch: 56 [38400/50000 (77%)]	Loss: 0.445116
Train Epoch: 56 [41600/50000 (83%)]	Loss: 0.506176
Train Epoch: 56 [44800/50000 (90%)]	Loss: 0.374109
Train Epoch: 56 [48000/50000 (96%)]	Loss: 0.441951

Test set: Average loss: 0.0005, Accuracy: 8313/10000 (83%)

Train Epoch: 57 [0/50000 (0%)]	Loss: 0.364200
Train Epoch: 57 [3200/50000 (6%)]	Loss: 0.290679
Train Epoch: 57 [6400/50000 (13%)]	Loss: 0.315996
Train Epoch: 57 [9600/50000 (19%)]	Loss: 0.365475
Train Epoch: 57 [12800/50000 (26%)]	Loss: 0.333685
Train Epoch: 57 [16000/50000 (32%)]	Loss: 0.358642
Train Epoch: 57 [19200/50000 (38%)]	Loss: 0.253507
Train Epoch: 57 [22400/50000 (45%)]	Loss: 0.385846
Train Epoch: 57 [25600/50000 (51%)]	Loss: 0.354553
Train Epoch: 57 [28800/50000 (58%)]	Loss: 0.341998
Train Epoch: 57 [32000/50000 (64%)]	Loss: 0.438376
Train Epoch: 57 [35200/50000 (70%)]	Loss: 0.467881
Train Epoch: 57 [38400/50000 (77%)]	Loss: 0.320151
Train Epoch: 57 [41600/50000 (83%)]	Loss: 0.526088
Train Epoch: 57 [44800/50000 (90%)]	Loss: 0.344145
Train Epoch: 57 [48000/50000 (96%)]	Loss: 0.392556

Test set: Average loss: 0.0005, Accuracy: 8325/10000 (83%)

Train Epoch: 58 [0/50000 (0%)]	Loss: 0.313462
Train Epoch: 58 [3200/50000 (6%)]	Loss: 0.375771
Train Epoch: 58 [6400/50000 (13%)]	Loss: 0.402650
Train Epoch: 58 [9600/50000 (19%)]	Loss: 0.466138
Train Epoch: 58 [12800/50000 (26%)]	Loss: 0.404631
Train Epoch: 58 [16000/50000 (32%)]	Loss: 0.308874
Train Epoch: 58 [19200/50000 (38%)]	Loss: 0.372232
Train Epoch: 58 [22400/50000 (45%)]	Loss: 0.364223
Train Epoch: 58 [25600/50000 (51%)]	Loss: 0.609430
Train Epoch: 58 [28800/50000 (58%)]	Loss: 0.533347
Train Epoch: 58 [32000/50000 (64%)]	Loss: 0.508622
Train Epoch: 58 [35200/50000 (70%)]	Loss: 0.267172
Train Epoch: 58 [38400/50000 (77%)]	Loss: 0.303762
Train Epoch: 58 [41600/50000 (83%)]	Loss: 0.388152
Train Epoch: 58 [44800/50000 (90%)]	Loss: 0.253910
Train Epoch: 58 [48000/50000 (96%)]	Loss: 0.477869

Test set: Average loss: 0.0005, Accuracy: 8308/10000 (83%)

Train Epoch: 59 [0/50000 (0%)]	Loss: 0.537000
Train Epoch: 59 [3200/50000 (6%)]	Loss: 0.370515
Train Epoch: 59 [6400/50000 (13%)]	Loss: 0.401071
Train Epoch: 59 [9600/50000 (19%)]	Loss: 0.452649
Train Epoch: 59 [12800/50000 (26%)]	Loss: 0.368281
Train Epoch: 59 [16000/50000 (32%)]	Loss: 0.366254
Train Epoch: 59 [19200/50000 (38%)]	Loss: 0.364107
Train Epoch: 59 [22400/50000 (45%)]	Loss: 0.442502
Train Epoch: 59 [25600/50000 (51%)]	Loss: 0.549449
Train Epoch: 59 [28800/50000 (58%)]	Loss: 0.378243
Train Epoch: 59 [32000/50000 (64%)]	Loss: 0.487267
Train Epoch: 59 [35200/50000 (70%)]	Loss: 0.489916
Train Epoch: 59 [38400/50000 (77%)]	Loss: 0.435545
Train Epoch: 59 [41600/50000 (83%)]	Loss: 0.211779
Train Epoch: 59 [44800/50000 (90%)]	Loss: 0.553488
Train Epoch: 59 [48000/50000 (96%)]	Loss: 0.362661

Test set: Average loss: 0.0005, Accuracy: 8295/10000 (83%)

Train Epoch: 60 [0/50000 (0%)]	Loss: 0.402002
Train Epoch: 60 [3200/50000 (6%)]	Loss: 0.531851
Train Epoch: 60 [6400/50000 (13%)]	Loss: 0.194202
Train Epoch: 60 [9600/50000 (19%)]	Loss: 0.213399
Train Epoch: 60 [12800/50000 (26%)]	Loss: 0.475614
Train Epoch: 60 [16000/50000 (32%)]	Loss: 0.486526
Train Epoch: 60 [19200/50000 (38%)]	Loss: 0.263467
Train Epoch: 60 [22400/50000 (45%)]	Loss: 0.272091
Train Epoch: 60 [25600/50000 (51%)]	Loss: 0.436478
Train Epoch: 60 [28800/50000 (58%)]	Loss: 0.297443
Train Epoch: 60 [32000/50000 (64%)]	Loss: 0.310016
Train Epoch: 60 [35200/50000 (70%)]	Loss: 0.498742
Train Epoch: 60 [38400/50000 (77%)]	Loss: 0.474116
Train Epoch: 60 [41600/50000 (83%)]	Loss: 0.411396
Train Epoch: 60 [44800/50000 (90%)]	Loss: 0.411152
Train Epoch: 60 [48000/50000 (96%)]	Loss: 0.277600

Test set: Average loss: 0.0005, Accuracy: 8290/10000 (83%)

Train Epoch: 61 [0/50000 (0%)]	Loss: 0.408443
Train Epoch: 61 [3200/50000 (6%)]	Loss: 0.300748
Train Epoch: 61 [6400/50000 (13%)]	Loss: 0.360784
Train Epoch: 61 [9600/50000 (19%)]	Loss: 0.472677
Train Epoch: 61 [12800/50000 (26%)]	Loss: 0.341186
Train Epoch: 61 [16000/50000 (32%)]	Loss: 0.478376
Train Epoch: 61 [19200/50000 (38%)]	Loss: 0.416245
Train Epoch: 61 [22400/50000 (45%)]	Loss: 0.305760
Train Epoch: 61 [25600/50000 (51%)]	Loss: 0.396852
Train Epoch: 61 [28800/50000 (58%)]	Loss: 0.232955
Train Epoch: 61 [32000/50000 (64%)]	Loss: 0.207676
Train Epoch: 61 [35200/50000 (70%)]	Loss: 0.347178
Train Epoch: 61 [38400/50000 (77%)]	Loss: 0.325528
Train Epoch: 61 [41600/50000 (83%)]	Loss: 0.207564
Train Epoch: 61 [44800/50000 (90%)]	Loss: 0.413764
Train Epoch: 61 [48000/50000 (96%)]	Loss: 0.427853

Test set: Average loss: 0.0005, Accuracy: 8350/10000 (84%)

Train Epoch: 62 [0/50000 (0%)]	Loss: 0.468442
Train Epoch: 62 [3200/50000 (6%)]	Loss: 0.350394
Train Epoch: 62 [6400/50000 (13%)]	Loss: 0.223133
Train Epoch: 62 [9600/50000 (19%)]	Loss: 0.361789
Train Epoch: 62 [12800/50000 (26%)]	Loss: 0.221786
Train Epoch: 62 [16000/50000 (32%)]	Loss: 0.487347
Train Epoch: 62 [19200/50000 (38%)]	Loss: 0.472314
Train Epoch: 62 [22400/50000 (45%)]	Loss: 0.269616
Train Epoch: 62 [25600/50000 (51%)]	Loss: 0.323057
Train Epoch: 62 [28800/50000 (58%)]	Loss: 0.356002
Train Epoch: 62 [32000/50000 (64%)]	Loss: 0.358186
Train Epoch: 62 [35200/50000 (70%)]	Loss: 0.259214
Train Epoch: 62 [38400/50000 (77%)]	Loss: 0.429552
Train Epoch: 62 [41600/50000 (83%)]	Loss: 0.177711
Train Epoch: 62 [44800/50000 (90%)]	Loss: 0.317688
Train Epoch: 62 [48000/50000 (96%)]	Loss: 0.384661

Test set: Average loss: 0.0005, Accuracy: 8373/10000 (84%)

Train Epoch: 63 [0/50000 (0%)]	Loss: 0.402362
Train Epoch: 63 [3200/50000 (6%)]	Loss: 0.252300
Train Epoch: 63 [6400/50000 (13%)]	Loss: 0.284147
Train Epoch: 63 [9600/50000 (19%)]	Loss: 0.225408
Train Epoch: 63 [12800/50000 (26%)]	Loss: 0.280458
Train Epoch: 63 [16000/50000 (32%)]	Loss: 0.330248
Train Epoch: 63 [19200/50000 (38%)]	Loss: 0.420073
Train Epoch: 63 [22400/50000 (45%)]	Loss: 0.412637
Train Epoch: 63 [25600/50000 (51%)]	Loss: 0.487706
Train Epoch: 63 [28800/50000 (58%)]	Loss: 0.397363
Train Epoch: 63 [32000/50000 (64%)]	Loss: 0.437079
Train Epoch: 63 [35200/50000 (70%)]	Loss: 0.285109
Train Epoch: 63 [38400/50000 (77%)]	Loss: 0.454167
Train Epoch: 63 [41600/50000 (83%)]	Loss: 0.430466
Train Epoch: 63 [44800/50000 (90%)]	Loss: 0.383927
Train Epoch: 63 [48000/50000 (96%)]	Loss: 0.386805

Test set: Average loss: 0.0005, Accuracy: 8362/10000 (84%)

Train Epoch: 64 [0/50000 (0%)]	Loss: 0.328783
Train Epoch: 64 [3200/50000 (6%)]	Loss: 0.407748
Train Epoch: 64 [6400/50000 (13%)]	Loss: 0.341305
Train Epoch: 64 [9600/50000 (19%)]	Loss: 0.600806
Train Epoch: 64 [12800/50000 (26%)]	Loss: 0.375616
Train Epoch: 64 [16000/50000 (32%)]	Loss: 0.292812
Train Epoch: 64 [19200/50000 (38%)]	Loss: 0.282623
Train Epoch: 64 [22400/50000 (45%)]	Loss: 0.492135
Train Epoch: 64 [25600/50000 (51%)]	Loss: 0.282844
Train Epoch: 64 [28800/50000 (58%)]	Loss: 0.406970
Train Epoch: 64 [32000/50000 (64%)]	Loss: 0.422857
Train Epoch: 64 [35200/50000 (70%)]	Loss: 0.422991
Train Epoch: 64 [38400/50000 (77%)]	Loss: 0.561312
Train Epoch: 64 [41600/50000 (83%)]	Loss: 0.328763
Train Epoch: 64 [44800/50000 (90%)]	Loss: 0.382854
Train Epoch: 64 [48000/50000 (96%)]	Loss: 0.327388

Test set: Average loss: 0.0005, Accuracy: 8242/10000 (82%)

Train Epoch: 65 [0/50000 (0%)]	Loss: 0.432774
Train Epoch: 65 [3200/50000 (6%)]	Loss: 0.453380
Train Epoch: 65 [6400/50000 (13%)]	Loss: 0.260418
Train Epoch: 65 [9600/50000 (19%)]	Loss: 0.284078
Train Epoch: 65 [12800/50000 (26%)]	Loss: 0.354574
Train Epoch: 65 [16000/50000 (32%)]	Loss: 0.565734
Train Epoch: 65 [19200/50000 (38%)]	Loss: 0.344687
Train Epoch: 65 [22400/50000 (45%)]	Loss: 0.376218
Train Epoch: 65 [25600/50000 (51%)]	Loss: 0.390823
Train Epoch: 65 [28800/50000 (58%)]	Loss: 0.289873
Train Epoch: 65 [32000/50000 (64%)]	Loss: 0.463858
Train Epoch: 65 [35200/50000 (70%)]	Loss: 0.392114
Train Epoch: 65 [38400/50000 (77%)]	Loss: 0.428561
Train Epoch: 65 [41600/50000 (83%)]	Loss: 0.301791
Train Epoch: 65 [44800/50000 (90%)]	Loss: 0.369326
Train Epoch: 65 [48000/50000 (96%)]	Loss: 0.229949

Test set: Average loss: 0.0005, Accuracy: 8357/10000 (84%)

Train Epoch: 66 [0/50000 (0%)]	Loss: 0.297120
Train Epoch: 66 [3200/50000 (6%)]	Loss: 0.191643
Train Epoch: 66 [6400/50000 (13%)]	Loss: 0.364860
Train Epoch: 66 [9600/50000 (19%)]	Loss: 0.430097
Train Epoch: 66 [12800/50000 (26%)]	Loss: 0.266353
Train Epoch: 66 [16000/50000 (32%)]	Loss: 0.421469
Train Epoch: 66 [19200/50000 (38%)]	Loss: 0.517987
Train Epoch: 66 [22400/50000 (45%)]	Loss: 0.415363
Train Epoch: 66 [25600/50000 (51%)]	Loss: 0.605128
Train Epoch: 66 [28800/50000 (58%)]	Loss: 0.317623
Train Epoch: 66 [32000/50000 (64%)]	Loss: 0.377161
Train Epoch: 66 [35200/50000 (70%)]	Loss: 0.511331
Train Epoch: 66 [38400/50000 (77%)]	Loss: 0.302794
Train Epoch: 66 [41600/50000 (83%)]	Loss: 0.388962
Train Epoch: 66 [44800/50000 (90%)]	Loss: 0.358642
Train Epoch: 66 [48000/50000 (96%)]	Loss: 0.188307

Test set: Average loss: 0.0005, Accuracy: 8342/10000 (83%)

Train Epoch: 67 [0/50000 (0%)]	Loss: 0.306282
Train Epoch: 67 [3200/50000 (6%)]	Loss: 0.334200
Train Epoch: 67 [6400/50000 (13%)]	Loss: 0.272095
Train Epoch: 67 [9600/50000 (19%)]	Loss: 0.230226
Train Epoch: 67 [12800/50000 (26%)]	Loss: 0.292995
Train Epoch: 67 [16000/50000 (32%)]	Loss: 0.322027
Train Epoch: 67 [19200/50000 (38%)]	Loss: 0.277106
Train Epoch: 67 [22400/50000 (45%)]	Loss: 0.328619
Train Epoch: 67 [25600/50000 (51%)]	Loss: 0.285546
Train Epoch: 67 [28800/50000 (58%)]	Loss: 0.330370
Train Epoch: 67 [32000/50000 (64%)]	Loss: 0.436096
Train Epoch: 67 [35200/50000 (70%)]	Loss: 0.263404
Train Epoch: 67 [38400/50000 (77%)]	Loss: 0.215232
Train Epoch: 67 [41600/50000 (83%)]	Loss: 0.301189
Train Epoch: 67 [44800/50000 (90%)]	Loss: 0.328220
Train Epoch: 67 [48000/50000 (96%)]	Loss: 0.383295

Test set: Average loss: 0.0005, Accuracy: 8368/10000 (84%)

Train Epoch: 68 [0/50000 (0%)]	Loss: 0.308209
Train Epoch: 68 [3200/50000 (6%)]	Loss: 0.300228
Train Epoch: 68 [6400/50000 (13%)]	Loss: 0.305120
Train Epoch: 68 [9600/50000 (19%)]	Loss: 0.358474
Train Epoch: 68 [12800/50000 (26%)]	Loss: 0.302846
Train Epoch: 68 [16000/50000 (32%)]	Loss: 0.254890
Train Epoch: 68 [19200/50000 (38%)]	Loss: 0.411495
Train Epoch: 68 [22400/50000 (45%)]	Loss: 0.415361
Train Epoch: 68 [25600/50000 (51%)]	Loss: 0.539371
Train Epoch: 68 [28800/50000 (58%)]	Loss: 0.327904
Train Epoch: 68 [32000/50000 (64%)]	Loss: 0.318962
Train Epoch: 68 [35200/50000 (70%)]	Loss: 0.243954
Train Epoch: 68 [38400/50000 (77%)]	Loss: 0.456028
Train Epoch: 68 [41600/50000 (83%)]	Loss: 0.243321
Train Epoch: 68 [44800/50000 (90%)]	Loss: 0.323211
Train Epoch: 68 [48000/50000 (96%)]	Loss: 0.466933

Test set: Average loss: 0.0005, Accuracy: 8353/10000 (84%)

Train Epoch: 69 [0/50000 (0%)]	Loss: 0.527652
Train Epoch: 69 [3200/50000 (6%)]	Loss: 0.309109
Train Epoch: 69 [6400/50000 (13%)]	Loss: 0.314407
Train Epoch: 69 [9600/50000 (19%)]	Loss: 0.492903
Train Epoch: 69 [12800/50000 (26%)]	Loss: 0.354985
Train Epoch: 69 [16000/50000 (32%)]	Loss: 0.359957
Train Epoch: 69 [19200/50000 (38%)]	Loss: 0.336820
Train Epoch: 69 [22400/50000 (45%)]	Loss: 0.279696
Train Epoch: 69 [25600/50000 (51%)]	Loss: 0.245245
Train Epoch: 69 [28800/50000 (58%)]	Loss: 0.372381
Train Epoch: 69 [32000/50000 (64%)]	Loss: 0.383426
Train Epoch: 69 [35200/50000 (70%)]	Loss: 0.311016
Train Epoch: 69 [38400/50000 (77%)]	Loss: 0.217150
Train Epoch: 69 [41600/50000 (83%)]	Loss: 0.355739
Train Epoch: 69 [44800/50000 (90%)]	Loss: 0.507990
Train Epoch: 69 [48000/50000 (96%)]	Loss: 0.372715

Test set: Average loss: 0.0005, Accuracy: 8357/10000 (84%)

Train Epoch: 70 [0/50000 (0%)]	Loss: 0.413121
Train Epoch: 70 [3200/50000 (6%)]	Loss: 0.300749
Train Epoch: 70 [6400/50000 (13%)]	Loss: 0.288642
Train Epoch: 70 [9600/50000 (19%)]	Loss: 0.179883
Train Epoch: 70 [12800/50000 (26%)]	Loss: 0.260254
Train Epoch: 70 [16000/50000 (32%)]	Loss: 0.455886
Train Epoch: 70 [19200/50000 (38%)]	Loss: 0.315239
Train Epoch: 70 [22400/50000 (45%)]	Loss: 0.300729
Train Epoch: 70 [25600/50000 (51%)]	Loss: 0.318640
Train Epoch: 70 [28800/50000 (58%)]	Loss: 0.304113
Train Epoch: 70 [32000/50000 (64%)]	Loss: 0.276625
Train Epoch: 70 [35200/50000 (70%)]	Loss: 0.253196
Train Epoch: 70 [38400/50000 (77%)]	Loss: 0.639932
Train Epoch: 70 [41600/50000 (83%)]	Loss: 0.326809
Train Epoch: 70 [44800/50000 (90%)]	Loss: 0.496038
Train Epoch: 70 [48000/50000 (96%)]	Loss: 0.404326

Test set: Average loss: 0.0005, Accuracy: 8391/10000 (84%)

Train Epoch: 71 [0/50000 (0%)]	Loss: 0.228631
Train Epoch: 71 [3200/50000 (6%)]	Loss: 0.205812
Train Epoch: 71 [6400/50000 (13%)]	Loss: 0.253734
Train Epoch: 71 [9600/50000 (19%)]	Loss: 0.276668
Train Epoch: 71 [12800/50000 (26%)]	Loss: 0.272205
Train Epoch: 71 [16000/50000 (32%)]	Loss: 0.284090
Train Epoch: 71 [19200/50000 (38%)]	Loss: 0.452824
Train Epoch: 71 [22400/50000 (45%)]	Loss: 0.236862
Train Epoch: 71 [25600/50000 (51%)]	Loss: 0.322518
Train Epoch: 71 [28800/50000 (58%)]	Loss: 0.171082
Train Epoch: 71 [32000/50000 (64%)]	Loss: 0.236059
Train Epoch: 71 [35200/50000 (70%)]	Loss: 0.375396
Train Epoch: 71 [38400/50000 (77%)]	Loss: 0.504692
Train Epoch: 71 [41600/50000 (83%)]	Loss: 0.283307
Train Epoch: 71 [44800/50000 (90%)]	Loss: 0.309536
Train Epoch: 71 [48000/50000 (96%)]	Loss: 0.396069

Test set: Average loss: 0.0005, Accuracy: 8358/10000 (84%)

Train Epoch: 72 [0/50000 (0%)]	Loss: 0.490143
Train Epoch: 72 [3200/50000 (6%)]	Loss: 0.258587
Train Epoch: 72 [6400/50000 (13%)]	Loss: 0.402650
Train Epoch: 72 [9600/50000 (19%)]	Loss: 0.472483
Train Epoch: 72 [12800/50000 (26%)]	Loss: 0.389149
Train Epoch: 72 [16000/50000 (32%)]	Loss: 0.374193
Train Epoch: 72 [19200/50000 (38%)]	Loss: 0.253594
Train Epoch: 72 [22400/50000 (45%)]	Loss: 0.363324
Train Epoch: 72 [25600/50000 (51%)]	Loss: 0.252509
Train Epoch: 72 [28800/50000 (58%)]	Loss: 0.285298
Train Epoch: 72 [32000/50000 (64%)]	Loss: 0.300539
Train Epoch: 72 [35200/50000 (70%)]	Loss: 0.322635
Train Epoch: 72 [38400/50000 (77%)]	Loss: 0.227330
Train Epoch: 72 [41600/50000 (83%)]	Loss: 0.280942
Train Epoch: 72 [44800/50000 (90%)]	Loss: 0.302587
Train Epoch: 72 [48000/50000 (96%)]	Loss: 0.310109

Test set: Average loss: 0.0005, Accuracy: 8357/10000 (84%)

Train Epoch: 73 [0/50000 (0%)]	Loss: 0.249667
Train Epoch: 73 [3200/50000 (6%)]	Loss: 0.251183
Train Epoch: 73 [6400/50000 (13%)]	Loss: 0.303430
Train Epoch: 73 [9600/50000 (19%)]	Loss: 0.349984
Train Epoch: 73 [12800/50000 (26%)]	Loss: 0.290268
Train Epoch: 73 [16000/50000 (32%)]	Loss: 0.328406
Train Epoch: 73 [19200/50000 (38%)]	Loss: 0.328759
Train Epoch: 73 [22400/50000 (45%)]	Loss: 0.320569
Train Epoch: 73 [25600/50000 (51%)]	Loss: 0.508707
Train Epoch: 73 [28800/50000 (58%)]	Loss: 0.297685
Train Epoch: 73 [32000/50000 (64%)]	Loss: 0.401480
Train Epoch: 73 [35200/50000 (70%)]	Loss: 0.355410
Train Epoch: 73 [38400/50000 (77%)]	Loss: 0.333337
Train Epoch: 73 [41600/50000 (83%)]	Loss: 0.291284
Train Epoch: 73 [44800/50000 (90%)]	Loss: 0.318655
Train Epoch: 73 [48000/50000 (96%)]	Loss: 0.352339

Test set: Average loss: 0.0005, Accuracy: 8429/10000 (84%)

Train Epoch: 74 [0/50000 (0%)]	Loss: 0.290750
Train Epoch: 74 [3200/50000 (6%)]	Loss: 0.284255
Train Epoch: 74 [6400/50000 (13%)]	Loss: 0.291737
Train Epoch: 74 [9600/50000 (19%)]	Loss: 0.267242
Train Epoch: 74 [12800/50000 (26%)]	Loss: 0.486242
Train Epoch: 74 [16000/50000 (32%)]	Loss: 0.297074
Train Epoch: 74 [19200/50000 (38%)]	Loss: 0.307989
Train Epoch: 74 [22400/50000 (45%)]	Loss: 0.273131
Train Epoch: 74 [25600/50000 (51%)]	Loss: 0.367106
Train Epoch: 74 [28800/50000 (58%)]	Loss: 0.241141
Train Epoch: 74 [32000/50000 (64%)]	Loss: 0.297975
Train Epoch: 74 [35200/50000 (70%)]	Loss: 0.293980
Train Epoch: 74 [38400/50000 (77%)]	Loss: 0.533023
Train Epoch: 74 [41600/50000 (83%)]	Loss: 0.286731
Train Epoch: 74 [44800/50000 (90%)]	Loss: 0.310666
Train Epoch: 74 [48000/50000 (96%)]	Loss: 0.430305

Test set: Average loss: 0.0005, Accuracy: 8379/10000 (84%)

Train Epoch: 75 [0/50000 (0%)]	Loss: 0.275344
Train Epoch: 75 [3200/50000 (6%)]	Loss: 0.217026
Train Epoch: 75 [6400/50000 (13%)]	Loss: 0.430790
Train Epoch: 75 [9600/50000 (19%)]	Loss: 0.411073
Train Epoch: 75 [12800/50000 (26%)]	Loss: 0.296151
Train Epoch: 75 [16000/50000 (32%)]	Loss: 0.468694
Train Epoch: 75 [19200/50000 (38%)]	Loss: 0.365279
Train Epoch: 75 [22400/50000 (45%)]	Loss: 0.459006
Train Epoch: 75 [25600/50000 (51%)]	Loss: 0.272133
Train Epoch: 75 [28800/50000 (58%)]	Loss: 0.248704
Train Epoch: 75 [32000/50000 (64%)]	Loss: 0.340217
Train Epoch: 75 [35200/50000 (70%)]	Loss: 0.350334
Train Epoch: 75 [38400/50000 (77%)]	Loss: 0.379795
Train Epoch: 75 [41600/50000 (83%)]	Loss: 0.335870
Train Epoch: 75 [44800/50000 (90%)]	Loss: 0.274435
Train Epoch: 75 [48000/50000 (96%)]	Loss: 0.372833

Test set: Average loss: 0.0005, Accuracy: 8407/10000 (84%)

Train Epoch: 76 [0/50000 (0%)]	Loss: 0.374690
Train Epoch: 76 [3200/50000 (6%)]	Loss: 0.533778
Train Epoch: 76 [6400/50000 (13%)]	Loss: 0.268938
Train Epoch: 76 [9600/50000 (19%)]	Loss: 0.314909
Train Epoch: 76 [12800/50000 (26%)]	Loss: 0.221925
Train Epoch: 76 [16000/50000 (32%)]	Loss: 0.366226
Train Epoch: 76 [19200/50000 (38%)]	Loss: 0.282756
Train Epoch: 76 [22400/50000 (45%)]	Loss: 0.566652
Train Epoch: 76 [25600/50000 (51%)]	Loss: 0.460665
Train Epoch: 76 [28800/50000 (58%)]	Loss: 0.265953
Train Epoch: 76 [32000/50000 (64%)]	Loss: 0.400509
Train Epoch: 76 [35200/50000 (70%)]	Loss: 0.412050
Train Epoch: 76 [38400/50000 (77%)]	Loss: 0.403798
Train Epoch: 76 [41600/50000 (83%)]	Loss: 0.188370
Train Epoch: 76 [44800/50000 (90%)]	Loss: 0.331645
Train Epoch: 76 [48000/50000 (96%)]	Loss: 0.579327

Test set: Average loss: 0.0005, Accuracy: 8349/10000 (83%)

Train Epoch: 77 [0/50000 (0%)]	Loss: 0.355040
Train Epoch: 77 [3200/50000 (6%)]	Loss: 0.357618
Train Epoch: 77 [6400/50000 (13%)]	Loss: 0.377485
Train Epoch: 77 [9600/50000 (19%)]	Loss: 0.228031
Train Epoch: 77 [12800/50000 (26%)]	Loss: 0.403490
Train Epoch: 77 [16000/50000 (32%)]	Loss: 0.238373
Train Epoch: 77 [19200/50000 (38%)]	Loss: 0.363441
Train Epoch: 77 [22400/50000 (45%)]	Loss: 0.337607
Train Epoch: 77 [25600/50000 (51%)]	Loss: 0.211933
Train Epoch: 77 [28800/50000 (58%)]	Loss: 0.301199
Train Epoch: 77 [32000/50000 (64%)]	Loss: 0.286059
Train Epoch: 77 [35200/50000 (70%)]	Loss: 0.250020
Train Epoch: 77 [38400/50000 (77%)]	Loss: 0.291167
Train Epoch: 77 [41600/50000 (83%)]	Loss: 0.324437
Train Epoch: 77 [44800/50000 (90%)]	Loss: 0.228497
Train Epoch: 77 [48000/50000 (96%)]	Loss: 0.397305

Test set: Average loss: 0.0005, Accuracy: 8374/10000 (84%)

Train Epoch: 78 [0/50000 (0%)]	Loss: 0.306088
Train Epoch: 78 [3200/50000 (6%)]	Loss: 0.354059
Train Epoch: 78 [6400/50000 (13%)]	Loss: 0.243193
Train Epoch: 78 [9600/50000 (19%)]	Loss: 0.266362
Train Epoch: 78 [12800/50000 (26%)]	Loss: 0.303632
Train Epoch: 78 [16000/50000 (32%)]	Loss: 0.314565
Train Epoch: 78 [19200/50000 (38%)]	Loss: 0.319884
Train Epoch: 78 [22400/50000 (45%)]	Loss: 0.370609
Train Epoch: 78 [25600/50000 (51%)]	Loss: 0.528419
Train Epoch: 78 [28800/50000 (58%)]	Loss: 0.281261
Train Epoch: 78 [32000/50000 (64%)]	Loss: 0.245437
Train Epoch: 78 [35200/50000 (70%)]	Loss: 0.469439
Train Epoch: 78 [38400/50000 (77%)]	Loss: 0.333705
Train Epoch: 78 [41600/50000 (83%)]	Loss: 0.197042
Train Epoch: 78 [44800/50000 (90%)]	Loss: 0.376660
Train Epoch: 78 [48000/50000 (96%)]	Loss: 0.271718

Test set: Average loss: 0.0005, Accuracy: 8422/10000 (84%)

Train Epoch: 79 [0/50000 (0%)]	Loss: 0.282603
Train Epoch: 79 [3200/50000 (6%)]	Loss: 0.279114
Train Epoch: 79 [6400/50000 (13%)]	Loss: 0.250127
Train Epoch: 79 [9600/50000 (19%)]	Loss: 0.402739
Train Epoch: 79 [12800/50000 (26%)]	Loss: 0.382001
Train Epoch: 79 [16000/50000 (32%)]	Loss: 0.208083
Train Epoch: 79 [19200/50000 (38%)]	Loss: 0.308463
Train Epoch: 79 [22400/50000 (45%)]	Loss: 0.255785
Train Epoch: 79 [25600/50000 (51%)]	Loss: 0.303977
Train Epoch: 79 [28800/50000 (58%)]	Loss: 0.381460
Train Epoch: 79 [32000/50000 (64%)]	Loss: 0.421116
Train Epoch: 79 [35200/50000 (70%)]	Loss: 0.257564
Train Epoch: 79 [38400/50000 (77%)]	Loss: 0.471943
Train Epoch: 79 [41600/50000 (83%)]	Loss: 0.327966
Train Epoch: 79 [44800/50000 (90%)]	Loss: 0.399016
Train Epoch: 79 [48000/50000 (96%)]	Loss: 0.207389

Test set: Average loss: 0.0005, Accuracy: 8390/10000 (84%)

Train Epoch: 80 [0/50000 (0%)]	Loss: 0.265832
Train Epoch: 80 [3200/50000 (6%)]	Loss: 0.282125
Train Epoch: 80 [6400/50000 (13%)]	Loss: 0.259871
Train Epoch: 80 [9600/50000 (19%)]	Loss: 0.427739
Train Epoch: 80 [12800/50000 (26%)]	Loss: 0.286609
Train Epoch: 80 [16000/50000 (32%)]	Loss: 0.477021
Train Epoch: 80 [19200/50000 (38%)]	Loss: 0.365084
Train Epoch: 80 [22400/50000 (45%)]	Loss: 0.283841
Train Epoch: 80 [25600/50000 (51%)]	Loss: 0.335995
Train Epoch: 80 [28800/50000 (58%)]	Loss: 0.461392
Train Epoch: 80 [32000/50000 (64%)]	Loss: 0.318248
Train Epoch: 80 [35200/50000 (70%)]	Loss: 0.324871
Train Epoch: 80 [38400/50000 (77%)]	Loss: 0.313874
Train Epoch: 80 [41600/50000 (83%)]	Loss: 0.390080
Train Epoch: 80 [44800/50000 (90%)]	Loss: 0.340696
Train Epoch: 80 [48000/50000 (96%)]	Loss: 0.473796

Test set: Average loss: 0.0005, Accuracy: 8365/10000 (84%)

Train Epoch: 81 [0/50000 (0%)]	Loss: 0.397655
Train Epoch: 81 [3200/50000 (6%)]	Loss: 0.317662
Train Epoch: 81 [6400/50000 (13%)]	Loss: 0.274556
Train Epoch: 81 [9600/50000 (19%)]	Loss: 0.185934
Train Epoch: 81 [12800/50000 (26%)]	Loss: 0.188723
Train Epoch: 81 [16000/50000 (32%)]	Loss: 0.178583
Train Epoch: 81 [19200/50000 (38%)]	Loss: 0.280617
Train Epoch: 81 [22400/50000 (45%)]	Loss: 0.381789
Train Epoch: 81 [25600/50000 (51%)]	Loss: 0.363292
Train Epoch: 81 [28800/50000 (58%)]	Loss: 0.243821
Train Epoch: 81 [32000/50000 (64%)]	Loss: 0.297005
Train Epoch: 81 [35200/50000 (70%)]	Loss: 0.336955
Train Epoch: 81 [38400/50000 (77%)]	Loss: 0.228803
Train Epoch: 81 [41600/50000 (83%)]	Loss: 0.210095
Train Epoch: 81 [44800/50000 (90%)]	Loss: 0.513119
Train Epoch: 81 [48000/50000 (96%)]	Loss: 0.234243

Test set: Average loss: 0.0005, Accuracy: 8504/10000 (85%)

Train Epoch: 82 [0/50000 (0%)]	Loss: 0.181261
Train Epoch: 82 [3200/50000 (6%)]	Loss: 0.218120
Train Epoch: 82 [6400/50000 (13%)]	Loss: 0.159548
Train Epoch: 82 [9600/50000 (19%)]	Loss: 0.140686
Train Epoch: 82 [12800/50000 (26%)]	Loss: 0.146436
Train Epoch: 82 [16000/50000 (32%)]	Loss: 0.352515
Train Epoch: 82 [19200/50000 (38%)]	Loss: 0.321631
Train Epoch: 82 [22400/50000 (45%)]	Loss: 0.213765
Train Epoch: 82 [25600/50000 (51%)]	Loss: 0.266903
Train Epoch: 82 [28800/50000 (58%)]	Loss: 0.317316
Train Epoch: 82 [32000/50000 (64%)]	Loss: 0.276513
Train Epoch: 82 [35200/50000 (70%)]	Loss: 0.320951
Train Epoch: 82 [38400/50000 (77%)]	Loss: 0.197575
Train Epoch: 82 [41600/50000 (83%)]	Loss: 0.296539
Train Epoch: 82 [44800/50000 (90%)]	Loss: 0.220011
Train Epoch: 82 [48000/50000 (96%)]	Loss: 0.354433

Test set: Average loss: 0.0005, Accuracy: 8532/10000 (85%)

Train Epoch: 83 [0/50000 (0%)]	Loss: 0.298252
Train Epoch: 83 [3200/50000 (6%)]	Loss: 0.122107
Train Epoch: 83 [6400/50000 (13%)]	Loss: 0.124681
Train Epoch: 83 [9600/50000 (19%)]	Loss: 0.117156
Train Epoch: 83 [12800/50000 (26%)]	Loss: 0.239288
Train Epoch: 83 [16000/50000 (32%)]	Loss: 0.388445
Train Epoch: 83 [19200/50000 (38%)]	Loss: 0.256285
Train Epoch: 83 [22400/50000 (45%)]	Loss: 0.293679
Train Epoch: 83 [25600/50000 (51%)]	Loss: 0.218467
Train Epoch: 83 [28800/50000 (58%)]	Loss: 0.175325
Train Epoch: 83 [32000/50000 (64%)]	Loss: 0.253580
Train Epoch: 83 [35200/50000 (70%)]	Loss: 0.338825
Train Epoch: 83 [38400/50000 (77%)]	Loss: 0.275220
Train Epoch: 83 [41600/50000 (83%)]	Loss: 0.204551
Train Epoch: 83 [44800/50000 (90%)]	Loss: 0.233176
Train Epoch: 83 [48000/50000 (96%)]	Loss: 0.254925

Test set: Average loss: 0.0005, Accuracy: 8545/10000 (85%)

Train Epoch: 84 [0/50000 (0%)]	Loss: 0.100951
Train Epoch: 84 [3200/50000 (6%)]	Loss: 0.105435
Train Epoch: 84 [6400/50000 (13%)]	Loss: 0.152228
Train Epoch: 84 [9600/50000 (19%)]	Loss: 0.160764
Train Epoch: 84 [12800/50000 (26%)]	Loss: 0.181406
Train Epoch: 84 [16000/50000 (32%)]	Loss: 0.157327
Train Epoch: 84 [19200/50000 (38%)]	Loss: 0.189131
Train Epoch: 84 [22400/50000 (45%)]	Loss: 0.158894
Train Epoch: 84 [25600/50000 (51%)]	Loss: 0.226190
Train Epoch: 84 [28800/50000 (58%)]	Loss: 0.303230
Train Epoch: 84 [32000/50000 (64%)]	Loss: 0.262614
Train Epoch: 84 [35200/50000 (70%)]	Loss: 0.315914
Train Epoch: 84 [38400/50000 (77%)]	Loss: 0.223898
Train Epoch: 84 [41600/50000 (83%)]	Loss: 0.241991
Train Epoch: 84 [44800/50000 (90%)]	Loss: 0.206048
Train Epoch: 84 [48000/50000 (96%)]	Loss: 0.236639

Test set: Average loss: 0.0005, Accuracy: 8529/10000 (85%)

Train Epoch: 85 [0/50000 (0%)]	Loss: 0.189130
Train Epoch: 85 [3200/50000 (6%)]	Loss: 0.216088
Train Epoch: 85 [6400/50000 (13%)]	Loss: 0.381101
Train Epoch: 85 [9600/50000 (19%)]	Loss: 0.582377
Train Epoch: 85 [12800/50000 (26%)]	Loss: 0.186734
Train Epoch: 85 [16000/50000 (32%)]	Loss: 0.178237
Train Epoch: 85 [19200/50000 (38%)]	Loss: 0.279924
Train Epoch: 85 [22400/50000 (45%)]	Loss: 0.299703
Train Epoch: 85 [25600/50000 (51%)]	Loss: 0.271629
Train Epoch: 85 [28800/50000 (58%)]	Loss: 0.337254
Train Epoch: 85 [32000/50000 (64%)]	Loss: 0.379341
Train Epoch: 85 [35200/50000 (70%)]	Loss: 0.222772
Train Epoch: 85 [38400/50000 (77%)]	Loss: 0.241554
Train Epoch: 85 [41600/50000 (83%)]	Loss: 0.236129
Train Epoch: 85 [44800/50000 (90%)]	Loss: 0.202179
Train Epoch: 85 [48000/50000 (96%)]	Loss: 0.225980

Test set: Average loss: 0.0005, Accuracy: 8552/10000 (86%)

Train Epoch: 86 [0/50000 (0%)]	Loss: 0.162803
Train Epoch: 86 [3200/50000 (6%)]	Loss: 0.136733
Train Epoch: 86 [6400/50000 (13%)]	Loss: 0.391123
Train Epoch: 86 [9600/50000 (19%)]	Loss: 0.209845
Train Epoch: 86 [12800/50000 (26%)]	Loss: 0.228748
Train Epoch: 86 [16000/50000 (32%)]	Loss: 0.289795
Train Epoch: 86 [19200/50000 (38%)]	Loss: 0.434854
Train Epoch: 86 [22400/50000 (45%)]	Loss: 0.105558
Train Epoch: 86 [25600/50000 (51%)]	Loss: 0.233276
Train Epoch: 86 [28800/50000 (58%)]	Loss: 0.138369
Train Epoch: 86 [32000/50000 (64%)]	Loss: 0.233403
Train Epoch: 86 [35200/50000 (70%)]	Loss: 0.337007
Train Epoch: 86 [38400/50000 (77%)]	Loss: 0.340678
Train Epoch: 86 [41600/50000 (83%)]	Loss: 0.326068
Train Epoch: 86 [44800/50000 (90%)]	Loss: 0.208865
Train Epoch: 86 [48000/50000 (96%)]	Loss: 0.290247

Test set: Average loss: 0.0005, Accuracy: 8569/10000 (86%)

Train Epoch: 87 [0/50000 (0%)]	Loss: 0.350283
Train Epoch: 87 [3200/50000 (6%)]	Loss: 0.247085
Train Epoch: 87 [6400/50000 (13%)]	Loss: 0.112391
Train Epoch: 87 [9600/50000 (19%)]	Loss: 0.288174
Train Epoch: 87 [12800/50000 (26%)]	Loss: 0.323694
Train Epoch: 87 [16000/50000 (32%)]	Loss: 0.276021
Train Epoch: 87 [19200/50000 (38%)]	Loss: 0.158404
Train Epoch: 87 [22400/50000 (45%)]	Loss: 0.297226
Train Epoch: 87 [25600/50000 (51%)]	Loss: 0.212310
Train Epoch: 87 [28800/50000 (58%)]	Loss: 0.248782
Train Epoch: 87 [32000/50000 (64%)]	Loss: 0.315338
Train Epoch: 87 [35200/50000 (70%)]	Loss: 0.298851
Train Epoch: 87 [38400/50000 (77%)]	Loss: 0.194321
Train Epoch: 87 [41600/50000 (83%)]	Loss: 0.258636
Train Epoch: 87 [44800/50000 (90%)]	Loss: 0.355367
Train Epoch: 87 [48000/50000 (96%)]	Loss: 0.261778

Test set: Average loss: 0.0005, Accuracy: 8567/10000 (86%)

Train Epoch: 88 [0/50000 (0%)]	Loss: 0.157204
Train Epoch: 88 [3200/50000 (6%)]	Loss: 0.465349
Train Epoch: 88 [6400/50000 (13%)]	Loss: 0.186591
Train Epoch: 88 [9600/50000 (19%)]	Loss: 0.276364
Train Epoch: 88 [12800/50000 (26%)]	Loss: 0.250804
Train Epoch: 88 [16000/50000 (32%)]	Loss: 0.268079
Train Epoch: 88 [19200/50000 (38%)]	Loss: 0.151571
Train Epoch: 88 [22400/50000 (45%)]	Loss: 0.346488
Train Epoch: 88 [25600/50000 (51%)]	Loss: 0.241742
Train Epoch: 88 [28800/50000 (58%)]	Loss: 0.359688
Train Epoch: 88 [32000/50000 (64%)]	Loss: 0.382665
Train Epoch: 88 [35200/50000 (70%)]	Loss: 0.320917
Train Epoch: 88 [38400/50000 (77%)]	Loss: 0.227704
Train Epoch: 88 [41600/50000 (83%)]	Loss: 0.157798
Train Epoch: 88 [44800/50000 (90%)]	Loss: 0.272099
Train Epoch: 88 [48000/50000 (96%)]	Loss: 0.244624

Test set: Average loss: 0.0005, Accuracy: 8574/10000 (86%)

Train Epoch: 89 [0/50000 (0%)]	Loss: 0.360197
Train Epoch: 89 [3200/50000 (6%)]	Loss: 0.380266
Train Epoch: 89 [6400/50000 (13%)]	Loss: 0.180894
Train Epoch: 89 [9600/50000 (19%)]	Loss: 0.218578
Train Epoch: 89 [12800/50000 (26%)]	Loss: 0.158667
Train Epoch: 89 [16000/50000 (32%)]	Loss: 0.157819
Train Epoch: 89 [19200/50000 (38%)]	Loss: 0.135719
Train Epoch: 89 [22400/50000 (45%)]	Loss: 0.158867
Train Epoch: 89 [25600/50000 (51%)]	Loss: 0.176422
Train Epoch: 89 [28800/50000 (58%)]	Loss: 0.200956
Train Epoch: 89 [32000/50000 (64%)]	Loss: 0.145213
Train Epoch: 89 [35200/50000 (70%)]	Loss: 0.311681
Train Epoch: 89 [38400/50000 (77%)]	Loss: 0.295996
Train Epoch: 89 [41600/50000 (83%)]	Loss: 0.264298
Train Epoch: 89 [44800/50000 (90%)]	Loss: 0.221003
Train Epoch: 89 [48000/50000 (96%)]	Loss: 0.248804

Test set: Average loss: 0.0005, Accuracy: 8561/10000 (86%)

Train Epoch: 90 [0/50000 (0%)]	Loss: 0.280688
Train Epoch: 90 [3200/50000 (6%)]	Loss: 0.194831
Train Epoch: 90 [6400/50000 (13%)]	Loss: 0.231287
Train Epoch: 90 [9600/50000 (19%)]	Loss: 0.196159
Train Epoch: 90 [12800/50000 (26%)]	Loss: 0.121818
Train Epoch: 90 [16000/50000 (32%)]	Loss: 0.103370
Train Epoch: 90 [19200/50000 (38%)]	Loss: 0.237632
Train Epoch: 90 [22400/50000 (45%)]	Loss: 0.305347
Train Epoch: 90 [25600/50000 (51%)]	Loss: 0.291250
Train Epoch: 90 [28800/50000 (58%)]	Loss: 0.124192
Train Epoch: 90 [32000/50000 (64%)]	Loss: 0.332557
Train Epoch: 90 [35200/50000 (70%)]	Loss: 0.090105
Train Epoch: 90 [38400/50000 (77%)]	Loss: 0.242662
Train Epoch: 90 [41600/50000 (83%)]	Loss: 0.210460
Train Epoch: 90 [44800/50000 (90%)]	Loss: 0.279969
Train Epoch: 90 [48000/50000 (96%)]	Loss: 0.243587

Test set: Average loss: 0.0005, Accuracy: 8578/10000 (86%)

Train Epoch: 91 [0/50000 (0%)]	Loss: 0.210040
Train Epoch: 91 [3200/50000 (6%)]	Loss: 0.199130
Train Epoch: 91 [6400/50000 (13%)]	Loss: 0.243902
Train Epoch: 91 [9600/50000 (19%)]	Loss: 0.111594
Train Epoch: 91 [12800/50000 (26%)]	Loss: 0.110470
Train Epoch: 91 [16000/50000 (32%)]	Loss: 0.149644
Train Epoch: 91 [19200/50000 (38%)]	Loss: 0.290597
Train Epoch: 91 [22400/50000 (45%)]	Loss: 0.312092
Train Epoch: 91 [25600/50000 (51%)]	Loss: 0.190464
Train Epoch: 91 [28800/50000 (58%)]	Loss: 0.282573
Train Epoch: 91 [32000/50000 (64%)]	Loss: 0.098721
Train Epoch: 91 [35200/50000 (70%)]	Loss: 0.153303
Train Epoch: 91 [38400/50000 (77%)]	Loss: 0.336400
Train Epoch: 91 [41600/50000 (83%)]	Loss: 0.288466
Train Epoch: 91 [44800/50000 (90%)]	Loss: 0.075556
Train Epoch: 91 [48000/50000 (96%)]	Loss: 0.317432

Test set: Average loss: 0.0005, Accuracy: 8554/10000 (86%)

Train Epoch: 92 [0/50000 (0%)]	Loss: 0.190612
Train Epoch: 92 [3200/50000 (6%)]	Loss: 0.183279
Train Epoch: 92 [6400/50000 (13%)]	Loss: 0.212126
Train Epoch: 92 [9600/50000 (19%)]	Loss: 0.152851
Train Epoch: 92 [12800/50000 (26%)]	Loss: 0.359227
Train Epoch: 92 [16000/50000 (32%)]	Loss: 0.189009
Train Epoch: 92 [19200/50000 (38%)]	Loss: 0.232033
Train Epoch: 92 [22400/50000 (45%)]	Loss: 0.139368
Train Epoch: 92 [25600/50000 (51%)]	Loss: 0.160188
Train Epoch: 92 [28800/50000 (58%)]	Loss: 0.224276
Train Epoch: 92 [32000/50000 (64%)]	Loss: 0.195647
Train Epoch: 92 [35200/50000 (70%)]	Loss: 0.352102
Train Epoch: 92 [38400/50000 (77%)]	Loss: 0.249299
Train Epoch: 92 [41600/50000 (83%)]	Loss: 0.134191
Train Epoch: 92 [44800/50000 (90%)]	Loss: 0.235856
Train Epoch: 92 [48000/50000 (96%)]	Loss: 0.239124

Test set: Average loss: 0.0005, Accuracy: 8541/10000 (85%)

Train Epoch: 93 [0/50000 (0%)]	Loss: 0.311253
Train Epoch: 93 [3200/50000 (6%)]	Loss: 0.077671
Train Epoch: 93 [6400/50000 (13%)]	Loss: 0.106562
Train Epoch: 93 [9600/50000 (19%)]	Loss: 0.147966
Train Epoch: 93 [12800/50000 (26%)]	Loss: 0.256821
Train Epoch: 93 [16000/50000 (32%)]	Loss: 0.113146
Train Epoch: 93 [19200/50000 (38%)]	Loss: 0.188968
Train Epoch: 93 [22400/50000 (45%)]	Loss: 0.200939
Train Epoch: 93 [25600/50000 (51%)]	Loss: 0.131797
Train Epoch: 93 [28800/50000 (58%)]	Loss: 0.323175
Train Epoch: 93 [32000/50000 (64%)]	Loss: 0.190472
Train Epoch: 93 [35200/50000 (70%)]	Loss: 0.246684
Train Epoch: 93 [38400/50000 (77%)]	Loss: 0.176962
Train Epoch: 93 [41600/50000 (83%)]	Loss: 0.238960
Train Epoch: 93 [44800/50000 (90%)]	Loss: 0.243606
Train Epoch: 93 [48000/50000 (96%)]	Loss: 0.147320

Test set: Average loss: 0.0005, Accuracy: 8574/10000 (86%)

Train Epoch: 94 [0/50000 (0%)]	Loss: 0.219826
Train Epoch: 94 [3200/50000 (6%)]	Loss: 0.181310
Train Epoch: 94 [6400/50000 (13%)]	Loss: 0.204238
Train Epoch: 94 [9600/50000 (19%)]	Loss: 0.217993
Train Epoch: 94 [12800/50000 (26%)]	Loss: 0.124484
Train Epoch: 94 [16000/50000 (32%)]	Loss: 0.473716
Train Epoch: 94 [19200/50000 (38%)]	Loss: 0.268532
Train Epoch: 94 [22400/50000 (45%)]	Loss: 0.266796
Train Epoch: 94 [25600/50000 (51%)]	Loss: 0.261448
Train Epoch: 94 [28800/50000 (58%)]	Loss: 0.367182
Train Epoch: 94 [32000/50000 (64%)]	Loss: 0.133034
Train Epoch: 94 [35200/50000 (70%)]	Loss: 0.130346
Train Epoch: 94 [38400/50000 (77%)]	Loss: 0.180729
Train Epoch: 94 [41600/50000 (83%)]	Loss: 0.201475
Train Epoch: 94 [44800/50000 (90%)]	Loss: 0.169854
Train Epoch: 94 [48000/50000 (96%)]	Loss: 0.094062

Test set: Average loss: 0.0005, Accuracy: 8554/10000 (86%)

Train Epoch: 95 [0/50000 (0%)]	Loss: 0.246065
Train Epoch: 95 [3200/50000 (6%)]	Loss: 0.246469
Train Epoch: 95 [6400/50000 (13%)]	Loss: 0.298742
Train Epoch: 95 [9600/50000 (19%)]	Loss: 0.280375
Train Epoch: 95 [12800/50000 (26%)]	Loss: 0.208688
Train Epoch: 95 [16000/50000 (32%)]	Loss: 0.288603
Train Epoch: 95 [19200/50000 (38%)]	Loss: 0.167048
Train Epoch: 95 [22400/50000 (45%)]	Loss: 0.281415
Train Epoch: 95 [25600/50000 (51%)]	Loss: 0.192295
Train Epoch: 95 [28800/50000 (58%)]	Loss: 0.145950
Train Epoch: 95 [32000/50000 (64%)]	Loss: 0.149626
Train Epoch: 95 [35200/50000 (70%)]	Loss: 0.224387
Train Epoch: 95 [38400/50000 (77%)]	Loss: 0.180502
Train Epoch: 95 [41600/50000 (83%)]	Loss: 0.228712
Train Epoch: 95 [44800/50000 (90%)]	Loss: 0.163596
Train Epoch: 95 [48000/50000 (96%)]	Loss: 0.192851

Test set: Average loss: 0.0005, Accuracy: 8566/10000 (86%)

Train Epoch: 96 [0/50000 (0%)]	Loss: 0.257523
Train Epoch: 96 [3200/50000 (6%)]	Loss: 0.213314
Train Epoch: 96 [6400/50000 (13%)]	Loss: 0.139407
Train Epoch: 96 [9600/50000 (19%)]	Loss: 0.347623
Train Epoch: 96 [12800/50000 (26%)]	Loss: 0.253636
Train Epoch: 96 [16000/50000 (32%)]	Loss: 0.193964
Train Epoch: 96 [19200/50000 (38%)]	Loss: 0.153374
Train Epoch: 96 [22400/50000 (45%)]	Loss: 0.153269
Train Epoch: 96 [25600/50000 (51%)]	Loss: 0.300264
Train Epoch: 96 [28800/50000 (58%)]	Loss: 0.255757
Train Epoch: 96 [32000/50000 (64%)]	Loss: 0.108747
Train Epoch: 96 [35200/50000 (70%)]	Loss: 0.293007
Train Epoch: 96 [38400/50000 (77%)]	Loss: 0.289765
Train Epoch: 96 [41600/50000 (83%)]	Loss: 0.238560
Train Epoch: 96 [44800/50000 (90%)]	Loss: 0.254658
Train Epoch: 96 [48000/50000 (96%)]	Loss: 0.195255

Test set: Average loss: 0.0005, Accuracy: 8571/10000 (86%)

Train Epoch: 97 [0/50000 (0%)]	Loss: 0.339268
Train Epoch: 97 [3200/50000 (6%)]	Loss: 0.162657
Train Epoch: 97 [6400/50000 (13%)]	Loss: 0.383016
Train Epoch: 97 [9600/50000 (19%)]	Loss: 0.104220
Train Epoch: 97 [12800/50000 (26%)]	Loss: 0.280876
Train Epoch: 97 [16000/50000 (32%)]	Loss: 0.097307
Train Epoch: 97 [19200/50000 (38%)]	Loss: 0.226732
Train Epoch: 97 [22400/50000 (45%)]	Loss: 0.132660
Train Epoch: 97 [25600/50000 (51%)]	Loss: 0.176253
Train Epoch: 97 [28800/50000 (58%)]	Loss: 0.222189
Train Epoch: 97 [32000/50000 (64%)]	Loss: 0.090100
Train Epoch: 97 [35200/50000 (70%)]	Loss: 0.204880
Train Epoch: 97 [38400/50000 (77%)]	Loss: 0.242357
Train Epoch: 97 [41600/50000 (83%)]	Loss: 0.241207
Train Epoch: 97 [44800/50000 (90%)]	Loss: 0.134999
Train Epoch: 97 [48000/50000 (96%)]	Loss: 0.152742

Test set: Average loss: 0.0005, Accuracy: 8556/10000 (86%)

Train Epoch: 98 [0/50000 (0%)]	Loss: 0.096441
Train Epoch: 98 [3200/50000 (6%)]	Loss: 0.258129
Train Epoch: 98 [6400/50000 (13%)]	Loss: 0.202809
Train Epoch: 98 [9600/50000 (19%)]	Loss: 0.275398
Train Epoch: 98 [12800/50000 (26%)]	Loss: 0.243527
Train Epoch: 98 [16000/50000 (32%)]	Loss: 0.191140
Train Epoch: 98 [19200/50000 (38%)]	Loss: 0.223607
Train Epoch: 98 [22400/50000 (45%)]	Loss: 0.175327
Train Epoch: 98 [25600/50000 (51%)]	Loss: 0.214951
Train Epoch: 98 [28800/50000 (58%)]	Loss: 0.196310
Train Epoch: 98 [32000/50000 (64%)]	Loss: 0.136292
Train Epoch: 98 [35200/50000 (70%)]	Loss: 0.164930
Train Epoch: 98 [38400/50000 (77%)]	Loss: 0.148569
Train Epoch: 98 [41600/50000 (83%)]	Loss: 0.179978
Train Epoch: 98 [44800/50000 (90%)]	Loss: 0.166750
Train Epoch: 98 [48000/50000 (96%)]	Loss: 0.281110

Test set: Average loss: 0.0005, Accuracy: 8571/10000 (86%)

Train Epoch: 99 [0/50000 (0%)]	Loss: 0.137316
Train Epoch: 99 [3200/50000 (6%)]	Loss: 0.233375
Train Epoch: 99 [6400/50000 (13%)]	Loss: 0.296749
Train Epoch: 99 [9600/50000 (19%)]	Loss: 0.223462
Train Epoch: 99 [12800/50000 (26%)]	Loss: 0.357778
Train Epoch: 99 [16000/50000 (32%)]	Loss: 0.286347
Train Epoch: 99 [19200/50000 (38%)]	Loss: 0.160832
Train Epoch: 99 [22400/50000 (45%)]	Loss: 0.176000
Train Epoch: 99 [25600/50000 (51%)]	Loss: 0.154705
Train Epoch: 99 [28800/50000 (58%)]	Loss: 0.125495
Train Epoch: 99 [32000/50000 (64%)]	Loss: 0.207042
Train Epoch: 99 [35200/50000 (70%)]	Loss: 0.159639
Train Epoch: 99 [38400/50000 (77%)]	Loss: 0.278396
Train Epoch: 99 [41600/50000 (83%)]	Loss: 0.103451
Train Epoch: 99 [44800/50000 (90%)]	Loss: 0.130641
Train Epoch: 99 [48000/50000 (96%)]	Loss: 0.137862

Test set: Average loss: 0.0005, Accuracy: 8568/10000 (86%)

Train Epoch: 100 [0/50000 (0%)]	Loss: 0.141197
Train Epoch: 100 [3200/50000 (6%)]	Loss: 0.257776
Train Epoch: 100 [6400/50000 (13%)]	Loss: 0.136803
Train Epoch: 100 [9600/50000 (19%)]	Loss: 0.249846
Train Epoch: 100 [12800/50000 (26%)]	Loss: 0.331681
Train Epoch: 100 [16000/50000 (32%)]	Loss: 0.243971
Train Epoch: 100 [19200/50000 (38%)]	Loss: 0.111231
Train Epoch: 100 [22400/50000 (45%)]	Loss: 0.169570
Train Epoch: 100 [25600/50000 (51%)]	Loss: 0.170282
Train Epoch: 100 [28800/50000 (58%)]	Loss: 0.322143
Train Epoch: 100 [32000/50000 (64%)]	Loss: 0.189275
Train Epoch: 100 [35200/50000 (70%)]	Loss: 0.137420
Train Epoch: 100 [38400/50000 (77%)]	Loss: 0.308179
Train Epoch: 100 [41600/50000 (83%)]	Loss: 0.178024
Train Epoch: 100 [44800/50000 (90%)]	Loss: 0.173683
Train Epoch: 100 [48000/50000 (96%)]	Loss: 0.228885

Test set: Average loss: 0.0005, Accuracy: 8573/10000 (86%)

