Files already downloaded and verified
Files already downloaded and verified
Total parameters: 126698
Train Epoch: 1 [0/50000 (0%)]	Loss: 2.318187
Train Epoch: 1 [3200/50000 (6%)]	Loss: 2.246150
Train Epoch: 1 [6400/50000 (13%)]	Loss: 2.178361
Train Epoch: 1 [9600/50000 (19%)]	Loss: 2.223811
Train Epoch: 1 [12800/50000 (26%)]	Loss: 2.181067
Train Epoch: 1 [16000/50000 (32%)]	Loss: 2.169681
Train Epoch: 1 [19200/50000 (38%)]	Loss: 2.071098
Train Epoch: 1 [22400/50000 (45%)]	Loss: 2.075689
Train Epoch: 1 [25600/50000 (51%)]	Loss: 2.011027
Train Epoch: 1 [28800/50000 (58%)]	Loss: 1.999986
Train Epoch: 1 [32000/50000 (64%)]	Loss: 2.123877
Train Epoch: 1 [35200/50000 (70%)]	Loss: 2.013721
Train Epoch: 1 [38400/50000 (77%)]	Loss: 2.028856
Train Epoch: 1 [41600/50000 (83%)]	Loss: 1.915472
Train Epoch: 1 [44800/50000 (90%)]	Loss: 1.973417
Train Epoch: 1 [48000/50000 (96%)]	Loss: 1.879414

Test set: Average loss: 0.0019, Accuracy: 2542/10000 (25%)

Train Epoch: 2 [0/50000 (0%)]	Loss: 1.867360
Train Epoch: 2 [3200/50000 (6%)]	Loss: 1.873526
Train Epoch: 2 [6400/50000 (13%)]	Loss: 1.998176
Train Epoch: 2 [9600/50000 (19%)]	Loss: 1.905853
Train Epoch: 2 [12800/50000 (26%)]	Loss: 1.927256
Train Epoch: 2 [16000/50000 (32%)]	Loss: 2.014441
Train Epoch: 2 [19200/50000 (38%)]	Loss: 1.946514
Train Epoch: 2 [22400/50000 (45%)]	Loss: 1.791182
Train Epoch: 2 [25600/50000 (51%)]	Loss: 1.885571
Train Epoch: 2 [28800/50000 (58%)]	Loss: 1.805782
Train Epoch: 2 [32000/50000 (64%)]	Loss: 1.905679
Train Epoch: 2 [35200/50000 (70%)]	Loss: 2.049875
Train Epoch: 2 [38400/50000 (77%)]	Loss: 1.736045
Train Epoch: 2 [41600/50000 (83%)]	Loss: 1.962979
Train Epoch: 2 [44800/50000 (90%)]	Loss: 1.923753
Train Epoch: 2 [48000/50000 (96%)]	Loss: 1.733474

Test set: Average loss: 0.0018, Accuracy: 3194/10000 (32%)

Train Epoch: 3 [0/50000 (0%)]	Loss: 1.769070
Train Epoch: 3 [3200/50000 (6%)]	Loss: 1.886385
Train Epoch: 3 [6400/50000 (13%)]	Loss: 1.610999
Train Epoch: 3 [9600/50000 (19%)]	Loss: 1.840884
Train Epoch: 3 [12800/50000 (26%)]	Loss: 1.744681
Train Epoch: 3 [16000/50000 (32%)]	Loss: 1.756129
Train Epoch: 3 [19200/50000 (38%)]	Loss: 1.881585
Train Epoch: 3 [22400/50000 (45%)]	Loss: 1.869071
Train Epoch: 3 [25600/50000 (51%)]	Loss: 1.758653
Train Epoch: 3 [28800/50000 (58%)]	Loss: 1.644579
Train Epoch: 3 [32000/50000 (64%)]	Loss: 1.925891
Train Epoch: 3 [35200/50000 (70%)]	Loss: 1.868007
Train Epoch: 3 [38400/50000 (77%)]	Loss: 1.671740
Train Epoch: 3 [41600/50000 (83%)]	Loss: 1.701430
Train Epoch: 3 [44800/50000 (90%)]	Loss: 1.794966
Train Epoch: 3 [48000/50000 (96%)]	Loss: 1.727277

Test set: Average loss: 0.0017, Accuracy: 3621/10000 (36%)

Train Epoch: 4 [0/50000 (0%)]	Loss: 1.645315
Train Epoch: 4 [3200/50000 (6%)]	Loss: 1.840372
Train Epoch: 4 [6400/50000 (13%)]	Loss: 1.586804
Train Epoch: 4 [9600/50000 (19%)]	Loss: 1.700331
Train Epoch: 4 [12800/50000 (26%)]	Loss: 1.745090
Train Epoch: 4 [16000/50000 (32%)]	Loss: 1.913115
Train Epoch: 4 [19200/50000 (38%)]	Loss: 1.697860
Train Epoch: 4 [22400/50000 (45%)]	Loss: 1.773725
Train Epoch: 4 [25600/50000 (51%)]	Loss: 1.588519
Train Epoch: 4 [28800/50000 (58%)]	Loss: 1.667385
Train Epoch: 4 [32000/50000 (64%)]	Loss: 1.650217
Train Epoch: 4 [35200/50000 (70%)]	Loss: 1.668931
Train Epoch: 4 [38400/50000 (77%)]	Loss: 1.800212
Train Epoch: 4 [41600/50000 (83%)]	Loss: 1.452591
Train Epoch: 4 [44800/50000 (90%)]	Loss: 1.704928
Train Epoch: 4 [48000/50000 (96%)]	Loss: 1.468196

Test set: Average loss: 0.0016, Accuracy: 3994/10000 (40%)

Train Epoch: 5 [0/50000 (0%)]	Loss: 1.758162
Train Epoch: 5 [3200/50000 (6%)]	Loss: 1.537945
Train Epoch: 5 [6400/50000 (13%)]	Loss: 1.822632
Train Epoch: 5 [9600/50000 (19%)]	Loss: 1.609846
Train Epoch: 5 [12800/50000 (26%)]	Loss: 1.755582
Train Epoch: 5 [16000/50000 (32%)]	Loss: 1.900720
Train Epoch: 5 [19200/50000 (38%)]	Loss: 1.703431
Train Epoch: 5 [22400/50000 (45%)]	Loss: 1.711461
Train Epoch: 5 [25600/50000 (51%)]	Loss: 1.503009
Train Epoch: 5 [28800/50000 (58%)]	Loss: 1.928490
Train Epoch: 5 [32000/50000 (64%)]	Loss: 1.605149
Train Epoch: 5 [35200/50000 (70%)]	Loss: 1.809002
Train Epoch: 5 [38400/50000 (77%)]	Loss: 1.724117
Train Epoch: 5 [41600/50000 (83%)]	Loss: 1.623248
Train Epoch: 5 [44800/50000 (90%)]	Loss: 1.547901
Train Epoch: 5 [48000/50000 (96%)]	Loss: 1.785995

Test set: Average loss: 0.0015, Accuracy: 4321/10000 (43%)

Train Epoch: 6 [0/50000 (0%)]	Loss: 1.741335
Train Epoch: 6 [3200/50000 (6%)]	Loss: 1.375346
Train Epoch: 6 [6400/50000 (13%)]	Loss: 1.698335
Train Epoch: 6 [9600/50000 (19%)]	Loss: 1.444919
Train Epoch: 6 [12800/50000 (26%)]	Loss: 1.509112
Train Epoch: 6 [16000/50000 (32%)]	Loss: 1.573450
Train Epoch: 6 [19200/50000 (38%)]	Loss: 1.533388
Train Epoch: 6 [22400/50000 (45%)]	Loss: 1.754347
Train Epoch: 6 [25600/50000 (51%)]	Loss: 1.578921
Train Epoch: 6 [28800/50000 (58%)]	Loss: 1.341716
Train Epoch: 6 [32000/50000 (64%)]	Loss: 1.480477
Train Epoch: 6 [35200/50000 (70%)]	Loss: 1.528982
Train Epoch: 6 [38400/50000 (77%)]	Loss: 1.822917
Train Epoch: 6 [41600/50000 (83%)]	Loss: 1.270425
Train Epoch: 6 [44800/50000 (90%)]	Loss: 1.492516
Train Epoch: 6 [48000/50000 (96%)]	Loss: 1.485892

Test set: Average loss: 0.0015, Accuracy: 4559/10000 (46%)

Train Epoch: 7 [0/50000 (0%)]	Loss: 1.609849
Train Epoch: 7 [3200/50000 (6%)]	Loss: 1.572251
Train Epoch: 7 [6400/50000 (13%)]	Loss: 1.454101
Train Epoch: 7 [9600/50000 (19%)]	Loss: 1.472326
Train Epoch: 7 [12800/50000 (26%)]	Loss: 1.509841
Train Epoch: 7 [16000/50000 (32%)]	Loss: 1.690471
Train Epoch: 7 [19200/50000 (38%)]	Loss: 1.605994
Train Epoch: 7 [22400/50000 (45%)]	Loss: 1.369932
Train Epoch: 7 [25600/50000 (51%)]	Loss: 1.658196
Train Epoch: 7 [28800/50000 (58%)]	Loss: 1.428447
Train Epoch: 7 [32000/50000 (64%)]	Loss: 1.527032
Train Epoch: 7 [35200/50000 (70%)]	Loss: 1.688452
Train Epoch: 7 [38400/50000 (77%)]	Loss: 1.612195
Train Epoch: 7 [41600/50000 (83%)]	Loss: 1.404042
Train Epoch: 7 [44800/50000 (90%)]	Loss: 1.656092
Train Epoch: 7 [48000/50000 (96%)]	Loss: 1.373565

Test set: Average loss: 0.0014, Accuracy: 4826/10000 (48%)

Train Epoch: 8 [0/50000 (0%)]	Loss: 1.245952
Train Epoch: 8 [3200/50000 (6%)]	Loss: 1.652960
Train Epoch: 8 [6400/50000 (13%)]	Loss: 1.675717
Train Epoch: 8 [9600/50000 (19%)]	Loss: 1.502496
Train Epoch: 8 [12800/50000 (26%)]	Loss: 1.417042
Train Epoch: 8 [16000/50000 (32%)]	Loss: 1.610662
Train Epoch: 8 [19200/50000 (38%)]	Loss: 1.445191
Train Epoch: 8 [22400/50000 (45%)]	Loss: 1.399279
Train Epoch: 8 [25600/50000 (51%)]	Loss: 1.171011
Train Epoch: 8 [28800/50000 (58%)]	Loss: 1.407851
Train Epoch: 8 [32000/50000 (64%)]	Loss: 1.277192
Train Epoch: 8 [35200/50000 (70%)]	Loss: 1.246964
Train Epoch: 8 [38400/50000 (77%)]	Loss: 1.478978
Train Epoch: 8 [41600/50000 (83%)]	Loss: 1.316363
Train Epoch: 8 [44800/50000 (90%)]	Loss: 1.389335
Train Epoch: 8 [48000/50000 (96%)]	Loss: 1.576266

Test set: Average loss: 0.0013, Accuracy: 5101/10000 (51%)

Train Epoch: 9 [0/50000 (0%)]	Loss: 1.284622
Train Epoch: 9 [3200/50000 (6%)]	Loss: 1.539723
Train Epoch: 9 [6400/50000 (13%)]	Loss: 1.393725
Train Epoch: 9 [9600/50000 (19%)]	Loss: 1.244983
Train Epoch: 9 [12800/50000 (26%)]	Loss: 1.211910
Train Epoch: 9 [16000/50000 (32%)]	Loss: 1.369572
Train Epoch: 9 [19200/50000 (38%)]	Loss: 1.247817
Train Epoch: 9 [22400/50000 (45%)]	Loss: 1.388509
Train Epoch: 9 [25600/50000 (51%)]	Loss: 1.309535
Train Epoch: 9 [28800/50000 (58%)]	Loss: 1.270472
Train Epoch: 9 [32000/50000 (64%)]	Loss: 1.549783
Train Epoch: 9 [35200/50000 (70%)]	Loss: 1.280280
Train Epoch: 9 [38400/50000 (77%)]	Loss: 1.391482
Train Epoch: 9 [41600/50000 (83%)]	Loss: 1.270991
Train Epoch: 9 [44800/50000 (90%)]	Loss: 1.653062
Train Epoch: 9 [48000/50000 (96%)]	Loss: 1.304208

Test set: Average loss: 0.0013, Accuracy: 5327/10000 (53%)

Train Epoch: 10 [0/50000 (0%)]	Loss: 1.439153
Train Epoch: 10 [3200/50000 (6%)]	Loss: 1.604820
Train Epoch: 10 [6400/50000 (13%)]	Loss: 1.215842
Train Epoch: 10 [9600/50000 (19%)]	Loss: 1.320956
Train Epoch: 10 [12800/50000 (26%)]	Loss: 1.226979
Train Epoch: 10 [16000/50000 (32%)]	Loss: 1.424940
Train Epoch: 10 [19200/50000 (38%)]	Loss: 1.588287
Train Epoch: 10 [22400/50000 (45%)]	Loss: 1.365118
Train Epoch: 10 [25600/50000 (51%)]	Loss: 1.543903
Train Epoch: 10 [28800/50000 (58%)]	Loss: 1.334918
Train Epoch: 10 [32000/50000 (64%)]	Loss: 1.252000
Train Epoch: 10 [35200/50000 (70%)]	Loss: 1.389943
Train Epoch: 10 [38400/50000 (77%)]	Loss: 1.328754
Train Epoch: 10 [41600/50000 (83%)]	Loss: 1.427811
Train Epoch: 10 [44800/50000 (90%)]	Loss: 1.178174
Train Epoch: 10 [48000/50000 (96%)]	Loss: 1.317634

Test set: Average loss: 0.0012, Accuracy: 5509/10000 (55%)

Train Epoch: 11 [0/50000 (0%)]	Loss: 1.456780
Train Epoch: 11 [3200/50000 (6%)]	Loss: 1.434992
Train Epoch: 11 [6400/50000 (13%)]	Loss: 1.232621
Train Epoch: 11 [9600/50000 (19%)]	Loss: 1.297842
Train Epoch: 11 [12800/50000 (26%)]	Loss: 1.044889
Train Epoch: 11 [16000/50000 (32%)]	Loss: 0.991375
Train Epoch: 11 [19200/50000 (38%)]	Loss: 1.299428
Train Epoch: 11 [22400/50000 (45%)]	Loss: 1.143793
Train Epoch: 11 [25600/50000 (51%)]	Loss: 1.281422
Train Epoch: 11 [28800/50000 (58%)]	Loss: 1.261673
Train Epoch: 11 [32000/50000 (64%)]	Loss: 1.515888
Train Epoch: 11 [35200/50000 (70%)]	Loss: 1.393332
Train Epoch: 11 [38400/50000 (77%)]	Loss: 1.378791
Train Epoch: 11 [41600/50000 (83%)]	Loss: 1.249486
Train Epoch: 11 [44800/50000 (90%)]	Loss: 1.308711
Train Epoch: 11 [48000/50000 (96%)]	Loss: 1.252648

Test set: Average loss: 0.0012, Accuracy: 5759/10000 (58%)

Train Epoch: 12 [0/50000 (0%)]	Loss: 1.251052
Train Epoch: 12 [3200/50000 (6%)]	Loss: 1.311640
Train Epoch: 12 [6400/50000 (13%)]	Loss: 1.092365
Train Epoch: 12 [9600/50000 (19%)]	Loss: 1.237925
Train Epoch: 12 [12800/50000 (26%)]	Loss: 1.085581
Train Epoch: 12 [16000/50000 (32%)]	Loss: 1.268831
Train Epoch: 12 [19200/50000 (38%)]	Loss: 1.070623
Train Epoch: 12 [22400/50000 (45%)]	Loss: 1.304365
Train Epoch: 12 [25600/50000 (51%)]	Loss: 1.250533
Train Epoch: 12 [28800/50000 (58%)]	Loss: 1.135682
Train Epoch: 12 [32000/50000 (64%)]	Loss: 1.267974
Train Epoch: 12 [35200/50000 (70%)]	Loss: 1.086153
Train Epoch: 12 [38400/50000 (77%)]	Loss: 1.088510
Train Epoch: 12 [41600/50000 (83%)]	Loss: 1.175557
Train Epoch: 12 [44800/50000 (90%)]	Loss: 0.960855
Train Epoch: 12 [48000/50000 (96%)]	Loss: 0.930859

Test set: Average loss: 0.0011, Accuracy: 6013/10000 (60%)

Train Epoch: 13 [0/50000 (0%)]	Loss: 1.582280
Train Epoch: 13 [3200/50000 (6%)]	Loss: 1.336684
Train Epoch: 13 [6400/50000 (13%)]	Loss: 1.047037
Train Epoch: 13 [9600/50000 (19%)]	Loss: 1.163695
Train Epoch: 13 [12800/50000 (26%)]	Loss: 1.117905
Train Epoch: 13 [16000/50000 (32%)]	Loss: 1.094085
Train Epoch: 13 [19200/50000 (38%)]	Loss: 1.134626
Train Epoch: 13 [22400/50000 (45%)]	Loss: 1.216109
Train Epoch: 13 [25600/50000 (51%)]	Loss: 1.014444
Train Epoch: 13 [28800/50000 (58%)]	Loss: 1.108981
Train Epoch: 13 [32000/50000 (64%)]	Loss: 0.729911
Train Epoch: 13 [35200/50000 (70%)]	Loss: 0.937348
Train Epoch: 13 [38400/50000 (77%)]	Loss: 1.186228
Train Epoch: 13 [41600/50000 (83%)]	Loss: 1.124125
Train Epoch: 13 [44800/50000 (90%)]	Loss: 1.134204
Train Epoch: 13 [48000/50000 (96%)]	Loss: 1.019700

Test set: Average loss: 0.0011, Accuracy: 6143/10000 (61%)

Train Epoch: 14 [0/50000 (0%)]	Loss: 1.113383
Train Epoch: 14 [3200/50000 (6%)]	Loss: 1.185917
Train Epoch: 14 [6400/50000 (13%)]	Loss: 1.033171
Train Epoch: 14 [9600/50000 (19%)]	Loss: 1.187853
Train Epoch: 14 [12800/50000 (26%)]	Loss: 0.877036
Train Epoch: 14 [16000/50000 (32%)]	Loss: 0.937874
Train Epoch: 14 [19200/50000 (38%)]	Loss: 1.137381
Train Epoch: 14 [22400/50000 (45%)]	Loss: 1.247994
Train Epoch: 14 [25600/50000 (51%)]	Loss: 1.098982
Train Epoch: 14 [28800/50000 (58%)]	Loss: 0.866376
Train Epoch: 14 [32000/50000 (64%)]	Loss: 1.162126
Train Epoch: 14 [35200/50000 (70%)]	Loss: 1.076938
Train Epoch: 14 [38400/50000 (77%)]	Loss: 1.063856
Train Epoch: 14 [41600/50000 (83%)]	Loss: 1.202309
Train Epoch: 14 [44800/50000 (90%)]	Loss: 0.890586
Train Epoch: 14 [48000/50000 (96%)]	Loss: 0.988976

Test set: Average loss: 0.0010, Accuracy: 6436/10000 (64%)

Train Epoch: 15 [0/50000 (0%)]	Loss: 0.900104
Train Epoch: 15 [3200/50000 (6%)]	Loss: 1.245276
Train Epoch: 15 [6400/50000 (13%)]	Loss: 1.057036
Train Epoch: 15 [9600/50000 (19%)]	Loss: 1.086809
Train Epoch: 15 [12800/50000 (26%)]	Loss: 1.280443
Train Epoch: 15 [16000/50000 (32%)]	Loss: 1.115436
Train Epoch: 15 [19200/50000 (38%)]	Loss: 1.160097
Train Epoch: 15 [22400/50000 (45%)]	Loss: 1.057639
Train Epoch: 15 [25600/50000 (51%)]	Loss: 1.172369
Train Epoch: 15 [28800/50000 (58%)]	Loss: 1.177199
Train Epoch: 15 [32000/50000 (64%)]	Loss: 0.756806
Train Epoch: 15 [35200/50000 (70%)]	Loss: 1.162238
Train Epoch: 15 [38400/50000 (77%)]	Loss: 1.295363
Train Epoch: 15 [41600/50000 (83%)]	Loss: 1.128242
Train Epoch: 15 [44800/50000 (90%)]	Loss: 0.968551
Train Epoch: 15 [48000/50000 (96%)]	Loss: 1.202833

Test set: Average loss: 0.0010, Accuracy: 6490/10000 (65%)

Train Epoch: 16 [0/50000 (0%)]	Loss: 1.041675
Train Epoch: 16 [3200/50000 (6%)]	Loss: 0.859502
Train Epoch: 16 [6400/50000 (13%)]	Loss: 0.914644
Train Epoch: 16 [9600/50000 (19%)]	Loss: 0.934804
Train Epoch: 16 [12800/50000 (26%)]	Loss: 1.118312
Train Epoch: 16 [16000/50000 (32%)]	Loss: 1.120523
Train Epoch: 16 [19200/50000 (38%)]	Loss: 1.220466
Train Epoch: 16 [22400/50000 (45%)]	Loss: 1.048473
Train Epoch: 16 [25600/50000 (51%)]	Loss: 1.226434
Train Epoch: 16 [28800/50000 (58%)]	Loss: 1.281872
Train Epoch: 16 [32000/50000 (64%)]	Loss: 1.096625
Train Epoch: 16 [35200/50000 (70%)]	Loss: 0.998123
Train Epoch: 16 [38400/50000 (77%)]	Loss: 1.057920
Train Epoch: 16 [41600/50000 (83%)]	Loss: 1.027360
Train Epoch: 16 [44800/50000 (90%)]	Loss: 0.995755
Train Epoch: 16 [48000/50000 (96%)]	Loss: 0.803110

Test set: Average loss: 0.0009, Accuracy: 6672/10000 (67%)

Train Epoch: 17 [0/50000 (0%)]	Loss: 1.168353
Train Epoch: 17 [3200/50000 (6%)]	Loss: 0.995487
Train Epoch: 17 [6400/50000 (13%)]	Loss: 1.121021
Train Epoch: 17 [9600/50000 (19%)]	Loss: 1.071451
Train Epoch: 17 [12800/50000 (26%)]	Loss: 0.918504
Train Epoch: 17 [16000/50000 (32%)]	Loss: 1.058817
Train Epoch: 17 [19200/50000 (38%)]	Loss: 0.760527
Train Epoch: 17 [22400/50000 (45%)]	Loss: 0.894104
Train Epoch: 17 [25600/50000 (51%)]	Loss: 1.057254
Train Epoch: 17 [28800/50000 (58%)]	Loss: 0.798654
Train Epoch: 17 [32000/50000 (64%)]	Loss: 1.060513
Train Epoch: 17 [35200/50000 (70%)]	Loss: 1.107278
Train Epoch: 17 [38400/50000 (77%)]	Loss: 1.167520
Train Epoch: 17 [41600/50000 (83%)]	Loss: 1.163407
Train Epoch: 17 [44800/50000 (90%)]	Loss: 1.111666
Train Epoch: 17 [48000/50000 (96%)]	Loss: 0.841237

Test set: Average loss: 0.0009, Accuracy: 6725/10000 (67%)

Train Epoch: 18 [0/50000 (0%)]	Loss: 0.887804
Train Epoch: 18 [3200/50000 (6%)]	Loss: 0.862049
Train Epoch: 18 [6400/50000 (13%)]	Loss: 1.190437
Train Epoch: 18 [9600/50000 (19%)]	Loss: 0.950868
Train Epoch: 18 [12800/50000 (26%)]	Loss: 1.087525
Train Epoch: 18 [16000/50000 (32%)]	Loss: 0.862221
Train Epoch: 18 [19200/50000 (38%)]	Loss: 1.035822
Train Epoch: 18 [22400/50000 (45%)]	Loss: 0.906642
Train Epoch: 18 [25600/50000 (51%)]	Loss: 0.893461
Train Epoch: 18 [28800/50000 (58%)]	Loss: 0.977380
Train Epoch: 18 [32000/50000 (64%)]	Loss: 0.983638
Train Epoch: 18 [35200/50000 (70%)]	Loss: 0.799577
Train Epoch: 18 [38400/50000 (77%)]	Loss: 0.822776
Train Epoch: 18 [41600/50000 (83%)]	Loss: 0.954170
Train Epoch: 18 [44800/50000 (90%)]	Loss: 1.061833
Train Epoch: 18 [48000/50000 (96%)]	Loss: 1.060153

Test set: Average loss: 0.0009, Accuracy: 6904/10000 (69%)

Train Epoch: 19 [0/50000 (0%)]	Loss: 0.966395
Train Epoch: 19 [3200/50000 (6%)]	Loss: 0.930470
Train Epoch: 19 [6400/50000 (13%)]	Loss: 0.888935
Train Epoch: 19 [9600/50000 (19%)]	Loss: 0.867759
Train Epoch: 19 [12800/50000 (26%)]	Loss: 0.768570
Train Epoch: 19 [16000/50000 (32%)]	Loss: 0.865070
Train Epoch: 19 [19200/50000 (38%)]	Loss: 1.010838
Train Epoch: 19 [22400/50000 (45%)]	Loss: 0.809640
Train Epoch: 19 [25600/50000 (51%)]	Loss: 1.033584
Train Epoch: 19 [28800/50000 (58%)]	Loss: 0.918379
Train Epoch: 19 [32000/50000 (64%)]	Loss: 1.022639
Train Epoch: 19 [35200/50000 (70%)]	Loss: 0.922606
Train Epoch: 19 [38400/50000 (77%)]	Loss: 1.068712
Train Epoch: 19 [41600/50000 (83%)]	Loss: 0.963534
Train Epoch: 19 [44800/50000 (90%)]	Loss: 0.790751
Train Epoch: 19 [48000/50000 (96%)]	Loss: 0.910432

Test set: Average loss: 0.0008, Accuracy: 7060/10000 (71%)

Train Epoch: 20 [0/50000 (0%)]	Loss: 0.876192
Train Epoch: 20 [3200/50000 (6%)]	Loss: 0.836672
Train Epoch: 20 [6400/50000 (13%)]	Loss: 0.760407
Train Epoch: 20 [9600/50000 (19%)]	Loss: 0.985570
Train Epoch: 20 [12800/50000 (26%)]	Loss: 0.908125
Train Epoch: 20 [16000/50000 (32%)]	Loss: 0.936465
Train Epoch: 20 [19200/50000 (38%)]	Loss: 0.915035
Train Epoch: 20 [22400/50000 (45%)]	Loss: 0.687334
Train Epoch: 20 [25600/50000 (51%)]	Loss: 0.981859
Train Epoch: 20 [28800/50000 (58%)]	Loss: 0.960561
Train Epoch: 20 [32000/50000 (64%)]	Loss: 0.657390
Train Epoch: 20 [35200/50000 (70%)]	Loss: 0.901436
Train Epoch: 20 [38400/50000 (77%)]	Loss: 1.059485
Train Epoch: 20 [41600/50000 (83%)]	Loss: 0.903773
Train Epoch: 20 [44800/50000 (90%)]	Loss: 0.946067
Train Epoch: 20 [48000/50000 (96%)]	Loss: 0.908674

Test set: Average loss: 0.0008, Accuracy: 7139/10000 (71%)

Train Epoch: 21 [0/50000 (0%)]	Loss: 0.995352
Train Epoch: 21 [3200/50000 (6%)]	Loss: 0.731496
Train Epoch: 21 [6400/50000 (13%)]	Loss: 0.572661
Train Epoch: 21 [9600/50000 (19%)]	Loss: 0.656702
Train Epoch: 21 [12800/50000 (26%)]	Loss: 0.816955
Train Epoch: 21 [16000/50000 (32%)]	Loss: 0.970005
Train Epoch: 21 [19200/50000 (38%)]	Loss: 0.852002
Train Epoch: 21 [22400/50000 (45%)]	Loss: 0.984025
Train Epoch: 21 [25600/50000 (51%)]	Loss: 0.861692
Train Epoch: 21 [28800/50000 (58%)]	Loss: 0.796203
Train Epoch: 21 [32000/50000 (64%)]	Loss: 1.196215
Train Epoch: 21 [35200/50000 (70%)]	Loss: 0.975132
Train Epoch: 21 [38400/50000 (77%)]	Loss: 1.182512
Train Epoch: 21 [41600/50000 (83%)]	Loss: 0.762243
Train Epoch: 21 [44800/50000 (90%)]	Loss: 0.890990
Train Epoch: 21 [48000/50000 (96%)]	Loss: 1.106794

Test set: Average loss: 0.0008, Accuracy: 7085/10000 (71%)

Train Epoch: 22 [0/50000 (0%)]	Loss: 0.822962
Train Epoch: 22 [3200/50000 (6%)]	Loss: 1.104321
Train Epoch: 22 [6400/50000 (13%)]	Loss: 0.700642
Train Epoch: 22 [9600/50000 (19%)]	Loss: 0.840104
Train Epoch: 22 [12800/50000 (26%)]	Loss: 0.835872
Train Epoch: 22 [16000/50000 (32%)]	Loss: 0.989892
Train Epoch: 22 [19200/50000 (38%)]	Loss: 1.118163
Train Epoch: 22 [22400/50000 (45%)]	Loss: 0.802758
Train Epoch: 22 [25600/50000 (51%)]	Loss: 0.868438
Train Epoch: 22 [28800/50000 (58%)]	Loss: 0.838389
Train Epoch: 22 [32000/50000 (64%)]	Loss: 0.881941
Train Epoch: 22 [35200/50000 (70%)]	Loss: 1.108675
Train Epoch: 22 [38400/50000 (77%)]	Loss: 0.757497
Train Epoch: 22 [41600/50000 (83%)]	Loss: 0.960668
Train Epoch: 22 [44800/50000 (90%)]	Loss: 0.668429
Train Epoch: 22 [48000/50000 (96%)]	Loss: 0.816572

Test set: Average loss: 0.0008, Accuracy: 7272/10000 (73%)

Train Epoch: 23 [0/50000 (0%)]	Loss: 0.878493
Train Epoch: 23 [3200/50000 (6%)]	Loss: 0.789846
Train Epoch: 23 [6400/50000 (13%)]	Loss: 0.859643
Train Epoch: 23 [9600/50000 (19%)]	Loss: 0.798655
Train Epoch: 23 [12800/50000 (26%)]	Loss: 0.705243
Train Epoch: 23 [16000/50000 (32%)]	Loss: 0.800906
Train Epoch: 23 [19200/50000 (38%)]	Loss: 0.871515
Train Epoch: 23 [22400/50000 (45%)]	Loss: 0.788080
Train Epoch: 23 [25600/50000 (51%)]	Loss: 1.058174
Train Epoch: 23 [28800/50000 (58%)]	Loss: 0.698985
Train Epoch: 23 [32000/50000 (64%)]	Loss: 1.058034
Train Epoch: 23 [35200/50000 (70%)]	Loss: 0.913005
Train Epoch: 23 [38400/50000 (77%)]	Loss: 0.946855
Train Epoch: 23 [41600/50000 (83%)]	Loss: 0.705710
Train Epoch: 23 [44800/50000 (90%)]	Loss: 0.737947
Train Epoch: 23 [48000/50000 (96%)]	Loss: 0.917125

Test set: Average loss: 0.0008, Accuracy: 7224/10000 (72%)

Train Epoch: 24 [0/50000 (0%)]	Loss: 0.953227
Train Epoch: 24 [3200/50000 (6%)]	Loss: 0.840723
Train Epoch: 24 [6400/50000 (13%)]	Loss: 0.922151
Train Epoch: 24 [9600/50000 (19%)]	Loss: 0.755139
Train Epoch: 24 [12800/50000 (26%)]	Loss: 1.072737
Train Epoch: 24 [16000/50000 (32%)]	Loss: 0.767553
Train Epoch: 24 [19200/50000 (38%)]	Loss: 1.136125
Train Epoch: 24 [22400/50000 (45%)]	Loss: 0.840684
Train Epoch: 24 [25600/50000 (51%)]	Loss: 0.601158
Train Epoch: 24 [28800/50000 (58%)]	Loss: 0.623516
Train Epoch: 24 [32000/50000 (64%)]	Loss: 0.690359
Train Epoch: 24 [35200/50000 (70%)]	Loss: 0.822326
Train Epoch: 24 [38400/50000 (77%)]	Loss: 0.932049
Train Epoch: 24 [41600/50000 (83%)]	Loss: 0.675979
Train Epoch: 24 [44800/50000 (90%)]	Loss: 0.773357
Train Epoch: 24 [48000/50000 (96%)]	Loss: 0.721789

Test set: Average loss: 0.0008, Accuracy: 7327/10000 (73%)

Train Epoch: 25 [0/50000 (0%)]	Loss: 0.722995
Train Epoch: 25 [3200/50000 (6%)]	Loss: 0.915609
Train Epoch: 25 [6400/50000 (13%)]	Loss: 0.800500
Train Epoch: 25 [9600/50000 (19%)]	Loss: 0.675331
Train Epoch: 25 [12800/50000 (26%)]	Loss: 1.001148
Train Epoch: 25 [16000/50000 (32%)]	Loss: 0.971582
Train Epoch: 25 [19200/50000 (38%)]	Loss: 0.848775
Train Epoch: 25 [22400/50000 (45%)]	Loss: 0.778584
Train Epoch: 25 [25600/50000 (51%)]	Loss: 0.556050
Train Epoch: 25 [28800/50000 (58%)]	Loss: 0.788874
Train Epoch: 25 [32000/50000 (64%)]	Loss: 0.769039
Train Epoch: 25 [35200/50000 (70%)]	Loss: 0.727171
Train Epoch: 25 [38400/50000 (77%)]	Loss: 0.854516
Train Epoch: 25 [41600/50000 (83%)]	Loss: 0.673107
Train Epoch: 25 [44800/50000 (90%)]	Loss: 0.956338
Train Epoch: 25 [48000/50000 (96%)]	Loss: 0.705662

Test set: Average loss: 0.0007, Accuracy: 7471/10000 (75%)

Train Epoch: 26 [0/50000 (0%)]	Loss: 0.653692
Train Epoch: 26 [3200/50000 (6%)]	Loss: 0.872149
Train Epoch: 26 [6400/50000 (13%)]	Loss: 0.662584
Train Epoch: 26 [9600/50000 (19%)]	Loss: 1.019280
Train Epoch: 26 [12800/50000 (26%)]	Loss: 0.702151
Train Epoch: 26 [16000/50000 (32%)]	Loss: 0.675358
Train Epoch: 26 [19200/50000 (38%)]	Loss: 0.589368
Train Epoch: 26 [22400/50000 (45%)]	Loss: 0.762969
Train Epoch: 26 [25600/50000 (51%)]	Loss: 0.671940
Train Epoch: 26 [28800/50000 (58%)]	Loss: 0.954619
Train Epoch: 26 [32000/50000 (64%)]	Loss: 0.633592
Train Epoch: 26 [35200/50000 (70%)]	Loss: 1.099986
Train Epoch: 26 [38400/50000 (77%)]	Loss: 0.595510
Train Epoch: 26 [41600/50000 (83%)]	Loss: 0.699060
Train Epoch: 26 [44800/50000 (90%)]	Loss: 0.665392
Train Epoch: 26 [48000/50000 (96%)]	Loss: 0.594356

Test set: Average loss: 0.0007, Accuracy: 7497/10000 (75%)

Train Epoch: 27 [0/50000 (0%)]	Loss: 0.783155
Train Epoch: 27 [3200/50000 (6%)]	Loss: 0.631777
Train Epoch: 27 [6400/50000 (13%)]	Loss: 0.565748
Train Epoch: 27 [9600/50000 (19%)]	Loss: 0.838497
Train Epoch: 27 [12800/50000 (26%)]	Loss: 0.709638
Train Epoch: 27 [16000/50000 (32%)]	Loss: 0.851547
Train Epoch: 27 [19200/50000 (38%)]	Loss: 0.557721
Train Epoch: 27 [22400/50000 (45%)]	Loss: 0.640606
Train Epoch: 27 [25600/50000 (51%)]	Loss: 0.692807
Train Epoch: 27 [28800/50000 (58%)]	Loss: 0.627354
Train Epoch: 27 [32000/50000 (64%)]	Loss: 0.685163
Train Epoch: 27 [35200/50000 (70%)]	Loss: 0.735215
Train Epoch: 27 [38400/50000 (77%)]	Loss: 0.985964
Train Epoch: 27 [41600/50000 (83%)]	Loss: 0.769809
Train Epoch: 27 [44800/50000 (90%)]	Loss: 0.737803
Train Epoch: 27 [48000/50000 (96%)]	Loss: 0.635236

Test set: Average loss: 0.0007, Accuracy: 7538/10000 (75%)

Train Epoch: 28 [0/50000 (0%)]	Loss: 0.792724
Train Epoch: 28 [3200/50000 (6%)]	Loss: 0.971209
Train Epoch: 28 [6400/50000 (13%)]	Loss: 0.567429
Train Epoch: 28 [9600/50000 (19%)]	Loss: 0.657056
Train Epoch: 28 [12800/50000 (26%)]	Loss: 0.717885
Train Epoch: 28 [16000/50000 (32%)]	Loss: 0.763286
Train Epoch: 28 [19200/50000 (38%)]	Loss: 0.555359
Train Epoch: 28 [22400/50000 (45%)]	Loss: 0.684187
Train Epoch: 28 [25600/50000 (51%)]	Loss: 0.704656
Train Epoch: 28 [28800/50000 (58%)]	Loss: 0.542643
Train Epoch: 28 [32000/50000 (64%)]	Loss: 0.741541
Train Epoch: 28 [35200/50000 (70%)]	Loss: 0.900903
Train Epoch: 28 [38400/50000 (77%)]	Loss: 1.006398
Train Epoch: 28 [41600/50000 (83%)]	Loss: 0.527642
Train Epoch: 28 [44800/50000 (90%)]	Loss: 0.797215
Train Epoch: 28 [48000/50000 (96%)]	Loss: 0.865574

Test set: Average loss: 0.0007, Accuracy: 7519/10000 (75%)

Train Epoch: 29 [0/50000 (0%)]	Loss: 0.616473
Train Epoch: 29 [3200/50000 (6%)]	Loss: 0.650728
Train Epoch: 29 [6400/50000 (13%)]	Loss: 0.773565
Train Epoch: 29 [9600/50000 (19%)]	Loss: 0.870881
Train Epoch: 29 [12800/50000 (26%)]	Loss: 0.841335
Train Epoch: 29 [16000/50000 (32%)]	Loss: 1.056231
Train Epoch: 29 [19200/50000 (38%)]	Loss: 0.588620
Train Epoch: 29 [22400/50000 (45%)]	Loss: 0.973444
Train Epoch: 29 [25600/50000 (51%)]	Loss: 0.897249
Train Epoch: 29 [28800/50000 (58%)]	Loss: 0.687455
Train Epoch: 29 [32000/50000 (64%)]	Loss: 0.875041
Train Epoch: 29 [35200/50000 (70%)]	Loss: 0.796862
Train Epoch: 29 [38400/50000 (77%)]	Loss: 0.448512
Train Epoch: 29 [41600/50000 (83%)]	Loss: 0.643732
Train Epoch: 29 [44800/50000 (90%)]	Loss: 0.587406
Train Epoch: 29 [48000/50000 (96%)]	Loss: 0.658612

Test set: Average loss: 0.0007, Accuracy: 7540/10000 (75%)

Train Epoch: 30 [0/50000 (0%)]	Loss: 0.690618
Train Epoch: 30 [3200/50000 (6%)]	Loss: 0.713864
Train Epoch: 30 [6400/50000 (13%)]	Loss: 0.614219
Train Epoch: 30 [9600/50000 (19%)]	Loss: 0.688981
Train Epoch: 30 [12800/50000 (26%)]	Loss: 1.062614
Train Epoch: 30 [16000/50000 (32%)]	Loss: 0.691752
Train Epoch: 30 [19200/50000 (38%)]	Loss: 0.719714
Train Epoch: 30 [22400/50000 (45%)]	Loss: 0.774344
Train Epoch: 30 [25600/50000 (51%)]	Loss: 0.526857
Train Epoch: 30 [28800/50000 (58%)]	Loss: 0.658549
Train Epoch: 30 [32000/50000 (64%)]	Loss: 0.832931
Train Epoch: 30 [35200/50000 (70%)]	Loss: 0.864872
Train Epoch: 30 [38400/50000 (77%)]	Loss: 0.689453
Train Epoch: 30 [41600/50000 (83%)]	Loss: 0.688485
Train Epoch: 30 [44800/50000 (90%)]	Loss: 0.473035
Train Epoch: 30 [48000/50000 (96%)]	Loss: 0.830374

Test set: Average loss: 0.0007, Accuracy: 7501/10000 (75%)

Train Epoch: 31 [0/50000 (0%)]	Loss: 0.475523
Train Epoch: 31 [3200/50000 (6%)]	Loss: 0.527115
Train Epoch: 31 [6400/50000 (13%)]	Loss: 0.689660
Train Epoch: 31 [9600/50000 (19%)]	Loss: 0.615346
Train Epoch: 31 [12800/50000 (26%)]	Loss: 0.583529
Train Epoch: 31 [16000/50000 (32%)]	Loss: 0.661609
Train Epoch: 31 [19200/50000 (38%)]	Loss: 0.912488
Train Epoch: 31 [22400/50000 (45%)]	Loss: 0.630316
Train Epoch: 31 [25600/50000 (51%)]	Loss: 0.756885
Train Epoch: 31 [28800/50000 (58%)]	Loss: 0.567131
Train Epoch: 31 [32000/50000 (64%)]	Loss: 0.556705
Train Epoch: 31 [35200/50000 (70%)]	Loss: 0.778843
Train Epoch: 31 [38400/50000 (77%)]	Loss: 0.748396
Train Epoch: 31 [41600/50000 (83%)]	Loss: 0.520226
Train Epoch: 31 [44800/50000 (90%)]	Loss: 0.629182
Train Epoch: 31 [48000/50000 (96%)]	Loss: 0.778052

Test set: Average loss: 0.0007, Accuracy: 7642/10000 (76%)

Train Epoch: 32 [0/50000 (0%)]	Loss: 0.720111
Train Epoch: 32 [3200/50000 (6%)]	Loss: 0.887801
Train Epoch: 32 [6400/50000 (13%)]	Loss: 0.762728
Train Epoch: 32 [9600/50000 (19%)]	Loss: 0.640391
Train Epoch: 32 [12800/50000 (26%)]	Loss: 0.507440
Train Epoch: 32 [16000/50000 (32%)]	Loss: 0.661778
Train Epoch: 32 [19200/50000 (38%)]	Loss: 0.855699
Train Epoch: 32 [22400/50000 (45%)]	Loss: 0.681514
Train Epoch: 32 [25600/50000 (51%)]	Loss: 0.822186
Train Epoch: 32 [28800/50000 (58%)]	Loss: 0.569189
Train Epoch: 32 [32000/50000 (64%)]	Loss: 0.668797
Train Epoch: 32 [35200/50000 (70%)]	Loss: 0.551924
Train Epoch: 32 [38400/50000 (77%)]	Loss: 0.774074
Train Epoch: 32 [41600/50000 (83%)]	Loss: 0.564227
Train Epoch: 32 [44800/50000 (90%)]	Loss: 0.891683
Train Epoch: 32 [48000/50000 (96%)]	Loss: 0.577932

Test set: Average loss: 0.0007, Accuracy: 7681/10000 (77%)

Train Epoch: 33 [0/50000 (0%)]	Loss: 0.744134
Train Epoch: 33 [3200/50000 (6%)]	Loss: 0.837005
Train Epoch: 33 [6400/50000 (13%)]	Loss: 0.660728
Train Epoch: 33 [9600/50000 (19%)]	Loss: 0.930090
Train Epoch: 33 [12800/50000 (26%)]	Loss: 0.550080
Train Epoch: 33 [16000/50000 (32%)]	Loss: 0.808865
Train Epoch: 33 [19200/50000 (38%)]	Loss: 0.582114
Train Epoch: 33 [22400/50000 (45%)]	Loss: 0.743352
Train Epoch: 33 [25600/50000 (51%)]	Loss: 0.649794
Train Epoch: 33 [28800/50000 (58%)]	Loss: 0.543025
Train Epoch: 33 [32000/50000 (64%)]	Loss: 0.622839
Train Epoch: 33 [35200/50000 (70%)]	Loss: 0.879728
Train Epoch: 33 [38400/50000 (77%)]	Loss: 0.574730
Train Epoch: 33 [41600/50000 (83%)]	Loss: 0.564979
Train Epoch: 33 [44800/50000 (90%)]	Loss: 0.741486
Train Epoch: 33 [48000/50000 (96%)]	Loss: 0.629472

Test set: Average loss: 0.0007, Accuracy: 7680/10000 (77%)

Train Epoch: 34 [0/50000 (0%)]	Loss: 0.705032
Train Epoch: 34 [3200/50000 (6%)]	Loss: 0.797336
Train Epoch: 34 [6400/50000 (13%)]	Loss: 0.716202
Train Epoch: 34 [9600/50000 (19%)]	Loss: 0.850001
Train Epoch: 34 [12800/50000 (26%)]	Loss: 0.832966
Train Epoch: 34 [16000/50000 (32%)]	Loss: 0.639128
Train Epoch: 34 [19200/50000 (38%)]	Loss: 0.752160
Train Epoch: 34 [22400/50000 (45%)]	Loss: 0.900814
Train Epoch: 34 [25600/50000 (51%)]	Loss: 0.633614
Train Epoch: 34 [28800/50000 (58%)]	Loss: 0.469072
Train Epoch: 34 [32000/50000 (64%)]	Loss: 0.778439
Train Epoch: 34 [35200/50000 (70%)]	Loss: 0.744545
Train Epoch: 34 [38400/50000 (77%)]	Loss: 0.732655
Train Epoch: 34 [41600/50000 (83%)]	Loss: 0.566797
Train Epoch: 34 [44800/50000 (90%)]	Loss: 0.736394
Train Epoch: 34 [48000/50000 (96%)]	Loss: 0.670465

Test set: Average loss: 0.0007, Accuracy: 7648/10000 (76%)

Train Epoch: 35 [0/50000 (0%)]	Loss: 0.613157
Train Epoch: 35 [3200/50000 (6%)]	Loss: 0.844620
Train Epoch: 35 [6400/50000 (13%)]	Loss: 0.532153
Train Epoch: 35 [9600/50000 (19%)]	Loss: 0.748573
Train Epoch: 35 [12800/50000 (26%)]	Loss: 0.646163
Train Epoch: 35 [16000/50000 (32%)]	Loss: 0.544182
Train Epoch: 35 [19200/50000 (38%)]	Loss: 0.557002
Train Epoch: 35 [22400/50000 (45%)]	Loss: 0.590296
Train Epoch: 35 [25600/50000 (51%)]	Loss: 0.637389
Train Epoch: 35 [28800/50000 (58%)]	Loss: 0.580331
Train Epoch: 35 [32000/50000 (64%)]	Loss: 0.664718
Train Epoch: 35 [35200/50000 (70%)]	Loss: 0.739053
Train Epoch: 35 [38400/50000 (77%)]	Loss: 0.682026
Train Epoch: 35 [41600/50000 (83%)]	Loss: 0.578109
Train Epoch: 35 [44800/50000 (90%)]	Loss: 0.663494
Train Epoch: 35 [48000/50000 (96%)]	Loss: 0.783152

Test set: Average loss: 0.0007, Accuracy: 7696/10000 (77%)

Train Epoch: 36 [0/50000 (0%)]	Loss: 0.571353
Train Epoch: 36 [3200/50000 (6%)]	Loss: 0.556702
Train Epoch: 36 [6400/50000 (13%)]	Loss: 0.700651
Train Epoch: 36 [9600/50000 (19%)]	Loss: 0.675436
Train Epoch: 36 [12800/50000 (26%)]	Loss: 0.864610
Train Epoch: 36 [16000/50000 (32%)]	Loss: 0.481466
Train Epoch: 36 [19200/50000 (38%)]	Loss: 0.646970
Train Epoch: 36 [22400/50000 (45%)]	Loss: 0.711485
Train Epoch: 36 [25600/50000 (51%)]	Loss: 0.670353
Train Epoch: 36 [28800/50000 (58%)]	Loss: 0.832877
Train Epoch: 36 [32000/50000 (64%)]	Loss: 0.753107
Train Epoch: 36 [35200/50000 (70%)]	Loss: 0.665541
Train Epoch: 36 [38400/50000 (77%)]	Loss: 0.580347
Train Epoch: 36 [41600/50000 (83%)]	Loss: 0.596821
Train Epoch: 36 [44800/50000 (90%)]	Loss: 0.398606
Train Epoch: 36 [48000/50000 (96%)]	Loss: 0.507907

Test set: Average loss: 0.0007, Accuracy: 7722/10000 (77%)

Train Epoch: 37 [0/50000 (0%)]	Loss: 0.862636
Train Epoch: 37 [3200/50000 (6%)]	Loss: 0.566192
Train Epoch: 37 [6400/50000 (13%)]	Loss: 0.684875
Train Epoch: 37 [9600/50000 (19%)]	Loss: 0.736582
Train Epoch: 37 [12800/50000 (26%)]	Loss: 0.608398
Train Epoch: 37 [16000/50000 (32%)]	Loss: 0.877003
Train Epoch: 37 [19200/50000 (38%)]	Loss: 0.753502
Train Epoch: 37 [22400/50000 (45%)]	Loss: 0.645545
Train Epoch: 37 [25600/50000 (51%)]	Loss: 0.560352
Train Epoch: 37 [28800/50000 (58%)]	Loss: 0.539871
Train Epoch: 37 [32000/50000 (64%)]	Loss: 0.764380
Train Epoch: 37 [35200/50000 (70%)]	Loss: 0.854665
Train Epoch: 37 [38400/50000 (77%)]	Loss: 0.457267
Train Epoch: 37 [41600/50000 (83%)]	Loss: 0.701059
Train Epoch: 37 [44800/50000 (90%)]	Loss: 0.639947
Train Epoch: 37 [48000/50000 (96%)]	Loss: 0.663989

Test set: Average loss: 0.0006, Accuracy: 7737/10000 (77%)

Train Epoch: 38 [0/50000 (0%)]	Loss: 0.593835
Train Epoch: 38 [3200/50000 (6%)]	Loss: 0.750633
Train Epoch: 38 [6400/50000 (13%)]	Loss: 0.779808
Train Epoch: 38 [9600/50000 (19%)]	Loss: 0.422021
Train Epoch: 38 [12800/50000 (26%)]	Loss: 0.461300
Train Epoch: 38 [16000/50000 (32%)]	Loss: 0.614179
Train Epoch: 38 [19200/50000 (38%)]	Loss: 0.526527
Train Epoch: 38 [22400/50000 (45%)]	Loss: 0.550378
Train Epoch: 38 [25600/50000 (51%)]	Loss: 0.717562
Train Epoch: 38 [28800/50000 (58%)]	Loss: 0.681481
Train Epoch: 38 [32000/50000 (64%)]	Loss: 0.581132
Train Epoch: 38 [35200/50000 (70%)]	Loss: 0.620696
Train Epoch: 38 [38400/50000 (77%)]	Loss: 0.642747
Train Epoch: 38 [41600/50000 (83%)]	Loss: 0.566193
Train Epoch: 38 [44800/50000 (90%)]	Loss: 0.630480
Train Epoch: 38 [48000/50000 (96%)]	Loss: 0.758141

Test set: Average loss: 0.0006, Accuracy: 7798/10000 (78%)

Train Epoch: 39 [0/50000 (0%)]	Loss: 0.586195
Train Epoch: 39 [3200/50000 (6%)]	Loss: 0.620141
Train Epoch: 39 [6400/50000 (13%)]	Loss: 0.567777
Train Epoch: 39 [9600/50000 (19%)]	Loss: 0.698872
Train Epoch: 39 [12800/50000 (26%)]	Loss: 0.670010
Train Epoch: 39 [16000/50000 (32%)]	Loss: 0.575152
Train Epoch: 39 [19200/50000 (38%)]	Loss: 0.706045
Train Epoch: 39 [22400/50000 (45%)]	Loss: 0.536302
Train Epoch: 39 [25600/50000 (51%)]	Loss: 0.422111
Train Epoch: 39 [28800/50000 (58%)]	Loss: 0.531469
Train Epoch: 39 [32000/50000 (64%)]	Loss: 0.839298
Train Epoch: 39 [35200/50000 (70%)]	Loss: 0.440359
Train Epoch: 39 [38400/50000 (77%)]	Loss: 0.635912
Train Epoch: 39 [41600/50000 (83%)]	Loss: 0.694365
Train Epoch: 39 [44800/50000 (90%)]	Loss: 0.438155
Train Epoch: 39 [48000/50000 (96%)]	Loss: 0.696542

Test set: Average loss: 0.0007, Accuracy: 7645/10000 (76%)

Train Epoch: 40 [0/50000 (0%)]	Loss: 0.699437
Train Epoch: 40 [3200/50000 (6%)]	Loss: 0.557087
Train Epoch: 40 [6400/50000 (13%)]	Loss: 0.604574
Train Epoch: 40 [9600/50000 (19%)]	Loss: 0.699978
Train Epoch: 40 [12800/50000 (26%)]	Loss: 0.615121
Train Epoch: 40 [16000/50000 (32%)]	Loss: 0.656818
Train Epoch: 40 [19200/50000 (38%)]	Loss: 0.704185
Train Epoch: 40 [22400/50000 (45%)]	Loss: 0.555470
Train Epoch: 40 [25600/50000 (51%)]	Loss: 0.798434
Train Epoch: 40 [28800/50000 (58%)]	Loss: 0.583014
Train Epoch: 40 [32000/50000 (64%)]	Loss: 0.574723
Train Epoch: 40 [35200/50000 (70%)]	Loss: 0.659737
Train Epoch: 40 [38400/50000 (77%)]	Loss: 0.681910
Train Epoch: 40 [41600/50000 (83%)]	Loss: 0.630282
Train Epoch: 40 [44800/50000 (90%)]	Loss: 0.684806
Train Epoch: 40 [48000/50000 (96%)]	Loss: 0.632180

Test set: Average loss: 0.0006, Accuracy: 7805/10000 (78%)

Train Epoch: 41 [0/50000 (0%)]	Loss: 0.586073
Train Epoch: 41 [3200/50000 (6%)]	Loss: 0.457491
Train Epoch: 41 [6400/50000 (13%)]	Loss: 0.616509
Train Epoch: 41 [9600/50000 (19%)]	Loss: 0.755898
Train Epoch: 41 [12800/50000 (26%)]	Loss: 0.695018
Train Epoch: 41 [16000/50000 (32%)]	Loss: 0.925241
Train Epoch: 41 [19200/50000 (38%)]	Loss: 0.501397
Train Epoch: 41 [22400/50000 (45%)]	Loss: 0.678503
Train Epoch: 41 [25600/50000 (51%)]	Loss: 0.477955
Train Epoch: 41 [28800/50000 (58%)]	Loss: 0.873334
Train Epoch: 41 [32000/50000 (64%)]	Loss: 0.552083
Train Epoch: 41 [35200/50000 (70%)]	Loss: 0.797833
Train Epoch: 41 [38400/50000 (77%)]	Loss: 0.461899
Train Epoch: 41 [41600/50000 (83%)]	Loss: 0.576712
Train Epoch: 41 [44800/50000 (90%)]	Loss: 0.464998
Train Epoch: 41 [48000/50000 (96%)]	Loss: 0.479397

Test set: Average loss: 0.0006, Accuracy: 7759/10000 (78%)

Train Epoch: 42 [0/50000 (0%)]	Loss: 0.504162
Train Epoch: 42 [3200/50000 (6%)]	Loss: 0.497526
Train Epoch: 42 [6400/50000 (13%)]	Loss: 0.591986
Train Epoch: 42 [9600/50000 (19%)]	Loss: 0.568805
Train Epoch: 42 [12800/50000 (26%)]	Loss: 0.722504
Train Epoch: 42 [16000/50000 (32%)]	Loss: 0.723423
Train Epoch: 42 [19200/50000 (38%)]	Loss: 0.505442
Train Epoch: 42 [22400/50000 (45%)]	Loss: 0.724610
Train Epoch: 42 [25600/50000 (51%)]	Loss: 0.563287
Train Epoch: 42 [28800/50000 (58%)]	Loss: 0.592473
Train Epoch: 42 [32000/50000 (64%)]	Loss: 0.741913
Train Epoch: 42 [35200/50000 (70%)]	Loss: 0.691756
Train Epoch: 42 [38400/50000 (77%)]	Loss: 0.674523
Train Epoch: 42 [41600/50000 (83%)]	Loss: 0.638879
Train Epoch: 42 [44800/50000 (90%)]	Loss: 0.642086
Train Epoch: 42 [48000/50000 (96%)]	Loss: 0.477132

Test set: Average loss: 0.0006, Accuracy: 7810/10000 (78%)

Train Epoch: 43 [0/50000 (0%)]	Loss: 0.552530
Train Epoch: 43 [3200/50000 (6%)]	Loss: 0.581319
Train Epoch: 43 [6400/50000 (13%)]	Loss: 0.441828
Train Epoch: 43 [9600/50000 (19%)]	Loss: 0.475148
Train Epoch: 43 [12800/50000 (26%)]	Loss: 0.710286
Train Epoch: 43 [16000/50000 (32%)]	Loss: 0.831183
Train Epoch: 43 [19200/50000 (38%)]	Loss: 0.583247
Train Epoch: 43 [22400/50000 (45%)]	Loss: 0.534336
Train Epoch: 43 [25600/50000 (51%)]	Loss: 0.674988
Train Epoch: 43 [28800/50000 (58%)]	Loss: 0.641290
Train Epoch: 43 [32000/50000 (64%)]	Loss: 0.376728
Train Epoch: 43 [35200/50000 (70%)]	Loss: 0.753328
Train Epoch: 43 [38400/50000 (77%)]	Loss: 0.661522
Train Epoch: 43 [41600/50000 (83%)]	Loss: 0.798330
Train Epoch: 43 [44800/50000 (90%)]	Loss: 0.422010
Train Epoch: 43 [48000/50000 (96%)]	Loss: 0.454294

Test set: Average loss: 0.0006, Accuracy: 7907/10000 (79%)

Train Epoch: 44 [0/50000 (0%)]	Loss: 0.668235
Train Epoch: 44 [3200/50000 (6%)]	Loss: 0.475861
Train Epoch: 44 [6400/50000 (13%)]	Loss: 0.648049
Train Epoch: 44 [9600/50000 (19%)]	Loss: 0.513748
Train Epoch: 44 [12800/50000 (26%)]	Loss: 0.709757
Train Epoch: 44 [16000/50000 (32%)]	Loss: 0.482922
Train Epoch: 44 [19200/50000 (38%)]	Loss: 0.431117
Train Epoch: 44 [22400/50000 (45%)]	Loss: 0.603658
Train Epoch: 44 [25600/50000 (51%)]	Loss: 0.763111
Train Epoch: 44 [28800/50000 (58%)]	Loss: 0.526263
Train Epoch: 44 [32000/50000 (64%)]	Loss: 0.551508
Train Epoch: 44 [35200/50000 (70%)]	Loss: 0.551659
Train Epoch: 44 [38400/50000 (77%)]	Loss: 0.700362
Train Epoch: 44 [41600/50000 (83%)]	Loss: 0.469931
Train Epoch: 44 [44800/50000 (90%)]	Loss: 0.537488
Train Epoch: 44 [48000/50000 (96%)]	Loss: 0.488840

Test set: Average loss: 0.0006, Accuracy: 7831/10000 (78%)

Train Epoch: 45 [0/50000 (0%)]	Loss: 0.476353
Train Epoch: 45 [3200/50000 (6%)]	Loss: 0.548312
Train Epoch: 45 [6400/50000 (13%)]	Loss: 0.701107
Train Epoch: 45 [9600/50000 (19%)]	Loss: 0.597280
Train Epoch: 45 [12800/50000 (26%)]	Loss: 0.534248
Train Epoch: 45 [16000/50000 (32%)]	Loss: 0.472649
Train Epoch: 45 [19200/50000 (38%)]	Loss: 0.648646
Train Epoch: 45 [22400/50000 (45%)]	Loss: 0.599375
Train Epoch: 45 [25600/50000 (51%)]	Loss: 0.502292
Train Epoch: 45 [28800/50000 (58%)]	Loss: 0.783896
Train Epoch: 45 [32000/50000 (64%)]	Loss: 0.417880
Train Epoch: 45 [35200/50000 (70%)]	Loss: 0.628529
Train Epoch: 45 [38400/50000 (77%)]	Loss: 0.546426
Train Epoch: 45 [41600/50000 (83%)]	Loss: 0.484698
Train Epoch: 45 [44800/50000 (90%)]	Loss: 0.642598
Train Epoch: 45 [48000/50000 (96%)]	Loss: 0.409125

Test set: Average loss: 0.0006, Accuracy: 7857/10000 (79%)

Train Epoch: 46 [0/50000 (0%)]	Loss: 0.798974
Train Epoch: 46 [3200/50000 (6%)]	Loss: 0.721075
Train Epoch: 46 [6400/50000 (13%)]	Loss: 0.689066
Train Epoch: 46 [9600/50000 (19%)]	Loss: 0.534293
Train Epoch: 46 [12800/50000 (26%)]	Loss: 0.396961
Train Epoch: 46 [16000/50000 (32%)]	Loss: 0.518679
Train Epoch: 46 [19200/50000 (38%)]	Loss: 0.396378
Train Epoch: 46 [22400/50000 (45%)]	Loss: 0.577087
Train Epoch: 46 [25600/50000 (51%)]	Loss: 0.722551
Train Epoch: 46 [28800/50000 (58%)]	Loss: 0.490061
Train Epoch: 46 [32000/50000 (64%)]	Loss: 0.534696
Train Epoch: 46 [35200/50000 (70%)]	Loss: 0.861136
Train Epoch: 46 [38400/50000 (77%)]	Loss: 0.650439
Train Epoch: 46 [41600/50000 (83%)]	Loss: 0.551995
Train Epoch: 46 [44800/50000 (90%)]	Loss: 0.704014
Train Epoch: 46 [48000/50000 (96%)]	Loss: 0.412284

Test set: Average loss: 0.0006, Accuracy: 7852/10000 (79%)

Train Epoch: 47 [0/50000 (0%)]	Loss: 0.483248
Train Epoch: 47 [3200/50000 (6%)]	Loss: 0.608213
Train Epoch: 47 [6400/50000 (13%)]	Loss: 0.731606
Train Epoch: 47 [9600/50000 (19%)]	Loss: 0.659885
Train Epoch: 47 [12800/50000 (26%)]	Loss: 0.716591
Train Epoch: 47 [16000/50000 (32%)]	Loss: 0.483759
Train Epoch: 47 [19200/50000 (38%)]	Loss: 0.563305
Train Epoch: 47 [22400/50000 (45%)]	Loss: 0.628554
Train Epoch: 47 [25600/50000 (51%)]	Loss: 0.791216
Train Epoch: 47 [28800/50000 (58%)]	Loss: 0.446578
Train Epoch: 47 [32000/50000 (64%)]	Loss: 0.576932
Train Epoch: 47 [35200/50000 (70%)]	Loss: 0.508158
Train Epoch: 47 [38400/50000 (77%)]	Loss: 0.418775
Train Epoch: 47 [41600/50000 (83%)]	Loss: 0.402443
Train Epoch: 47 [44800/50000 (90%)]	Loss: 0.532358
Train Epoch: 47 [48000/50000 (96%)]	Loss: 0.612200

Test set: Average loss: 0.0006, Accuracy: 7892/10000 (79%)

Train Epoch: 48 [0/50000 (0%)]	Loss: 0.561773
Train Epoch: 48 [3200/50000 (6%)]	Loss: 0.460033
Train Epoch: 48 [6400/50000 (13%)]	Loss: 0.646860
Train Epoch: 48 [9600/50000 (19%)]	Loss: 0.537894
Train Epoch: 48 [12800/50000 (26%)]	Loss: 0.745519
Train Epoch: 48 [16000/50000 (32%)]	Loss: 0.346998
Train Epoch: 48 [19200/50000 (38%)]	Loss: 0.488501
Train Epoch: 48 [22400/50000 (45%)]	Loss: 0.758005
Train Epoch: 48 [25600/50000 (51%)]	Loss: 0.713464
Train Epoch: 48 [28800/50000 (58%)]	Loss: 0.415295
Train Epoch: 48 [32000/50000 (64%)]	Loss: 0.463024
Train Epoch: 48 [35200/50000 (70%)]	Loss: 0.385591
Train Epoch: 48 [38400/50000 (77%)]	Loss: 0.607901
Train Epoch: 48 [41600/50000 (83%)]	Loss: 0.435861
Train Epoch: 48 [44800/50000 (90%)]	Loss: 0.692442
Train Epoch: 48 [48000/50000 (96%)]	Loss: 0.820684

Test set: Average loss: 0.0006, Accuracy: 7930/10000 (79%)

Train Epoch: 49 [0/50000 (0%)]	Loss: 0.659719
Train Epoch: 49 [3200/50000 (6%)]	Loss: 0.523232
Train Epoch: 49 [6400/50000 (13%)]	Loss: 0.632875
Train Epoch: 49 [9600/50000 (19%)]	Loss: 0.531474
Train Epoch: 49 [12800/50000 (26%)]	Loss: 0.331059
Train Epoch: 49 [16000/50000 (32%)]	Loss: 0.901907
Train Epoch: 49 [19200/50000 (38%)]	Loss: 0.614057
Train Epoch: 49 [22400/50000 (45%)]	Loss: 0.711660
Train Epoch: 49 [25600/50000 (51%)]	Loss: 0.318981
Train Epoch: 49 [28800/50000 (58%)]	Loss: 0.454770
Train Epoch: 49 [32000/50000 (64%)]	Loss: 0.577485
Train Epoch: 49 [35200/50000 (70%)]	Loss: 0.484442
Train Epoch: 49 [38400/50000 (77%)]	Loss: 0.529732
Train Epoch: 49 [41600/50000 (83%)]	Loss: 0.410423
Train Epoch: 49 [44800/50000 (90%)]	Loss: 0.806819
Train Epoch: 49 [48000/50000 (96%)]	Loss: 0.580161

Test set: Average loss: 0.0006, Accuracy: 7932/10000 (79%)

Train Epoch: 50 [0/50000 (0%)]	Loss: 0.547214
Train Epoch: 50 [3200/50000 (6%)]	Loss: 0.587146
Train Epoch: 50 [6400/50000 (13%)]	Loss: 0.511780
Train Epoch: 50 [9600/50000 (19%)]	Loss: 0.547066
Train Epoch: 50 [12800/50000 (26%)]	Loss: 0.615351
Train Epoch: 50 [16000/50000 (32%)]	Loss: 0.734185
Train Epoch: 50 [19200/50000 (38%)]	Loss: 0.731004
Train Epoch: 50 [22400/50000 (45%)]	Loss: 0.556085
Train Epoch: 50 [25600/50000 (51%)]	Loss: 0.571981
Train Epoch: 50 [28800/50000 (58%)]	Loss: 0.586839
Train Epoch: 50 [32000/50000 (64%)]	Loss: 0.751360
Train Epoch: 50 [35200/50000 (70%)]	Loss: 0.746779
Train Epoch: 50 [38400/50000 (77%)]	Loss: 0.777344
Train Epoch: 50 [41600/50000 (83%)]	Loss: 0.425191
Train Epoch: 50 [44800/50000 (90%)]	Loss: 0.607166
Train Epoch: 50 [48000/50000 (96%)]	Loss: 0.595367

Test set: Average loss: 0.0006, Accuracy: 7899/10000 (79%)

Train Epoch: 51 [0/50000 (0%)]	Loss: 0.541128
Train Epoch: 51 [3200/50000 (6%)]	Loss: 0.532862
Train Epoch: 51 [6400/50000 (13%)]	Loss: 0.900860
Train Epoch: 51 [9600/50000 (19%)]	Loss: 0.639227
Train Epoch: 51 [12800/50000 (26%)]	Loss: 0.689464
Train Epoch: 51 [16000/50000 (32%)]	Loss: 0.454743
Train Epoch: 51 [19200/50000 (38%)]	Loss: 0.500434
Train Epoch: 51 [22400/50000 (45%)]	Loss: 0.670393
Train Epoch: 51 [25600/50000 (51%)]	Loss: 0.555367
Train Epoch: 51 [28800/50000 (58%)]	Loss: 0.596270
Train Epoch: 51 [32000/50000 (64%)]	Loss: 0.639968
Train Epoch: 51 [35200/50000 (70%)]	Loss: 0.786171
Train Epoch: 51 [38400/50000 (77%)]	Loss: 0.482416
Train Epoch: 51 [41600/50000 (83%)]	Loss: 0.662651
Train Epoch: 51 [44800/50000 (90%)]	Loss: 0.439718
Train Epoch: 51 [48000/50000 (96%)]	Loss: 0.627589

Test set: Average loss: 0.0006, Accuracy: 7940/10000 (79%)

Train Epoch: 52 [0/50000 (0%)]	Loss: 0.615228
Train Epoch: 52 [3200/50000 (6%)]	Loss: 0.363576
Train Epoch: 52 [6400/50000 (13%)]	Loss: 0.494923
Train Epoch: 52 [9600/50000 (19%)]	Loss: 0.448039
Train Epoch: 52 [12800/50000 (26%)]	Loss: 0.497044
Train Epoch: 52 [16000/50000 (32%)]	Loss: 0.599652
Train Epoch: 52 [19200/50000 (38%)]	Loss: 0.892556
Train Epoch: 52 [22400/50000 (45%)]	Loss: 0.938723
Train Epoch: 52 [25600/50000 (51%)]	Loss: 0.580867
Train Epoch: 52 [28800/50000 (58%)]	Loss: 0.549939
Train Epoch: 52 [32000/50000 (64%)]	Loss: 0.686704
Train Epoch: 52 [35200/50000 (70%)]	Loss: 0.449181
Train Epoch: 52 [38400/50000 (77%)]	Loss: 0.791807
Train Epoch: 52 [41600/50000 (83%)]	Loss: 0.564618
Train Epoch: 52 [44800/50000 (90%)]	Loss: 0.819398
Train Epoch: 52 [48000/50000 (96%)]	Loss: 0.457614

Test set: Average loss: 0.0006, Accuracy: 7941/10000 (79%)

Train Epoch: 53 [0/50000 (0%)]	Loss: 0.831594
Train Epoch: 53 [3200/50000 (6%)]	Loss: 0.472717
Train Epoch: 53 [6400/50000 (13%)]	Loss: 0.355976
Train Epoch: 53 [9600/50000 (19%)]	Loss: 0.485026
Train Epoch: 53 [12800/50000 (26%)]	Loss: 0.387415
Train Epoch: 53 [16000/50000 (32%)]	Loss: 0.715473
Train Epoch: 53 [19200/50000 (38%)]	Loss: 0.430217
Train Epoch: 53 [22400/50000 (45%)]	Loss: 0.604783
Train Epoch: 53 [25600/50000 (51%)]	Loss: 0.586811
Train Epoch: 53 [28800/50000 (58%)]	Loss: 0.534347
Train Epoch: 53 [32000/50000 (64%)]	Loss: 0.300607
Train Epoch: 53 [35200/50000 (70%)]	Loss: 0.698681
Train Epoch: 53 [38400/50000 (77%)]	Loss: 0.608934
Train Epoch: 53 [41600/50000 (83%)]	Loss: 0.512844
Train Epoch: 53 [44800/50000 (90%)]	Loss: 0.697400
Train Epoch: 53 [48000/50000 (96%)]	Loss: 0.562107

Test set: Average loss: 0.0006, Accuracy: 8017/10000 (80%)

Train Epoch: 54 [0/50000 (0%)]	Loss: 0.594850
Train Epoch: 54 [3200/50000 (6%)]	Loss: 0.654583
Train Epoch: 54 [6400/50000 (13%)]	Loss: 0.714469
Train Epoch: 54 [9600/50000 (19%)]	Loss: 0.454598
Train Epoch: 54 [12800/50000 (26%)]	Loss: 0.310226
Train Epoch: 54 [16000/50000 (32%)]	Loss: 0.382516
Train Epoch: 54 [19200/50000 (38%)]	Loss: 0.560118
Train Epoch: 54 [22400/50000 (45%)]	Loss: 0.558421
Train Epoch: 54 [25600/50000 (51%)]	Loss: 0.744618
Train Epoch: 54 [28800/50000 (58%)]	Loss: 0.515838
Train Epoch: 54 [32000/50000 (64%)]	Loss: 0.764503
Train Epoch: 54 [35200/50000 (70%)]	Loss: 0.577620
Train Epoch: 54 [38400/50000 (77%)]	Loss: 0.839012
Train Epoch: 54 [41600/50000 (83%)]	Loss: 0.431150
Train Epoch: 54 [44800/50000 (90%)]	Loss: 0.449357
Train Epoch: 54 [48000/50000 (96%)]	Loss: 0.558614

Test set: Average loss: 0.0006, Accuracy: 7965/10000 (80%)

Train Epoch: 55 [0/50000 (0%)]	Loss: 0.686218
Train Epoch: 55 [3200/50000 (6%)]	Loss: 0.488285
Train Epoch: 55 [6400/50000 (13%)]	Loss: 0.516680
Train Epoch: 55 [9600/50000 (19%)]	Loss: 0.550417
Train Epoch: 55 [12800/50000 (26%)]	Loss: 0.445097
Train Epoch: 55 [16000/50000 (32%)]	Loss: 0.433895
Train Epoch: 55 [19200/50000 (38%)]	Loss: 0.461432
Train Epoch: 55 [22400/50000 (45%)]	Loss: 0.598674
Train Epoch: 55 [25600/50000 (51%)]	Loss: 0.454554
Train Epoch: 55 [28800/50000 (58%)]	Loss: 0.741606
Train Epoch: 55 [32000/50000 (64%)]	Loss: 0.614972
Train Epoch: 55 [35200/50000 (70%)]	Loss: 0.516357
Train Epoch: 55 [38400/50000 (77%)]	Loss: 0.410418
Train Epoch: 55 [41600/50000 (83%)]	Loss: 0.623288
Train Epoch: 55 [44800/50000 (90%)]	Loss: 0.609506
Train Epoch: 55 [48000/50000 (96%)]	Loss: 0.555886

Test set: Average loss: 0.0006, Accuracy: 7943/10000 (79%)

Train Epoch: 56 [0/50000 (0%)]	Loss: 0.613462
Train Epoch: 56 [3200/50000 (6%)]	Loss: 0.752014
Train Epoch: 56 [6400/50000 (13%)]	Loss: 0.455693
Train Epoch: 56 [9600/50000 (19%)]	Loss: 0.392517
Train Epoch: 56 [12800/50000 (26%)]	Loss: 0.419624
Train Epoch: 56 [16000/50000 (32%)]	Loss: 0.366402
Train Epoch: 56 [19200/50000 (38%)]	Loss: 0.493480
Train Epoch: 56 [22400/50000 (45%)]	Loss: 0.522166
Train Epoch: 56 [25600/50000 (51%)]	Loss: 0.666353
Train Epoch: 56 [28800/50000 (58%)]	Loss: 0.586629
Train Epoch: 56 [32000/50000 (64%)]	Loss: 0.605217
Train Epoch: 56 [35200/50000 (70%)]	Loss: 0.608853
Train Epoch: 56 [38400/50000 (77%)]	Loss: 0.506578
Train Epoch: 56 [41600/50000 (83%)]	Loss: 0.659072
Train Epoch: 56 [44800/50000 (90%)]	Loss: 0.539435
Train Epoch: 56 [48000/50000 (96%)]	Loss: 0.345216

Test set: Average loss: 0.0006, Accuracy: 7954/10000 (80%)

Train Epoch: 57 [0/50000 (0%)]	Loss: 0.395928
Train Epoch: 57 [3200/50000 (6%)]	Loss: 0.409827
Train Epoch: 57 [6400/50000 (13%)]	Loss: 0.710713
Train Epoch: 57 [9600/50000 (19%)]	Loss: 0.464191
Train Epoch: 57 [12800/50000 (26%)]	Loss: 0.519505
Train Epoch: 57 [16000/50000 (32%)]	Loss: 0.667460
Train Epoch: 57 [19200/50000 (38%)]	Loss: 0.632804
Train Epoch: 57 [22400/50000 (45%)]	Loss: 0.478795
Train Epoch: 57 [25600/50000 (51%)]	Loss: 0.562274
Train Epoch: 57 [28800/50000 (58%)]	Loss: 0.659301
Train Epoch: 57 [32000/50000 (64%)]	Loss: 0.621843
Train Epoch: 57 [35200/50000 (70%)]	Loss: 0.613574
Train Epoch: 57 [38400/50000 (77%)]	Loss: 0.611393
Train Epoch: 57 [41600/50000 (83%)]	Loss: 0.485264
Train Epoch: 57 [44800/50000 (90%)]	Loss: 0.493881
Train Epoch: 57 [48000/50000 (96%)]	Loss: 0.578646

Test set: Average loss: 0.0006, Accuracy: 8025/10000 (80%)

Train Epoch: 58 [0/50000 (0%)]	Loss: 0.566525
Train Epoch: 58 [3200/50000 (6%)]	Loss: 0.446481
Train Epoch: 58 [6400/50000 (13%)]	Loss: 0.590067
Train Epoch: 58 [9600/50000 (19%)]	Loss: 0.469293
Train Epoch: 58 [12800/50000 (26%)]	Loss: 0.530013
Train Epoch: 58 [16000/50000 (32%)]	Loss: 0.384180
Train Epoch: 58 [19200/50000 (38%)]	Loss: 0.569635
Train Epoch: 58 [22400/50000 (45%)]	Loss: 0.380125
Train Epoch: 58 [25600/50000 (51%)]	Loss: 0.545946
Train Epoch: 58 [28800/50000 (58%)]	Loss: 0.457649
Train Epoch: 58 [32000/50000 (64%)]	Loss: 0.573151
Train Epoch: 58 [35200/50000 (70%)]	Loss: 0.657894
Train Epoch: 58 [38400/50000 (77%)]	Loss: 0.650569
Train Epoch: 58 [41600/50000 (83%)]	Loss: 0.465184
Train Epoch: 58 [44800/50000 (90%)]	Loss: 0.570326
Train Epoch: 58 [48000/50000 (96%)]	Loss: 0.445787

Test set: Average loss: 0.0006, Accuracy: 8002/10000 (80%)

Train Epoch: 59 [0/50000 (0%)]	Loss: 0.663236
Train Epoch: 59 [3200/50000 (6%)]	Loss: 0.450195
Train Epoch: 59 [6400/50000 (13%)]	Loss: 0.421270
Train Epoch: 59 [9600/50000 (19%)]	Loss: 0.602645
Train Epoch: 59 [12800/50000 (26%)]	Loss: 0.406283
Train Epoch: 59 [16000/50000 (32%)]	Loss: 0.526121
Train Epoch: 59 [19200/50000 (38%)]	Loss: 0.746843
Train Epoch: 59 [22400/50000 (45%)]	Loss: 0.444957
Train Epoch: 59 [25600/50000 (51%)]	Loss: 0.402877
Train Epoch: 59 [28800/50000 (58%)]	Loss: 0.513253
Train Epoch: 59 [32000/50000 (64%)]	Loss: 0.810261
Train Epoch: 59 [35200/50000 (70%)]	Loss: 0.346113
Train Epoch: 59 [38400/50000 (77%)]	Loss: 0.664145
Train Epoch: 59 [41600/50000 (83%)]	Loss: 0.747319
Train Epoch: 59 [44800/50000 (90%)]	Loss: 0.885731
Train Epoch: 59 [48000/50000 (96%)]	Loss: 0.328402

Test set: Average loss: 0.0006, Accuracy: 8032/10000 (80%)

Train Epoch: 60 [0/50000 (0%)]	Loss: 0.392589
Train Epoch: 60 [3200/50000 (6%)]	Loss: 0.531753
Train Epoch: 60 [6400/50000 (13%)]	Loss: 0.448119
Train Epoch: 60 [9600/50000 (19%)]	Loss: 0.424043
Train Epoch: 60 [12800/50000 (26%)]	Loss: 0.454848
Train Epoch: 60 [16000/50000 (32%)]	Loss: 0.456560
Train Epoch: 60 [19200/50000 (38%)]	Loss: 0.484565
Train Epoch: 60 [22400/50000 (45%)]	Loss: 0.626898
Train Epoch: 60 [25600/50000 (51%)]	Loss: 0.405439
Train Epoch: 60 [28800/50000 (58%)]	Loss: 0.751868
Train Epoch: 60 [32000/50000 (64%)]	Loss: 0.532434
Train Epoch: 60 [35200/50000 (70%)]	Loss: 0.513992
Train Epoch: 60 [38400/50000 (77%)]	Loss: 0.587976
Train Epoch: 60 [41600/50000 (83%)]	Loss: 0.422311
Train Epoch: 60 [44800/50000 (90%)]	Loss: 0.717990
Train Epoch: 60 [48000/50000 (96%)]	Loss: 0.635275

Test set: Average loss: 0.0006, Accuracy: 8006/10000 (80%)

Train Epoch: 61 [0/50000 (0%)]	Loss: 0.324203
Train Epoch: 61 [3200/50000 (6%)]	Loss: 0.717826
Train Epoch: 61 [6400/50000 (13%)]	Loss: 0.494565
Train Epoch: 61 [9600/50000 (19%)]	Loss: 0.602551
Train Epoch: 61 [12800/50000 (26%)]	Loss: 0.491125
Train Epoch: 61 [16000/50000 (32%)]	Loss: 0.511196
Train Epoch: 61 [19200/50000 (38%)]	Loss: 0.562921
Train Epoch: 61 [22400/50000 (45%)]	Loss: 0.456693
Train Epoch: 61 [25600/50000 (51%)]	Loss: 0.551817
Train Epoch: 61 [28800/50000 (58%)]	Loss: 0.672534
Train Epoch: 61 [32000/50000 (64%)]	Loss: 0.670029
Train Epoch: 61 [35200/50000 (70%)]	Loss: 0.465916
Train Epoch: 61 [38400/50000 (77%)]	Loss: 0.532808
Train Epoch: 61 [41600/50000 (83%)]	Loss: 0.681548
Train Epoch: 61 [44800/50000 (90%)]	Loss: 0.772902
Train Epoch: 61 [48000/50000 (96%)]	Loss: 0.472652

Test set: Average loss: 0.0006, Accuracy: 8084/10000 (81%)

Train Epoch: 62 [0/50000 (0%)]	Loss: 0.459707
Train Epoch: 62 [3200/50000 (6%)]	Loss: 0.497253
Train Epoch: 62 [6400/50000 (13%)]	Loss: 0.724430
Train Epoch: 62 [9600/50000 (19%)]	Loss: 0.626781
Train Epoch: 62 [12800/50000 (26%)]	Loss: 0.396385
Train Epoch: 62 [16000/50000 (32%)]	Loss: 0.594325
Train Epoch: 62 [19200/50000 (38%)]	Loss: 0.365197
Train Epoch: 62 [22400/50000 (45%)]	Loss: 0.409481
Train Epoch: 62 [25600/50000 (51%)]	Loss: 0.322821
Train Epoch: 62 [28800/50000 (58%)]	Loss: 0.447913
Train Epoch: 62 [32000/50000 (64%)]	Loss: 0.452233
Train Epoch: 62 [35200/50000 (70%)]	Loss: 0.492120
Train Epoch: 62 [38400/50000 (77%)]	Loss: 0.567517
Train Epoch: 62 [41600/50000 (83%)]	Loss: 0.370904
Train Epoch: 62 [44800/50000 (90%)]	Loss: 0.381748
Train Epoch: 62 [48000/50000 (96%)]	Loss: 0.605787

Test set: Average loss: 0.0006, Accuracy: 8026/10000 (80%)

Train Epoch: 63 [0/50000 (0%)]	Loss: 0.545566
Train Epoch: 63 [3200/50000 (6%)]	Loss: 0.405936
Train Epoch: 63 [6400/50000 (13%)]	Loss: 0.407775
Train Epoch: 63 [9600/50000 (19%)]	Loss: 0.670786
Train Epoch: 63 [12800/50000 (26%)]	Loss: 0.649667
Train Epoch: 63 [16000/50000 (32%)]	Loss: 0.639103
Train Epoch: 63 [19200/50000 (38%)]	Loss: 0.413906
Train Epoch: 63 [22400/50000 (45%)]	Loss: 0.599416
Train Epoch: 63 [25600/50000 (51%)]	Loss: 0.430612
Train Epoch: 63 [28800/50000 (58%)]	Loss: 0.521438
Train Epoch: 63 [32000/50000 (64%)]	Loss: 0.477615
Train Epoch: 63 [35200/50000 (70%)]	Loss: 0.529329
Train Epoch: 63 [38400/50000 (77%)]	Loss: 0.464327
Train Epoch: 63 [41600/50000 (83%)]	Loss: 0.540341
Train Epoch: 63 [44800/50000 (90%)]	Loss: 0.426678
Train Epoch: 63 [48000/50000 (96%)]	Loss: 0.416552

Test set: Average loss: 0.0006, Accuracy: 7973/10000 (80%)

Train Epoch: 64 [0/50000 (0%)]	Loss: 0.388133
Train Epoch: 64 [3200/50000 (6%)]	Loss: 0.404339
Train Epoch: 64 [6400/50000 (13%)]	Loss: 0.721264
Train Epoch: 64 [9600/50000 (19%)]	Loss: 0.583589
Train Epoch: 64 [12800/50000 (26%)]	Loss: 0.505982
Train Epoch: 64 [16000/50000 (32%)]	Loss: 0.399511
Train Epoch: 64 [19200/50000 (38%)]	Loss: 0.637600
Train Epoch: 64 [22400/50000 (45%)]	Loss: 0.526497
Train Epoch: 64 [25600/50000 (51%)]	Loss: 0.577758
Train Epoch: 64 [28800/50000 (58%)]	Loss: 0.505386
Train Epoch: 64 [32000/50000 (64%)]	Loss: 0.830445
Train Epoch: 64 [35200/50000 (70%)]	Loss: 0.441446
Train Epoch: 64 [38400/50000 (77%)]	Loss: 0.365405
Train Epoch: 64 [41600/50000 (83%)]	Loss: 0.413189
Train Epoch: 64 [44800/50000 (90%)]	Loss: 0.437303
Train Epoch: 64 [48000/50000 (96%)]	Loss: 0.502306

Test set: Average loss: 0.0006, Accuracy: 8005/10000 (80%)

Train Epoch: 65 [0/50000 (0%)]	Loss: 0.653103
Train Epoch: 65 [3200/50000 (6%)]	Loss: 0.635959
Train Epoch: 65 [6400/50000 (13%)]	Loss: 0.396280
Train Epoch: 65 [9600/50000 (19%)]	Loss: 0.520568
Train Epoch: 65 [12800/50000 (26%)]	Loss: 0.652044
Train Epoch: 65 [16000/50000 (32%)]	Loss: 0.631824
Train Epoch: 65 [19200/50000 (38%)]	Loss: 0.570160
Train Epoch: 65 [22400/50000 (45%)]	Loss: 0.712383
Train Epoch: 65 [25600/50000 (51%)]	Loss: 0.390627
Train Epoch: 65 [28800/50000 (58%)]	Loss: 0.478609
Train Epoch: 65 [32000/50000 (64%)]	Loss: 0.474203
Train Epoch: 65 [35200/50000 (70%)]	Loss: 0.403831
Train Epoch: 65 [38400/50000 (77%)]	Loss: 0.673217
Train Epoch: 65 [41600/50000 (83%)]	Loss: 0.616811
Train Epoch: 65 [44800/50000 (90%)]	Loss: 0.382063
Train Epoch: 65 [48000/50000 (96%)]	Loss: 0.472368

Test set: Average loss: 0.0006, Accuracy: 8050/10000 (80%)

Train Epoch: 66 [0/50000 (0%)]	Loss: 0.405336
Train Epoch: 66 [3200/50000 (6%)]	Loss: 0.564125
Train Epoch: 66 [6400/50000 (13%)]	Loss: 0.542305
Train Epoch: 66 [9600/50000 (19%)]	Loss: 0.437269
Train Epoch: 66 [12800/50000 (26%)]	Loss: 0.403690
Train Epoch: 66 [16000/50000 (32%)]	Loss: 0.586518
Train Epoch: 66 [19200/50000 (38%)]	Loss: 0.300095
Train Epoch: 66 [22400/50000 (45%)]	Loss: 0.341978
Train Epoch: 66 [25600/50000 (51%)]	Loss: 0.608416
Train Epoch: 66 [28800/50000 (58%)]	Loss: 0.583059
Train Epoch: 66 [32000/50000 (64%)]	Loss: 0.574292
Train Epoch: 66 [35200/50000 (70%)]	Loss: 0.557940
Train Epoch: 66 [38400/50000 (77%)]	Loss: 0.587485
Train Epoch: 66 [41600/50000 (83%)]	Loss: 0.529699
Train Epoch: 66 [44800/50000 (90%)]	Loss: 0.352314
Train Epoch: 66 [48000/50000 (96%)]	Loss: 0.535290

Test set: Average loss: 0.0006, Accuracy: 8078/10000 (81%)

Train Epoch: 67 [0/50000 (0%)]	Loss: 0.292231
Train Epoch: 67 [3200/50000 (6%)]	Loss: 0.344135
Train Epoch: 67 [6400/50000 (13%)]	Loss: 0.525920
Train Epoch: 67 [9600/50000 (19%)]	Loss: 0.544307
Train Epoch: 67 [12800/50000 (26%)]	Loss: 0.575009
Train Epoch: 67 [16000/50000 (32%)]	Loss: 0.521776
Train Epoch: 67 [19200/50000 (38%)]	Loss: 0.469001
Train Epoch: 67 [22400/50000 (45%)]	Loss: 0.694428
Train Epoch: 67 [25600/50000 (51%)]	Loss: 0.549567
Train Epoch: 67 [28800/50000 (58%)]	Loss: 0.451671
Train Epoch: 67 [32000/50000 (64%)]	Loss: 0.417871
Train Epoch: 67 [35200/50000 (70%)]	Loss: 0.510107
Train Epoch: 67 [38400/50000 (77%)]	Loss: 0.406817
Train Epoch: 67 [41600/50000 (83%)]	Loss: 0.390010
Train Epoch: 67 [44800/50000 (90%)]	Loss: 0.489402
Train Epoch: 67 [48000/50000 (96%)]	Loss: 0.471624

Test set: Average loss: 0.0006, Accuracy: 8073/10000 (81%)

Train Epoch: 68 [0/50000 (0%)]	Loss: 0.405486
Train Epoch: 68 [3200/50000 (6%)]	Loss: 0.672840
Train Epoch: 68 [6400/50000 (13%)]	Loss: 0.505599
Train Epoch: 68 [9600/50000 (19%)]	Loss: 0.419903
Train Epoch: 68 [12800/50000 (26%)]	Loss: 0.598478
Train Epoch: 68 [16000/50000 (32%)]	Loss: 0.728474
Train Epoch: 68 [19200/50000 (38%)]	Loss: 0.383427
Train Epoch: 68 [22400/50000 (45%)]	Loss: 0.377701
Train Epoch: 68 [25600/50000 (51%)]	Loss: 0.532352
Train Epoch: 68 [28800/50000 (58%)]	Loss: 0.404964
Train Epoch: 68 [32000/50000 (64%)]	Loss: 0.365124
Train Epoch: 68 [35200/50000 (70%)]	Loss: 0.512282
Train Epoch: 68 [38400/50000 (77%)]	Loss: 0.392919
Train Epoch: 68 [41600/50000 (83%)]	Loss: 0.507923
Train Epoch: 68 [44800/50000 (90%)]	Loss: 0.639581
Train Epoch: 68 [48000/50000 (96%)]	Loss: 0.502050

Test set: Average loss: 0.0006, Accuracy: 8089/10000 (81%)

Train Epoch: 69 [0/50000 (0%)]	Loss: 0.507471
Train Epoch: 69 [3200/50000 (6%)]	Loss: 0.347701
Train Epoch: 69 [6400/50000 (13%)]	Loss: 0.567596
Train Epoch: 69 [9600/50000 (19%)]	Loss: 0.668792
Train Epoch: 69 [12800/50000 (26%)]	Loss: 0.473695
Train Epoch: 69 [16000/50000 (32%)]	Loss: 0.490862
Train Epoch: 69 [19200/50000 (38%)]	Loss: 0.311796
Train Epoch: 69 [22400/50000 (45%)]	Loss: 0.433204
Train Epoch: 69 [25600/50000 (51%)]	Loss: 0.645406
Train Epoch: 69 [28800/50000 (58%)]	Loss: 0.564527
Train Epoch: 69 [32000/50000 (64%)]	Loss: 0.359465
Train Epoch: 69 [35200/50000 (70%)]	Loss: 0.537664
Train Epoch: 69 [38400/50000 (77%)]	Loss: 0.458341
Train Epoch: 69 [41600/50000 (83%)]	Loss: 0.497570
Train Epoch: 69 [44800/50000 (90%)]	Loss: 0.365892
Train Epoch: 69 [48000/50000 (96%)]	Loss: 0.441700

Test set: Average loss: 0.0006, Accuracy: 8015/10000 (80%)

Train Epoch: 70 [0/50000 (0%)]	Loss: 0.553337
Train Epoch: 70 [3200/50000 (6%)]	Loss: 0.307025
Train Epoch: 70 [6400/50000 (13%)]	Loss: 0.346377
Train Epoch: 70 [9600/50000 (19%)]	Loss: 0.500960
Train Epoch: 70 [12800/50000 (26%)]	Loss: 0.388938
Train Epoch: 70 [16000/50000 (32%)]	Loss: 0.476425
Train Epoch: 70 [19200/50000 (38%)]	Loss: 0.508511
Train Epoch: 70 [22400/50000 (45%)]	Loss: 0.681895
Train Epoch: 70 [25600/50000 (51%)]	Loss: 0.395661
Train Epoch: 70 [28800/50000 (58%)]	Loss: 0.437391
Train Epoch: 70 [32000/50000 (64%)]	Loss: 0.424762
Train Epoch: 70 [35200/50000 (70%)]	Loss: 0.505094
Train Epoch: 70 [38400/50000 (77%)]	Loss: 0.501938
Train Epoch: 70 [41600/50000 (83%)]	Loss: 0.696870
Train Epoch: 70 [44800/50000 (90%)]	Loss: 0.492881
Train Epoch: 70 [48000/50000 (96%)]	Loss: 0.602017

Test set: Average loss: 0.0006, Accuracy: 8097/10000 (81%)

Train Epoch: 71 [0/50000 (0%)]	Loss: 0.323679
Train Epoch: 71 [3200/50000 (6%)]	Loss: 0.504074
Train Epoch: 71 [6400/50000 (13%)]	Loss: 0.346677
Train Epoch: 71 [9600/50000 (19%)]	Loss: 0.428564
Train Epoch: 71 [12800/50000 (26%)]	Loss: 0.442461
Train Epoch: 71 [16000/50000 (32%)]	Loss: 0.459131
Train Epoch: 71 [19200/50000 (38%)]	Loss: 0.588689
Train Epoch: 71 [22400/50000 (45%)]	Loss: 0.489189
Train Epoch: 71 [25600/50000 (51%)]	Loss: 0.698688
Train Epoch: 71 [28800/50000 (58%)]	Loss: 0.472580
Train Epoch: 71 [32000/50000 (64%)]	Loss: 0.458675
Train Epoch: 71 [35200/50000 (70%)]	Loss: 0.581036
Train Epoch: 71 [38400/50000 (77%)]	Loss: 0.502481
Train Epoch: 71 [41600/50000 (83%)]	Loss: 0.630813
Train Epoch: 71 [44800/50000 (90%)]	Loss: 0.338329
Train Epoch: 71 [48000/50000 (96%)]	Loss: 0.632150

Test set: Average loss: 0.0006, Accuracy: 8074/10000 (81%)

Train Epoch: 72 [0/50000 (0%)]	Loss: 0.387187
Train Epoch: 72 [3200/50000 (6%)]	Loss: 0.474348
Train Epoch: 72 [6400/50000 (13%)]	Loss: 0.333917
Train Epoch: 72 [9600/50000 (19%)]	Loss: 0.517117
Train Epoch: 72 [12800/50000 (26%)]	Loss: 0.765478
Train Epoch: 72 [16000/50000 (32%)]	Loss: 0.365508
Train Epoch: 72 [19200/50000 (38%)]	Loss: 0.412574
Train Epoch: 72 [22400/50000 (45%)]	Loss: 0.431578
Train Epoch: 72 [25600/50000 (51%)]	Loss: 0.427361
Train Epoch: 72 [28800/50000 (58%)]	Loss: 0.530128
Train Epoch: 72 [32000/50000 (64%)]	Loss: 0.522383
Train Epoch: 72 [35200/50000 (70%)]	Loss: 0.434371
Train Epoch: 72 [38400/50000 (77%)]	Loss: 0.622238
Train Epoch: 72 [41600/50000 (83%)]	Loss: 0.455399
Train Epoch: 72 [44800/50000 (90%)]	Loss: 0.485532
Train Epoch: 72 [48000/50000 (96%)]	Loss: 0.458616

Test set: Average loss: 0.0006, Accuracy: 8097/10000 (81%)

Train Epoch: 73 [0/50000 (0%)]	Loss: 0.515835
Train Epoch: 73 [3200/50000 (6%)]	Loss: 0.337186
Train Epoch: 73 [6400/50000 (13%)]	Loss: 0.522928
Train Epoch: 73 [9600/50000 (19%)]	Loss: 0.678774
Train Epoch: 73 [12800/50000 (26%)]	Loss: 0.384323
Train Epoch: 73 [16000/50000 (32%)]	Loss: 0.424773
Train Epoch: 73 [19200/50000 (38%)]	Loss: 0.681696
Train Epoch: 73 [22400/50000 (45%)]	Loss: 0.456099
Train Epoch: 73 [25600/50000 (51%)]	Loss: 0.379756
Train Epoch: 73 [28800/50000 (58%)]	Loss: 0.398886
Train Epoch: 73 [32000/50000 (64%)]	Loss: 0.430339
Train Epoch: 73 [35200/50000 (70%)]	Loss: 0.524444
Train Epoch: 73 [38400/50000 (77%)]	Loss: 0.425506
Train Epoch: 73 [41600/50000 (83%)]	Loss: 0.559191
Train Epoch: 73 [44800/50000 (90%)]	Loss: 0.647884
Train Epoch: 73 [48000/50000 (96%)]	Loss: 0.340770

Test set: Average loss: 0.0006, Accuracy: 8101/10000 (81%)

Train Epoch: 74 [0/50000 (0%)]	Loss: 0.482034
Train Epoch: 74 [3200/50000 (6%)]	Loss: 0.598930
Train Epoch: 74 [6400/50000 (13%)]	Loss: 0.405926
Train Epoch: 74 [9600/50000 (19%)]	Loss: 0.531219
Train Epoch: 74 [12800/50000 (26%)]	Loss: 0.541467
Train Epoch: 74 [16000/50000 (32%)]	Loss: 0.400460
Train Epoch: 74 [19200/50000 (38%)]	Loss: 0.423523
Train Epoch: 74 [22400/50000 (45%)]	Loss: 0.484141
Train Epoch: 74 [25600/50000 (51%)]	Loss: 0.639550
Train Epoch: 74 [28800/50000 (58%)]	Loss: 0.558631
Train Epoch: 74 [32000/50000 (64%)]	Loss: 0.496810
Train Epoch: 74 [35200/50000 (70%)]	Loss: 0.667616
Train Epoch: 74 [38400/50000 (77%)]	Loss: 0.467706
Train Epoch: 74 [41600/50000 (83%)]	Loss: 0.535324
Train Epoch: 74 [44800/50000 (90%)]	Loss: 0.299272
Train Epoch: 74 [48000/50000 (96%)]	Loss: 0.452424

Test set: Average loss: 0.0006, Accuracy: 8068/10000 (81%)

Train Epoch: 75 [0/50000 (0%)]	Loss: 0.392922
Train Epoch: 75 [3200/50000 (6%)]	Loss: 0.466054
Train Epoch: 75 [6400/50000 (13%)]	Loss: 0.542827
Train Epoch: 75 [9600/50000 (19%)]	Loss: 0.312004
Train Epoch: 75 [12800/50000 (26%)]	Loss: 0.590247
Train Epoch: 75 [16000/50000 (32%)]	Loss: 0.507343
Train Epoch: 75 [19200/50000 (38%)]	Loss: 0.494311
Train Epoch: 75 [22400/50000 (45%)]	Loss: 0.515363
Train Epoch: 75 [25600/50000 (51%)]	Loss: 0.352927
Train Epoch: 75 [28800/50000 (58%)]	Loss: 0.367229
Train Epoch: 75 [32000/50000 (64%)]	Loss: 0.529943
Train Epoch: 75 [35200/50000 (70%)]	Loss: 0.464905
Train Epoch: 75 [38400/50000 (77%)]	Loss: 0.441305
Train Epoch: 75 [41600/50000 (83%)]	Loss: 0.326595
Train Epoch: 75 [44800/50000 (90%)]	Loss: 0.311881
Train Epoch: 75 [48000/50000 (96%)]	Loss: 0.642874

Test set: Average loss: 0.0006, Accuracy: 8062/10000 (81%)

Train Epoch: 76 [0/50000 (0%)]	Loss: 0.464272
Train Epoch: 76 [3200/50000 (6%)]	Loss: 0.445449
Train Epoch: 76 [6400/50000 (13%)]	Loss: 0.470334
Train Epoch: 76 [9600/50000 (19%)]	Loss: 0.489383
Train Epoch: 76 [12800/50000 (26%)]	Loss: 0.433603
Train Epoch: 76 [16000/50000 (32%)]	Loss: 0.554306
Train Epoch: 76 [19200/50000 (38%)]	Loss: 0.378521
Train Epoch: 76 [22400/50000 (45%)]	Loss: 0.500070
Train Epoch: 76 [25600/50000 (51%)]	Loss: 0.555889
Train Epoch: 76 [28800/50000 (58%)]	Loss: 0.454546
Train Epoch: 76 [32000/50000 (64%)]	Loss: 0.541568
Train Epoch: 76 [35200/50000 (70%)]	Loss: 0.469767
Train Epoch: 76 [38400/50000 (77%)]	Loss: 0.434620
Train Epoch: 76 [41600/50000 (83%)]	Loss: 0.449587
Train Epoch: 76 [44800/50000 (90%)]	Loss: 0.507429
Train Epoch: 76 [48000/50000 (96%)]	Loss: 0.396190

Test set: Average loss: 0.0006, Accuracy: 8137/10000 (81%)

Train Epoch: 77 [0/50000 (0%)]	Loss: 0.420137
Train Epoch: 77 [3200/50000 (6%)]	Loss: 0.414560
Train Epoch: 77 [6400/50000 (13%)]	Loss: 0.313922
Train Epoch: 77 [9600/50000 (19%)]	Loss: 0.285619
Train Epoch: 77 [12800/50000 (26%)]	Loss: 0.462262
Train Epoch: 77 [16000/50000 (32%)]	Loss: 0.400893
Train Epoch: 77 [19200/50000 (38%)]	Loss: 0.752940
Train Epoch: 77 [22400/50000 (45%)]	Loss: 0.592630
Train Epoch: 77 [25600/50000 (51%)]	Loss: 0.489938
Train Epoch: 77 [28800/50000 (58%)]	Loss: 0.575448
Train Epoch: 77 [32000/50000 (64%)]	Loss: 0.379952
Train Epoch: 77 [35200/50000 (70%)]	Loss: 0.407695
Train Epoch: 77 [38400/50000 (77%)]	Loss: 0.687466
Train Epoch: 77 [41600/50000 (83%)]	Loss: 0.583881
Train Epoch: 77 [44800/50000 (90%)]	Loss: 0.532656
Train Epoch: 77 [48000/50000 (96%)]	Loss: 0.462907

Test set: Average loss: 0.0006, Accuracy: 8123/10000 (81%)

Train Epoch: 78 [0/50000 (0%)]	Loss: 0.601299
Train Epoch: 78 [3200/50000 (6%)]	Loss: 0.492272
Train Epoch: 78 [6400/50000 (13%)]	Loss: 0.208664
Train Epoch: 78 [9600/50000 (19%)]	Loss: 0.526146
Train Epoch: 78 [12800/50000 (26%)]	Loss: 0.333681
Train Epoch: 78 [16000/50000 (32%)]	Loss: 0.540600
Train Epoch: 78 [19200/50000 (38%)]	Loss: 0.425425
Train Epoch: 78 [22400/50000 (45%)]	Loss: 0.522138
Train Epoch: 78 [25600/50000 (51%)]	Loss: 0.456070
Train Epoch: 78 [28800/50000 (58%)]	Loss: 0.602223
Train Epoch: 78 [32000/50000 (64%)]	Loss: 0.471516
Train Epoch: 78 [35200/50000 (70%)]	Loss: 0.497340
Train Epoch: 78 [38400/50000 (77%)]	Loss: 0.742885
Train Epoch: 78 [41600/50000 (83%)]	Loss: 0.571908
Train Epoch: 78 [44800/50000 (90%)]	Loss: 0.369699
Train Epoch: 78 [48000/50000 (96%)]	Loss: 0.455267

Test set: Average loss: 0.0005, Accuracy: 8136/10000 (81%)

Train Epoch: 79 [0/50000 (0%)]	Loss: 0.387456
Train Epoch: 79 [3200/50000 (6%)]	Loss: 0.408842
Train Epoch: 79 [6400/50000 (13%)]	Loss: 0.464575
Train Epoch: 79 [9600/50000 (19%)]	Loss: 0.325375
Train Epoch: 79 [12800/50000 (26%)]	Loss: 0.564472
Train Epoch: 79 [16000/50000 (32%)]	Loss: 0.568917
Train Epoch: 79 [19200/50000 (38%)]	Loss: 0.671883
Train Epoch: 79 [22400/50000 (45%)]	Loss: 0.460666
Train Epoch: 79 [25600/50000 (51%)]	Loss: 0.439905
Train Epoch: 79 [28800/50000 (58%)]	Loss: 0.321074
Train Epoch: 79 [32000/50000 (64%)]	Loss: 0.453176
Train Epoch: 79 [35200/50000 (70%)]	Loss: 0.705330
Train Epoch: 79 [38400/50000 (77%)]	Loss: 0.480573
Train Epoch: 79 [41600/50000 (83%)]	Loss: 0.560261
Train Epoch: 79 [44800/50000 (90%)]	Loss: 0.299585
Train Epoch: 79 [48000/50000 (96%)]	Loss: 0.454943

Test set: Average loss: 0.0005, Accuracy: 8144/10000 (81%)

Train Epoch: 80 [0/50000 (0%)]	Loss: 0.396106
Train Epoch: 80 [3200/50000 (6%)]	Loss: 0.544093
Train Epoch: 80 [6400/50000 (13%)]	Loss: 0.357100
Train Epoch: 80 [9600/50000 (19%)]	Loss: 0.491562
Train Epoch: 80 [12800/50000 (26%)]	Loss: 0.800205
Train Epoch: 80 [16000/50000 (32%)]	Loss: 0.331563
Train Epoch: 80 [19200/50000 (38%)]	Loss: 0.452641
Train Epoch: 80 [22400/50000 (45%)]	Loss: 0.446673
Train Epoch: 80 [25600/50000 (51%)]	Loss: 0.349416
Train Epoch: 80 [28800/50000 (58%)]	Loss: 0.502634
Train Epoch: 80 [32000/50000 (64%)]	Loss: 0.669342
Train Epoch: 80 [35200/50000 (70%)]	Loss: 0.618746
Train Epoch: 80 [38400/50000 (77%)]	Loss: 0.333882
Train Epoch: 80 [41600/50000 (83%)]	Loss: 0.520993
Train Epoch: 80 [44800/50000 (90%)]	Loss: 0.590798
Train Epoch: 80 [48000/50000 (96%)]	Loss: 0.387301

Test set: Average loss: 0.0005, Accuracy: 8178/10000 (82%)

Train Epoch: 81 [0/50000 (0%)]	Loss: 0.506302
Train Epoch: 81 [3200/50000 (6%)]	Loss: 0.557768
Train Epoch: 81 [6400/50000 (13%)]	Loss: 0.293532
Train Epoch: 81 [9600/50000 (19%)]	Loss: 0.420238
Train Epoch: 81 [12800/50000 (26%)]	Loss: 0.409839
Train Epoch: 81 [16000/50000 (32%)]	Loss: 0.498285
Train Epoch: 81 [19200/50000 (38%)]	Loss: 0.397739
Train Epoch: 81 [22400/50000 (45%)]	Loss: 0.399229
Train Epoch: 81 [25600/50000 (51%)]	Loss: 0.418029
Train Epoch: 81 [28800/50000 (58%)]	Loss: 0.418154
Train Epoch: 81 [32000/50000 (64%)]	Loss: 0.426317
Train Epoch: 81 [35200/50000 (70%)]	Loss: 0.434970
Train Epoch: 81 [38400/50000 (77%)]	Loss: 0.481947
Train Epoch: 81 [41600/50000 (83%)]	Loss: 0.229468
Train Epoch: 81 [44800/50000 (90%)]	Loss: 0.434541
Train Epoch: 81 [48000/50000 (96%)]	Loss: 0.456385

Test set: Average loss: 0.0005, Accuracy: 8297/10000 (83%)

Train Epoch: 82 [0/50000 (0%)]	Loss: 0.439461
Train Epoch: 82 [3200/50000 (6%)]	Loss: 0.538237
Train Epoch: 82 [6400/50000 (13%)]	Loss: 0.502186
Train Epoch: 82 [9600/50000 (19%)]	Loss: 0.616687
Train Epoch: 82 [12800/50000 (26%)]	Loss: 0.334481
Train Epoch: 82 [16000/50000 (32%)]	Loss: 0.260291
Train Epoch: 82 [19200/50000 (38%)]	Loss: 0.361077
Train Epoch: 82 [22400/50000 (45%)]	Loss: 0.478626
Train Epoch: 82 [25600/50000 (51%)]	Loss: 0.489578
Train Epoch: 82 [28800/50000 (58%)]	Loss: 0.459621
Train Epoch: 82 [32000/50000 (64%)]	Loss: 0.390276
Train Epoch: 82 [35200/50000 (70%)]	Loss: 0.335269
Train Epoch: 82 [38400/50000 (77%)]	Loss: 0.410811
Train Epoch: 82 [41600/50000 (83%)]	Loss: 0.258505
Train Epoch: 82 [44800/50000 (90%)]	Loss: 0.389001
Train Epoch: 82 [48000/50000 (96%)]	Loss: 0.326449

Test set: Average loss: 0.0005, Accuracy: 8301/10000 (83%)

Train Epoch: 83 [0/50000 (0%)]	Loss: 0.336624
Train Epoch: 83 [3200/50000 (6%)]	Loss: 0.528648
Train Epoch: 83 [6400/50000 (13%)]	Loss: 0.362982
Train Epoch: 83 [9600/50000 (19%)]	Loss: 0.416472
Train Epoch: 83 [12800/50000 (26%)]	Loss: 0.374097
Train Epoch: 83 [16000/50000 (32%)]	Loss: 0.469918
Train Epoch: 83 [19200/50000 (38%)]	Loss: 0.239878
Train Epoch: 83 [22400/50000 (45%)]	Loss: 0.376492
Train Epoch: 83 [25600/50000 (51%)]	Loss: 0.385783
Train Epoch: 83 [28800/50000 (58%)]	Loss: 0.455394
Train Epoch: 83 [32000/50000 (64%)]	Loss: 0.663627
Train Epoch: 83 [35200/50000 (70%)]	Loss: 0.545255
Train Epoch: 83 [38400/50000 (77%)]	Loss: 0.466512
Train Epoch: 83 [41600/50000 (83%)]	Loss: 0.505039
Train Epoch: 83 [44800/50000 (90%)]	Loss: 0.210453
Train Epoch: 83 [48000/50000 (96%)]	Loss: 0.382678

Test set: Average loss: 0.0005, Accuracy: 8300/10000 (83%)

Train Epoch: 84 [0/50000 (0%)]	Loss: 0.486767
Train Epoch: 84 [3200/50000 (6%)]	Loss: 0.341963
Train Epoch: 84 [6400/50000 (13%)]	Loss: 0.377664
Train Epoch: 84 [9600/50000 (19%)]	Loss: 0.459239
Train Epoch: 84 [12800/50000 (26%)]	Loss: 0.361582
Train Epoch: 84 [16000/50000 (32%)]	Loss: 0.396885
Train Epoch: 84 [19200/50000 (38%)]	Loss: 0.280938
Train Epoch: 84 [22400/50000 (45%)]	Loss: 0.385226
Train Epoch: 84 [25600/50000 (51%)]	Loss: 0.381807
Train Epoch: 84 [28800/50000 (58%)]	Loss: 0.435538
Train Epoch: 84 [32000/50000 (64%)]	Loss: 0.597603
Train Epoch: 84 [35200/50000 (70%)]	Loss: 0.318386
Train Epoch: 84 [38400/50000 (77%)]	Loss: 0.267482
Train Epoch: 84 [41600/50000 (83%)]	Loss: 0.441537
Train Epoch: 84 [44800/50000 (90%)]	Loss: 0.490415
Train Epoch: 84 [48000/50000 (96%)]	Loss: 0.363511

Test set: Average loss: 0.0005, Accuracy: 8338/10000 (83%)

Train Epoch: 85 [0/50000 (0%)]	Loss: 0.397486
Train Epoch: 85 [3200/50000 (6%)]	Loss: 0.295113
Train Epoch: 85 [6400/50000 (13%)]	Loss: 0.364418
Train Epoch: 85 [9600/50000 (19%)]	Loss: 0.202483
Train Epoch: 85 [12800/50000 (26%)]	Loss: 0.274284
Train Epoch: 85 [16000/50000 (32%)]	Loss: 0.562604
Train Epoch: 85 [19200/50000 (38%)]	Loss: 0.285393
Train Epoch: 85 [22400/50000 (45%)]	Loss: 0.418952
Train Epoch: 85 [25600/50000 (51%)]	Loss: 0.369767
Train Epoch: 85 [28800/50000 (58%)]	Loss: 0.521182
Train Epoch: 85 [32000/50000 (64%)]	Loss: 0.461791
Train Epoch: 85 [35200/50000 (70%)]	Loss: 0.393714
Train Epoch: 85 [38400/50000 (77%)]	Loss: 0.412791
Train Epoch: 85 [41600/50000 (83%)]	Loss: 0.359140
Train Epoch: 85 [44800/50000 (90%)]	Loss: 0.392238
Train Epoch: 85 [48000/50000 (96%)]	Loss: 0.245766

Test set: Average loss: 0.0005, Accuracy: 8329/10000 (83%)

Train Epoch: 86 [0/50000 (0%)]	Loss: 0.292292
Train Epoch: 86 [3200/50000 (6%)]	Loss: 0.361132
Train Epoch: 86 [6400/50000 (13%)]	Loss: 0.450447
Train Epoch: 86 [9600/50000 (19%)]	Loss: 0.371285
Train Epoch: 86 [12800/50000 (26%)]	Loss: 0.300666
Train Epoch: 86 [16000/50000 (32%)]	Loss: 0.347070
Train Epoch: 86 [19200/50000 (38%)]	Loss: 0.479659
Train Epoch: 86 [22400/50000 (45%)]	Loss: 0.276414
Train Epoch: 86 [25600/50000 (51%)]	Loss: 0.230107
Train Epoch: 86 [28800/50000 (58%)]	Loss: 0.463140
Train Epoch: 86 [32000/50000 (64%)]	Loss: 0.328315
Train Epoch: 86 [35200/50000 (70%)]	Loss: 0.378169
Train Epoch: 86 [38400/50000 (77%)]	Loss: 0.300173
Train Epoch: 86 [41600/50000 (83%)]	Loss: 0.441214
Train Epoch: 86 [44800/50000 (90%)]	Loss: 0.320616
Train Epoch: 86 [48000/50000 (96%)]	Loss: 0.272982

Test set: Average loss: 0.0005, Accuracy: 8329/10000 (83%)

Train Epoch: 87 [0/50000 (0%)]	Loss: 0.298520
Train Epoch: 87 [3200/50000 (6%)]	Loss: 0.541263
Train Epoch: 87 [6400/50000 (13%)]	Loss: 0.344184
Train Epoch: 87 [9600/50000 (19%)]	Loss: 0.405168
Train Epoch: 87 [12800/50000 (26%)]	Loss: 0.574311
Train Epoch: 87 [16000/50000 (32%)]	Loss: 0.330396
Train Epoch: 87 [19200/50000 (38%)]	Loss: 0.266837
Train Epoch: 87 [22400/50000 (45%)]	Loss: 0.311078
Train Epoch: 87 [25600/50000 (51%)]	Loss: 0.420858
Train Epoch: 87 [28800/50000 (58%)]	Loss: 0.338485
Train Epoch: 87 [32000/50000 (64%)]	Loss: 0.515551
Train Epoch: 87 [35200/50000 (70%)]	Loss: 0.577572
Train Epoch: 87 [38400/50000 (77%)]	Loss: 0.298758
Train Epoch: 87 [41600/50000 (83%)]	Loss: 0.374922
Train Epoch: 87 [44800/50000 (90%)]	Loss: 0.308710
Train Epoch: 87 [48000/50000 (96%)]	Loss: 0.440244

Test set: Average loss: 0.0005, Accuracy: 8338/10000 (83%)

Train Epoch: 88 [0/50000 (0%)]	Loss: 0.388498
Train Epoch: 88 [3200/50000 (6%)]	Loss: 0.329768
Train Epoch: 88 [6400/50000 (13%)]	Loss: 0.224779
Train Epoch: 88 [9600/50000 (19%)]	Loss: 0.362814
Train Epoch: 88 [12800/50000 (26%)]	Loss: 0.320679
Train Epoch: 88 [16000/50000 (32%)]	Loss: 0.327687
Train Epoch: 88 [19200/50000 (38%)]	Loss: 0.349618
Train Epoch: 88 [22400/50000 (45%)]	Loss: 0.372457
Train Epoch: 88 [25600/50000 (51%)]	Loss: 0.466818
Train Epoch: 88 [28800/50000 (58%)]	Loss: 0.301463
Train Epoch: 88 [32000/50000 (64%)]	Loss: 0.317189
Train Epoch: 88 [35200/50000 (70%)]	Loss: 0.378374
Train Epoch: 88 [38400/50000 (77%)]	Loss: 0.561034
Train Epoch: 88 [41600/50000 (83%)]	Loss: 0.404029
Train Epoch: 88 [44800/50000 (90%)]	Loss: 0.527357
Train Epoch: 88 [48000/50000 (96%)]	Loss: 0.231240

Test set: Average loss: 0.0005, Accuracy: 8329/10000 (83%)

Train Epoch: 89 [0/50000 (0%)]	Loss: 0.433324
Train Epoch: 89 [3200/50000 (6%)]	Loss: 0.302154
Train Epoch: 89 [6400/50000 (13%)]	Loss: 0.350942
Train Epoch: 89 [9600/50000 (19%)]	Loss: 0.349754
Train Epoch: 89 [12800/50000 (26%)]	Loss: 0.478503
Train Epoch: 89 [16000/50000 (32%)]	Loss: 0.260284
Train Epoch: 89 [19200/50000 (38%)]	Loss: 0.288314
Train Epoch: 89 [22400/50000 (45%)]	Loss: 0.371652
Train Epoch: 89 [25600/50000 (51%)]	Loss: 0.535666
Train Epoch: 89 [28800/50000 (58%)]	Loss: 0.254565
Train Epoch: 89 [32000/50000 (64%)]	Loss: 0.392790
Train Epoch: 89 [35200/50000 (70%)]	Loss: 0.260382
Train Epoch: 89 [38400/50000 (77%)]	Loss: 0.511960
Train Epoch: 89 [41600/50000 (83%)]	Loss: 0.334450
Train Epoch: 89 [44800/50000 (90%)]	Loss: 0.338206
Train Epoch: 89 [48000/50000 (96%)]	Loss: 0.326241

Test set: Average loss: 0.0005, Accuracy: 8340/10000 (83%)

Train Epoch: 90 [0/50000 (0%)]	Loss: 0.346500
Train Epoch: 90 [3200/50000 (6%)]	Loss: 0.232283
Train Epoch: 90 [6400/50000 (13%)]	Loss: 0.360645
Train Epoch: 90 [9600/50000 (19%)]	Loss: 0.531190
Train Epoch: 90 [12800/50000 (26%)]	Loss: 0.493466
Train Epoch: 90 [16000/50000 (32%)]	Loss: 0.323169
Train Epoch: 90 [19200/50000 (38%)]	Loss: 0.310168
Train Epoch: 90 [22400/50000 (45%)]	Loss: 0.263979
Train Epoch: 90 [25600/50000 (51%)]	Loss: 0.485424
Train Epoch: 90 [28800/50000 (58%)]	Loss: 0.435648
Train Epoch: 90 [32000/50000 (64%)]	Loss: 0.427842
Train Epoch: 90 [35200/50000 (70%)]	Loss: 0.415747
Train Epoch: 90 [38400/50000 (77%)]	Loss: 0.141181
Train Epoch: 90 [41600/50000 (83%)]	Loss: 0.328376
Train Epoch: 90 [44800/50000 (90%)]	Loss: 0.599314
Train Epoch: 90 [48000/50000 (96%)]	Loss: 0.287780

Test set: Average loss: 0.0005, Accuracy: 8320/10000 (83%)

Train Epoch: 91 [0/50000 (0%)]	Loss: 0.446165
Train Epoch: 91 [3200/50000 (6%)]	Loss: 0.321808
Train Epoch: 91 [6400/50000 (13%)]	Loss: 0.256097
Train Epoch: 91 [9600/50000 (19%)]	Loss: 0.324436
Train Epoch: 91 [12800/50000 (26%)]	Loss: 0.503555
Train Epoch: 91 [16000/50000 (32%)]	Loss: 0.344175
Train Epoch: 91 [19200/50000 (38%)]	Loss: 0.256489
Train Epoch: 91 [22400/50000 (45%)]	Loss: 0.384328
Train Epoch: 91 [25600/50000 (51%)]	Loss: 0.364406
Train Epoch: 91 [28800/50000 (58%)]	Loss: 0.391254
Train Epoch: 91 [32000/50000 (64%)]	Loss: 0.225182
Train Epoch: 91 [35200/50000 (70%)]	Loss: 0.256444
Train Epoch: 91 [38400/50000 (77%)]	Loss: 0.550216
Train Epoch: 91 [41600/50000 (83%)]	Loss: 0.365136
Train Epoch: 91 [44800/50000 (90%)]	Loss: 0.454706
Train Epoch: 91 [48000/50000 (96%)]	Loss: 0.314796

Test set: Average loss: 0.0005, Accuracy: 8333/10000 (83%)

Train Epoch: 92 [0/50000 (0%)]	Loss: 0.267951
Train Epoch: 92 [3200/50000 (6%)]	Loss: 0.358849
Train Epoch: 92 [6400/50000 (13%)]	Loss: 0.511858
Train Epoch: 92 [9600/50000 (19%)]	Loss: 0.561560
Train Epoch: 92 [12800/50000 (26%)]	Loss: 0.376040
Train Epoch: 92 [16000/50000 (32%)]	Loss: 0.283582
Train Epoch: 92 [19200/50000 (38%)]	Loss: 0.325100
Train Epoch: 92 [22400/50000 (45%)]	Loss: 0.119062
Train Epoch: 92 [25600/50000 (51%)]	Loss: 0.249775
Train Epoch: 92 [28800/50000 (58%)]	Loss: 0.498519
Train Epoch: 92 [32000/50000 (64%)]	Loss: 0.331512
Train Epoch: 92 [35200/50000 (70%)]	Loss: 0.233233
Train Epoch: 92 [38400/50000 (77%)]	Loss: 0.245712
Train Epoch: 92 [41600/50000 (83%)]	Loss: 0.224406
Train Epoch: 92 [44800/50000 (90%)]	Loss: 0.338712
Train Epoch: 92 [48000/50000 (96%)]	Loss: 0.328953

Test set: Average loss: 0.0005, Accuracy: 8331/10000 (83%)

Train Epoch: 93 [0/50000 (0%)]	Loss: 0.331146
Train Epoch: 93 [3200/50000 (6%)]	Loss: 0.289162
Train Epoch: 93 [6400/50000 (13%)]	Loss: 0.351604
Train Epoch: 93 [9600/50000 (19%)]	Loss: 0.505406
Train Epoch: 93 [12800/50000 (26%)]	Loss: 0.234463
Train Epoch: 93 [16000/50000 (32%)]	Loss: 0.337225
Train Epoch: 93 [19200/50000 (38%)]	Loss: 0.308220
Train Epoch: 93 [22400/50000 (45%)]	Loss: 0.339931
Train Epoch: 93 [25600/50000 (51%)]	Loss: 0.432791
Train Epoch: 93 [28800/50000 (58%)]	Loss: 0.221242
Train Epoch: 93 [32000/50000 (64%)]	Loss: 0.416751
Train Epoch: 93 [35200/50000 (70%)]	Loss: 0.285548
Train Epoch: 93 [38400/50000 (77%)]	Loss: 0.339255
Train Epoch: 93 [41600/50000 (83%)]	Loss: 0.286946
Train Epoch: 93 [44800/50000 (90%)]	Loss: 0.393901
Train Epoch: 93 [48000/50000 (96%)]	Loss: 0.472957

Test set: Average loss: 0.0005, Accuracy: 8329/10000 (83%)

Train Epoch: 94 [0/50000 (0%)]	Loss: 0.371176
Train Epoch: 94 [3200/50000 (6%)]	Loss: 0.326622
Train Epoch: 94 [6400/50000 (13%)]	Loss: 0.293532
Train Epoch: 94 [9600/50000 (19%)]	Loss: 0.334508
Train Epoch: 94 [12800/50000 (26%)]	Loss: 0.265625
Train Epoch: 94 [16000/50000 (32%)]	Loss: 0.378759
Train Epoch: 94 [19200/50000 (38%)]	Loss: 0.321487
Train Epoch: 94 [22400/50000 (45%)]	Loss: 0.231618
Train Epoch: 94 [25600/50000 (51%)]	Loss: 0.399923
Train Epoch: 94 [28800/50000 (58%)]	Loss: 0.351570
Train Epoch: 94 [32000/50000 (64%)]	Loss: 0.284185
Train Epoch: 94 [35200/50000 (70%)]	Loss: 0.274032
Train Epoch: 94 [38400/50000 (77%)]	Loss: 0.332564
Train Epoch: 94 [41600/50000 (83%)]	Loss: 0.554936
Train Epoch: 94 [44800/50000 (90%)]	Loss: 0.319654
Train Epoch: 94 [48000/50000 (96%)]	Loss: 0.402553

Test set: Average loss: 0.0005, Accuracy: 8320/10000 (83%)

Train Epoch: 95 [0/50000 (0%)]	Loss: 0.447657
Train Epoch: 95 [3200/50000 (6%)]	Loss: 0.328126
Train Epoch: 95 [6400/50000 (13%)]	Loss: 0.401453
Train Epoch: 95 [9600/50000 (19%)]	Loss: 0.355985
Train Epoch: 95 [12800/50000 (26%)]	Loss: 0.516053
Train Epoch: 95 [16000/50000 (32%)]	Loss: 0.503129
Train Epoch: 95 [19200/50000 (38%)]	Loss: 0.358401
Train Epoch: 95 [22400/50000 (45%)]	Loss: 0.318114
Train Epoch: 95 [25600/50000 (51%)]	Loss: 0.425715
Train Epoch: 95 [28800/50000 (58%)]	Loss: 0.319849
Train Epoch: 95 [32000/50000 (64%)]	Loss: 0.196670
Train Epoch: 95 [35200/50000 (70%)]	Loss: 0.333453
Train Epoch: 95 [38400/50000 (77%)]	Loss: 0.356154
Train Epoch: 95 [41600/50000 (83%)]	Loss: 0.623962
Train Epoch: 95 [44800/50000 (90%)]	Loss: 0.259423
Train Epoch: 95 [48000/50000 (96%)]	Loss: 0.366212

Test set: Average loss: 0.0005, Accuracy: 8335/10000 (83%)

Train Epoch: 96 [0/50000 (0%)]	Loss: 0.343069
Train Epoch: 96 [3200/50000 (6%)]	Loss: 0.587499
Train Epoch: 96 [6400/50000 (13%)]	Loss: 0.357508
Train Epoch: 96 [9600/50000 (19%)]	Loss: 0.195404
Train Epoch: 96 [12800/50000 (26%)]	Loss: 0.229269
Train Epoch: 96 [16000/50000 (32%)]	Loss: 0.392724
Train Epoch: 96 [19200/50000 (38%)]	Loss: 0.310790
Train Epoch: 96 [22400/50000 (45%)]	Loss: 0.491324
Train Epoch: 96 [25600/50000 (51%)]	Loss: 0.286279
Train Epoch: 96 [28800/50000 (58%)]	Loss: 0.353212
Train Epoch: 96 [32000/50000 (64%)]	Loss: 0.316177
Train Epoch: 96 [35200/50000 (70%)]	Loss: 0.209049
Train Epoch: 96 [38400/50000 (77%)]	Loss: 0.278764
Train Epoch: 96 [41600/50000 (83%)]	Loss: 0.328463
Train Epoch: 96 [44800/50000 (90%)]	Loss: 0.350010
Train Epoch: 96 [48000/50000 (96%)]	Loss: 0.485302

Test set: Average loss: 0.0005, Accuracy: 8317/10000 (83%)

Train Epoch: 97 [0/50000 (0%)]	Loss: 0.285782
Train Epoch: 97 [3200/50000 (6%)]	Loss: 0.242689
Train Epoch: 97 [6400/50000 (13%)]	Loss: 0.486479
Train Epoch: 97 [9600/50000 (19%)]	Loss: 0.461945
Train Epoch: 97 [12800/50000 (26%)]	Loss: 0.302590
Train Epoch: 97 [16000/50000 (32%)]	Loss: 0.317012
Train Epoch: 97 [19200/50000 (38%)]	Loss: 0.412495
Train Epoch: 97 [22400/50000 (45%)]	Loss: 0.186216
Train Epoch: 97 [25600/50000 (51%)]	Loss: 0.278437
Train Epoch: 97 [28800/50000 (58%)]	Loss: 0.546890
Train Epoch: 97 [32000/50000 (64%)]	Loss: 0.260850
Train Epoch: 97 [35200/50000 (70%)]	Loss: 0.465121
Train Epoch: 97 [38400/50000 (77%)]	Loss: 0.258774
Train Epoch: 97 [41600/50000 (83%)]	Loss: 0.459696
Train Epoch: 97 [44800/50000 (90%)]	Loss: 0.434018
Train Epoch: 97 [48000/50000 (96%)]	Loss: 0.353531

Test set: Average loss: 0.0005, Accuracy: 8343/10000 (83%)

Train Epoch: 98 [0/50000 (0%)]	Loss: 0.241884
Train Epoch: 98 [3200/50000 (6%)]	Loss: 0.376496
Train Epoch: 98 [6400/50000 (13%)]	Loss: 0.500537
Train Epoch: 98 [9600/50000 (19%)]	Loss: 0.281650
Train Epoch: 98 [12800/50000 (26%)]	Loss: 0.251078
Train Epoch: 98 [16000/50000 (32%)]	Loss: 0.355108
Train Epoch: 98 [19200/50000 (38%)]	Loss: 0.382523
Train Epoch: 98 [22400/50000 (45%)]	Loss: 0.395180
Train Epoch: 98 [25600/50000 (51%)]	Loss: 0.459148
Train Epoch: 98 [28800/50000 (58%)]	Loss: 0.453682
Train Epoch: 98 [32000/50000 (64%)]	Loss: 0.535768
Train Epoch: 98 [35200/50000 (70%)]	Loss: 0.297039
Train Epoch: 98 [38400/50000 (77%)]	Loss: 0.290264
Train Epoch: 98 [41600/50000 (83%)]	Loss: 0.558962
Train Epoch: 98 [44800/50000 (90%)]	Loss: 0.362238
Train Epoch: 98 [48000/50000 (96%)]	Loss: 0.505631

Test set: Average loss: 0.0005, Accuracy: 8348/10000 (83%)

Train Epoch: 99 [0/50000 (0%)]	Loss: 0.353859
Train Epoch: 99 [3200/50000 (6%)]	Loss: 0.320575
Train Epoch: 99 [6400/50000 (13%)]	Loss: 0.383189
Train Epoch: 99 [9600/50000 (19%)]	Loss: 0.435195
Train Epoch: 99 [12800/50000 (26%)]	Loss: 0.226669
Train Epoch: 99 [16000/50000 (32%)]	Loss: 0.324841
Train Epoch: 99 [19200/50000 (38%)]	Loss: 0.433642
Train Epoch: 99 [22400/50000 (45%)]	Loss: 0.252301
Train Epoch: 99 [25600/50000 (51%)]	Loss: 0.355949
Train Epoch: 99 [28800/50000 (58%)]	Loss: 0.339893
Train Epoch: 99 [32000/50000 (64%)]	Loss: 0.324635
Train Epoch: 99 [35200/50000 (70%)]	Loss: 0.446915
Train Epoch: 99 [38400/50000 (77%)]	Loss: 0.391644
Train Epoch: 99 [41600/50000 (83%)]	Loss: 0.329909
Train Epoch: 99 [44800/50000 (90%)]	Loss: 0.406185
Train Epoch: 99 [48000/50000 (96%)]	Loss: 0.312224

Test set: Average loss: 0.0005, Accuracy: 8345/10000 (83%)

Train Epoch: 100 [0/50000 (0%)]	Loss: 0.255869
Train Epoch: 100 [3200/50000 (6%)]	Loss: 0.429160
Train Epoch: 100 [6400/50000 (13%)]	Loss: 0.565517
Train Epoch: 100 [9600/50000 (19%)]	Loss: 0.289455
Train Epoch: 100 [12800/50000 (26%)]	Loss: 0.626793
Train Epoch: 100 [16000/50000 (32%)]	Loss: 0.451592
Train Epoch: 100 [19200/50000 (38%)]	Loss: 0.235815
Train Epoch: 100 [22400/50000 (45%)]	Loss: 0.270005
Train Epoch: 100 [25600/50000 (51%)]	Loss: 0.280648
Train Epoch: 100 [28800/50000 (58%)]	Loss: 0.398235
Train Epoch: 100 [32000/50000 (64%)]	Loss: 0.404181
Train Epoch: 100 [35200/50000 (70%)]	Loss: 0.262688
Train Epoch: 100 [38400/50000 (77%)]	Loss: 0.297120
Train Epoch: 100 [41600/50000 (83%)]	Loss: 0.384024
Train Epoch: 100 [44800/50000 (90%)]	Loss: 0.281927
Train Epoch: 100 [48000/50000 (96%)]	Loss: 0.442913

Test set: Average loss: 0.0005, Accuracy: 8360/10000 (84%)

