Files already downloaded and verified
Files already downloaded and verified
Total parameters: 862538
Train Epoch: 1 [0/50000 (0%)]	Loss: 2.393839
Train Epoch: 1 [3200/50000 (6%)]	Loss: 2.270151
Train Epoch: 1 [6400/50000 (13%)]	Loss: 2.153967
Train Epoch: 1 [9600/50000 (19%)]	Loss: 1.983653
Train Epoch: 1 [12800/50000 (26%)]	Loss: 2.064087
Train Epoch: 1 [16000/50000 (32%)]	Loss: 2.153264
Train Epoch: 1 [19200/50000 (38%)]	Loss: 1.912259
Train Epoch: 1 [22400/50000 (45%)]	Loss: 1.737452
Train Epoch: 1 [25600/50000 (51%)]	Loss: 1.812549
Train Epoch: 1 [28800/50000 (58%)]	Loss: 1.829162
Train Epoch: 1 [32000/50000 (64%)]	Loss: 1.827117
Train Epoch: 1 [35200/50000 (70%)]	Loss: 1.636595
Train Epoch: 1 [38400/50000 (77%)]	Loss: 1.721502
Train Epoch: 1 [41600/50000 (83%)]	Loss: 1.737539
Train Epoch: 1 [44800/50000 (90%)]	Loss: 1.849582
Train Epoch: 1 [48000/50000 (96%)]	Loss: 1.628372

Test set: Average loss: 0.0017, Accuracy: 3846/10000 (38%)

Train Epoch: 2 [0/50000 (0%)]	Loss: 1.653968
Train Epoch: 2 [3200/50000 (6%)]	Loss: 1.627188
Train Epoch: 2 [6400/50000 (13%)]	Loss: 1.668300
Train Epoch: 2 [9600/50000 (19%)]	Loss: 1.553286
Train Epoch: 2 [12800/50000 (26%)]	Loss: 1.468554
Train Epoch: 2 [16000/50000 (32%)]	Loss: 1.676985
Train Epoch: 2 [19200/50000 (38%)]	Loss: 1.526330
Train Epoch: 2 [22400/50000 (45%)]	Loss: 1.434191
Train Epoch: 2 [25600/50000 (51%)]	Loss: 1.494316
Train Epoch: 2 [28800/50000 (58%)]	Loss: 1.493265
Train Epoch: 2 [32000/50000 (64%)]	Loss: 1.735245
Train Epoch: 2 [35200/50000 (70%)]	Loss: 1.515959
Train Epoch: 2 [38400/50000 (77%)]	Loss: 1.729574
Train Epoch: 2 [41600/50000 (83%)]	Loss: 1.485739
Train Epoch: 2 [44800/50000 (90%)]	Loss: 1.575940
Train Epoch: 2 [48000/50000 (96%)]	Loss: 1.722807

Test set: Average loss: 0.0015, Accuracy: 4515/10000 (45%)

Train Epoch: 3 [0/50000 (0%)]	Loss: 1.341820
Train Epoch: 3 [3200/50000 (6%)]	Loss: 1.406878
Train Epoch: 3 [6400/50000 (13%)]	Loss: 1.437248
Train Epoch: 3 [9600/50000 (19%)]	Loss: 1.664387
Train Epoch: 3 [12800/50000 (26%)]	Loss: 1.421860
Train Epoch: 3 [16000/50000 (32%)]	Loss: 1.576582
Train Epoch: 3 [19200/50000 (38%)]	Loss: 1.351599
Train Epoch: 3 [22400/50000 (45%)]	Loss: 1.285815
Train Epoch: 3 [25600/50000 (51%)]	Loss: 1.430828
Train Epoch: 3 [28800/50000 (58%)]	Loss: 1.247976
Train Epoch: 3 [32000/50000 (64%)]	Loss: 1.375765
Train Epoch: 3 [35200/50000 (70%)]	Loss: 1.366379
Train Epoch: 3 [38400/50000 (77%)]	Loss: 1.590124
Train Epoch: 3 [41600/50000 (83%)]	Loss: 1.238484
Train Epoch: 3 [44800/50000 (90%)]	Loss: 1.378433
Train Epoch: 3 [48000/50000 (96%)]	Loss: 1.595500

Test set: Average loss: 0.0013, Accuracy: 5188/10000 (52%)

Train Epoch: 4 [0/50000 (0%)]	Loss: 1.142424
Train Epoch: 4 [3200/50000 (6%)]	Loss: 1.230902
Train Epoch: 4 [6400/50000 (13%)]	Loss: 1.450334
Train Epoch: 4 [9600/50000 (19%)]	Loss: 1.483624
Train Epoch: 4 [12800/50000 (26%)]	Loss: 1.412653
Train Epoch: 4 [16000/50000 (32%)]	Loss: 1.493656
Train Epoch: 4 [19200/50000 (38%)]	Loss: 1.418870
Train Epoch: 4 [22400/50000 (45%)]	Loss: 1.356657
Train Epoch: 4 [25600/50000 (51%)]	Loss: 1.220835
Train Epoch: 4 [28800/50000 (58%)]	Loss: 1.561647
Train Epoch: 4 [32000/50000 (64%)]	Loss: 1.238158
Train Epoch: 4 [35200/50000 (70%)]	Loss: 1.534952
Train Epoch: 4 [38400/50000 (77%)]	Loss: 1.494893
Train Epoch: 4 [41600/50000 (83%)]	Loss: 1.080889
Train Epoch: 4 [44800/50000 (90%)]	Loss: 1.304115
Train Epoch: 4 [48000/50000 (96%)]	Loss: 1.490008

Test set: Average loss: 0.0012, Accuracy: 5528/10000 (55%)

Train Epoch: 5 [0/50000 (0%)]	Loss: 1.094996
Train Epoch: 5 [3200/50000 (6%)]	Loss: 1.278683
Train Epoch: 5 [6400/50000 (13%)]	Loss: 1.434507
Train Epoch: 5 [9600/50000 (19%)]	Loss: 1.410966
Train Epoch: 5 [12800/50000 (26%)]	Loss: 1.220692
Train Epoch: 5 [16000/50000 (32%)]	Loss: 1.100967
Train Epoch: 5 [19200/50000 (38%)]	Loss: 1.327859
Train Epoch: 5 [22400/50000 (45%)]	Loss: 1.295388
Train Epoch: 5 [25600/50000 (51%)]	Loss: 0.959173
Train Epoch: 5 [28800/50000 (58%)]	Loss: 1.298034
Train Epoch: 5 [32000/50000 (64%)]	Loss: 1.406196
Train Epoch: 5 [35200/50000 (70%)]	Loss: 0.982567
Train Epoch: 5 [38400/50000 (77%)]	Loss: 1.256982
Train Epoch: 5 [41600/50000 (83%)]	Loss: 1.128861
Train Epoch: 5 [44800/50000 (90%)]	Loss: 1.088467
Train Epoch: 5 [48000/50000 (96%)]	Loss: 1.251959

Test set: Average loss: 0.0011, Accuracy: 6023/10000 (60%)

Train Epoch: 6 [0/50000 (0%)]	Loss: 1.166751
Train Epoch: 6 [3200/50000 (6%)]	Loss: 1.477559
Train Epoch: 6 [6400/50000 (13%)]	Loss: 1.148071
Train Epoch: 6 [9600/50000 (19%)]	Loss: 1.099881
Train Epoch: 6 [12800/50000 (26%)]	Loss: 1.160676
Train Epoch: 6 [16000/50000 (32%)]	Loss: 1.230587
Train Epoch: 6 [19200/50000 (38%)]	Loss: 1.349498
Train Epoch: 6 [22400/50000 (45%)]	Loss: 1.187315
Train Epoch: 6 [25600/50000 (51%)]	Loss: 1.436008
Train Epoch: 6 [28800/50000 (58%)]	Loss: 1.082022
Train Epoch: 6 [32000/50000 (64%)]	Loss: 1.195731
Train Epoch: 6 [35200/50000 (70%)]	Loss: 1.119698
Train Epoch: 6 [38400/50000 (77%)]	Loss: 1.317344
Train Epoch: 6 [41600/50000 (83%)]	Loss: 0.873055
Train Epoch: 6 [44800/50000 (90%)]	Loss: 1.187546
Train Epoch: 6 [48000/50000 (96%)]	Loss: 1.152711

Test set: Average loss: 0.0011, Accuracy: 6225/10000 (62%)

Train Epoch: 7 [0/50000 (0%)]	Loss: 1.046578
Train Epoch: 7 [3200/50000 (6%)]	Loss: 1.085941
Train Epoch: 7 [6400/50000 (13%)]	Loss: 0.889566
Train Epoch: 7 [9600/50000 (19%)]	Loss: 1.082916
Train Epoch: 7 [12800/50000 (26%)]	Loss: 1.355574
Train Epoch: 7 [16000/50000 (32%)]	Loss: 0.949638
Train Epoch: 7 [19200/50000 (38%)]	Loss: 0.878692
Train Epoch: 7 [22400/50000 (45%)]	Loss: 1.034178
Train Epoch: 7 [25600/50000 (51%)]	Loss: 0.796562
Train Epoch: 7 [28800/50000 (58%)]	Loss: 0.885154
Train Epoch: 7 [32000/50000 (64%)]	Loss: 1.027408
Train Epoch: 7 [35200/50000 (70%)]	Loss: 1.228009
Train Epoch: 7 [38400/50000 (77%)]	Loss: 0.849773
Train Epoch: 7 [41600/50000 (83%)]	Loss: 0.666684
Train Epoch: 7 [44800/50000 (90%)]	Loss: 0.771065
Train Epoch: 7 [48000/50000 (96%)]	Loss: 1.128280

Test set: Average loss: 0.0010, Accuracy: 6504/10000 (65%)

Train Epoch: 8 [0/50000 (0%)]	Loss: 0.733156
Train Epoch: 8 [3200/50000 (6%)]	Loss: 1.001650
Train Epoch: 8 [6400/50000 (13%)]	Loss: 0.999970
Train Epoch: 8 [9600/50000 (19%)]	Loss: 0.932683
Train Epoch: 8 [12800/50000 (26%)]	Loss: 0.927099
Train Epoch: 8 [16000/50000 (32%)]	Loss: 0.901610
Train Epoch: 8 [19200/50000 (38%)]	Loss: 0.928001
Train Epoch: 8 [22400/50000 (45%)]	Loss: 0.930866
Train Epoch: 8 [25600/50000 (51%)]	Loss: 1.184072
Train Epoch: 8 [28800/50000 (58%)]	Loss: 1.023965
Train Epoch: 8 [32000/50000 (64%)]	Loss: 0.963914
Train Epoch: 8 [35200/50000 (70%)]	Loss: 0.957515
Train Epoch: 8 [38400/50000 (77%)]	Loss: 0.932599
Train Epoch: 8 [41600/50000 (83%)]	Loss: 1.138112
Train Epoch: 8 [44800/50000 (90%)]	Loss: 0.974257
Train Epoch: 8 [48000/50000 (96%)]	Loss: 0.879853

Test set: Average loss: 0.0009, Accuracy: 6941/10000 (69%)

Train Epoch: 9 [0/50000 (0%)]	Loss: 1.041211
Train Epoch: 9 [3200/50000 (6%)]	Loss: 1.378144
Train Epoch: 9 [6400/50000 (13%)]	Loss: 1.012703
Train Epoch: 9 [9600/50000 (19%)]	Loss: 0.796108
Train Epoch: 9 [12800/50000 (26%)]	Loss: 0.765423
Train Epoch: 9 [16000/50000 (32%)]	Loss: 0.940285
Train Epoch: 9 [19200/50000 (38%)]	Loss: 0.916821
Train Epoch: 9 [22400/50000 (45%)]	Loss: 0.829416
Train Epoch: 9 [25600/50000 (51%)]	Loss: 0.630376
Train Epoch: 9 [28800/50000 (58%)]	Loss: 0.859734
Train Epoch: 9 [32000/50000 (64%)]	Loss: 0.959602
Train Epoch: 9 [35200/50000 (70%)]	Loss: 0.871736
Train Epoch: 9 [38400/50000 (77%)]	Loss: 0.994368
Train Epoch: 9 [41600/50000 (83%)]	Loss: 0.934068
Train Epoch: 9 [44800/50000 (90%)]	Loss: 0.848625
Train Epoch: 9 [48000/50000 (96%)]	Loss: 0.768583

Test set: Average loss: 0.0008, Accuracy: 7084/10000 (71%)

Train Epoch: 10 [0/50000 (0%)]	Loss: 0.641469
Train Epoch: 10 [3200/50000 (6%)]	Loss: 0.922114
Train Epoch: 10 [6400/50000 (13%)]	Loss: 0.792366
Train Epoch: 10 [9600/50000 (19%)]	Loss: 0.879068
Train Epoch: 10 [12800/50000 (26%)]	Loss: 0.751207
Train Epoch: 10 [16000/50000 (32%)]	Loss: 0.941342
Train Epoch: 10 [19200/50000 (38%)]	Loss: 0.686177
Train Epoch: 10 [22400/50000 (45%)]	Loss: 0.673163
Train Epoch: 10 [25600/50000 (51%)]	Loss: 0.831321
Train Epoch: 10 [28800/50000 (58%)]	Loss: 0.791939
Train Epoch: 10 [32000/50000 (64%)]	Loss: 0.764794
Train Epoch: 10 [35200/50000 (70%)]	Loss: 0.889417
Train Epoch: 10 [38400/50000 (77%)]	Loss: 0.916093
Train Epoch: 10 [41600/50000 (83%)]	Loss: 0.895106
Train Epoch: 10 [44800/50000 (90%)]	Loss: 0.649929
Train Epoch: 10 [48000/50000 (96%)]	Loss: 0.836579

Test set: Average loss: 0.0008, Accuracy: 7119/10000 (71%)

Train Epoch: 11 [0/50000 (0%)]	Loss: 0.734214
Train Epoch: 11 [3200/50000 (6%)]	Loss: 0.775138
Train Epoch: 11 [6400/50000 (13%)]	Loss: 0.539563
Train Epoch: 11 [9600/50000 (19%)]	Loss: 0.793883
Train Epoch: 11 [12800/50000 (26%)]	Loss: 0.816184
Train Epoch: 11 [16000/50000 (32%)]	Loss: 0.536209
Train Epoch: 11 [19200/50000 (38%)]	Loss: 0.622978
Train Epoch: 11 [22400/50000 (45%)]	Loss: 0.673137
Train Epoch: 11 [25600/50000 (51%)]	Loss: 0.660334
Train Epoch: 11 [28800/50000 (58%)]	Loss: 0.764799
Train Epoch: 11 [32000/50000 (64%)]	Loss: 0.738907
Train Epoch: 11 [35200/50000 (70%)]	Loss: 0.689795
Train Epoch: 11 [38400/50000 (77%)]	Loss: 0.775107
Train Epoch: 11 [41600/50000 (83%)]	Loss: 0.934596
Train Epoch: 11 [44800/50000 (90%)]	Loss: 0.765718
Train Epoch: 11 [48000/50000 (96%)]	Loss: 0.813347

Test set: Average loss: 0.0007, Accuracy: 7517/10000 (75%)

Train Epoch: 12 [0/50000 (0%)]	Loss: 0.604577
Train Epoch: 12 [3200/50000 (6%)]	Loss: 0.756907
Train Epoch: 12 [6400/50000 (13%)]	Loss: 0.809192
Train Epoch: 12 [9600/50000 (19%)]	Loss: 1.101937
Train Epoch: 12 [12800/50000 (26%)]	Loss: 0.559269
Train Epoch: 12 [16000/50000 (32%)]	Loss: 0.701775
Train Epoch: 12 [19200/50000 (38%)]	Loss: 0.659869
Train Epoch: 12 [22400/50000 (45%)]	Loss: 0.523742
Train Epoch: 12 [25600/50000 (51%)]	Loss: 0.537954
Train Epoch: 12 [28800/50000 (58%)]	Loss: 0.774130
Train Epoch: 12 [32000/50000 (64%)]	Loss: 0.718358
Train Epoch: 12 [35200/50000 (70%)]	Loss: 0.772262
Train Epoch: 12 [38400/50000 (77%)]	Loss: 0.689730
Train Epoch: 12 [41600/50000 (83%)]	Loss: 0.717682
Train Epoch: 12 [44800/50000 (90%)]	Loss: 0.649361
Train Epoch: 12 [48000/50000 (96%)]	Loss: 0.707520

Test set: Average loss: 0.0007, Accuracy: 7570/10000 (76%)

Train Epoch: 13 [0/50000 (0%)]	Loss: 0.960381
Train Epoch: 13 [3200/50000 (6%)]	Loss: 0.644080
Train Epoch: 13 [6400/50000 (13%)]	Loss: 0.663311
Train Epoch: 13 [9600/50000 (19%)]	Loss: 0.761714
Train Epoch: 13 [12800/50000 (26%)]	Loss: 0.847418
Train Epoch: 13 [16000/50000 (32%)]	Loss: 0.558636
Train Epoch: 13 [19200/50000 (38%)]	Loss: 0.619089
Train Epoch: 13 [22400/50000 (45%)]	Loss: 0.513521
Train Epoch: 13 [25600/50000 (51%)]	Loss: 0.628002
Train Epoch: 13 [28800/50000 (58%)]	Loss: 0.759085
Train Epoch: 13 [32000/50000 (64%)]	Loss: 0.964621
Train Epoch: 13 [35200/50000 (70%)]	Loss: 0.768332
Train Epoch: 13 [38400/50000 (77%)]	Loss: 0.710163
Train Epoch: 13 [41600/50000 (83%)]	Loss: 0.737863
Train Epoch: 13 [44800/50000 (90%)]	Loss: 0.772983
Train Epoch: 13 [48000/50000 (96%)]	Loss: 0.653992

Test set: Average loss: 0.0007, Accuracy: 7653/10000 (77%)

Train Epoch: 14 [0/50000 (0%)]	Loss: 0.622349
Train Epoch: 14 [3200/50000 (6%)]	Loss: 0.734491
Train Epoch: 14 [6400/50000 (13%)]	Loss: 0.849874
Train Epoch: 14 [9600/50000 (19%)]	Loss: 0.370219
Train Epoch: 14 [12800/50000 (26%)]	Loss: 0.689634
Train Epoch: 14 [16000/50000 (32%)]	Loss: 0.751930
Train Epoch: 14 [19200/50000 (38%)]	Loss: 0.535400
Train Epoch: 14 [22400/50000 (45%)]	Loss: 0.686857
Train Epoch: 14 [25600/50000 (51%)]	Loss: 0.622451
Train Epoch: 14 [28800/50000 (58%)]	Loss: 0.508311
Train Epoch: 14 [32000/50000 (64%)]	Loss: 0.468525
Train Epoch: 14 [35200/50000 (70%)]	Loss: 0.567207
Train Epoch: 14 [38400/50000 (77%)]	Loss: 0.739812
Train Epoch: 14 [41600/50000 (83%)]	Loss: 0.438014
Train Epoch: 14 [44800/50000 (90%)]	Loss: 0.863553
Train Epoch: 14 [48000/50000 (96%)]	Loss: 0.469476

Test set: Average loss: 0.0006, Accuracy: 7722/10000 (77%)

Train Epoch: 15 [0/50000 (0%)]	Loss: 0.756704
Train Epoch: 15 [3200/50000 (6%)]	Loss: 0.573021
Train Epoch: 15 [6400/50000 (13%)]	Loss: 0.738001
Train Epoch: 15 [9600/50000 (19%)]	Loss: 0.672190
Train Epoch: 15 [12800/50000 (26%)]	Loss: 0.552579
Train Epoch: 15 [16000/50000 (32%)]	Loss: 0.619066
Train Epoch: 15 [19200/50000 (38%)]	Loss: 0.667365
Train Epoch: 15 [22400/50000 (45%)]	Loss: 0.639740
Train Epoch: 15 [25600/50000 (51%)]	Loss: 0.406434
Train Epoch: 15 [28800/50000 (58%)]	Loss: 0.865969
Train Epoch: 15 [32000/50000 (64%)]	Loss: 0.579024
Train Epoch: 15 [35200/50000 (70%)]	Loss: 0.708388
Train Epoch: 15 [38400/50000 (77%)]	Loss: 0.784315
Train Epoch: 15 [41600/50000 (83%)]	Loss: 0.698389
Train Epoch: 15 [44800/50000 (90%)]	Loss: 0.503830
Train Epoch: 15 [48000/50000 (96%)]	Loss: 0.514528

Test set: Average loss: 0.0006, Accuracy: 7832/10000 (78%)

Train Epoch: 16 [0/50000 (0%)]	Loss: 0.682460
Train Epoch: 16 [3200/50000 (6%)]	Loss: 0.661923
Train Epoch: 16 [6400/50000 (13%)]	Loss: 0.772495
Train Epoch: 16 [9600/50000 (19%)]	Loss: 0.366457
Train Epoch: 16 [12800/50000 (26%)]	Loss: 0.722474
Train Epoch: 16 [16000/50000 (32%)]	Loss: 0.867666
Train Epoch: 16 [19200/50000 (38%)]	Loss: 0.773631
Train Epoch: 16 [22400/50000 (45%)]	Loss: 0.710208
Train Epoch: 16 [25600/50000 (51%)]	Loss: 0.735745
Train Epoch: 16 [28800/50000 (58%)]	Loss: 0.630204
Train Epoch: 16 [32000/50000 (64%)]	Loss: 0.521950
Train Epoch: 16 [35200/50000 (70%)]	Loss: 0.806192
Train Epoch: 16 [38400/50000 (77%)]	Loss: 0.585046
Train Epoch: 16 [41600/50000 (83%)]	Loss: 0.487222
Train Epoch: 16 [44800/50000 (90%)]	Loss: 0.541411
Train Epoch: 16 [48000/50000 (96%)]	Loss: 0.508121

Test set: Average loss: 0.0006, Accuracy: 7871/10000 (79%)

Train Epoch: 17 [0/50000 (0%)]	Loss: 0.619085
Train Epoch: 17 [3200/50000 (6%)]	Loss: 0.659995
Train Epoch: 17 [6400/50000 (13%)]	Loss: 0.701889
Train Epoch: 17 [9600/50000 (19%)]	Loss: 0.629969
Train Epoch: 17 [12800/50000 (26%)]	Loss: 0.540469
Train Epoch: 17 [16000/50000 (32%)]	Loss: 0.525834
Train Epoch: 17 [19200/50000 (38%)]	Loss: 0.389497
Train Epoch: 17 [22400/50000 (45%)]	Loss: 0.520418
Train Epoch: 17 [25600/50000 (51%)]	Loss: 0.387658
Train Epoch: 17 [28800/50000 (58%)]	Loss: 0.551459
Train Epoch: 17 [32000/50000 (64%)]	Loss: 0.676662
Train Epoch: 17 [35200/50000 (70%)]	Loss: 0.688166
Train Epoch: 17 [38400/50000 (77%)]	Loss: 0.787890
Train Epoch: 17 [41600/50000 (83%)]	Loss: 0.559818
Train Epoch: 17 [44800/50000 (90%)]	Loss: 0.545432
Train Epoch: 17 [48000/50000 (96%)]	Loss: 0.545114

Test set: Average loss: 0.0006, Accuracy: 7950/10000 (80%)

Train Epoch: 18 [0/50000 (0%)]	Loss: 0.729452
Train Epoch: 18 [3200/50000 (6%)]	Loss: 0.683656
Train Epoch: 18 [6400/50000 (13%)]	Loss: 0.346603
Train Epoch: 18 [9600/50000 (19%)]	Loss: 0.653433
Train Epoch: 18 [12800/50000 (26%)]	Loss: 0.557961
Train Epoch: 18 [16000/50000 (32%)]	Loss: 0.492248
Train Epoch: 18 [19200/50000 (38%)]	Loss: 0.501546
Train Epoch: 18 [22400/50000 (45%)]	Loss: 0.693048
Train Epoch: 18 [25600/50000 (51%)]	Loss: 0.567077
Train Epoch: 18 [28800/50000 (58%)]	Loss: 0.539717
Train Epoch: 18 [32000/50000 (64%)]	Loss: 0.675592
Train Epoch: 18 [35200/50000 (70%)]	Loss: 0.368221
Train Epoch: 18 [38400/50000 (77%)]	Loss: 0.770326
Train Epoch: 18 [41600/50000 (83%)]	Loss: 0.442576
Train Epoch: 18 [44800/50000 (90%)]	Loss: 0.718335
Train Epoch: 18 [48000/50000 (96%)]	Loss: 0.478918

Test set: Average loss: 0.0006, Accuracy: 7942/10000 (79%)

Train Epoch: 19 [0/50000 (0%)]	Loss: 0.701895
Train Epoch: 19 [3200/50000 (6%)]	Loss: 0.434244
Train Epoch: 19 [6400/50000 (13%)]	Loss: 0.421396
Train Epoch: 19 [9600/50000 (19%)]	Loss: 0.639444
Train Epoch: 19 [12800/50000 (26%)]	Loss: 0.566181
Train Epoch: 19 [16000/50000 (32%)]	Loss: 0.518257
Train Epoch: 19 [19200/50000 (38%)]	Loss: 0.697211
Train Epoch: 19 [22400/50000 (45%)]	Loss: 0.664782
Train Epoch: 19 [25600/50000 (51%)]	Loss: 0.398487
Train Epoch: 19 [28800/50000 (58%)]	Loss: 0.517421
Train Epoch: 19 [32000/50000 (64%)]	Loss: 0.623859
Train Epoch: 19 [35200/50000 (70%)]	Loss: 0.387784
Train Epoch: 19 [38400/50000 (77%)]	Loss: 0.827204
Train Epoch: 19 [41600/50000 (83%)]	Loss: 0.544451
Train Epoch: 19 [44800/50000 (90%)]	Loss: 0.688489
Train Epoch: 19 [48000/50000 (96%)]	Loss: 0.674746

Test set: Average loss: 0.0005, Accuracy: 8103/10000 (81%)

Train Epoch: 20 [0/50000 (0%)]	Loss: 0.449061
Train Epoch: 20 [3200/50000 (6%)]	Loss: 0.512449
Train Epoch: 20 [6400/50000 (13%)]	Loss: 0.424711
Train Epoch: 20 [9600/50000 (19%)]	Loss: 0.597952
Train Epoch: 20 [12800/50000 (26%)]	Loss: 0.457585
Train Epoch: 20 [16000/50000 (32%)]	Loss: 0.495593
Train Epoch: 20 [19200/50000 (38%)]	Loss: 0.388036
Train Epoch: 20 [22400/50000 (45%)]	Loss: 0.684809
Train Epoch: 20 [25600/50000 (51%)]	Loss: 0.580254
Train Epoch: 20 [28800/50000 (58%)]	Loss: 0.709418
Train Epoch: 20 [32000/50000 (64%)]	Loss: 0.468697
Train Epoch: 20 [35200/50000 (70%)]	Loss: 0.483167
Train Epoch: 20 [38400/50000 (77%)]	Loss: 0.451606
Train Epoch: 20 [41600/50000 (83%)]	Loss: 0.607928
Train Epoch: 20 [44800/50000 (90%)]	Loss: 0.349101
Train Epoch: 20 [48000/50000 (96%)]	Loss: 0.639609

Test set: Average loss: 0.0006, Accuracy: 8048/10000 (80%)

Train Epoch: 21 [0/50000 (0%)]	Loss: 0.382189
Train Epoch: 21 [3200/50000 (6%)]	Loss: 0.410834
Train Epoch: 21 [6400/50000 (13%)]	Loss: 0.546007
Train Epoch: 21 [9600/50000 (19%)]	Loss: 0.578786
Train Epoch: 21 [12800/50000 (26%)]	Loss: 0.463457
Train Epoch: 21 [16000/50000 (32%)]	Loss: 0.519151
Train Epoch: 21 [19200/50000 (38%)]	Loss: 0.717014
Train Epoch: 21 [22400/50000 (45%)]	Loss: 0.348750
Train Epoch: 21 [25600/50000 (51%)]	Loss: 0.490926
Train Epoch: 21 [28800/50000 (58%)]	Loss: 0.742795
Train Epoch: 21 [32000/50000 (64%)]	Loss: 0.504274
Train Epoch: 21 [35200/50000 (70%)]	Loss: 0.460479
Train Epoch: 21 [38400/50000 (77%)]	Loss: 0.611772
Train Epoch: 21 [41600/50000 (83%)]	Loss: 0.359563
Train Epoch: 21 [44800/50000 (90%)]	Loss: 0.649896
Train Epoch: 21 [48000/50000 (96%)]	Loss: 0.647993

Test set: Average loss: 0.0005, Accuracy: 8203/10000 (82%)

Train Epoch: 22 [0/50000 (0%)]	Loss: 0.423328
Train Epoch: 22 [3200/50000 (6%)]	Loss: 0.281826
Train Epoch: 22 [6400/50000 (13%)]	Loss: 0.424046
Train Epoch: 22 [9600/50000 (19%)]	Loss: 0.494759
Train Epoch: 22 [12800/50000 (26%)]	Loss: 0.377433
Train Epoch: 22 [16000/50000 (32%)]	Loss: 0.541287
Train Epoch: 22 [19200/50000 (38%)]	Loss: 0.798303
Train Epoch: 22 [22400/50000 (45%)]	Loss: 0.466501
Train Epoch: 22 [25600/50000 (51%)]	Loss: 0.539378
Train Epoch: 22 [28800/50000 (58%)]	Loss: 0.508805
Train Epoch: 22 [32000/50000 (64%)]	Loss: 0.806045
Train Epoch: 22 [35200/50000 (70%)]	Loss: 0.623628
Train Epoch: 22 [38400/50000 (77%)]	Loss: 0.552650
Train Epoch: 22 [41600/50000 (83%)]	Loss: 0.393565
Train Epoch: 22 [44800/50000 (90%)]	Loss: 0.738622
Train Epoch: 22 [48000/50000 (96%)]	Loss: 0.407767

Test set: Average loss: 0.0005, Accuracy: 8180/10000 (82%)

Train Epoch: 23 [0/50000 (0%)]	Loss: 0.494798
Train Epoch: 23 [3200/50000 (6%)]	Loss: 0.476006
Train Epoch: 23 [6400/50000 (13%)]	Loss: 0.419853
Train Epoch: 23 [9600/50000 (19%)]	Loss: 0.407317
Train Epoch: 23 [12800/50000 (26%)]	Loss: 0.559261
Train Epoch: 23 [16000/50000 (32%)]	Loss: 0.478287
Train Epoch: 23 [19200/50000 (38%)]	Loss: 0.306269
Train Epoch: 23 [22400/50000 (45%)]	Loss: 0.538791
Train Epoch: 23 [25600/50000 (51%)]	Loss: 0.423054
Train Epoch: 23 [28800/50000 (58%)]	Loss: 0.340608
Train Epoch: 23 [32000/50000 (64%)]	Loss: 0.462950
Train Epoch: 23 [35200/50000 (70%)]	Loss: 0.639433
Train Epoch: 23 [38400/50000 (77%)]	Loss: 0.454048
Train Epoch: 23 [41600/50000 (83%)]	Loss: 0.402994
Train Epoch: 23 [44800/50000 (90%)]	Loss: 0.655822
Train Epoch: 23 [48000/50000 (96%)]	Loss: 0.452298

Test set: Average loss: 0.0005, Accuracy: 8260/10000 (83%)

Train Epoch: 24 [0/50000 (0%)]	Loss: 0.539769
Train Epoch: 24 [3200/50000 (6%)]	Loss: 0.621949
Train Epoch: 24 [6400/50000 (13%)]	Loss: 0.504372
Train Epoch: 24 [9600/50000 (19%)]	Loss: 0.558062
Train Epoch: 24 [12800/50000 (26%)]	Loss: 0.638119
Train Epoch: 24 [16000/50000 (32%)]	Loss: 0.294400
Train Epoch: 24 [19200/50000 (38%)]	Loss: 0.488307
Train Epoch: 24 [22400/50000 (45%)]	Loss: 0.580956
Train Epoch: 24 [25600/50000 (51%)]	Loss: 0.301731
Train Epoch: 24 [28800/50000 (58%)]	Loss: 0.533697
Train Epoch: 24 [32000/50000 (64%)]	Loss: 0.456639
Train Epoch: 24 [35200/50000 (70%)]	Loss: 0.525585
Train Epoch: 24 [38400/50000 (77%)]	Loss: 0.598985
Train Epoch: 24 [41600/50000 (83%)]	Loss: 0.564401
Train Epoch: 24 [44800/50000 (90%)]	Loss: 0.465151
Train Epoch: 24 [48000/50000 (96%)]	Loss: 0.349578

Test set: Average loss: 0.0005, Accuracy: 8288/10000 (83%)

Train Epoch: 25 [0/50000 (0%)]	Loss: 0.458692
Train Epoch: 25 [3200/50000 (6%)]	Loss: 0.303145
Train Epoch: 25 [6400/50000 (13%)]	Loss: 0.561505
Train Epoch: 25 [9600/50000 (19%)]	Loss: 0.361201
Train Epoch: 25 [12800/50000 (26%)]	Loss: 0.424403
Train Epoch: 25 [16000/50000 (32%)]	Loss: 0.384096
Train Epoch: 25 [19200/50000 (38%)]	Loss: 0.565975
Train Epoch: 25 [22400/50000 (45%)]	Loss: 0.512146
Train Epoch: 25 [25600/50000 (51%)]	Loss: 0.419401
Train Epoch: 25 [28800/50000 (58%)]	Loss: 0.463437
Train Epoch: 25 [32000/50000 (64%)]	Loss: 0.485891
Train Epoch: 25 [35200/50000 (70%)]	Loss: 0.519831
Train Epoch: 25 [38400/50000 (77%)]	Loss: 0.490249
Train Epoch: 25 [41600/50000 (83%)]	Loss: 0.384376
Train Epoch: 25 [44800/50000 (90%)]	Loss: 0.634946
Train Epoch: 25 [48000/50000 (96%)]	Loss: 0.549610

Test set: Average loss: 0.0005, Accuracy: 8244/10000 (82%)

Train Epoch: 26 [0/50000 (0%)]	Loss: 0.315904
Train Epoch: 26 [3200/50000 (6%)]	Loss: 0.417275
Train Epoch: 26 [6400/50000 (13%)]	Loss: 0.398674
Train Epoch: 26 [9600/50000 (19%)]	Loss: 0.342173
Train Epoch: 26 [12800/50000 (26%)]	Loss: 0.410380
Train Epoch: 26 [16000/50000 (32%)]	Loss: 0.448030
Train Epoch: 26 [19200/50000 (38%)]	Loss: 0.408213
Train Epoch: 26 [22400/50000 (45%)]	Loss: 0.302707
Train Epoch: 26 [25600/50000 (51%)]	Loss: 0.537325
Train Epoch: 26 [28800/50000 (58%)]	Loss: 0.434640
Train Epoch: 26 [32000/50000 (64%)]	Loss: 0.394440
Train Epoch: 26 [35200/50000 (70%)]	Loss: 0.648100
Train Epoch: 26 [38400/50000 (77%)]	Loss: 0.275888
Train Epoch: 26 [41600/50000 (83%)]	Loss: 0.392762
Train Epoch: 26 [44800/50000 (90%)]	Loss: 0.319898
Train Epoch: 26 [48000/50000 (96%)]	Loss: 0.550066

Test set: Average loss: 0.0005, Accuracy: 8314/10000 (83%)

Train Epoch: 27 [0/50000 (0%)]	Loss: 0.491522
Train Epoch: 27 [3200/50000 (6%)]	Loss: 0.510896
Train Epoch: 27 [6400/50000 (13%)]	Loss: 0.476396
Train Epoch: 27 [9600/50000 (19%)]	Loss: 0.586539
Train Epoch: 27 [12800/50000 (26%)]	Loss: 0.589209
Train Epoch: 27 [16000/50000 (32%)]	Loss: 0.316532
Train Epoch: 27 [19200/50000 (38%)]	Loss: 0.665320
Train Epoch: 27 [22400/50000 (45%)]	Loss: 0.411884
Train Epoch: 27 [25600/50000 (51%)]	Loss: 0.400705
Train Epoch: 27 [28800/50000 (58%)]	Loss: 0.380897
Train Epoch: 27 [32000/50000 (64%)]	Loss: 0.624455
Train Epoch: 27 [35200/50000 (70%)]	Loss: 0.436917
Train Epoch: 27 [38400/50000 (77%)]	Loss: 0.459589
Train Epoch: 27 [41600/50000 (83%)]	Loss: 0.454577
Train Epoch: 27 [44800/50000 (90%)]	Loss: 0.325131
Train Epoch: 27 [48000/50000 (96%)]	Loss: 0.469898

Test set: Average loss: 0.0005, Accuracy: 8307/10000 (83%)

Train Epoch: 28 [0/50000 (0%)]	Loss: 0.354318
Train Epoch: 28 [3200/50000 (6%)]	Loss: 0.346846
Train Epoch: 28 [6400/50000 (13%)]	Loss: 0.340811
Train Epoch: 28 [9600/50000 (19%)]	Loss: 0.414842
Train Epoch: 28 [12800/50000 (26%)]	Loss: 0.345586
Train Epoch: 28 [16000/50000 (32%)]	Loss: 0.329755
Train Epoch: 28 [19200/50000 (38%)]	Loss: 0.463873
Train Epoch: 28 [22400/50000 (45%)]	Loss: 0.263623
Train Epoch: 28 [25600/50000 (51%)]	Loss: 0.372932
Train Epoch: 28 [28800/50000 (58%)]	Loss: 0.683296
Train Epoch: 28 [32000/50000 (64%)]	Loss: 0.419047
Train Epoch: 28 [35200/50000 (70%)]	Loss: 0.535345
Train Epoch: 28 [38400/50000 (77%)]	Loss: 0.485291
Train Epoch: 28 [41600/50000 (83%)]	Loss: 0.311327
Train Epoch: 28 [44800/50000 (90%)]	Loss: 0.483736
Train Epoch: 28 [48000/50000 (96%)]	Loss: 0.492924

Test set: Average loss: 0.0005, Accuracy: 8345/10000 (83%)

Train Epoch: 29 [0/50000 (0%)]	Loss: 0.379697
Train Epoch: 29 [3200/50000 (6%)]	Loss: 0.366412
Train Epoch: 29 [6400/50000 (13%)]	Loss: 0.395108
Train Epoch: 29 [9600/50000 (19%)]	Loss: 0.389369
Train Epoch: 29 [12800/50000 (26%)]	Loss: 0.471941
Train Epoch: 29 [16000/50000 (32%)]	Loss: 0.561915
Train Epoch: 29 [19200/50000 (38%)]	Loss: 0.334575
Train Epoch: 29 [22400/50000 (45%)]	Loss: 0.356305
Train Epoch: 29 [25600/50000 (51%)]	Loss: 0.367838
Train Epoch: 29 [28800/50000 (58%)]	Loss: 0.628372
Train Epoch: 29 [32000/50000 (64%)]	Loss: 0.460470
Train Epoch: 29 [35200/50000 (70%)]	Loss: 0.406459
Train Epoch: 29 [38400/50000 (77%)]	Loss: 0.634181
Train Epoch: 29 [41600/50000 (83%)]	Loss: 0.362660
Train Epoch: 29 [44800/50000 (90%)]	Loss: 0.379431
Train Epoch: 29 [48000/50000 (96%)]	Loss: 0.547923

Test set: Average loss: 0.0005, Accuracy: 8298/10000 (83%)

Train Epoch: 30 [0/50000 (0%)]	Loss: 0.282834
Train Epoch: 30 [3200/50000 (6%)]	Loss: 0.354016
Train Epoch: 30 [6400/50000 (13%)]	Loss: 0.468649
Train Epoch: 30 [9600/50000 (19%)]	Loss: 0.508764
Train Epoch: 30 [12800/50000 (26%)]	Loss: 0.384197
Train Epoch: 30 [16000/50000 (32%)]	Loss: 0.343985
Train Epoch: 30 [19200/50000 (38%)]	Loss: 0.323563
Train Epoch: 30 [22400/50000 (45%)]	Loss: 0.399368
Train Epoch: 30 [25600/50000 (51%)]	Loss: 0.551443
Train Epoch: 30 [28800/50000 (58%)]	Loss: 0.284536
Train Epoch: 30 [32000/50000 (64%)]	Loss: 0.459723
Train Epoch: 30 [35200/50000 (70%)]	Loss: 0.416046
Train Epoch: 30 [38400/50000 (77%)]	Loss: 0.351463
Train Epoch: 30 [41600/50000 (83%)]	Loss: 0.701866
Train Epoch: 30 [44800/50000 (90%)]	Loss: 0.511535
Train Epoch: 30 [48000/50000 (96%)]	Loss: 0.503353

Test set: Average loss: 0.0005, Accuracy: 8368/10000 (84%)

Train Epoch: 31 [0/50000 (0%)]	Loss: 0.439880
Train Epoch: 31 [3200/50000 (6%)]	Loss: 0.373005
Train Epoch: 31 [6400/50000 (13%)]	Loss: 0.227012
Train Epoch: 31 [9600/50000 (19%)]	Loss: 0.253213
Train Epoch: 31 [12800/50000 (26%)]	Loss: 0.298186
Train Epoch: 31 [16000/50000 (32%)]	Loss: 0.538647
Train Epoch: 31 [19200/50000 (38%)]	Loss: 0.467990
Train Epoch: 31 [22400/50000 (45%)]	Loss: 0.413477
Train Epoch: 31 [25600/50000 (51%)]	Loss: 0.357294
Train Epoch: 31 [28800/50000 (58%)]	Loss: 0.382837
Train Epoch: 31 [32000/50000 (64%)]	Loss: 0.260419
Train Epoch: 31 [35200/50000 (70%)]	Loss: 0.315696
Train Epoch: 31 [38400/50000 (77%)]	Loss: 0.463140
Train Epoch: 31 [41600/50000 (83%)]	Loss: 0.385512
Train Epoch: 31 [44800/50000 (90%)]	Loss: 0.308795
Train Epoch: 31 [48000/50000 (96%)]	Loss: 0.465333

Test set: Average loss: 0.0005, Accuracy: 8382/10000 (84%)

Train Epoch: 32 [0/50000 (0%)]	Loss: 0.338543
Train Epoch: 32 [3200/50000 (6%)]	Loss: 0.578178
Train Epoch: 32 [6400/50000 (13%)]	Loss: 0.364863
Train Epoch: 32 [9600/50000 (19%)]	Loss: 0.475581
Train Epoch: 32 [12800/50000 (26%)]	Loss: 0.439603
Train Epoch: 32 [16000/50000 (32%)]	Loss: 0.415521
Train Epoch: 32 [19200/50000 (38%)]	Loss: 0.467451
Train Epoch: 32 [22400/50000 (45%)]	Loss: 0.452406
Train Epoch: 32 [25600/50000 (51%)]	Loss: 0.379288
Train Epoch: 32 [28800/50000 (58%)]	Loss: 0.454722
Train Epoch: 32 [32000/50000 (64%)]	Loss: 0.411628
Train Epoch: 32 [35200/50000 (70%)]	Loss: 0.383190
Train Epoch: 32 [38400/50000 (77%)]	Loss: 0.348719
Train Epoch: 32 [41600/50000 (83%)]	Loss: 0.654250
Train Epoch: 32 [44800/50000 (90%)]	Loss: 0.462645
Train Epoch: 32 [48000/50000 (96%)]	Loss: 0.431419

Test set: Average loss: 0.0005, Accuracy: 8416/10000 (84%)

Train Epoch: 33 [0/50000 (0%)]	Loss: 0.308951
Train Epoch: 33 [3200/50000 (6%)]	Loss: 0.451398
Train Epoch: 33 [6400/50000 (13%)]	Loss: 0.513581
Train Epoch: 33 [9600/50000 (19%)]	Loss: 0.436613
Train Epoch: 33 [12800/50000 (26%)]	Loss: 0.296716
Train Epoch: 33 [16000/50000 (32%)]	Loss: 0.395601
Train Epoch: 33 [19200/50000 (38%)]	Loss: 0.512969
Train Epoch: 33 [22400/50000 (45%)]	Loss: 0.480429
Train Epoch: 33 [25600/50000 (51%)]	Loss: 0.251540
Train Epoch: 33 [28800/50000 (58%)]	Loss: 0.272501
Train Epoch: 33 [32000/50000 (64%)]	Loss: 0.341187
Train Epoch: 33 [35200/50000 (70%)]	Loss: 0.525852
Train Epoch: 33 [38400/50000 (77%)]	Loss: 0.212230
Train Epoch: 33 [41600/50000 (83%)]	Loss: 0.362411
Train Epoch: 33 [44800/50000 (90%)]	Loss: 0.468962
Train Epoch: 33 [48000/50000 (96%)]	Loss: 0.388144

Test set: Average loss: 0.0005, Accuracy: 8426/10000 (84%)

Train Epoch: 34 [0/50000 (0%)]	Loss: 0.470809
Train Epoch: 34 [3200/50000 (6%)]	Loss: 0.292973
Train Epoch: 34 [6400/50000 (13%)]	Loss: 0.315827
Train Epoch: 34 [9600/50000 (19%)]	Loss: 0.341512
Train Epoch: 34 [12800/50000 (26%)]	Loss: 0.339200
Train Epoch: 34 [16000/50000 (32%)]	Loss: 0.335483
Train Epoch: 34 [19200/50000 (38%)]	Loss: 0.415892
Train Epoch: 34 [22400/50000 (45%)]	Loss: 0.391352
Train Epoch: 34 [25600/50000 (51%)]	Loss: 0.476267
Train Epoch: 34 [28800/50000 (58%)]	Loss: 0.584449
Train Epoch: 34 [32000/50000 (64%)]	Loss: 0.597011
Train Epoch: 34 [35200/50000 (70%)]	Loss: 0.481900
Train Epoch: 34 [38400/50000 (77%)]	Loss: 0.270739
Train Epoch: 34 [41600/50000 (83%)]	Loss: 0.445804
Train Epoch: 34 [44800/50000 (90%)]	Loss: 0.377766
Train Epoch: 34 [48000/50000 (96%)]	Loss: 0.341191

Test set: Average loss: 0.0004, Accuracy: 8510/10000 (85%)

Train Epoch: 35 [0/50000 (0%)]	Loss: 0.413042
Train Epoch: 35 [3200/50000 (6%)]	Loss: 0.285953
Train Epoch: 35 [6400/50000 (13%)]	Loss: 0.342158
Train Epoch: 35 [9600/50000 (19%)]	Loss: 0.296243
Train Epoch: 35 [12800/50000 (26%)]	Loss: 0.234557
Train Epoch: 35 [16000/50000 (32%)]	Loss: 0.373365
Train Epoch: 35 [19200/50000 (38%)]	Loss: 0.328865
Train Epoch: 35 [22400/50000 (45%)]	Loss: 0.285354
Train Epoch: 35 [25600/50000 (51%)]	Loss: 0.560276
Train Epoch: 35 [28800/50000 (58%)]	Loss: 0.433663
Train Epoch: 35 [32000/50000 (64%)]	Loss: 0.492710
Train Epoch: 35 [35200/50000 (70%)]	Loss: 0.272514
Train Epoch: 35 [38400/50000 (77%)]	Loss: 0.428727
Train Epoch: 35 [41600/50000 (83%)]	Loss: 0.487052
Train Epoch: 35 [44800/50000 (90%)]	Loss: 0.231890
Train Epoch: 35 [48000/50000 (96%)]	Loss: 0.637935

Test set: Average loss: 0.0005, Accuracy: 8439/10000 (84%)

Train Epoch: 36 [0/50000 (0%)]	Loss: 0.272975
Train Epoch: 36 [3200/50000 (6%)]	Loss: 0.356364
Train Epoch: 36 [6400/50000 (13%)]	Loss: 0.472487
Train Epoch: 36 [9600/50000 (19%)]	Loss: 0.404265
Train Epoch: 36 [12800/50000 (26%)]	Loss: 0.477668
Train Epoch: 36 [16000/50000 (32%)]	Loss: 0.474974
Train Epoch: 36 [19200/50000 (38%)]	Loss: 0.472740
Train Epoch: 36 [22400/50000 (45%)]	Loss: 0.899845
Train Epoch: 36 [25600/50000 (51%)]	Loss: 0.414988
Train Epoch: 36 [28800/50000 (58%)]	Loss: 0.401579
Train Epoch: 36 [32000/50000 (64%)]	Loss: 0.241068
Train Epoch: 36 [35200/50000 (70%)]	Loss: 0.245377
Train Epoch: 36 [38400/50000 (77%)]	Loss: 0.484300
Train Epoch: 36 [41600/50000 (83%)]	Loss: 0.288465
Train Epoch: 36 [44800/50000 (90%)]	Loss: 0.415399
Train Epoch: 36 [48000/50000 (96%)]	Loss: 0.296933

Test set: Average loss: 0.0005, Accuracy: 8377/10000 (84%)

Train Epoch: 37 [0/50000 (0%)]	Loss: 0.287222
Train Epoch: 37 [3200/50000 (6%)]	Loss: 0.420537
Train Epoch: 37 [6400/50000 (13%)]	Loss: 0.218400
Train Epoch: 37 [9600/50000 (19%)]	Loss: 0.484696
Train Epoch: 37 [12800/50000 (26%)]	Loss: 0.317092
Train Epoch: 37 [16000/50000 (32%)]	Loss: 0.276591
Train Epoch: 37 [19200/50000 (38%)]	Loss: 0.429363
Train Epoch: 37 [22400/50000 (45%)]	Loss: 0.393622
Train Epoch: 37 [25600/50000 (51%)]	Loss: 0.288382
Train Epoch: 37 [28800/50000 (58%)]	Loss: 0.405531
Train Epoch: 37 [32000/50000 (64%)]	Loss: 0.297877
Train Epoch: 37 [35200/50000 (70%)]	Loss: 0.498675
Train Epoch: 37 [38400/50000 (77%)]	Loss: 0.427673
Train Epoch: 37 [41600/50000 (83%)]	Loss: 0.408043
Train Epoch: 37 [44800/50000 (90%)]	Loss: 0.344681
Train Epoch: 37 [48000/50000 (96%)]	Loss: 0.371364

Test set: Average loss: 0.0005, Accuracy: 8460/10000 (85%)

Train Epoch: 38 [0/50000 (0%)]	Loss: 0.310353
Train Epoch: 38 [3200/50000 (6%)]	Loss: 0.222550
Train Epoch: 38 [6400/50000 (13%)]	Loss: 0.327920
Train Epoch: 38 [9600/50000 (19%)]	Loss: 0.355891
Train Epoch: 38 [12800/50000 (26%)]	Loss: 0.212134
Train Epoch: 38 [16000/50000 (32%)]	Loss: 0.565164
Train Epoch: 38 [19200/50000 (38%)]	Loss: 0.245797
Train Epoch: 38 [22400/50000 (45%)]	Loss: 0.437994
Train Epoch: 38 [25600/50000 (51%)]	Loss: 0.332518
Train Epoch: 38 [28800/50000 (58%)]	Loss: 0.364268
Train Epoch: 38 [32000/50000 (64%)]	Loss: 0.544069
Train Epoch: 38 [35200/50000 (70%)]	Loss: 0.185911
Train Epoch: 38 [38400/50000 (77%)]	Loss: 0.257966
Train Epoch: 38 [41600/50000 (83%)]	Loss: 0.275556
Train Epoch: 38 [44800/50000 (90%)]	Loss: 0.283971
Train Epoch: 38 [48000/50000 (96%)]	Loss: 0.391635

Test set: Average loss: 0.0005, Accuracy: 8500/10000 (85%)

Train Epoch: 39 [0/50000 (0%)]	Loss: 0.344756
Train Epoch: 39 [3200/50000 (6%)]	Loss: 0.552320
Train Epoch: 39 [6400/50000 (13%)]	Loss: 0.460421
Train Epoch: 39 [9600/50000 (19%)]	Loss: 0.359659
Train Epoch: 39 [12800/50000 (26%)]	Loss: 0.264274
Train Epoch: 39 [16000/50000 (32%)]	Loss: 0.498504
Train Epoch: 39 [19200/50000 (38%)]	Loss: 0.237813
Train Epoch: 39 [22400/50000 (45%)]	Loss: 0.346504
Train Epoch: 39 [25600/50000 (51%)]	Loss: 0.351877
Train Epoch: 39 [28800/50000 (58%)]	Loss: 0.395000
Train Epoch: 39 [32000/50000 (64%)]	Loss: 0.452296
Train Epoch: 39 [35200/50000 (70%)]	Loss: 0.491426
Train Epoch: 39 [38400/50000 (77%)]	Loss: 0.418119
Train Epoch: 39 [41600/50000 (83%)]	Loss: 0.340683
Train Epoch: 39 [44800/50000 (90%)]	Loss: 0.266060
Train Epoch: 39 [48000/50000 (96%)]	Loss: 0.331033

Test set: Average loss: 0.0004, Accuracy: 8508/10000 (85%)

Train Epoch: 40 [0/50000 (0%)]	Loss: 0.351674
Train Epoch: 40 [3200/50000 (6%)]	Loss: 0.531001
Train Epoch: 40 [6400/50000 (13%)]	Loss: 0.537850
Train Epoch: 40 [9600/50000 (19%)]	Loss: 0.277187
Train Epoch: 40 [12800/50000 (26%)]	Loss: 0.334670
Train Epoch: 40 [16000/50000 (32%)]	Loss: 0.386665
Train Epoch: 40 [19200/50000 (38%)]	Loss: 0.348265
Train Epoch: 40 [22400/50000 (45%)]	Loss: 0.428122
Train Epoch: 40 [25600/50000 (51%)]	Loss: 0.250640
Train Epoch: 40 [28800/50000 (58%)]	Loss: 0.483391
Train Epoch: 40 [32000/50000 (64%)]	Loss: 0.304006
Train Epoch: 40 [35200/50000 (70%)]	Loss: 0.327592
Train Epoch: 40 [38400/50000 (77%)]	Loss: 0.377904
Train Epoch: 40 [41600/50000 (83%)]	Loss: 0.297541
Train Epoch: 40 [44800/50000 (90%)]	Loss: 0.304014
Train Epoch: 40 [48000/50000 (96%)]	Loss: 0.498881

Test set: Average loss: 0.0004, Accuracy: 8568/10000 (86%)

Train Epoch: 41 [0/50000 (0%)]	Loss: 0.136099
Train Epoch: 41 [3200/50000 (6%)]	Loss: 0.445544
Train Epoch: 41 [6400/50000 (13%)]	Loss: 0.582364
Train Epoch: 41 [9600/50000 (19%)]	Loss: 0.377064
Train Epoch: 41 [12800/50000 (26%)]	Loss: 0.402665
Train Epoch: 41 [16000/50000 (32%)]	Loss: 0.237122
Train Epoch: 41 [19200/50000 (38%)]	Loss: 0.301202
Train Epoch: 41 [22400/50000 (45%)]	Loss: 0.450821
Train Epoch: 41 [25600/50000 (51%)]	Loss: 0.403564
Train Epoch: 41 [28800/50000 (58%)]	Loss: 0.271535
Train Epoch: 41 [32000/50000 (64%)]	Loss: 0.599823
Train Epoch: 41 [35200/50000 (70%)]	Loss: 0.236365
Train Epoch: 41 [38400/50000 (77%)]	Loss: 0.332047
Train Epoch: 41 [41600/50000 (83%)]	Loss: 0.336418
Train Epoch: 41 [44800/50000 (90%)]	Loss: 0.350699
Train Epoch: 41 [48000/50000 (96%)]	Loss: 0.289333

Test set: Average loss: 0.0004, Accuracy: 8558/10000 (86%)

Train Epoch: 42 [0/50000 (0%)]	Loss: 0.264191
Train Epoch: 42 [3200/50000 (6%)]	Loss: 0.285347
Train Epoch: 42 [6400/50000 (13%)]	Loss: 0.397140
Train Epoch: 42 [9600/50000 (19%)]	Loss: 0.307457
Train Epoch: 42 [12800/50000 (26%)]	Loss: 0.268938
Train Epoch: 42 [16000/50000 (32%)]	Loss: 0.420426
Train Epoch: 42 [19200/50000 (38%)]	Loss: 0.300912
Train Epoch: 42 [22400/50000 (45%)]	Loss: 0.346275
Train Epoch: 42 [25600/50000 (51%)]	Loss: 0.177376
Train Epoch: 42 [28800/50000 (58%)]	Loss: 0.440091
Train Epoch: 42 [32000/50000 (64%)]	Loss: 0.436295
Train Epoch: 42 [35200/50000 (70%)]	Loss: 0.283279
Train Epoch: 42 [38400/50000 (77%)]	Loss: 0.274496
Train Epoch: 42 [41600/50000 (83%)]	Loss: 0.257287
Train Epoch: 42 [44800/50000 (90%)]	Loss: 0.257789
Train Epoch: 42 [48000/50000 (96%)]	Loss: 0.371783

Test set: Average loss: 0.0004, Accuracy: 8532/10000 (85%)

Train Epoch: 43 [0/50000 (0%)]	Loss: 0.180113
Train Epoch: 43 [3200/50000 (6%)]	Loss: 0.287294
Train Epoch: 43 [6400/50000 (13%)]	Loss: 0.422563
Train Epoch: 43 [9600/50000 (19%)]	Loss: 0.369374
Train Epoch: 43 [12800/50000 (26%)]	Loss: 0.224380
Train Epoch: 43 [16000/50000 (32%)]	Loss: 0.400837
Train Epoch: 43 [19200/50000 (38%)]	Loss: 0.274421
Train Epoch: 43 [22400/50000 (45%)]	Loss: 0.230642
Train Epoch: 43 [25600/50000 (51%)]	Loss: 0.244129
Train Epoch: 43 [28800/50000 (58%)]	Loss: 0.400968
Train Epoch: 43 [32000/50000 (64%)]	Loss: 0.281038
Train Epoch: 43 [35200/50000 (70%)]	Loss: 0.361790
Train Epoch: 43 [38400/50000 (77%)]	Loss: 0.531490
Train Epoch: 43 [41600/50000 (83%)]	Loss: 0.587921
Train Epoch: 43 [44800/50000 (90%)]	Loss: 0.168745
Train Epoch: 43 [48000/50000 (96%)]	Loss: 0.278924

Test set: Average loss: 0.0004, Accuracy: 8541/10000 (85%)

Train Epoch: 44 [0/50000 (0%)]	Loss: 0.415646
Train Epoch: 44 [3200/50000 (6%)]	Loss: 0.223115
Train Epoch: 44 [6400/50000 (13%)]	Loss: 0.205286
Train Epoch: 44 [9600/50000 (19%)]	Loss: 0.383660
Train Epoch: 44 [12800/50000 (26%)]	Loss: 0.364664
Train Epoch: 44 [16000/50000 (32%)]	Loss: 0.350097
Train Epoch: 44 [19200/50000 (38%)]	Loss: 0.354101
Train Epoch: 44 [22400/50000 (45%)]	Loss: 0.308728
Train Epoch: 44 [25600/50000 (51%)]	Loss: 0.151034
Train Epoch: 44 [28800/50000 (58%)]	Loss: 0.396296
Train Epoch: 44 [32000/50000 (64%)]	Loss: 0.531699
Train Epoch: 44 [35200/50000 (70%)]	Loss: 0.555584
Train Epoch: 44 [38400/50000 (77%)]	Loss: 0.174618
Train Epoch: 44 [41600/50000 (83%)]	Loss: 0.310184
Train Epoch: 44 [44800/50000 (90%)]	Loss: 0.525479
Train Epoch: 44 [48000/50000 (96%)]	Loss: 0.358490

Test set: Average loss: 0.0004, Accuracy: 8548/10000 (85%)

Train Epoch: 45 [0/50000 (0%)]	Loss: 0.179197
Train Epoch: 45 [3200/50000 (6%)]	Loss: 0.402346
Train Epoch: 45 [6400/50000 (13%)]	Loss: 0.248649
Train Epoch: 45 [9600/50000 (19%)]	Loss: 0.378713
Train Epoch: 45 [12800/50000 (26%)]	Loss: 0.389881
Train Epoch: 45 [16000/50000 (32%)]	Loss: 0.286712
Train Epoch: 45 [19200/50000 (38%)]	Loss: 0.275102
Train Epoch: 45 [22400/50000 (45%)]	Loss: 0.235631
Train Epoch: 45 [25600/50000 (51%)]	Loss: 0.230594
Train Epoch: 45 [28800/50000 (58%)]	Loss: 0.179629
Train Epoch: 45 [32000/50000 (64%)]	Loss: 0.473359
Train Epoch: 45 [35200/50000 (70%)]	Loss: 0.613725
Train Epoch: 45 [38400/50000 (77%)]	Loss: 0.286955
Train Epoch: 45 [41600/50000 (83%)]	Loss: 0.302458
Train Epoch: 45 [44800/50000 (90%)]	Loss: 0.280989
Train Epoch: 45 [48000/50000 (96%)]	Loss: 0.410643

Test set: Average loss: 0.0005, Accuracy: 8574/10000 (86%)

Train Epoch: 46 [0/50000 (0%)]	Loss: 0.173339
Train Epoch: 46 [3200/50000 (6%)]	Loss: 0.160646
Train Epoch: 46 [6400/50000 (13%)]	Loss: 0.282705
Train Epoch: 46 [9600/50000 (19%)]	Loss: 0.306650
Train Epoch: 46 [12800/50000 (26%)]	Loss: 0.279016
Train Epoch: 46 [16000/50000 (32%)]	Loss: 0.326691
Train Epoch: 46 [19200/50000 (38%)]	Loss: 0.376828
Train Epoch: 46 [22400/50000 (45%)]	Loss: 0.466023
Train Epoch: 46 [25600/50000 (51%)]	Loss: 0.305296
Train Epoch: 46 [28800/50000 (58%)]	Loss: 0.313720
Train Epoch: 46 [32000/50000 (64%)]	Loss: 0.403048
Train Epoch: 46 [35200/50000 (70%)]	Loss: 0.318341
Train Epoch: 46 [38400/50000 (77%)]	Loss: 0.429855
Train Epoch: 46 [41600/50000 (83%)]	Loss: 0.321539
Train Epoch: 46 [44800/50000 (90%)]	Loss: 0.412353
Train Epoch: 46 [48000/50000 (96%)]	Loss: 0.340504

Test set: Average loss: 0.0005, Accuracy: 8547/10000 (85%)

Train Epoch: 47 [0/50000 (0%)]	Loss: 0.376814
Train Epoch: 47 [3200/50000 (6%)]	Loss: 0.295720
Train Epoch: 47 [6400/50000 (13%)]	Loss: 0.334566
Train Epoch: 47 [9600/50000 (19%)]	Loss: 0.250882
Train Epoch: 47 [12800/50000 (26%)]	Loss: 0.456343
Train Epoch: 47 [16000/50000 (32%)]	Loss: 0.251035
Train Epoch: 47 [19200/50000 (38%)]	Loss: 0.238264
Train Epoch: 47 [22400/50000 (45%)]	Loss: 0.387214
Train Epoch: 47 [25600/50000 (51%)]	Loss: 0.274489
Train Epoch: 47 [28800/50000 (58%)]	Loss: 0.410733
Train Epoch: 47 [32000/50000 (64%)]	Loss: 0.299706
Train Epoch: 47 [35200/50000 (70%)]	Loss: 0.494194
Train Epoch: 47 [38400/50000 (77%)]	Loss: 0.385927
Train Epoch: 47 [41600/50000 (83%)]	Loss: 0.370522
Train Epoch: 47 [44800/50000 (90%)]	Loss: 0.383629
Train Epoch: 47 [48000/50000 (96%)]	Loss: 0.353649

Test set: Average loss: 0.0005, Accuracy: 8544/10000 (85%)

Train Epoch: 48 [0/50000 (0%)]	Loss: 0.185231
Train Epoch: 48 [3200/50000 (6%)]	Loss: 0.237544
Train Epoch: 48 [6400/50000 (13%)]	Loss: 0.282947
Train Epoch: 48 [9600/50000 (19%)]	Loss: 0.224711
Train Epoch: 48 [12800/50000 (26%)]	Loss: 0.296092
Train Epoch: 48 [16000/50000 (32%)]	Loss: 0.161460
Train Epoch: 48 [19200/50000 (38%)]	Loss: 0.475963
Train Epoch: 48 [22400/50000 (45%)]	Loss: 0.340348
Train Epoch: 48 [25600/50000 (51%)]	Loss: 0.451483
Train Epoch: 48 [28800/50000 (58%)]	Loss: 0.392943
Train Epoch: 48 [32000/50000 (64%)]	Loss: 0.223599
Train Epoch: 48 [35200/50000 (70%)]	Loss: 0.444971
Train Epoch: 48 [38400/50000 (77%)]	Loss: 0.322033
Train Epoch: 48 [41600/50000 (83%)]	Loss: 0.247726
Train Epoch: 48 [44800/50000 (90%)]	Loss: 0.178388
Train Epoch: 48 [48000/50000 (96%)]	Loss: 0.423334

Test set: Average loss: 0.0004, Accuracy: 8538/10000 (85%)

Train Epoch: 49 [0/50000 (0%)]	Loss: 0.342342
Train Epoch: 49 [3200/50000 (6%)]	Loss: 0.324905
Train Epoch: 49 [6400/50000 (13%)]	Loss: 0.211049
Train Epoch: 49 [9600/50000 (19%)]	Loss: 0.269260
Train Epoch: 49 [12800/50000 (26%)]	Loss: 0.200719
Train Epoch: 49 [16000/50000 (32%)]	Loss: 0.302860
Train Epoch: 49 [19200/50000 (38%)]	Loss: 0.470818
Train Epoch: 49 [22400/50000 (45%)]	Loss: 0.254043
Train Epoch: 49 [25600/50000 (51%)]	Loss: 0.375321
Train Epoch: 49 [28800/50000 (58%)]	Loss: 0.242082
Train Epoch: 49 [32000/50000 (64%)]	Loss: 0.253587
Train Epoch: 49 [35200/50000 (70%)]	Loss: 0.332161
Train Epoch: 49 [38400/50000 (77%)]	Loss: 0.373205
Train Epoch: 49 [41600/50000 (83%)]	Loss: 0.299637
Train Epoch: 49 [44800/50000 (90%)]	Loss: 0.352293
Train Epoch: 49 [48000/50000 (96%)]	Loss: 0.418618

Test set: Average loss: 0.0004, Accuracy: 8588/10000 (86%)

Train Epoch: 50 [0/50000 (0%)]	Loss: 0.362931
Train Epoch: 50 [3200/50000 (6%)]	Loss: 0.389020
Train Epoch: 50 [6400/50000 (13%)]	Loss: 0.227735
Train Epoch: 50 [9600/50000 (19%)]	Loss: 0.269129
Train Epoch: 50 [12800/50000 (26%)]	Loss: 0.450320
Train Epoch: 50 [16000/50000 (32%)]	Loss: 0.308623
Train Epoch: 50 [19200/50000 (38%)]	Loss: 0.481509
Train Epoch: 50 [22400/50000 (45%)]	Loss: 0.382956
Train Epoch: 50 [25600/50000 (51%)]	Loss: 0.390962
Train Epoch: 50 [28800/50000 (58%)]	Loss: 0.391034
Train Epoch: 50 [32000/50000 (64%)]	Loss: 0.215285
Train Epoch: 50 [35200/50000 (70%)]	Loss: 0.409959
Train Epoch: 50 [38400/50000 (77%)]	Loss: 0.411905
Train Epoch: 50 [41600/50000 (83%)]	Loss: 0.280340
Train Epoch: 50 [44800/50000 (90%)]	Loss: 0.471584
Train Epoch: 50 [48000/50000 (96%)]	Loss: 0.302059

Test set: Average loss: 0.0004, Accuracy: 8589/10000 (86%)

Train Epoch: 51 [0/50000 (0%)]	Loss: 0.183352
Train Epoch: 51 [3200/50000 (6%)]	Loss: 0.155133
Train Epoch: 51 [6400/50000 (13%)]	Loss: 0.232216
Train Epoch: 51 [9600/50000 (19%)]	Loss: 0.153114
Train Epoch: 51 [12800/50000 (26%)]	Loss: 0.285795
Train Epoch: 51 [16000/50000 (32%)]	Loss: 0.247504
Train Epoch: 51 [19200/50000 (38%)]	Loss: 0.459478
Train Epoch: 51 [22400/50000 (45%)]	Loss: 0.316676
Train Epoch: 51 [25600/50000 (51%)]	Loss: 0.326989
Train Epoch: 51 [28800/50000 (58%)]	Loss: 0.319442
Train Epoch: 51 [32000/50000 (64%)]	Loss: 0.162463
Train Epoch: 51 [35200/50000 (70%)]	Loss: 0.128593
Train Epoch: 51 [38400/50000 (77%)]	Loss: 0.393835
Train Epoch: 51 [41600/50000 (83%)]	Loss: 0.311889
Train Epoch: 51 [44800/50000 (90%)]	Loss: 0.336700
Train Epoch: 51 [48000/50000 (96%)]	Loss: 0.439908

Test set: Average loss: 0.0004, Accuracy: 8555/10000 (86%)

Train Epoch: 52 [0/50000 (0%)]	Loss: 0.247973
Train Epoch: 52 [3200/50000 (6%)]	Loss: 0.119547
Train Epoch: 52 [6400/50000 (13%)]	Loss: 0.199605
Train Epoch: 52 [9600/50000 (19%)]	Loss: 0.243861
Train Epoch: 52 [12800/50000 (26%)]	Loss: 0.258074
Train Epoch: 52 [16000/50000 (32%)]	Loss: 0.238430
Train Epoch: 52 [19200/50000 (38%)]	Loss: 0.378007
Train Epoch: 52 [22400/50000 (45%)]	Loss: 0.319081
Train Epoch: 52 [25600/50000 (51%)]	Loss: 0.393604
Train Epoch: 52 [28800/50000 (58%)]	Loss: 0.098426
Train Epoch: 52 [32000/50000 (64%)]	Loss: 0.339286
Train Epoch: 52 [35200/50000 (70%)]	Loss: 0.263538
Train Epoch: 52 [38400/50000 (77%)]	Loss: 0.137156
Train Epoch: 52 [41600/50000 (83%)]	Loss: 0.253768
Train Epoch: 52 [44800/50000 (90%)]	Loss: 0.227983
Train Epoch: 52 [48000/50000 (96%)]	Loss: 0.319921

Test set: Average loss: 0.0004, Accuracy: 8586/10000 (86%)

Train Epoch: 53 [0/50000 (0%)]	Loss: 0.253327
Train Epoch: 53 [3200/50000 (6%)]	Loss: 0.451002
Train Epoch: 53 [6400/50000 (13%)]	Loss: 0.195329
Train Epoch: 53 [9600/50000 (19%)]	Loss: 0.194854
Train Epoch: 53 [12800/50000 (26%)]	Loss: 0.353974
Train Epoch: 53 [16000/50000 (32%)]	Loss: 0.414259
Train Epoch: 53 [19200/50000 (38%)]	Loss: 0.310568
Train Epoch: 53 [22400/50000 (45%)]	Loss: 0.322217
Train Epoch: 53 [25600/50000 (51%)]	Loss: 0.405123
Train Epoch: 53 [28800/50000 (58%)]	Loss: 0.180492
Train Epoch: 53 [32000/50000 (64%)]	Loss: 0.313074
Train Epoch: 53 [35200/50000 (70%)]	Loss: 0.233266
Train Epoch: 53 [38400/50000 (77%)]	Loss: 0.203828
Train Epoch: 53 [41600/50000 (83%)]	Loss: 0.184955
Train Epoch: 53 [44800/50000 (90%)]	Loss: 0.476933
Train Epoch: 53 [48000/50000 (96%)]	Loss: 0.458986

Test set: Average loss: 0.0004, Accuracy: 8615/10000 (86%)

Train Epoch: 54 [0/50000 (0%)]	Loss: 0.243210
Train Epoch: 54 [3200/50000 (6%)]	Loss: 0.179168
Train Epoch: 54 [6400/50000 (13%)]	Loss: 0.497349
Train Epoch: 54 [9600/50000 (19%)]	Loss: 0.355758
Train Epoch: 54 [12800/50000 (26%)]	Loss: 0.264174
Train Epoch: 54 [16000/50000 (32%)]	Loss: 0.248833
Train Epoch: 54 [19200/50000 (38%)]	Loss: 0.446969
Train Epoch: 54 [22400/50000 (45%)]	Loss: 0.212305
Train Epoch: 54 [25600/50000 (51%)]	Loss: 0.438181
Train Epoch: 54 [28800/50000 (58%)]	Loss: 0.149401
Train Epoch: 54 [32000/50000 (64%)]	Loss: 0.277957
Train Epoch: 54 [35200/50000 (70%)]	Loss: 0.308590
Train Epoch: 54 [38400/50000 (77%)]	Loss: 0.110881
Train Epoch: 54 [41600/50000 (83%)]	Loss: 0.315817
Train Epoch: 54 [44800/50000 (90%)]	Loss: 0.397986
Train Epoch: 54 [48000/50000 (96%)]	Loss: 0.560359

Test set: Average loss: 0.0004, Accuracy: 8566/10000 (86%)

Train Epoch: 55 [0/50000 (0%)]	Loss: 0.255400
Train Epoch: 55 [3200/50000 (6%)]	Loss: 0.263631
Train Epoch: 55 [6400/50000 (13%)]	Loss: 0.376650
Train Epoch: 55 [9600/50000 (19%)]	Loss: 0.232503
Train Epoch: 55 [12800/50000 (26%)]	Loss: 0.335272
Train Epoch: 55 [16000/50000 (32%)]	Loss: 0.235088
Train Epoch: 55 [19200/50000 (38%)]	Loss: 0.115243
Train Epoch: 55 [22400/50000 (45%)]	Loss: 0.206465
Train Epoch: 55 [25600/50000 (51%)]	Loss: 0.330552
Train Epoch: 55 [28800/50000 (58%)]	Loss: 0.200437
Train Epoch: 55 [32000/50000 (64%)]	Loss: 0.177354
Train Epoch: 55 [35200/50000 (70%)]	Loss: 0.273704
Train Epoch: 55 [38400/50000 (77%)]	Loss: 0.188141
Train Epoch: 55 [41600/50000 (83%)]	Loss: 0.485386
Train Epoch: 55 [44800/50000 (90%)]	Loss: 0.253340
Train Epoch: 55 [48000/50000 (96%)]	Loss: 0.273757

Test set: Average loss: 0.0004, Accuracy: 8590/10000 (86%)

Train Epoch: 56 [0/50000 (0%)]	Loss: 0.147231
Train Epoch: 56 [3200/50000 (6%)]	Loss: 0.232955
Train Epoch: 56 [6400/50000 (13%)]	Loss: 0.222483
Train Epoch: 56 [9600/50000 (19%)]	Loss: 0.374018
Train Epoch: 56 [12800/50000 (26%)]	Loss: 0.252412
Train Epoch: 56 [16000/50000 (32%)]	Loss: 0.364380
Train Epoch: 56 [19200/50000 (38%)]	Loss: 0.214952
Train Epoch: 56 [22400/50000 (45%)]	Loss: 0.229974
Train Epoch: 56 [25600/50000 (51%)]	Loss: 0.412784
Train Epoch: 56 [28800/50000 (58%)]	Loss: 0.216919
Train Epoch: 56 [32000/50000 (64%)]	Loss: 0.345037
Train Epoch: 56 [35200/50000 (70%)]	Loss: 0.211963
Train Epoch: 56 [38400/50000 (77%)]	Loss: 0.248982
Train Epoch: 56 [41600/50000 (83%)]	Loss: 0.524916
Train Epoch: 56 [44800/50000 (90%)]	Loss: 0.268074
Train Epoch: 56 [48000/50000 (96%)]	Loss: 0.313744

Test set: Average loss: 0.0004, Accuracy: 8648/10000 (86%)

Train Epoch: 57 [0/50000 (0%)]	Loss: 0.123611
Train Epoch: 57 [3200/50000 (6%)]	Loss: 0.382964
Train Epoch: 57 [6400/50000 (13%)]	Loss: 0.236977
Train Epoch: 57 [9600/50000 (19%)]	Loss: 0.291421
Train Epoch: 57 [12800/50000 (26%)]	Loss: 0.255518
Train Epoch: 57 [16000/50000 (32%)]	Loss: 0.359704
Train Epoch: 57 [19200/50000 (38%)]	Loss: 0.258288
Train Epoch: 57 [22400/50000 (45%)]	Loss: 0.317773
Train Epoch: 57 [25600/50000 (51%)]	Loss: 0.234282
Train Epoch: 57 [28800/50000 (58%)]	Loss: 0.176159
Train Epoch: 57 [32000/50000 (64%)]	Loss: 0.273950
Train Epoch: 57 [35200/50000 (70%)]	Loss: 0.246424
Train Epoch: 57 [38400/50000 (77%)]	Loss: 0.195799
Train Epoch: 57 [41600/50000 (83%)]	Loss: 0.318118
Train Epoch: 57 [44800/50000 (90%)]	Loss: 0.165922
Train Epoch: 57 [48000/50000 (96%)]	Loss: 0.373864

Test set: Average loss: 0.0004, Accuracy: 8607/10000 (86%)

Train Epoch: 58 [0/50000 (0%)]	Loss: 0.222621
Train Epoch: 58 [3200/50000 (6%)]	Loss: 0.369717
Train Epoch: 58 [6400/50000 (13%)]	Loss: 0.296438
Train Epoch: 58 [9600/50000 (19%)]	Loss: 0.165161
Train Epoch: 58 [12800/50000 (26%)]	Loss: 0.330139
Train Epoch: 58 [16000/50000 (32%)]	Loss: 0.413959
Train Epoch: 58 [19200/50000 (38%)]	Loss: 0.198268
Train Epoch: 58 [22400/50000 (45%)]	Loss: 0.345744
Train Epoch: 58 [25600/50000 (51%)]	Loss: 0.475172
Train Epoch: 58 [28800/50000 (58%)]	Loss: 0.270083
Train Epoch: 58 [32000/50000 (64%)]	Loss: 0.209415
Train Epoch: 58 [35200/50000 (70%)]	Loss: 0.438415
Train Epoch: 58 [38400/50000 (77%)]	Loss: 0.227400
Train Epoch: 58 [41600/50000 (83%)]	Loss: 0.169122
Train Epoch: 58 [44800/50000 (90%)]	Loss: 0.358112
Train Epoch: 58 [48000/50000 (96%)]	Loss: 0.199769

Test set: Average loss: 0.0004, Accuracy: 8583/10000 (86%)

Train Epoch: 59 [0/50000 (0%)]	Loss: 0.276049
Train Epoch: 59 [3200/50000 (6%)]	Loss: 0.215434
Train Epoch: 59 [6400/50000 (13%)]	Loss: 0.198936
Train Epoch: 59 [9600/50000 (19%)]	Loss: 0.344877
Train Epoch: 59 [12800/50000 (26%)]	Loss: 0.451639
Train Epoch: 59 [16000/50000 (32%)]	Loss: 0.409707
Train Epoch: 59 [19200/50000 (38%)]	Loss: 0.169908
Train Epoch: 59 [22400/50000 (45%)]	Loss: 0.194380
Train Epoch: 59 [25600/50000 (51%)]	Loss: 0.295142
Train Epoch: 59 [28800/50000 (58%)]	Loss: 0.215324
Train Epoch: 59 [32000/50000 (64%)]	Loss: 0.447099
Train Epoch: 59 [35200/50000 (70%)]	Loss: 0.371117
Train Epoch: 59 [38400/50000 (77%)]	Loss: 0.399104
Train Epoch: 59 [41600/50000 (83%)]	Loss: 0.319382
Train Epoch: 59 [44800/50000 (90%)]	Loss: 0.235875
Train Epoch: 59 [48000/50000 (96%)]	Loss: 0.135805

Test set: Average loss: 0.0005, Accuracy: 8525/10000 (85%)

Train Epoch: 60 [0/50000 (0%)]	Loss: 0.345000
Train Epoch: 60 [3200/50000 (6%)]	Loss: 0.339252
Train Epoch: 60 [6400/50000 (13%)]	Loss: 0.224268
Train Epoch: 60 [9600/50000 (19%)]	Loss: 0.200364
Train Epoch: 60 [12800/50000 (26%)]	Loss: 0.219418
Train Epoch: 60 [16000/50000 (32%)]	Loss: 0.197049
Train Epoch: 60 [19200/50000 (38%)]	Loss: 0.173799
Train Epoch: 60 [22400/50000 (45%)]	Loss: 0.409437
Train Epoch: 60 [25600/50000 (51%)]	Loss: 0.275495
Train Epoch: 60 [28800/50000 (58%)]	Loss: 0.349128
Train Epoch: 60 [32000/50000 (64%)]	Loss: 0.140569
Train Epoch: 60 [35200/50000 (70%)]	Loss: 0.263365
Train Epoch: 60 [38400/50000 (77%)]	Loss: 0.094232
Train Epoch: 60 [41600/50000 (83%)]	Loss: 0.234319
Train Epoch: 60 [44800/50000 (90%)]	Loss: 0.282444
Train Epoch: 60 [48000/50000 (96%)]	Loss: 0.253658

Test set: Average loss: 0.0004, Accuracy: 8637/10000 (86%)

Train Epoch: 61 [0/50000 (0%)]	Loss: 0.329718
Train Epoch: 61 [3200/50000 (6%)]	Loss: 0.297351
Train Epoch: 61 [6400/50000 (13%)]	Loss: 0.202920
Train Epoch: 61 [9600/50000 (19%)]	Loss: 0.352698
Train Epoch: 61 [12800/50000 (26%)]	Loss: 0.225477
Train Epoch: 61 [16000/50000 (32%)]	Loss: 0.152338
Train Epoch: 61 [19200/50000 (38%)]	Loss: 0.525363
Train Epoch: 61 [22400/50000 (45%)]	Loss: 0.173822
Train Epoch: 61 [25600/50000 (51%)]	Loss: 0.385622
Train Epoch: 61 [28800/50000 (58%)]	Loss: 0.137312
Train Epoch: 61 [32000/50000 (64%)]	Loss: 0.297058
Train Epoch: 61 [35200/50000 (70%)]	Loss: 0.267154
Train Epoch: 61 [38400/50000 (77%)]	Loss: 0.319282
Train Epoch: 61 [41600/50000 (83%)]	Loss: 0.440666
Train Epoch: 61 [44800/50000 (90%)]	Loss: 0.362674
Train Epoch: 61 [48000/50000 (96%)]	Loss: 0.337303

Test set: Average loss: 0.0004, Accuracy: 8678/10000 (87%)

Train Epoch: 62 [0/50000 (0%)]	Loss: 0.156373
Train Epoch: 62 [3200/50000 (6%)]	Loss: 0.322036
Train Epoch: 62 [6400/50000 (13%)]	Loss: 0.183155
Train Epoch: 62 [9600/50000 (19%)]	Loss: 0.202837
Train Epoch: 62 [12800/50000 (26%)]	Loss: 0.295714
Train Epoch: 62 [16000/50000 (32%)]	Loss: 0.330587
Train Epoch: 62 [19200/50000 (38%)]	Loss: 0.406517
Train Epoch: 62 [22400/50000 (45%)]	Loss: 0.215252
Train Epoch: 62 [25600/50000 (51%)]	Loss: 0.101881
Train Epoch: 62 [28800/50000 (58%)]	Loss: 0.215665
Train Epoch: 62 [32000/50000 (64%)]	Loss: 0.230240
Train Epoch: 62 [35200/50000 (70%)]	Loss: 0.326862
Train Epoch: 62 [38400/50000 (77%)]	Loss: 0.306818
Train Epoch: 62 [41600/50000 (83%)]	Loss: 0.245979
Train Epoch: 62 [44800/50000 (90%)]	Loss: 0.168556
Train Epoch: 62 [48000/50000 (96%)]	Loss: 0.191463

Test set: Average loss: 0.0004, Accuracy: 8641/10000 (86%)

Train Epoch: 63 [0/50000 (0%)]	Loss: 0.318948
Train Epoch: 63 [3200/50000 (6%)]	Loss: 0.273745
Train Epoch: 63 [6400/50000 (13%)]	Loss: 0.289116
Train Epoch: 63 [9600/50000 (19%)]	Loss: 0.249750
Train Epoch: 63 [12800/50000 (26%)]	Loss: 0.298303
Train Epoch: 63 [16000/50000 (32%)]	Loss: 0.386737
Train Epoch: 63 [19200/50000 (38%)]	Loss: 0.213209
Train Epoch: 63 [22400/50000 (45%)]	Loss: 0.328562
Train Epoch: 63 [25600/50000 (51%)]	Loss: 0.432363
Train Epoch: 63 [28800/50000 (58%)]	Loss: 0.159103
Train Epoch: 63 [32000/50000 (64%)]	Loss: 0.232488
Train Epoch: 63 [35200/50000 (70%)]	Loss: 0.231038
Train Epoch: 63 [38400/50000 (77%)]	Loss: 0.227793
Train Epoch: 63 [41600/50000 (83%)]	Loss: 0.199291
Train Epoch: 63 [44800/50000 (90%)]	Loss: 0.197106
Train Epoch: 63 [48000/50000 (96%)]	Loss: 0.145117

Test set: Average loss: 0.0004, Accuracy: 8636/10000 (86%)

Train Epoch: 64 [0/50000 (0%)]	Loss: 0.244290
Train Epoch: 64 [3200/50000 (6%)]	Loss: 0.216519
Train Epoch: 64 [6400/50000 (13%)]	Loss: 0.310681
Train Epoch: 64 [9600/50000 (19%)]	Loss: 0.381223
Train Epoch: 64 [12800/50000 (26%)]	Loss: 0.166335
Train Epoch: 64 [16000/50000 (32%)]	Loss: 0.204142
Train Epoch: 64 [19200/50000 (38%)]	Loss: 0.196843
Train Epoch: 64 [22400/50000 (45%)]	Loss: 0.295725
Train Epoch: 64 [25600/50000 (51%)]	Loss: 0.293258
Train Epoch: 64 [28800/50000 (58%)]	Loss: 0.317360
Train Epoch: 64 [32000/50000 (64%)]	Loss: 0.447735
Train Epoch: 64 [35200/50000 (70%)]	Loss: 0.232270
Train Epoch: 64 [38400/50000 (77%)]	Loss: 0.228173
Train Epoch: 64 [41600/50000 (83%)]	Loss: 0.199622
Train Epoch: 64 [44800/50000 (90%)]	Loss: 0.281291
Train Epoch: 64 [48000/50000 (96%)]	Loss: 0.332236

Test set: Average loss: 0.0004, Accuracy: 8696/10000 (87%)

Train Epoch: 65 [0/50000 (0%)]	Loss: 0.343607
Train Epoch: 65 [3200/50000 (6%)]	Loss: 0.176441
Train Epoch: 65 [6400/50000 (13%)]	Loss: 0.269126
Train Epoch: 65 [9600/50000 (19%)]	Loss: 0.256135
Train Epoch: 65 [12800/50000 (26%)]	Loss: 0.222781
Train Epoch: 65 [16000/50000 (32%)]	Loss: 0.244525
Train Epoch: 65 [19200/50000 (38%)]	Loss: 0.508411
Train Epoch: 65 [22400/50000 (45%)]	Loss: 0.266506
Train Epoch: 65 [25600/50000 (51%)]	Loss: 0.132613
Train Epoch: 65 [28800/50000 (58%)]	Loss: 0.441981
Train Epoch: 65 [32000/50000 (64%)]	Loss: 0.170892
Train Epoch: 65 [35200/50000 (70%)]	Loss: 0.286023
Train Epoch: 65 [38400/50000 (77%)]	Loss: 0.275448
Train Epoch: 65 [41600/50000 (83%)]	Loss: 0.153492
Train Epoch: 65 [44800/50000 (90%)]	Loss: 0.245104
Train Epoch: 65 [48000/50000 (96%)]	Loss: 0.405160

Test set: Average loss: 0.0004, Accuracy: 8695/10000 (87%)

Train Epoch: 66 [0/50000 (0%)]	Loss: 0.185871
Train Epoch: 66 [3200/50000 (6%)]	Loss: 0.202990
Train Epoch: 66 [6400/50000 (13%)]	Loss: 0.206052
Train Epoch: 66 [9600/50000 (19%)]	Loss: 0.183302
Train Epoch: 66 [12800/50000 (26%)]	Loss: 0.142789
Train Epoch: 66 [16000/50000 (32%)]	Loss: 0.229712
Train Epoch: 66 [19200/50000 (38%)]	Loss: 0.271068
Train Epoch: 66 [22400/50000 (45%)]	Loss: 0.343566
Train Epoch: 66 [25600/50000 (51%)]	Loss: 0.290419
Train Epoch: 66 [28800/50000 (58%)]	Loss: 0.266946
Train Epoch: 66 [32000/50000 (64%)]	Loss: 0.273147
Train Epoch: 66 [35200/50000 (70%)]	Loss: 0.200491
Train Epoch: 66 [38400/50000 (77%)]	Loss: 0.169819
Train Epoch: 66 [41600/50000 (83%)]	Loss: 0.345337
Train Epoch: 66 [44800/50000 (90%)]	Loss: 0.169967
Train Epoch: 66 [48000/50000 (96%)]	Loss: 0.273190

Test set: Average loss: 0.0004, Accuracy: 8639/10000 (86%)

Train Epoch: 67 [0/50000 (0%)]	Loss: 0.234663
Train Epoch: 67 [3200/50000 (6%)]	Loss: 0.190927
Train Epoch: 67 [6400/50000 (13%)]	Loss: 0.163974
Train Epoch: 67 [9600/50000 (19%)]	Loss: 0.462390
Train Epoch: 67 [12800/50000 (26%)]	Loss: 0.232869
Train Epoch: 67 [16000/50000 (32%)]	Loss: 0.197200
Train Epoch: 67 [19200/50000 (38%)]	Loss: 0.124814
Train Epoch: 67 [22400/50000 (45%)]	Loss: 0.257885
Train Epoch: 67 [25600/50000 (51%)]	Loss: 0.132352
Train Epoch: 67 [28800/50000 (58%)]	Loss: 0.397166
Train Epoch: 67 [32000/50000 (64%)]	Loss: 0.263156
Train Epoch: 67 [35200/50000 (70%)]	Loss: 0.176720
Train Epoch: 67 [38400/50000 (77%)]	Loss: 0.098481
Train Epoch: 67 [41600/50000 (83%)]	Loss: 0.336332
Train Epoch: 67 [44800/50000 (90%)]	Loss: 0.302314
Train Epoch: 67 [48000/50000 (96%)]	Loss: 0.275245

Test set: Average loss: 0.0004, Accuracy: 8616/10000 (86%)

Train Epoch: 68 [0/50000 (0%)]	Loss: 0.175028
Train Epoch: 68 [3200/50000 (6%)]	Loss: 0.187965
Train Epoch: 68 [6400/50000 (13%)]	Loss: 0.238708
Train Epoch: 68 [9600/50000 (19%)]	Loss: 0.200748
Train Epoch: 68 [12800/50000 (26%)]	Loss: 0.243966
Train Epoch: 68 [16000/50000 (32%)]	Loss: 0.240645
Train Epoch: 68 [19200/50000 (38%)]	Loss: 0.329247
Train Epoch: 68 [22400/50000 (45%)]	Loss: 0.191072
Train Epoch: 68 [25600/50000 (51%)]	Loss: 0.350930
Train Epoch: 68 [28800/50000 (58%)]	Loss: 0.224132
Train Epoch: 68 [32000/50000 (64%)]	Loss: 0.191847
Train Epoch: 68 [35200/50000 (70%)]	Loss: 0.238899
Train Epoch: 68 [38400/50000 (77%)]	Loss: 0.182284
Train Epoch: 68 [41600/50000 (83%)]	Loss: 0.089760
Train Epoch: 68 [44800/50000 (90%)]	Loss: 0.133384
Train Epoch: 68 [48000/50000 (96%)]	Loss: 0.201872

Test set: Average loss: 0.0004, Accuracy: 8649/10000 (86%)

Train Epoch: 69 [0/50000 (0%)]	Loss: 0.212828
Train Epoch: 69 [3200/50000 (6%)]	Loss: 0.263775
Train Epoch: 69 [6400/50000 (13%)]	Loss: 0.326120
Train Epoch: 69 [9600/50000 (19%)]	Loss: 0.070266
Train Epoch: 69 [12800/50000 (26%)]	Loss: 0.223269
Train Epoch: 69 [16000/50000 (32%)]	Loss: 0.163377
Train Epoch: 69 [19200/50000 (38%)]	Loss: 0.195286
Train Epoch: 69 [22400/50000 (45%)]	Loss: 0.302015
Train Epoch: 69 [25600/50000 (51%)]	Loss: 0.555481
Train Epoch: 69 [28800/50000 (58%)]	Loss: 0.214093
Train Epoch: 69 [32000/50000 (64%)]	Loss: 0.314095
Train Epoch: 69 [35200/50000 (70%)]	Loss: 0.256644
Train Epoch: 69 [38400/50000 (77%)]	Loss: 0.195218
Train Epoch: 69 [41600/50000 (83%)]	Loss: 0.142746
Train Epoch: 69 [44800/50000 (90%)]	Loss: 0.307702
Train Epoch: 69 [48000/50000 (96%)]	Loss: 0.271070

Test set: Average loss: 0.0004, Accuracy: 8690/10000 (87%)

Train Epoch: 70 [0/50000 (0%)]	Loss: 0.243565
Train Epoch: 70 [3200/50000 (6%)]	Loss: 0.349419
Train Epoch: 70 [6400/50000 (13%)]	Loss: 0.309803
Train Epoch: 70 [9600/50000 (19%)]	Loss: 0.250523
Train Epoch: 70 [12800/50000 (26%)]	Loss: 0.179000
Train Epoch: 70 [16000/50000 (32%)]	Loss: 0.333369
Train Epoch: 70 [19200/50000 (38%)]	Loss: 0.196513
Train Epoch: 70 [22400/50000 (45%)]	Loss: 0.205680
Train Epoch: 70 [25600/50000 (51%)]	Loss: 0.412301
Train Epoch: 70 [28800/50000 (58%)]	Loss: 0.188221
Train Epoch: 70 [32000/50000 (64%)]	Loss: 0.231933
Train Epoch: 70 [35200/50000 (70%)]	Loss: 0.265229
Train Epoch: 70 [38400/50000 (77%)]	Loss: 0.247772
Train Epoch: 70 [41600/50000 (83%)]	Loss: 0.163249
Train Epoch: 70 [44800/50000 (90%)]	Loss: 0.320536
Train Epoch: 70 [48000/50000 (96%)]	Loss: 0.208062

Test set: Average loss: 0.0004, Accuracy: 8728/10000 (87%)

Train Epoch: 71 [0/50000 (0%)]	Loss: 0.185013
Train Epoch: 71 [3200/50000 (6%)]	Loss: 0.278834
Train Epoch: 71 [6400/50000 (13%)]	Loss: 0.173447
Train Epoch: 71 [9600/50000 (19%)]	Loss: 0.259815
Train Epoch: 71 [12800/50000 (26%)]	Loss: 0.302824
Train Epoch: 71 [16000/50000 (32%)]	Loss: 0.122963
Train Epoch: 71 [19200/50000 (38%)]	Loss: 0.151215
Train Epoch: 71 [22400/50000 (45%)]	Loss: 0.320024
Train Epoch: 71 [25600/50000 (51%)]	Loss: 0.227797
Train Epoch: 71 [28800/50000 (58%)]	Loss: 0.301374
Train Epoch: 71 [32000/50000 (64%)]	Loss: 0.221988
Train Epoch: 71 [35200/50000 (70%)]	Loss: 0.134621
Train Epoch: 71 [38400/50000 (77%)]	Loss: 0.396663
Train Epoch: 71 [41600/50000 (83%)]	Loss: 0.300333
Train Epoch: 71 [44800/50000 (90%)]	Loss: 0.323116
Train Epoch: 71 [48000/50000 (96%)]	Loss: 0.150304

Test set: Average loss: 0.0004, Accuracy: 8682/10000 (87%)

Train Epoch: 72 [0/50000 (0%)]	Loss: 0.257630
Train Epoch: 72 [3200/50000 (6%)]	Loss: 0.259820
Train Epoch: 72 [6400/50000 (13%)]	Loss: 0.185735
Train Epoch: 72 [9600/50000 (19%)]	Loss: 0.191218
Train Epoch: 72 [12800/50000 (26%)]	Loss: 0.284554
Train Epoch: 72 [16000/50000 (32%)]	Loss: 0.164644
Train Epoch: 72 [19200/50000 (38%)]	Loss: 0.459429
Train Epoch: 72 [22400/50000 (45%)]	Loss: 0.260134
Train Epoch: 72 [25600/50000 (51%)]	Loss: 0.090698
Train Epoch: 72 [28800/50000 (58%)]	Loss: 0.263638
Train Epoch: 72 [32000/50000 (64%)]	Loss: 0.187966
Train Epoch: 72 [35200/50000 (70%)]	Loss: 0.313527
Train Epoch: 72 [38400/50000 (77%)]	Loss: 0.309966
Train Epoch: 72 [41600/50000 (83%)]	Loss: 0.303371
Train Epoch: 72 [44800/50000 (90%)]	Loss: 0.276549
Train Epoch: 72 [48000/50000 (96%)]	Loss: 0.373217

Test set: Average loss: 0.0004, Accuracy: 8655/10000 (87%)

Train Epoch: 73 [0/50000 (0%)]	Loss: 0.208853
Train Epoch: 73 [3200/50000 (6%)]	Loss: 0.112970
Train Epoch: 73 [6400/50000 (13%)]	Loss: 0.228971
Train Epoch: 73 [9600/50000 (19%)]	Loss: 0.173336
Train Epoch: 73 [12800/50000 (26%)]	Loss: 0.114013
Train Epoch: 73 [16000/50000 (32%)]	Loss: 0.360851
Train Epoch: 73 [19200/50000 (38%)]	Loss: 0.209857
Train Epoch: 73 [22400/50000 (45%)]	Loss: 0.403044
Train Epoch: 73 [25600/50000 (51%)]	Loss: 0.216929
Train Epoch: 73 [28800/50000 (58%)]	Loss: 0.298627
Train Epoch: 73 [32000/50000 (64%)]	Loss: 0.196499
Train Epoch: 73 [35200/50000 (70%)]	Loss: 0.272384
Train Epoch: 73 [38400/50000 (77%)]	Loss: 0.341214
Train Epoch: 73 [41600/50000 (83%)]	Loss: 0.292083
Train Epoch: 73 [44800/50000 (90%)]	Loss: 0.223965
Train Epoch: 73 [48000/50000 (96%)]	Loss: 0.151537

Test set: Average loss: 0.0004, Accuracy: 8703/10000 (87%)

Train Epoch: 74 [0/50000 (0%)]	Loss: 0.168113
Train Epoch: 74 [3200/50000 (6%)]	Loss: 0.140212
Train Epoch: 74 [6400/50000 (13%)]	Loss: 0.146762
Train Epoch: 74 [9600/50000 (19%)]	Loss: 0.171686
Train Epoch: 74 [12800/50000 (26%)]	Loss: 0.193985
Train Epoch: 74 [16000/50000 (32%)]	Loss: 0.068018
Train Epoch: 74 [19200/50000 (38%)]	Loss: 0.095011
Train Epoch: 74 [22400/50000 (45%)]	Loss: 0.110592
Train Epoch: 74 [25600/50000 (51%)]	Loss: 0.382158
Train Epoch: 74 [28800/50000 (58%)]	Loss: 0.303631
Train Epoch: 74 [32000/50000 (64%)]	Loss: 0.324553
Train Epoch: 74 [35200/50000 (70%)]	Loss: 0.145640
Train Epoch: 74 [38400/50000 (77%)]	Loss: 0.276485
Train Epoch: 74 [41600/50000 (83%)]	Loss: 0.199576
Train Epoch: 74 [44800/50000 (90%)]	Loss: 0.113174
Train Epoch: 74 [48000/50000 (96%)]	Loss: 0.304596

Test set: Average loss: 0.0004, Accuracy: 8675/10000 (87%)

Train Epoch: 75 [0/50000 (0%)]	Loss: 0.258424
Train Epoch: 75 [3200/50000 (6%)]	Loss: 0.223846
Train Epoch: 75 [6400/50000 (13%)]	Loss: 0.160342
Train Epoch: 75 [9600/50000 (19%)]	Loss: 0.249568
Train Epoch: 75 [12800/50000 (26%)]	Loss: 0.290836
Train Epoch: 75 [16000/50000 (32%)]	Loss: 0.279951
Train Epoch: 75 [19200/50000 (38%)]	Loss: 0.095548
Train Epoch: 75 [22400/50000 (45%)]	Loss: 0.068519
Train Epoch: 75 [25600/50000 (51%)]	Loss: 0.186282
Train Epoch: 75 [28800/50000 (58%)]	Loss: 0.105406
Train Epoch: 75 [32000/50000 (64%)]	Loss: 0.290382
Train Epoch: 75 [35200/50000 (70%)]	Loss: 0.339487
Train Epoch: 75 [38400/50000 (77%)]	Loss: 0.236370
Train Epoch: 75 [41600/50000 (83%)]	Loss: 0.177199
Train Epoch: 75 [44800/50000 (90%)]	Loss: 0.277800
Train Epoch: 75 [48000/50000 (96%)]	Loss: 0.224649

Test set: Average loss: 0.0004, Accuracy: 8647/10000 (86%)

Train Epoch: 76 [0/50000 (0%)]	Loss: 0.119394
Train Epoch: 76 [3200/50000 (6%)]	Loss: 0.196510
Train Epoch: 76 [6400/50000 (13%)]	Loss: 0.089504
Train Epoch: 76 [9600/50000 (19%)]	Loss: 0.090558
Train Epoch: 76 [12800/50000 (26%)]	Loss: 0.224027
Train Epoch: 76 [16000/50000 (32%)]	Loss: 0.201271
Train Epoch: 76 [19200/50000 (38%)]	Loss: 0.242741
Train Epoch: 76 [22400/50000 (45%)]	Loss: 0.332221
Train Epoch: 76 [25600/50000 (51%)]	Loss: 0.274797
Train Epoch: 76 [28800/50000 (58%)]	Loss: 0.233449
Train Epoch: 76 [32000/50000 (64%)]	Loss: 0.152390
Train Epoch: 76 [35200/50000 (70%)]	Loss: 0.166308
Train Epoch: 76 [38400/50000 (77%)]	Loss: 0.240706
Train Epoch: 76 [41600/50000 (83%)]	Loss: 0.300263
Train Epoch: 76 [44800/50000 (90%)]	Loss: 0.326109
Train Epoch: 76 [48000/50000 (96%)]	Loss: 0.274275

Test set: Average loss: 0.0004, Accuracy: 8681/10000 (87%)

Train Epoch: 77 [0/50000 (0%)]	Loss: 0.249635
Train Epoch: 77 [3200/50000 (6%)]	Loss: 0.347493
Train Epoch: 77 [6400/50000 (13%)]	Loss: 0.192216
Train Epoch: 77 [9600/50000 (19%)]	Loss: 0.220354
Train Epoch: 77 [12800/50000 (26%)]	Loss: 0.237248
Train Epoch: 77 [16000/50000 (32%)]	Loss: 0.143041
Train Epoch: 77 [19200/50000 (38%)]	Loss: 0.119511
Train Epoch: 77 [22400/50000 (45%)]	Loss: 0.079641
Train Epoch: 77 [25600/50000 (51%)]	Loss: 0.184926
Train Epoch: 77 [28800/50000 (58%)]	Loss: 0.250461
Train Epoch: 77 [32000/50000 (64%)]	Loss: 0.226989
Train Epoch: 77 [35200/50000 (70%)]	Loss: 0.259513
Train Epoch: 77 [38400/50000 (77%)]	Loss: 0.231805
Train Epoch: 77 [41600/50000 (83%)]	Loss: 0.305099
Train Epoch: 77 [44800/50000 (90%)]	Loss: 0.284913
Train Epoch: 77 [48000/50000 (96%)]	Loss: 0.271847

Test set: Average loss: 0.0004, Accuracy: 8649/10000 (86%)

Train Epoch: 78 [0/50000 (0%)]	Loss: 0.307101
Train Epoch: 78 [3200/50000 (6%)]	Loss: 0.235456
Train Epoch: 78 [6400/50000 (13%)]	Loss: 0.236112
Train Epoch: 78 [9600/50000 (19%)]	Loss: 0.420531
Train Epoch: 78 [12800/50000 (26%)]	Loss: 0.329947
Train Epoch: 78 [16000/50000 (32%)]	Loss: 0.064098
Train Epoch: 78 [19200/50000 (38%)]	Loss: 0.424642
Train Epoch: 78 [22400/50000 (45%)]	Loss: 0.364663
Train Epoch: 78 [25600/50000 (51%)]	Loss: 0.114517
Train Epoch: 78 [28800/50000 (58%)]	Loss: 0.109926
Train Epoch: 78 [32000/50000 (64%)]	Loss: 0.310343
Train Epoch: 78 [35200/50000 (70%)]	Loss: 0.217613
Train Epoch: 78 [38400/50000 (77%)]	Loss: 0.239209
Train Epoch: 78 [41600/50000 (83%)]	Loss: 0.206608
Train Epoch: 78 [44800/50000 (90%)]	Loss: 0.172050
Train Epoch: 78 [48000/50000 (96%)]	Loss: 0.119024

Test set: Average loss: 0.0004, Accuracy: 8692/10000 (87%)

Train Epoch: 79 [0/50000 (0%)]	Loss: 0.201000
Train Epoch: 79 [3200/50000 (6%)]	Loss: 0.106585
Train Epoch: 79 [6400/50000 (13%)]	Loss: 0.200051
Train Epoch: 79 [9600/50000 (19%)]	Loss: 0.155573
Train Epoch: 79 [12800/50000 (26%)]	Loss: 0.154758
Train Epoch: 79 [16000/50000 (32%)]	Loss: 0.241745
Train Epoch: 79 [19200/50000 (38%)]	Loss: 0.180568
Train Epoch: 79 [22400/50000 (45%)]	Loss: 0.276320
Train Epoch: 79 [25600/50000 (51%)]	Loss: 0.165215
Train Epoch: 79 [28800/50000 (58%)]	Loss: 0.138812
Train Epoch: 79 [32000/50000 (64%)]	Loss: 0.301325
Train Epoch: 79 [35200/50000 (70%)]	Loss: 0.415038
Train Epoch: 79 [38400/50000 (77%)]	Loss: 0.276300
Train Epoch: 79 [41600/50000 (83%)]	Loss: 0.100160
Train Epoch: 79 [44800/50000 (90%)]	Loss: 0.181235
Train Epoch: 79 [48000/50000 (96%)]	Loss: 0.112923

Test set: Average loss: 0.0004, Accuracy: 8647/10000 (86%)

Train Epoch: 80 [0/50000 (0%)]	Loss: 0.168612
Train Epoch: 80 [3200/50000 (6%)]	Loss: 0.247343
Train Epoch: 80 [6400/50000 (13%)]	Loss: 0.366971
Train Epoch: 80 [9600/50000 (19%)]	Loss: 0.174389
Train Epoch: 80 [12800/50000 (26%)]	Loss: 0.139935
Train Epoch: 80 [16000/50000 (32%)]	Loss: 0.290015
Train Epoch: 80 [19200/50000 (38%)]	Loss: 0.282115
Train Epoch: 80 [22400/50000 (45%)]	Loss: 0.251013
Train Epoch: 80 [25600/50000 (51%)]	Loss: 0.352288
Train Epoch: 80 [28800/50000 (58%)]	Loss: 0.179364
Train Epoch: 80 [32000/50000 (64%)]	Loss: 0.280232
Train Epoch: 80 [35200/50000 (70%)]	Loss: 0.260699
Train Epoch: 80 [38400/50000 (77%)]	Loss: 0.145930
Train Epoch: 80 [41600/50000 (83%)]	Loss: 0.129571
Train Epoch: 80 [44800/50000 (90%)]	Loss: 0.225590
Train Epoch: 80 [48000/50000 (96%)]	Loss: 0.230118

Test set: Average loss: 0.0004, Accuracy: 8697/10000 (87%)

Train Epoch: 81 [0/50000 (0%)]	Loss: 0.193176
Train Epoch: 81 [3200/50000 (6%)]	Loss: 0.167274
Train Epoch: 81 [6400/50000 (13%)]	Loss: 0.254897
Train Epoch: 81 [9600/50000 (19%)]	Loss: 0.318305
Train Epoch: 81 [12800/50000 (26%)]	Loss: 0.307242
Train Epoch: 81 [16000/50000 (32%)]	Loss: 0.225667
Train Epoch: 81 [19200/50000 (38%)]	Loss: 0.136467
Train Epoch: 81 [22400/50000 (45%)]	Loss: 0.114852
Train Epoch: 81 [25600/50000 (51%)]	Loss: 0.182404
Train Epoch: 81 [28800/50000 (58%)]	Loss: 0.111547
Train Epoch: 81 [32000/50000 (64%)]	Loss: 0.134012
Train Epoch: 81 [35200/50000 (70%)]	Loss: 0.212931
Train Epoch: 81 [38400/50000 (77%)]	Loss: 0.223664
Train Epoch: 81 [41600/50000 (83%)]	Loss: 0.149071
Train Epoch: 81 [44800/50000 (90%)]	Loss: 0.085405
Train Epoch: 81 [48000/50000 (96%)]	Loss: 0.286702

Test set: Average loss: 0.0004, Accuracy: 8789/10000 (88%)

Train Epoch: 82 [0/50000 (0%)]	Loss: 0.193348
Train Epoch: 82 [3200/50000 (6%)]	Loss: 0.101318
Train Epoch: 82 [6400/50000 (13%)]	Loss: 0.161577
Train Epoch: 82 [9600/50000 (19%)]	Loss: 0.254815
Train Epoch: 82 [12800/50000 (26%)]	Loss: 0.182864
Train Epoch: 82 [16000/50000 (32%)]	Loss: 0.093622
Train Epoch: 82 [19200/50000 (38%)]	Loss: 0.145967
Train Epoch: 82 [22400/50000 (45%)]	Loss: 0.237773
Train Epoch: 82 [25600/50000 (51%)]	Loss: 0.106860
Train Epoch: 82 [28800/50000 (58%)]	Loss: 0.067705
Train Epoch: 82 [32000/50000 (64%)]	Loss: 0.059431
Train Epoch: 82 [35200/50000 (70%)]	Loss: 0.294341
Train Epoch: 82 [38400/50000 (77%)]	Loss: 0.281826
Train Epoch: 82 [41600/50000 (83%)]	Loss: 0.108699
Train Epoch: 82 [44800/50000 (90%)]	Loss: 0.232714
Train Epoch: 82 [48000/50000 (96%)]	Loss: 0.076333

Test set: Average loss: 0.0004, Accuracy: 8841/10000 (88%)

Train Epoch: 83 [0/50000 (0%)]	Loss: 0.176996
Train Epoch: 83 [3200/50000 (6%)]	Loss: 0.116539
Train Epoch: 83 [6400/50000 (13%)]	Loss: 0.116985
Train Epoch: 83 [9600/50000 (19%)]	Loss: 0.118184
Train Epoch: 83 [12800/50000 (26%)]	Loss: 0.207528
Train Epoch: 83 [16000/50000 (32%)]	Loss: 0.164266
Train Epoch: 83 [19200/50000 (38%)]	Loss: 0.133710
Train Epoch: 83 [22400/50000 (45%)]	Loss: 0.086543
Train Epoch: 83 [25600/50000 (51%)]	Loss: 0.114555
Train Epoch: 83 [28800/50000 (58%)]	Loss: 0.150521
Train Epoch: 83 [32000/50000 (64%)]	Loss: 0.092834
Train Epoch: 83 [35200/50000 (70%)]	Loss: 0.100795
Train Epoch: 83 [38400/50000 (77%)]	Loss: 0.223473
Train Epoch: 83 [41600/50000 (83%)]	Loss: 0.122841
Train Epoch: 83 [44800/50000 (90%)]	Loss: 0.123822
Train Epoch: 83 [48000/50000 (96%)]	Loss: 0.128538

Test set: Average loss: 0.0004, Accuracy: 8830/10000 (88%)

Train Epoch: 84 [0/50000 (0%)]	Loss: 0.232331
Train Epoch: 84 [3200/50000 (6%)]	Loss: 0.225791
Train Epoch: 84 [6400/50000 (13%)]	Loss: 0.090512
Train Epoch: 84 [9600/50000 (19%)]	Loss: 0.055820
Train Epoch: 84 [12800/50000 (26%)]	Loss: 0.105242
Train Epoch: 84 [16000/50000 (32%)]	Loss: 0.308032
Train Epoch: 84 [19200/50000 (38%)]	Loss: 0.149998
Train Epoch: 84 [22400/50000 (45%)]	Loss: 0.155290
Train Epoch: 84 [25600/50000 (51%)]	Loss: 0.285442
Train Epoch: 84 [28800/50000 (58%)]	Loss: 0.145033
Train Epoch: 84 [32000/50000 (64%)]	Loss: 0.107853
Train Epoch: 84 [35200/50000 (70%)]	Loss: 0.124667
Train Epoch: 84 [38400/50000 (77%)]	Loss: 0.235087
Train Epoch: 84 [41600/50000 (83%)]	Loss: 0.074286
Train Epoch: 84 [44800/50000 (90%)]	Loss: 0.052109
Train Epoch: 84 [48000/50000 (96%)]	Loss: 0.223558

Test set: Average loss: 0.0004, Accuracy: 8837/10000 (88%)

Train Epoch: 85 [0/50000 (0%)]	Loss: 0.104082
Train Epoch: 85 [3200/50000 (6%)]	Loss: 0.143844
Train Epoch: 85 [6400/50000 (13%)]	Loss: 0.169817
Train Epoch: 85 [9600/50000 (19%)]	Loss: 0.166955
Train Epoch: 85 [12800/50000 (26%)]	Loss: 0.142937
Train Epoch: 85 [16000/50000 (32%)]	Loss: 0.073519
Train Epoch: 85 [19200/50000 (38%)]	Loss: 0.078916
Train Epoch: 85 [22400/50000 (45%)]	Loss: 0.133694
Train Epoch: 85 [25600/50000 (51%)]	Loss: 0.136495
Train Epoch: 85 [28800/50000 (58%)]	Loss: 0.115262
Train Epoch: 85 [32000/50000 (64%)]	Loss: 0.152105
Train Epoch: 85 [35200/50000 (70%)]	Loss: 0.236870
Train Epoch: 85 [38400/50000 (77%)]	Loss: 0.176394
Train Epoch: 85 [41600/50000 (83%)]	Loss: 0.179566
Train Epoch: 85 [44800/50000 (90%)]	Loss: 0.116198
Train Epoch: 85 [48000/50000 (96%)]	Loss: 0.199437

Test set: Average loss: 0.0004, Accuracy: 8822/10000 (88%)

Train Epoch: 86 [0/50000 (0%)]	Loss: 0.042934
Train Epoch: 86 [3200/50000 (6%)]	Loss: 0.125770
Train Epoch: 86 [6400/50000 (13%)]	Loss: 0.317571
Train Epoch: 86 [9600/50000 (19%)]	Loss: 0.062709
Train Epoch: 86 [12800/50000 (26%)]	Loss: 0.179737
Train Epoch: 86 [16000/50000 (32%)]	Loss: 0.145123
Train Epoch: 86 [19200/50000 (38%)]	Loss: 0.116547
Train Epoch: 86 [22400/50000 (45%)]	Loss: 0.114472
Train Epoch: 86 [25600/50000 (51%)]	Loss: 0.061852
Train Epoch: 86 [28800/50000 (58%)]	Loss: 0.049257
Train Epoch: 86 [32000/50000 (64%)]	Loss: 0.053143
Train Epoch: 86 [35200/50000 (70%)]	Loss: 0.209403
Train Epoch: 86 [38400/50000 (77%)]	Loss: 0.110371
Train Epoch: 86 [41600/50000 (83%)]	Loss: 0.053234
Train Epoch: 86 [44800/50000 (90%)]	Loss: 0.193222
Train Epoch: 86 [48000/50000 (96%)]	Loss: 0.163394

Test set: Average loss: 0.0004, Accuracy: 8805/10000 (88%)

Train Epoch: 87 [0/50000 (0%)]	Loss: 0.067334
Train Epoch: 87 [3200/50000 (6%)]	Loss: 0.168190
Train Epoch: 87 [6400/50000 (13%)]	Loss: 0.162557
Train Epoch: 87 [9600/50000 (19%)]	Loss: 0.172211
Train Epoch: 87 [12800/50000 (26%)]	Loss: 0.165622
Train Epoch: 87 [16000/50000 (32%)]	Loss: 0.188443
Train Epoch: 87 [19200/50000 (38%)]	Loss: 0.109431
Train Epoch: 87 [22400/50000 (45%)]	Loss: 0.166200
Train Epoch: 87 [25600/50000 (51%)]	Loss: 0.133706
Train Epoch: 87 [28800/50000 (58%)]	Loss: 0.113086
Train Epoch: 87 [32000/50000 (64%)]	Loss: 0.020171
Train Epoch: 87 [35200/50000 (70%)]	Loss: 0.140950
Train Epoch: 87 [38400/50000 (77%)]	Loss: 0.118652
Train Epoch: 87 [41600/50000 (83%)]	Loss: 0.078273
Train Epoch: 87 [44800/50000 (90%)]	Loss: 0.105590
Train Epoch: 87 [48000/50000 (96%)]	Loss: 0.200526

Test set: Average loss: 0.0004, Accuracy: 8825/10000 (88%)

Train Epoch: 88 [0/50000 (0%)]	Loss: 0.137288
Train Epoch: 88 [3200/50000 (6%)]	Loss: 0.091673
Train Epoch: 88 [6400/50000 (13%)]	Loss: 0.074543
Train Epoch: 88 [9600/50000 (19%)]	Loss: 0.154237
Train Epoch: 88 [12800/50000 (26%)]	Loss: 0.210484
Train Epoch: 88 [16000/50000 (32%)]	Loss: 0.036757
Train Epoch: 88 [19200/50000 (38%)]	Loss: 0.139118
Train Epoch: 88 [22400/50000 (45%)]	Loss: 0.096327
Train Epoch: 88 [25600/50000 (51%)]	Loss: 0.096943
Train Epoch: 88 [28800/50000 (58%)]	Loss: 0.181778
Train Epoch: 88 [32000/50000 (64%)]	Loss: 0.146920
Train Epoch: 88 [35200/50000 (70%)]	Loss: 0.071014
Train Epoch: 88 [38400/50000 (77%)]	Loss: 0.153040
Train Epoch: 88 [41600/50000 (83%)]	Loss: 0.159647
Train Epoch: 88 [44800/50000 (90%)]	Loss: 0.296223
Train Epoch: 88 [48000/50000 (96%)]	Loss: 0.078129

Test set: Average loss: 0.0004, Accuracy: 8843/10000 (88%)

Train Epoch: 89 [0/50000 (0%)]	Loss: 0.074807
Train Epoch: 89 [3200/50000 (6%)]	Loss: 0.148695
Train Epoch: 89 [6400/50000 (13%)]	Loss: 0.022185
Train Epoch: 89 [9600/50000 (19%)]	Loss: 0.054696
Train Epoch: 89 [12800/50000 (26%)]	Loss: 0.169541
Train Epoch: 89 [16000/50000 (32%)]	Loss: 0.125806
Train Epoch: 89 [19200/50000 (38%)]	Loss: 0.046413
Train Epoch: 89 [22400/50000 (45%)]	Loss: 0.155800
Train Epoch: 89 [25600/50000 (51%)]	Loss: 0.098557
Train Epoch: 89 [28800/50000 (58%)]	Loss: 0.145001
Train Epoch: 89 [32000/50000 (64%)]	Loss: 0.234552
Train Epoch: 89 [35200/50000 (70%)]	Loss: 0.166474
Train Epoch: 89 [38400/50000 (77%)]	Loss: 0.052329
Train Epoch: 89 [41600/50000 (83%)]	Loss: 0.025560
Train Epoch: 89 [44800/50000 (90%)]	Loss: 0.042855
Train Epoch: 89 [48000/50000 (96%)]	Loss: 0.046497

Test set: Average loss: 0.0004, Accuracy: 8816/10000 (88%)

Train Epoch: 90 [0/50000 (0%)]	Loss: 0.201847
Train Epoch: 90 [3200/50000 (6%)]	Loss: 0.146770
Train Epoch: 90 [6400/50000 (13%)]	Loss: 0.059214
Train Epoch: 90 [9600/50000 (19%)]	Loss: 0.158582
Train Epoch: 90 [12800/50000 (26%)]	Loss: 0.153318
Train Epoch: 90 [16000/50000 (32%)]	Loss: 0.061785
Train Epoch: 90 [19200/50000 (38%)]	Loss: 0.127891
Train Epoch: 90 [22400/50000 (45%)]	Loss: 0.112214
Train Epoch: 90 [25600/50000 (51%)]	Loss: 0.209551
Train Epoch: 90 [28800/50000 (58%)]	Loss: 0.066042
Train Epoch: 90 [32000/50000 (64%)]	Loss: 0.100108
Train Epoch: 90 [35200/50000 (70%)]	Loss: 0.022153
Train Epoch: 90 [38400/50000 (77%)]	Loss: 0.145791
Train Epoch: 90 [41600/50000 (83%)]	Loss: 0.059617
Train Epoch: 90 [44800/50000 (90%)]	Loss: 0.076268
Train Epoch: 90 [48000/50000 (96%)]	Loss: 0.122405

Test set: Average loss: 0.0004, Accuracy: 8815/10000 (88%)

Train Epoch: 91 [0/50000 (0%)]	Loss: 0.124932
Train Epoch: 91 [3200/50000 (6%)]	Loss: 0.077243
Train Epoch: 91 [6400/50000 (13%)]	Loss: 0.175937
Train Epoch: 91 [9600/50000 (19%)]	Loss: 0.054421
Train Epoch: 91 [12800/50000 (26%)]	Loss: 0.271888
Train Epoch: 91 [16000/50000 (32%)]	Loss: 0.152056
Train Epoch: 91 [19200/50000 (38%)]	Loss: 0.025895
Train Epoch: 91 [22400/50000 (45%)]	Loss: 0.075887
Train Epoch: 91 [25600/50000 (51%)]	Loss: 0.068960
Train Epoch: 91 [28800/50000 (58%)]	Loss: 0.168205
Train Epoch: 91 [32000/50000 (64%)]	Loss: 0.130150
Train Epoch: 91 [35200/50000 (70%)]	Loss: 0.064630
Train Epoch: 91 [38400/50000 (77%)]	Loss: 0.057402
Train Epoch: 91 [41600/50000 (83%)]	Loss: 0.162683
Train Epoch: 91 [44800/50000 (90%)]	Loss: 0.099726
Train Epoch: 91 [48000/50000 (96%)]	Loss: 0.099248

Test set: Average loss: 0.0004, Accuracy: 8817/10000 (88%)

Train Epoch: 92 [0/50000 (0%)]	Loss: 0.083034
Train Epoch: 92 [3200/50000 (6%)]	Loss: 0.079789
Train Epoch: 92 [6400/50000 (13%)]	Loss: 0.039231
Train Epoch: 92 [9600/50000 (19%)]	Loss: 0.104347
Train Epoch: 92 [12800/50000 (26%)]	Loss: 0.142254
Train Epoch: 92 [16000/50000 (32%)]	Loss: 0.081954
Train Epoch: 92 [19200/50000 (38%)]	Loss: 0.027767
Train Epoch: 92 [22400/50000 (45%)]	Loss: 0.113776
Train Epoch: 92 [25600/50000 (51%)]	Loss: 0.129269
Train Epoch: 92 [28800/50000 (58%)]	Loss: 0.235397
Train Epoch: 92 [32000/50000 (64%)]	Loss: 0.166671
Train Epoch: 92 [35200/50000 (70%)]	Loss: 0.094548
Train Epoch: 92 [38400/50000 (77%)]	Loss: 0.109946
Train Epoch: 92 [41600/50000 (83%)]	Loss: 0.121652
Train Epoch: 92 [44800/50000 (90%)]	Loss: 0.103558
Train Epoch: 92 [48000/50000 (96%)]	Loss: 0.100676

Test set: Average loss: 0.0004, Accuracy: 8827/10000 (88%)

Train Epoch: 93 [0/50000 (0%)]	Loss: 0.088345
Train Epoch: 93 [3200/50000 (6%)]	Loss: 0.113047
Train Epoch: 93 [6400/50000 (13%)]	Loss: 0.148453
Train Epoch: 93 [9600/50000 (19%)]	Loss: 0.044977
Train Epoch: 93 [12800/50000 (26%)]	Loss: 0.166178
Train Epoch: 93 [16000/50000 (32%)]	Loss: 0.236295
Train Epoch: 93 [19200/50000 (38%)]	Loss: 0.154238
Train Epoch: 93 [22400/50000 (45%)]	Loss: 0.120306
Train Epoch: 93 [25600/50000 (51%)]	Loss: 0.083948
Train Epoch: 93 [28800/50000 (58%)]	Loss: 0.051458
Train Epoch: 93 [32000/50000 (64%)]	Loss: 0.096146
Train Epoch: 93 [35200/50000 (70%)]	Loss: 0.151729
Train Epoch: 93 [38400/50000 (77%)]	Loss: 0.054438
Train Epoch: 93 [41600/50000 (83%)]	Loss: 0.159788
Train Epoch: 93 [44800/50000 (90%)]	Loss: 0.115282
Train Epoch: 93 [48000/50000 (96%)]	Loss: 0.120397

Test set: Average loss: 0.0004, Accuracy: 8816/10000 (88%)

Train Epoch: 94 [0/50000 (0%)]	Loss: 0.273328
Train Epoch: 94 [3200/50000 (6%)]	Loss: 0.050911
Train Epoch: 94 [6400/50000 (13%)]	Loss: 0.149118
Train Epoch: 94 [9600/50000 (19%)]	Loss: 0.056883
Train Epoch: 94 [12800/50000 (26%)]	Loss: 0.148072
Train Epoch: 94 [16000/50000 (32%)]	Loss: 0.145726
Train Epoch: 94 [19200/50000 (38%)]	Loss: 0.047802
Train Epoch: 94 [22400/50000 (45%)]	Loss: 0.116815
Train Epoch: 94 [25600/50000 (51%)]	Loss: 0.154901
Train Epoch: 94 [28800/50000 (58%)]	Loss: 0.111241
Train Epoch: 94 [32000/50000 (64%)]	Loss: 0.184053
Train Epoch: 94 [35200/50000 (70%)]	Loss: 0.110765
Train Epoch: 94 [38400/50000 (77%)]	Loss: 0.108257
Train Epoch: 94 [41600/50000 (83%)]	Loss: 0.039763
Train Epoch: 94 [44800/50000 (90%)]	Loss: 0.097020
Train Epoch: 94 [48000/50000 (96%)]	Loss: 0.063593

Test set: Average loss: 0.0004, Accuracy: 8847/10000 (88%)

Train Epoch: 95 [0/50000 (0%)]	Loss: 0.090638
Train Epoch: 95 [3200/50000 (6%)]	Loss: 0.124076
Train Epoch: 95 [6400/50000 (13%)]	Loss: 0.146895
Train Epoch: 95 [9600/50000 (19%)]	Loss: 0.203198
Train Epoch: 95 [12800/50000 (26%)]	Loss: 0.151963
Train Epoch: 95 [16000/50000 (32%)]	Loss: 0.077633
Train Epoch: 95 [19200/50000 (38%)]	Loss: 0.195390
Train Epoch: 95 [22400/50000 (45%)]	Loss: 0.097067
Train Epoch: 95 [25600/50000 (51%)]	Loss: 0.072658
Train Epoch: 95 [28800/50000 (58%)]	Loss: 0.091706
Train Epoch: 95 [32000/50000 (64%)]	Loss: 0.059823
Train Epoch: 95 [35200/50000 (70%)]	Loss: 0.152842
Train Epoch: 95 [38400/50000 (77%)]	Loss: 0.098643
Train Epoch: 95 [41600/50000 (83%)]	Loss: 0.137811
Train Epoch: 95 [44800/50000 (90%)]	Loss: 0.198528
Train Epoch: 95 [48000/50000 (96%)]	Loss: 0.138290

Test set: Average loss: 0.0004, Accuracy: 8845/10000 (88%)

Train Epoch: 96 [0/50000 (0%)]	Loss: 0.049859
Train Epoch: 96 [3200/50000 (6%)]	Loss: 0.068623
Train Epoch: 96 [6400/50000 (13%)]	Loss: 0.115114
Train Epoch: 96 [9600/50000 (19%)]	Loss: 0.050139
Train Epoch: 96 [12800/50000 (26%)]	Loss: 0.036363
Train Epoch: 96 [16000/50000 (32%)]	Loss: 0.074246
Train Epoch: 96 [19200/50000 (38%)]	Loss: 0.117936
Train Epoch: 96 [22400/50000 (45%)]	Loss: 0.029214
Train Epoch: 96 [25600/50000 (51%)]	Loss: 0.132726
Train Epoch: 96 [28800/50000 (58%)]	Loss: 0.204934
Train Epoch: 96 [32000/50000 (64%)]	Loss: 0.027697
Train Epoch: 96 [35200/50000 (70%)]	Loss: 0.090696
Train Epoch: 96 [38400/50000 (77%)]	Loss: 0.168997
Train Epoch: 96 [41600/50000 (83%)]	Loss: 0.090148
Train Epoch: 96 [44800/50000 (90%)]	Loss: 0.102334
Train Epoch: 96 [48000/50000 (96%)]	Loss: 0.062048

Test set: Average loss: 0.0004, Accuracy: 8826/10000 (88%)

Train Epoch: 97 [0/50000 (0%)]	Loss: 0.102778
Train Epoch: 97 [3200/50000 (6%)]	Loss: 0.073608
Train Epoch: 97 [6400/50000 (13%)]	Loss: 0.151376
Train Epoch: 97 [9600/50000 (19%)]	Loss: 0.052643
Train Epoch: 97 [12800/50000 (26%)]	Loss: 0.101562
Train Epoch: 97 [16000/50000 (32%)]	Loss: 0.120530
Train Epoch: 97 [19200/50000 (38%)]	Loss: 0.049645
Train Epoch: 97 [22400/50000 (45%)]	Loss: 0.055684
Train Epoch: 97 [25600/50000 (51%)]	Loss: 0.157350
Train Epoch: 97 [28800/50000 (58%)]	Loss: 0.074330
Train Epoch: 97 [32000/50000 (64%)]	Loss: 0.037537
Train Epoch: 97 [35200/50000 (70%)]	Loss: 0.055568
Train Epoch: 97 [38400/50000 (77%)]	Loss: 0.157346
Train Epoch: 97 [41600/50000 (83%)]	Loss: 0.134664
Train Epoch: 97 [44800/50000 (90%)]	Loss: 0.117119
Train Epoch: 97 [48000/50000 (96%)]	Loss: 0.142036

Test set: Average loss: 0.0004, Accuracy: 8812/10000 (88%)

Train Epoch: 98 [0/50000 (0%)]	Loss: 0.046976
Train Epoch: 98 [3200/50000 (6%)]	Loss: 0.090481
Train Epoch: 98 [6400/50000 (13%)]	Loss: 0.085984
Train Epoch: 98 [9600/50000 (19%)]	Loss: 0.077813
Train Epoch: 98 [12800/50000 (26%)]	Loss: 0.144975
Train Epoch: 98 [16000/50000 (32%)]	Loss: 0.050809
Train Epoch: 98 [19200/50000 (38%)]	Loss: 0.112574
Train Epoch: 98 [22400/50000 (45%)]	Loss: 0.125071
Train Epoch: 98 [25600/50000 (51%)]	Loss: 0.084303
Train Epoch: 98 [28800/50000 (58%)]	Loss: 0.021676
Train Epoch: 98 [32000/50000 (64%)]	Loss: 0.169289
Train Epoch: 98 [35200/50000 (70%)]	Loss: 0.094784
Train Epoch: 98 [38400/50000 (77%)]	Loss: 0.103224
Train Epoch: 98 [41600/50000 (83%)]	Loss: 0.078829
Train Epoch: 98 [44800/50000 (90%)]	Loss: 0.144160
Train Epoch: 98 [48000/50000 (96%)]	Loss: 0.054844

Test set: Average loss: 0.0004, Accuracy: 8815/10000 (88%)

Train Epoch: 99 [0/50000 (0%)]	Loss: 0.069661
Train Epoch: 99 [3200/50000 (6%)]	Loss: 0.038810
Train Epoch: 99 [6400/50000 (13%)]	Loss: 0.078263
Train Epoch: 99 [9600/50000 (19%)]	Loss: 0.058319
Train Epoch: 99 [12800/50000 (26%)]	Loss: 0.057622
Train Epoch: 99 [16000/50000 (32%)]	Loss: 0.146920
Train Epoch: 99 [19200/50000 (38%)]	Loss: 0.243523
Train Epoch: 99 [22400/50000 (45%)]	Loss: 0.065459
Train Epoch: 99 [25600/50000 (51%)]	Loss: 0.159739
Train Epoch: 99 [28800/50000 (58%)]	Loss: 0.083805
Train Epoch: 99 [32000/50000 (64%)]	Loss: 0.054135
Train Epoch: 99 [35200/50000 (70%)]	Loss: 0.086956
Train Epoch: 99 [38400/50000 (77%)]	Loss: 0.041576
Train Epoch: 99 [41600/50000 (83%)]	Loss: 0.089199
Train Epoch: 99 [44800/50000 (90%)]	Loss: 0.186933
Train Epoch: 99 [48000/50000 (96%)]	Loss: 0.128559

Test set: Average loss: 0.0004, Accuracy: 8814/10000 (88%)

Train Epoch: 100 [0/50000 (0%)]	Loss: 0.078492
Train Epoch: 100 [3200/50000 (6%)]	Loss: 0.080904
Train Epoch: 100 [6400/50000 (13%)]	Loss: 0.169939
Train Epoch: 100 [9600/50000 (19%)]	Loss: 0.073348
Train Epoch: 100 [12800/50000 (26%)]	Loss: 0.129694
Train Epoch: 100 [16000/50000 (32%)]	Loss: 0.127992
Train Epoch: 100 [19200/50000 (38%)]	Loss: 0.084854
Train Epoch: 100 [22400/50000 (45%)]	Loss: 0.115505
Train Epoch: 100 [25600/50000 (51%)]	Loss: 0.054695
Train Epoch: 100 [28800/50000 (58%)]	Loss: 0.152184
Train Epoch: 100 [32000/50000 (64%)]	Loss: 0.070733
Train Epoch: 100 [35200/50000 (70%)]	Loss: 0.044422
Train Epoch: 100 [38400/50000 (77%)]	Loss: 0.103486
Train Epoch: 100 [41600/50000 (83%)]	Loss: 0.163004
Train Epoch: 100 [44800/50000 (90%)]	Loss: 0.180507
Train Epoch: 100 [48000/50000 (96%)]	Loss: 0.062363

Test set: Average loss: 0.0004, Accuracy: 8828/10000 (88%)

