Files already downloaded and verified
Files already downloaded and verified
Total parameters: 3175376
Train Epoch: 1 [0/50000 (0%)]	Loss: 2.314402
Train Epoch: 1 [3200/50000 (6%)]	Loss: 2.061388
Train Epoch: 1 [6400/50000 (13%)]	Loss: 2.014914
Train Epoch: 1 [9600/50000 (19%)]	Loss: 2.014614
Train Epoch: 1 [12800/50000 (26%)]	Loss: 1.737213
Train Epoch: 1 [16000/50000 (32%)]	Loss: 1.806581
Train Epoch: 1 [19200/50000 (38%)]	Loss: 1.496045
Train Epoch: 1 [22400/50000 (45%)]	Loss: 1.688724
Train Epoch: 1 [25600/50000 (51%)]	Loss: 1.721001
Train Epoch: 1 [28800/50000 (58%)]	Loss: 1.639207
Train Epoch: 1 [32000/50000 (64%)]	Loss: 1.816615
Train Epoch: 1 [35200/50000 (70%)]	Loss: 1.608587
Train Epoch: 1 [38400/50000 (77%)]	Loss: 1.411301
Train Epoch: 1 [41600/50000 (83%)]	Loss: 1.496429
Train Epoch: 1 [44800/50000 (90%)]	Loss: 1.498117
Train Epoch: 1 [48000/50000 (96%)]	Loss: 1.513021

Test set: Average loss: 0.0015, Accuracy: 4656/10000 (47%)

Train Epoch: 2 [0/50000 (0%)]	Loss: 1.537458
Train Epoch: 2 [3200/50000 (6%)]	Loss: 1.284064
Train Epoch: 2 [6400/50000 (13%)]	Loss: 1.533923
Train Epoch: 2 [9600/50000 (19%)]	Loss: 1.617012
Train Epoch: 2 [12800/50000 (26%)]	Loss: 1.613275
Train Epoch: 2 [16000/50000 (32%)]	Loss: 1.241311
Train Epoch: 2 [19200/50000 (38%)]	Loss: 1.505260
Train Epoch: 2 [22400/50000 (45%)]	Loss: 1.143651
Train Epoch: 2 [25600/50000 (51%)]	Loss: 1.356976
Train Epoch: 2 [28800/50000 (58%)]	Loss: 1.331610
Train Epoch: 2 [32000/50000 (64%)]	Loss: 1.252662
Train Epoch: 2 [35200/50000 (70%)]	Loss: 1.301158
Train Epoch: 2 [38400/50000 (77%)]	Loss: 1.061837
Train Epoch: 2 [41600/50000 (83%)]	Loss: 1.158957
Train Epoch: 2 [44800/50000 (90%)]	Loss: 1.311101
Train Epoch: 2 [48000/50000 (96%)]	Loss: 1.202903

Test set: Average loss: 0.0011, Accuracy: 5883/10000 (59%)

Train Epoch: 3 [0/50000 (0%)]	Loss: 1.118295
Train Epoch: 3 [3200/50000 (6%)]	Loss: 1.173769
Train Epoch: 3 [6400/50000 (13%)]	Loss: 1.140376
Train Epoch: 3 [9600/50000 (19%)]	Loss: 1.025567
Train Epoch: 3 [12800/50000 (26%)]	Loss: 1.063128
Train Epoch: 3 [16000/50000 (32%)]	Loss: 1.156092
Train Epoch: 3 [19200/50000 (38%)]	Loss: 1.301180
Train Epoch: 3 [22400/50000 (45%)]	Loss: 1.472729
Train Epoch: 3 [25600/50000 (51%)]	Loss: 1.042121
Train Epoch: 3 [28800/50000 (58%)]	Loss: 0.984142
Train Epoch: 3 [32000/50000 (64%)]	Loss: 1.108401
Train Epoch: 3 [35200/50000 (70%)]	Loss: 1.076374
Train Epoch: 3 [38400/50000 (77%)]	Loss: 0.914202
Train Epoch: 3 [41600/50000 (83%)]	Loss: 1.034656
Train Epoch: 3 [44800/50000 (90%)]	Loss: 0.995065
Train Epoch: 3 [48000/50000 (96%)]	Loss: 0.931552

Test set: Average loss: 0.0010, Accuracy: 6644/10000 (66%)

Train Epoch: 4 [0/50000 (0%)]	Loss: 1.056026
Train Epoch: 4 [3200/50000 (6%)]	Loss: 0.997343
Train Epoch: 4 [6400/50000 (13%)]	Loss: 0.986152
Train Epoch: 4 [9600/50000 (19%)]	Loss: 0.880855
Train Epoch: 4 [12800/50000 (26%)]	Loss: 1.156865
Train Epoch: 4 [16000/50000 (32%)]	Loss: 0.690068
Train Epoch: 4 [19200/50000 (38%)]	Loss: 0.691950
Train Epoch: 4 [22400/50000 (45%)]	Loss: 1.216950
Train Epoch: 4 [25600/50000 (51%)]	Loss: 0.972377
Train Epoch: 4 [28800/50000 (58%)]	Loss: 0.686856
Train Epoch: 4 [32000/50000 (64%)]	Loss: 1.001947
Train Epoch: 4 [35200/50000 (70%)]	Loss: 1.189986
Train Epoch: 4 [38400/50000 (77%)]	Loss: 1.032696
Train Epoch: 4 [41600/50000 (83%)]	Loss: 0.980003
Train Epoch: 4 [44800/50000 (90%)]	Loss: 0.664700
Train Epoch: 4 [48000/50000 (96%)]	Loss: 0.987700

Test set: Average loss: 0.0009, Accuracy: 7042/10000 (70%)

Train Epoch: 5 [0/50000 (0%)]	Loss: 0.739571
Train Epoch: 5 [3200/50000 (6%)]	Loss: 0.785991
Train Epoch: 5 [6400/50000 (13%)]	Loss: 0.964057
Train Epoch: 5 [9600/50000 (19%)]	Loss: 0.895349
Train Epoch: 5 [12800/50000 (26%)]	Loss: 0.842320
Train Epoch: 5 [16000/50000 (32%)]	Loss: 0.752164
Train Epoch: 5 [19200/50000 (38%)]	Loss: 0.822773
Train Epoch: 5 [22400/50000 (45%)]	Loss: 0.627156
Train Epoch: 5 [25600/50000 (51%)]	Loss: 1.002048
Train Epoch: 5 [28800/50000 (58%)]	Loss: 0.778596
Train Epoch: 5 [32000/50000 (64%)]	Loss: 0.951942
Train Epoch: 5 [35200/50000 (70%)]	Loss: 0.975095
Train Epoch: 5 [38400/50000 (77%)]	Loss: 0.654941
Train Epoch: 5 [41600/50000 (83%)]	Loss: 0.622431
Train Epoch: 5 [44800/50000 (90%)]	Loss: 0.592309
Train Epoch: 5 [48000/50000 (96%)]	Loss: 0.843249

Test set: Average loss: 0.0007, Accuracy: 7473/10000 (75%)

Train Epoch: 6 [0/50000 (0%)]	Loss: 0.738761
Train Epoch: 6 [3200/50000 (6%)]	Loss: 0.759244
Train Epoch: 6 [6400/50000 (13%)]	Loss: 0.847124
Train Epoch: 6 [9600/50000 (19%)]	Loss: 0.628176
Train Epoch: 6 [12800/50000 (26%)]	Loss: 0.803664
Train Epoch: 6 [16000/50000 (32%)]	Loss: 0.870539
Train Epoch: 6 [19200/50000 (38%)]	Loss: 0.829252
Train Epoch: 6 [22400/50000 (45%)]	Loss: 0.533655
Train Epoch: 6 [25600/50000 (51%)]	Loss: 0.833242
Train Epoch: 6 [28800/50000 (58%)]	Loss: 0.915341
Train Epoch: 6 [32000/50000 (64%)]	Loss: 0.806686
Train Epoch: 6 [35200/50000 (70%)]	Loss: 0.860384
Train Epoch: 6 [38400/50000 (77%)]	Loss: 0.657674
Train Epoch: 6 [41600/50000 (83%)]	Loss: 0.923818
Train Epoch: 6 [44800/50000 (90%)]	Loss: 0.789182
Train Epoch: 6 [48000/50000 (96%)]	Loss: 0.627830

Test set: Average loss: 0.0007, Accuracy: 7602/10000 (76%)

Train Epoch: 7 [0/50000 (0%)]	Loss: 0.851033
Train Epoch: 7 [3200/50000 (6%)]	Loss: 0.510235
Train Epoch: 7 [6400/50000 (13%)]	Loss: 0.706029
Train Epoch: 7 [9600/50000 (19%)]	Loss: 0.894341
Train Epoch: 7 [12800/50000 (26%)]	Loss: 0.509828
Train Epoch: 7 [16000/50000 (32%)]	Loss: 0.543220
Train Epoch: 7 [19200/50000 (38%)]	Loss: 0.852870
Train Epoch: 7 [22400/50000 (45%)]	Loss: 0.616459
Train Epoch: 7 [25600/50000 (51%)]	Loss: 0.712998
Train Epoch: 7 [28800/50000 (58%)]	Loss: 0.624648
Train Epoch: 7 [32000/50000 (64%)]	Loss: 0.546308
Train Epoch: 7 [35200/50000 (70%)]	Loss: 0.867244
Train Epoch: 7 [38400/50000 (77%)]	Loss: 0.612147
Train Epoch: 7 [41600/50000 (83%)]	Loss: 0.652034
Train Epoch: 7 [44800/50000 (90%)]	Loss: 0.753882
Train Epoch: 7 [48000/50000 (96%)]	Loss: 0.769846

Test set: Average loss: 0.0007, Accuracy: 7608/10000 (76%)

Train Epoch: 8 [0/50000 (0%)]	Loss: 0.672860
Train Epoch: 8 [3200/50000 (6%)]	Loss: 0.496023
Train Epoch: 8 [6400/50000 (13%)]	Loss: 0.682789
Train Epoch: 8 [9600/50000 (19%)]	Loss: 0.671279
Train Epoch: 8 [12800/50000 (26%)]	Loss: 0.423779
Train Epoch: 8 [16000/50000 (32%)]	Loss: 0.692442
Train Epoch: 8 [19200/50000 (38%)]	Loss: 0.394959
Train Epoch: 8 [22400/50000 (45%)]	Loss: 0.728286
Train Epoch: 8 [25600/50000 (51%)]	Loss: 0.806038
Train Epoch: 8 [28800/50000 (58%)]	Loss: 0.582886
Train Epoch: 8 [32000/50000 (64%)]	Loss: 0.426849
Train Epoch: 8 [35200/50000 (70%)]	Loss: 0.817078
Train Epoch: 8 [38400/50000 (77%)]	Loss: 0.667236
Train Epoch: 8 [41600/50000 (83%)]	Loss: 0.812075
Train Epoch: 8 [44800/50000 (90%)]	Loss: 0.706099
Train Epoch: 8 [48000/50000 (96%)]	Loss: 0.637628

Test set: Average loss: 0.0006, Accuracy: 7928/10000 (79%)

Train Epoch: 9 [0/50000 (0%)]	Loss: 0.581896
Train Epoch: 9 [3200/50000 (6%)]	Loss: 0.599933
Train Epoch: 9 [6400/50000 (13%)]	Loss: 0.527107
Train Epoch: 9 [9600/50000 (19%)]	Loss: 0.667685
Train Epoch: 9 [12800/50000 (26%)]	Loss: 0.469106
Train Epoch: 9 [16000/50000 (32%)]	Loss: 0.546918
Train Epoch: 9 [19200/50000 (38%)]	Loss: 0.525446
Train Epoch: 9 [22400/50000 (45%)]	Loss: 0.655269
Train Epoch: 9 [25600/50000 (51%)]	Loss: 0.467373
Train Epoch: 9 [28800/50000 (58%)]	Loss: 0.548214
Train Epoch: 9 [32000/50000 (64%)]	Loss: 0.520080
Train Epoch: 9 [35200/50000 (70%)]	Loss: 0.625702
Train Epoch: 9 [38400/50000 (77%)]	Loss: 0.639443
Train Epoch: 9 [41600/50000 (83%)]	Loss: 0.576694
Train Epoch: 9 [44800/50000 (90%)]	Loss: 0.730187
Train Epoch: 9 [48000/50000 (96%)]	Loss: 0.400892

Test set: Average loss: 0.0006, Accuracy: 7990/10000 (80%)

Train Epoch: 10 [0/50000 (0%)]	Loss: 0.784341
Train Epoch: 10 [3200/50000 (6%)]	Loss: 0.501897
Train Epoch: 10 [6400/50000 (13%)]	Loss: 0.511753
Train Epoch: 10 [9600/50000 (19%)]	Loss: 0.501865
Train Epoch: 10 [12800/50000 (26%)]	Loss: 0.612832
Train Epoch: 10 [16000/50000 (32%)]	Loss: 0.517553
Train Epoch: 10 [19200/50000 (38%)]	Loss: 0.621497
Train Epoch: 10 [22400/50000 (45%)]	Loss: 0.568417
Train Epoch: 10 [25600/50000 (51%)]	Loss: 0.469064
Train Epoch: 10 [28800/50000 (58%)]	Loss: 0.592072
Train Epoch: 10 [32000/50000 (64%)]	Loss: 0.570682
Train Epoch: 10 [35200/50000 (70%)]	Loss: 0.324973
Train Epoch: 10 [38400/50000 (77%)]	Loss: 0.504006
Train Epoch: 10 [41600/50000 (83%)]	Loss: 0.467835
Train Epoch: 10 [44800/50000 (90%)]	Loss: 0.557810
Train Epoch: 10 [48000/50000 (96%)]	Loss: 0.530682

Test set: Average loss: 0.0006, Accuracy: 8063/10000 (81%)

Train Epoch: 11 [0/50000 (0%)]	Loss: 0.487515
Train Epoch: 11 [3200/50000 (6%)]	Loss: 0.498061
Train Epoch: 11 [6400/50000 (13%)]	Loss: 0.565071
Train Epoch: 11 [9600/50000 (19%)]	Loss: 0.629203
Train Epoch: 11 [12800/50000 (26%)]	Loss: 0.497937
Train Epoch: 11 [16000/50000 (32%)]	Loss: 0.456804
Train Epoch: 11 [19200/50000 (38%)]	Loss: 0.552257
Train Epoch: 11 [22400/50000 (45%)]	Loss: 0.639721
Train Epoch: 11 [25600/50000 (51%)]	Loss: 0.475472
Train Epoch: 11 [28800/50000 (58%)]	Loss: 0.574849
Train Epoch: 11 [32000/50000 (64%)]	Loss: 0.543794
Train Epoch: 11 [35200/50000 (70%)]	Loss: 0.571632
Train Epoch: 11 [38400/50000 (77%)]	Loss: 0.638644
Train Epoch: 11 [41600/50000 (83%)]	Loss: 0.580193
Train Epoch: 11 [44800/50000 (90%)]	Loss: 0.534498
Train Epoch: 11 [48000/50000 (96%)]	Loss: 0.447065

Test set: Average loss: 0.0005, Accuracy: 8217/10000 (82%)

Train Epoch: 12 [0/50000 (0%)]	Loss: 0.386260
Train Epoch: 12 [3200/50000 (6%)]	Loss: 0.735150
Train Epoch: 12 [6400/50000 (13%)]	Loss: 0.576610
Train Epoch: 12 [9600/50000 (19%)]	Loss: 0.552693
Train Epoch: 12 [12800/50000 (26%)]	Loss: 0.675540
Train Epoch: 12 [16000/50000 (32%)]	Loss: 0.395009
Train Epoch: 12 [19200/50000 (38%)]	Loss: 0.586700
Train Epoch: 12 [22400/50000 (45%)]	Loss: 0.468711
Train Epoch: 12 [25600/50000 (51%)]	Loss: 0.554480
Train Epoch: 12 [28800/50000 (58%)]	Loss: 0.508849
Train Epoch: 12 [32000/50000 (64%)]	Loss: 0.559557
Train Epoch: 12 [35200/50000 (70%)]	Loss: 0.409414
Train Epoch: 12 [38400/50000 (77%)]	Loss: 0.537265
Train Epoch: 12 [41600/50000 (83%)]	Loss: 0.471146
Train Epoch: 12 [44800/50000 (90%)]	Loss: 0.429875
Train Epoch: 12 [48000/50000 (96%)]	Loss: 0.471944

Test set: Average loss: 0.0006, Accuracy: 8073/10000 (81%)

Train Epoch: 13 [0/50000 (0%)]	Loss: 0.644411
Train Epoch: 13 [3200/50000 (6%)]	Loss: 0.622030
Train Epoch: 13 [6400/50000 (13%)]	Loss: 0.548148
Train Epoch: 13 [9600/50000 (19%)]	Loss: 0.421010
Train Epoch: 13 [12800/50000 (26%)]	Loss: 0.443951
Train Epoch: 13 [16000/50000 (32%)]	Loss: 0.413996
Train Epoch: 13 [19200/50000 (38%)]	Loss: 0.425924
Train Epoch: 13 [22400/50000 (45%)]	Loss: 0.514799
Train Epoch: 13 [25600/50000 (51%)]	Loss: 0.605460
Train Epoch: 13 [28800/50000 (58%)]	Loss: 0.619589
Train Epoch: 13 [32000/50000 (64%)]	Loss: 0.491024
Train Epoch: 13 [35200/50000 (70%)]	Loss: 0.346965
Train Epoch: 13 [38400/50000 (77%)]	Loss: 0.608632
Train Epoch: 13 [41600/50000 (83%)]	Loss: 0.419424
Train Epoch: 13 [44800/50000 (90%)]	Loss: 0.564006
Train Epoch: 13 [48000/50000 (96%)]	Loss: 0.328707

Test set: Average loss: 0.0005, Accuracy: 8299/10000 (83%)

Train Epoch: 14 [0/50000 (0%)]	Loss: 0.517435
Train Epoch: 14 [3200/50000 (6%)]	Loss: 0.638927
Train Epoch: 14 [6400/50000 (13%)]	Loss: 0.707624
Train Epoch: 14 [9600/50000 (19%)]	Loss: 0.653521
Train Epoch: 14 [12800/50000 (26%)]	Loss: 0.282160
Train Epoch: 14 [16000/50000 (32%)]	Loss: 0.526998
Train Epoch: 14 [19200/50000 (38%)]	Loss: 0.552718
Train Epoch: 14 [22400/50000 (45%)]	Loss: 0.583349
Train Epoch: 14 [25600/50000 (51%)]	Loss: 0.427047
Train Epoch: 14 [28800/50000 (58%)]	Loss: 0.343728
Train Epoch: 14 [32000/50000 (64%)]	Loss: 0.640214
Train Epoch: 14 [35200/50000 (70%)]	Loss: 0.498626
Train Epoch: 14 [38400/50000 (77%)]	Loss: 0.429274
Train Epoch: 14 [41600/50000 (83%)]	Loss: 0.242074
Train Epoch: 14 [44800/50000 (90%)]	Loss: 0.478194
Train Epoch: 14 [48000/50000 (96%)]	Loss: 0.485265

Test set: Average loss: 0.0005, Accuracy: 8354/10000 (84%)

Train Epoch: 15 [0/50000 (0%)]	Loss: 0.431022
Train Epoch: 15 [3200/50000 (6%)]	Loss: 0.509939
Train Epoch: 15 [6400/50000 (13%)]	Loss: 0.253628
Train Epoch: 15 [9600/50000 (19%)]	Loss: 0.331480
Train Epoch: 15 [12800/50000 (26%)]	Loss: 0.397869
Train Epoch: 15 [16000/50000 (32%)]	Loss: 0.486251
Train Epoch: 15 [19200/50000 (38%)]	Loss: 0.554258
Train Epoch: 15 [22400/50000 (45%)]	Loss: 0.425317
Train Epoch: 15 [25600/50000 (51%)]	Loss: 0.353692
Train Epoch: 15 [28800/50000 (58%)]	Loss: 0.426642
Train Epoch: 15 [32000/50000 (64%)]	Loss: 0.575694
Train Epoch: 15 [35200/50000 (70%)]	Loss: 0.358112
Train Epoch: 15 [38400/50000 (77%)]	Loss: 0.490190
Train Epoch: 15 [41600/50000 (83%)]	Loss: 0.380711
Train Epoch: 15 [44800/50000 (90%)]	Loss: 0.509175
Train Epoch: 15 [48000/50000 (96%)]	Loss: 0.528665

Test set: Average loss: 0.0005, Accuracy: 8306/10000 (83%)

Train Epoch: 16 [0/50000 (0%)]	Loss: 0.509337
Train Epoch: 16 [3200/50000 (6%)]	Loss: 0.553507
Train Epoch: 16 [6400/50000 (13%)]	Loss: 0.385864
Train Epoch: 16 [9600/50000 (19%)]	Loss: 0.414574
Train Epoch: 16 [12800/50000 (26%)]	Loss: 0.760543
Train Epoch: 16 [16000/50000 (32%)]	Loss: 0.533657
Train Epoch: 16 [19200/50000 (38%)]	Loss: 0.414026
Train Epoch: 16 [22400/50000 (45%)]	Loss: 0.472210
Train Epoch: 16 [25600/50000 (51%)]	Loss: 0.526864
Train Epoch: 16 [28800/50000 (58%)]	Loss: 0.434517
Train Epoch: 16 [32000/50000 (64%)]	Loss: 0.286481
Train Epoch: 16 [35200/50000 (70%)]	Loss: 0.464320
Train Epoch: 16 [38400/50000 (77%)]	Loss: 0.385219
Train Epoch: 16 [41600/50000 (83%)]	Loss: 0.454529
Train Epoch: 16 [44800/50000 (90%)]	Loss: 0.484226
Train Epoch: 16 [48000/50000 (96%)]	Loss: 0.442181

Test set: Average loss: 0.0005, Accuracy: 8368/10000 (84%)

Train Epoch: 17 [0/50000 (0%)]	Loss: 0.325781
Train Epoch: 17 [3200/50000 (6%)]	Loss: 0.407556
Train Epoch: 17 [6400/50000 (13%)]	Loss: 0.400348
Train Epoch: 17 [9600/50000 (19%)]	Loss: 0.480102
Train Epoch: 17 [12800/50000 (26%)]	Loss: 0.390782
Train Epoch: 17 [16000/50000 (32%)]	Loss: 0.407264
Train Epoch: 17 [19200/50000 (38%)]	Loss: 0.719151
Train Epoch: 17 [22400/50000 (45%)]	Loss: 0.420840
Train Epoch: 17 [25600/50000 (51%)]	Loss: 0.376608
Train Epoch: 17 [28800/50000 (58%)]	Loss: 0.486193
Train Epoch: 17 [32000/50000 (64%)]	Loss: 0.318398
Train Epoch: 17 [35200/50000 (70%)]	Loss: 0.432617
Train Epoch: 17 [38400/50000 (77%)]	Loss: 0.594908
Train Epoch: 17 [41600/50000 (83%)]	Loss: 0.431619
Train Epoch: 17 [44800/50000 (90%)]	Loss: 0.399385
Train Epoch: 17 [48000/50000 (96%)]	Loss: 0.467779

Test set: Average loss: 0.0005, Accuracy: 8510/10000 (85%)

Train Epoch: 18 [0/50000 (0%)]	Loss: 0.402470
Train Epoch: 18 [3200/50000 (6%)]	Loss: 0.394240
Train Epoch: 18 [6400/50000 (13%)]	Loss: 0.361203
Train Epoch: 18 [9600/50000 (19%)]	Loss: 0.340085
Train Epoch: 18 [12800/50000 (26%)]	Loss: 0.336500
Train Epoch: 18 [16000/50000 (32%)]	Loss: 0.553233
Train Epoch: 18 [19200/50000 (38%)]	Loss: 0.422497
Train Epoch: 18 [22400/50000 (45%)]	Loss: 0.393959
Train Epoch: 18 [25600/50000 (51%)]	Loss: 0.374980
Train Epoch: 18 [28800/50000 (58%)]	Loss: 0.308665
Train Epoch: 18 [32000/50000 (64%)]	Loss: 0.570735
Train Epoch: 18 [35200/50000 (70%)]	Loss: 0.482891
Train Epoch: 18 [38400/50000 (77%)]	Loss: 0.517174
Train Epoch: 18 [41600/50000 (83%)]	Loss: 0.373756
Train Epoch: 18 [44800/50000 (90%)]	Loss: 0.305345
Train Epoch: 18 [48000/50000 (96%)]	Loss: 0.387766

Test set: Average loss: 0.0004, Accuracy: 8549/10000 (85%)

Train Epoch: 19 [0/50000 (0%)]	Loss: 0.301331
Train Epoch: 19 [3200/50000 (6%)]	Loss: 0.285813
Train Epoch: 19 [6400/50000 (13%)]	Loss: 0.363163
Train Epoch: 19 [9600/50000 (19%)]	Loss: 0.390574
Train Epoch: 19 [12800/50000 (26%)]	Loss: 0.555304
Train Epoch: 19 [16000/50000 (32%)]	Loss: 0.228462
Train Epoch: 19 [19200/50000 (38%)]	Loss: 0.255384
Train Epoch: 19 [22400/50000 (45%)]	Loss: 0.270351
Train Epoch: 19 [25600/50000 (51%)]	Loss: 0.465342
Train Epoch: 19 [28800/50000 (58%)]	Loss: 0.415822
Train Epoch: 19 [32000/50000 (64%)]	Loss: 0.277504
Train Epoch: 19 [35200/50000 (70%)]	Loss: 0.277248
Train Epoch: 19 [38400/50000 (77%)]	Loss: 0.405752
Train Epoch: 19 [41600/50000 (83%)]	Loss: 0.307779
Train Epoch: 19 [44800/50000 (90%)]	Loss: 0.496697
Train Epoch: 19 [48000/50000 (96%)]	Loss: 0.523393

Test set: Average loss: 0.0004, Accuracy: 8485/10000 (85%)

Train Epoch: 20 [0/50000 (0%)]	Loss: 0.213457
Train Epoch: 20 [3200/50000 (6%)]	Loss: 0.434558
Train Epoch: 20 [6400/50000 (13%)]	Loss: 0.456376
Train Epoch: 20 [9600/50000 (19%)]	Loss: 0.437913
Train Epoch: 20 [12800/50000 (26%)]	Loss: 0.380561
Train Epoch: 20 [16000/50000 (32%)]	Loss: 0.515136
Train Epoch: 20 [19200/50000 (38%)]	Loss: 0.249580
Train Epoch: 20 [22400/50000 (45%)]	Loss: 0.577914
Train Epoch: 20 [25600/50000 (51%)]	Loss: 0.274095
Train Epoch: 20 [28800/50000 (58%)]	Loss: 0.321751
Train Epoch: 20 [32000/50000 (64%)]	Loss: 0.323328
Train Epoch: 20 [35200/50000 (70%)]	Loss: 0.424135
Train Epoch: 20 [38400/50000 (77%)]	Loss: 0.327737
Train Epoch: 20 [41600/50000 (83%)]	Loss: 0.303609
Train Epoch: 20 [44800/50000 (90%)]	Loss: 0.361652
Train Epoch: 20 [48000/50000 (96%)]	Loss: 0.405096

Test set: Average loss: 0.0004, Accuracy: 8581/10000 (86%)

Train Epoch: 21 [0/50000 (0%)]	Loss: 0.210191
Train Epoch: 21 [3200/50000 (6%)]	Loss: 0.183843
Train Epoch: 21 [6400/50000 (13%)]	Loss: 0.378606
Train Epoch: 21 [9600/50000 (19%)]	Loss: 0.334292
Train Epoch: 21 [12800/50000 (26%)]	Loss: 0.427504
Train Epoch: 21 [16000/50000 (32%)]	Loss: 0.261640
Train Epoch: 21 [19200/50000 (38%)]	Loss: 0.517101
Train Epoch: 21 [22400/50000 (45%)]	Loss: 0.579766
Train Epoch: 21 [25600/50000 (51%)]	Loss: 0.537526
Train Epoch: 21 [28800/50000 (58%)]	Loss: 0.475184
Train Epoch: 21 [32000/50000 (64%)]	Loss: 0.334526
Train Epoch: 21 [35200/50000 (70%)]	Loss: 0.500428
Train Epoch: 21 [38400/50000 (77%)]	Loss: 0.344421
Train Epoch: 21 [41600/50000 (83%)]	Loss: 0.342013
Train Epoch: 21 [44800/50000 (90%)]	Loss: 0.264394
Train Epoch: 21 [48000/50000 (96%)]	Loss: 0.474716

Test set: Average loss: 0.0004, Accuracy: 8587/10000 (86%)

Train Epoch: 22 [0/50000 (0%)]	Loss: 0.292453
Train Epoch: 22 [3200/50000 (6%)]	Loss: 0.295189
Train Epoch: 22 [6400/50000 (13%)]	Loss: 0.172635
Train Epoch: 22 [9600/50000 (19%)]	Loss: 0.239661
Train Epoch: 22 [12800/50000 (26%)]	Loss: 0.392700
Train Epoch: 22 [16000/50000 (32%)]	Loss: 0.391706
Train Epoch: 22 [19200/50000 (38%)]	Loss: 0.377677
Train Epoch: 22 [22400/50000 (45%)]	Loss: 0.319771
Train Epoch: 22 [25600/50000 (51%)]	Loss: 0.388869
Train Epoch: 22 [28800/50000 (58%)]	Loss: 0.218036
Train Epoch: 22 [32000/50000 (64%)]	Loss: 0.419731
Train Epoch: 22 [35200/50000 (70%)]	Loss: 0.629076
Train Epoch: 22 [38400/50000 (77%)]	Loss: 0.407690
Train Epoch: 22 [41600/50000 (83%)]	Loss: 0.426863
Train Epoch: 22 [44800/50000 (90%)]	Loss: 0.480764
Train Epoch: 22 [48000/50000 (96%)]	Loss: 0.432931

Test set: Average loss: 0.0004, Accuracy: 8603/10000 (86%)

Train Epoch: 23 [0/50000 (0%)]	Loss: 0.250902
Train Epoch: 23 [3200/50000 (6%)]	Loss: 0.376882
Train Epoch: 23 [6400/50000 (13%)]	Loss: 0.528985
Train Epoch: 23 [9600/50000 (19%)]	Loss: 0.173792
Train Epoch: 23 [12800/50000 (26%)]	Loss: 0.237880
Train Epoch: 23 [16000/50000 (32%)]	Loss: 0.234601
Train Epoch: 23 [19200/50000 (38%)]	Loss: 0.258085
Train Epoch: 23 [22400/50000 (45%)]	Loss: 0.352999
Train Epoch: 23 [25600/50000 (51%)]	Loss: 0.458602
Train Epoch: 23 [28800/50000 (58%)]	Loss: 0.424384
Train Epoch: 23 [32000/50000 (64%)]	Loss: 0.472157
Train Epoch: 23 [35200/50000 (70%)]	Loss: 0.152800
Train Epoch: 23 [38400/50000 (77%)]	Loss: 0.407342
Train Epoch: 23 [41600/50000 (83%)]	Loss: 0.396825
Train Epoch: 23 [44800/50000 (90%)]	Loss: 0.149033
Train Epoch: 23 [48000/50000 (96%)]	Loss: 0.203838

Test set: Average loss: 0.0004, Accuracy: 8592/10000 (86%)

Train Epoch: 24 [0/50000 (0%)]	Loss: 0.275597
Train Epoch: 24 [3200/50000 (6%)]	Loss: 0.181580
Train Epoch: 24 [6400/50000 (13%)]	Loss: 0.422821
Train Epoch: 24 [9600/50000 (19%)]	Loss: 0.275688
Train Epoch: 24 [12800/50000 (26%)]	Loss: 0.192686
Train Epoch: 24 [16000/50000 (32%)]	Loss: 0.133202
Train Epoch: 24 [19200/50000 (38%)]	Loss: 0.556245
Train Epoch: 24 [22400/50000 (45%)]	Loss: 0.357091
Train Epoch: 24 [25600/50000 (51%)]	Loss: 0.209087
Train Epoch: 24 [28800/50000 (58%)]	Loss: 0.360741
Train Epoch: 24 [32000/50000 (64%)]	Loss: 0.271224
Train Epoch: 24 [35200/50000 (70%)]	Loss: 0.303017
Train Epoch: 24 [38400/50000 (77%)]	Loss: 0.340151
Train Epoch: 24 [41600/50000 (83%)]	Loss: 0.283267
Train Epoch: 24 [44800/50000 (90%)]	Loss: 0.247666
Train Epoch: 24 [48000/50000 (96%)]	Loss: 0.248733

Test set: Average loss: 0.0004, Accuracy: 8602/10000 (86%)

Train Epoch: 25 [0/50000 (0%)]	Loss: 0.225413
Train Epoch: 25 [3200/50000 (6%)]	Loss: 0.286641
Train Epoch: 25 [6400/50000 (13%)]	Loss: 0.200688
Train Epoch: 25 [9600/50000 (19%)]	Loss: 0.363259
Train Epoch: 25 [12800/50000 (26%)]	Loss: 0.286205
Train Epoch: 25 [16000/50000 (32%)]	Loss: 0.249191
Train Epoch: 25 [19200/50000 (38%)]	Loss: 0.287343
Train Epoch: 25 [22400/50000 (45%)]	Loss: 0.305495
Train Epoch: 25 [25600/50000 (51%)]	Loss: 0.478719
Train Epoch: 25 [28800/50000 (58%)]	Loss: 0.312633
Train Epoch: 25 [32000/50000 (64%)]	Loss: 0.448831
Train Epoch: 25 [35200/50000 (70%)]	Loss: 0.357517
Train Epoch: 25 [38400/50000 (77%)]	Loss: 0.304143
Train Epoch: 25 [41600/50000 (83%)]	Loss: 0.464912
Train Epoch: 25 [44800/50000 (90%)]	Loss: 0.279581
Train Epoch: 25 [48000/50000 (96%)]	Loss: 0.233403

Test set: Average loss: 0.0004, Accuracy: 8629/10000 (86%)

Train Epoch: 26 [0/50000 (0%)]	Loss: 0.166268
Train Epoch: 26 [3200/50000 (6%)]	Loss: 0.303174
Train Epoch: 26 [6400/50000 (13%)]	Loss: 0.375405
Train Epoch: 26 [9600/50000 (19%)]	Loss: 0.328326
Train Epoch: 26 [12800/50000 (26%)]	Loss: 0.263284
Train Epoch: 26 [16000/50000 (32%)]	Loss: 0.296538
Train Epoch: 26 [19200/50000 (38%)]	Loss: 0.522723
Train Epoch: 26 [22400/50000 (45%)]	Loss: 0.428057
Train Epoch: 26 [25600/50000 (51%)]	Loss: 0.356742
Train Epoch: 26 [28800/50000 (58%)]	Loss: 0.198187
Train Epoch: 26 [32000/50000 (64%)]	Loss: 0.355436
Train Epoch: 26 [35200/50000 (70%)]	Loss: 0.288952
Train Epoch: 26 [38400/50000 (77%)]	Loss: 0.277469
Train Epoch: 26 [41600/50000 (83%)]	Loss: 0.450305
Train Epoch: 26 [44800/50000 (90%)]	Loss: 0.372028
Train Epoch: 26 [48000/50000 (96%)]	Loss: 0.168303

Test set: Average loss: 0.0004, Accuracy: 8627/10000 (86%)

Train Epoch: 27 [0/50000 (0%)]	Loss: 0.141999
Train Epoch: 27 [3200/50000 (6%)]	Loss: 0.203771
Train Epoch: 27 [6400/50000 (13%)]	Loss: 0.351205
Train Epoch: 27 [9600/50000 (19%)]	Loss: 0.218169
Train Epoch: 27 [12800/50000 (26%)]	Loss: 0.317325
Train Epoch: 27 [16000/50000 (32%)]	Loss: 0.233690
Train Epoch: 27 [19200/50000 (38%)]	Loss: 0.239339
Train Epoch: 27 [22400/50000 (45%)]	Loss: 0.153231
Train Epoch: 27 [25600/50000 (51%)]	Loss: 0.400357
Train Epoch: 27 [28800/50000 (58%)]	Loss: 0.117337
Train Epoch: 27 [32000/50000 (64%)]	Loss: 0.206660
Train Epoch: 27 [35200/50000 (70%)]	Loss: 0.228978
Train Epoch: 27 [38400/50000 (77%)]	Loss: 0.220764
Train Epoch: 27 [41600/50000 (83%)]	Loss: 0.443263
Train Epoch: 27 [44800/50000 (90%)]	Loss: 0.360733
Train Epoch: 27 [48000/50000 (96%)]	Loss: 0.392141

Test set: Average loss: 0.0004, Accuracy: 8689/10000 (87%)

Train Epoch: 28 [0/50000 (0%)]	Loss: 0.351696
Train Epoch: 28 [3200/50000 (6%)]	Loss: 0.279874
Train Epoch: 28 [6400/50000 (13%)]	Loss: 0.413413
Train Epoch: 28 [9600/50000 (19%)]	Loss: 0.320499
Train Epoch: 28 [12800/50000 (26%)]	Loss: 0.401740
Train Epoch: 28 [16000/50000 (32%)]	Loss: 0.586840
Train Epoch: 28 [19200/50000 (38%)]	Loss: 0.410262
Train Epoch: 28 [22400/50000 (45%)]	Loss: 0.316779
Train Epoch: 28 [25600/50000 (51%)]	Loss: 0.247180
Train Epoch: 28 [28800/50000 (58%)]	Loss: 0.405743
Train Epoch: 28 [32000/50000 (64%)]	Loss: 0.410595
Train Epoch: 28 [35200/50000 (70%)]	Loss: 0.329284
Train Epoch: 28 [38400/50000 (77%)]	Loss: 0.475365
Train Epoch: 28 [41600/50000 (83%)]	Loss: 0.170544
Train Epoch: 28 [44800/50000 (90%)]	Loss: 0.204097
Train Epoch: 28 [48000/50000 (96%)]	Loss: 0.407094

Test set: Average loss: 0.0004, Accuracy: 8607/10000 (86%)

Train Epoch: 29 [0/50000 (0%)]	Loss: 0.211311
Train Epoch: 29 [3200/50000 (6%)]	Loss: 0.306177
Train Epoch: 29 [6400/50000 (13%)]	Loss: 0.231214
Train Epoch: 29 [9600/50000 (19%)]	Loss: 0.575358
Train Epoch: 29 [12800/50000 (26%)]	Loss: 0.211262
Train Epoch: 29 [16000/50000 (32%)]	Loss: 0.306828
Train Epoch: 29 [19200/50000 (38%)]	Loss: 0.316030
Train Epoch: 29 [22400/50000 (45%)]	Loss: 0.362151
Train Epoch: 29 [25600/50000 (51%)]	Loss: 0.406972
Train Epoch: 29 [28800/50000 (58%)]	Loss: 0.179303
Train Epoch: 29 [32000/50000 (64%)]	Loss: 0.124880
Train Epoch: 29 [35200/50000 (70%)]	Loss: 0.382820
Train Epoch: 29 [38400/50000 (77%)]	Loss: 0.156143
Train Epoch: 29 [41600/50000 (83%)]	Loss: 0.375175
Train Epoch: 29 [44800/50000 (90%)]	Loss: 0.404246
Train Epoch: 29 [48000/50000 (96%)]	Loss: 0.415176

Test set: Average loss: 0.0004, Accuracy: 8617/10000 (86%)

Train Epoch: 30 [0/50000 (0%)]	Loss: 0.342859
Train Epoch: 30 [3200/50000 (6%)]	Loss: 0.243716
Train Epoch: 30 [6400/50000 (13%)]	Loss: 0.210885
Train Epoch: 30 [9600/50000 (19%)]	Loss: 0.224339
Train Epoch: 30 [12800/50000 (26%)]	Loss: 0.272336
Train Epoch: 30 [16000/50000 (32%)]	Loss: 0.224526
Train Epoch: 30 [19200/50000 (38%)]	Loss: 0.276157
Train Epoch: 30 [22400/50000 (45%)]	Loss: 0.284218
Train Epoch: 30 [25600/50000 (51%)]	Loss: 0.216058
Train Epoch: 30 [28800/50000 (58%)]	Loss: 0.328150
Train Epoch: 30 [32000/50000 (64%)]	Loss: 0.169706
Train Epoch: 30 [35200/50000 (70%)]	Loss: 0.350616
Train Epoch: 30 [38400/50000 (77%)]	Loss: 0.381751
Train Epoch: 30 [41600/50000 (83%)]	Loss: 0.347649
Train Epoch: 30 [44800/50000 (90%)]	Loss: 0.316850
Train Epoch: 30 [48000/50000 (96%)]	Loss: 0.445068

Test set: Average loss: 0.0004, Accuracy: 8731/10000 (87%)

Train Epoch: 31 [0/50000 (0%)]	Loss: 0.130476
Train Epoch: 31 [3200/50000 (6%)]	Loss: 0.259871
Train Epoch: 31 [6400/50000 (13%)]	Loss: 0.240608
Train Epoch: 31 [9600/50000 (19%)]	Loss: 0.380221
Train Epoch: 31 [12800/50000 (26%)]	Loss: 0.493462
Train Epoch: 31 [16000/50000 (32%)]	Loss: 0.374313
Train Epoch: 31 [19200/50000 (38%)]	Loss: 0.220945
Train Epoch: 31 [22400/50000 (45%)]	Loss: 0.192335
Train Epoch: 31 [25600/50000 (51%)]	Loss: 0.139538
Train Epoch: 31 [28800/50000 (58%)]	Loss: 0.189483
Train Epoch: 31 [32000/50000 (64%)]	Loss: 0.270754
Train Epoch: 31 [35200/50000 (70%)]	Loss: 0.241572
Train Epoch: 31 [38400/50000 (77%)]	Loss: 0.303330
Train Epoch: 31 [41600/50000 (83%)]	Loss: 0.320841
Train Epoch: 31 [44800/50000 (90%)]	Loss: 0.213088
Train Epoch: 31 [48000/50000 (96%)]	Loss: 0.290224

Test set: Average loss: 0.0004, Accuracy: 8660/10000 (87%)

Train Epoch: 32 [0/50000 (0%)]	Loss: 0.165426
Train Epoch: 32 [3200/50000 (6%)]	Loss: 0.161651
Train Epoch: 32 [6400/50000 (13%)]	Loss: 0.119530
Train Epoch: 32 [9600/50000 (19%)]	Loss: 0.218440
Train Epoch: 32 [12800/50000 (26%)]	Loss: 0.219869
Train Epoch: 32 [16000/50000 (32%)]	Loss: 0.217452
Train Epoch: 32 [19200/50000 (38%)]	Loss: 0.278213
Train Epoch: 32 [22400/50000 (45%)]	Loss: 0.229320
Train Epoch: 32 [25600/50000 (51%)]	Loss: 0.155305
Train Epoch: 32 [28800/50000 (58%)]	Loss: 0.272309
Train Epoch: 32 [32000/50000 (64%)]	Loss: 0.185244
Train Epoch: 32 [35200/50000 (70%)]	Loss: 0.209048
Train Epoch: 32 [38400/50000 (77%)]	Loss: 0.304078
Train Epoch: 32 [41600/50000 (83%)]	Loss: 0.266175
Train Epoch: 32 [44800/50000 (90%)]	Loss: 0.146916
Train Epoch: 32 [48000/50000 (96%)]	Loss: 0.223426

Test set: Average loss: 0.0004, Accuracy: 8670/10000 (87%)

Train Epoch: 33 [0/50000 (0%)]	Loss: 0.503951
Train Epoch: 33 [3200/50000 (6%)]	Loss: 0.162754
Train Epoch: 33 [6400/50000 (13%)]	Loss: 0.315192
Train Epoch: 33 [9600/50000 (19%)]	Loss: 0.161648
Train Epoch: 33 [12800/50000 (26%)]	Loss: 0.154827
Train Epoch: 33 [16000/50000 (32%)]	Loss: 0.318423
Train Epoch: 33 [19200/50000 (38%)]	Loss: 0.143128
Train Epoch: 33 [22400/50000 (45%)]	Loss: 0.263576
Train Epoch: 33 [25600/50000 (51%)]	Loss: 0.392700
Train Epoch: 33 [28800/50000 (58%)]	Loss: 0.155635
Train Epoch: 33 [32000/50000 (64%)]	Loss: 0.254427
Train Epoch: 33 [35200/50000 (70%)]	Loss: 0.287110
Train Epoch: 33 [38400/50000 (77%)]	Loss: 0.141773
Train Epoch: 33 [41600/50000 (83%)]	Loss: 0.325427
Train Epoch: 33 [44800/50000 (90%)]	Loss: 0.392851
Train Epoch: 33 [48000/50000 (96%)]	Loss: 0.109762

Test set: Average loss: 0.0004, Accuracy: 8682/10000 (87%)

Train Epoch: 34 [0/50000 (0%)]	Loss: 0.263428
Train Epoch: 34 [3200/50000 (6%)]	Loss: 0.200358
Train Epoch: 34 [6400/50000 (13%)]	Loss: 0.142016
Train Epoch: 34 [9600/50000 (19%)]	Loss: 0.175694
Train Epoch: 34 [12800/50000 (26%)]	Loss: 0.260499
Train Epoch: 34 [16000/50000 (32%)]	Loss: 0.285116
Train Epoch: 34 [19200/50000 (38%)]	Loss: 0.235822
Train Epoch: 34 [22400/50000 (45%)]	Loss: 0.210629
Train Epoch: 34 [25600/50000 (51%)]	Loss: 0.193065
Train Epoch: 34 [28800/50000 (58%)]	Loss: 0.272692
Train Epoch: 34 [32000/50000 (64%)]	Loss: 0.182672
Train Epoch: 34 [35200/50000 (70%)]	Loss: 0.160463
Train Epoch: 34 [38400/50000 (77%)]	Loss: 0.431998
Train Epoch: 34 [41600/50000 (83%)]	Loss: 0.317470
Train Epoch: 34 [44800/50000 (90%)]	Loss: 0.398657
Train Epoch: 34 [48000/50000 (96%)]	Loss: 0.452309

Test set: Average loss: 0.0004, Accuracy: 8736/10000 (87%)

Train Epoch: 35 [0/50000 (0%)]	Loss: 0.166171
Train Epoch: 35 [3200/50000 (6%)]	Loss: 0.164764
Train Epoch: 35 [6400/50000 (13%)]	Loss: 0.261832
Train Epoch: 35 [9600/50000 (19%)]	Loss: 0.099267
Train Epoch: 35 [12800/50000 (26%)]	Loss: 0.229907
Train Epoch: 35 [16000/50000 (32%)]	Loss: 0.312433
Train Epoch: 35 [19200/50000 (38%)]	Loss: 0.342954
Train Epoch: 35 [22400/50000 (45%)]	Loss: 0.199792
Train Epoch: 35 [25600/50000 (51%)]	Loss: 0.130395
Train Epoch: 35 [28800/50000 (58%)]	Loss: 0.231528
Train Epoch: 35 [32000/50000 (64%)]	Loss: 0.183040
Train Epoch: 35 [35200/50000 (70%)]	Loss: 0.202991
Train Epoch: 35 [38400/50000 (77%)]	Loss: 0.307136
Train Epoch: 35 [41600/50000 (83%)]	Loss: 0.207530
Train Epoch: 35 [44800/50000 (90%)]	Loss: 0.454936
Train Epoch: 35 [48000/50000 (96%)]	Loss: 0.190479

Test set: Average loss: 0.0004, Accuracy: 8678/10000 (87%)

Train Epoch: 36 [0/50000 (0%)]	Loss: 0.121935
Train Epoch: 36 [3200/50000 (6%)]	Loss: 0.243801
Train Epoch: 36 [6400/50000 (13%)]	Loss: 0.262921
Train Epoch: 36 [9600/50000 (19%)]	Loss: 0.271753
Train Epoch: 36 [12800/50000 (26%)]	Loss: 0.254063
Train Epoch: 36 [16000/50000 (32%)]	Loss: 0.204401
Train Epoch: 36 [19200/50000 (38%)]	Loss: 0.193152
Train Epoch: 36 [22400/50000 (45%)]	Loss: 0.466657
Train Epoch: 36 [25600/50000 (51%)]	Loss: 0.144561
Train Epoch: 36 [28800/50000 (58%)]	Loss: 0.133221
Train Epoch: 36 [32000/50000 (64%)]	Loss: 0.206733
Train Epoch: 36 [35200/50000 (70%)]	Loss: 0.252400
Train Epoch: 36 [38400/50000 (77%)]	Loss: 0.206893
Train Epoch: 36 [41600/50000 (83%)]	Loss: 0.120649
Train Epoch: 36 [44800/50000 (90%)]	Loss: 0.313928
Train Epoch: 36 [48000/50000 (96%)]	Loss: 0.181211

Test set: Average loss: 0.0004, Accuracy: 8728/10000 (87%)

Train Epoch: 37 [0/50000 (0%)]	Loss: 0.273334
Train Epoch: 37 [3200/50000 (6%)]	Loss: 0.125202
Train Epoch: 37 [6400/50000 (13%)]	Loss: 0.267573
Train Epoch: 37 [9600/50000 (19%)]	Loss: 0.302054
Train Epoch: 37 [12800/50000 (26%)]	Loss: 0.144204
Train Epoch: 37 [16000/50000 (32%)]	Loss: 0.221908
Train Epoch: 37 [19200/50000 (38%)]	Loss: 0.251201
Train Epoch: 37 [22400/50000 (45%)]	Loss: 0.195076
Train Epoch: 37 [25600/50000 (51%)]	Loss: 0.257399
Train Epoch: 37 [28800/50000 (58%)]	Loss: 0.158379
Train Epoch: 37 [32000/50000 (64%)]	Loss: 0.092268
Train Epoch: 37 [35200/50000 (70%)]	Loss: 0.234366
Train Epoch: 37 [38400/50000 (77%)]	Loss: 0.219591
Train Epoch: 37 [41600/50000 (83%)]	Loss: 0.219544
Train Epoch: 37 [44800/50000 (90%)]	Loss: 0.146713
Train Epoch: 37 [48000/50000 (96%)]	Loss: 0.349048

Test set: Average loss: 0.0004, Accuracy: 8776/10000 (88%)

Train Epoch: 38 [0/50000 (0%)]	Loss: 0.125406
Train Epoch: 38 [3200/50000 (6%)]	Loss: 0.215744
Train Epoch: 38 [6400/50000 (13%)]	Loss: 0.228836
Train Epoch: 38 [9600/50000 (19%)]	Loss: 0.315403
Train Epoch: 38 [12800/50000 (26%)]	Loss: 0.365960
Train Epoch: 38 [16000/50000 (32%)]	Loss: 0.152437
Train Epoch: 38 [19200/50000 (38%)]	Loss: 0.095442
Train Epoch: 38 [22400/50000 (45%)]	Loss: 0.116590
Train Epoch: 38 [25600/50000 (51%)]	Loss: 0.343201
Train Epoch: 38 [28800/50000 (58%)]	Loss: 0.155542
Train Epoch: 38 [32000/50000 (64%)]	Loss: 0.212383
Train Epoch: 38 [35200/50000 (70%)]	Loss: 0.434453
Train Epoch: 38 [38400/50000 (77%)]	Loss: 0.132674
Train Epoch: 38 [41600/50000 (83%)]	Loss: 0.221455
Train Epoch: 38 [44800/50000 (90%)]	Loss: 0.243726
Train Epoch: 38 [48000/50000 (96%)]	Loss: 0.225253

Test set: Average loss: 0.0004, Accuracy: 8775/10000 (88%)

Train Epoch: 39 [0/50000 (0%)]	Loss: 0.245531
Train Epoch: 39 [3200/50000 (6%)]	Loss: 0.237647
Train Epoch: 39 [6400/50000 (13%)]	Loss: 0.278186
Train Epoch: 39 [9600/50000 (19%)]	Loss: 0.378229
Train Epoch: 39 [12800/50000 (26%)]	Loss: 0.125532
Train Epoch: 39 [16000/50000 (32%)]	Loss: 0.300568
Train Epoch: 39 [19200/50000 (38%)]	Loss: 0.088958
Train Epoch: 39 [22400/50000 (45%)]	Loss: 0.157105
Train Epoch: 39 [25600/50000 (51%)]	Loss: 0.185188
Train Epoch: 39 [28800/50000 (58%)]	Loss: 0.270260
Train Epoch: 39 [32000/50000 (64%)]	Loss: 0.173045
Train Epoch: 39 [35200/50000 (70%)]	Loss: 0.193316
Train Epoch: 39 [38400/50000 (77%)]	Loss: 0.100599
Train Epoch: 39 [41600/50000 (83%)]	Loss: 0.151749
Train Epoch: 39 [44800/50000 (90%)]	Loss: 0.124156
Train Epoch: 39 [48000/50000 (96%)]	Loss: 0.135784

Test set: Average loss: 0.0004, Accuracy: 8723/10000 (87%)

Train Epoch: 40 [0/50000 (0%)]	Loss: 0.228197
Train Epoch: 40 [3200/50000 (6%)]	Loss: 0.223636
Train Epoch: 40 [6400/50000 (13%)]	Loss: 0.291157
Train Epoch: 40 [9600/50000 (19%)]	Loss: 0.188271
Train Epoch: 40 [12800/50000 (26%)]	Loss: 0.189977
Train Epoch: 40 [16000/50000 (32%)]	Loss: 0.218275
Train Epoch: 40 [19200/50000 (38%)]	Loss: 0.171442
Train Epoch: 40 [22400/50000 (45%)]	Loss: 0.220942
Train Epoch: 40 [25600/50000 (51%)]	Loss: 0.280900
Train Epoch: 40 [28800/50000 (58%)]	Loss: 0.277713
Train Epoch: 40 [32000/50000 (64%)]	Loss: 0.246291
Train Epoch: 40 [35200/50000 (70%)]	Loss: 0.166246
Train Epoch: 40 [38400/50000 (77%)]	Loss: 0.054075
Train Epoch: 40 [41600/50000 (83%)]	Loss: 0.242147
Train Epoch: 40 [44800/50000 (90%)]	Loss: 0.392770
Train Epoch: 40 [48000/50000 (96%)]	Loss: 0.183030

Test set: Average loss: 0.0004, Accuracy: 8730/10000 (87%)

Train Epoch: 41 [0/50000 (0%)]	Loss: 0.198720
Train Epoch: 41 [3200/50000 (6%)]	Loss: 0.165855
Train Epoch: 41 [6400/50000 (13%)]	Loss: 0.163051
Train Epoch: 41 [9600/50000 (19%)]	Loss: 0.184235
Train Epoch: 41 [12800/50000 (26%)]	Loss: 0.131589
Train Epoch: 41 [16000/50000 (32%)]	Loss: 0.120672
Train Epoch: 41 [19200/50000 (38%)]	Loss: 0.097354
Train Epoch: 41 [22400/50000 (45%)]	Loss: 0.247427
Train Epoch: 41 [25600/50000 (51%)]	Loss: 0.241346
Train Epoch: 41 [28800/50000 (58%)]	Loss: 0.133767
Train Epoch: 41 [32000/50000 (64%)]	Loss: 0.228192
Train Epoch: 41 [35200/50000 (70%)]	Loss: 0.149523
Train Epoch: 41 [38400/50000 (77%)]	Loss: 0.247288
Train Epoch: 41 [41600/50000 (83%)]	Loss: 0.224645
Train Epoch: 41 [44800/50000 (90%)]	Loss: 0.293760
Train Epoch: 41 [48000/50000 (96%)]	Loss: 0.168233

Test set: Average loss: 0.0004, Accuracy: 8760/10000 (88%)

Train Epoch: 42 [0/50000 (0%)]	Loss: 0.342739
Train Epoch: 42 [3200/50000 (6%)]	Loss: 0.112831
Train Epoch: 42 [6400/50000 (13%)]	Loss: 0.157768
Train Epoch: 42 [9600/50000 (19%)]	Loss: 0.083894
Train Epoch: 42 [12800/50000 (26%)]	Loss: 0.116193
Train Epoch: 42 [16000/50000 (32%)]	Loss: 0.231382
Train Epoch: 42 [19200/50000 (38%)]	Loss: 0.130431
Train Epoch: 42 [22400/50000 (45%)]	Loss: 0.138116
Train Epoch: 42 [25600/50000 (51%)]	Loss: 0.346746
Train Epoch: 42 [28800/50000 (58%)]	Loss: 0.252641
Train Epoch: 42 [32000/50000 (64%)]	Loss: 0.209751
Train Epoch: 42 [35200/50000 (70%)]	Loss: 0.131459
Train Epoch: 42 [38400/50000 (77%)]	Loss: 0.195135
Train Epoch: 42 [41600/50000 (83%)]	Loss: 0.199694
Train Epoch: 42 [44800/50000 (90%)]	Loss: 0.165470
Train Epoch: 42 [48000/50000 (96%)]	Loss: 0.105454

Test set: Average loss: 0.0004, Accuracy: 8768/10000 (88%)

Train Epoch: 43 [0/50000 (0%)]	Loss: 0.155815
Train Epoch: 43 [3200/50000 (6%)]	Loss: 0.176868
Train Epoch: 43 [6400/50000 (13%)]	Loss: 0.212119
Train Epoch: 43 [9600/50000 (19%)]	Loss: 0.169765
Train Epoch: 43 [12800/50000 (26%)]	Loss: 0.219429
Train Epoch: 43 [16000/50000 (32%)]	Loss: 0.096339
Train Epoch: 43 [19200/50000 (38%)]	Loss: 0.158866
Train Epoch: 43 [22400/50000 (45%)]	Loss: 0.082095
Train Epoch: 43 [25600/50000 (51%)]	Loss: 0.170040
Train Epoch: 43 [28800/50000 (58%)]	Loss: 0.149228
Train Epoch: 43 [32000/50000 (64%)]	Loss: 0.194364
Train Epoch: 43 [35200/50000 (70%)]	Loss: 0.239643
Train Epoch: 43 [38400/50000 (77%)]	Loss: 0.521405
Train Epoch: 43 [41600/50000 (83%)]	Loss: 0.257538
Train Epoch: 43 [44800/50000 (90%)]	Loss: 0.248949
Train Epoch: 43 [48000/50000 (96%)]	Loss: 0.221514

Test set: Average loss: 0.0004, Accuracy: 8803/10000 (88%)

Train Epoch: 44 [0/50000 (0%)]	Loss: 0.121932
Train Epoch: 44 [3200/50000 (6%)]	Loss: 0.126757
Train Epoch: 44 [6400/50000 (13%)]	Loss: 0.226107
Train Epoch: 44 [9600/50000 (19%)]	Loss: 0.108960
Train Epoch: 44 [12800/50000 (26%)]	Loss: 0.129119
Train Epoch: 44 [16000/50000 (32%)]	Loss: 0.180558
Train Epoch: 44 [19200/50000 (38%)]	Loss: 0.161687
Train Epoch: 44 [22400/50000 (45%)]	Loss: 0.251287
Train Epoch: 44 [25600/50000 (51%)]	Loss: 0.119092
Train Epoch: 44 [28800/50000 (58%)]	Loss: 0.242390
Train Epoch: 44 [32000/50000 (64%)]	Loss: 0.278956
Train Epoch: 44 [35200/50000 (70%)]	Loss: 0.246899
Train Epoch: 44 [38400/50000 (77%)]	Loss: 0.108363
Train Epoch: 44 [41600/50000 (83%)]	Loss: 0.281574
Train Epoch: 44 [44800/50000 (90%)]	Loss: 0.182727
Train Epoch: 44 [48000/50000 (96%)]	Loss: 0.155225

Test set: Average loss: 0.0004, Accuracy: 8729/10000 (87%)

Train Epoch: 45 [0/50000 (0%)]	Loss: 0.213740
Train Epoch: 45 [3200/50000 (6%)]	Loss: 0.120221
Train Epoch: 45 [6400/50000 (13%)]	Loss: 0.255288
Train Epoch: 45 [9600/50000 (19%)]	Loss: 0.314427
Train Epoch: 45 [12800/50000 (26%)]	Loss: 0.297411
Train Epoch: 45 [16000/50000 (32%)]	Loss: 0.262263
Train Epoch: 45 [19200/50000 (38%)]	Loss: 0.169765
Train Epoch: 45 [22400/50000 (45%)]	Loss: 0.186890
Train Epoch: 45 [25600/50000 (51%)]	Loss: 0.171826
Train Epoch: 45 [28800/50000 (58%)]	Loss: 0.114122
Train Epoch: 45 [32000/50000 (64%)]	Loss: 0.139755
Train Epoch: 45 [35200/50000 (70%)]	Loss: 0.164207
Train Epoch: 45 [38400/50000 (77%)]	Loss: 0.143698
Train Epoch: 45 [41600/50000 (83%)]	Loss: 0.151998
Train Epoch: 45 [44800/50000 (90%)]	Loss: 0.248364
Train Epoch: 45 [48000/50000 (96%)]	Loss: 0.188523

Test set: Average loss: 0.0004, Accuracy: 8792/10000 (88%)

Train Epoch: 46 [0/50000 (0%)]	Loss: 0.172812
Train Epoch: 46 [3200/50000 (6%)]	Loss: 0.278923
Train Epoch: 46 [6400/50000 (13%)]	Loss: 0.250033
Train Epoch: 46 [9600/50000 (19%)]	Loss: 0.188482
Train Epoch: 46 [12800/50000 (26%)]	Loss: 0.346824
Train Epoch: 46 [16000/50000 (32%)]	Loss: 0.166542
Train Epoch: 46 [19200/50000 (38%)]	Loss: 0.159629
Train Epoch: 46 [22400/50000 (45%)]	Loss: 0.272248
Train Epoch: 46 [25600/50000 (51%)]	Loss: 0.202957
Train Epoch: 46 [28800/50000 (58%)]	Loss: 0.316712
Train Epoch: 46 [32000/50000 (64%)]	Loss: 0.136442
Train Epoch: 46 [35200/50000 (70%)]	Loss: 0.144305
Train Epoch: 46 [38400/50000 (77%)]	Loss: 0.290761
Train Epoch: 46 [41600/50000 (83%)]	Loss: 0.222382
Train Epoch: 46 [44800/50000 (90%)]	Loss: 0.470999
Train Epoch: 46 [48000/50000 (96%)]	Loss: 0.133822

Test set: Average loss: 0.0004, Accuracy: 8783/10000 (88%)

Train Epoch: 47 [0/50000 (0%)]	Loss: 0.306820
Train Epoch: 47 [3200/50000 (6%)]	Loss: 0.199846
Train Epoch: 47 [6400/50000 (13%)]	Loss: 0.190527
Train Epoch: 47 [9600/50000 (19%)]	Loss: 0.096266
Train Epoch: 47 [12800/50000 (26%)]	Loss: 0.217737
Train Epoch: 47 [16000/50000 (32%)]	Loss: 0.224826
Train Epoch: 47 [19200/50000 (38%)]	Loss: 0.132832
Train Epoch: 47 [22400/50000 (45%)]	Loss: 0.239046
Train Epoch: 47 [25600/50000 (51%)]	Loss: 0.151993
Train Epoch: 47 [28800/50000 (58%)]	Loss: 0.327853
Train Epoch: 47 [32000/50000 (64%)]	Loss: 0.247024
Train Epoch: 47 [35200/50000 (70%)]	Loss: 0.283352
Train Epoch: 47 [38400/50000 (77%)]	Loss: 0.122941
Train Epoch: 47 [41600/50000 (83%)]	Loss: 0.239102
Train Epoch: 47 [44800/50000 (90%)]	Loss: 0.326550
Train Epoch: 47 [48000/50000 (96%)]	Loss: 0.073813

Test set: Average loss: 0.0004, Accuracy: 8784/10000 (88%)

Train Epoch: 48 [0/50000 (0%)]	Loss: 0.098580
Train Epoch: 48 [3200/50000 (6%)]	Loss: 0.222860
Train Epoch: 48 [6400/50000 (13%)]	Loss: 0.155916
Train Epoch: 48 [9600/50000 (19%)]	Loss: 0.222279
Train Epoch: 48 [12800/50000 (26%)]	Loss: 0.170333
Train Epoch: 48 [16000/50000 (32%)]	Loss: 0.165058
Train Epoch: 48 [19200/50000 (38%)]	Loss: 0.124897
Train Epoch: 48 [22400/50000 (45%)]	Loss: 0.100892
Train Epoch: 48 [25600/50000 (51%)]	Loss: 0.165577
Train Epoch: 48 [28800/50000 (58%)]	Loss: 0.181467
Train Epoch: 48 [32000/50000 (64%)]	Loss: 0.149371
Train Epoch: 48 [35200/50000 (70%)]	Loss: 0.115712
Train Epoch: 48 [38400/50000 (77%)]	Loss: 0.237028
Train Epoch: 48 [41600/50000 (83%)]	Loss: 0.211978
Train Epoch: 48 [44800/50000 (90%)]	Loss: 0.236754
Train Epoch: 48 [48000/50000 (96%)]	Loss: 0.143611

Test set: Average loss: 0.0004, Accuracy: 8813/10000 (88%)

Train Epoch: 49 [0/50000 (0%)]	Loss: 0.128706
Train Epoch: 49 [3200/50000 (6%)]	Loss: 0.057549
Train Epoch: 49 [6400/50000 (13%)]	Loss: 0.187086
Train Epoch: 49 [9600/50000 (19%)]	Loss: 0.156477
Train Epoch: 49 [12800/50000 (26%)]	Loss: 0.227617
Train Epoch: 49 [16000/50000 (32%)]	Loss: 0.080819
Train Epoch: 49 [19200/50000 (38%)]	Loss: 0.143509
Train Epoch: 49 [22400/50000 (45%)]	Loss: 0.321162
Train Epoch: 49 [25600/50000 (51%)]	Loss: 0.170587
Train Epoch: 49 [28800/50000 (58%)]	Loss: 0.162397
Train Epoch: 49 [32000/50000 (64%)]	Loss: 0.102452
Train Epoch: 49 [35200/50000 (70%)]	Loss: 0.100333
Train Epoch: 49 [38400/50000 (77%)]	Loss: 0.309246
Train Epoch: 49 [41600/50000 (83%)]	Loss: 0.220562
Train Epoch: 49 [44800/50000 (90%)]	Loss: 0.181735
Train Epoch: 49 [48000/50000 (96%)]	Loss: 0.147148

Test set: Average loss: 0.0004, Accuracy: 8779/10000 (88%)

Train Epoch: 50 [0/50000 (0%)]	Loss: 0.341074
Train Epoch: 50 [3200/50000 (6%)]	Loss: 0.251202
Train Epoch: 50 [6400/50000 (13%)]	Loss: 0.128323
Train Epoch: 50 [9600/50000 (19%)]	Loss: 0.267742
Train Epoch: 50 [12800/50000 (26%)]	Loss: 0.081418
Train Epoch: 50 [16000/50000 (32%)]	Loss: 0.170742
Train Epoch: 50 [19200/50000 (38%)]	Loss: 0.097148
Train Epoch: 50 [22400/50000 (45%)]	Loss: 0.133121
Train Epoch: 50 [25600/50000 (51%)]	Loss: 0.145478
Train Epoch: 50 [28800/50000 (58%)]	Loss: 0.192851
Train Epoch: 50 [32000/50000 (64%)]	Loss: 0.262190
Train Epoch: 50 [35200/50000 (70%)]	Loss: 0.281658
Train Epoch: 50 [38400/50000 (77%)]	Loss: 0.282527
Train Epoch: 50 [41600/50000 (83%)]	Loss: 0.157595
Train Epoch: 50 [44800/50000 (90%)]	Loss: 0.130806
Train Epoch: 50 [48000/50000 (96%)]	Loss: 0.112366

Test set: Average loss: 0.0004, Accuracy: 8806/10000 (88%)

Train Epoch: 51 [0/50000 (0%)]	Loss: 0.117963
Train Epoch: 51 [3200/50000 (6%)]	Loss: 0.286554
Train Epoch: 51 [6400/50000 (13%)]	Loss: 0.183707
Train Epoch: 51 [9600/50000 (19%)]	Loss: 0.211787
Train Epoch: 51 [12800/50000 (26%)]	Loss: 0.300028
Train Epoch: 51 [16000/50000 (32%)]	Loss: 0.047643
Train Epoch: 51 [19200/50000 (38%)]	Loss: 0.178899
Train Epoch: 51 [22400/50000 (45%)]	Loss: 0.164758
Train Epoch: 51 [25600/50000 (51%)]	Loss: 0.116722
Train Epoch: 51 [28800/50000 (58%)]	Loss: 0.129087
Train Epoch: 51 [32000/50000 (64%)]	Loss: 0.060833
Train Epoch: 51 [35200/50000 (70%)]	Loss: 0.109932
Train Epoch: 51 [38400/50000 (77%)]	Loss: 0.251550
Train Epoch: 51 [41600/50000 (83%)]	Loss: 0.190731
Train Epoch: 51 [44800/50000 (90%)]	Loss: 0.115451
Train Epoch: 51 [48000/50000 (96%)]	Loss: 0.229857

Test set: Average loss: 0.0004, Accuracy: 8840/10000 (88%)

Train Epoch: 52 [0/50000 (0%)]	Loss: 0.211913
Train Epoch: 52 [3200/50000 (6%)]	Loss: 0.150214
Train Epoch: 52 [6400/50000 (13%)]	Loss: 0.114585
Train Epoch: 52 [9600/50000 (19%)]	Loss: 0.124855
Train Epoch: 52 [12800/50000 (26%)]	Loss: 0.126164
Train Epoch: 52 [16000/50000 (32%)]	Loss: 0.141926
Train Epoch: 52 [19200/50000 (38%)]	Loss: 0.144377
Train Epoch: 52 [22400/50000 (45%)]	Loss: 0.209196
Train Epoch: 52 [25600/50000 (51%)]	Loss: 0.165266
Train Epoch: 52 [28800/50000 (58%)]	Loss: 0.091427
Train Epoch: 52 [32000/50000 (64%)]	Loss: 0.206044
Train Epoch: 52 [35200/50000 (70%)]	Loss: 0.206149
Train Epoch: 52 [38400/50000 (77%)]	Loss: 0.266403
Train Epoch: 52 [41600/50000 (83%)]	Loss: 0.161836
Train Epoch: 52 [44800/50000 (90%)]	Loss: 0.105702
Train Epoch: 52 [48000/50000 (96%)]	Loss: 0.230679

Test set: Average loss: 0.0004, Accuracy: 8747/10000 (87%)

Train Epoch: 53 [0/50000 (0%)]	Loss: 0.268231
Train Epoch: 53 [3200/50000 (6%)]	Loss: 0.139760
Train Epoch: 53 [6400/50000 (13%)]	Loss: 0.078095
Train Epoch: 53 [9600/50000 (19%)]	Loss: 0.127585
Train Epoch: 53 [12800/50000 (26%)]	Loss: 0.143788
Train Epoch: 53 [16000/50000 (32%)]	Loss: 0.150226
Train Epoch: 53 [19200/50000 (38%)]	Loss: 0.119045
Train Epoch: 53 [22400/50000 (45%)]	Loss: 0.180581
Train Epoch: 53 [25600/50000 (51%)]	Loss: 0.184314
Train Epoch: 53 [28800/50000 (58%)]	Loss: 0.093189
Train Epoch: 53 [32000/50000 (64%)]	Loss: 0.078644
Train Epoch: 53 [35200/50000 (70%)]	Loss: 0.144035
Train Epoch: 53 [38400/50000 (77%)]	Loss: 0.262299
Train Epoch: 53 [41600/50000 (83%)]	Loss: 0.146592
Train Epoch: 53 [44800/50000 (90%)]	Loss: 0.077030
Train Epoch: 53 [48000/50000 (96%)]	Loss: 0.209814

Test set: Average loss: 0.0004, Accuracy: 8825/10000 (88%)

Train Epoch: 54 [0/50000 (0%)]	Loss: 0.086304
Train Epoch: 54 [3200/50000 (6%)]	Loss: 0.107698
Train Epoch: 54 [6400/50000 (13%)]	Loss: 0.262435
Train Epoch: 54 [9600/50000 (19%)]	Loss: 0.271326
Train Epoch: 54 [12800/50000 (26%)]	Loss: 0.158811
Train Epoch: 54 [16000/50000 (32%)]	Loss: 0.123846
Train Epoch: 54 [19200/50000 (38%)]	Loss: 0.056957
Train Epoch: 54 [22400/50000 (45%)]	Loss: 0.242176
Train Epoch: 54 [25600/50000 (51%)]	Loss: 0.191276
Train Epoch: 54 [28800/50000 (58%)]	Loss: 0.074327
Train Epoch: 54 [32000/50000 (64%)]	Loss: 0.105729
Train Epoch: 54 [35200/50000 (70%)]	Loss: 0.204227
Train Epoch: 54 [38400/50000 (77%)]	Loss: 0.198496
Train Epoch: 54 [41600/50000 (83%)]	Loss: 0.100437
Train Epoch: 54 [44800/50000 (90%)]	Loss: 0.089525
Train Epoch: 54 [48000/50000 (96%)]	Loss: 0.138253

Test set: Average loss: 0.0004, Accuracy: 8819/10000 (88%)

Train Epoch: 55 [0/50000 (0%)]	Loss: 0.113783
Train Epoch: 55 [3200/50000 (6%)]	Loss: 0.043006
Train Epoch: 55 [6400/50000 (13%)]	Loss: 0.108510
Train Epoch: 55 [9600/50000 (19%)]	Loss: 0.093345
Train Epoch: 55 [12800/50000 (26%)]	Loss: 0.075414
Train Epoch: 55 [16000/50000 (32%)]	Loss: 0.166302
Train Epoch: 55 [19200/50000 (38%)]	Loss: 0.092423
Train Epoch: 55 [22400/50000 (45%)]	Loss: 0.091306
Train Epoch: 55 [25600/50000 (51%)]	Loss: 0.060320
Train Epoch: 55 [28800/50000 (58%)]	Loss: 0.199078
Train Epoch: 55 [32000/50000 (64%)]	Loss: 0.077331
Train Epoch: 55 [35200/50000 (70%)]	Loss: 0.143185
Train Epoch: 55 [38400/50000 (77%)]	Loss: 0.246672
Train Epoch: 55 [41600/50000 (83%)]	Loss: 0.106658
Train Epoch: 55 [44800/50000 (90%)]	Loss: 0.200624
Train Epoch: 55 [48000/50000 (96%)]	Loss: 0.110362

Test set: Average loss: 0.0004, Accuracy: 8762/10000 (88%)

Train Epoch: 56 [0/50000 (0%)]	Loss: 0.089593
Train Epoch: 56 [3200/50000 (6%)]	Loss: 0.138458
Train Epoch: 56 [6400/50000 (13%)]	Loss: 0.168240
Train Epoch: 56 [9600/50000 (19%)]	Loss: 0.178225
Train Epoch: 56 [12800/50000 (26%)]	Loss: 0.131746
Train Epoch: 56 [16000/50000 (32%)]	Loss: 0.107280
Train Epoch: 56 [19200/50000 (38%)]	Loss: 0.122549
Train Epoch: 56 [22400/50000 (45%)]	Loss: 0.070321
Train Epoch: 56 [25600/50000 (51%)]	Loss: 0.195402
Train Epoch: 56 [28800/50000 (58%)]	Loss: 0.132387
Train Epoch: 56 [32000/50000 (64%)]	Loss: 0.078327
Train Epoch: 56 [35200/50000 (70%)]	Loss: 0.082870
Train Epoch: 56 [38400/50000 (77%)]	Loss: 0.254477
Train Epoch: 56 [41600/50000 (83%)]	Loss: 0.174022
Train Epoch: 56 [44800/50000 (90%)]	Loss: 0.112509
Train Epoch: 56 [48000/50000 (96%)]	Loss: 0.161100

Test set: Average loss: 0.0004, Accuracy: 8840/10000 (88%)

Train Epoch: 57 [0/50000 (0%)]	Loss: 0.114463
Train Epoch: 57 [3200/50000 (6%)]	Loss: 0.102911
Train Epoch: 57 [6400/50000 (13%)]	Loss: 0.192228
Train Epoch: 57 [9600/50000 (19%)]	Loss: 0.165260
Train Epoch: 57 [12800/50000 (26%)]	Loss: 0.147215
Train Epoch: 57 [16000/50000 (32%)]	Loss: 0.170180
Train Epoch: 57 [19200/50000 (38%)]	Loss: 0.120788
Train Epoch: 57 [22400/50000 (45%)]	Loss: 0.128389
Train Epoch: 57 [25600/50000 (51%)]	Loss: 0.086630
Train Epoch: 57 [28800/50000 (58%)]	Loss: 0.123007
Train Epoch: 57 [32000/50000 (64%)]	Loss: 0.251805
Train Epoch: 57 [35200/50000 (70%)]	Loss: 0.114372
Train Epoch: 57 [38400/50000 (77%)]	Loss: 0.297723
Train Epoch: 57 [41600/50000 (83%)]	Loss: 0.047214
Train Epoch: 57 [44800/50000 (90%)]	Loss: 0.255163
Train Epoch: 57 [48000/50000 (96%)]	Loss: 0.164698

Test set: Average loss: 0.0004, Accuracy: 8844/10000 (88%)

Train Epoch: 58 [0/50000 (0%)]	Loss: 0.068354
Train Epoch: 58 [3200/50000 (6%)]	Loss: 0.147893
Train Epoch: 58 [6400/50000 (13%)]	Loss: 0.150644
Train Epoch: 58 [9600/50000 (19%)]	Loss: 0.051921
Train Epoch: 58 [12800/50000 (26%)]	Loss: 0.130471
Train Epoch: 58 [16000/50000 (32%)]	Loss: 0.218767
Train Epoch: 58 [19200/50000 (38%)]	Loss: 0.166105
Train Epoch: 58 [22400/50000 (45%)]	Loss: 0.137537
Train Epoch: 58 [25600/50000 (51%)]	Loss: 0.123626
Train Epoch: 58 [28800/50000 (58%)]	Loss: 0.225551
Train Epoch: 58 [32000/50000 (64%)]	Loss: 0.121650
Train Epoch: 58 [35200/50000 (70%)]	Loss: 0.041609
Train Epoch: 58 [38400/50000 (77%)]	Loss: 0.196369
Train Epoch: 58 [41600/50000 (83%)]	Loss: 0.059532
Train Epoch: 58 [44800/50000 (90%)]	Loss: 0.320237
Train Epoch: 58 [48000/50000 (96%)]	Loss: 0.178296

Test set: Average loss: 0.0004, Accuracy: 8781/10000 (88%)

Train Epoch: 59 [0/50000 (0%)]	Loss: 0.204931
Train Epoch: 59 [3200/50000 (6%)]	Loss: 0.118251
Train Epoch: 59 [6400/50000 (13%)]	Loss: 0.156301
Train Epoch: 59 [9600/50000 (19%)]	Loss: 0.046411
Train Epoch: 59 [12800/50000 (26%)]	Loss: 0.084398
Train Epoch: 59 [16000/50000 (32%)]	Loss: 0.185312
Train Epoch: 59 [19200/50000 (38%)]	Loss: 0.195390
Train Epoch: 59 [22400/50000 (45%)]	Loss: 0.294579
Train Epoch: 59 [25600/50000 (51%)]	Loss: 0.205242
Train Epoch: 59 [28800/50000 (58%)]	Loss: 0.130755
Train Epoch: 59 [32000/50000 (64%)]	Loss: 0.127923
Train Epoch: 59 [35200/50000 (70%)]	Loss: 0.361229
Train Epoch: 59 [38400/50000 (77%)]	Loss: 0.233482
Train Epoch: 59 [41600/50000 (83%)]	Loss: 0.184721
Train Epoch: 59 [44800/50000 (90%)]	Loss: 0.225042
Train Epoch: 59 [48000/50000 (96%)]	Loss: 0.195109

Test set: Average loss: 0.0004, Accuracy: 8845/10000 (88%)

Train Epoch: 60 [0/50000 (0%)]	Loss: 0.198828
Train Epoch: 60 [3200/50000 (6%)]	Loss: 0.225495
Train Epoch: 60 [6400/50000 (13%)]	Loss: 0.116330
Train Epoch: 60 [9600/50000 (19%)]	Loss: 0.126416
Train Epoch: 60 [12800/50000 (26%)]	Loss: 0.129853
Train Epoch: 60 [16000/50000 (32%)]	Loss: 0.111378
Train Epoch: 60 [19200/50000 (38%)]	Loss: 0.123481
Train Epoch: 60 [22400/50000 (45%)]	Loss: 0.065845
Train Epoch: 60 [25600/50000 (51%)]	Loss: 0.204466
Train Epoch: 60 [28800/50000 (58%)]	Loss: 0.203165
Train Epoch: 60 [32000/50000 (64%)]	Loss: 0.153481
Train Epoch: 60 [35200/50000 (70%)]	Loss: 0.045216
Train Epoch: 60 [38400/50000 (77%)]	Loss: 0.088090
Train Epoch: 60 [41600/50000 (83%)]	Loss: 0.209406
Train Epoch: 60 [44800/50000 (90%)]	Loss: 0.349354
Train Epoch: 60 [48000/50000 (96%)]	Loss: 0.274460

Test set: Average loss: 0.0004, Accuracy: 8827/10000 (88%)

Train Epoch: 61 [0/50000 (0%)]	Loss: 0.088866
Train Epoch: 61 [3200/50000 (6%)]	Loss: 0.124401
Train Epoch: 61 [6400/50000 (13%)]	Loss: 0.248511
Train Epoch: 61 [9600/50000 (19%)]	Loss: 0.130925
Train Epoch: 61 [12800/50000 (26%)]	Loss: 0.118616
Train Epoch: 61 [16000/50000 (32%)]	Loss: 0.094905
Train Epoch: 61 [19200/50000 (38%)]	Loss: 0.094948
Train Epoch: 61 [22400/50000 (45%)]	Loss: 0.336637
Train Epoch: 61 [25600/50000 (51%)]	Loss: 0.053295
Train Epoch: 61 [28800/50000 (58%)]	Loss: 0.042670
Train Epoch: 61 [32000/50000 (64%)]	Loss: 0.127160
Train Epoch: 61 [35200/50000 (70%)]	Loss: 0.199309
Train Epoch: 61 [38400/50000 (77%)]	Loss: 0.099094
Train Epoch: 61 [41600/50000 (83%)]	Loss: 0.337659
Train Epoch: 61 [44800/50000 (90%)]	Loss: 0.121914
Train Epoch: 61 [48000/50000 (96%)]	Loss: 0.227046

Test set: Average loss: 0.0004, Accuracy: 8890/10000 (89%)

Train Epoch: 62 [0/50000 (0%)]	Loss: 0.228986
Train Epoch: 62 [3200/50000 (6%)]	Loss: 0.208252
Train Epoch: 62 [6400/50000 (13%)]	Loss: 0.183748
Train Epoch: 62 [9600/50000 (19%)]	Loss: 0.125176
Train Epoch: 62 [12800/50000 (26%)]	Loss: 0.142088
Train Epoch: 62 [16000/50000 (32%)]	Loss: 0.112028
Train Epoch: 62 [19200/50000 (38%)]	Loss: 0.075705
Train Epoch: 62 [22400/50000 (45%)]	Loss: 0.133676
Train Epoch: 62 [25600/50000 (51%)]	Loss: 0.049043
Train Epoch: 62 [28800/50000 (58%)]	Loss: 0.177627
Train Epoch: 62 [32000/50000 (64%)]	Loss: 0.070100
Train Epoch: 62 [35200/50000 (70%)]	Loss: 0.088682
Train Epoch: 62 [38400/50000 (77%)]	Loss: 0.144610
Train Epoch: 62 [41600/50000 (83%)]	Loss: 0.141818
Train Epoch: 62 [44800/50000 (90%)]	Loss: 0.124487
Train Epoch: 62 [48000/50000 (96%)]	Loss: 0.123879

Test set: Average loss: 0.0004, Accuracy: 8853/10000 (89%)

Train Epoch: 63 [0/50000 (0%)]	Loss: 0.135145
Train Epoch: 63 [3200/50000 (6%)]	Loss: 0.127735
Train Epoch: 63 [6400/50000 (13%)]	Loss: 0.143441
Train Epoch: 63 [9600/50000 (19%)]	Loss: 0.155301
Train Epoch: 63 [12800/50000 (26%)]	Loss: 0.178419
Train Epoch: 63 [16000/50000 (32%)]	Loss: 0.147445
Train Epoch: 63 [19200/50000 (38%)]	Loss: 0.261634
Train Epoch: 63 [22400/50000 (45%)]	Loss: 0.056975
Train Epoch: 63 [25600/50000 (51%)]	Loss: 0.115920
Train Epoch: 63 [28800/50000 (58%)]	Loss: 0.237290
Train Epoch: 63 [32000/50000 (64%)]	Loss: 0.111854
Train Epoch: 63 [35200/50000 (70%)]	Loss: 0.186995
Train Epoch: 63 [38400/50000 (77%)]	Loss: 0.093030
Train Epoch: 63 [41600/50000 (83%)]	Loss: 0.044616
Train Epoch: 63 [44800/50000 (90%)]	Loss: 0.163713
Train Epoch: 63 [48000/50000 (96%)]	Loss: 0.075880

Test set: Average loss: 0.0004, Accuracy: 8849/10000 (88%)

Train Epoch: 64 [0/50000 (0%)]	Loss: 0.240211
Train Epoch: 64 [3200/50000 (6%)]	Loss: 0.103184
Train Epoch: 64 [6400/50000 (13%)]	Loss: 0.130340
Train Epoch: 64 [9600/50000 (19%)]	Loss: 0.110073
Train Epoch: 64 [12800/50000 (26%)]	Loss: 0.079429
Train Epoch: 64 [16000/50000 (32%)]	Loss: 0.179394
Train Epoch: 64 [19200/50000 (38%)]	Loss: 0.227623
Train Epoch: 64 [22400/50000 (45%)]	Loss: 0.035143
Train Epoch: 64 [25600/50000 (51%)]	Loss: 0.037058
Train Epoch: 64 [28800/50000 (58%)]	Loss: 0.260782
Train Epoch: 64 [32000/50000 (64%)]	Loss: 0.160088
Train Epoch: 64 [35200/50000 (70%)]	Loss: 0.054924
Train Epoch: 64 [38400/50000 (77%)]	Loss: 0.175378
Train Epoch: 64 [41600/50000 (83%)]	Loss: 0.152660
Train Epoch: 64 [44800/50000 (90%)]	Loss: 0.150317
Train Epoch: 64 [48000/50000 (96%)]	Loss: 0.126119

Test set: Average loss: 0.0004, Accuracy: 8844/10000 (88%)

Train Epoch: 65 [0/50000 (0%)]	Loss: 0.092811
Train Epoch: 65 [3200/50000 (6%)]	Loss: 0.132735
Train Epoch: 65 [6400/50000 (13%)]	Loss: 0.072875
Train Epoch: 65 [9600/50000 (19%)]	Loss: 0.139123
Train Epoch: 65 [12800/50000 (26%)]	Loss: 0.187374
Train Epoch: 65 [16000/50000 (32%)]	Loss: 0.122980
Train Epoch: 65 [19200/50000 (38%)]	Loss: 0.170797
Train Epoch: 65 [22400/50000 (45%)]	Loss: 0.253644
Train Epoch: 65 [25600/50000 (51%)]	Loss: 0.179913
Train Epoch: 65 [28800/50000 (58%)]	Loss: 0.124971
Train Epoch: 65 [32000/50000 (64%)]	Loss: 0.069173
Train Epoch: 65 [35200/50000 (70%)]	Loss: 0.180813
Train Epoch: 65 [38400/50000 (77%)]	Loss: 0.240753
Train Epoch: 65 [41600/50000 (83%)]	Loss: 0.141047
Train Epoch: 65 [44800/50000 (90%)]	Loss: 0.255698
Train Epoch: 65 [48000/50000 (96%)]	Loss: 0.201381

Test set: Average loss: 0.0004, Accuracy: 8847/10000 (88%)

Train Epoch: 66 [0/50000 (0%)]	Loss: 0.221112
Train Epoch: 66 [3200/50000 (6%)]	Loss: 0.191001
Train Epoch: 66 [6400/50000 (13%)]	Loss: 0.086995
Train Epoch: 66 [9600/50000 (19%)]	Loss: 0.153724
Train Epoch: 66 [12800/50000 (26%)]	Loss: 0.231671
Train Epoch: 66 [16000/50000 (32%)]	Loss: 0.175909
Train Epoch: 66 [19200/50000 (38%)]	Loss: 0.094424
Train Epoch: 66 [22400/50000 (45%)]	Loss: 0.119890
Train Epoch: 66 [25600/50000 (51%)]	Loss: 0.142840
Train Epoch: 66 [28800/50000 (58%)]	Loss: 0.115913
Train Epoch: 66 [32000/50000 (64%)]	Loss: 0.037942
Train Epoch: 66 [35200/50000 (70%)]	Loss: 0.081206
Train Epoch: 66 [38400/50000 (77%)]	Loss: 0.066488
Train Epoch: 66 [41600/50000 (83%)]	Loss: 0.226405
Train Epoch: 66 [44800/50000 (90%)]	Loss: 0.156206
Train Epoch: 66 [48000/50000 (96%)]	Loss: 0.113730

Test set: Average loss: 0.0004, Accuracy: 8840/10000 (88%)

Train Epoch: 67 [0/50000 (0%)]	Loss: 0.127364
Train Epoch: 67 [3200/50000 (6%)]	Loss: 0.176094
Train Epoch: 67 [6400/50000 (13%)]	Loss: 0.106159
Train Epoch: 67 [9600/50000 (19%)]	Loss: 0.076051
Train Epoch: 67 [12800/50000 (26%)]	Loss: 0.084359
Train Epoch: 67 [16000/50000 (32%)]	Loss: 0.100216
Train Epoch: 67 [19200/50000 (38%)]	Loss: 0.160047
Train Epoch: 67 [22400/50000 (45%)]	Loss: 0.157560
Train Epoch: 67 [25600/50000 (51%)]	Loss: 0.119486
Train Epoch: 67 [28800/50000 (58%)]	Loss: 0.168019
Train Epoch: 67 [32000/50000 (64%)]	Loss: 0.239762
Train Epoch: 67 [35200/50000 (70%)]	Loss: 0.057897
Train Epoch: 67 [38400/50000 (77%)]	Loss: 0.237169
Train Epoch: 67 [41600/50000 (83%)]	Loss: 0.306581
Train Epoch: 67 [44800/50000 (90%)]	Loss: 0.107461
Train Epoch: 67 [48000/50000 (96%)]	Loss: 0.192723

Test set: Average loss: 0.0004, Accuracy: 8812/10000 (88%)

Train Epoch: 68 [0/50000 (0%)]	Loss: 0.105302
Train Epoch: 68 [3200/50000 (6%)]	Loss: 0.149308
Train Epoch: 68 [6400/50000 (13%)]	Loss: 0.094265
Train Epoch: 68 [9600/50000 (19%)]	Loss: 0.098469
Train Epoch: 68 [12800/50000 (26%)]	Loss: 0.148161
Train Epoch: 68 [16000/50000 (32%)]	Loss: 0.173448
Train Epoch: 68 [19200/50000 (38%)]	Loss: 0.082075
Train Epoch: 68 [22400/50000 (45%)]	Loss: 0.096177
Train Epoch: 68 [25600/50000 (51%)]	Loss: 0.224713
Train Epoch: 68 [28800/50000 (58%)]	Loss: 0.081839
Train Epoch: 68 [32000/50000 (64%)]	Loss: 0.201787
Train Epoch: 68 [35200/50000 (70%)]	Loss: 0.158132
Train Epoch: 68 [38400/50000 (77%)]	Loss: 0.116049
Train Epoch: 68 [41600/50000 (83%)]	Loss: 0.123542
Train Epoch: 68 [44800/50000 (90%)]	Loss: 0.205214
Train Epoch: 68 [48000/50000 (96%)]	Loss: 0.168366

Test set: Average loss: 0.0004, Accuracy: 8837/10000 (88%)

Train Epoch: 69 [0/50000 (0%)]	Loss: 0.138890
Train Epoch: 69 [3200/50000 (6%)]	Loss: 0.163166
Train Epoch: 69 [6400/50000 (13%)]	Loss: 0.092518
Train Epoch: 69 [9600/50000 (19%)]	Loss: 0.069765
Train Epoch: 69 [12800/50000 (26%)]	Loss: 0.153973
Train Epoch: 69 [16000/50000 (32%)]	Loss: 0.282119
Train Epoch: 69 [19200/50000 (38%)]	Loss: 0.349024
Train Epoch: 69 [22400/50000 (45%)]	Loss: 0.188582
Train Epoch: 69 [25600/50000 (51%)]	Loss: 0.163648
Train Epoch: 69 [28800/50000 (58%)]	Loss: 0.083949
Train Epoch: 69 [32000/50000 (64%)]	Loss: 0.111048
Train Epoch: 69 [35200/50000 (70%)]	Loss: 0.218761
Train Epoch: 69 [38400/50000 (77%)]	Loss: 0.138396
Train Epoch: 69 [41600/50000 (83%)]	Loss: 0.120295
Train Epoch: 69 [44800/50000 (90%)]	Loss: 0.238286
Train Epoch: 69 [48000/50000 (96%)]	Loss: 0.069200

Test set: Average loss: 0.0004, Accuracy: 8863/10000 (89%)

Train Epoch: 70 [0/50000 (0%)]	Loss: 0.064024
Train Epoch: 70 [3200/50000 (6%)]	Loss: 0.096761
Train Epoch: 70 [6400/50000 (13%)]	Loss: 0.057934
Train Epoch: 70 [9600/50000 (19%)]	Loss: 0.184670
Train Epoch: 70 [12800/50000 (26%)]	Loss: 0.158547
Train Epoch: 70 [16000/50000 (32%)]	Loss: 0.142912
Train Epoch: 70 [19200/50000 (38%)]	Loss: 0.085853
Train Epoch: 70 [22400/50000 (45%)]	Loss: 0.131827
Train Epoch: 70 [25600/50000 (51%)]	Loss: 0.051364
Train Epoch: 70 [28800/50000 (58%)]	Loss: 0.158742
Train Epoch: 70 [32000/50000 (64%)]	Loss: 0.127433
Train Epoch: 70 [35200/50000 (70%)]	Loss: 0.085855
Train Epoch: 70 [38400/50000 (77%)]	Loss: 0.092674
Train Epoch: 70 [41600/50000 (83%)]	Loss: 0.087456
Train Epoch: 70 [44800/50000 (90%)]	Loss: 0.189788
Train Epoch: 70 [48000/50000 (96%)]	Loss: 0.113607

Test set: Average loss: 0.0004, Accuracy: 8868/10000 (89%)

Train Epoch: 71 [0/50000 (0%)]	Loss: 0.153465
Train Epoch: 71 [3200/50000 (6%)]	Loss: 0.163410
Train Epoch: 71 [6400/50000 (13%)]	Loss: 0.266668
Train Epoch: 71 [9600/50000 (19%)]	Loss: 0.069239
Train Epoch: 71 [12800/50000 (26%)]	Loss: 0.073925
Train Epoch: 71 [16000/50000 (32%)]	Loss: 0.369320
Train Epoch: 71 [19200/50000 (38%)]	Loss: 0.129817
Train Epoch: 71 [22400/50000 (45%)]	Loss: 0.101961
Train Epoch: 71 [25600/50000 (51%)]	Loss: 0.070113
Train Epoch: 71 [28800/50000 (58%)]	Loss: 0.122836
Train Epoch: 71 [32000/50000 (64%)]	Loss: 0.243635
Train Epoch: 71 [35200/50000 (70%)]	Loss: 0.113232
Train Epoch: 71 [38400/50000 (77%)]	Loss: 0.042565
Train Epoch: 71 [41600/50000 (83%)]	Loss: 0.145797
Train Epoch: 71 [44800/50000 (90%)]	Loss: 0.181619
Train Epoch: 71 [48000/50000 (96%)]	Loss: 0.078532

Test set: Average loss: 0.0004, Accuracy: 8822/10000 (88%)

Train Epoch: 72 [0/50000 (0%)]	Loss: 0.093499
Train Epoch: 72 [3200/50000 (6%)]	Loss: 0.057420
Train Epoch: 72 [6400/50000 (13%)]	Loss: 0.067709
Train Epoch: 72 [9600/50000 (19%)]	Loss: 0.084901
Train Epoch: 72 [12800/50000 (26%)]	Loss: 0.089256
Train Epoch: 72 [16000/50000 (32%)]	Loss: 0.181295
Train Epoch: 72 [19200/50000 (38%)]	Loss: 0.290449
Train Epoch: 72 [22400/50000 (45%)]	Loss: 0.226161
Train Epoch: 72 [25600/50000 (51%)]	Loss: 0.042780
Train Epoch: 72 [28800/50000 (58%)]	Loss: 0.063536
Train Epoch: 72 [32000/50000 (64%)]	Loss: 0.042540
Train Epoch: 72 [35200/50000 (70%)]	Loss: 0.175695
Train Epoch: 72 [38400/50000 (77%)]	Loss: 0.115411
Train Epoch: 72 [41600/50000 (83%)]	Loss: 0.173192
Train Epoch: 72 [44800/50000 (90%)]	Loss: 0.085010
Train Epoch: 72 [48000/50000 (96%)]	Loss: 0.123596

Test set: Average loss: 0.0004, Accuracy: 8788/10000 (88%)

Train Epoch: 73 [0/50000 (0%)]	Loss: 0.078379
Train Epoch: 73 [3200/50000 (6%)]	Loss: 0.146020
Train Epoch: 73 [6400/50000 (13%)]	Loss: 0.201845
Train Epoch: 73 [9600/50000 (19%)]	Loss: 0.080810
Train Epoch: 73 [12800/50000 (26%)]	Loss: 0.052491
Train Epoch: 73 [16000/50000 (32%)]	Loss: 0.144593
Train Epoch: 73 [19200/50000 (38%)]	Loss: 0.156137
Train Epoch: 73 [22400/50000 (45%)]	Loss: 0.050600
Train Epoch: 73 [25600/50000 (51%)]	Loss: 0.046452
Train Epoch: 73 [28800/50000 (58%)]	Loss: 0.354589
Train Epoch: 73 [32000/50000 (64%)]	Loss: 0.099061
Train Epoch: 73 [35200/50000 (70%)]	Loss: 0.151467
Train Epoch: 73 [38400/50000 (77%)]	Loss: 0.081474
Train Epoch: 73 [41600/50000 (83%)]	Loss: 0.182546
Train Epoch: 73 [44800/50000 (90%)]	Loss: 0.125231
Train Epoch: 73 [48000/50000 (96%)]	Loss: 0.149101

Test set: Average loss: 0.0004, Accuracy: 8876/10000 (89%)

Train Epoch: 74 [0/50000 (0%)]	Loss: 0.083496
Train Epoch: 74 [3200/50000 (6%)]	Loss: 0.093510
Train Epoch: 74 [6400/50000 (13%)]	Loss: 0.039618
Train Epoch: 74 [9600/50000 (19%)]	Loss: 0.053126
Train Epoch: 74 [12800/50000 (26%)]	Loss: 0.250377
Train Epoch: 74 [16000/50000 (32%)]	Loss: 0.212846
Train Epoch: 74 [19200/50000 (38%)]	Loss: 0.153391
Train Epoch: 74 [22400/50000 (45%)]	Loss: 0.113277
Train Epoch: 74 [25600/50000 (51%)]	Loss: 0.173641
Train Epoch: 74 [28800/50000 (58%)]	Loss: 0.258767
Train Epoch: 74 [32000/50000 (64%)]	Loss: 0.090158
Train Epoch: 74 [35200/50000 (70%)]	Loss: 0.196114
Train Epoch: 74 [38400/50000 (77%)]	Loss: 0.119272
Train Epoch: 74 [41600/50000 (83%)]	Loss: 0.046558
Train Epoch: 74 [44800/50000 (90%)]	Loss: 0.092459
Train Epoch: 74 [48000/50000 (96%)]	Loss: 0.161375

Test set: Average loss: 0.0004, Accuracy: 8845/10000 (88%)

Train Epoch: 75 [0/50000 (0%)]	Loss: 0.080065
Train Epoch: 75 [3200/50000 (6%)]	Loss: 0.126023
Train Epoch: 75 [6400/50000 (13%)]	Loss: 0.118427
Train Epoch: 75 [9600/50000 (19%)]	Loss: 0.068986
Train Epoch: 75 [12800/50000 (26%)]	Loss: 0.212209
Train Epoch: 75 [16000/50000 (32%)]	Loss: 0.127276
Train Epoch: 75 [19200/50000 (38%)]	Loss: 0.190247
Train Epoch: 75 [22400/50000 (45%)]	Loss: 0.171856
Train Epoch: 75 [25600/50000 (51%)]	Loss: 0.180138
Train Epoch: 75 [28800/50000 (58%)]	Loss: 0.103781
Train Epoch: 75 [32000/50000 (64%)]	Loss: 0.031346
Train Epoch: 75 [35200/50000 (70%)]	Loss: 0.080691
Train Epoch: 75 [38400/50000 (77%)]	Loss: 0.114243
Train Epoch: 75 [41600/50000 (83%)]	Loss: 0.167481
Train Epoch: 75 [44800/50000 (90%)]	Loss: 0.070854
Train Epoch: 75 [48000/50000 (96%)]	Loss: 0.271519

Test set: Average loss: 0.0004, Accuracy: 8878/10000 (89%)

Train Epoch: 76 [0/50000 (0%)]	Loss: 0.059100
Train Epoch: 76 [3200/50000 (6%)]	Loss: 0.100439
Train Epoch: 76 [6400/50000 (13%)]	Loss: 0.087048
Train Epoch: 76 [9600/50000 (19%)]	Loss: 0.086653
Train Epoch: 76 [12800/50000 (26%)]	Loss: 0.068774
Train Epoch: 76 [16000/50000 (32%)]	Loss: 0.089920
Train Epoch: 76 [19200/50000 (38%)]	Loss: 0.069740
Train Epoch: 76 [22400/50000 (45%)]	Loss: 0.028440
Train Epoch: 76 [25600/50000 (51%)]	Loss: 0.089754
Train Epoch: 76 [28800/50000 (58%)]	Loss: 0.097553
Train Epoch: 76 [32000/50000 (64%)]	Loss: 0.246784
Train Epoch: 76 [35200/50000 (70%)]	Loss: 0.153459
Train Epoch: 76 [38400/50000 (77%)]	Loss: 0.182535
Train Epoch: 76 [41600/50000 (83%)]	Loss: 0.195372
Train Epoch: 76 [44800/50000 (90%)]	Loss: 0.163062
Train Epoch: 76 [48000/50000 (96%)]	Loss: 0.117353

Test set: Average loss: 0.0004, Accuracy: 8860/10000 (89%)

Train Epoch: 77 [0/50000 (0%)]	Loss: 0.108606
Train Epoch: 77 [3200/50000 (6%)]	Loss: 0.087485
Train Epoch: 77 [6400/50000 (13%)]	Loss: 0.033835
Train Epoch: 77 [9600/50000 (19%)]	Loss: 0.170324
Train Epoch: 77 [12800/50000 (26%)]	Loss: 0.039760
Train Epoch: 77 [16000/50000 (32%)]	Loss: 0.087311
Train Epoch: 77 [19200/50000 (38%)]	Loss: 0.060457
Train Epoch: 77 [22400/50000 (45%)]	Loss: 0.012857
Train Epoch: 77 [25600/50000 (51%)]	Loss: 0.098292
Train Epoch: 77 [28800/50000 (58%)]	Loss: 0.042489
Train Epoch: 77 [32000/50000 (64%)]	Loss: 0.106825
Train Epoch: 77 [35200/50000 (70%)]	Loss: 0.337548
Train Epoch: 77 [38400/50000 (77%)]	Loss: 0.143581
Train Epoch: 77 [41600/50000 (83%)]	Loss: 0.098027
Train Epoch: 77 [44800/50000 (90%)]	Loss: 0.082510
Train Epoch: 77 [48000/50000 (96%)]	Loss: 0.165192

Test set: Average loss: 0.0004, Accuracy: 8912/10000 (89%)

Train Epoch: 78 [0/50000 (0%)]	Loss: 0.100172
Train Epoch: 78 [3200/50000 (6%)]	Loss: 0.085736
Train Epoch: 78 [6400/50000 (13%)]	Loss: 0.185840
Train Epoch: 78 [9600/50000 (19%)]	Loss: 0.101697
Train Epoch: 78 [12800/50000 (26%)]	Loss: 0.077753
Train Epoch: 78 [16000/50000 (32%)]	Loss: 0.032019
Train Epoch: 78 [19200/50000 (38%)]	Loss: 0.162681
Train Epoch: 78 [22400/50000 (45%)]	Loss: 0.127225
Train Epoch: 78 [25600/50000 (51%)]	Loss: 0.103178
Train Epoch: 78 [28800/50000 (58%)]	Loss: 0.066363
Train Epoch: 78 [32000/50000 (64%)]	Loss: 0.149072
Train Epoch: 78 [35200/50000 (70%)]	Loss: 0.154954
Train Epoch: 78 [38400/50000 (77%)]	Loss: 0.159975
Train Epoch: 78 [41600/50000 (83%)]	Loss: 0.145916
Train Epoch: 78 [44800/50000 (90%)]	Loss: 0.041400
Train Epoch: 78 [48000/50000 (96%)]	Loss: 0.132158

Test set: Average loss: 0.0004, Accuracy: 8847/10000 (88%)

Train Epoch: 79 [0/50000 (0%)]	Loss: 0.170564
Train Epoch: 79 [3200/50000 (6%)]	Loss: 0.108284
Train Epoch: 79 [6400/50000 (13%)]	Loss: 0.103718
Train Epoch: 79 [9600/50000 (19%)]	Loss: 0.127233
Train Epoch: 79 [12800/50000 (26%)]	Loss: 0.044011
Train Epoch: 79 [16000/50000 (32%)]	Loss: 0.093428
Train Epoch: 79 [19200/50000 (38%)]	Loss: 0.068681
Train Epoch: 79 [22400/50000 (45%)]	Loss: 0.035870
Train Epoch: 79 [25600/50000 (51%)]	Loss: 0.099058
Train Epoch: 79 [28800/50000 (58%)]	Loss: 0.045358
Train Epoch: 79 [32000/50000 (64%)]	Loss: 0.083529
Train Epoch: 79 [35200/50000 (70%)]	Loss: 0.079027
Train Epoch: 79 [38400/50000 (77%)]	Loss: 0.156343
Train Epoch: 79 [41600/50000 (83%)]	Loss: 0.099918
Train Epoch: 79 [44800/50000 (90%)]	Loss: 0.108829
Train Epoch: 79 [48000/50000 (96%)]	Loss: 0.154290

Test set: Average loss: 0.0004, Accuracy: 8850/10000 (88%)

Train Epoch: 80 [0/50000 (0%)]	Loss: 0.069386
Train Epoch: 80 [3200/50000 (6%)]	Loss: 0.079108
Train Epoch: 80 [6400/50000 (13%)]	Loss: 0.110563
Train Epoch: 80 [9600/50000 (19%)]	Loss: 0.134123
Train Epoch: 80 [12800/50000 (26%)]	Loss: 0.141878
Train Epoch: 80 [16000/50000 (32%)]	Loss: 0.039162
Train Epoch: 80 [19200/50000 (38%)]	Loss: 0.053439
Train Epoch: 80 [22400/50000 (45%)]	Loss: 0.156799
Train Epoch: 80 [25600/50000 (51%)]	Loss: 0.142650
Train Epoch: 80 [28800/50000 (58%)]	Loss: 0.102805
Train Epoch: 80 [32000/50000 (64%)]	Loss: 0.198804
Train Epoch: 80 [35200/50000 (70%)]	Loss: 0.244069
Train Epoch: 80 [38400/50000 (77%)]	Loss: 0.096832
Train Epoch: 80 [41600/50000 (83%)]	Loss: 0.072918
Train Epoch: 80 [44800/50000 (90%)]	Loss: 0.160150
Train Epoch: 80 [48000/50000 (96%)]	Loss: 0.105649

Test set: Average loss: 0.0004, Accuracy: 8837/10000 (88%)

Train Epoch: 81 [0/50000 (0%)]	Loss: 0.110736
Train Epoch: 81 [3200/50000 (6%)]	Loss: 0.088276
Train Epoch: 81 [6400/50000 (13%)]	Loss: 0.136727
Train Epoch: 81 [9600/50000 (19%)]	Loss: 0.105867
Train Epoch: 81 [12800/50000 (26%)]	Loss: 0.035324
Train Epoch: 81 [16000/50000 (32%)]	Loss: 0.033537
Train Epoch: 81 [19200/50000 (38%)]	Loss: 0.075730
Train Epoch: 81 [22400/50000 (45%)]	Loss: 0.041580
Train Epoch: 81 [25600/50000 (51%)]	Loss: 0.107822
Train Epoch: 81 [28800/50000 (58%)]	Loss: 0.022906
Train Epoch: 81 [32000/50000 (64%)]	Loss: 0.156025
Train Epoch: 81 [35200/50000 (70%)]	Loss: 0.041554
Train Epoch: 81 [38400/50000 (77%)]	Loss: 0.065772
Train Epoch: 81 [41600/50000 (83%)]	Loss: 0.067194
Train Epoch: 81 [44800/50000 (90%)]	Loss: 0.036234
Train Epoch: 81 [48000/50000 (96%)]	Loss: 0.048576

Test set: Average loss: 0.0004, Accuracy: 8973/10000 (90%)

Train Epoch: 82 [0/50000 (0%)]	Loss: 0.048452
Train Epoch: 82 [3200/50000 (6%)]	Loss: 0.148449
Train Epoch: 82 [6400/50000 (13%)]	Loss: 0.069121
Train Epoch: 82 [9600/50000 (19%)]	Loss: 0.029156
Train Epoch: 82 [12800/50000 (26%)]	Loss: 0.092857
Train Epoch: 82 [16000/50000 (32%)]	Loss: 0.109577
Train Epoch: 82 [19200/50000 (38%)]	Loss: 0.092493
Train Epoch: 82 [22400/50000 (45%)]	Loss: 0.005828
Train Epoch: 82 [25600/50000 (51%)]	Loss: 0.117405
Train Epoch: 82 [28800/50000 (58%)]	Loss: 0.046380
Train Epoch: 82 [32000/50000 (64%)]	Loss: 0.057542
Train Epoch: 82 [35200/50000 (70%)]	Loss: 0.039568
Train Epoch: 82 [38400/50000 (77%)]	Loss: 0.021921
Train Epoch: 82 [41600/50000 (83%)]	Loss: 0.168334
Train Epoch: 82 [44800/50000 (90%)]	Loss: 0.063920
Train Epoch: 82 [48000/50000 (96%)]	Loss: 0.072950

Test set: Average loss: 0.0004, Accuracy: 8974/10000 (90%)

Train Epoch: 83 [0/50000 (0%)]	Loss: 0.075607
Train Epoch: 83 [3200/50000 (6%)]	Loss: 0.079516
Train Epoch: 83 [6400/50000 (13%)]	Loss: 0.033328
Train Epoch: 83 [9600/50000 (19%)]	Loss: 0.094139
Train Epoch: 83 [12800/50000 (26%)]	Loss: 0.088137
Train Epoch: 83 [16000/50000 (32%)]	Loss: 0.031743
Train Epoch: 83 [19200/50000 (38%)]	Loss: 0.041045
Train Epoch: 83 [22400/50000 (45%)]	Loss: 0.042807
Train Epoch: 83 [25600/50000 (51%)]	Loss: 0.060512
Train Epoch: 83 [28800/50000 (58%)]	Loss: 0.040726
Train Epoch: 83 [32000/50000 (64%)]	Loss: 0.124792
Train Epoch: 83 [35200/50000 (70%)]	Loss: 0.079270
Train Epoch: 83 [38400/50000 (77%)]	Loss: 0.107541
Train Epoch: 83 [41600/50000 (83%)]	Loss: 0.007588
Train Epoch: 83 [44800/50000 (90%)]	Loss: 0.064602
Train Epoch: 83 [48000/50000 (96%)]	Loss: 0.040595

Test set: Average loss: 0.0004, Accuracy: 8979/10000 (90%)

Train Epoch: 84 [0/50000 (0%)]	Loss: 0.035421
Train Epoch: 84 [3200/50000 (6%)]	Loss: 0.040713
Train Epoch: 84 [6400/50000 (13%)]	Loss: 0.030095
Train Epoch: 84 [9600/50000 (19%)]	Loss: 0.055932
Train Epoch: 84 [12800/50000 (26%)]	Loss: 0.042940
Train Epoch: 84 [16000/50000 (32%)]	Loss: 0.033966
Train Epoch: 84 [19200/50000 (38%)]	Loss: 0.029760
Train Epoch: 84 [22400/50000 (45%)]	Loss: 0.019372
Train Epoch: 84 [25600/50000 (51%)]	Loss: 0.057725
Train Epoch: 84 [28800/50000 (58%)]	Loss: 0.015828
Train Epoch: 84 [32000/50000 (64%)]	Loss: 0.060277
Train Epoch: 84 [35200/50000 (70%)]	Loss: 0.008283
Train Epoch: 84 [38400/50000 (77%)]	Loss: 0.033686
Train Epoch: 84 [41600/50000 (83%)]	Loss: 0.029213
Train Epoch: 84 [44800/50000 (90%)]	Loss: 0.018404
Train Epoch: 84 [48000/50000 (96%)]	Loss: 0.052493

Test set: Average loss: 0.0004, Accuracy: 8988/10000 (90%)

Train Epoch: 85 [0/50000 (0%)]	Loss: 0.058294
Train Epoch: 85 [3200/50000 (6%)]	Loss: 0.021341
Train Epoch: 85 [6400/50000 (13%)]	Loss: 0.035907
Train Epoch: 85 [9600/50000 (19%)]	Loss: 0.080319
Train Epoch: 85 [12800/50000 (26%)]	Loss: 0.065003
Train Epoch: 85 [16000/50000 (32%)]	Loss: 0.066626
Train Epoch: 85 [19200/50000 (38%)]	Loss: 0.031750
Train Epoch: 85 [22400/50000 (45%)]	Loss: 0.083021
Train Epoch: 85 [25600/50000 (51%)]	Loss: 0.051519
Train Epoch: 85 [28800/50000 (58%)]	Loss: 0.047386
Train Epoch: 85 [32000/50000 (64%)]	Loss: 0.038263
Train Epoch: 85 [35200/50000 (70%)]	Loss: 0.055568
Train Epoch: 85 [38400/50000 (77%)]	Loss: 0.190787
Train Epoch: 85 [41600/50000 (83%)]	Loss: 0.003254
Train Epoch: 85 [44800/50000 (90%)]	Loss: 0.053310
Train Epoch: 85 [48000/50000 (96%)]	Loss: 0.098400

Test set: Average loss: 0.0004, Accuracy: 9002/10000 (90%)

Train Epoch: 86 [0/50000 (0%)]	Loss: 0.009618
Train Epoch: 86 [3200/50000 (6%)]	Loss: 0.012756
Train Epoch: 86 [6400/50000 (13%)]	Loss: 0.067949
Train Epoch: 86 [9600/50000 (19%)]	Loss: 0.027433
Train Epoch: 86 [12800/50000 (26%)]	Loss: 0.067460
Train Epoch: 86 [16000/50000 (32%)]	Loss: 0.018995
Train Epoch: 86 [19200/50000 (38%)]	Loss: 0.045247
Train Epoch: 86 [22400/50000 (45%)]	Loss: 0.054893
Train Epoch: 86 [25600/50000 (51%)]	Loss: 0.029376
Train Epoch: 86 [28800/50000 (58%)]	Loss: 0.034758
Train Epoch: 86 [32000/50000 (64%)]	Loss: 0.011166
Train Epoch: 86 [35200/50000 (70%)]	Loss: 0.026257
Train Epoch: 86 [38400/50000 (77%)]	Loss: 0.091294
Train Epoch: 86 [41600/50000 (83%)]	Loss: 0.034578
Train Epoch: 86 [44800/50000 (90%)]	Loss: 0.010385
Train Epoch: 86 [48000/50000 (96%)]	Loss: 0.058597

Test set: Average loss: 0.0004, Accuracy: 9007/10000 (90%)

Train Epoch: 87 [0/50000 (0%)]	Loss: 0.015150
Train Epoch: 87 [3200/50000 (6%)]	Loss: 0.047024
Train Epoch: 87 [6400/50000 (13%)]	Loss: 0.008451
Train Epoch: 87 [9600/50000 (19%)]	Loss: 0.009687
Train Epoch: 87 [12800/50000 (26%)]	Loss: 0.011094
Train Epoch: 87 [16000/50000 (32%)]	Loss: 0.051660
Train Epoch: 87 [19200/50000 (38%)]	Loss: 0.004231
Train Epoch: 87 [22400/50000 (45%)]	Loss: 0.007390
Train Epoch: 87 [25600/50000 (51%)]	Loss: 0.013968
Train Epoch: 87 [28800/50000 (58%)]	Loss: 0.015079
Train Epoch: 87 [32000/50000 (64%)]	Loss: 0.069548
Train Epoch: 87 [35200/50000 (70%)]	Loss: 0.039002
Train Epoch: 87 [38400/50000 (77%)]	Loss: 0.043186
Train Epoch: 87 [41600/50000 (83%)]	Loss: 0.049502
Train Epoch: 87 [44800/50000 (90%)]	Loss: 0.041350
Train Epoch: 87 [48000/50000 (96%)]	Loss: 0.027510

Test set: Average loss: 0.0004, Accuracy: 9014/10000 (90%)

Train Epoch: 88 [0/50000 (0%)]	Loss: 0.095380
Train Epoch: 88 [3200/50000 (6%)]	Loss: 0.048654
Train Epoch: 88 [6400/50000 (13%)]	Loss: 0.007338
Train Epoch: 88 [9600/50000 (19%)]	Loss: 0.043011
Train Epoch: 88 [12800/50000 (26%)]	Loss: 0.106418
Train Epoch: 88 [16000/50000 (32%)]	Loss: 0.008151
Train Epoch: 88 [19200/50000 (38%)]	Loss: 0.014995
Train Epoch: 88 [22400/50000 (45%)]	Loss: 0.027465
Train Epoch: 88 [25600/50000 (51%)]	Loss: 0.005947
Train Epoch: 88 [28800/50000 (58%)]	Loss: 0.081298
Train Epoch: 88 [32000/50000 (64%)]	Loss: 0.022162
Train Epoch: 88 [35200/50000 (70%)]	Loss: 0.011673
Train Epoch: 88 [38400/50000 (77%)]	Loss: 0.041144
Train Epoch: 88 [41600/50000 (83%)]	Loss: 0.004471
Train Epoch: 88 [44800/50000 (90%)]	Loss: 0.153112
Train Epoch: 88 [48000/50000 (96%)]	Loss: 0.010600

Test set: Average loss: 0.0004, Accuracy: 9006/10000 (90%)

Train Epoch: 89 [0/50000 (0%)]	Loss: 0.011818
Train Epoch: 89 [3200/50000 (6%)]	Loss: 0.023457
Train Epoch: 89 [6400/50000 (13%)]	Loss: 0.004989
Train Epoch: 89 [9600/50000 (19%)]	Loss: 0.013635
Train Epoch: 89 [12800/50000 (26%)]	Loss: 0.026488
Train Epoch: 89 [16000/50000 (32%)]	Loss: 0.048810
Train Epoch: 89 [19200/50000 (38%)]	Loss: 0.018749
Train Epoch: 89 [22400/50000 (45%)]	Loss: 0.031462
Train Epoch: 89 [25600/50000 (51%)]	Loss: 0.052772
Train Epoch: 89 [28800/50000 (58%)]	Loss: 0.025501
Train Epoch: 89 [32000/50000 (64%)]	Loss: 0.029474
Train Epoch: 89 [35200/50000 (70%)]	Loss: 0.012046
Train Epoch: 89 [38400/50000 (77%)]	Loss: 0.040881
Train Epoch: 89 [41600/50000 (83%)]	Loss: 0.050153
Train Epoch: 89 [44800/50000 (90%)]	Loss: 0.007078
Train Epoch: 89 [48000/50000 (96%)]	Loss: 0.007880

Test set: Average loss: 0.0004, Accuracy: 9006/10000 (90%)

Train Epoch: 90 [0/50000 (0%)]	Loss: 0.086039
Train Epoch: 90 [3200/50000 (6%)]	Loss: 0.012127
Train Epoch: 90 [6400/50000 (13%)]	Loss: 0.036641
Train Epoch: 90 [9600/50000 (19%)]	Loss: 0.038342
Train Epoch: 90 [12800/50000 (26%)]	Loss: 0.104505
Train Epoch: 90 [16000/50000 (32%)]	Loss: 0.017880
Train Epoch: 90 [19200/50000 (38%)]	Loss: 0.008868
Train Epoch: 90 [22400/50000 (45%)]	Loss: 0.019903
Train Epoch: 90 [25600/50000 (51%)]	Loss: 0.063448
Train Epoch: 90 [28800/50000 (58%)]	Loss: 0.007244
Train Epoch: 90 [32000/50000 (64%)]	Loss: 0.030456
Train Epoch: 90 [35200/50000 (70%)]	Loss: 0.032002
Train Epoch: 90 [38400/50000 (77%)]	Loss: 0.001571
Train Epoch: 90 [41600/50000 (83%)]	Loss: 0.016067
Train Epoch: 90 [44800/50000 (90%)]	Loss: 0.087707
Train Epoch: 90 [48000/50000 (96%)]	Loss: 0.023566

Test set: Average loss: 0.0004, Accuracy: 9006/10000 (90%)

Train Epoch: 91 [0/50000 (0%)]	Loss: 0.034787
Train Epoch: 91 [3200/50000 (6%)]	Loss: 0.061740
Train Epoch: 91 [6400/50000 (13%)]	Loss: 0.050071
Train Epoch: 91 [9600/50000 (19%)]	Loss: 0.063077
Train Epoch: 91 [12800/50000 (26%)]	Loss: 0.028436
Train Epoch: 91 [16000/50000 (32%)]	Loss: 0.095014
Train Epoch: 91 [19200/50000 (38%)]	Loss: 0.012525
Train Epoch: 91 [22400/50000 (45%)]	Loss: 0.014938
Train Epoch: 91 [25600/50000 (51%)]	Loss: 0.054586
Train Epoch: 91 [28800/50000 (58%)]	Loss: 0.074934
Train Epoch: 91 [32000/50000 (64%)]	Loss: 0.008768
Train Epoch: 91 [35200/50000 (70%)]	Loss: 0.015641
Train Epoch: 91 [38400/50000 (77%)]	Loss: 0.008081
Train Epoch: 91 [41600/50000 (83%)]	Loss: 0.026317
Train Epoch: 91 [44800/50000 (90%)]	Loss: 0.061176
Train Epoch: 91 [48000/50000 (96%)]	Loss: 0.031936

Test set: Average loss: 0.0004, Accuracy: 8997/10000 (90%)

Train Epoch: 92 [0/50000 (0%)]	Loss: 0.006345
Train Epoch: 92 [3200/50000 (6%)]	Loss: 0.013940
Train Epoch: 92 [6400/50000 (13%)]	Loss: 0.049670
Train Epoch: 92 [9600/50000 (19%)]	Loss: 0.014311
Train Epoch: 92 [12800/50000 (26%)]	Loss: 0.040378
Train Epoch: 92 [16000/50000 (32%)]	Loss: 0.015541
Train Epoch: 92 [19200/50000 (38%)]	Loss: 0.002634
Train Epoch: 92 [22400/50000 (45%)]	Loss: 0.003950
Train Epoch: 92 [25600/50000 (51%)]	Loss: 0.003874
Train Epoch: 92 [28800/50000 (58%)]	Loss: 0.031066
Train Epoch: 92 [32000/50000 (64%)]	Loss: 0.005928
Train Epoch: 92 [35200/50000 (70%)]	Loss: 0.020730
Train Epoch: 92 [38400/50000 (77%)]	Loss: 0.061190
Train Epoch: 92 [41600/50000 (83%)]	Loss: 0.008124
Train Epoch: 92 [44800/50000 (90%)]	Loss: 0.039277
Train Epoch: 92 [48000/50000 (96%)]	Loss: 0.052972

Test set: Average loss: 0.0004, Accuracy: 9015/10000 (90%)

Train Epoch: 93 [0/50000 (0%)]	Loss: 0.024102
Train Epoch: 93 [3200/50000 (6%)]	Loss: 0.056636
Train Epoch: 93 [6400/50000 (13%)]	Loss: 0.018760
Train Epoch: 93 [9600/50000 (19%)]	Loss: 0.023974
Train Epoch: 93 [12800/50000 (26%)]	Loss: 0.014425
Train Epoch: 93 [16000/50000 (32%)]	Loss: 0.015593
Train Epoch: 93 [19200/50000 (38%)]	Loss: 0.018405
Train Epoch: 93 [22400/50000 (45%)]	Loss: 0.024140
Train Epoch: 93 [25600/50000 (51%)]	Loss: 0.118280
Train Epoch: 93 [28800/50000 (58%)]	Loss: 0.046200
Train Epoch: 93 [32000/50000 (64%)]	Loss: 0.002791
Train Epoch: 93 [35200/50000 (70%)]	Loss: 0.004954
Train Epoch: 93 [38400/50000 (77%)]	Loss: 0.036715
Train Epoch: 93 [41600/50000 (83%)]	Loss: 0.043355
Train Epoch: 93 [44800/50000 (90%)]	Loss: 0.023126
Train Epoch: 93 [48000/50000 (96%)]	Loss: 0.008356

Test set: Average loss: 0.0004, Accuracy: 9008/10000 (90%)

Train Epoch: 94 [0/50000 (0%)]	Loss: 0.005784
Train Epoch: 94 [3200/50000 (6%)]	Loss: 0.011432
Train Epoch: 94 [6400/50000 (13%)]	Loss: 0.013375
Train Epoch: 94 [9600/50000 (19%)]	Loss: 0.043437
Train Epoch: 94 [12800/50000 (26%)]	Loss: 0.035942
Train Epoch: 94 [16000/50000 (32%)]	Loss: 0.011901
Train Epoch: 94 [19200/50000 (38%)]	Loss: 0.012014
Train Epoch: 94 [22400/50000 (45%)]	Loss: 0.025476
Train Epoch: 94 [25600/50000 (51%)]	Loss: 0.042168
Train Epoch: 94 [28800/50000 (58%)]	Loss: 0.150445
Train Epoch: 94 [32000/50000 (64%)]	Loss: 0.040311
Train Epoch: 94 [35200/50000 (70%)]	Loss: 0.060843
Train Epoch: 94 [38400/50000 (77%)]	Loss: 0.006539
Train Epoch: 94 [41600/50000 (83%)]	Loss: 0.073459
Train Epoch: 94 [44800/50000 (90%)]	Loss: 0.009152
Train Epoch: 94 [48000/50000 (96%)]	Loss: 0.015406

Test set: Average loss: 0.0004, Accuracy: 9027/10000 (90%)

Train Epoch: 95 [0/50000 (0%)]	Loss: 0.021619
Train Epoch: 95 [3200/50000 (6%)]	Loss: 0.036669
Train Epoch: 95 [6400/50000 (13%)]	Loss: 0.001589
Train Epoch: 95 [9600/50000 (19%)]	Loss: 0.002729
Train Epoch: 95 [12800/50000 (26%)]	Loss: 0.045627
Train Epoch: 95 [16000/50000 (32%)]	Loss: 0.025225
Train Epoch: 95 [19200/50000 (38%)]	Loss: 0.001453
Train Epoch: 95 [22400/50000 (45%)]	Loss: 0.047461
Train Epoch: 95 [25600/50000 (51%)]	Loss: 0.009099
Train Epoch: 95 [28800/50000 (58%)]	Loss: 0.005702
Train Epoch: 95 [32000/50000 (64%)]	Loss: 0.009771
Train Epoch: 95 [35200/50000 (70%)]	Loss: 0.012502
Train Epoch: 95 [38400/50000 (77%)]	Loss: 0.030417
Train Epoch: 95 [41600/50000 (83%)]	Loss: 0.058458
Train Epoch: 95 [44800/50000 (90%)]	Loss: 0.021741
Train Epoch: 95 [48000/50000 (96%)]	Loss: 0.011118

Test set: Average loss: 0.0004, Accuracy: 9033/10000 (90%)

Train Epoch: 96 [0/50000 (0%)]	Loss: 0.024430
Train Epoch: 96 [3200/50000 (6%)]	Loss: 0.182458
Train Epoch: 96 [6400/50000 (13%)]	Loss: 0.008173
Train Epoch: 96 [9600/50000 (19%)]	Loss: 0.039984
Train Epoch: 96 [12800/50000 (26%)]	Loss: 0.074898
Train Epoch: 96 [16000/50000 (32%)]	Loss: 0.012114
Train Epoch: 96 [19200/50000 (38%)]	Loss: 0.040188
Train Epoch: 96 [22400/50000 (45%)]	Loss: 0.011619
Train Epoch: 96 [25600/50000 (51%)]	Loss: 0.105095
Train Epoch: 96 [28800/50000 (58%)]	Loss: 0.018695
Train Epoch: 96 [32000/50000 (64%)]	Loss: 0.014439
Train Epoch: 96 [35200/50000 (70%)]	Loss: 0.024068
Train Epoch: 96 [38400/50000 (77%)]	Loss: 0.026484
Train Epoch: 96 [41600/50000 (83%)]	Loss: 0.012508
Train Epoch: 96 [44800/50000 (90%)]	Loss: 0.002471
Train Epoch: 96 [48000/50000 (96%)]	Loss: 0.032435

Test set: Average loss: 0.0004, Accuracy: 9032/10000 (90%)

Train Epoch: 97 [0/50000 (0%)]	Loss: 0.016738
Train Epoch: 97 [3200/50000 (6%)]	Loss: 0.011523
Train Epoch: 97 [6400/50000 (13%)]	Loss: 0.003938
Train Epoch: 97 [9600/50000 (19%)]	Loss: 0.007883
Train Epoch: 97 [12800/50000 (26%)]	Loss: 0.053998
Train Epoch: 97 [16000/50000 (32%)]	Loss: 0.025870
Train Epoch: 97 [19200/50000 (38%)]	Loss: 0.028586
Train Epoch: 97 [22400/50000 (45%)]	Loss: 0.013393
Train Epoch: 97 [25600/50000 (51%)]	Loss: 0.004985
Train Epoch: 97 [28800/50000 (58%)]	Loss: 0.009955
Train Epoch: 97 [32000/50000 (64%)]	Loss: 0.027181
Train Epoch: 97 [35200/50000 (70%)]	Loss: 0.062566
Train Epoch: 97 [38400/50000 (77%)]	Loss: 0.081399
Train Epoch: 97 [41600/50000 (83%)]	Loss: 0.004623
Train Epoch: 97 [44800/50000 (90%)]	Loss: 0.006684
Train Epoch: 97 [48000/50000 (96%)]	Loss: 0.074548

Test set: Average loss: 0.0004, Accuracy: 9020/10000 (90%)

Train Epoch: 98 [0/50000 (0%)]	Loss: 0.013628
Train Epoch: 98 [3200/50000 (6%)]	Loss: 0.045306
Train Epoch: 98 [6400/50000 (13%)]	Loss: 0.004997
Train Epoch: 98 [9600/50000 (19%)]	Loss: 0.006725
Train Epoch: 98 [12800/50000 (26%)]	Loss: 0.039035
Train Epoch: 98 [16000/50000 (32%)]	Loss: 0.010476
Train Epoch: 98 [19200/50000 (38%)]	Loss: 0.020127
Train Epoch: 98 [22400/50000 (45%)]	Loss: 0.060854
Train Epoch: 98 [25600/50000 (51%)]	Loss: 0.031077
Train Epoch: 98 [28800/50000 (58%)]	Loss: 0.025313
Train Epoch: 98 [32000/50000 (64%)]	Loss: 0.038008
Train Epoch: 98 [35200/50000 (70%)]	Loss: 0.018485
Train Epoch: 98 [38400/50000 (77%)]	Loss: 0.031929
Train Epoch: 98 [41600/50000 (83%)]	Loss: 0.004789
Train Epoch: 98 [44800/50000 (90%)]	Loss: 0.044745
Train Epoch: 98 [48000/50000 (96%)]	Loss: 0.016247

Test set: Average loss: 0.0005, Accuracy: 9011/10000 (90%)

Train Epoch: 99 [0/50000 (0%)]	Loss: 0.022170
Train Epoch: 99 [3200/50000 (6%)]	Loss: 0.006585
Train Epoch: 99 [6400/50000 (13%)]	Loss: 0.024611
Train Epoch: 99 [9600/50000 (19%)]	Loss: 0.003443
Train Epoch: 99 [12800/50000 (26%)]	Loss: 0.005263
Train Epoch: 99 [16000/50000 (32%)]	Loss: 0.002740
Train Epoch: 99 [19200/50000 (38%)]	Loss: 0.119869
Train Epoch: 99 [22400/50000 (45%)]	Loss: 0.015381
Train Epoch: 99 [25600/50000 (51%)]	Loss: 0.026613
Train Epoch: 99 [28800/50000 (58%)]	Loss: 0.047040
Train Epoch: 99 [32000/50000 (64%)]	Loss: 0.003520
Train Epoch: 99 [35200/50000 (70%)]	Loss: 0.016825
Train Epoch: 99 [38400/50000 (77%)]	Loss: 0.009117
Train Epoch: 99 [41600/50000 (83%)]	Loss: 0.062799
Train Epoch: 99 [44800/50000 (90%)]	Loss: 0.032751
Train Epoch: 99 [48000/50000 (96%)]	Loss: 0.009110

Test set: Average loss: 0.0004, Accuracy: 9020/10000 (90%)

Train Epoch: 100 [0/50000 (0%)]	Loss: 0.005574
Train Epoch: 100 [3200/50000 (6%)]	Loss: 0.002792
Train Epoch: 100 [6400/50000 (13%)]	Loss: 0.032424
Train Epoch: 100 [9600/50000 (19%)]	Loss: 0.021993
Train Epoch: 100 [12800/50000 (26%)]	Loss: 0.010784
Train Epoch: 100 [16000/50000 (32%)]	Loss: 0.002542
Train Epoch: 100 [19200/50000 (38%)]	Loss: 0.012116
Train Epoch: 100 [22400/50000 (45%)]	Loss: 0.012632
Train Epoch: 100 [25600/50000 (51%)]	Loss: 0.028221
Train Epoch: 100 [28800/50000 (58%)]	Loss: 0.070878
Train Epoch: 100 [32000/50000 (64%)]	Loss: 0.062907
Train Epoch: 100 [35200/50000 (70%)]	Loss: 0.037233
Train Epoch: 100 [38400/50000 (77%)]	Loss: 0.012799
Train Epoch: 100 [41600/50000 (83%)]	Loss: 0.012374
Train Epoch: 100 [44800/50000 (90%)]	Loss: 0.006936
Train Epoch: 100 [48000/50000 (96%)]	Loss: 0.062030

Test set: Average loss: 0.0005, Accuracy: 9040/10000 (90%)

