Files already downloaded and verified
Files already downloaded and verified
Total parameters: 3175376
Train Epoch: 1 [0/50000 (0%)]	Loss: 2.362222
Train Epoch: 1 [3200/50000 (6%)]	Loss: 2.115788
Train Epoch: 1 [6400/50000 (13%)]	Loss: 2.024568
Train Epoch: 1 [9600/50000 (19%)]	Loss: 2.051022
Train Epoch: 1 [12800/50000 (26%)]	Loss: 1.576434
Train Epoch: 1 [16000/50000 (32%)]	Loss: 1.809462
Train Epoch: 1 [19200/50000 (38%)]	Loss: 1.431027
Train Epoch: 1 [22400/50000 (45%)]	Loss: 1.556805
Train Epoch: 1 [25600/50000 (51%)]	Loss: 1.665018
Train Epoch: 1 [28800/50000 (58%)]	Loss: 1.568208
Train Epoch: 1 [32000/50000 (64%)]	Loss: 1.609855
Train Epoch: 1 [35200/50000 (70%)]	Loss: 1.498826
Train Epoch: 1 [38400/50000 (77%)]	Loss: 1.360274
Train Epoch: 1 [41600/50000 (83%)]	Loss: 1.394814
Train Epoch: 1 [44800/50000 (90%)]	Loss: 1.507880
Train Epoch: 1 [48000/50000 (96%)]	Loss: 1.509140

Test set: Average loss: 0.0015, Accuracy: 4396/10000 (44%)

Train Epoch: 2 [0/50000 (0%)]	Loss: 1.498149
Train Epoch: 2 [3200/50000 (6%)]	Loss: 1.289138
Train Epoch: 2 [6400/50000 (13%)]	Loss: 1.630545
Train Epoch: 2 [9600/50000 (19%)]	Loss: 1.537114
Train Epoch: 2 [12800/50000 (26%)]	Loss: 1.730763
Train Epoch: 2 [16000/50000 (32%)]	Loss: 1.368652
Train Epoch: 2 [19200/50000 (38%)]	Loss: 1.432111
Train Epoch: 2 [22400/50000 (45%)]	Loss: 1.299125
Train Epoch: 2 [25600/50000 (51%)]	Loss: 1.550639
Train Epoch: 2 [28800/50000 (58%)]	Loss: 1.259782
Train Epoch: 2 [32000/50000 (64%)]	Loss: 1.353177
Train Epoch: 2 [35200/50000 (70%)]	Loss: 1.423968
Train Epoch: 2 [38400/50000 (77%)]	Loss: 1.195787
Train Epoch: 2 [41600/50000 (83%)]	Loss: 1.043085
Train Epoch: 2 [44800/50000 (90%)]	Loss: 1.427017
Train Epoch: 2 [48000/50000 (96%)]	Loss: 1.201679

Test set: Average loss: 0.0012, Accuracy: 5759/10000 (58%)

Train Epoch: 3 [0/50000 (0%)]	Loss: 1.125043
Train Epoch: 3 [3200/50000 (6%)]	Loss: 1.099362
Train Epoch: 3 [6400/50000 (13%)]	Loss: 1.237365
Train Epoch: 3 [9600/50000 (19%)]	Loss: 0.934538
Train Epoch: 3 [12800/50000 (26%)]	Loss: 1.069275
Train Epoch: 3 [16000/50000 (32%)]	Loss: 1.134564
Train Epoch: 3 [19200/50000 (38%)]	Loss: 1.257506
Train Epoch: 3 [22400/50000 (45%)]	Loss: 1.405864
Train Epoch: 3 [25600/50000 (51%)]	Loss: 1.068468
Train Epoch: 3 [28800/50000 (58%)]	Loss: 1.137266
Train Epoch: 3 [32000/50000 (64%)]	Loss: 0.988133
Train Epoch: 3 [35200/50000 (70%)]	Loss: 1.371284
Train Epoch: 3 [38400/50000 (77%)]	Loss: 1.050915
Train Epoch: 3 [41600/50000 (83%)]	Loss: 1.122611
Train Epoch: 3 [44800/50000 (90%)]	Loss: 1.023672
Train Epoch: 3 [48000/50000 (96%)]	Loss: 1.122839

Test set: Average loss: 0.0011, Accuracy: 5959/10000 (60%)

Train Epoch: 4 [0/50000 (0%)]	Loss: 1.143732
Train Epoch: 4 [3200/50000 (6%)]	Loss: 1.288414
Train Epoch: 4 [6400/50000 (13%)]	Loss: 0.927618
Train Epoch: 4 [9600/50000 (19%)]	Loss: 0.959038
Train Epoch: 4 [12800/50000 (26%)]	Loss: 1.186796
Train Epoch: 4 [16000/50000 (32%)]	Loss: 0.846256
Train Epoch: 4 [19200/50000 (38%)]	Loss: 0.781807
Train Epoch: 4 [22400/50000 (45%)]	Loss: 1.315737
Train Epoch: 4 [25600/50000 (51%)]	Loss: 1.029537
Train Epoch: 4 [28800/50000 (58%)]	Loss: 0.886661
Train Epoch: 4 [32000/50000 (64%)]	Loss: 0.976155
Train Epoch: 4 [35200/50000 (70%)]	Loss: 1.180107
Train Epoch: 4 [38400/50000 (77%)]	Loss: 1.159520
Train Epoch: 4 [41600/50000 (83%)]	Loss: 1.155874
Train Epoch: 4 [44800/50000 (90%)]	Loss: 0.833756
Train Epoch: 4 [48000/50000 (96%)]	Loss: 1.025180

Test set: Average loss: 0.0010, Accuracy: 6359/10000 (64%)

Train Epoch: 5 [0/50000 (0%)]	Loss: 0.748850
Train Epoch: 5 [3200/50000 (6%)]	Loss: 0.751551
Train Epoch: 5 [6400/50000 (13%)]	Loss: 0.975501
Train Epoch: 5 [9600/50000 (19%)]	Loss: 1.016557
Train Epoch: 5 [12800/50000 (26%)]	Loss: 0.924328
Train Epoch: 5 [16000/50000 (32%)]	Loss: 0.906534
Train Epoch: 5 [19200/50000 (38%)]	Loss: 0.833125
Train Epoch: 5 [22400/50000 (45%)]	Loss: 0.745777
Train Epoch: 5 [25600/50000 (51%)]	Loss: 1.178425
Train Epoch: 5 [28800/50000 (58%)]	Loss: 1.068421
Train Epoch: 5 [32000/50000 (64%)]	Loss: 1.083955
Train Epoch: 5 [35200/50000 (70%)]	Loss: 1.090601
Train Epoch: 5 [38400/50000 (77%)]	Loss: 0.957555
Train Epoch: 5 [41600/50000 (83%)]	Loss: 0.680204
Train Epoch: 5 [44800/50000 (90%)]	Loss: 0.701083
Train Epoch: 5 [48000/50000 (96%)]	Loss: 0.809243

Test set: Average loss: 0.0008, Accuracy: 7049/10000 (70%)

Train Epoch: 6 [0/50000 (0%)]	Loss: 0.958222
Train Epoch: 6 [3200/50000 (6%)]	Loss: 0.830821
Train Epoch: 6 [6400/50000 (13%)]	Loss: 1.033776
Train Epoch: 6 [9600/50000 (19%)]	Loss: 0.819616
Train Epoch: 6 [12800/50000 (26%)]	Loss: 0.960509
Train Epoch: 6 [16000/50000 (32%)]	Loss: 0.967674
Train Epoch: 6 [19200/50000 (38%)]	Loss: 0.893255
Train Epoch: 6 [22400/50000 (45%)]	Loss: 0.611539
Train Epoch: 6 [25600/50000 (51%)]	Loss: 0.897878
Train Epoch: 6 [28800/50000 (58%)]	Loss: 1.111099
Train Epoch: 6 [32000/50000 (64%)]	Loss: 1.013437
Train Epoch: 6 [35200/50000 (70%)]	Loss: 1.095699
Train Epoch: 6 [38400/50000 (77%)]	Loss: 0.831479
Train Epoch: 6 [41600/50000 (83%)]	Loss: 0.900208
Train Epoch: 6 [44800/50000 (90%)]	Loss: 0.881713
Train Epoch: 6 [48000/50000 (96%)]	Loss: 0.608732

Test set: Average loss: 0.0010, Accuracy: 6409/10000 (64%)

Train Epoch: 7 [0/50000 (0%)]	Loss: 0.755557
Train Epoch: 7 [3200/50000 (6%)]	Loss: 0.594383
Train Epoch: 7 [6400/50000 (13%)]	Loss: 0.889144
Train Epoch: 7 [9600/50000 (19%)]	Loss: 0.991943
Train Epoch: 7 [12800/50000 (26%)]	Loss: 0.632415
Train Epoch: 7 [16000/50000 (32%)]	Loss: 0.733738
Train Epoch: 7 [19200/50000 (38%)]	Loss: 1.038878
Train Epoch: 7 [22400/50000 (45%)]	Loss: 0.685718
Train Epoch: 7 [25600/50000 (51%)]	Loss: 0.630074
Train Epoch: 7 [28800/50000 (58%)]	Loss: 0.717823
Train Epoch: 7 [32000/50000 (64%)]	Loss: 0.953172
Train Epoch: 7 [35200/50000 (70%)]	Loss: 0.816315
Train Epoch: 7 [38400/50000 (77%)]	Loss: 0.571374
Train Epoch: 7 [41600/50000 (83%)]	Loss: 1.026220
Train Epoch: 7 [44800/50000 (90%)]	Loss: 0.871369
Train Epoch: 7 [48000/50000 (96%)]	Loss: 0.887135

Test set: Average loss: 0.0007, Accuracy: 7438/10000 (74%)

Train Epoch: 8 [0/50000 (0%)]	Loss: 0.775238
Train Epoch: 8 [3200/50000 (6%)]	Loss: 0.659381
Train Epoch: 8 [6400/50000 (13%)]	Loss: 0.876367
Train Epoch: 8 [9600/50000 (19%)]	Loss: 0.756110
Train Epoch: 8 [12800/50000 (26%)]	Loss: 0.579393
Train Epoch: 8 [16000/50000 (32%)]	Loss: 0.764793
Train Epoch: 8 [19200/50000 (38%)]	Loss: 0.600744
Train Epoch: 8 [22400/50000 (45%)]	Loss: 0.808689
Train Epoch: 8 [25600/50000 (51%)]	Loss: 0.778781
Train Epoch: 8 [28800/50000 (58%)]	Loss: 0.767443
Train Epoch: 8 [32000/50000 (64%)]	Loss: 0.588387
Train Epoch: 8 [35200/50000 (70%)]	Loss: 0.839384
Train Epoch: 8 [38400/50000 (77%)]	Loss: 0.810005
Train Epoch: 8 [41600/50000 (83%)]	Loss: 0.825560
Train Epoch: 8 [44800/50000 (90%)]	Loss: 0.893140
Train Epoch: 8 [48000/50000 (96%)]	Loss: 0.820127

Test set: Average loss: 0.0007, Accuracy: 7492/10000 (75%)

Train Epoch: 9 [0/50000 (0%)]	Loss: 0.693338
Train Epoch: 9 [3200/50000 (6%)]	Loss: 0.647561
Train Epoch: 9 [6400/50000 (13%)]	Loss: 0.674930
Train Epoch: 9 [9600/50000 (19%)]	Loss: 0.853906
Train Epoch: 9 [12800/50000 (26%)]	Loss: 0.642059
Train Epoch: 9 [16000/50000 (32%)]	Loss: 0.586828
Train Epoch: 9 [19200/50000 (38%)]	Loss: 0.740439
Train Epoch: 9 [22400/50000 (45%)]	Loss: 0.735997
Train Epoch: 9 [25600/50000 (51%)]	Loss: 0.754398
Train Epoch: 9 [28800/50000 (58%)]	Loss: 0.643252
Train Epoch: 9 [32000/50000 (64%)]	Loss: 0.532409
Train Epoch: 9 [35200/50000 (70%)]	Loss: 0.754760
Train Epoch: 9 [38400/50000 (77%)]	Loss: 0.748887
Train Epoch: 9 [41600/50000 (83%)]	Loss: 0.808500
Train Epoch: 9 [44800/50000 (90%)]	Loss: 0.852899
Train Epoch: 9 [48000/50000 (96%)]	Loss: 0.715057

Test set: Average loss: 0.0007, Accuracy: 7596/10000 (76%)

Train Epoch: 10 [0/50000 (0%)]	Loss: 0.986541
Train Epoch: 10 [3200/50000 (6%)]	Loss: 0.673458
Train Epoch: 10 [6400/50000 (13%)]	Loss: 0.679612
Train Epoch: 10 [9600/50000 (19%)]	Loss: 0.576276
Train Epoch: 10 [12800/50000 (26%)]	Loss: 0.943763
Train Epoch: 10 [16000/50000 (32%)]	Loss: 0.606510
Train Epoch: 10 [19200/50000 (38%)]	Loss: 0.858431
Train Epoch: 10 [22400/50000 (45%)]	Loss: 0.759608
Train Epoch: 10 [25600/50000 (51%)]	Loss: 0.654431
Train Epoch: 10 [28800/50000 (58%)]	Loss: 0.706998
Train Epoch: 10 [32000/50000 (64%)]	Loss: 0.833751
Train Epoch: 10 [35200/50000 (70%)]	Loss: 0.501933
Train Epoch: 10 [38400/50000 (77%)]	Loss: 0.851152
Train Epoch: 10 [41600/50000 (83%)]	Loss: 0.644107
Train Epoch: 10 [44800/50000 (90%)]	Loss: 0.568683
Train Epoch: 10 [48000/50000 (96%)]	Loss: 0.697076

Test set: Average loss: 0.0007, Accuracy: 7666/10000 (77%)

Train Epoch: 11 [0/50000 (0%)]	Loss: 0.526097
Train Epoch: 11 [3200/50000 (6%)]	Loss: 0.470866
Train Epoch: 11 [6400/50000 (13%)]	Loss: 0.641761
Train Epoch: 11 [9600/50000 (19%)]	Loss: 0.873087
Train Epoch: 11 [12800/50000 (26%)]	Loss: 0.646665
Train Epoch: 11 [16000/50000 (32%)]	Loss: 0.728532
Train Epoch: 11 [19200/50000 (38%)]	Loss: 0.671286
Train Epoch: 11 [22400/50000 (45%)]	Loss: 0.714638
Train Epoch: 11 [25600/50000 (51%)]	Loss: 0.724493
Train Epoch: 11 [28800/50000 (58%)]	Loss: 0.599522
Train Epoch: 11 [32000/50000 (64%)]	Loss: 0.755110
Train Epoch: 11 [35200/50000 (70%)]	Loss: 0.587991
Train Epoch: 11 [38400/50000 (77%)]	Loss: 0.681131
Train Epoch: 11 [41600/50000 (83%)]	Loss: 0.609360
Train Epoch: 11 [44800/50000 (90%)]	Loss: 0.615964
Train Epoch: 11 [48000/50000 (96%)]	Loss: 0.537838

Test set: Average loss: 0.0007, Accuracy: 7708/10000 (77%)

Train Epoch: 12 [0/50000 (0%)]	Loss: 0.627850
Train Epoch: 12 [3200/50000 (6%)]	Loss: 0.773951
Train Epoch: 12 [6400/50000 (13%)]	Loss: 0.623610
Train Epoch: 12 [9600/50000 (19%)]	Loss: 0.743022
Train Epoch: 12 [12800/50000 (26%)]	Loss: 0.789739
Train Epoch: 12 [16000/50000 (32%)]	Loss: 0.509060
Train Epoch: 12 [19200/50000 (38%)]	Loss: 0.764722
Train Epoch: 12 [22400/50000 (45%)]	Loss: 0.647954
Train Epoch: 12 [25600/50000 (51%)]	Loss: 0.612921
Train Epoch: 12 [28800/50000 (58%)]	Loss: 0.680600
Train Epoch: 12 [32000/50000 (64%)]	Loss: 0.602717
Train Epoch: 12 [35200/50000 (70%)]	Loss: 0.619459
Train Epoch: 12 [38400/50000 (77%)]	Loss: 0.576762
Train Epoch: 12 [41600/50000 (83%)]	Loss: 0.598367
Train Epoch: 12 [44800/50000 (90%)]	Loss: 0.465570
Train Epoch: 12 [48000/50000 (96%)]	Loss: 0.642612

Test set: Average loss: 0.0006, Accuracy: 7855/10000 (79%)

Train Epoch: 13 [0/50000 (0%)]	Loss: 0.791880
Train Epoch: 13 [3200/50000 (6%)]	Loss: 0.628029
Train Epoch: 13 [6400/50000 (13%)]	Loss: 0.826880
Train Epoch: 13 [9600/50000 (19%)]	Loss: 0.615770
Train Epoch: 13 [12800/50000 (26%)]	Loss: 0.583234
Train Epoch: 13 [16000/50000 (32%)]	Loss: 0.510685
Train Epoch: 13 [19200/50000 (38%)]	Loss: 0.470855
Train Epoch: 13 [22400/50000 (45%)]	Loss: 0.656328
Train Epoch: 13 [25600/50000 (51%)]	Loss: 0.917937
Train Epoch: 13 [28800/50000 (58%)]	Loss: 0.795777
Train Epoch: 13 [32000/50000 (64%)]	Loss: 0.719372
Train Epoch: 13 [35200/50000 (70%)]	Loss: 0.589090
Train Epoch: 13 [38400/50000 (77%)]	Loss: 0.789473
Train Epoch: 13 [41600/50000 (83%)]	Loss: 0.572051
Train Epoch: 13 [44800/50000 (90%)]	Loss: 0.510393
Train Epoch: 13 [48000/50000 (96%)]	Loss: 0.433830

Test set: Average loss: 0.0006, Accuracy: 7895/10000 (79%)

Train Epoch: 14 [0/50000 (0%)]	Loss: 0.626843
Train Epoch: 14 [3200/50000 (6%)]	Loss: 0.624163
Train Epoch: 14 [6400/50000 (13%)]	Loss: 0.755561
Train Epoch: 14 [9600/50000 (19%)]	Loss: 0.738447
Train Epoch: 14 [12800/50000 (26%)]	Loss: 0.440590
Train Epoch: 14 [16000/50000 (32%)]	Loss: 0.700335
Train Epoch: 14 [19200/50000 (38%)]	Loss: 0.750442
Train Epoch: 14 [22400/50000 (45%)]	Loss: 0.549067
Train Epoch: 14 [25600/50000 (51%)]	Loss: 0.562408
Train Epoch: 14 [28800/50000 (58%)]	Loss: 0.413050
Train Epoch: 14 [32000/50000 (64%)]	Loss: 0.656654
Train Epoch: 14 [35200/50000 (70%)]	Loss: 0.461919
Train Epoch: 14 [38400/50000 (77%)]	Loss: 0.806216
Train Epoch: 14 [41600/50000 (83%)]	Loss: 0.337258
Train Epoch: 14 [44800/50000 (90%)]	Loss: 0.544936
Train Epoch: 14 [48000/50000 (96%)]	Loss: 0.620350

Test set: Average loss: 0.0006, Accuracy: 8082/10000 (81%)

Train Epoch: 15 [0/50000 (0%)]	Loss: 0.444087
Train Epoch: 15 [3200/50000 (6%)]	Loss: 0.769652
Train Epoch: 15 [6400/50000 (13%)]	Loss: 0.379580
Train Epoch: 15 [9600/50000 (19%)]	Loss: 0.480740
Train Epoch: 15 [12800/50000 (26%)]	Loss: 0.542844
Train Epoch: 15 [16000/50000 (32%)]	Loss: 0.751445
Train Epoch: 15 [19200/50000 (38%)]	Loss: 0.457962
Train Epoch: 15 [22400/50000 (45%)]	Loss: 0.585521
Train Epoch: 15 [25600/50000 (51%)]	Loss: 0.502794
Train Epoch: 15 [28800/50000 (58%)]	Loss: 0.499750
Train Epoch: 15 [32000/50000 (64%)]	Loss: 0.809283
Train Epoch: 15 [35200/50000 (70%)]	Loss: 0.459562
Train Epoch: 15 [38400/50000 (77%)]	Loss: 0.595311
Train Epoch: 15 [41600/50000 (83%)]	Loss: 0.573217
Train Epoch: 15 [44800/50000 (90%)]	Loss: 0.542479
Train Epoch: 15 [48000/50000 (96%)]	Loss: 0.472161

Test set: Average loss: 0.0006, Accuracy: 8047/10000 (80%)

Train Epoch: 16 [0/50000 (0%)]	Loss: 0.586766
Train Epoch: 16 [3200/50000 (6%)]	Loss: 0.604203
Train Epoch: 16 [6400/50000 (13%)]	Loss: 0.541130
Train Epoch: 16 [9600/50000 (19%)]	Loss: 0.683978
Train Epoch: 16 [12800/50000 (26%)]	Loss: 0.748977
Train Epoch: 16 [16000/50000 (32%)]	Loss: 0.644791
Train Epoch: 16 [19200/50000 (38%)]	Loss: 0.462521
Train Epoch: 16 [22400/50000 (45%)]	Loss: 0.521787
Train Epoch: 16 [25600/50000 (51%)]	Loss: 0.791458
Train Epoch: 16 [28800/50000 (58%)]	Loss: 0.556246
Train Epoch: 16 [32000/50000 (64%)]	Loss: 0.566219
Train Epoch: 16 [35200/50000 (70%)]	Loss: 0.563653
Train Epoch: 16 [38400/50000 (77%)]	Loss: 0.580549
Train Epoch: 16 [41600/50000 (83%)]	Loss: 0.553865
Train Epoch: 16 [44800/50000 (90%)]	Loss: 0.701558
Train Epoch: 16 [48000/50000 (96%)]	Loss: 0.650408

Test set: Average loss: 0.0005, Accuracy: 8146/10000 (81%)

Train Epoch: 17 [0/50000 (0%)]	Loss: 0.503440
Train Epoch: 17 [3200/50000 (6%)]	Loss: 0.497014
Train Epoch: 17 [6400/50000 (13%)]	Loss: 0.611650
Train Epoch: 17 [9600/50000 (19%)]	Loss: 0.634206
Train Epoch: 17 [12800/50000 (26%)]	Loss: 0.653619
Train Epoch: 17 [16000/50000 (32%)]	Loss: 0.516525
Train Epoch: 17 [19200/50000 (38%)]	Loss: 0.765399
Train Epoch: 17 [22400/50000 (45%)]	Loss: 0.529830
Train Epoch: 17 [25600/50000 (51%)]	Loss: 0.562643
Train Epoch: 17 [28800/50000 (58%)]	Loss: 0.596009
Train Epoch: 17 [32000/50000 (64%)]	Loss: 0.567726
Train Epoch: 17 [35200/50000 (70%)]	Loss: 0.544357
Train Epoch: 17 [38400/50000 (77%)]	Loss: 0.531943
Train Epoch: 17 [41600/50000 (83%)]	Loss: 0.463649
Train Epoch: 17 [44800/50000 (90%)]	Loss: 0.455888
Train Epoch: 17 [48000/50000 (96%)]	Loss: 0.698455

Test set: Average loss: 0.0005, Accuracy: 8198/10000 (82%)

Train Epoch: 18 [0/50000 (0%)]	Loss: 0.463154
Train Epoch: 18 [3200/50000 (6%)]	Loss: 0.588790
Train Epoch: 18 [6400/50000 (13%)]	Loss: 0.468247
Train Epoch: 18 [9600/50000 (19%)]	Loss: 0.364680
Train Epoch: 18 [12800/50000 (26%)]	Loss: 0.371881
Train Epoch: 18 [16000/50000 (32%)]	Loss: 0.544879
Train Epoch: 18 [19200/50000 (38%)]	Loss: 0.465841
Train Epoch: 18 [22400/50000 (45%)]	Loss: 0.493005
Train Epoch: 18 [25600/50000 (51%)]	Loss: 0.514841
Train Epoch: 18 [28800/50000 (58%)]	Loss: 0.510966
Train Epoch: 18 [32000/50000 (64%)]	Loss: 0.684167
Train Epoch: 18 [35200/50000 (70%)]	Loss: 0.623275
Train Epoch: 18 [38400/50000 (77%)]	Loss: 0.609008
Train Epoch: 18 [41600/50000 (83%)]	Loss: 0.505741
Train Epoch: 18 [44800/50000 (90%)]	Loss: 0.425859
Train Epoch: 18 [48000/50000 (96%)]	Loss: 0.494794

Test set: Average loss: 0.0005, Accuracy: 8274/10000 (83%)

Train Epoch: 19 [0/50000 (0%)]	Loss: 0.457125
Train Epoch: 19 [3200/50000 (6%)]	Loss: 0.541043
Train Epoch: 19 [6400/50000 (13%)]	Loss: 0.386240
Train Epoch: 19 [9600/50000 (19%)]	Loss: 0.445259
Train Epoch: 19 [12800/50000 (26%)]	Loss: 0.551041
Train Epoch: 19 [16000/50000 (32%)]	Loss: 0.545357
Train Epoch: 19 [19200/50000 (38%)]	Loss: 0.384838
Train Epoch: 19 [22400/50000 (45%)]	Loss: 0.506925
Train Epoch: 19 [25600/50000 (51%)]	Loss: 0.410512
Train Epoch: 19 [28800/50000 (58%)]	Loss: 0.491513
Train Epoch: 19 [32000/50000 (64%)]	Loss: 0.418377
Train Epoch: 19 [35200/50000 (70%)]	Loss: 0.389082
Train Epoch: 19 [38400/50000 (77%)]	Loss: 0.543603
Train Epoch: 19 [41600/50000 (83%)]	Loss: 0.377433
Train Epoch: 19 [44800/50000 (90%)]	Loss: 0.477803
Train Epoch: 19 [48000/50000 (96%)]	Loss: 0.466353

Test set: Average loss: 0.0005, Accuracy: 8261/10000 (83%)

Train Epoch: 20 [0/50000 (0%)]	Loss: 0.387899
Train Epoch: 20 [3200/50000 (6%)]	Loss: 0.476443
Train Epoch: 20 [6400/50000 (13%)]	Loss: 0.476885
Train Epoch: 20 [9600/50000 (19%)]	Loss: 0.603639
Train Epoch: 20 [12800/50000 (26%)]	Loss: 0.400370
Train Epoch: 20 [16000/50000 (32%)]	Loss: 0.530795
Train Epoch: 20 [19200/50000 (38%)]	Loss: 0.336861
Train Epoch: 20 [22400/50000 (45%)]	Loss: 0.769528
Train Epoch: 20 [25600/50000 (51%)]	Loss: 0.334776
Train Epoch: 20 [28800/50000 (58%)]	Loss: 0.374279
Train Epoch: 20 [32000/50000 (64%)]	Loss: 0.397913
Train Epoch: 20 [35200/50000 (70%)]	Loss: 0.499001
Train Epoch: 20 [38400/50000 (77%)]	Loss: 0.688458
Train Epoch: 20 [41600/50000 (83%)]	Loss: 0.566192
Train Epoch: 20 [44800/50000 (90%)]	Loss: 0.608093
Train Epoch: 20 [48000/50000 (96%)]	Loss: 0.486272

Test set: Average loss: 0.0006, Accuracy: 8132/10000 (81%)

Train Epoch: 21 [0/50000 (0%)]	Loss: 0.403423
Train Epoch: 21 [3200/50000 (6%)]	Loss: 0.345392
Train Epoch: 21 [6400/50000 (13%)]	Loss: 0.282608
Train Epoch: 21 [9600/50000 (19%)]	Loss: 0.451074
Train Epoch: 21 [12800/50000 (26%)]	Loss: 0.630412
Train Epoch: 21 [16000/50000 (32%)]	Loss: 0.210120
Train Epoch: 21 [19200/50000 (38%)]	Loss: 0.499201
Train Epoch: 21 [22400/50000 (45%)]	Loss: 0.588064
Train Epoch: 21 [25600/50000 (51%)]	Loss: 0.620247
Train Epoch: 21 [28800/50000 (58%)]	Loss: 0.553784
Train Epoch: 21 [32000/50000 (64%)]	Loss: 0.428081
Train Epoch: 21 [35200/50000 (70%)]	Loss: 0.638345
Train Epoch: 21 [38400/50000 (77%)]	Loss: 0.624488
Train Epoch: 21 [41600/50000 (83%)]	Loss: 0.399892
Train Epoch: 21 [44800/50000 (90%)]	Loss: 0.391236
Train Epoch: 21 [48000/50000 (96%)]	Loss: 0.489943

Test set: Average loss: 0.0005, Accuracy: 8393/10000 (84%)

Train Epoch: 22 [0/50000 (0%)]	Loss: 0.443361
Train Epoch: 22 [3200/50000 (6%)]	Loss: 0.445521
Train Epoch: 22 [6400/50000 (13%)]	Loss: 0.416471
Train Epoch: 22 [9600/50000 (19%)]	Loss: 0.299028
Train Epoch: 22 [12800/50000 (26%)]	Loss: 0.352259
Train Epoch: 22 [16000/50000 (32%)]	Loss: 0.451499
Train Epoch: 22 [19200/50000 (38%)]	Loss: 0.507197
Train Epoch: 22 [22400/50000 (45%)]	Loss: 0.458860
Train Epoch: 22 [25600/50000 (51%)]	Loss: 0.426268
Train Epoch: 22 [28800/50000 (58%)]	Loss: 0.495854
Train Epoch: 22 [32000/50000 (64%)]	Loss: 0.354691
Train Epoch: 22 [35200/50000 (70%)]	Loss: 0.572388
Train Epoch: 22 [38400/50000 (77%)]	Loss: 0.432118
Train Epoch: 22 [41600/50000 (83%)]	Loss: 0.449204
Train Epoch: 22 [44800/50000 (90%)]	Loss: 0.548290
Train Epoch: 22 [48000/50000 (96%)]	Loss: 0.556832

Test set: Average loss: 0.0005, Accuracy: 8363/10000 (84%)

Train Epoch: 23 [0/50000 (0%)]	Loss: 0.360165
Train Epoch: 23 [3200/50000 (6%)]	Loss: 0.328149
Train Epoch: 23 [6400/50000 (13%)]	Loss: 0.691725
Train Epoch: 23 [9600/50000 (19%)]	Loss: 0.455427
Train Epoch: 23 [12800/50000 (26%)]	Loss: 0.520514
Train Epoch: 23 [16000/50000 (32%)]	Loss: 0.296275
Train Epoch: 23 [19200/50000 (38%)]	Loss: 0.257367
Train Epoch: 23 [22400/50000 (45%)]	Loss: 0.358606
Train Epoch: 23 [25600/50000 (51%)]	Loss: 0.475609
Train Epoch: 23 [28800/50000 (58%)]	Loss: 0.479264
Train Epoch: 23 [32000/50000 (64%)]	Loss: 0.557033
Train Epoch: 23 [35200/50000 (70%)]	Loss: 0.461129
Train Epoch: 23 [38400/50000 (77%)]	Loss: 0.455352
Train Epoch: 23 [41600/50000 (83%)]	Loss: 0.472703
Train Epoch: 23 [44800/50000 (90%)]	Loss: 0.243724
Train Epoch: 23 [48000/50000 (96%)]	Loss: 0.337116

Test set: Average loss: 0.0005, Accuracy: 8415/10000 (84%)

Train Epoch: 24 [0/50000 (0%)]	Loss: 0.421025
Train Epoch: 24 [3200/50000 (6%)]	Loss: 0.369648
Train Epoch: 24 [6400/50000 (13%)]	Loss: 0.494836
Train Epoch: 24 [9600/50000 (19%)]	Loss: 0.303014
Train Epoch: 24 [12800/50000 (26%)]	Loss: 0.274349
Train Epoch: 24 [16000/50000 (32%)]	Loss: 0.333144
Train Epoch: 24 [19200/50000 (38%)]	Loss: 0.672977
Train Epoch: 24 [22400/50000 (45%)]	Loss: 0.477324
Train Epoch: 24 [25600/50000 (51%)]	Loss: 0.277771
Train Epoch: 24 [28800/50000 (58%)]	Loss: 0.420549
Train Epoch: 24 [32000/50000 (64%)]	Loss: 0.541645
Train Epoch: 24 [35200/50000 (70%)]	Loss: 0.417389
Train Epoch: 24 [38400/50000 (77%)]	Loss: 0.543575
Train Epoch: 24 [41600/50000 (83%)]	Loss: 0.435070
Train Epoch: 24 [44800/50000 (90%)]	Loss: 0.328091
Train Epoch: 24 [48000/50000 (96%)]	Loss: 0.390730

Test set: Average loss: 0.0005, Accuracy: 8389/10000 (84%)

Train Epoch: 25 [0/50000 (0%)]	Loss: 0.406126
Train Epoch: 25 [3200/50000 (6%)]	Loss: 0.428962
Train Epoch: 25 [6400/50000 (13%)]	Loss: 0.191262
Train Epoch: 25 [9600/50000 (19%)]	Loss: 0.389905
Train Epoch: 25 [12800/50000 (26%)]	Loss: 0.273149
Train Epoch: 25 [16000/50000 (32%)]	Loss: 0.383618
Train Epoch: 25 [19200/50000 (38%)]	Loss: 0.303126
Train Epoch: 25 [22400/50000 (45%)]	Loss: 0.499173
Train Epoch: 25 [25600/50000 (51%)]	Loss: 0.486158
Train Epoch: 25 [28800/50000 (58%)]	Loss: 0.501425
Train Epoch: 25 [32000/50000 (64%)]	Loss: 0.447098
Train Epoch: 25 [35200/50000 (70%)]	Loss: 0.554565
Train Epoch: 25 [38400/50000 (77%)]	Loss: 0.382927
Train Epoch: 25 [41600/50000 (83%)]	Loss: 0.465525
Train Epoch: 25 [44800/50000 (90%)]	Loss: 0.463048
Train Epoch: 25 [48000/50000 (96%)]	Loss: 0.356302

Test set: Average loss: 0.0005, Accuracy: 8443/10000 (84%)

Train Epoch: 26 [0/50000 (0%)]	Loss: 0.232831
Train Epoch: 26 [3200/50000 (6%)]	Loss: 0.452978
Train Epoch: 26 [6400/50000 (13%)]	Loss: 0.389038
Train Epoch: 26 [9600/50000 (19%)]	Loss: 0.395605
Train Epoch: 26 [12800/50000 (26%)]	Loss: 0.276579
Train Epoch: 26 [16000/50000 (32%)]	Loss: 0.411983
Train Epoch: 26 [19200/50000 (38%)]	Loss: 0.462774
Train Epoch: 26 [22400/50000 (45%)]	Loss: 0.434533
Train Epoch: 26 [25600/50000 (51%)]	Loss: 0.405777
Train Epoch: 26 [28800/50000 (58%)]	Loss: 0.224585
Train Epoch: 26 [32000/50000 (64%)]	Loss: 0.496026
Train Epoch: 26 [35200/50000 (70%)]	Loss: 0.374438
Train Epoch: 26 [38400/50000 (77%)]	Loss: 0.368892
Train Epoch: 26 [41600/50000 (83%)]	Loss: 0.583073
Train Epoch: 26 [44800/50000 (90%)]	Loss: 0.512254
Train Epoch: 26 [48000/50000 (96%)]	Loss: 0.353484

Test set: Average loss: 0.0005, Accuracy: 8385/10000 (84%)

Train Epoch: 27 [0/50000 (0%)]	Loss: 0.197735
Train Epoch: 27 [3200/50000 (6%)]	Loss: 0.328409
Train Epoch: 27 [6400/50000 (13%)]	Loss: 0.456266
Train Epoch: 27 [9600/50000 (19%)]	Loss: 0.473441
Train Epoch: 27 [12800/50000 (26%)]	Loss: 0.252572
Train Epoch: 27 [16000/50000 (32%)]	Loss: 0.501192
Train Epoch: 27 [19200/50000 (38%)]	Loss: 0.289245
Train Epoch: 27 [22400/50000 (45%)]	Loss: 0.396605
Train Epoch: 27 [25600/50000 (51%)]	Loss: 0.455637
Train Epoch: 27 [28800/50000 (58%)]	Loss: 0.283911
Train Epoch: 27 [32000/50000 (64%)]	Loss: 0.210977
Train Epoch: 27 [35200/50000 (70%)]	Loss: 0.484473
Train Epoch: 27 [38400/50000 (77%)]	Loss: 0.371565
Train Epoch: 27 [41600/50000 (83%)]	Loss: 0.444929
Train Epoch: 27 [44800/50000 (90%)]	Loss: 0.387381
Train Epoch: 27 [48000/50000 (96%)]	Loss: 0.344132

Test set: Average loss: 0.0005, Accuracy: 8487/10000 (85%)

Train Epoch: 28 [0/50000 (0%)]	Loss: 0.453349
Train Epoch: 28 [3200/50000 (6%)]	Loss: 0.331348
Train Epoch: 28 [6400/50000 (13%)]	Loss: 0.444660
Train Epoch: 28 [9600/50000 (19%)]	Loss: 0.235595
Train Epoch: 28 [12800/50000 (26%)]	Loss: 0.411504
Train Epoch: 28 [16000/50000 (32%)]	Loss: 0.528369
Train Epoch: 28 [19200/50000 (38%)]	Loss: 0.401190
Train Epoch: 28 [22400/50000 (45%)]	Loss: 0.328587
Train Epoch: 28 [25600/50000 (51%)]	Loss: 0.428212
Train Epoch: 28 [28800/50000 (58%)]	Loss: 0.453301
Train Epoch: 28 [32000/50000 (64%)]	Loss: 0.269996
Train Epoch: 28 [35200/50000 (70%)]	Loss: 0.331363
Train Epoch: 28 [38400/50000 (77%)]	Loss: 0.505055
Train Epoch: 28 [41600/50000 (83%)]	Loss: 0.182681
Train Epoch: 28 [44800/50000 (90%)]	Loss: 0.336674
Train Epoch: 28 [48000/50000 (96%)]	Loss: 0.426641

Test set: Average loss: 0.0004, Accuracy: 8542/10000 (85%)

Train Epoch: 29 [0/50000 (0%)]	Loss: 0.320815
Train Epoch: 29 [3200/50000 (6%)]	Loss: 0.429893
Train Epoch: 29 [6400/50000 (13%)]	Loss: 0.288433
Train Epoch: 29 [9600/50000 (19%)]	Loss: 0.564373
Train Epoch: 29 [12800/50000 (26%)]	Loss: 0.264324
Train Epoch: 29 [16000/50000 (32%)]	Loss: 0.284300
Train Epoch: 29 [19200/50000 (38%)]	Loss: 0.427081
Train Epoch: 29 [22400/50000 (45%)]	Loss: 0.500569
Train Epoch: 29 [25600/50000 (51%)]	Loss: 0.395701
Train Epoch: 29 [28800/50000 (58%)]	Loss: 0.354275
Train Epoch: 29 [32000/50000 (64%)]	Loss: 0.259809
Train Epoch: 29 [35200/50000 (70%)]	Loss: 0.424978
Train Epoch: 29 [38400/50000 (77%)]	Loss: 0.215996
Train Epoch: 29 [41600/50000 (83%)]	Loss: 0.590249
Train Epoch: 29 [44800/50000 (90%)]	Loss: 0.318576
Train Epoch: 29 [48000/50000 (96%)]	Loss: 0.293391

Test set: Average loss: 0.0004, Accuracy: 8595/10000 (86%)

Train Epoch: 30 [0/50000 (0%)]	Loss: 0.547737
Train Epoch: 30 [3200/50000 (6%)]	Loss: 0.235065
Train Epoch: 30 [6400/50000 (13%)]	Loss: 0.351972
Train Epoch: 30 [9600/50000 (19%)]	Loss: 0.298675
Train Epoch: 30 [12800/50000 (26%)]	Loss: 0.416649
Train Epoch: 30 [16000/50000 (32%)]	Loss: 0.234173
Train Epoch: 30 [19200/50000 (38%)]	Loss: 0.429149
Train Epoch: 30 [22400/50000 (45%)]	Loss: 0.283357
Train Epoch: 30 [25600/50000 (51%)]	Loss: 0.292617
Train Epoch: 30 [28800/50000 (58%)]	Loss: 0.292130
Train Epoch: 30 [32000/50000 (64%)]	Loss: 0.325540
Train Epoch: 30 [35200/50000 (70%)]	Loss: 0.399107
Train Epoch: 30 [38400/50000 (77%)]	Loss: 0.419740
Train Epoch: 30 [41600/50000 (83%)]	Loss: 0.377277
Train Epoch: 30 [44800/50000 (90%)]	Loss: 0.564673
Train Epoch: 30 [48000/50000 (96%)]	Loss: 0.452167

Test set: Average loss: 0.0004, Accuracy: 8566/10000 (86%)

Train Epoch: 31 [0/50000 (0%)]	Loss: 0.333842
Train Epoch: 31 [3200/50000 (6%)]	Loss: 0.347443
Train Epoch: 31 [6400/50000 (13%)]	Loss: 0.378637
Train Epoch: 31 [9600/50000 (19%)]	Loss: 0.385501
Train Epoch: 31 [12800/50000 (26%)]	Loss: 0.637368
Train Epoch: 31 [16000/50000 (32%)]	Loss: 0.301025
Train Epoch: 31 [19200/50000 (38%)]	Loss: 0.300034
Train Epoch: 31 [22400/50000 (45%)]	Loss: 0.342252
Train Epoch: 31 [25600/50000 (51%)]	Loss: 0.256670
Train Epoch: 31 [28800/50000 (58%)]	Loss: 0.376563
Train Epoch: 31 [32000/50000 (64%)]	Loss: 0.319344
Train Epoch: 31 [35200/50000 (70%)]	Loss: 0.374209
Train Epoch: 31 [38400/50000 (77%)]	Loss: 0.575408
Train Epoch: 31 [41600/50000 (83%)]	Loss: 0.490341
Train Epoch: 31 [44800/50000 (90%)]	Loss: 0.276271
Train Epoch: 31 [48000/50000 (96%)]	Loss: 0.355533

Test set: Average loss: 0.0004, Accuracy: 8609/10000 (86%)

Train Epoch: 32 [0/50000 (0%)]	Loss: 0.270990
Train Epoch: 32 [3200/50000 (6%)]	Loss: 0.287349
Train Epoch: 32 [6400/50000 (13%)]	Loss: 0.218199
Train Epoch: 32 [9600/50000 (19%)]	Loss: 0.319456
Train Epoch: 32 [12800/50000 (26%)]	Loss: 0.366587
Train Epoch: 32 [16000/50000 (32%)]	Loss: 0.273432
Train Epoch: 32 [19200/50000 (38%)]	Loss: 0.299657
Train Epoch: 32 [22400/50000 (45%)]	Loss: 0.257824
Train Epoch: 32 [25600/50000 (51%)]	Loss: 0.330745
Train Epoch: 32 [28800/50000 (58%)]	Loss: 0.364162
Train Epoch: 32 [32000/50000 (64%)]	Loss: 0.266644
Train Epoch: 32 [35200/50000 (70%)]	Loss: 0.424764
Train Epoch: 32 [38400/50000 (77%)]	Loss: 0.252299
Train Epoch: 32 [41600/50000 (83%)]	Loss: 0.296615
Train Epoch: 32 [44800/50000 (90%)]	Loss: 0.211358
Train Epoch: 32 [48000/50000 (96%)]	Loss: 0.376727

Test set: Average loss: 0.0004, Accuracy: 8546/10000 (85%)

Train Epoch: 33 [0/50000 (0%)]	Loss: 0.590313
Train Epoch: 33 [3200/50000 (6%)]	Loss: 0.142374
Train Epoch: 33 [6400/50000 (13%)]	Loss: 0.545026
Train Epoch: 33 [9600/50000 (19%)]	Loss: 0.263960
Train Epoch: 33 [12800/50000 (26%)]	Loss: 0.249597
Train Epoch: 33 [16000/50000 (32%)]	Loss: 0.369008
Train Epoch: 33 [19200/50000 (38%)]	Loss: 0.168249
Train Epoch: 33 [22400/50000 (45%)]	Loss: 0.269458
Train Epoch: 33 [25600/50000 (51%)]	Loss: 0.338988
Train Epoch: 33 [28800/50000 (58%)]	Loss: 0.310321
Train Epoch: 33 [32000/50000 (64%)]	Loss: 0.369100
Train Epoch: 33 [35200/50000 (70%)]	Loss: 0.331721
Train Epoch: 33 [38400/50000 (77%)]	Loss: 0.258870
Train Epoch: 33 [41600/50000 (83%)]	Loss: 0.446692
Train Epoch: 33 [44800/50000 (90%)]	Loss: 0.371691
Train Epoch: 33 [48000/50000 (96%)]	Loss: 0.287075

Test set: Average loss: 0.0004, Accuracy: 8624/10000 (86%)

Train Epoch: 34 [0/50000 (0%)]	Loss: 0.366893
Train Epoch: 34 [3200/50000 (6%)]	Loss: 0.319936
Train Epoch: 34 [6400/50000 (13%)]	Loss: 0.232709
Train Epoch: 34 [9600/50000 (19%)]	Loss: 0.265697
Train Epoch: 34 [12800/50000 (26%)]	Loss: 0.377127
Train Epoch: 34 [16000/50000 (32%)]	Loss: 0.318933
Train Epoch: 34 [19200/50000 (38%)]	Loss: 0.257215
Train Epoch: 34 [22400/50000 (45%)]	Loss: 0.287221
Train Epoch: 34 [25600/50000 (51%)]	Loss: 0.302343
Train Epoch: 34 [28800/50000 (58%)]	Loss: 0.332523
Train Epoch: 34 [32000/50000 (64%)]	Loss: 0.280067
Train Epoch: 34 [35200/50000 (70%)]	Loss: 0.420665
Train Epoch: 34 [38400/50000 (77%)]	Loss: 0.389767
Train Epoch: 34 [41600/50000 (83%)]	Loss: 0.434545
Train Epoch: 34 [44800/50000 (90%)]	Loss: 0.413673
Train Epoch: 34 [48000/50000 (96%)]	Loss: 0.441824

Test set: Average loss: 0.0004, Accuracy: 8656/10000 (87%)

Train Epoch: 35 [0/50000 (0%)]	Loss: 0.233905
Train Epoch: 35 [3200/50000 (6%)]	Loss: 0.274420
Train Epoch: 35 [6400/50000 (13%)]	Loss: 0.281780
Train Epoch: 35 [9600/50000 (19%)]	Loss: 0.316048
Train Epoch: 35 [12800/50000 (26%)]	Loss: 0.334271
Train Epoch: 35 [16000/50000 (32%)]	Loss: 0.442781
Train Epoch: 35 [19200/50000 (38%)]	Loss: 0.363092
Train Epoch: 35 [22400/50000 (45%)]	Loss: 0.314564
Train Epoch: 35 [25600/50000 (51%)]	Loss: 0.238628
Train Epoch: 35 [28800/50000 (58%)]	Loss: 0.264063
Train Epoch: 35 [32000/50000 (64%)]	Loss: 0.370255
Train Epoch: 35 [35200/50000 (70%)]	Loss: 0.303756
Train Epoch: 35 [38400/50000 (77%)]	Loss: 0.292530
Train Epoch: 35 [41600/50000 (83%)]	Loss: 0.221954
Train Epoch: 35 [44800/50000 (90%)]	Loss: 0.358001
Train Epoch: 35 [48000/50000 (96%)]	Loss: 0.260000

Test set: Average loss: 0.0004, Accuracy: 8640/10000 (86%)

Train Epoch: 36 [0/50000 (0%)]	Loss: 0.220675
Train Epoch: 36 [3200/50000 (6%)]	Loss: 0.272167
Train Epoch: 36 [6400/50000 (13%)]	Loss: 0.311939
Train Epoch: 36 [9600/50000 (19%)]	Loss: 0.309692
Train Epoch: 36 [12800/50000 (26%)]	Loss: 0.437063
Train Epoch: 36 [16000/50000 (32%)]	Loss: 0.291549
Train Epoch: 36 [19200/50000 (38%)]	Loss: 0.155260
Train Epoch: 36 [22400/50000 (45%)]	Loss: 0.478428
Train Epoch: 36 [25600/50000 (51%)]	Loss: 0.228823
Train Epoch: 36 [28800/50000 (58%)]	Loss: 0.169938
Train Epoch: 36 [32000/50000 (64%)]	Loss: 0.160485
Train Epoch: 36 [35200/50000 (70%)]	Loss: 0.290836
Train Epoch: 36 [38400/50000 (77%)]	Loss: 0.263610
Train Epoch: 36 [41600/50000 (83%)]	Loss: 0.329213
Train Epoch: 36 [44800/50000 (90%)]	Loss: 0.608630
Train Epoch: 36 [48000/50000 (96%)]	Loss: 0.175864

Test set: Average loss: 0.0004, Accuracy: 8624/10000 (86%)

Train Epoch: 37 [0/50000 (0%)]	Loss: 0.413324
Train Epoch: 37 [3200/50000 (6%)]	Loss: 0.250028
Train Epoch: 37 [6400/50000 (13%)]	Loss: 0.346630
Train Epoch: 37 [9600/50000 (19%)]	Loss: 0.457738
Train Epoch: 37 [12800/50000 (26%)]	Loss: 0.146923
Train Epoch: 37 [16000/50000 (32%)]	Loss: 0.201225
Train Epoch: 37 [19200/50000 (38%)]	Loss: 0.422922
Train Epoch: 37 [22400/50000 (45%)]	Loss: 0.372424
Train Epoch: 37 [25600/50000 (51%)]	Loss: 0.290681
Train Epoch: 37 [28800/50000 (58%)]	Loss: 0.166300
Train Epoch: 37 [32000/50000 (64%)]	Loss: 0.181509
Train Epoch: 37 [35200/50000 (70%)]	Loss: 0.291044
Train Epoch: 37 [38400/50000 (77%)]	Loss: 0.396379
Train Epoch: 37 [41600/50000 (83%)]	Loss: 0.236840
Train Epoch: 37 [44800/50000 (90%)]	Loss: 0.250397
Train Epoch: 37 [48000/50000 (96%)]	Loss: 0.438187

Test set: Average loss: 0.0004, Accuracy: 8677/10000 (87%)

Train Epoch: 38 [0/50000 (0%)]	Loss: 0.197675
Train Epoch: 38 [3200/50000 (6%)]	Loss: 0.255063
Train Epoch: 38 [6400/50000 (13%)]	Loss: 0.268923
Train Epoch: 38 [9600/50000 (19%)]	Loss: 0.341406
Train Epoch: 38 [12800/50000 (26%)]	Loss: 0.278747
Train Epoch: 38 [16000/50000 (32%)]	Loss: 0.284429
Train Epoch: 38 [19200/50000 (38%)]	Loss: 0.209756
Train Epoch: 38 [22400/50000 (45%)]	Loss: 0.216618
Train Epoch: 38 [25600/50000 (51%)]	Loss: 0.245997
Train Epoch: 38 [28800/50000 (58%)]	Loss: 0.269352
Train Epoch: 38 [32000/50000 (64%)]	Loss: 0.281969
Train Epoch: 38 [35200/50000 (70%)]	Loss: 0.350140
Train Epoch: 38 [38400/50000 (77%)]	Loss: 0.233899
Train Epoch: 38 [41600/50000 (83%)]	Loss: 0.242737
Train Epoch: 38 [44800/50000 (90%)]	Loss: 0.388506
Train Epoch: 38 [48000/50000 (96%)]	Loss: 0.278472

Test set: Average loss: 0.0004, Accuracy: 8703/10000 (87%)

Train Epoch: 39 [0/50000 (0%)]	Loss: 0.279005
Train Epoch: 39 [3200/50000 (6%)]	Loss: 0.259968
Train Epoch: 39 [6400/50000 (13%)]	Loss: 0.259671
Train Epoch: 39 [9600/50000 (19%)]	Loss: 0.481976
Train Epoch: 39 [12800/50000 (26%)]	Loss: 0.097283
Train Epoch: 39 [16000/50000 (32%)]	Loss: 0.287624
Train Epoch: 39 [19200/50000 (38%)]	Loss: 0.203263
Train Epoch: 39 [22400/50000 (45%)]	Loss: 0.235710
Train Epoch: 39 [25600/50000 (51%)]	Loss: 0.174828
Train Epoch: 39 [28800/50000 (58%)]	Loss: 0.382494
Train Epoch: 39 [32000/50000 (64%)]	Loss: 0.114916
Train Epoch: 39 [35200/50000 (70%)]	Loss: 0.206047
Train Epoch: 39 [38400/50000 (77%)]	Loss: 0.275084
Train Epoch: 39 [41600/50000 (83%)]	Loss: 0.276837
Train Epoch: 39 [44800/50000 (90%)]	Loss: 0.290155
Train Epoch: 39 [48000/50000 (96%)]	Loss: 0.257479

Test set: Average loss: 0.0004, Accuracy: 8647/10000 (86%)

Train Epoch: 40 [0/50000 (0%)]	Loss: 0.185575
Train Epoch: 40 [3200/50000 (6%)]	Loss: 0.386976
Train Epoch: 40 [6400/50000 (13%)]	Loss: 0.262746
Train Epoch: 40 [9600/50000 (19%)]	Loss: 0.305949
Train Epoch: 40 [12800/50000 (26%)]	Loss: 0.334518
Train Epoch: 40 [16000/50000 (32%)]	Loss: 0.259018
Train Epoch: 40 [19200/50000 (38%)]	Loss: 0.118919
Train Epoch: 40 [22400/50000 (45%)]	Loss: 0.247217
Train Epoch: 40 [25600/50000 (51%)]	Loss: 0.262886
Train Epoch: 40 [28800/50000 (58%)]	Loss: 0.229988
Train Epoch: 40 [32000/50000 (64%)]	Loss: 0.188587
Train Epoch: 40 [35200/50000 (70%)]	Loss: 0.326888
Train Epoch: 40 [38400/50000 (77%)]	Loss: 0.196374
Train Epoch: 40 [41600/50000 (83%)]	Loss: 0.267856
Train Epoch: 40 [44800/50000 (90%)]	Loss: 0.462803
Train Epoch: 40 [48000/50000 (96%)]	Loss: 0.244937

Test set: Average loss: 0.0004, Accuracy: 8648/10000 (86%)

Train Epoch: 41 [0/50000 (0%)]	Loss: 0.282438
Train Epoch: 41 [3200/50000 (6%)]	Loss: 0.193523
Train Epoch: 41 [6400/50000 (13%)]	Loss: 0.328131
Train Epoch: 41 [9600/50000 (19%)]	Loss: 0.187794
Train Epoch: 41 [12800/50000 (26%)]	Loss: 0.278886
Train Epoch: 41 [16000/50000 (32%)]	Loss: 0.371502
Train Epoch: 41 [19200/50000 (38%)]	Loss: 0.262177
Train Epoch: 41 [22400/50000 (45%)]	Loss: 0.192692
Train Epoch: 41 [25600/50000 (51%)]	Loss: 0.322809
Train Epoch: 41 [28800/50000 (58%)]	Loss: 0.185879
Train Epoch: 41 [32000/50000 (64%)]	Loss: 0.271448
Train Epoch: 41 [35200/50000 (70%)]	Loss: 0.267383
Train Epoch: 41 [38400/50000 (77%)]	Loss: 0.238709
Train Epoch: 41 [41600/50000 (83%)]	Loss: 0.301544
Train Epoch: 41 [44800/50000 (90%)]	Loss: 0.446887
Train Epoch: 41 [48000/50000 (96%)]	Loss: 0.180558

Test set: Average loss: 0.0004, Accuracy: 8722/10000 (87%)

Train Epoch: 42 [0/50000 (0%)]	Loss: 0.175027
Train Epoch: 42 [3200/50000 (6%)]	Loss: 0.171595
Train Epoch: 42 [6400/50000 (13%)]	Loss: 0.221230
Train Epoch: 42 [9600/50000 (19%)]	Loss: 0.178913
Train Epoch: 42 [12800/50000 (26%)]	Loss: 0.148900
Train Epoch: 42 [16000/50000 (32%)]	Loss: 0.400296
Train Epoch: 42 [19200/50000 (38%)]	Loss: 0.253425
Train Epoch: 42 [22400/50000 (45%)]	Loss: 0.272346
Train Epoch: 42 [25600/50000 (51%)]	Loss: 0.355198
Train Epoch: 42 [28800/50000 (58%)]	Loss: 0.181198
Train Epoch: 42 [32000/50000 (64%)]	Loss: 0.255010
Train Epoch: 42 [35200/50000 (70%)]	Loss: 0.232601
Train Epoch: 42 [38400/50000 (77%)]	Loss: 0.278132
Train Epoch: 42 [41600/50000 (83%)]	Loss: 0.167120
Train Epoch: 42 [44800/50000 (90%)]	Loss: 0.175368
Train Epoch: 42 [48000/50000 (96%)]	Loss: 0.127286

Test set: Average loss: 0.0004, Accuracy: 8705/10000 (87%)

Train Epoch: 43 [0/50000 (0%)]	Loss: 0.214344
Train Epoch: 43 [3200/50000 (6%)]	Loss: 0.456263
Train Epoch: 43 [6400/50000 (13%)]	Loss: 0.290691
Train Epoch: 43 [9600/50000 (19%)]	Loss: 0.140541
Train Epoch: 43 [12800/50000 (26%)]	Loss: 0.227513
Train Epoch: 43 [16000/50000 (32%)]	Loss: 0.209679
Train Epoch: 43 [19200/50000 (38%)]	Loss: 0.238737
Train Epoch: 43 [22400/50000 (45%)]	Loss: 0.177015
Train Epoch: 43 [25600/50000 (51%)]	Loss: 0.325216
Train Epoch: 43 [28800/50000 (58%)]	Loss: 0.332085
Train Epoch: 43 [32000/50000 (64%)]	Loss: 0.207918
Train Epoch: 43 [35200/50000 (70%)]	Loss: 0.321008
Train Epoch: 43 [38400/50000 (77%)]	Loss: 0.723974
Train Epoch: 43 [41600/50000 (83%)]	Loss: 0.528439
Train Epoch: 43 [44800/50000 (90%)]	Loss: 0.290963
Train Epoch: 43 [48000/50000 (96%)]	Loss: 0.318536

Test set: Average loss: 0.0004, Accuracy: 8695/10000 (87%)

Train Epoch: 44 [0/50000 (0%)]	Loss: 0.245920
Train Epoch: 44 [3200/50000 (6%)]	Loss: 0.259887
Train Epoch: 44 [6400/50000 (13%)]	Loss: 0.263627
Train Epoch: 44 [9600/50000 (19%)]	Loss: 0.136249
Train Epoch: 44 [12800/50000 (26%)]	Loss: 0.363109
Train Epoch: 44 [16000/50000 (32%)]	Loss: 0.206804
Train Epoch: 44 [19200/50000 (38%)]	Loss: 0.328436
Train Epoch: 44 [22400/50000 (45%)]	Loss: 0.378380
Train Epoch: 44 [25600/50000 (51%)]	Loss: 0.238694
Train Epoch: 44 [28800/50000 (58%)]	Loss: 0.194398
Train Epoch: 44 [32000/50000 (64%)]	Loss: 0.361542
Train Epoch: 44 [35200/50000 (70%)]	Loss: 0.438057
Train Epoch: 44 [38400/50000 (77%)]	Loss: 0.226540
Train Epoch: 44 [41600/50000 (83%)]	Loss: 0.292087
Train Epoch: 44 [44800/50000 (90%)]	Loss: 0.237712
Train Epoch: 44 [48000/50000 (96%)]	Loss: 0.260658

Test set: Average loss: 0.0004, Accuracy: 8686/10000 (87%)

Train Epoch: 45 [0/50000 (0%)]	Loss: 0.307449
Train Epoch: 45 [3200/50000 (6%)]	Loss: 0.177803
Train Epoch: 45 [6400/50000 (13%)]	Loss: 0.361838
Train Epoch: 45 [9600/50000 (19%)]	Loss: 0.146881
Train Epoch: 45 [12800/50000 (26%)]	Loss: 0.360501
Train Epoch: 45 [16000/50000 (32%)]	Loss: 0.383073
Train Epoch: 45 [19200/50000 (38%)]	Loss: 0.214947
Train Epoch: 45 [22400/50000 (45%)]	Loss: 0.136814
Train Epoch: 45 [25600/50000 (51%)]	Loss: 0.157065
Train Epoch: 45 [28800/50000 (58%)]	Loss: 0.239548
Train Epoch: 45 [32000/50000 (64%)]	Loss: 0.303350
Train Epoch: 45 [35200/50000 (70%)]	Loss: 0.253514
Train Epoch: 45 [38400/50000 (77%)]	Loss: 0.505115
Train Epoch: 45 [41600/50000 (83%)]	Loss: 0.171053
Train Epoch: 45 [44800/50000 (90%)]	Loss: 0.365844
Train Epoch: 45 [48000/50000 (96%)]	Loss: 0.139605

Test set: Average loss: 0.0004, Accuracy: 8749/10000 (87%)

Train Epoch: 46 [0/50000 (0%)]	Loss: 0.243123
Train Epoch: 46 [3200/50000 (6%)]	Loss: 0.303152
Train Epoch: 46 [6400/50000 (13%)]	Loss: 0.290838
Train Epoch: 46 [9600/50000 (19%)]	Loss: 0.277025
Train Epoch: 46 [12800/50000 (26%)]	Loss: 0.214473
Train Epoch: 46 [16000/50000 (32%)]	Loss: 0.270357
Train Epoch: 46 [19200/50000 (38%)]	Loss: 0.231168
Train Epoch: 46 [22400/50000 (45%)]	Loss: 0.167236
Train Epoch: 46 [25600/50000 (51%)]	Loss: 0.239685
Train Epoch: 46 [28800/50000 (58%)]	Loss: 0.363793
Train Epoch: 46 [32000/50000 (64%)]	Loss: 0.244182
Train Epoch: 46 [35200/50000 (70%)]	Loss: 0.177910
Train Epoch: 46 [38400/50000 (77%)]	Loss: 0.362985
Train Epoch: 46 [41600/50000 (83%)]	Loss: 0.393878
Train Epoch: 46 [44800/50000 (90%)]	Loss: 0.395748
Train Epoch: 46 [48000/50000 (96%)]	Loss: 0.147171

Test set: Average loss: 0.0004, Accuracy: 8647/10000 (86%)

Train Epoch: 47 [0/50000 (0%)]	Loss: 0.227630
Train Epoch: 47 [3200/50000 (6%)]	Loss: 0.321687
Train Epoch: 47 [6400/50000 (13%)]	Loss: 0.313235
Train Epoch: 47 [9600/50000 (19%)]	Loss: 0.249520
Train Epoch: 47 [12800/50000 (26%)]	Loss: 0.305195
Train Epoch: 47 [16000/50000 (32%)]	Loss: 0.225729
Train Epoch: 47 [19200/50000 (38%)]	Loss: 0.324716
Train Epoch: 47 [22400/50000 (45%)]	Loss: 0.326176
Train Epoch: 47 [25600/50000 (51%)]	Loss: 0.192277
Train Epoch: 47 [28800/50000 (58%)]	Loss: 0.232475
Train Epoch: 47 [32000/50000 (64%)]	Loss: 0.307772
Train Epoch: 47 [35200/50000 (70%)]	Loss: 0.274396
Train Epoch: 47 [38400/50000 (77%)]	Loss: 0.176724
Train Epoch: 47 [41600/50000 (83%)]	Loss: 0.364163
Train Epoch: 47 [44800/50000 (90%)]	Loss: 0.482082
Train Epoch: 47 [48000/50000 (96%)]	Loss: 0.160774

Test set: Average loss: 0.0004, Accuracy: 8723/10000 (87%)

Train Epoch: 48 [0/50000 (0%)]	Loss: 0.164582
Train Epoch: 48 [3200/50000 (6%)]	Loss: 0.168748
Train Epoch: 48 [6400/50000 (13%)]	Loss: 0.216674
Train Epoch: 48 [9600/50000 (19%)]	Loss: 0.219184
Train Epoch: 48 [12800/50000 (26%)]	Loss: 0.341196
Train Epoch: 48 [16000/50000 (32%)]	Loss: 0.239860
Train Epoch: 48 [19200/50000 (38%)]	Loss: 0.311856
Train Epoch: 48 [22400/50000 (45%)]	Loss: 0.188182
Train Epoch: 48 [25600/50000 (51%)]	Loss: 0.265804
Train Epoch: 48 [28800/50000 (58%)]	Loss: 0.145714
Train Epoch: 48 [32000/50000 (64%)]	Loss: 0.241866
Train Epoch: 48 [35200/50000 (70%)]	Loss: 0.232945
Train Epoch: 48 [38400/50000 (77%)]	Loss: 0.365493
Train Epoch: 48 [41600/50000 (83%)]	Loss: 0.381404
Train Epoch: 48 [44800/50000 (90%)]	Loss: 0.241881
Train Epoch: 48 [48000/50000 (96%)]	Loss: 0.171097

Test set: Average loss: 0.0004, Accuracy: 8740/10000 (87%)

Train Epoch: 49 [0/50000 (0%)]	Loss: 0.253604
Train Epoch: 49 [3200/50000 (6%)]	Loss: 0.102732
Train Epoch: 49 [6400/50000 (13%)]	Loss: 0.449649
Train Epoch: 49 [9600/50000 (19%)]	Loss: 0.303266
Train Epoch: 49 [12800/50000 (26%)]	Loss: 0.175465
Train Epoch: 49 [16000/50000 (32%)]	Loss: 0.197693
Train Epoch: 49 [19200/50000 (38%)]	Loss: 0.217393
Train Epoch: 49 [22400/50000 (45%)]	Loss: 0.368334
Train Epoch: 49 [25600/50000 (51%)]	Loss: 0.269629
Train Epoch: 49 [28800/50000 (58%)]	Loss: 0.149542
Train Epoch: 49 [32000/50000 (64%)]	Loss: 0.179002
Train Epoch: 49 [35200/50000 (70%)]	Loss: 0.176816
Train Epoch: 49 [38400/50000 (77%)]	Loss: 0.257919
Train Epoch: 49 [41600/50000 (83%)]	Loss: 0.210037
Train Epoch: 49 [44800/50000 (90%)]	Loss: 0.255740
Train Epoch: 49 [48000/50000 (96%)]	Loss: 0.139695

Test set: Average loss: 0.0004, Accuracy: 8747/10000 (87%)

Train Epoch: 50 [0/50000 (0%)]	Loss: 0.402835
Train Epoch: 50 [3200/50000 (6%)]	Loss: 0.302823
Train Epoch: 50 [6400/50000 (13%)]	Loss: 0.259277
Train Epoch: 50 [9600/50000 (19%)]	Loss: 0.350586
Train Epoch: 50 [12800/50000 (26%)]	Loss: 0.273731
Train Epoch: 50 [16000/50000 (32%)]	Loss: 0.173407
Train Epoch: 50 [19200/50000 (38%)]	Loss: 0.227787
Train Epoch: 50 [22400/50000 (45%)]	Loss: 0.117228
Train Epoch: 50 [25600/50000 (51%)]	Loss: 0.244978
Train Epoch: 50 [28800/50000 (58%)]	Loss: 0.360017
Train Epoch: 50 [32000/50000 (64%)]	Loss: 0.337699
Train Epoch: 50 [35200/50000 (70%)]	Loss: 0.295278
Train Epoch: 50 [38400/50000 (77%)]	Loss: 0.229672
Train Epoch: 50 [41600/50000 (83%)]	Loss: 0.210537
Train Epoch: 50 [44800/50000 (90%)]	Loss: 0.153054
Train Epoch: 50 [48000/50000 (96%)]	Loss: 0.189647

Test set: Average loss: 0.0004, Accuracy: 8801/10000 (88%)

Train Epoch: 51 [0/50000 (0%)]	Loss: 0.204825
Train Epoch: 51 [3200/50000 (6%)]	Loss: 0.258747
Train Epoch: 51 [6400/50000 (13%)]	Loss: 0.351530
Train Epoch: 51 [9600/50000 (19%)]	Loss: 0.264328
Train Epoch: 51 [12800/50000 (26%)]	Loss: 0.299127
Train Epoch: 51 [16000/50000 (32%)]	Loss: 0.213272
Train Epoch: 51 [19200/50000 (38%)]	Loss: 0.327968
Train Epoch: 51 [22400/50000 (45%)]	Loss: 0.325116
Train Epoch: 51 [25600/50000 (51%)]	Loss: 0.198028
Train Epoch: 51 [28800/50000 (58%)]	Loss: 0.173381
Train Epoch: 51 [32000/50000 (64%)]	Loss: 0.091528
Train Epoch: 51 [35200/50000 (70%)]	Loss: 0.336410
Train Epoch: 51 [38400/50000 (77%)]	Loss: 0.180546
Train Epoch: 51 [41600/50000 (83%)]	Loss: 0.180559
Train Epoch: 51 [44800/50000 (90%)]	Loss: 0.218194
Train Epoch: 51 [48000/50000 (96%)]	Loss: 0.202031

Test set: Average loss: 0.0004, Accuracy: 8745/10000 (87%)

Train Epoch: 52 [0/50000 (0%)]	Loss: 0.284188
Train Epoch: 52 [3200/50000 (6%)]	Loss: 0.473822
Train Epoch: 52 [6400/50000 (13%)]	Loss: 0.247082
Train Epoch: 52 [9600/50000 (19%)]	Loss: 0.090280
Train Epoch: 52 [12800/50000 (26%)]	Loss: 0.179664
Train Epoch: 52 [16000/50000 (32%)]	Loss: 0.277493
Train Epoch: 52 [19200/50000 (38%)]	Loss: 0.159602
Train Epoch: 52 [22400/50000 (45%)]	Loss: 0.252527
Train Epoch: 52 [25600/50000 (51%)]	Loss: 0.138854
Train Epoch: 52 [28800/50000 (58%)]	Loss: 0.141132
Train Epoch: 52 [32000/50000 (64%)]	Loss: 0.240443
Train Epoch: 52 [35200/50000 (70%)]	Loss: 0.192762
Train Epoch: 52 [38400/50000 (77%)]	Loss: 0.247640
Train Epoch: 52 [41600/50000 (83%)]	Loss: 0.173662
Train Epoch: 52 [44800/50000 (90%)]	Loss: 0.175670
Train Epoch: 52 [48000/50000 (96%)]	Loss: 0.271909

Test set: Average loss: 0.0004, Accuracy: 8722/10000 (87%)

Train Epoch: 53 [0/50000 (0%)]	Loss: 0.369049
Train Epoch: 53 [3200/50000 (6%)]	Loss: 0.257976
Train Epoch: 53 [6400/50000 (13%)]	Loss: 0.281592
Train Epoch: 53 [9600/50000 (19%)]	Loss: 0.172351
Train Epoch: 53 [12800/50000 (26%)]	Loss: 0.103609
Train Epoch: 53 [16000/50000 (32%)]	Loss: 0.168144
Train Epoch: 53 [19200/50000 (38%)]	Loss: 0.219988
Train Epoch: 53 [22400/50000 (45%)]	Loss: 0.171273
Train Epoch: 53 [25600/50000 (51%)]	Loss: 0.147131
Train Epoch: 53 [28800/50000 (58%)]	Loss: 0.123083
Train Epoch: 53 [32000/50000 (64%)]	Loss: 0.234718
Train Epoch: 53 [35200/50000 (70%)]	Loss: 0.215047
Train Epoch: 53 [38400/50000 (77%)]	Loss: 0.296569
Train Epoch: 53 [41600/50000 (83%)]	Loss: 0.407047
Train Epoch: 53 [44800/50000 (90%)]	Loss: 0.164480
Train Epoch: 53 [48000/50000 (96%)]	Loss: 0.210255

Test set: Average loss: 0.0004, Accuracy: 8811/10000 (88%)

Train Epoch: 54 [0/50000 (0%)]	Loss: 0.120459
Train Epoch: 54 [3200/50000 (6%)]	Loss: 0.296176
Train Epoch: 54 [6400/50000 (13%)]	Loss: 0.298538
Train Epoch: 54 [9600/50000 (19%)]	Loss: 0.331404
Train Epoch: 54 [12800/50000 (26%)]	Loss: 0.266513
Train Epoch: 54 [16000/50000 (32%)]	Loss: 0.156591
Train Epoch: 54 [19200/50000 (38%)]	Loss: 0.209319
Train Epoch: 54 [22400/50000 (45%)]	Loss: 0.252175
Train Epoch: 54 [25600/50000 (51%)]	Loss: 0.404413
Train Epoch: 54 [28800/50000 (58%)]	Loss: 0.286020
Train Epoch: 54 [32000/50000 (64%)]	Loss: 0.202202
Train Epoch: 54 [35200/50000 (70%)]	Loss: 0.245775
Train Epoch: 54 [38400/50000 (77%)]	Loss: 0.314261
Train Epoch: 54 [41600/50000 (83%)]	Loss: 0.165100
Train Epoch: 54 [44800/50000 (90%)]	Loss: 0.259612
Train Epoch: 54 [48000/50000 (96%)]	Loss: 0.239705

Test set: Average loss: 0.0004, Accuracy: 8789/10000 (88%)

Train Epoch: 55 [0/50000 (0%)]	Loss: 0.147364
Train Epoch: 55 [3200/50000 (6%)]	Loss: 0.130144
Train Epoch: 55 [6400/50000 (13%)]	Loss: 0.186399
Train Epoch: 55 [9600/50000 (19%)]	Loss: 0.091330
Train Epoch: 55 [12800/50000 (26%)]	Loss: 0.207393
Train Epoch: 55 [16000/50000 (32%)]	Loss: 0.120687
Train Epoch: 55 [19200/50000 (38%)]	Loss: 0.184226
Train Epoch: 55 [22400/50000 (45%)]	Loss: 0.232395
Train Epoch: 55 [25600/50000 (51%)]	Loss: 0.103024
Train Epoch: 55 [28800/50000 (58%)]	Loss: 0.157342
Train Epoch: 55 [32000/50000 (64%)]	Loss: 0.119080
Train Epoch: 55 [35200/50000 (70%)]	Loss: 0.205748
Train Epoch: 55 [38400/50000 (77%)]	Loss: 0.440593
Train Epoch: 55 [41600/50000 (83%)]	Loss: 0.170196
Train Epoch: 55 [44800/50000 (90%)]	Loss: 0.294840
Train Epoch: 55 [48000/50000 (96%)]	Loss: 0.181701

Test set: Average loss: 0.0004, Accuracy: 8793/10000 (88%)

Train Epoch: 56 [0/50000 (0%)]	Loss: 0.109232
Train Epoch: 56 [3200/50000 (6%)]	Loss: 0.147994
Train Epoch: 56 [6400/50000 (13%)]	Loss: 0.069025
Train Epoch: 56 [9600/50000 (19%)]	Loss: 0.213968
Train Epoch: 56 [12800/50000 (26%)]	Loss: 0.284429
Train Epoch: 56 [16000/50000 (32%)]	Loss: 0.277723
Train Epoch: 56 [19200/50000 (38%)]	Loss: 0.281539
Train Epoch: 56 [22400/50000 (45%)]	Loss: 0.143066
Train Epoch: 56 [25600/50000 (51%)]	Loss: 0.272414
Train Epoch: 56 [28800/50000 (58%)]	Loss: 0.211673
Train Epoch: 56 [32000/50000 (64%)]	Loss: 0.241395
Train Epoch: 56 [35200/50000 (70%)]	Loss: 0.200982
Train Epoch: 56 [38400/50000 (77%)]	Loss: 0.318311
Train Epoch: 56 [41600/50000 (83%)]	Loss: 0.150501
Train Epoch: 56 [44800/50000 (90%)]	Loss: 0.218683
Train Epoch: 56 [48000/50000 (96%)]	Loss: 0.200656

Test set: Average loss: 0.0004, Accuracy: 8777/10000 (88%)

Train Epoch: 57 [0/50000 (0%)]	Loss: 0.237722
Train Epoch: 57 [3200/50000 (6%)]	Loss: 0.122130
Train Epoch: 57 [6400/50000 (13%)]	Loss: 0.299067
Train Epoch: 57 [9600/50000 (19%)]	Loss: 0.269098
Train Epoch: 57 [12800/50000 (26%)]	Loss: 0.234753
Train Epoch: 57 [16000/50000 (32%)]	Loss: 0.273154
Train Epoch: 57 [19200/50000 (38%)]	Loss: 0.334228
Train Epoch: 57 [22400/50000 (45%)]	Loss: 0.120799
Train Epoch: 57 [25600/50000 (51%)]	Loss: 0.198944
Train Epoch: 57 [28800/50000 (58%)]	Loss: 0.103749
Train Epoch: 57 [32000/50000 (64%)]	Loss: 0.317654
Train Epoch: 57 [35200/50000 (70%)]	Loss: 0.164025
Train Epoch: 57 [38400/50000 (77%)]	Loss: 0.330228
Train Epoch: 57 [41600/50000 (83%)]	Loss: 0.088471
Train Epoch: 57 [44800/50000 (90%)]	Loss: 0.480498
Train Epoch: 57 [48000/50000 (96%)]	Loss: 0.218702

Test set: Average loss: 0.0004, Accuracy: 8808/10000 (88%)

Train Epoch: 58 [0/50000 (0%)]	Loss: 0.199161
Train Epoch: 58 [3200/50000 (6%)]	Loss: 0.179602
Train Epoch: 58 [6400/50000 (13%)]	Loss: 0.133325
Train Epoch: 58 [9600/50000 (19%)]	Loss: 0.147871
Train Epoch: 58 [12800/50000 (26%)]	Loss: 0.100752
Train Epoch: 58 [16000/50000 (32%)]	Loss: 0.233090
Train Epoch: 58 [19200/50000 (38%)]	Loss: 0.131705
Train Epoch: 58 [22400/50000 (45%)]	Loss: 0.129903
Train Epoch: 58 [25600/50000 (51%)]	Loss: 0.186347
Train Epoch: 58 [28800/50000 (58%)]	Loss: 0.415851
Train Epoch: 58 [32000/50000 (64%)]	Loss: 0.077563
Train Epoch: 58 [35200/50000 (70%)]	Loss: 0.147248
Train Epoch: 58 [38400/50000 (77%)]	Loss: 0.321391
Train Epoch: 58 [41600/50000 (83%)]	Loss: 0.053336
Train Epoch: 58 [44800/50000 (90%)]	Loss: 0.132446
Train Epoch: 58 [48000/50000 (96%)]	Loss: 0.231517

Test set: Average loss: 0.0004, Accuracy: 8815/10000 (88%)

Train Epoch: 59 [0/50000 (0%)]	Loss: 0.425080
Train Epoch: 59 [3200/50000 (6%)]	Loss: 0.167286
Train Epoch: 59 [6400/50000 (13%)]	Loss: 0.200251
Train Epoch: 59 [9600/50000 (19%)]	Loss: 0.142230
Train Epoch: 59 [12800/50000 (26%)]	Loss: 0.110958
Train Epoch: 59 [16000/50000 (32%)]	Loss: 0.155935
Train Epoch: 59 [19200/50000 (38%)]	Loss: 0.146452
Train Epoch: 59 [22400/50000 (45%)]	Loss: 0.296012
Train Epoch: 59 [25600/50000 (51%)]	Loss: 0.208993
Train Epoch: 59 [28800/50000 (58%)]	Loss: 0.270720
Train Epoch: 59 [32000/50000 (64%)]	Loss: 0.143848
Train Epoch: 59 [35200/50000 (70%)]	Loss: 0.446350
Train Epoch: 59 [38400/50000 (77%)]	Loss: 0.311607
Train Epoch: 59 [41600/50000 (83%)]	Loss: 0.257150
Train Epoch: 59 [44800/50000 (90%)]	Loss: 0.232314
Train Epoch: 59 [48000/50000 (96%)]	Loss: 0.179621

Test set: Average loss: 0.0004, Accuracy: 8870/10000 (89%)

Train Epoch: 60 [0/50000 (0%)]	Loss: 0.227822
Train Epoch: 60 [3200/50000 (6%)]	Loss: 0.234141
Train Epoch: 60 [6400/50000 (13%)]	Loss: 0.174853
Train Epoch: 60 [9600/50000 (19%)]	Loss: 0.214512
Train Epoch: 60 [12800/50000 (26%)]	Loss: 0.163165
Train Epoch: 60 [16000/50000 (32%)]	Loss: 0.111126
Train Epoch: 60 [19200/50000 (38%)]	Loss: 0.205687
Train Epoch: 60 [22400/50000 (45%)]	Loss: 0.195811
Train Epoch: 60 [25600/50000 (51%)]	Loss: 0.170258
Train Epoch: 60 [28800/50000 (58%)]	Loss: 0.362413
Train Epoch: 60 [32000/50000 (64%)]	Loss: 0.159766
Train Epoch: 60 [35200/50000 (70%)]	Loss: 0.215508
Train Epoch: 60 [38400/50000 (77%)]	Loss: 0.108777
Train Epoch: 60 [41600/50000 (83%)]	Loss: 0.086097
Train Epoch: 60 [44800/50000 (90%)]	Loss: 0.265761
Train Epoch: 60 [48000/50000 (96%)]	Loss: 0.226298

Test set: Average loss: 0.0004, Accuracy: 8806/10000 (88%)

Train Epoch: 61 [0/50000 (0%)]	Loss: 0.147517
Train Epoch: 61 [3200/50000 (6%)]	Loss: 0.214695
Train Epoch: 61 [6400/50000 (13%)]	Loss: 0.237026
Train Epoch: 61 [9600/50000 (19%)]	Loss: 0.221225
Train Epoch: 61 [12800/50000 (26%)]	Loss: 0.153871
Train Epoch: 61 [16000/50000 (32%)]	Loss: 0.265208
Train Epoch: 61 [19200/50000 (38%)]	Loss: 0.124381
Train Epoch: 61 [22400/50000 (45%)]	Loss: 0.188533
Train Epoch: 61 [25600/50000 (51%)]	Loss: 0.192486
Train Epoch: 61 [28800/50000 (58%)]	Loss: 0.209808
Train Epoch: 61 [32000/50000 (64%)]	Loss: 0.192134
Train Epoch: 61 [35200/50000 (70%)]	Loss: 0.161704
Train Epoch: 61 [38400/50000 (77%)]	Loss: 0.133915
Train Epoch: 61 [41600/50000 (83%)]	Loss: 0.410254
Train Epoch: 61 [44800/50000 (90%)]	Loss: 0.358455
Train Epoch: 61 [48000/50000 (96%)]	Loss: 0.331069

Test set: Average loss: 0.0004, Accuracy: 8833/10000 (88%)

Train Epoch: 62 [0/50000 (0%)]	Loss: 0.373826
Train Epoch: 62 [3200/50000 (6%)]	Loss: 0.132827
Train Epoch: 62 [6400/50000 (13%)]	Loss: 0.162991
Train Epoch: 62 [9600/50000 (19%)]	Loss: 0.128874
Train Epoch: 62 [12800/50000 (26%)]	Loss: 0.099418
Train Epoch: 62 [16000/50000 (32%)]	Loss: 0.155187
Train Epoch: 62 [19200/50000 (38%)]	Loss: 0.181238
Train Epoch: 62 [22400/50000 (45%)]	Loss: 0.139188
Train Epoch: 62 [25600/50000 (51%)]	Loss: 0.048508
Train Epoch: 62 [28800/50000 (58%)]	Loss: 0.305759
Train Epoch: 62 [32000/50000 (64%)]	Loss: 0.187361
Train Epoch: 62 [35200/50000 (70%)]	Loss: 0.151704
Train Epoch: 62 [38400/50000 (77%)]	Loss: 0.234644
Train Epoch: 62 [41600/50000 (83%)]	Loss: 0.252470
Train Epoch: 62 [44800/50000 (90%)]	Loss: 0.150382
Train Epoch: 62 [48000/50000 (96%)]	Loss: 0.253862

Test set: Average loss: 0.0004, Accuracy: 8757/10000 (88%)

Train Epoch: 63 [0/50000 (0%)]	Loss: 0.135542
Train Epoch: 63 [3200/50000 (6%)]	Loss: 0.140826
Train Epoch: 63 [6400/50000 (13%)]	Loss: 0.216659
Train Epoch: 63 [9600/50000 (19%)]	Loss: 0.176947
Train Epoch: 63 [12800/50000 (26%)]	Loss: 0.060653
Train Epoch: 63 [16000/50000 (32%)]	Loss: 0.193612
Train Epoch: 63 [19200/50000 (38%)]	Loss: 0.407951
Train Epoch: 63 [22400/50000 (45%)]	Loss: 0.384775
Train Epoch: 63 [25600/50000 (51%)]	Loss: 0.222468
Train Epoch: 63 [28800/50000 (58%)]	Loss: 0.332301
Train Epoch: 63 [32000/50000 (64%)]	Loss: 0.147948
Train Epoch: 63 [35200/50000 (70%)]	Loss: 0.197679
Train Epoch: 63 [38400/50000 (77%)]	Loss: 0.128759
Train Epoch: 63 [41600/50000 (83%)]	Loss: 0.127359
Train Epoch: 63 [44800/50000 (90%)]	Loss: 0.092484
Train Epoch: 63 [48000/50000 (96%)]	Loss: 0.263605

Test set: Average loss: 0.0004, Accuracy: 8793/10000 (88%)

Train Epoch: 64 [0/50000 (0%)]	Loss: 0.346579
Train Epoch: 64 [3200/50000 (6%)]	Loss: 0.151573
Train Epoch: 64 [6400/50000 (13%)]	Loss: 0.161380
Train Epoch: 64 [9600/50000 (19%)]	Loss: 0.041615
Train Epoch: 64 [12800/50000 (26%)]	Loss: 0.128832
Train Epoch: 64 [16000/50000 (32%)]	Loss: 0.115116
Train Epoch: 64 [19200/50000 (38%)]	Loss: 0.244925
Train Epoch: 64 [22400/50000 (45%)]	Loss: 0.188231
Train Epoch: 64 [25600/50000 (51%)]	Loss: 0.153322
Train Epoch: 64 [28800/50000 (58%)]	Loss: 0.437671
Train Epoch: 64 [32000/50000 (64%)]	Loss: 0.035009
Train Epoch: 64 [35200/50000 (70%)]	Loss: 0.129075
Train Epoch: 64 [38400/50000 (77%)]	Loss: 0.175746
Train Epoch: 64 [41600/50000 (83%)]	Loss: 0.175787
Train Epoch: 64 [44800/50000 (90%)]	Loss: 0.125430
Train Epoch: 64 [48000/50000 (96%)]	Loss: 0.081661

Test set: Average loss: 0.0004, Accuracy: 8798/10000 (88%)

Train Epoch: 65 [0/50000 (0%)]	Loss: 0.136613
Train Epoch: 65 [3200/50000 (6%)]	Loss: 0.118270
Train Epoch: 65 [6400/50000 (13%)]	Loss: 0.133341
Train Epoch: 65 [9600/50000 (19%)]	Loss: 0.095460
Train Epoch: 65 [12800/50000 (26%)]	Loss: 0.253555
Train Epoch: 65 [16000/50000 (32%)]	Loss: 0.137949
Train Epoch: 65 [19200/50000 (38%)]	Loss: 0.147354
Train Epoch: 65 [22400/50000 (45%)]	Loss: 0.145623
Train Epoch: 65 [25600/50000 (51%)]	Loss: 0.193019
Train Epoch: 65 [28800/50000 (58%)]	Loss: 0.200863
Train Epoch: 65 [32000/50000 (64%)]	Loss: 0.117100
Train Epoch: 65 [35200/50000 (70%)]	Loss: 0.131063
Train Epoch: 65 [38400/50000 (77%)]	Loss: 0.421789
Train Epoch: 65 [41600/50000 (83%)]	Loss: 0.123293
Train Epoch: 65 [44800/50000 (90%)]	Loss: 0.249689
Train Epoch: 65 [48000/50000 (96%)]	Loss: 0.165590

Test set: Average loss: 0.0004, Accuracy: 8832/10000 (88%)

Train Epoch: 66 [0/50000 (0%)]	Loss: 0.253889
Train Epoch: 66 [3200/50000 (6%)]	Loss: 0.088054
Train Epoch: 66 [6400/50000 (13%)]	Loss: 0.162556
Train Epoch: 66 [9600/50000 (19%)]	Loss: 0.118958
Train Epoch: 66 [12800/50000 (26%)]	Loss: 0.165832
Train Epoch: 66 [16000/50000 (32%)]	Loss: 0.316739
Train Epoch: 66 [19200/50000 (38%)]	Loss: 0.105362
Train Epoch: 66 [22400/50000 (45%)]	Loss: 0.112016
Train Epoch: 66 [25600/50000 (51%)]	Loss: 0.310267
Train Epoch: 66 [28800/50000 (58%)]	Loss: 0.192369
Train Epoch: 66 [32000/50000 (64%)]	Loss: 0.117934
Train Epoch: 66 [35200/50000 (70%)]	Loss: 0.098968
Train Epoch: 66 [38400/50000 (77%)]	Loss: 0.267310
Train Epoch: 66 [41600/50000 (83%)]	Loss: 0.254199
Train Epoch: 66 [44800/50000 (90%)]	Loss: 0.224044
Train Epoch: 66 [48000/50000 (96%)]	Loss: 0.108744

Test set: Average loss: 0.0004, Accuracy: 8769/10000 (88%)

Train Epoch: 67 [0/50000 (0%)]	Loss: 0.074782
Train Epoch: 67 [3200/50000 (6%)]	Loss: 0.075238
Train Epoch: 67 [6400/50000 (13%)]	Loss: 0.099315
Train Epoch: 67 [9600/50000 (19%)]	Loss: 0.172663
Train Epoch: 67 [12800/50000 (26%)]	Loss: 0.160698
Train Epoch: 67 [16000/50000 (32%)]	Loss: 0.213901
Train Epoch: 67 [19200/50000 (38%)]	Loss: 0.294804
Train Epoch: 67 [22400/50000 (45%)]	Loss: 0.132808
Train Epoch: 67 [25600/50000 (51%)]	Loss: 0.156864
Train Epoch: 67 [28800/50000 (58%)]	Loss: 0.124679
Train Epoch: 67 [32000/50000 (64%)]	Loss: 0.154886
Train Epoch: 67 [35200/50000 (70%)]	Loss: 0.111499
Train Epoch: 67 [38400/50000 (77%)]	Loss: 0.139833
Train Epoch: 67 [41600/50000 (83%)]	Loss: 0.198195
Train Epoch: 67 [44800/50000 (90%)]	Loss: 0.099689
Train Epoch: 67 [48000/50000 (96%)]	Loss: 0.178794

Test set: Average loss: 0.0004, Accuracy: 8814/10000 (88%)

Train Epoch: 68 [0/50000 (0%)]	Loss: 0.345276
Train Epoch: 68 [3200/50000 (6%)]	Loss: 0.260319
Train Epoch: 68 [6400/50000 (13%)]	Loss: 0.236977
Train Epoch: 68 [9600/50000 (19%)]	Loss: 0.059063
Train Epoch: 68 [12800/50000 (26%)]	Loss: 0.217819
Train Epoch: 68 [16000/50000 (32%)]	Loss: 0.266091
Train Epoch: 68 [19200/50000 (38%)]	Loss: 0.279962
Train Epoch: 68 [22400/50000 (45%)]	Loss: 0.134797
Train Epoch: 68 [25600/50000 (51%)]	Loss: 0.305313
Train Epoch: 68 [28800/50000 (58%)]	Loss: 0.246159
Train Epoch: 68 [32000/50000 (64%)]	Loss: 0.228072
Train Epoch: 68 [35200/50000 (70%)]	Loss: 0.085200
Train Epoch: 68 [38400/50000 (77%)]	Loss: 0.241339
Train Epoch: 68 [41600/50000 (83%)]	Loss: 0.265887
Train Epoch: 68 [44800/50000 (90%)]	Loss: 0.540208
Train Epoch: 68 [48000/50000 (96%)]	Loss: 0.072439

Test set: Average loss: 0.0004, Accuracy: 8733/10000 (87%)

Train Epoch: 69 [0/50000 (0%)]	Loss: 0.277504
Train Epoch: 69 [3200/50000 (6%)]	Loss: 0.147183
Train Epoch: 69 [6400/50000 (13%)]	Loss: 0.124247
Train Epoch: 69 [9600/50000 (19%)]	Loss: 0.081664
Train Epoch: 69 [12800/50000 (26%)]	Loss: 0.166455
Train Epoch: 69 [16000/50000 (32%)]	Loss: 0.196386
Train Epoch: 69 [19200/50000 (38%)]	Loss: 0.150777
Train Epoch: 69 [22400/50000 (45%)]	Loss: 0.271579
Train Epoch: 69 [25600/50000 (51%)]	Loss: 0.146005
Train Epoch: 69 [28800/50000 (58%)]	Loss: 0.156221
Train Epoch: 69 [32000/50000 (64%)]	Loss: 0.138365
Train Epoch: 69 [35200/50000 (70%)]	Loss: 0.394621
Train Epoch: 69 [38400/50000 (77%)]	Loss: 0.286224
Train Epoch: 69 [41600/50000 (83%)]	Loss: 0.141568
Train Epoch: 69 [44800/50000 (90%)]	Loss: 0.143389
Train Epoch: 69 [48000/50000 (96%)]	Loss: 0.135249

Test set: Average loss: 0.0004, Accuracy: 8830/10000 (88%)

Train Epoch: 70 [0/50000 (0%)]	Loss: 0.188353
Train Epoch: 70 [3200/50000 (6%)]	Loss: 0.238221
Train Epoch: 70 [6400/50000 (13%)]	Loss: 0.077256
Train Epoch: 70 [9600/50000 (19%)]	Loss: 0.234431
Train Epoch: 70 [12800/50000 (26%)]	Loss: 0.288347
Train Epoch: 70 [16000/50000 (32%)]	Loss: 0.123528
Train Epoch: 70 [19200/50000 (38%)]	Loss: 0.162424
Train Epoch: 70 [22400/50000 (45%)]	Loss: 0.241009
Train Epoch: 70 [25600/50000 (51%)]	Loss: 0.220944
Train Epoch: 70 [28800/50000 (58%)]	Loss: 0.092449
Train Epoch: 70 [32000/50000 (64%)]	Loss: 0.105860
Train Epoch: 70 [35200/50000 (70%)]	Loss: 0.171643
Train Epoch: 70 [38400/50000 (77%)]	Loss: 0.173960
Train Epoch: 70 [41600/50000 (83%)]	Loss: 0.200220
Train Epoch: 70 [44800/50000 (90%)]	Loss: 0.118946
Train Epoch: 70 [48000/50000 (96%)]	Loss: 0.178774

Test set: Average loss: 0.0004, Accuracy: 8818/10000 (88%)

Train Epoch: 71 [0/50000 (0%)]	Loss: 0.134369
Train Epoch: 71 [3200/50000 (6%)]	Loss: 0.117967
Train Epoch: 71 [6400/50000 (13%)]	Loss: 0.232219
Train Epoch: 71 [9600/50000 (19%)]	Loss: 0.215306
Train Epoch: 71 [12800/50000 (26%)]	Loss: 0.154032
Train Epoch: 71 [16000/50000 (32%)]	Loss: 0.469144
Train Epoch: 71 [19200/50000 (38%)]	Loss: 0.118630
Train Epoch: 71 [22400/50000 (45%)]	Loss: 0.199113
Train Epoch: 71 [25600/50000 (51%)]	Loss: 0.042123
Train Epoch: 71 [28800/50000 (58%)]	Loss: 0.240677
Train Epoch: 71 [32000/50000 (64%)]	Loss: 0.298974
Train Epoch: 71 [35200/50000 (70%)]	Loss: 0.244484
Train Epoch: 71 [38400/50000 (77%)]	Loss: 0.115264
Train Epoch: 71 [41600/50000 (83%)]	Loss: 0.244822
Train Epoch: 71 [44800/50000 (90%)]	Loss: 0.091711
Train Epoch: 71 [48000/50000 (96%)]	Loss: 0.181479

Test set: Average loss: 0.0004, Accuracy: 8834/10000 (88%)

Train Epoch: 72 [0/50000 (0%)]	Loss: 0.368431
Train Epoch: 72 [3200/50000 (6%)]	Loss: 0.101378
Train Epoch: 72 [6400/50000 (13%)]	Loss: 0.031586
Train Epoch: 72 [9600/50000 (19%)]	Loss: 0.154386
Train Epoch: 72 [12800/50000 (26%)]	Loss: 0.086023
Train Epoch: 72 [16000/50000 (32%)]	Loss: 0.225435
Train Epoch: 72 [19200/50000 (38%)]	Loss: 0.447180
Train Epoch: 72 [22400/50000 (45%)]	Loss: 0.175688
Train Epoch: 72 [25600/50000 (51%)]	Loss: 0.187652
Train Epoch: 72 [28800/50000 (58%)]	Loss: 0.100965
Train Epoch: 72 [32000/50000 (64%)]	Loss: 0.060842
Train Epoch: 72 [35200/50000 (70%)]	Loss: 0.109718
Train Epoch: 72 [38400/50000 (77%)]	Loss: 0.149765
Train Epoch: 72 [41600/50000 (83%)]	Loss: 0.140388
Train Epoch: 72 [44800/50000 (90%)]	Loss: 0.141955
Train Epoch: 72 [48000/50000 (96%)]	Loss: 0.165950

Test set: Average loss: 0.0004, Accuracy: 8829/10000 (88%)

Train Epoch: 73 [0/50000 (0%)]	Loss: 0.129835
Train Epoch: 73 [3200/50000 (6%)]	Loss: 0.276985
Train Epoch: 73 [6400/50000 (13%)]	Loss: 0.304674
Train Epoch: 73 [9600/50000 (19%)]	Loss: 0.149457
Train Epoch: 73 [12800/50000 (26%)]	Loss: 0.052204
Train Epoch: 73 [16000/50000 (32%)]	Loss: 0.327216
Train Epoch: 73 [19200/50000 (38%)]	Loss: 0.139805
Train Epoch: 73 [22400/50000 (45%)]	Loss: 0.147885
Train Epoch: 73 [25600/50000 (51%)]	Loss: 0.096297
Train Epoch: 73 [28800/50000 (58%)]	Loss: 0.248760
Train Epoch: 73 [32000/50000 (64%)]	Loss: 0.084493
Train Epoch: 73 [35200/50000 (70%)]	Loss: 0.086334
Train Epoch: 73 [38400/50000 (77%)]	Loss: 0.102791
Train Epoch: 73 [41600/50000 (83%)]	Loss: 0.213426
Train Epoch: 73 [44800/50000 (90%)]	Loss: 0.089581
Train Epoch: 73 [48000/50000 (96%)]	Loss: 0.165085

Test set: Average loss: 0.0004, Accuracy: 8782/10000 (88%)

Train Epoch: 74 [0/50000 (0%)]	Loss: 0.145464
Train Epoch: 74 [3200/50000 (6%)]	Loss: 0.105070
Train Epoch: 74 [6400/50000 (13%)]	Loss: 0.194781
Train Epoch: 74 [9600/50000 (19%)]	Loss: 0.144587
Train Epoch: 74 [12800/50000 (26%)]	Loss: 0.416512
Train Epoch: 74 [16000/50000 (32%)]	Loss: 0.106394
Train Epoch: 74 [19200/50000 (38%)]	Loss: 0.193342
Train Epoch: 74 [22400/50000 (45%)]	Loss: 0.142795
Train Epoch: 74 [25600/50000 (51%)]	Loss: 0.246985
Train Epoch: 74 [28800/50000 (58%)]	Loss: 0.306677
Train Epoch: 74 [32000/50000 (64%)]	Loss: 0.169153
Train Epoch: 74 [35200/50000 (70%)]	Loss: 0.099436
Train Epoch: 74 [38400/50000 (77%)]	Loss: 0.166478
Train Epoch: 74 [41600/50000 (83%)]	Loss: 0.092195
Train Epoch: 74 [44800/50000 (90%)]	Loss: 0.164415
Train Epoch: 74 [48000/50000 (96%)]	Loss: 0.149772

Test set: Average loss: 0.0004, Accuracy: 8864/10000 (89%)

Train Epoch: 75 [0/50000 (0%)]	Loss: 0.094366
Train Epoch: 75 [3200/50000 (6%)]	Loss: 0.149525
Train Epoch: 75 [6400/50000 (13%)]	Loss: 0.148224
Train Epoch: 75 [9600/50000 (19%)]	Loss: 0.143269
Train Epoch: 75 [12800/50000 (26%)]	Loss: 0.223904
Train Epoch: 75 [16000/50000 (32%)]	Loss: 0.102055
Train Epoch: 75 [19200/50000 (38%)]	Loss: 0.239523
Train Epoch: 75 [22400/50000 (45%)]	Loss: 0.197509
Train Epoch: 75 [25600/50000 (51%)]	Loss: 0.102772
Train Epoch: 75 [28800/50000 (58%)]	Loss: 0.104044
Train Epoch: 75 [32000/50000 (64%)]	Loss: 0.179362
Train Epoch: 75 [35200/50000 (70%)]	Loss: 0.154368
Train Epoch: 75 [38400/50000 (77%)]	Loss: 0.083979
Train Epoch: 75 [41600/50000 (83%)]	Loss: 0.050723
Train Epoch: 75 [44800/50000 (90%)]	Loss: 0.061732
Train Epoch: 75 [48000/50000 (96%)]	Loss: 0.212923

Test set: Average loss: 0.0004, Accuracy: 8842/10000 (88%)

Train Epoch: 76 [0/50000 (0%)]	Loss: 0.100239
Train Epoch: 76 [3200/50000 (6%)]	Loss: 0.144688
Train Epoch: 76 [6400/50000 (13%)]	Loss: 0.096727
Train Epoch: 76 [9600/50000 (19%)]	Loss: 0.168458
Train Epoch: 76 [12800/50000 (26%)]	Loss: 0.136644
Train Epoch: 76 [16000/50000 (32%)]	Loss: 0.087867
Train Epoch: 76 [19200/50000 (38%)]	Loss: 0.170237
Train Epoch: 76 [22400/50000 (45%)]	Loss: 0.034720
Train Epoch: 76 [25600/50000 (51%)]	Loss: 0.120300
Train Epoch: 76 [28800/50000 (58%)]	Loss: 0.143666
Train Epoch: 76 [32000/50000 (64%)]	Loss: 0.075097
Train Epoch: 76 [35200/50000 (70%)]	Loss: 0.241460
Train Epoch: 76 [38400/50000 (77%)]	Loss: 0.233688
Train Epoch: 76 [41600/50000 (83%)]	Loss: 0.217994
Train Epoch: 76 [44800/50000 (90%)]	Loss: 0.187966
Train Epoch: 76 [48000/50000 (96%)]	Loss: 0.080207

Test set: Average loss: 0.0004, Accuracy: 8851/10000 (89%)

Train Epoch: 77 [0/50000 (0%)]	Loss: 0.252595
Train Epoch: 77 [3200/50000 (6%)]	Loss: 0.217786
Train Epoch: 77 [6400/50000 (13%)]	Loss: 0.095337
Train Epoch: 77 [9600/50000 (19%)]	Loss: 0.133839
Train Epoch: 77 [12800/50000 (26%)]	Loss: 0.094303
Train Epoch: 77 [16000/50000 (32%)]	Loss: 0.048980
Train Epoch: 77 [19200/50000 (38%)]	Loss: 0.220890
Train Epoch: 77 [22400/50000 (45%)]	Loss: 0.080576
Train Epoch: 77 [25600/50000 (51%)]	Loss: 0.170581
Train Epoch: 77 [28800/50000 (58%)]	Loss: 0.082421
Train Epoch: 77 [32000/50000 (64%)]	Loss: 0.063413
Train Epoch: 77 [35200/50000 (70%)]	Loss: 0.425585
Train Epoch: 77 [38400/50000 (77%)]	Loss: 0.227259
Train Epoch: 77 [41600/50000 (83%)]	Loss: 0.188461
Train Epoch: 77 [44800/50000 (90%)]	Loss: 0.045878
Train Epoch: 77 [48000/50000 (96%)]	Loss: 0.328375

Test set: Average loss: 0.0004, Accuracy: 8821/10000 (88%)

Train Epoch: 78 [0/50000 (0%)]	Loss: 0.120324
Train Epoch: 78 [3200/50000 (6%)]	Loss: 0.238261
Train Epoch: 78 [6400/50000 (13%)]	Loss: 0.232853
Train Epoch: 78 [9600/50000 (19%)]	Loss: 0.167707
Train Epoch: 78 [12800/50000 (26%)]	Loss: 0.164813
Train Epoch: 78 [16000/50000 (32%)]	Loss: 0.085685
Train Epoch: 78 [19200/50000 (38%)]	Loss: 0.181930
Train Epoch: 78 [22400/50000 (45%)]	Loss: 0.215482
Train Epoch: 78 [25600/50000 (51%)]	Loss: 0.101743
Train Epoch: 78 [28800/50000 (58%)]	Loss: 0.174171
Train Epoch: 78 [32000/50000 (64%)]	Loss: 0.070049
Train Epoch: 78 [35200/50000 (70%)]	Loss: 0.321136
Train Epoch: 78 [38400/50000 (77%)]	Loss: 0.170973
Train Epoch: 78 [41600/50000 (83%)]	Loss: 0.279640
Train Epoch: 78 [44800/50000 (90%)]	Loss: 0.149993
Train Epoch: 78 [48000/50000 (96%)]	Loss: 0.205350

Test set: Average loss: 0.0004, Accuracy: 8868/10000 (89%)

Train Epoch: 79 [0/50000 (0%)]	Loss: 0.270487
Train Epoch: 79 [3200/50000 (6%)]	Loss: 0.220578
Train Epoch: 79 [6400/50000 (13%)]	Loss: 0.150301
Train Epoch: 79 [9600/50000 (19%)]	Loss: 0.161019
Train Epoch: 79 [12800/50000 (26%)]	Loss: 0.101903
Train Epoch: 79 [16000/50000 (32%)]	Loss: 0.174425
Train Epoch: 79 [19200/50000 (38%)]	Loss: 0.187164
Train Epoch: 79 [22400/50000 (45%)]	Loss: 0.097915
Train Epoch: 79 [25600/50000 (51%)]	Loss: 0.228774
Train Epoch: 79 [28800/50000 (58%)]	Loss: 0.219965
Train Epoch: 79 [32000/50000 (64%)]	Loss: 0.250835
Train Epoch: 79 [35200/50000 (70%)]	Loss: 0.174567
Train Epoch: 79 [38400/50000 (77%)]	Loss: 0.088454
Train Epoch: 79 [41600/50000 (83%)]	Loss: 0.062520
Train Epoch: 79 [44800/50000 (90%)]	Loss: 0.219042
Train Epoch: 79 [48000/50000 (96%)]	Loss: 0.232032

Test set: Average loss: 0.0004, Accuracy: 8935/10000 (89%)

Train Epoch: 80 [0/50000 (0%)]	Loss: 0.172168
Train Epoch: 80 [3200/50000 (6%)]	Loss: 0.143983
Train Epoch: 80 [6400/50000 (13%)]	Loss: 0.095226
Train Epoch: 80 [9600/50000 (19%)]	Loss: 0.137872
Train Epoch: 80 [12800/50000 (26%)]	Loss: 0.065406
Train Epoch: 80 [16000/50000 (32%)]	Loss: 0.049629
Train Epoch: 80 [19200/50000 (38%)]	Loss: 0.058144
Train Epoch: 80 [22400/50000 (45%)]	Loss: 0.187497
Train Epoch: 80 [25600/50000 (51%)]	Loss: 0.142853
Train Epoch: 80 [28800/50000 (58%)]	Loss: 0.118541
Train Epoch: 80 [32000/50000 (64%)]	Loss: 0.331816
Train Epoch: 80 [35200/50000 (70%)]	Loss: 0.185463
Train Epoch: 80 [38400/50000 (77%)]	Loss: 0.077334
Train Epoch: 80 [41600/50000 (83%)]	Loss: 0.113315
Train Epoch: 80 [44800/50000 (90%)]	Loss: 0.334296
Train Epoch: 80 [48000/50000 (96%)]	Loss: 0.209308

Test set: Average loss: 0.0004, Accuracy: 8840/10000 (88%)

Train Epoch: 81 [0/50000 (0%)]	Loss: 0.143151
Train Epoch: 81 [3200/50000 (6%)]	Loss: 0.068310
Train Epoch: 81 [6400/50000 (13%)]	Loss: 0.128725
Train Epoch: 81 [9600/50000 (19%)]	Loss: 0.127694
Train Epoch: 81 [12800/50000 (26%)]	Loss: 0.114592
Train Epoch: 81 [16000/50000 (32%)]	Loss: 0.127531
Train Epoch: 81 [19200/50000 (38%)]	Loss: 0.048510
Train Epoch: 81 [22400/50000 (45%)]	Loss: 0.062733
Train Epoch: 81 [25600/50000 (51%)]	Loss: 0.134473
Train Epoch: 81 [28800/50000 (58%)]	Loss: 0.073823
Train Epoch: 81 [32000/50000 (64%)]	Loss: 0.091369
Train Epoch: 81 [35200/50000 (70%)]	Loss: 0.134759
Train Epoch: 81 [38400/50000 (77%)]	Loss: 0.111697
Train Epoch: 81 [41600/50000 (83%)]	Loss: 0.061033
Train Epoch: 81 [44800/50000 (90%)]	Loss: 0.066839
Train Epoch: 81 [48000/50000 (96%)]	Loss: 0.045325

Test set: Average loss: 0.0004, Accuracy: 8932/10000 (89%)

Train Epoch: 82 [0/50000 (0%)]	Loss: 0.126191
Train Epoch: 82 [3200/50000 (6%)]	Loss: 0.141839
Train Epoch: 82 [6400/50000 (13%)]	Loss: 0.112957
Train Epoch: 82 [9600/50000 (19%)]	Loss: 0.071612
Train Epoch: 82 [12800/50000 (26%)]	Loss: 0.175032
Train Epoch: 82 [16000/50000 (32%)]	Loss: 0.067087
Train Epoch: 82 [19200/50000 (38%)]	Loss: 0.052177
Train Epoch: 82 [22400/50000 (45%)]	Loss: 0.120711
Train Epoch: 82 [25600/50000 (51%)]	Loss: 0.211002
Train Epoch: 82 [28800/50000 (58%)]	Loss: 0.053976
Train Epoch: 82 [32000/50000 (64%)]	Loss: 0.085521
Train Epoch: 82 [35200/50000 (70%)]	Loss: 0.066424
Train Epoch: 82 [38400/50000 (77%)]	Loss: 0.025542
Train Epoch: 82 [41600/50000 (83%)]	Loss: 0.072399
Train Epoch: 82 [44800/50000 (90%)]	Loss: 0.087347
Train Epoch: 82 [48000/50000 (96%)]	Loss: 0.096135

Test set: Average loss: 0.0004, Accuracy: 8989/10000 (90%)

Train Epoch: 83 [0/50000 (0%)]	Loss: 0.197037
Train Epoch: 83 [3200/50000 (6%)]	Loss: 0.017061
Train Epoch: 83 [6400/50000 (13%)]	Loss: 0.089342
Train Epoch: 83 [9600/50000 (19%)]	Loss: 0.034327
Train Epoch: 83 [12800/50000 (26%)]	Loss: 0.065877
Train Epoch: 83 [16000/50000 (32%)]	Loss: 0.096509
Train Epoch: 83 [19200/50000 (38%)]	Loss: 0.120113
Train Epoch: 83 [22400/50000 (45%)]	Loss: 0.040487
Train Epoch: 83 [25600/50000 (51%)]	Loss: 0.102143
Train Epoch: 83 [28800/50000 (58%)]	Loss: 0.059380
Train Epoch: 83 [32000/50000 (64%)]	Loss: 0.046023
Train Epoch: 83 [35200/50000 (70%)]	Loss: 0.028736
Train Epoch: 83 [38400/50000 (77%)]	Loss: 0.085584
Train Epoch: 83 [41600/50000 (83%)]	Loss: 0.061920
Train Epoch: 83 [44800/50000 (90%)]	Loss: 0.115412
Train Epoch: 83 [48000/50000 (96%)]	Loss: 0.040592

Test set: Average loss: 0.0004, Accuracy: 8995/10000 (90%)

Train Epoch: 84 [0/50000 (0%)]	Loss: 0.049019
Train Epoch: 84 [3200/50000 (6%)]	Loss: 0.120370
Train Epoch: 84 [6400/50000 (13%)]	Loss: 0.075124
Train Epoch: 84 [9600/50000 (19%)]	Loss: 0.138569
Train Epoch: 84 [12800/50000 (26%)]	Loss: 0.084638
Train Epoch: 84 [16000/50000 (32%)]	Loss: 0.170223
Train Epoch: 84 [19200/50000 (38%)]	Loss: 0.083638
Train Epoch: 84 [22400/50000 (45%)]	Loss: 0.026487
Train Epoch: 84 [25600/50000 (51%)]	Loss: 0.054740
Train Epoch: 84 [28800/50000 (58%)]	Loss: 0.032776
Train Epoch: 84 [32000/50000 (64%)]	Loss: 0.128305
Train Epoch: 84 [35200/50000 (70%)]	Loss: 0.053374
Train Epoch: 84 [38400/50000 (77%)]	Loss: 0.081440
Train Epoch: 84 [41600/50000 (83%)]	Loss: 0.119742
Train Epoch: 84 [44800/50000 (90%)]	Loss: 0.031634
Train Epoch: 84 [48000/50000 (96%)]	Loss: 0.081168

Test set: Average loss: 0.0004, Accuracy: 8972/10000 (90%)

Train Epoch: 85 [0/50000 (0%)]	Loss: 0.073491
Train Epoch: 85 [3200/50000 (6%)]	Loss: 0.049643
Train Epoch: 85 [6400/50000 (13%)]	Loss: 0.082858
Train Epoch: 85 [9600/50000 (19%)]	Loss: 0.203476
Train Epoch: 85 [12800/50000 (26%)]	Loss: 0.120538
Train Epoch: 85 [16000/50000 (32%)]	Loss: 0.106898
Train Epoch: 85 [19200/50000 (38%)]	Loss: 0.024085
Train Epoch: 85 [22400/50000 (45%)]	Loss: 0.022137
Train Epoch: 85 [25600/50000 (51%)]	Loss: 0.103683
Train Epoch: 85 [28800/50000 (58%)]	Loss: 0.012340
Train Epoch: 85 [32000/50000 (64%)]	Loss: 0.042197
Train Epoch: 85 [35200/50000 (70%)]	Loss: 0.156036
Train Epoch: 85 [38400/50000 (77%)]	Loss: 0.106330
Train Epoch: 85 [41600/50000 (83%)]	Loss: 0.079583
Train Epoch: 85 [44800/50000 (90%)]	Loss: 0.101011
Train Epoch: 85 [48000/50000 (96%)]	Loss: 0.122771

Test set: Average loss: 0.0004, Accuracy: 9012/10000 (90%)

Train Epoch: 86 [0/50000 (0%)]	Loss: 0.102495
Train Epoch: 86 [3200/50000 (6%)]	Loss: 0.078494
Train Epoch: 86 [6400/50000 (13%)]	Loss: 0.068286
Train Epoch: 86 [9600/50000 (19%)]	Loss: 0.019594
Train Epoch: 86 [12800/50000 (26%)]	Loss: 0.142552
Train Epoch: 86 [16000/50000 (32%)]	Loss: 0.131691
Train Epoch: 86 [19200/50000 (38%)]	Loss: 0.159046
Train Epoch: 86 [22400/50000 (45%)]	Loss: 0.022020
Train Epoch: 86 [25600/50000 (51%)]	Loss: 0.055477
Train Epoch: 86 [28800/50000 (58%)]	Loss: 0.136111
Train Epoch: 86 [32000/50000 (64%)]	Loss: 0.078751
Train Epoch: 86 [35200/50000 (70%)]	Loss: 0.151614
Train Epoch: 86 [38400/50000 (77%)]	Loss: 0.072110
Train Epoch: 86 [41600/50000 (83%)]	Loss: 0.060786
Train Epoch: 86 [44800/50000 (90%)]	Loss: 0.094874
Train Epoch: 86 [48000/50000 (96%)]	Loss: 0.068576

Test set: Average loss: 0.0004, Accuracy: 9006/10000 (90%)

Train Epoch: 87 [0/50000 (0%)]	Loss: 0.020377
Train Epoch: 87 [3200/50000 (6%)]	Loss: 0.072072
Train Epoch: 87 [6400/50000 (13%)]	Loss: 0.060930
Train Epoch: 87 [9600/50000 (19%)]	Loss: 0.035702
Train Epoch: 87 [12800/50000 (26%)]	Loss: 0.025536
Train Epoch: 87 [16000/50000 (32%)]	Loss: 0.047922
Train Epoch: 87 [19200/50000 (38%)]	Loss: 0.036834
Train Epoch: 87 [22400/50000 (45%)]	Loss: 0.051623
Train Epoch: 87 [25600/50000 (51%)]	Loss: 0.049114
Train Epoch: 87 [28800/50000 (58%)]	Loss: 0.095741
Train Epoch: 87 [32000/50000 (64%)]	Loss: 0.068424
Train Epoch: 87 [35200/50000 (70%)]	Loss: 0.103838
Train Epoch: 87 [38400/50000 (77%)]	Loss: 0.032189
Train Epoch: 87 [41600/50000 (83%)]	Loss: 0.102238
Train Epoch: 87 [44800/50000 (90%)]	Loss: 0.024819
Train Epoch: 87 [48000/50000 (96%)]	Loss: 0.030264

Test set: Average loss: 0.0004, Accuracy: 9005/10000 (90%)

Train Epoch: 88 [0/50000 (0%)]	Loss: 0.071298
Train Epoch: 88 [3200/50000 (6%)]	Loss: 0.107834
Train Epoch: 88 [6400/50000 (13%)]	Loss: 0.050076
Train Epoch: 88 [9600/50000 (19%)]	Loss: 0.050821
Train Epoch: 88 [12800/50000 (26%)]	Loss: 0.092761
Train Epoch: 88 [16000/50000 (32%)]	Loss: 0.035926
Train Epoch: 88 [19200/50000 (38%)]	Loss: 0.072309
Train Epoch: 88 [22400/50000 (45%)]	Loss: 0.076301
Train Epoch: 88 [25600/50000 (51%)]	Loss: 0.064196
Train Epoch: 88 [28800/50000 (58%)]	Loss: 0.169752
Train Epoch: 88 [32000/50000 (64%)]	Loss: 0.130279
Train Epoch: 88 [35200/50000 (70%)]	Loss: 0.068018
Train Epoch: 88 [38400/50000 (77%)]	Loss: 0.048587
Train Epoch: 88 [41600/50000 (83%)]	Loss: 0.097570
Train Epoch: 88 [44800/50000 (90%)]	Loss: 0.130120
Train Epoch: 88 [48000/50000 (96%)]	Loss: 0.151833

Test set: Average loss: 0.0004, Accuracy: 9038/10000 (90%)

Train Epoch: 89 [0/50000 (0%)]	Loss: 0.015072
Train Epoch: 89 [3200/50000 (6%)]	Loss: 0.064094
Train Epoch: 89 [6400/50000 (13%)]	Loss: 0.017589
Train Epoch: 89 [9600/50000 (19%)]	Loss: 0.014911
Train Epoch: 89 [12800/50000 (26%)]	Loss: 0.085876
Train Epoch: 89 [16000/50000 (32%)]	Loss: 0.080751
Train Epoch: 89 [19200/50000 (38%)]	Loss: 0.061264
Train Epoch: 89 [22400/50000 (45%)]	Loss: 0.067530
Train Epoch: 89 [25600/50000 (51%)]	Loss: 0.060169
Train Epoch: 89 [28800/50000 (58%)]	Loss: 0.039814
Train Epoch: 89 [32000/50000 (64%)]	Loss: 0.059435
Train Epoch: 89 [35200/50000 (70%)]	Loss: 0.063522
Train Epoch: 89 [38400/50000 (77%)]	Loss: 0.116990
Train Epoch: 89 [41600/50000 (83%)]	Loss: 0.058294
Train Epoch: 89 [44800/50000 (90%)]	Loss: 0.082001
Train Epoch: 89 [48000/50000 (96%)]	Loss: 0.059870

Test set: Average loss: 0.0004, Accuracy: 9017/10000 (90%)

Train Epoch: 90 [0/50000 (0%)]	Loss: 0.019206
Train Epoch: 90 [3200/50000 (6%)]	Loss: 0.138925
Train Epoch: 90 [6400/50000 (13%)]	Loss: 0.036472
Train Epoch: 90 [9600/50000 (19%)]	Loss: 0.068058
Train Epoch: 90 [12800/50000 (26%)]	Loss: 0.045028
Train Epoch: 90 [16000/50000 (32%)]	Loss: 0.015276
Train Epoch: 90 [19200/50000 (38%)]	Loss: 0.061593
Train Epoch: 90 [22400/50000 (45%)]	Loss: 0.071050
Train Epoch: 90 [25600/50000 (51%)]	Loss: 0.052292
Train Epoch: 90 [28800/50000 (58%)]	Loss: 0.049960
Train Epoch: 90 [32000/50000 (64%)]	Loss: 0.056141
Train Epoch: 90 [35200/50000 (70%)]	Loss: 0.060248
Train Epoch: 90 [38400/50000 (77%)]	Loss: 0.057888
Train Epoch: 90 [41600/50000 (83%)]	Loss: 0.136304
Train Epoch: 90 [44800/50000 (90%)]	Loss: 0.074404
Train Epoch: 90 [48000/50000 (96%)]	Loss: 0.112906

Test set: Average loss: 0.0004, Accuracy: 9014/10000 (90%)

Train Epoch: 91 [0/50000 (0%)]	Loss: 0.164117
Train Epoch: 91 [3200/50000 (6%)]	Loss: 0.053473
Train Epoch: 91 [6400/50000 (13%)]	Loss: 0.019197
Train Epoch: 91 [9600/50000 (19%)]	Loss: 0.089008
Train Epoch: 91 [12800/50000 (26%)]	Loss: 0.058621
Train Epoch: 91 [16000/50000 (32%)]	Loss: 0.072589
Train Epoch: 91 [19200/50000 (38%)]	Loss: 0.036507
Train Epoch: 91 [22400/50000 (45%)]	Loss: 0.022170
Train Epoch: 91 [25600/50000 (51%)]	Loss: 0.060395
Train Epoch: 91 [28800/50000 (58%)]	Loss: 0.045801
Train Epoch: 91 [32000/50000 (64%)]	Loss: 0.097214
Train Epoch: 91 [35200/50000 (70%)]	Loss: 0.140717
Train Epoch: 91 [38400/50000 (77%)]	Loss: 0.020553
Train Epoch: 91 [41600/50000 (83%)]	Loss: 0.166727
Train Epoch: 91 [44800/50000 (90%)]	Loss: 0.078535
Train Epoch: 91 [48000/50000 (96%)]	Loss: 0.053991

Test set: Average loss: 0.0004, Accuracy: 8985/10000 (90%)

Train Epoch: 92 [0/50000 (0%)]	Loss: 0.034566
Train Epoch: 92 [3200/50000 (6%)]	Loss: 0.089559
Train Epoch: 92 [6400/50000 (13%)]	Loss: 0.050013
Train Epoch: 92 [9600/50000 (19%)]	Loss: 0.065337
Train Epoch: 92 [12800/50000 (26%)]	Loss: 0.078967
Train Epoch: 92 [16000/50000 (32%)]	Loss: 0.052130
Train Epoch: 92 [19200/50000 (38%)]	Loss: 0.020128
Train Epoch: 92 [22400/50000 (45%)]	Loss: 0.049527
Train Epoch: 92 [25600/50000 (51%)]	Loss: 0.006641
Train Epoch: 92 [28800/50000 (58%)]	Loss: 0.119551
Train Epoch: 92 [32000/50000 (64%)]	Loss: 0.082771
Train Epoch: 92 [35200/50000 (70%)]	Loss: 0.188095
Train Epoch: 92 [38400/50000 (77%)]	Loss: 0.009743
Train Epoch: 92 [41600/50000 (83%)]	Loss: 0.041844
Train Epoch: 92 [44800/50000 (90%)]	Loss: 0.065391
Train Epoch: 92 [48000/50000 (96%)]	Loss: 0.008308

Test set: Average loss: 0.0004, Accuracy: 9016/10000 (90%)

Train Epoch: 93 [0/50000 (0%)]	Loss: 0.015713
Train Epoch: 93 [3200/50000 (6%)]	Loss: 0.022587
Train Epoch: 93 [6400/50000 (13%)]	Loss: 0.028180
Train Epoch: 93 [9600/50000 (19%)]	Loss: 0.076719
Train Epoch: 93 [12800/50000 (26%)]	Loss: 0.125282
Train Epoch: 93 [16000/50000 (32%)]	Loss: 0.077862
Train Epoch: 93 [19200/50000 (38%)]	Loss: 0.029658
Train Epoch: 93 [22400/50000 (45%)]	Loss: 0.026134
Train Epoch: 93 [25600/50000 (51%)]	Loss: 0.053885
Train Epoch: 93 [28800/50000 (58%)]	Loss: 0.095586
Train Epoch: 93 [32000/50000 (64%)]	Loss: 0.096317
Train Epoch: 93 [35200/50000 (70%)]	Loss: 0.103035
Train Epoch: 93 [38400/50000 (77%)]	Loss: 0.048189
Train Epoch: 93 [41600/50000 (83%)]	Loss: 0.086765
Train Epoch: 93 [44800/50000 (90%)]	Loss: 0.105720
Train Epoch: 93 [48000/50000 (96%)]	Loss: 0.026848

Test set: Average loss: 0.0004, Accuracy: 8998/10000 (90%)

Train Epoch: 94 [0/50000 (0%)]	Loss: 0.007938
Train Epoch: 94 [3200/50000 (6%)]	Loss: 0.044939
Train Epoch: 94 [6400/50000 (13%)]	Loss: 0.048776
Train Epoch: 94 [9600/50000 (19%)]	Loss: 0.012335
Train Epoch: 94 [12800/50000 (26%)]	Loss: 0.131257
Train Epoch: 94 [16000/50000 (32%)]	Loss: 0.049259
Train Epoch: 94 [19200/50000 (38%)]	Loss: 0.014014
Train Epoch: 94 [22400/50000 (45%)]	Loss: 0.022205
Train Epoch: 94 [25600/50000 (51%)]	Loss: 0.135260
Train Epoch: 94 [28800/50000 (58%)]	Loss: 0.208425
Train Epoch: 94 [32000/50000 (64%)]	Loss: 0.062483
Train Epoch: 94 [35200/50000 (70%)]	Loss: 0.035902
Train Epoch: 94 [38400/50000 (77%)]	Loss: 0.023942
Train Epoch: 94 [41600/50000 (83%)]	Loss: 0.017638
Train Epoch: 94 [44800/50000 (90%)]	Loss: 0.094343
Train Epoch: 94 [48000/50000 (96%)]	Loss: 0.044464

Test set: Average loss: 0.0004, Accuracy: 8991/10000 (90%)

Train Epoch: 95 [0/50000 (0%)]	Loss: 0.030332
Train Epoch: 95 [3200/50000 (6%)]	Loss: 0.036757
Train Epoch: 95 [6400/50000 (13%)]	Loss: 0.022016
Train Epoch: 95 [9600/50000 (19%)]	Loss: 0.042350
Train Epoch: 95 [12800/50000 (26%)]	Loss: 0.006342
Train Epoch: 95 [16000/50000 (32%)]	Loss: 0.046444
Train Epoch: 95 [19200/50000 (38%)]	Loss: 0.048616
Train Epoch: 95 [22400/50000 (45%)]	Loss: 0.122687
Train Epoch: 95 [25600/50000 (51%)]	Loss: 0.038686
Train Epoch: 95 [28800/50000 (58%)]	Loss: 0.035769
Train Epoch: 95 [32000/50000 (64%)]	Loss: 0.061685
Train Epoch: 95 [35200/50000 (70%)]	Loss: 0.011260
Train Epoch: 95 [38400/50000 (77%)]	Loss: 0.168560
Train Epoch: 95 [41600/50000 (83%)]	Loss: 0.075332
Train Epoch: 95 [44800/50000 (90%)]	Loss: 0.053622
Train Epoch: 95 [48000/50000 (96%)]	Loss: 0.012753

Test set: Average loss: 0.0004, Accuracy: 9007/10000 (90%)

Train Epoch: 96 [0/50000 (0%)]	Loss: 0.050377
Train Epoch: 96 [3200/50000 (6%)]	Loss: 0.049106
Train Epoch: 96 [6400/50000 (13%)]	Loss: 0.057472
Train Epoch: 96 [9600/50000 (19%)]	Loss: 0.070264
Train Epoch: 96 [12800/50000 (26%)]	Loss: 0.046206
Train Epoch: 96 [16000/50000 (32%)]	Loss: 0.102516
Train Epoch: 96 [19200/50000 (38%)]	Loss: 0.034842
Train Epoch: 96 [22400/50000 (45%)]	Loss: 0.090264
Train Epoch: 96 [25600/50000 (51%)]	Loss: 0.159293
Train Epoch: 96 [28800/50000 (58%)]	Loss: 0.073098
Train Epoch: 96 [32000/50000 (64%)]	Loss: 0.064626
Train Epoch: 96 [35200/50000 (70%)]	Loss: 0.076609
Train Epoch: 96 [38400/50000 (77%)]	Loss: 0.009991
Train Epoch: 96 [41600/50000 (83%)]	Loss: 0.062411
Train Epoch: 96 [44800/50000 (90%)]	Loss: 0.026911
Train Epoch: 96 [48000/50000 (96%)]	Loss: 0.019440

Test set: Average loss: 0.0004, Accuracy: 9019/10000 (90%)

Train Epoch: 97 [0/50000 (0%)]	Loss: 0.021532
Train Epoch: 97 [3200/50000 (6%)]	Loss: 0.087083
Train Epoch: 97 [6400/50000 (13%)]	Loss: 0.011101
Train Epoch: 97 [9600/50000 (19%)]	Loss: 0.023111
Train Epoch: 97 [12800/50000 (26%)]	Loss: 0.069622
Train Epoch: 97 [16000/50000 (32%)]	Loss: 0.077113
Train Epoch: 97 [19200/50000 (38%)]	Loss: 0.038208
Train Epoch: 97 [22400/50000 (45%)]	Loss: 0.043917
Train Epoch: 97 [25600/50000 (51%)]	Loss: 0.044743
Train Epoch: 97 [28800/50000 (58%)]	Loss: 0.054030
Train Epoch: 97 [32000/50000 (64%)]	Loss: 0.054626
Train Epoch: 97 [35200/50000 (70%)]	Loss: 0.042640
Train Epoch: 97 [38400/50000 (77%)]	Loss: 0.037671
Train Epoch: 97 [41600/50000 (83%)]	Loss: 0.004597
Train Epoch: 97 [44800/50000 (90%)]	Loss: 0.079656
Train Epoch: 97 [48000/50000 (96%)]	Loss: 0.131905

Test set: Average loss: 0.0004, Accuracy: 9017/10000 (90%)

Train Epoch: 98 [0/50000 (0%)]	Loss: 0.007390
Train Epoch: 98 [3200/50000 (6%)]	Loss: 0.103776
Train Epoch: 98 [6400/50000 (13%)]	Loss: 0.033335
Train Epoch: 98 [9600/50000 (19%)]	Loss: 0.041759
Train Epoch: 98 [12800/50000 (26%)]	Loss: 0.084803
Train Epoch: 98 [16000/50000 (32%)]	Loss: 0.024947
Train Epoch: 98 [19200/50000 (38%)]	Loss: 0.036225
Train Epoch: 98 [22400/50000 (45%)]	Loss: 0.041721
Train Epoch: 98 [25600/50000 (51%)]	Loss: 0.087940
Train Epoch: 98 [28800/50000 (58%)]	Loss: 0.123363
Train Epoch: 98 [32000/50000 (64%)]	Loss: 0.140842
Train Epoch: 98 [35200/50000 (70%)]	Loss: 0.028779
Train Epoch: 98 [38400/50000 (77%)]	Loss: 0.079433
Train Epoch: 98 [41600/50000 (83%)]	Loss: 0.007744
Train Epoch: 98 [44800/50000 (90%)]	Loss: 0.110713
Train Epoch: 98 [48000/50000 (96%)]	Loss: 0.118513

Test set: Average loss: 0.0004, Accuracy: 9022/10000 (90%)

Train Epoch: 99 [0/50000 (0%)]	Loss: 0.072404
Train Epoch: 99 [3200/50000 (6%)]	Loss: 0.048425
Train Epoch: 99 [6400/50000 (13%)]	Loss: 0.060532
Train Epoch: 99 [9600/50000 (19%)]	Loss: 0.121090
Train Epoch: 99 [12800/50000 (26%)]	Loss: 0.035720
Train Epoch: 99 [16000/50000 (32%)]	Loss: 0.058448
Train Epoch: 99 [19200/50000 (38%)]	Loss: 0.127339
Train Epoch: 99 [22400/50000 (45%)]	Loss: 0.067155
Train Epoch: 99 [25600/50000 (51%)]	Loss: 0.024252
Train Epoch: 99 [28800/50000 (58%)]	Loss: 0.030760
Train Epoch: 99 [32000/50000 (64%)]	Loss: 0.061983
Train Epoch: 99 [35200/50000 (70%)]	Loss: 0.044374
Train Epoch: 99 [38400/50000 (77%)]	Loss: 0.043083
Train Epoch: 99 [41600/50000 (83%)]	Loss: 0.051072
Train Epoch: 99 [44800/50000 (90%)]	Loss: 0.040602
Train Epoch: 99 [48000/50000 (96%)]	Loss: 0.035878

Test set: Average loss: 0.0004, Accuracy: 9005/10000 (90%)

Train Epoch: 100 [0/50000 (0%)]	Loss: 0.012498
Train Epoch: 100 [3200/50000 (6%)]	Loss: 0.013140
Train Epoch: 100 [6400/50000 (13%)]	Loss: 0.055107
Train Epoch: 100 [9600/50000 (19%)]	Loss: 0.070877
Train Epoch: 100 [12800/50000 (26%)]	Loss: 0.043521
Train Epoch: 100 [16000/50000 (32%)]	Loss: 0.112055
Train Epoch: 100 [19200/50000 (38%)]	Loss: 0.049018
Train Epoch: 100 [22400/50000 (45%)]	Loss: 0.065539
Train Epoch: 100 [25600/50000 (51%)]	Loss: 0.070659
Train Epoch: 100 [28800/50000 (58%)]	Loss: 0.041543
Train Epoch: 100 [32000/50000 (64%)]	Loss: 0.112242
Train Epoch: 100 [35200/50000 (70%)]	Loss: 0.073590
Train Epoch: 100 [38400/50000 (77%)]	Loss: 0.076734
Train Epoch: 100 [41600/50000 (83%)]	Loss: 0.032407
Train Epoch: 100 [44800/50000 (90%)]	Loss: 0.057067
Train Epoch: 100 [48000/50000 (96%)]	Loss: 0.079613

Test set: Average loss: 0.0004, Accuracy: 9004/10000 (90%)

