Files already downloaded and verified
Files already downloaded and verified
Total parameters: 3178166
Train Epoch: 1 [0/50000 (0%)]	Loss: 2.372927
Train Epoch: 1 [3200/50000 (6%)]	Loss: 2.332655
Train Epoch: 1 [6400/50000 (13%)]	Loss: 2.131404
Train Epoch: 1 [9600/50000 (19%)]	Loss: 1.900760
Train Epoch: 1 [12800/50000 (26%)]	Loss: 2.086776
Train Epoch: 1 [16000/50000 (32%)]	Loss: 2.008121
Train Epoch: 1 [19200/50000 (38%)]	Loss: 1.716745
Train Epoch: 1 [22400/50000 (45%)]	Loss: 1.810144
Train Epoch: 1 [25600/50000 (51%)]	Loss: 1.783106
Train Epoch: 1 [28800/50000 (58%)]	Loss: 1.534294
Train Epoch: 1 [32000/50000 (64%)]	Loss: 1.796465
Train Epoch: 1 [35200/50000 (70%)]	Loss: 1.579907
Train Epoch: 1 [38400/50000 (77%)]	Loss: 1.499221
Train Epoch: 1 [41600/50000 (83%)]	Loss: 1.931703
Train Epoch: 1 [44800/50000 (90%)]	Loss: 1.593454
Train Epoch: 1 [48000/50000 (96%)]	Loss: 1.652162

Test set: Average loss: 0.0015, Accuracy: 4585/10000 (46%)

Train Epoch: 2 [0/50000 (0%)]	Loss: 1.403873
Train Epoch: 2 [3200/50000 (6%)]	Loss: 1.784426
Train Epoch: 2 [6400/50000 (13%)]	Loss: 1.499481
Train Epoch: 2 [9600/50000 (19%)]	Loss: 1.620009
Train Epoch: 2 [12800/50000 (26%)]	Loss: 1.444010
Train Epoch: 2 [16000/50000 (32%)]	Loss: 1.373585
Train Epoch: 2 [19200/50000 (38%)]	Loss: 1.676465
Train Epoch: 2 [22400/50000 (45%)]	Loss: 1.402759
Train Epoch: 2 [25600/50000 (51%)]	Loss: 1.440744
Train Epoch: 2 [28800/50000 (58%)]	Loss: 1.425007
Train Epoch: 2 [32000/50000 (64%)]	Loss: 1.172955
Train Epoch: 2 [35200/50000 (70%)]	Loss: 1.727888
Train Epoch: 2 [38400/50000 (77%)]	Loss: 1.364874
Train Epoch: 2 [41600/50000 (83%)]	Loss: 1.167362
Train Epoch: 2 [44800/50000 (90%)]	Loss: 1.442761
Train Epoch: 2 [48000/50000 (96%)]	Loss: 1.131906

Test set: Average loss: 0.0012, Accuracy: 5579/10000 (56%)

Train Epoch: 3 [0/50000 (0%)]	Loss: 1.274893
Train Epoch: 3 [3200/50000 (6%)]	Loss: 1.537642
Train Epoch: 3 [6400/50000 (13%)]	Loss: 1.338277
Train Epoch: 3 [9600/50000 (19%)]	Loss: 1.197939
Train Epoch: 3 [12800/50000 (26%)]	Loss: 1.172743
Train Epoch: 3 [16000/50000 (32%)]	Loss: 1.222207
Train Epoch: 3 [19200/50000 (38%)]	Loss: 1.250955
Train Epoch: 3 [22400/50000 (45%)]	Loss: 1.271140
Train Epoch: 3 [25600/50000 (51%)]	Loss: 1.154435
Train Epoch: 3 [28800/50000 (58%)]	Loss: 1.143826
Train Epoch: 3 [32000/50000 (64%)]	Loss: 1.396758
Train Epoch: 3 [35200/50000 (70%)]	Loss: 1.402502
Train Epoch: 3 [38400/50000 (77%)]	Loss: 1.028799
Train Epoch: 3 [41600/50000 (83%)]	Loss: 1.443323
Train Epoch: 3 [44800/50000 (90%)]	Loss: 1.038330
Train Epoch: 3 [48000/50000 (96%)]	Loss: 1.025865

Test set: Average loss: 0.0010, Accuracy: 6286/10000 (63%)

Train Epoch: 4 [0/50000 (0%)]	Loss: 1.276735
Train Epoch: 4 [3200/50000 (6%)]	Loss: 1.084032
Train Epoch: 4 [6400/50000 (13%)]	Loss: 0.994969
Train Epoch: 4 [9600/50000 (19%)]	Loss: 0.925482
Train Epoch: 4 [12800/50000 (26%)]	Loss: 0.782938
Train Epoch: 4 [16000/50000 (32%)]	Loss: 1.140330
Train Epoch: 4 [19200/50000 (38%)]	Loss: 0.957102
Train Epoch: 4 [22400/50000 (45%)]	Loss: 0.882612
Train Epoch: 4 [25600/50000 (51%)]	Loss: 0.758392
Train Epoch: 4 [28800/50000 (58%)]	Loss: 0.990434
Train Epoch: 4 [32000/50000 (64%)]	Loss: 1.132225
Train Epoch: 4 [35200/50000 (70%)]	Loss: 0.997514
Train Epoch: 4 [38400/50000 (77%)]	Loss: 1.117844
Train Epoch: 4 [41600/50000 (83%)]	Loss: 0.959812
Train Epoch: 4 [44800/50000 (90%)]	Loss: 0.914594
Train Epoch: 4 [48000/50000 (96%)]	Loss: 0.853126

Test set: Average loss: 0.0009, Accuracy: 6712/10000 (67%)

Train Epoch: 5 [0/50000 (0%)]	Loss: 0.940018
Train Epoch: 5 [3200/50000 (6%)]	Loss: 0.868202
Train Epoch: 5 [6400/50000 (13%)]	Loss: 0.610626
Train Epoch: 5 [9600/50000 (19%)]	Loss: 0.653350
Train Epoch: 5 [12800/50000 (26%)]	Loss: 0.661740
Train Epoch: 5 [16000/50000 (32%)]	Loss: 1.044130
Train Epoch: 5 [19200/50000 (38%)]	Loss: 0.682478
Train Epoch: 5 [22400/50000 (45%)]	Loss: 0.657116
Train Epoch: 5 [25600/50000 (51%)]	Loss: 0.959886
Train Epoch: 5 [28800/50000 (58%)]	Loss: 0.837829
Train Epoch: 5 [32000/50000 (64%)]	Loss: 1.086484
Train Epoch: 5 [35200/50000 (70%)]	Loss: 1.014852
Train Epoch: 5 [38400/50000 (77%)]	Loss: 0.958639
Train Epoch: 5 [41600/50000 (83%)]	Loss: 0.990185
Train Epoch: 5 [44800/50000 (90%)]	Loss: 0.794565
Train Epoch: 5 [48000/50000 (96%)]	Loss: 0.780868

Test set: Average loss: 0.0008, Accuracy: 7275/10000 (73%)

Train Epoch: 6 [0/50000 (0%)]	Loss: 0.843345
Train Epoch: 6 [3200/50000 (6%)]	Loss: 1.029184
Train Epoch: 6 [6400/50000 (13%)]	Loss: 1.055096
Train Epoch: 6 [9600/50000 (19%)]	Loss: 0.866771
Train Epoch: 6 [12800/50000 (26%)]	Loss: 0.707668
Train Epoch: 6 [16000/50000 (32%)]	Loss: 0.591644
Train Epoch: 6 [19200/50000 (38%)]	Loss: 0.756359
Train Epoch: 6 [22400/50000 (45%)]	Loss: 0.603508
Train Epoch: 6 [25600/50000 (51%)]	Loss: 0.715401
Train Epoch: 6 [28800/50000 (58%)]	Loss: 0.656344
Train Epoch: 6 [32000/50000 (64%)]	Loss: 0.722543
Train Epoch: 6 [35200/50000 (70%)]	Loss: 0.822759
Train Epoch: 6 [38400/50000 (77%)]	Loss: 0.777102
Train Epoch: 6 [41600/50000 (83%)]	Loss: 0.763572
Train Epoch: 6 [44800/50000 (90%)]	Loss: 0.694173
Train Epoch: 6 [48000/50000 (96%)]	Loss: 0.638325

Test set: Average loss: 0.0007, Accuracy: 7572/10000 (76%)

Train Epoch: 7 [0/50000 (0%)]	Loss: 0.672071
Train Epoch: 7 [3200/50000 (6%)]	Loss: 0.653500
Train Epoch: 7 [6400/50000 (13%)]	Loss: 0.597690
Train Epoch: 7 [9600/50000 (19%)]	Loss: 0.945310
Train Epoch: 7 [12800/50000 (26%)]	Loss: 0.628336
Train Epoch: 7 [16000/50000 (32%)]	Loss: 1.109350
Train Epoch: 7 [19200/50000 (38%)]	Loss: 0.657621
Train Epoch: 7 [22400/50000 (45%)]	Loss: 0.974812
Train Epoch: 7 [25600/50000 (51%)]	Loss: 0.881327
Train Epoch: 7 [28800/50000 (58%)]	Loss: 0.660338
Train Epoch: 7 [32000/50000 (64%)]	Loss: 0.892790
Train Epoch: 7 [35200/50000 (70%)]	Loss: 0.803703
Train Epoch: 7 [38400/50000 (77%)]	Loss: 0.466107
Train Epoch: 7 [41600/50000 (83%)]	Loss: 0.689941
Train Epoch: 7 [44800/50000 (90%)]	Loss: 0.575186
Train Epoch: 7 [48000/50000 (96%)]	Loss: 0.584042

Test set: Average loss: 0.0006, Accuracy: 7757/10000 (78%)

Train Epoch: 8 [0/50000 (0%)]	Loss: 0.478159
Train Epoch: 8 [3200/50000 (6%)]	Loss: 0.727046
Train Epoch: 8 [6400/50000 (13%)]	Loss: 0.614519
Train Epoch: 8 [9600/50000 (19%)]	Loss: 0.472191
Train Epoch: 8 [12800/50000 (26%)]	Loss: 0.957209
Train Epoch: 8 [16000/50000 (32%)]	Loss: 0.664015
Train Epoch: 8 [19200/50000 (38%)]	Loss: 0.760288
Train Epoch: 8 [22400/50000 (45%)]	Loss: 0.552250
Train Epoch: 8 [25600/50000 (51%)]	Loss: 0.619278
Train Epoch: 8 [28800/50000 (58%)]	Loss: 0.543089
Train Epoch: 8 [32000/50000 (64%)]	Loss: 0.696273
Train Epoch: 8 [35200/50000 (70%)]	Loss: 0.782969
Train Epoch: 8 [38400/50000 (77%)]	Loss: 0.572988
Train Epoch: 8 [41600/50000 (83%)]	Loss: 0.682864
Train Epoch: 8 [44800/50000 (90%)]	Loss: 0.570545
Train Epoch: 8 [48000/50000 (96%)]	Loss: 0.897789

Test set: Average loss: 0.0006, Accuracy: 7711/10000 (77%)

Train Epoch: 9 [0/50000 (0%)]	Loss: 0.882768
Train Epoch: 9 [3200/50000 (6%)]	Loss: 0.621335
Train Epoch: 9 [6400/50000 (13%)]	Loss: 0.884827
Train Epoch: 9 [9600/50000 (19%)]	Loss: 0.490634
Train Epoch: 9 [12800/50000 (26%)]	Loss: 0.271903
Train Epoch: 9 [16000/50000 (32%)]	Loss: 0.693567
Train Epoch: 9 [19200/50000 (38%)]	Loss: 0.620601
Train Epoch: 9 [22400/50000 (45%)]	Loss: 0.543520
Train Epoch: 9 [25600/50000 (51%)]	Loss: 0.850238
Train Epoch: 9 [28800/50000 (58%)]	Loss: 0.648629
Train Epoch: 9 [32000/50000 (64%)]	Loss: 0.653959
Train Epoch: 9 [35200/50000 (70%)]	Loss: 0.520637
Train Epoch: 9 [38400/50000 (77%)]	Loss: 0.365132
Train Epoch: 9 [41600/50000 (83%)]	Loss: 0.617984
Train Epoch: 9 [44800/50000 (90%)]	Loss: 0.574947
Train Epoch: 9 [48000/50000 (96%)]	Loss: 0.711437

Test set: Average loss: 0.0006, Accuracy: 8001/10000 (80%)

Train Epoch: 10 [0/50000 (0%)]	Loss: 0.617774
Train Epoch: 10 [3200/50000 (6%)]	Loss: 0.522666
Train Epoch: 10 [6400/50000 (13%)]	Loss: 0.606671
Train Epoch: 10 [9600/50000 (19%)]	Loss: 0.621414
Train Epoch: 10 [12800/50000 (26%)]	Loss: 0.511944
Train Epoch: 10 [16000/50000 (32%)]	Loss: 0.593320
Train Epoch: 10 [19200/50000 (38%)]	Loss: 0.516156
Train Epoch: 10 [22400/50000 (45%)]	Loss: 0.542733
Train Epoch: 10 [25600/50000 (51%)]	Loss: 0.811959
Train Epoch: 10 [28800/50000 (58%)]	Loss: 0.698952
Train Epoch: 10 [32000/50000 (64%)]	Loss: 0.478915
Train Epoch: 10 [35200/50000 (70%)]	Loss: 0.308436
Train Epoch: 10 [38400/50000 (77%)]	Loss: 0.507561
Train Epoch: 10 [41600/50000 (83%)]	Loss: 0.812942
Train Epoch: 10 [44800/50000 (90%)]	Loss: 0.388315
Train Epoch: 10 [48000/50000 (96%)]	Loss: 0.561986

Test set: Average loss: 0.0006, Accuracy: 8085/10000 (81%)

Train Epoch: 11 [0/50000 (0%)]	Loss: 0.643401
Train Epoch: 11 [3200/50000 (6%)]	Loss: 0.408826
Train Epoch: 11 [6400/50000 (13%)]	Loss: 0.788677
Train Epoch: 11 [9600/50000 (19%)]	Loss: 0.417678
Train Epoch: 11 [12800/50000 (26%)]	Loss: 0.480772
Train Epoch: 11 [16000/50000 (32%)]	Loss: 0.698203
Train Epoch: 11 [19200/50000 (38%)]	Loss: 0.628176
Train Epoch: 11 [22400/50000 (45%)]	Loss: 0.523059
Train Epoch: 11 [25600/50000 (51%)]	Loss: 0.594200
Train Epoch: 11 [28800/50000 (58%)]	Loss: 0.599954
Train Epoch: 11 [32000/50000 (64%)]	Loss: 0.372580
Train Epoch: 11 [35200/50000 (70%)]	Loss: 0.695271
Train Epoch: 11 [38400/50000 (77%)]	Loss: 0.646154
Train Epoch: 11 [41600/50000 (83%)]	Loss: 0.466883
Train Epoch: 11 [44800/50000 (90%)]	Loss: 0.711954
Train Epoch: 11 [48000/50000 (96%)]	Loss: 0.390292

Test set: Average loss: 0.0005, Accuracy: 8178/10000 (82%)

Train Epoch: 12 [0/50000 (0%)]	Loss: 0.410850
Train Epoch: 12 [3200/50000 (6%)]	Loss: 0.475438
Train Epoch: 12 [6400/50000 (13%)]	Loss: 0.399478
Train Epoch: 12 [9600/50000 (19%)]	Loss: 0.335915
Train Epoch: 12 [12800/50000 (26%)]	Loss: 0.436525
Train Epoch: 12 [16000/50000 (32%)]	Loss: 0.503828
Train Epoch: 12 [19200/50000 (38%)]	Loss: 0.387151
Train Epoch: 12 [22400/50000 (45%)]	Loss: 0.873923
Train Epoch: 12 [25600/50000 (51%)]	Loss: 0.449644
Train Epoch: 12 [28800/50000 (58%)]	Loss: 0.483762
Train Epoch: 12 [32000/50000 (64%)]	Loss: 0.354452
Train Epoch: 12 [35200/50000 (70%)]	Loss: 0.364405
Train Epoch: 12 [38400/50000 (77%)]	Loss: 0.562499
Train Epoch: 12 [41600/50000 (83%)]	Loss: 0.524386
Train Epoch: 12 [44800/50000 (90%)]	Loss: 0.427215
Train Epoch: 12 [48000/50000 (96%)]	Loss: 0.527248

Test set: Average loss: 0.0005, Accuracy: 8178/10000 (82%)

Train Epoch: 13 [0/50000 (0%)]	Loss: 0.411410
Train Epoch: 13 [3200/50000 (6%)]	Loss: 0.552791
Train Epoch: 13 [6400/50000 (13%)]	Loss: 0.508372
Train Epoch: 13 [9600/50000 (19%)]	Loss: 0.263872
Train Epoch: 13 [12800/50000 (26%)]	Loss: 0.403907
Train Epoch: 13 [16000/50000 (32%)]	Loss: 0.694085
Train Epoch: 13 [19200/50000 (38%)]	Loss: 0.471157
Train Epoch: 13 [22400/50000 (45%)]	Loss: 0.545918
Train Epoch: 13 [25600/50000 (51%)]	Loss: 0.655825
Train Epoch: 13 [28800/50000 (58%)]	Loss: 0.484489
Train Epoch: 13 [32000/50000 (64%)]	Loss: 0.555170
Train Epoch: 13 [35200/50000 (70%)]	Loss: 0.369718
Train Epoch: 13 [38400/50000 (77%)]	Loss: 0.432251
Train Epoch: 13 [41600/50000 (83%)]	Loss: 0.503006
Train Epoch: 13 [44800/50000 (90%)]	Loss: 0.567510
Train Epoch: 13 [48000/50000 (96%)]	Loss: 0.639107

Test set: Average loss: 0.0005, Accuracy: 8316/10000 (83%)

Train Epoch: 14 [0/50000 (0%)]	Loss: 0.395234
Train Epoch: 14 [3200/50000 (6%)]	Loss: 0.451879
Train Epoch: 14 [6400/50000 (13%)]	Loss: 0.648328
Train Epoch: 14 [9600/50000 (19%)]	Loss: 0.471245
Train Epoch: 14 [12800/50000 (26%)]	Loss: 0.559876
Train Epoch: 14 [16000/50000 (32%)]	Loss: 0.540079
Train Epoch: 14 [19200/50000 (38%)]	Loss: 0.380559
Train Epoch: 14 [22400/50000 (45%)]	Loss: 0.373877
Train Epoch: 14 [25600/50000 (51%)]	Loss: 0.419092
Train Epoch: 14 [28800/50000 (58%)]	Loss: 0.355737
Train Epoch: 14 [32000/50000 (64%)]	Loss: 0.407205
Train Epoch: 14 [35200/50000 (70%)]	Loss: 0.379887
Train Epoch: 14 [38400/50000 (77%)]	Loss: 0.636502
Train Epoch: 14 [41600/50000 (83%)]	Loss: 0.548288
Train Epoch: 14 [44800/50000 (90%)]	Loss: 0.496862
Train Epoch: 14 [48000/50000 (96%)]	Loss: 0.648593

Test set: Average loss: 0.0005, Accuracy: 8338/10000 (83%)

Train Epoch: 15 [0/50000 (0%)]	Loss: 0.657824
Train Epoch: 15 [3200/50000 (6%)]	Loss: 0.431906
Train Epoch: 15 [6400/50000 (13%)]	Loss: 0.513434
Train Epoch: 15 [9600/50000 (19%)]	Loss: 0.355938
Train Epoch: 15 [12800/50000 (26%)]	Loss: 0.213268
Train Epoch: 15 [16000/50000 (32%)]	Loss: 0.385505
Train Epoch: 15 [19200/50000 (38%)]	Loss: 0.551066
Train Epoch: 15 [22400/50000 (45%)]	Loss: 0.385319
Train Epoch: 15 [25600/50000 (51%)]	Loss: 0.516864
Train Epoch: 15 [28800/50000 (58%)]	Loss: 0.470427
Train Epoch: 15 [32000/50000 (64%)]	Loss: 0.435422
Train Epoch: 15 [35200/50000 (70%)]	Loss: 0.414381
Train Epoch: 15 [38400/50000 (77%)]	Loss: 0.374794
Train Epoch: 15 [41600/50000 (83%)]	Loss: 0.483561
Train Epoch: 15 [44800/50000 (90%)]	Loss: 0.469098
Train Epoch: 15 [48000/50000 (96%)]	Loss: 0.391203

Test set: Average loss: 0.0005, Accuracy: 8352/10000 (84%)

Train Epoch: 16 [0/50000 (0%)]	Loss: 0.346647
Train Epoch: 16 [3200/50000 (6%)]	Loss: 0.600880
Train Epoch: 16 [6400/50000 (13%)]	Loss: 0.397197
Train Epoch: 16 [9600/50000 (19%)]	Loss: 0.328123
Train Epoch: 16 [12800/50000 (26%)]	Loss: 0.613685
Train Epoch: 16 [16000/50000 (32%)]	Loss: 0.383911
Train Epoch: 16 [19200/50000 (38%)]	Loss: 0.496199
Train Epoch: 16 [22400/50000 (45%)]	Loss: 0.372817
Train Epoch: 16 [25600/50000 (51%)]	Loss: 0.354615
Train Epoch: 16 [28800/50000 (58%)]	Loss: 0.761063
Train Epoch: 16 [32000/50000 (64%)]	Loss: 0.361366
Train Epoch: 16 [35200/50000 (70%)]	Loss: 0.288156
Train Epoch: 16 [38400/50000 (77%)]	Loss: 0.483481
Train Epoch: 16 [41600/50000 (83%)]	Loss: 0.372709
Train Epoch: 16 [44800/50000 (90%)]	Loss: 0.341078
Train Epoch: 16 [48000/50000 (96%)]	Loss: 0.508463

Test set: Average loss: 0.0005, Accuracy: 8419/10000 (84%)

Train Epoch: 17 [0/50000 (0%)]	Loss: 0.262345
Train Epoch: 17 [3200/50000 (6%)]	Loss: 0.490203
Train Epoch: 17 [6400/50000 (13%)]	Loss: 0.630897
Train Epoch: 17 [9600/50000 (19%)]	Loss: 0.514214
Train Epoch: 17 [12800/50000 (26%)]	Loss: 0.365926
Train Epoch: 17 [16000/50000 (32%)]	Loss: 0.474563
Train Epoch: 17 [19200/50000 (38%)]	Loss: 0.222119
Train Epoch: 17 [22400/50000 (45%)]	Loss: 0.367332
Train Epoch: 17 [25600/50000 (51%)]	Loss: 0.314153
Train Epoch: 17 [28800/50000 (58%)]	Loss: 0.248888
Train Epoch: 17 [32000/50000 (64%)]	Loss: 0.363073
Train Epoch: 17 [35200/50000 (70%)]	Loss: 0.364167
Train Epoch: 17 [38400/50000 (77%)]	Loss: 0.491904
Train Epoch: 17 [41600/50000 (83%)]	Loss: 0.509121
Train Epoch: 17 [44800/50000 (90%)]	Loss: 0.350534
Train Epoch: 17 [48000/50000 (96%)]	Loss: 0.366357

Test set: Average loss: 0.0005, Accuracy: 8402/10000 (84%)

Train Epoch: 18 [0/50000 (0%)]	Loss: 0.494849
Train Epoch: 18 [3200/50000 (6%)]	Loss: 0.188125
Train Epoch: 18 [6400/50000 (13%)]	Loss: 0.394622
Train Epoch: 18 [9600/50000 (19%)]	Loss: 0.260138
Train Epoch: 18 [12800/50000 (26%)]	Loss: 0.630433
Train Epoch: 18 [16000/50000 (32%)]	Loss: 0.485886
Train Epoch: 18 [19200/50000 (38%)]	Loss: 0.402119
Train Epoch: 18 [22400/50000 (45%)]	Loss: 0.417720
Train Epoch: 18 [25600/50000 (51%)]	Loss: 0.428317
Train Epoch: 18 [28800/50000 (58%)]	Loss: 0.472320
Train Epoch: 18 [32000/50000 (64%)]	Loss: 0.365794
Train Epoch: 18 [35200/50000 (70%)]	Loss: 0.342124
Train Epoch: 18 [38400/50000 (77%)]	Loss: 0.219986
Train Epoch: 18 [41600/50000 (83%)]	Loss: 0.349335
Train Epoch: 18 [44800/50000 (90%)]	Loss: 0.280837
Train Epoch: 18 [48000/50000 (96%)]	Loss: 0.307175

Test set: Average loss: 0.0004, Accuracy: 8538/10000 (85%)

Train Epoch: 19 [0/50000 (0%)]	Loss: 0.395591
Train Epoch: 19 [3200/50000 (6%)]	Loss: 0.472099
Train Epoch: 19 [6400/50000 (13%)]	Loss: 0.340090
Train Epoch: 19 [9600/50000 (19%)]	Loss: 0.260645
Train Epoch: 19 [12800/50000 (26%)]	Loss: 0.324844
Train Epoch: 19 [16000/50000 (32%)]	Loss: 0.312878
Train Epoch: 19 [19200/50000 (38%)]	Loss: 0.262477
Train Epoch: 19 [22400/50000 (45%)]	Loss: 0.410620
Train Epoch: 19 [25600/50000 (51%)]	Loss: 0.418548
Train Epoch: 19 [28800/50000 (58%)]	Loss: 0.518992
Train Epoch: 19 [32000/50000 (64%)]	Loss: 0.627978
Train Epoch: 19 [35200/50000 (70%)]	Loss: 0.319140
Train Epoch: 19 [38400/50000 (77%)]	Loss: 0.429946
Train Epoch: 19 [41600/50000 (83%)]	Loss: 0.471462
Train Epoch: 19 [44800/50000 (90%)]	Loss: 0.644425
Train Epoch: 19 [48000/50000 (96%)]	Loss: 0.277733

Test set: Average loss: 0.0004, Accuracy: 8557/10000 (86%)

Train Epoch: 20 [0/50000 (0%)]	Loss: 0.328980
Train Epoch: 20 [3200/50000 (6%)]	Loss: 0.315284
Train Epoch: 20 [6400/50000 (13%)]	Loss: 0.382438
Train Epoch: 20 [9600/50000 (19%)]	Loss: 0.452521
Train Epoch: 20 [12800/50000 (26%)]	Loss: 0.317238
Train Epoch: 20 [16000/50000 (32%)]	Loss: 0.195359
Train Epoch: 20 [19200/50000 (38%)]	Loss: 0.304965
Train Epoch: 20 [22400/50000 (45%)]	Loss: 0.347182
Train Epoch: 20 [25600/50000 (51%)]	Loss: 0.359451
Train Epoch: 20 [28800/50000 (58%)]	Loss: 0.516763
Train Epoch: 20 [32000/50000 (64%)]	Loss: 0.265624
Train Epoch: 20 [35200/50000 (70%)]	Loss: 0.355747
Train Epoch: 20 [38400/50000 (77%)]	Loss: 0.416133
Train Epoch: 20 [41600/50000 (83%)]	Loss: 0.474305
Train Epoch: 20 [44800/50000 (90%)]	Loss: 0.388683
Train Epoch: 20 [48000/50000 (96%)]	Loss: 0.345162

Test set: Average loss: 0.0004, Accuracy: 8537/10000 (85%)

Train Epoch: 21 [0/50000 (0%)]	Loss: 0.329920
Train Epoch: 21 [3200/50000 (6%)]	Loss: 0.303195
Train Epoch: 21 [6400/50000 (13%)]	Loss: 0.398640
Train Epoch: 21 [9600/50000 (19%)]	Loss: 0.345418
Train Epoch: 21 [12800/50000 (26%)]	Loss: 0.455135
Train Epoch: 21 [16000/50000 (32%)]	Loss: 0.577212
Train Epoch: 21 [19200/50000 (38%)]	Loss: 0.603315
Train Epoch: 21 [22400/50000 (45%)]	Loss: 0.302492
Train Epoch: 21 [25600/50000 (51%)]	Loss: 0.357971
Train Epoch: 21 [28800/50000 (58%)]	Loss: 0.304235
Train Epoch: 21 [32000/50000 (64%)]	Loss: 0.272252
Train Epoch: 21 [35200/50000 (70%)]	Loss: 0.376831
Train Epoch: 21 [38400/50000 (77%)]	Loss: 0.597635
Train Epoch: 21 [41600/50000 (83%)]	Loss: 0.346212
Train Epoch: 21 [44800/50000 (90%)]	Loss: 0.429478
Train Epoch: 21 [48000/50000 (96%)]	Loss: 0.334316

Test set: Average loss: 0.0004, Accuracy: 8607/10000 (86%)

Train Epoch: 22 [0/50000 (0%)]	Loss: 0.272389
Train Epoch: 22 [3200/50000 (6%)]	Loss: 0.360722
Train Epoch: 22 [6400/50000 (13%)]	Loss: 0.366741
Train Epoch: 22 [9600/50000 (19%)]	Loss: 0.262791
Train Epoch: 22 [12800/50000 (26%)]	Loss: 0.333173
Train Epoch: 22 [16000/50000 (32%)]	Loss: 0.421887
Train Epoch: 22 [19200/50000 (38%)]	Loss: 0.392375
Train Epoch: 22 [22400/50000 (45%)]	Loss: 0.292533
Train Epoch: 22 [25600/50000 (51%)]	Loss: 0.362049
Train Epoch: 22 [28800/50000 (58%)]	Loss: 0.331428
Train Epoch: 22 [32000/50000 (64%)]	Loss: 0.274957
Train Epoch: 22 [35200/50000 (70%)]	Loss: 0.197941
Train Epoch: 22 [38400/50000 (77%)]	Loss: 0.342576
Train Epoch: 22 [41600/50000 (83%)]	Loss: 0.433349
Train Epoch: 22 [44800/50000 (90%)]	Loss: 0.297417
Train Epoch: 22 [48000/50000 (96%)]	Loss: 0.216967

Test set: Average loss: 0.0004, Accuracy: 8627/10000 (86%)

Train Epoch: 23 [0/50000 (0%)]	Loss: 0.280398
Train Epoch: 23 [3200/50000 (6%)]	Loss: 0.331775
Train Epoch: 23 [6400/50000 (13%)]	Loss: 0.398422
Train Epoch: 23 [9600/50000 (19%)]	Loss: 0.255427
Train Epoch: 23 [12800/50000 (26%)]	Loss: 0.272882
Train Epoch: 23 [16000/50000 (32%)]	Loss: 0.320269
Train Epoch: 23 [19200/50000 (38%)]	Loss: 0.531101
Train Epoch: 23 [22400/50000 (45%)]	Loss: 0.305264
Train Epoch: 23 [25600/50000 (51%)]	Loss: 0.491044
Train Epoch: 23 [28800/50000 (58%)]	Loss: 0.225241
Train Epoch: 23 [32000/50000 (64%)]	Loss: 0.209447
Train Epoch: 23 [35200/50000 (70%)]	Loss: 0.252269
Train Epoch: 23 [38400/50000 (77%)]	Loss: 0.287300
Train Epoch: 23 [41600/50000 (83%)]	Loss: 0.332057
Train Epoch: 23 [44800/50000 (90%)]	Loss: 0.416231
Train Epoch: 23 [48000/50000 (96%)]	Loss: 0.259236

Test set: Average loss: 0.0004, Accuracy: 8637/10000 (86%)

Train Epoch: 24 [0/50000 (0%)]	Loss: 0.463254
Train Epoch: 24 [3200/50000 (6%)]	Loss: 0.231884
Train Epoch: 24 [6400/50000 (13%)]	Loss: 0.488643
Train Epoch: 24 [9600/50000 (19%)]	Loss: 0.268519
Train Epoch: 24 [12800/50000 (26%)]	Loss: 0.190578
Train Epoch: 24 [16000/50000 (32%)]	Loss: 0.297992
Train Epoch: 24 [19200/50000 (38%)]	Loss: 0.321739
Train Epoch: 24 [22400/50000 (45%)]	Loss: 0.156419
Train Epoch: 24 [25600/50000 (51%)]	Loss: 0.396835
Train Epoch: 24 [28800/50000 (58%)]	Loss: 0.366024
Train Epoch: 24 [32000/50000 (64%)]	Loss: 0.257729
Train Epoch: 24 [35200/50000 (70%)]	Loss: 0.294367
Train Epoch: 24 [38400/50000 (77%)]	Loss: 0.404922
Train Epoch: 24 [41600/50000 (83%)]	Loss: 0.391285
Train Epoch: 24 [44800/50000 (90%)]	Loss: 0.380684
Train Epoch: 24 [48000/50000 (96%)]	Loss: 0.401457

Test set: Average loss: 0.0004, Accuracy: 8626/10000 (86%)

Train Epoch: 25 [0/50000 (0%)]	Loss: 0.304819
Train Epoch: 25 [3200/50000 (6%)]	Loss: 0.270905
Train Epoch: 25 [6400/50000 (13%)]	Loss: 0.237739
Train Epoch: 25 [9600/50000 (19%)]	Loss: 0.284402
Train Epoch: 25 [12800/50000 (26%)]	Loss: 0.211654
Train Epoch: 25 [16000/50000 (32%)]	Loss: 0.200949
Train Epoch: 25 [19200/50000 (38%)]	Loss: 0.185148
Train Epoch: 25 [22400/50000 (45%)]	Loss: 0.298657
Train Epoch: 25 [25600/50000 (51%)]	Loss: 0.218825
Train Epoch: 25 [28800/50000 (58%)]	Loss: 0.270506
Train Epoch: 25 [32000/50000 (64%)]	Loss: 0.321586
Train Epoch: 25 [35200/50000 (70%)]	Loss: 0.234658
Train Epoch: 25 [38400/50000 (77%)]	Loss: 0.537618
Train Epoch: 25 [41600/50000 (83%)]	Loss: 0.368676
Train Epoch: 25 [44800/50000 (90%)]	Loss: 0.263330
Train Epoch: 25 [48000/50000 (96%)]	Loss: 0.256392

Test set: Average loss: 0.0004, Accuracy: 8637/10000 (86%)

Train Epoch: 26 [0/50000 (0%)]	Loss: 0.431602
Train Epoch: 26 [3200/50000 (6%)]	Loss: 0.182160
Train Epoch: 26 [6400/50000 (13%)]	Loss: 0.319084
Train Epoch: 26 [9600/50000 (19%)]	Loss: 0.390629
Train Epoch: 26 [12800/50000 (26%)]	Loss: 0.247908
Train Epoch: 26 [16000/50000 (32%)]	Loss: 0.691981
Train Epoch: 26 [19200/50000 (38%)]	Loss: 0.366422
Train Epoch: 26 [22400/50000 (45%)]	Loss: 0.449756
Train Epoch: 26 [25600/50000 (51%)]	Loss: 0.365304
Train Epoch: 26 [28800/50000 (58%)]	Loss: 0.293213
Train Epoch: 26 [32000/50000 (64%)]	Loss: 0.263904
Train Epoch: 26 [35200/50000 (70%)]	Loss: 0.315146
Train Epoch: 26 [38400/50000 (77%)]	Loss: 0.344935
Train Epoch: 26 [41600/50000 (83%)]	Loss: 0.194533
Train Epoch: 26 [44800/50000 (90%)]	Loss: 0.296474
Train Epoch: 26 [48000/50000 (96%)]	Loss: 0.243508

Test set: Average loss: 0.0004, Accuracy: 8703/10000 (87%)

Train Epoch: 27 [0/50000 (0%)]	Loss: 0.223523
Train Epoch: 27 [3200/50000 (6%)]	Loss: 0.345358
Train Epoch: 27 [6400/50000 (13%)]	Loss: 0.303944
Train Epoch: 27 [9600/50000 (19%)]	Loss: 0.214617
Train Epoch: 27 [12800/50000 (26%)]	Loss: 0.212705
Train Epoch: 27 [16000/50000 (32%)]	Loss: 0.284178
Train Epoch: 27 [19200/50000 (38%)]	Loss: 0.291806
Train Epoch: 27 [22400/50000 (45%)]	Loss: 0.141964
Train Epoch: 27 [25600/50000 (51%)]	Loss: 0.123902
Train Epoch: 27 [28800/50000 (58%)]	Loss: 0.229690
Train Epoch: 27 [32000/50000 (64%)]	Loss: 0.348053
Train Epoch: 27 [35200/50000 (70%)]	Loss: 0.191942
Train Epoch: 27 [38400/50000 (77%)]	Loss: 0.361136
Train Epoch: 27 [41600/50000 (83%)]	Loss: 0.293933
Train Epoch: 27 [44800/50000 (90%)]	Loss: 0.281551
Train Epoch: 27 [48000/50000 (96%)]	Loss: 0.260881

Test set: Average loss: 0.0004, Accuracy: 8682/10000 (87%)

Train Epoch: 28 [0/50000 (0%)]	Loss: 0.433887
Train Epoch: 28 [3200/50000 (6%)]	Loss: 0.126584
Train Epoch: 28 [6400/50000 (13%)]	Loss: 0.263980
Train Epoch: 28 [9600/50000 (19%)]	Loss: 0.415507
Train Epoch: 28 [12800/50000 (26%)]	Loss: 0.276786
Train Epoch: 28 [16000/50000 (32%)]	Loss: 0.282811
Train Epoch: 28 [19200/50000 (38%)]	Loss: 0.309969
Train Epoch: 28 [22400/50000 (45%)]	Loss: 0.303151
Train Epoch: 28 [25600/50000 (51%)]	Loss: 0.210651
Train Epoch: 28 [28800/50000 (58%)]	Loss: 0.253081
Train Epoch: 28 [32000/50000 (64%)]	Loss: 0.287501
Train Epoch: 28 [35200/50000 (70%)]	Loss: 0.361463
Train Epoch: 28 [38400/50000 (77%)]	Loss: 0.197854
Train Epoch: 28 [41600/50000 (83%)]	Loss: 0.206345
Train Epoch: 28 [44800/50000 (90%)]	Loss: 0.257500
Train Epoch: 28 [48000/50000 (96%)]	Loss: 0.212366

Test set: Average loss: 0.0004, Accuracy: 8688/10000 (87%)

Train Epoch: 29 [0/50000 (0%)]	Loss: 0.230243
Train Epoch: 29 [3200/50000 (6%)]	Loss: 0.184506
Train Epoch: 29 [6400/50000 (13%)]	Loss: 0.284401
Train Epoch: 29 [9600/50000 (19%)]	Loss: 0.182060
Train Epoch: 29 [12800/50000 (26%)]	Loss: 0.246484
Train Epoch: 29 [16000/50000 (32%)]	Loss: 0.254113
Train Epoch: 29 [19200/50000 (38%)]	Loss: 0.364288
Train Epoch: 29 [22400/50000 (45%)]	Loss: 0.172506
Train Epoch: 29 [25600/50000 (51%)]	Loss: 0.456808
Train Epoch: 29 [28800/50000 (58%)]	Loss: 0.135298
Train Epoch: 29 [32000/50000 (64%)]	Loss: 0.372067
Train Epoch: 29 [35200/50000 (70%)]	Loss: 0.187142
Train Epoch: 29 [38400/50000 (77%)]	Loss: 0.265392
Train Epoch: 29 [41600/50000 (83%)]	Loss: 0.153253
Train Epoch: 29 [44800/50000 (90%)]	Loss: 0.179199
Train Epoch: 29 [48000/50000 (96%)]	Loss: 0.305280

Test set: Average loss: 0.0004, Accuracy: 8726/10000 (87%)

Train Epoch: 30 [0/50000 (0%)]	Loss: 0.245607
Train Epoch: 30 [3200/50000 (6%)]	Loss: 0.154878
Train Epoch: 30 [6400/50000 (13%)]	Loss: 0.309647
Train Epoch: 30 [9600/50000 (19%)]	Loss: 0.370427
Train Epoch: 30 [12800/50000 (26%)]	Loss: 0.330178
Train Epoch: 30 [16000/50000 (32%)]	Loss: 0.350678
Train Epoch: 30 [19200/50000 (38%)]	Loss: 0.194839
Train Epoch: 30 [22400/50000 (45%)]	Loss: 0.212708
Train Epoch: 30 [25600/50000 (51%)]	Loss: 0.391498
Train Epoch: 30 [28800/50000 (58%)]	Loss: 0.268726
Train Epoch: 30 [32000/50000 (64%)]	Loss: 0.222684
Train Epoch: 30 [35200/50000 (70%)]	Loss: 0.211363
Train Epoch: 30 [38400/50000 (77%)]	Loss: 0.405584
Train Epoch: 30 [41600/50000 (83%)]	Loss: 0.266316
Train Epoch: 30 [44800/50000 (90%)]	Loss: 0.243290
Train Epoch: 30 [48000/50000 (96%)]	Loss: 0.151357

Test set: Average loss: 0.0004, Accuracy: 8737/10000 (87%)

Train Epoch: 31 [0/50000 (0%)]	Loss: 0.104342
Train Epoch: 31 [3200/50000 (6%)]	Loss: 0.284542
Train Epoch: 31 [6400/50000 (13%)]	Loss: 0.311740
Train Epoch: 31 [9600/50000 (19%)]	Loss: 0.199340
Train Epoch: 31 [12800/50000 (26%)]	Loss: 0.196769
Train Epoch: 31 [16000/50000 (32%)]	Loss: 0.169596
Train Epoch: 31 [19200/50000 (38%)]	Loss: 0.269050
Train Epoch: 31 [22400/50000 (45%)]	Loss: 0.241124
Train Epoch: 31 [25600/50000 (51%)]	Loss: 0.172943
Train Epoch: 31 [28800/50000 (58%)]	Loss: 0.078043
Train Epoch: 31 [32000/50000 (64%)]	Loss: 0.167474
Train Epoch: 31 [35200/50000 (70%)]	Loss: 0.298960
Train Epoch: 31 [38400/50000 (77%)]	Loss: 0.305749
Train Epoch: 31 [41600/50000 (83%)]	Loss: 0.298193
Train Epoch: 31 [44800/50000 (90%)]	Loss: 0.215099
Train Epoch: 31 [48000/50000 (96%)]	Loss: 0.161056

Test set: Average loss: 0.0004, Accuracy: 8681/10000 (87%)

Train Epoch: 32 [0/50000 (0%)]	Loss: 0.151904
Train Epoch: 32 [3200/50000 (6%)]	Loss: 0.217350
Train Epoch: 32 [6400/50000 (13%)]	Loss: 0.093325
Train Epoch: 32 [9600/50000 (19%)]	Loss: 0.190869
Train Epoch: 32 [12800/50000 (26%)]	Loss: 0.280390
Train Epoch: 32 [16000/50000 (32%)]	Loss: 0.278557
Train Epoch: 32 [19200/50000 (38%)]	Loss: 0.285315
Train Epoch: 32 [22400/50000 (45%)]	Loss: 0.413838
Train Epoch: 32 [25600/50000 (51%)]	Loss: 0.096651
Train Epoch: 32 [28800/50000 (58%)]	Loss: 0.165311
Train Epoch: 32 [32000/50000 (64%)]	Loss: 0.234582
Train Epoch: 32 [35200/50000 (70%)]	Loss: 0.169401
Train Epoch: 32 [38400/50000 (77%)]	Loss: 0.210900
Train Epoch: 32 [41600/50000 (83%)]	Loss: 0.319547
Train Epoch: 32 [44800/50000 (90%)]	Loss: 0.150953
Train Epoch: 32 [48000/50000 (96%)]	Loss: 0.188562

Test set: Average loss: 0.0004, Accuracy: 8748/10000 (87%)

Train Epoch: 33 [0/50000 (0%)]	Loss: 0.422154
Train Epoch: 33 [3200/50000 (6%)]	Loss: 0.318649
Train Epoch: 33 [6400/50000 (13%)]	Loss: 0.154027
Train Epoch: 33 [9600/50000 (19%)]	Loss: 0.507118
Train Epoch: 33 [12800/50000 (26%)]	Loss: 0.397466
Train Epoch: 33 [16000/50000 (32%)]	Loss: 0.211733
Train Epoch: 33 [19200/50000 (38%)]	Loss: 0.300163
Train Epoch: 33 [22400/50000 (45%)]	Loss: 0.282375
Train Epoch: 33 [25600/50000 (51%)]	Loss: 0.195154
Train Epoch: 33 [28800/50000 (58%)]	Loss: 0.254279
Train Epoch: 33 [32000/50000 (64%)]	Loss: 0.306671
Train Epoch: 33 [35200/50000 (70%)]	Loss: 0.180647
Train Epoch: 33 [38400/50000 (77%)]	Loss: 0.187933
Train Epoch: 33 [41600/50000 (83%)]	Loss: 0.321605
Train Epoch: 33 [44800/50000 (90%)]	Loss: 0.456278
Train Epoch: 33 [48000/50000 (96%)]	Loss: 0.167171

Test set: Average loss: 0.0004, Accuracy: 8727/10000 (87%)

Train Epoch: 34 [0/50000 (0%)]	Loss: 0.110074
Train Epoch: 34 [3200/50000 (6%)]	Loss: 0.120772
Train Epoch: 34 [6400/50000 (13%)]	Loss: 0.138388
Train Epoch: 34 [9600/50000 (19%)]	Loss: 0.408900
Train Epoch: 34 [12800/50000 (26%)]	Loss: 0.248116
Train Epoch: 34 [16000/50000 (32%)]	Loss: 0.145234
Train Epoch: 34 [19200/50000 (38%)]	Loss: 0.238726
Train Epoch: 34 [22400/50000 (45%)]	Loss: 0.212726
Train Epoch: 34 [25600/50000 (51%)]	Loss: 0.169223
Train Epoch: 34 [28800/50000 (58%)]	Loss: 0.215581
Train Epoch: 34 [32000/50000 (64%)]	Loss: 0.304543
Train Epoch: 34 [35200/50000 (70%)]	Loss: 0.140841
Train Epoch: 34 [38400/50000 (77%)]	Loss: 0.262609
Train Epoch: 34 [41600/50000 (83%)]	Loss: 0.226659
Train Epoch: 34 [44800/50000 (90%)]	Loss: 0.087017
Train Epoch: 34 [48000/50000 (96%)]	Loss: 0.132839

Test set: Average loss: 0.0004, Accuracy: 8745/10000 (87%)

Train Epoch: 35 [0/50000 (0%)]	Loss: 0.204056
Train Epoch: 35 [3200/50000 (6%)]	Loss: 0.121492
Train Epoch: 35 [6400/50000 (13%)]	Loss: 0.223182
Train Epoch: 35 [9600/50000 (19%)]	Loss: 0.067427
Train Epoch: 35 [12800/50000 (26%)]	Loss: 0.305429
Train Epoch: 35 [16000/50000 (32%)]	Loss: 0.355308
Train Epoch: 35 [19200/50000 (38%)]	Loss: 0.286749
Train Epoch: 35 [22400/50000 (45%)]	Loss: 0.506559
Train Epoch: 35 [25600/50000 (51%)]	Loss: 0.223121
Train Epoch: 35 [28800/50000 (58%)]	Loss: 0.160042
Train Epoch: 35 [32000/50000 (64%)]	Loss: 0.158715
Train Epoch: 35 [35200/50000 (70%)]	Loss: 0.252277
Train Epoch: 35 [38400/50000 (77%)]	Loss: 0.210659
Train Epoch: 35 [41600/50000 (83%)]	Loss: 0.109295
Train Epoch: 35 [44800/50000 (90%)]	Loss: 0.247264
Train Epoch: 35 [48000/50000 (96%)]	Loss: 0.262791

Test set: Average loss: 0.0004, Accuracy: 8819/10000 (88%)

Train Epoch: 36 [0/50000 (0%)]	Loss: 0.110191
Train Epoch: 36 [3200/50000 (6%)]	Loss: 0.081390
Train Epoch: 36 [6400/50000 (13%)]	Loss: 0.195848
Train Epoch: 36 [9600/50000 (19%)]	Loss: 0.070440
Train Epoch: 36 [12800/50000 (26%)]	Loss: 0.216055
Train Epoch: 36 [16000/50000 (32%)]	Loss: 0.332043
Train Epoch: 36 [19200/50000 (38%)]	Loss: 0.160915
Train Epoch: 36 [22400/50000 (45%)]	Loss: 0.183103
Train Epoch: 36 [25600/50000 (51%)]	Loss: 0.206387
Train Epoch: 36 [28800/50000 (58%)]	Loss: 0.322735
Train Epoch: 36 [32000/50000 (64%)]	Loss: 0.316566
Train Epoch: 36 [35200/50000 (70%)]	Loss: 0.261608
Train Epoch: 36 [38400/50000 (77%)]	Loss: 0.121102
Train Epoch: 36 [41600/50000 (83%)]	Loss: 0.173503
Train Epoch: 36 [44800/50000 (90%)]	Loss: 0.168606
Train Epoch: 36 [48000/50000 (96%)]	Loss: 0.317440

Test set: Average loss: 0.0004, Accuracy: 8743/10000 (87%)

Train Epoch: 37 [0/50000 (0%)]	Loss: 0.156397
Train Epoch: 37 [3200/50000 (6%)]	Loss: 0.227958
Train Epoch: 37 [6400/50000 (13%)]	Loss: 0.157719
Train Epoch: 37 [9600/50000 (19%)]	Loss: 0.117107
Train Epoch: 37 [12800/50000 (26%)]	Loss: 0.245780
Train Epoch: 37 [16000/50000 (32%)]	Loss: 0.247206
Train Epoch: 37 [19200/50000 (38%)]	Loss: 0.254785
Train Epoch: 37 [22400/50000 (45%)]	Loss: 0.169517
Train Epoch: 37 [25600/50000 (51%)]	Loss: 0.278260
Train Epoch: 37 [28800/50000 (58%)]	Loss: 0.301904
Train Epoch: 37 [32000/50000 (64%)]	Loss: 0.386872
Train Epoch: 37 [35200/50000 (70%)]	Loss: 0.130522
Train Epoch: 37 [38400/50000 (77%)]	Loss: 0.109813
Train Epoch: 37 [41600/50000 (83%)]	Loss: 0.154773
Train Epoch: 37 [44800/50000 (90%)]	Loss: 0.302922
Train Epoch: 37 [48000/50000 (96%)]	Loss: 0.395777

Test set: Average loss: 0.0004, Accuracy: 8809/10000 (88%)

Train Epoch: 38 [0/50000 (0%)]	Loss: 0.344727
Train Epoch: 38 [3200/50000 (6%)]	Loss: 0.174594
Train Epoch: 38 [6400/50000 (13%)]	Loss: 0.164891
Train Epoch: 38 [9600/50000 (19%)]	Loss: 0.135455
Train Epoch: 38 [12800/50000 (26%)]	Loss: 0.178755
Train Epoch: 38 [16000/50000 (32%)]	Loss: 0.189409
Train Epoch: 38 [19200/50000 (38%)]	Loss: 0.308598
Train Epoch: 38 [22400/50000 (45%)]	Loss: 0.285965
Train Epoch: 38 [25600/50000 (51%)]	Loss: 0.325747
Train Epoch: 38 [28800/50000 (58%)]	Loss: 0.192963
Train Epoch: 38 [32000/50000 (64%)]	Loss: 0.248008
Train Epoch: 38 [35200/50000 (70%)]	Loss: 0.124499
Train Epoch: 38 [38400/50000 (77%)]	Loss: 0.191475
Train Epoch: 38 [41600/50000 (83%)]	Loss: 0.213423
Train Epoch: 38 [44800/50000 (90%)]	Loss: 0.271986
Train Epoch: 38 [48000/50000 (96%)]	Loss: 0.292854

Test set: Average loss: 0.0004, Accuracy: 8793/10000 (88%)

Train Epoch: 39 [0/50000 (0%)]	Loss: 0.142548
Train Epoch: 39 [3200/50000 (6%)]	Loss: 0.153435
Train Epoch: 39 [6400/50000 (13%)]	Loss: 0.205315
Train Epoch: 39 [9600/50000 (19%)]	Loss: 0.292546
Train Epoch: 39 [12800/50000 (26%)]	Loss: 0.152537
Train Epoch: 39 [16000/50000 (32%)]	Loss: 0.157963
Train Epoch: 39 [19200/50000 (38%)]	Loss: 0.228070
Train Epoch: 39 [22400/50000 (45%)]	Loss: 0.191694
Train Epoch: 39 [25600/50000 (51%)]	Loss: 0.315080
Train Epoch: 39 [28800/50000 (58%)]	Loss: 0.235488
Train Epoch: 39 [32000/50000 (64%)]	Loss: 0.178914
Train Epoch: 39 [35200/50000 (70%)]	Loss: 0.353465
Train Epoch: 39 [38400/50000 (77%)]	Loss: 0.328644
Train Epoch: 39 [41600/50000 (83%)]	Loss: 0.174039
Train Epoch: 39 [44800/50000 (90%)]	Loss: 0.100124
Train Epoch: 39 [48000/50000 (96%)]	Loss: 0.161073

Test set: Average loss: 0.0004, Accuracy: 8806/10000 (88%)

Train Epoch: 40 [0/50000 (0%)]	Loss: 0.246162
Train Epoch: 40 [3200/50000 (6%)]	Loss: 0.135267
Train Epoch: 40 [6400/50000 (13%)]	Loss: 0.170940
Train Epoch: 40 [9600/50000 (19%)]	Loss: 0.140378
Train Epoch: 40 [12800/50000 (26%)]	Loss: 0.511296
Train Epoch: 40 [16000/50000 (32%)]	Loss: 0.102798
Train Epoch: 40 [19200/50000 (38%)]	Loss: 0.087650
Train Epoch: 40 [22400/50000 (45%)]	Loss: 0.202929
Train Epoch: 40 [25600/50000 (51%)]	Loss: 0.228006
Train Epoch: 40 [28800/50000 (58%)]	Loss: 0.175377
Train Epoch: 40 [32000/50000 (64%)]	Loss: 0.250592
Train Epoch: 40 [35200/50000 (70%)]	Loss: 0.185149
Train Epoch: 40 [38400/50000 (77%)]	Loss: 0.191670
Train Epoch: 40 [41600/50000 (83%)]	Loss: 0.378240
Train Epoch: 40 [44800/50000 (90%)]	Loss: 0.372004
Train Epoch: 40 [48000/50000 (96%)]	Loss: 0.200651

Test set: Average loss: 0.0004, Accuracy: 8777/10000 (88%)

Train Epoch: 41 [0/50000 (0%)]	Loss: 0.348005
Train Epoch: 41 [3200/50000 (6%)]	Loss: 0.249827
Train Epoch: 41 [6400/50000 (13%)]	Loss: 0.228192
Train Epoch: 41 [9600/50000 (19%)]	Loss: 0.318601
Train Epoch: 41 [12800/50000 (26%)]	Loss: 0.083121
Train Epoch: 41 [16000/50000 (32%)]	Loss: 0.219037
Train Epoch: 41 [19200/50000 (38%)]	Loss: 0.248773
Train Epoch: 41 [22400/50000 (45%)]	Loss: 0.199826
Train Epoch: 41 [25600/50000 (51%)]	Loss: 0.092802
Train Epoch: 41 [28800/50000 (58%)]	Loss: 0.092112
Train Epoch: 41 [32000/50000 (64%)]	Loss: 0.223576
Train Epoch: 41 [35200/50000 (70%)]	Loss: 0.220478
Train Epoch: 41 [38400/50000 (77%)]	Loss: 0.137957
Train Epoch: 41 [41600/50000 (83%)]	Loss: 0.170027
Train Epoch: 41 [44800/50000 (90%)]	Loss: 0.271105
Train Epoch: 41 [48000/50000 (96%)]	Loss: 0.217434

Test set: Average loss: 0.0004, Accuracy: 8725/10000 (87%)

Train Epoch: 42 [0/50000 (0%)]	Loss: 0.235346
Train Epoch: 42 [3200/50000 (6%)]	Loss: 0.182801
Train Epoch: 42 [6400/50000 (13%)]	Loss: 0.140670
Train Epoch: 42 [9600/50000 (19%)]	Loss: 0.228394
Train Epoch: 42 [12800/50000 (26%)]	Loss: 0.462857
Train Epoch: 42 [16000/50000 (32%)]	Loss: 0.198700
Train Epoch: 42 [19200/50000 (38%)]	Loss: 0.129516
Train Epoch: 42 [22400/50000 (45%)]	Loss: 0.119807
Train Epoch: 42 [25600/50000 (51%)]	Loss: 0.240347
Train Epoch: 42 [28800/50000 (58%)]	Loss: 0.079086
Train Epoch: 42 [32000/50000 (64%)]	Loss: 0.171209
Train Epoch: 42 [35200/50000 (70%)]	Loss: 0.150103
Train Epoch: 42 [38400/50000 (77%)]	Loss: 0.202093
Train Epoch: 42 [41600/50000 (83%)]	Loss: 0.255301
Train Epoch: 42 [44800/50000 (90%)]	Loss: 0.091181
Train Epoch: 42 [48000/50000 (96%)]	Loss: 0.239975

Test set: Average loss: 0.0004, Accuracy: 8793/10000 (88%)

Train Epoch: 43 [0/50000 (0%)]	Loss: 0.060661
Train Epoch: 43 [3200/50000 (6%)]	Loss: 0.167230
Train Epoch: 43 [6400/50000 (13%)]	Loss: 0.165057
Train Epoch: 43 [9600/50000 (19%)]	Loss: 0.130565
Train Epoch: 43 [12800/50000 (26%)]	Loss: 0.139536
Train Epoch: 43 [16000/50000 (32%)]	Loss: 0.185837
Train Epoch: 43 [19200/50000 (38%)]	Loss: 0.151716
Train Epoch: 43 [22400/50000 (45%)]	Loss: 0.394121
Train Epoch: 43 [25600/50000 (51%)]	Loss: 0.127055
Train Epoch: 43 [28800/50000 (58%)]	Loss: 0.152056
Train Epoch: 43 [32000/50000 (64%)]	Loss: 0.404498
Train Epoch: 43 [35200/50000 (70%)]	Loss: 0.296145
Train Epoch: 43 [38400/50000 (77%)]	Loss: 0.179961
Train Epoch: 43 [41600/50000 (83%)]	Loss: 0.350980
Train Epoch: 43 [44800/50000 (90%)]	Loss: 0.315258
Train Epoch: 43 [48000/50000 (96%)]	Loss: 0.193609

Test set: Average loss: 0.0004, Accuracy: 8797/10000 (88%)

Train Epoch: 44 [0/50000 (0%)]	Loss: 0.150966
Train Epoch: 44 [3200/50000 (6%)]	Loss: 0.137463
Train Epoch: 44 [6400/50000 (13%)]	Loss: 0.279265
Train Epoch: 44 [9600/50000 (19%)]	Loss: 0.152885
Train Epoch: 44 [12800/50000 (26%)]	Loss: 0.157543
Train Epoch: 44 [16000/50000 (32%)]	Loss: 0.125394
Train Epoch: 44 [19200/50000 (38%)]	Loss: 0.174840
Train Epoch: 44 [22400/50000 (45%)]	Loss: 0.184861
Train Epoch: 44 [25600/50000 (51%)]	Loss: 0.205770
Train Epoch: 44 [28800/50000 (58%)]	Loss: 0.248679
Train Epoch: 44 [32000/50000 (64%)]	Loss: 0.156260
Train Epoch: 44 [35200/50000 (70%)]	Loss: 0.121770
Train Epoch: 44 [38400/50000 (77%)]	Loss: 0.219288
Train Epoch: 44 [41600/50000 (83%)]	Loss: 0.190058
Train Epoch: 44 [44800/50000 (90%)]	Loss: 0.195817
Train Epoch: 44 [48000/50000 (96%)]	Loss: 0.322529

Test set: Average loss: 0.0004, Accuracy: 8788/10000 (88%)

Train Epoch: 45 [0/50000 (0%)]	Loss: 0.132798
Train Epoch: 45 [3200/50000 (6%)]	Loss: 0.321517
Train Epoch: 45 [6400/50000 (13%)]	Loss: 0.260527
Train Epoch: 45 [9600/50000 (19%)]	Loss: 0.150958
Train Epoch: 45 [12800/50000 (26%)]	Loss: 0.120264
Train Epoch: 45 [16000/50000 (32%)]	Loss: 0.141126
Train Epoch: 45 [19200/50000 (38%)]	Loss: 0.125553
Train Epoch: 45 [22400/50000 (45%)]	Loss: 0.222673
Train Epoch: 45 [25600/50000 (51%)]	Loss: 0.181066
Train Epoch: 45 [28800/50000 (58%)]	Loss: 0.149253
Train Epoch: 45 [32000/50000 (64%)]	Loss: 0.157867
Train Epoch: 45 [35200/50000 (70%)]	Loss: 0.208487
Train Epoch: 45 [38400/50000 (77%)]	Loss: 0.192301
Train Epoch: 45 [41600/50000 (83%)]	Loss: 0.143349
Train Epoch: 45 [44800/50000 (90%)]	Loss: 0.223957
Train Epoch: 45 [48000/50000 (96%)]	Loss: 0.139188

Test set: Average loss: 0.0004, Accuracy: 8834/10000 (88%)

Train Epoch: 46 [0/50000 (0%)]	Loss: 0.206880
Train Epoch: 46 [3200/50000 (6%)]	Loss: 0.233178
Train Epoch: 46 [6400/50000 (13%)]	Loss: 0.103182
Train Epoch: 46 [9600/50000 (19%)]	Loss: 0.173001
Train Epoch: 46 [12800/50000 (26%)]	Loss: 0.164785
Train Epoch: 46 [16000/50000 (32%)]	Loss: 0.272028
Train Epoch: 46 [19200/50000 (38%)]	Loss: 0.195097
Train Epoch: 46 [22400/50000 (45%)]	Loss: 0.230137
Train Epoch: 46 [25600/50000 (51%)]	Loss: 0.256875
Train Epoch: 46 [28800/50000 (58%)]	Loss: 0.108447
Train Epoch: 46 [32000/50000 (64%)]	Loss: 0.087622
Train Epoch: 46 [35200/50000 (70%)]	Loss: 0.203042
Train Epoch: 46 [38400/50000 (77%)]	Loss: 0.159962
Train Epoch: 46 [41600/50000 (83%)]	Loss: 0.261950
Train Epoch: 46 [44800/50000 (90%)]	Loss: 0.306570
Train Epoch: 46 [48000/50000 (96%)]	Loss: 0.113974

Test set: Average loss: 0.0004, Accuracy: 8824/10000 (88%)

Train Epoch: 47 [0/50000 (0%)]	Loss: 0.161228
Train Epoch: 47 [3200/50000 (6%)]	Loss: 0.180949
Train Epoch: 47 [6400/50000 (13%)]	Loss: 0.094462
Train Epoch: 47 [9600/50000 (19%)]	Loss: 0.064395
Train Epoch: 47 [12800/50000 (26%)]	Loss: 0.176027
Train Epoch: 47 [16000/50000 (32%)]	Loss: 0.250197
Train Epoch: 47 [19200/50000 (38%)]	Loss: 0.056514
Train Epoch: 47 [22400/50000 (45%)]	Loss: 0.064137
Train Epoch: 47 [25600/50000 (51%)]	Loss: 0.153222
Train Epoch: 47 [28800/50000 (58%)]	Loss: 0.160670
Train Epoch: 47 [32000/50000 (64%)]	Loss: 0.186740
Train Epoch: 47 [35200/50000 (70%)]	Loss: 0.217083
Train Epoch: 47 [38400/50000 (77%)]	Loss: 0.197202
Train Epoch: 47 [41600/50000 (83%)]	Loss: 0.186416
Train Epoch: 47 [44800/50000 (90%)]	Loss: 0.059914
Train Epoch: 47 [48000/50000 (96%)]	Loss: 0.216881

Test set: Average loss: 0.0004, Accuracy: 8817/10000 (88%)

Train Epoch: 48 [0/50000 (0%)]	Loss: 0.203663
Train Epoch: 48 [3200/50000 (6%)]	Loss: 0.130508
Train Epoch: 48 [6400/50000 (13%)]	Loss: 0.188198
Train Epoch: 48 [9600/50000 (19%)]	Loss: 0.346586
Train Epoch: 48 [12800/50000 (26%)]	Loss: 0.090688
Train Epoch: 48 [16000/50000 (32%)]	Loss: 0.186106
Train Epoch: 48 [19200/50000 (38%)]	Loss: 0.112957
Train Epoch: 48 [22400/50000 (45%)]	Loss: 0.383828
Train Epoch: 48 [25600/50000 (51%)]	Loss: 0.330695
Train Epoch: 48 [28800/50000 (58%)]	Loss: 0.117105
Train Epoch: 48 [32000/50000 (64%)]	Loss: 0.177658
Train Epoch: 48 [35200/50000 (70%)]	Loss: 0.183512
Train Epoch: 48 [38400/50000 (77%)]	Loss: 0.215883
Train Epoch: 48 [41600/50000 (83%)]	Loss: 0.078012
Train Epoch: 48 [44800/50000 (90%)]	Loss: 0.084885
Train Epoch: 48 [48000/50000 (96%)]	Loss: 0.204509

Test set: Average loss: 0.0004, Accuracy: 8826/10000 (88%)

Train Epoch: 49 [0/50000 (0%)]	Loss: 0.194493
Train Epoch: 49 [3200/50000 (6%)]	Loss: 0.191718
Train Epoch: 49 [6400/50000 (13%)]	Loss: 0.084742
Train Epoch: 49 [9600/50000 (19%)]	Loss: 0.071365
Train Epoch: 49 [12800/50000 (26%)]	Loss: 0.094546
Train Epoch: 49 [16000/50000 (32%)]	Loss: 0.329560
Train Epoch: 49 [19200/50000 (38%)]	Loss: 0.198985
Train Epoch: 49 [22400/50000 (45%)]	Loss: 0.113434
Train Epoch: 49 [25600/50000 (51%)]	Loss: 0.122217
Train Epoch: 49 [28800/50000 (58%)]	Loss: 0.133175
Train Epoch: 49 [32000/50000 (64%)]	Loss: 0.209975
Train Epoch: 49 [35200/50000 (70%)]	Loss: 0.350588
Train Epoch: 49 [38400/50000 (77%)]	Loss: 0.103505
Train Epoch: 49 [41600/50000 (83%)]	Loss: 0.187661
Train Epoch: 49 [44800/50000 (90%)]	Loss: 0.357911
Train Epoch: 49 [48000/50000 (96%)]	Loss: 0.067497

Test set: Average loss: 0.0004, Accuracy: 8840/10000 (88%)

Train Epoch: 50 [0/50000 (0%)]	Loss: 0.152654
Train Epoch: 50 [3200/50000 (6%)]	Loss: 0.094288
Train Epoch: 50 [6400/50000 (13%)]	Loss: 0.151600
Train Epoch: 50 [9600/50000 (19%)]	Loss: 0.141873
Train Epoch: 50 [12800/50000 (26%)]	Loss: 0.142685
Train Epoch: 50 [16000/50000 (32%)]	Loss: 0.211725
Train Epoch: 50 [19200/50000 (38%)]	Loss: 0.104302
Train Epoch: 50 [22400/50000 (45%)]	Loss: 0.105582
Train Epoch: 50 [25600/50000 (51%)]	Loss: 0.208814
Train Epoch: 50 [28800/50000 (58%)]	Loss: 0.265356
Train Epoch: 50 [32000/50000 (64%)]	Loss: 0.184999
Train Epoch: 50 [35200/50000 (70%)]	Loss: 0.168225
Train Epoch: 50 [38400/50000 (77%)]	Loss: 0.216774
Train Epoch: 50 [41600/50000 (83%)]	Loss: 0.092418
Train Epoch: 50 [44800/50000 (90%)]	Loss: 0.223679
Train Epoch: 50 [48000/50000 (96%)]	Loss: 0.182070

Test set: Average loss: 0.0004, Accuracy: 8876/10000 (89%)

Train Epoch: 51 [0/50000 (0%)]	Loss: 0.070823
Train Epoch: 51 [3200/50000 (6%)]	Loss: 0.184516
Train Epoch: 51 [6400/50000 (13%)]	Loss: 0.147247
Train Epoch: 51 [9600/50000 (19%)]	Loss: 0.064618
Train Epoch: 51 [12800/50000 (26%)]	Loss: 0.120740
Train Epoch: 51 [16000/50000 (32%)]	Loss: 0.209220
Train Epoch: 51 [19200/50000 (38%)]	Loss: 0.210155
Train Epoch: 51 [22400/50000 (45%)]	Loss: 0.191309
Train Epoch: 51 [25600/50000 (51%)]	Loss: 0.092777
Train Epoch: 51 [28800/50000 (58%)]	Loss: 0.142169
Train Epoch: 51 [32000/50000 (64%)]	Loss: 0.142010
Train Epoch: 51 [35200/50000 (70%)]	Loss: 0.138601
Train Epoch: 51 [38400/50000 (77%)]	Loss: 0.244066
Train Epoch: 51 [41600/50000 (83%)]	Loss: 0.151316
Train Epoch: 51 [44800/50000 (90%)]	Loss: 0.197876
Train Epoch: 51 [48000/50000 (96%)]	Loss: 0.094990

Test set: Average loss: 0.0004, Accuracy: 8852/10000 (89%)

Train Epoch: 52 [0/50000 (0%)]	Loss: 0.193657
Train Epoch: 52 [3200/50000 (6%)]	Loss: 0.037508
Train Epoch: 52 [6400/50000 (13%)]	Loss: 0.127515
Train Epoch: 52 [9600/50000 (19%)]	Loss: 0.065093
Train Epoch: 52 [12800/50000 (26%)]	Loss: 0.176893
Train Epoch: 52 [16000/50000 (32%)]	Loss: 0.189210
Train Epoch: 52 [19200/50000 (38%)]	Loss: 0.240771
Train Epoch: 52 [22400/50000 (45%)]	Loss: 0.138203
Train Epoch: 52 [25600/50000 (51%)]	Loss: 0.088282
Train Epoch: 52 [28800/50000 (58%)]	Loss: 0.072118
Train Epoch: 52 [32000/50000 (64%)]	Loss: 0.087412
Train Epoch: 52 [35200/50000 (70%)]	Loss: 0.082385
Train Epoch: 52 [38400/50000 (77%)]	Loss: 0.176719
Train Epoch: 52 [41600/50000 (83%)]	Loss: 0.209190
Train Epoch: 52 [44800/50000 (90%)]	Loss: 0.181266
Train Epoch: 52 [48000/50000 (96%)]	Loss: 0.265662

Test set: Average loss: 0.0004, Accuracy: 8835/10000 (88%)

Train Epoch: 53 [0/50000 (0%)]	Loss: 0.218187
Train Epoch: 53 [3200/50000 (6%)]	Loss: 0.223962
Train Epoch: 53 [6400/50000 (13%)]	Loss: 0.187983
Train Epoch: 53 [9600/50000 (19%)]	Loss: 0.121458
Train Epoch: 53 [12800/50000 (26%)]	Loss: 0.364059
Train Epoch: 53 [16000/50000 (32%)]	Loss: 0.082394
Train Epoch: 53 [19200/50000 (38%)]	Loss: 0.211356
Train Epoch: 53 [22400/50000 (45%)]	Loss: 0.308183
Train Epoch: 53 [25600/50000 (51%)]	Loss: 0.091035
Train Epoch: 53 [28800/50000 (58%)]	Loss: 0.222152
Train Epoch: 53 [32000/50000 (64%)]	Loss: 0.196943
Train Epoch: 53 [35200/50000 (70%)]	Loss: 0.162850
Train Epoch: 53 [38400/50000 (77%)]	Loss: 0.325610
Train Epoch: 53 [41600/50000 (83%)]	Loss: 0.097735
Train Epoch: 53 [44800/50000 (90%)]	Loss: 0.199360
Train Epoch: 53 [48000/50000 (96%)]	Loss: 0.257612

Test set: Average loss: 0.0004, Accuracy: 8880/10000 (89%)

Train Epoch: 54 [0/50000 (0%)]	Loss: 0.102760
Train Epoch: 54 [3200/50000 (6%)]	Loss: 0.205496
Train Epoch: 54 [6400/50000 (13%)]	Loss: 0.136231
Train Epoch: 54 [9600/50000 (19%)]	Loss: 0.188123
Train Epoch: 54 [12800/50000 (26%)]	Loss: 0.119530
Train Epoch: 54 [16000/50000 (32%)]	Loss: 0.193069
Train Epoch: 54 [19200/50000 (38%)]	Loss: 0.207445
Train Epoch: 54 [22400/50000 (45%)]	Loss: 0.099563
Train Epoch: 54 [25600/50000 (51%)]	Loss: 0.154741
Train Epoch: 54 [28800/50000 (58%)]	Loss: 0.155538
Train Epoch: 54 [32000/50000 (64%)]	Loss: 0.180962
Train Epoch: 54 [35200/50000 (70%)]	Loss: 0.115040
Train Epoch: 54 [38400/50000 (77%)]	Loss: 0.300398
Train Epoch: 54 [41600/50000 (83%)]	Loss: 0.158413
Train Epoch: 54 [44800/50000 (90%)]	Loss: 0.068827
Train Epoch: 54 [48000/50000 (96%)]	Loss: 0.128759

Test set: Average loss: 0.0004, Accuracy: 8843/10000 (88%)

Train Epoch: 55 [0/50000 (0%)]	Loss: 0.089976
Train Epoch: 55 [3200/50000 (6%)]	Loss: 0.392229
Train Epoch: 55 [6400/50000 (13%)]	Loss: 0.116290
Train Epoch: 55 [9600/50000 (19%)]	Loss: 0.164581
Train Epoch: 55 [12800/50000 (26%)]	Loss: 0.188411
Train Epoch: 55 [16000/50000 (32%)]	Loss: 0.178684
Train Epoch: 55 [19200/50000 (38%)]	Loss: 0.090689
Train Epoch: 55 [22400/50000 (45%)]	Loss: 0.202292
Train Epoch: 55 [25600/50000 (51%)]	Loss: 0.239365
Train Epoch: 55 [28800/50000 (58%)]	Loss: 0.162354
Train Epoch: 55 [32000/50000 (64%)]	Loss: 0.175018
Train Epoch: 55 [35200/50000 (70%)]	Loss: 0.092758
Train Epoch: 55 [38400/50000 (77%)]	Loss: 0.204521
Train Epoch: 55 [41600/50000 (83%)]	Loss: 0.084831
Train Epoch: 55 [44800/50000 (90%)]	Loss: 0.209467
Train Epoch: 55 [48000/50000 (96%)]	Loss: 0.054320

Test set: Average loss: 0.0004, Accuracy: 8857/10000 (89%)

Train Epoch: 56 [0/50000 (0%)]	Loss: 0.219791
Train Epoch: 56 [3200/50000 (6%)]	Loss: 0.091637
Train Epoch: 56 [6400/50000 (13%)]	Loss: 0.115619
Train Epoch: 56 [9600/50000 (19%)]	Loss: 0.088192
Train Epoch: 56 [12800/50000 (26%)]	Loss: 0.071647
Train Epoch: 56 [16000/50000 (32%)]	Loss: 0.189371
Train Epoch: 56 [19200/50000 (38%)]	Loss: 0.090742
Train Epoch: 56 [22400/50000 (45%)]	Loss: 0.235687
Train Epoch: 56 [25600/50000 (51%)]	Loss: 0.222806
Train Epoch: 56 [28800/50000 (58%)]	Loss: 0.048886
Train Epoch: 56 [32000/50000 (64%)]	Loss: 0.180507
Train Epoch: 56 [35200/50000 (70%)]	Loss: 0.123301
Train Epoch: 56 [38400/50000 (77%)]	Loss: 0.259035
Train Epoch: 56 [41600/50000 (83%)]	Loss: 0.074629
Train Epoch: 56 [44800/50000 (90%)]	Loss: 0.292801
Train Epoch: 56 [48000/50000 (96%)]	Loss: 0.160723

Test set: Average loss: 0.0004, Accuracy: 8815/10000 (88%)

Train Epoch: 57 [0/50000 (0%)]	Loss: 0.062852
Train Epoch: 57 [3200/50000 (6%)]	Loss: 0.150858
Train Epoch: 57 [6400/50000 (13%)]	Loss: 0.148451
Train Epoch: 57 [9600/50000 (19%)]	Loss: 0.121191
Train Epoch: 57 [12800/50000 (26%)]	Loss: 0.235091
Train Epoch: 57 [16000/50000 (32%)]	Loss: 0.123185
Train Epoch: 57 [19200/50000 (38%)]	Loss: 0.135446
Train Epoch: 57 [22400/50000 (45%)]	Loss: 0.123594
Train Epoch: 57 [25600/50000 (51%)]	Loss: 0.165884
Train Epoch: 57 [28800/50000 (58%)]	Loss: 0.121799
Train Epoch: 57 [32000/50000 (64%)]	Loss: 0.173206
Train Epoch: 57 [35200/50000 (70%)]	Loss: 0.058926
Train Epoch: 57 [38400/50000 (77%)]	Loss: 0.230746
Train Epoch: 57 [41600/50000 (83%)]	Loss: 0.151961
Train Epoch: 57 [44800/50000 (90%)]	Loss: 0.334860
Train Epoch: 57 [48000/50000 (96%)]	Loss: 0.144615

Test set: Average loss: 0.0004, Accuracy: 8806/10000 (88%)

Train Epoch: 58 [0/50000 (0%)]	Loss: 0.184769
Train Epoch: 58 [3200/50000 (6%)]	Loss: 0.188005
Train Epoch: 58 [6400/50000 (13%)]	Loss: 0.237016
Train Epoch: 58 [9600/50000 (19%)]	Loss: 0.290024
Train Epoch: 58 [12800/50000 (26%)]	Loss: 0.187615
Train Epoch: 58 [16000/50000 (32%)]	Loss: 0.061592
Train Epoch: 58 [19200/50000 (38%)]	Loss: 0.257050
Train Epoch: 58 [22400/50000 (45%)]	Loss: 0.230800
Train Epoch: 58 [25600/50000 (51%)]	Loss: 0.014678
Train Epoch: 58 [28800/50000 (58%)]	Loss: 0.089154
Train Epoch: 58 [32000/50000 (64%)]	Loss: 0.115526
Train Epoch: 58 [35200/50000 (70%)]	Loss: 0.043049
Train Epoch: 58 [38400/50000 (77%)]	Loss: 0.091632
Train Epoch: 58 [41600/50000 (83%)]	Loss: 0.154612
Train Epoch: 58 [44800/50000 (90%)]	Loss: 0.052303
Train Epoch: 58 [48000/50000 (96%)]	Loss: 0.095031

Test set: Average loss: 0.0004, Accuracy: 8795/10000 (88%)

Train Epoch: 59 [0/50000 (0%)]	Loss: 0.223584
Train Epoch: 59 [3200/50000 (6%)]	Loss: 0.102289
Train Epoch: 59 [6400/50000 (13%)]	Loss: 0.344774
Train Epoch: 59 [9600/50000 (19%)]	Loss: 0.077243
Train Epoch: 59 [12800/50000 (26%)]	Loss: 0.166711
Train Epoch: 59 [16000/50000 (32%)]	Loss: 0.086728
Train Epoch: 59 [19200/50000 (38%)]	Loss: 0.189700
Train Epoch: 59 [22400/50000 (45%)]	Loss: 0.162386
Train Epoch: 59 [25600/50000 (51%)]	Loss: 0.119314
Train Epoch: 59 [28800/50000 (58%)]	Loss: 0.050027
Train Epoch: 59 [32000/50000 (64%)]	Loss: 0.156903
Train Epoch: 59 [35200/50000 (70%)]	Loss: 0.108863
Train Epoch: 59 [38400/50000 (77%)]	Loss: 0.175692
Train Epoch: 59 [41600/50000 (83%)]	Loss: 0.031742
Train Epoch: 59 [44800/50000 (90%)]	Loss: 0.117338
Train Epoch: 59 [48000/50000 (96%)]	Loss: 0.045857

Test set: Average loss: 0.0004, Accuracy: 8821/10000 (88%)

Train Epoch: 60 [0/50000 (0%)]	Loss: 0.133033
Train Epoch: 60 [3200/50000 (6%)]	Loss: 0.140879
Train Epoch: 60 [6400/50000 (13%)]	Loss: 0.098802
Train Epoch: 60 [9600/50000 (19%)]	Loss: 0.190864
Train Epoch: 60 [12800/50000 (26%)]	Loss: 0.104669
Train Epoch: 60 [16000/50000 (32%)]	Loss: 0.091697
Train Epoch: 60 [19200/50000 (38%)]	Loss: 0.069738
Train Epoch: 60 [22400/50000 (45%)]	Loss: 0.095627
Train Epoch: 60 [25600/50000 (51%)]	Loss: 0.070623
Train Epoch: 60 [28800/50000 (58%)]	Loss: 0.112171
Train Epoch: 60 [32000/50000 (64%)]	Loss: 0.079643
Train Epoch: 60 [35200/50000 (70%)]	Loss: 0.042189
Train Epoch: 60 [38400/50000 (77%)]	Loss: 0.093793
Train Epoch: 60 [41600/50000 (83%)]	Loss: 0.117422
Train Epoch: 60 [44800/50000 (90%)]	Loss: 0.202616
Train Epoch: 60 [48000/50000 (96%)]	Loss: 0.104995

Test set: Average loss: 0.0004, Accuracy: 8814/10000 (88%)

Train Epoch: 61 [0/50000 (0%)]	Loss: 0.134405
Train Epoch: 61 [3200/50000 (6%)]	Loss: 0.167751
Train Epoch: 61 [6400/50000 (13%)]	Loss: 0.049517
Train Epoch: 61 [9600/50000 (19%)]	Loss: 0.062663
Train Epoch: 61 [12800/50000 (26%)]	Loss: 0.127560
Train Epoch: 61 [16000/50000 (32%)]	Loss: 0.180292
Train Epoch: 61 [19200/50000 (38%)]	Loss: 0.142107
Train Epoch: 61 [22400/50000 (45%)]	Loss: 0.205828
Train Epoch: 61 [25600/50000 (51%)]	Loss: 0.117453
Train Epoch: 61 [28800/50000 (58%)]	Loss: 0.138698
Train Epoch: 61 [32000/50000 (64%)]	Loss: 0.131574
Train Epoch: 61 [35200/50000 (70%)]	Loss: 0.125817
Train Epoch: 61 [38400/50000 (77%)]	Loss: 0.086134
Train Epoch: 61 [41600/50000 (83%)]	Loss: 0.182715
Train Epoch: 61 [44800/50000 (90%)]	Loss: 0.249813
Train Epoch: 61 [48000/50000 (96%)]	Loss: 0.116791

Test set: Average loss: 0.0004, Accuracy: 8892/10000 (89%)

Train Epoch: 62 [0/50000 (0%)]	Loss: 0.200899
Train Epoch: 62 [3200/50000 (6%)]	Loss: 0.032282
Train Epoch: 62 [6400/50000 (13%)]	Loss: 0.071936
Train Epoch: 62 [9600/50000 (19%)]	Loss: 0.153871
Train Epoch: 62 [12800/50000 (26%)]	Loss: 0.075262
Train Epoch: 62 [16000/50000 (32%)]	Loss: 0.106232
Train Epoch: 62 [19200/50000 (38%)]	Loss: 0.124434
Train Epoch: 62 [22400/50000 (45%)]	Loss: 0.078268
Train Epoch: 62 [25600/50000 (51%)]	Loss: 0.128072
Train Epoch: 62 [28800/50000 (58%)]	Loss: 0.070174
Train Epoch: 62 [32000/50000 (64%)]	Loss: 0.061390
Train Epoch: 62 [35200/50000 (70%)]	Loss: 0.095192
Train Epoch: 62 [38400/50000 (77%)]	Loss: 0.154967
Train Epoch: 62 [41600/50000 (83%)]	Loss: 0.197008
Train Epoch: 62 [44800/50000 (90%)]	Loss: 0.181898
Train Epoch: 62 [48000/50000 (96%)]	Loss: 0.106247

Test set: Average loss: 0.0004, Accuracy: 8859/10000 (89%)

Train Epoch: 63 [0/50000 (0%)]	Loss: 0.134219
Train Epoch: 63 [3200/50000 (6%)]	Loss: 0.063087
Train Epoch: 63 [6400/50000 (13%)]	Loss: 0.102791
Train Epoch: 63 [9600/50000 (19%)]	Loss: 0.077233
Train Epoch: 63 [12800/50000 (26%)]	Loss: 0.144873
Train Epoch: 63 [16000/50000 (32%)]	Loss: 0.094466
Train Epoch: 63 [19200/50000 (38%)]	Loss: 0.191512
Train Epoch: 63 [22400/50000 (45%)]	Loss: 0.304984
Train Epoch: 63 [25600/50000 (51%)]	Loss: 0.067397
Train Epoch: 63 [28800/50000 (58%)]	Loss: 0.178150
Train Epoch: 63 [32000/50000 (64%)]	Loss: 0.312336
Train Epoch: 63 [35200/50000 (70%)]	Loss: 0.036643
Train Epoch: 63 [38400/50000 (77%)]	Loss: 0.060212
Train Epoch: 63 [41600/50000 (83%)]	Loss: 0.274240
Train Epoch: 63 [44800/50000 (90%)]	Loss: 0.090188
Train Epoch: 63 [48000/50000 (96%)]	Loss: 0.099912

Test set: Average loss: 0.0004, Accuracy: 8837/10000 (88%)

Train Epoch: 64 [0/50000 (0%)]	Loss: 0.108420
Train Epoch: 64 [3200/50000 (6%)]	Loss: 0.228936
Train Epoch: 64 [6400/50000 (13%)]	Loss: 0.079173
Train Epoch: 64 [9600/50000 (19%)]	Loss: 0.105267
Train Epoch: 64 [12800/50000 (26%)]	Loss: 0.232673
Train Epoch: 64 [16000/50000 (32%)]	Loss: 0.218654
Train Epoch: 64 [19200/50000 (38%)]	Loss: 0.117775
Train Epoch: 64 [22400/50000 (45%)]	Loss: 0.175996
Train Epoch: 64 [25600/50000 (51%)]	Loss: 0.128661
Train Epoch: 64 [28800/50000 (58%)]	Loss: 0.111006
Train Epoch: 64 [32000/50000 (64%)]	Loss: 0.121006
Train Epoch: 64 [35200/50000 (70%)]	Loss: 0.130531
Train Epoch: 64 [38400/50000 (77%)]	Loss: 0.214310
Train Epoch: 64 [41600/50000 (83%)]	Loss: 0.083860
Train Epoch: 64 [44800/50000 (90%)]	Loss: 0.117495
Train Epoch: 64 [48000/50000 (96%)]	Loss: 0.228592

Test set: Average loss: 0.0004, Accuracy: 8876/10000 (89%)

Train Epoch: 65 [0/50000 (0%)]	Loss: 0.025049
Train Epoch: 65 [3200/50000 (6%)]	Loss: 0.289993
Train Epoch: 65 [6400/50000 (13%)]	Loss: 0.094618
Train Epoch: 65 [9600/50000 (19%)]	Loss: 0.153891
Train Epoch: 65 [12800/50000 (26%)]	Loss: 0.053907
Train Epoch: 65 [16000/50000 (32%)]	Loss: 0.127780
Train Epoch: 65 [19200/50000 (38%)]	Loss: 0.051783
Train Epoch: 65 [22400/50000 (45%)]	Loss: 0.151575
Train Epoch: 65 [25600/50000 (51%)]	Loss: 0.112685
Train Epoch: 65 [28800/50000 (58%)]	Loss: 0.074293
Train Epoch: 65 [32000/50000 (64%)]	Loss: 0.085833
Train Epoch: 65 [35200/50000 (70%)]	Loss: 0.037674
Train Epoch: 65 [38400/50000 (77%)]	Loss: 0.215080
Train Epoch: 65 [41600/50000 (83%)]	Loss: 0.133003
Train Epoch: 65 [44800/50000 (90%)]	Loss: 0.201497
Train Epoch: 65 [48000/50000 (96%)]	Loss: 0.134131

Test set: Average loss: 0.0004, Accuracy: 8815/10000 (88%)

Train Epoch: 66 [0/50000 (0%)]	Loss: 0.100230
Train Epoch: 66 [3200/50000 (6%)]	Loss: 0.273987
Train Epoch: 66 [6400/50000 (13%)]	Loss: 0.162025
Train Epoch: 66 [9600/50000 (19%)]	Loss: 0.099361
Train Epoch: 66 [12800/50000 (26%)]	Loss: 0.198622
Train Epoch: 66 [16000/50000 (32%)]	Loss: 0.051497
Train Epoch: 66 [19200/50000 (38%)]	Loss: 0.026106
Train Epoch: 66 [22400/50000 (45%)]	Loss: 0.243890
Train Epoch: 66 [25600/50000 (51%)]	Loss: 0.065461
Train Epoch: 66 [28800/50000 (58%)]	Loss: 0.087452
Train Epoch: 66 [32000/50000 (64%)]	Loss: 0.228608
Train Epoch: 66 [35200/50000 (70%)]	Loss: 0.084744
Train Epoch: 66 [38400/50000 (77%)]	Loss: 0.238764
Train Epoch: 66 [41600/50000 (83%)]	Loss: 0.061606
Train Epoch: 66 [44800/50000 (90%)]	Loss: 0.173024
Train Epoch: 66 [48000/50000 (96%)]	Loss: 0.173885

Test set: Average loss: 0.0004, Accuracy: 8871/10000 (89%)

Train Epoch: 67 [0/50000 (0%)]	Loss: 0.104065
Train Epoch: 67 [3200/50000 (6%)]	Loss: 0.179528
Train Epoch: 67 [6400/50000 (13%)]	Loss: 0.105749
Train Epoch: 67 [9600/50000 (19%)]	Loss: 0.087210
Train Epoch: 67 [12800/50000 (26%)]	Loss: 0.195505
Train Epoch: 67 [16000/50000 (32%)]	Loss: 0.214544
Train Epoch: 67 [19200/50000 (38%)]	Loss: 0.156395
Train Epoch: 67 [22400/50000 (45%)]	Loss: 0.113410
Train Epoch: 67 [25600/50000 (51%)]	Loss: 0.081592
Train Epoch: 67 [28800/50000 (58%)]	Loss: 0.080762
Train Epoch: 67 [32000/50000 (64%)]	Loss: 0.178157
Train Epoch: 67 [35200/50000 (70%)]	Loss: 0.060284
Train Epoch: 67 [38400/50000 (77%)]	Loss: 0.042404
Train Epoch: 67 [41600/50000 (83%)]	Loss: 0.139275
Train Epoch: 67 [44800/50000 (90%)]	Loss: 0.080954
Train Epoch: 67 [48000/50000 (96%)]	Loss: 0.118077

Test set: Average loss: 0.0004, Accuracy: 8893/10000 (89%)

Train Epoch: 68 [0/50000 (0%)]	Loss: 0.116967
Train Epoch: 68 [3200/50000 (6%)]	Loss: 0.200852
Train Epoch: 68 [6400/50000 (13%)]	Loss: 0.069018
Train Epoch: 68 [9600/50000 (19%)]	Loss: 0.049131
Train Epoch: 68 [12800/50000 (26%)]	Loss: 0.234176
Train Epoch: 68 [16000/50000 (32%)]	Loss: 0.071472
Train Epoch: 68 [19200/50000 (38%)]	Loss: 0.063915
Train Epoch: 68 [22400/50000 (45%)]	Loss: 0.047978
Train Epoch: 68 [25600/50000 (51%)]	Loss: 0.278350
Train Epoch: 68 [28800/50000 (58%)]	Loss: 0.034458
Train Epoch: 68 [32000/50000 (64%)]	Loss: 0.058034
Train Epoch: 68 [35200/50000 (70%)]	Loss: 0.141157
Train Epoch: 68 [38400/50000 (77%)]	Loss: 0.153863
Train Epoch: 68 [41600/50000 (83%)]	Loss: 0.111360
Train Epoch: 68 [44800/50000 (90%)]	Loss: 0.233095
Train Epoch: 68 [48000/50000 (96%)]	Loss: 0.221946

Test set: Average loss: 0.0004, Accuracy: 8892/10000 (89%)

Train Epoch: 69 [0/50000 (0%)]	Loss: 0.272479
Train Epoch: 69 [3200/50000 (6%)]	Loss: 0.175772
Train Epoch: 69 [6400/50000 (13%)]	Loss: 0.068250
Train Epoch: 69 [9600/50000 (19%)]	Loss: 0.221101
Train Epoch: 69 [12800/50000 (26%)]	Loss: 0.095359
Train Epoch: 69 [16000/50000 (32%)]	Loss: 0.113778
Train Epoch: 69 [19200/50000 (38%)]	Loss: 0.177312
Train Epoch: 69 [22400/50000 (45%)]	Loss: 0.069814
Train Epoch: 69 [25600/50000 (51%)]	Loss: 0.151228
Train Epoch: 69 [28800/50000 (58%)]	Loss: 0.061812
Train Epoch: 69 [32000/50000 (64%)]	Loss: 0.162475
Train Epoch: 69 [35200/50000 (70%)]	Loss: 0.218611
Train Epoch: 69 [38400/50000 (77%)]	Loss: 0.126699
Train Epoch: 69 [41600/50000 (83%)]	Loss: 0.055510
Train Epoch: 69 [44800/50000 (90%)]	Loss: 0.214710
Train Epoch: 69 [48000/50000 (96%)]	Loss: 0.141885

Test set: Average loss: 0.0004, Accuracy: 8868/10000 (89%)

Train Epoch: 70 [0/50000 (0%)]	Loss: 0.137950
Train Epoch: 70 [3200/50000 (6%)]	Loss: 0.146377
Train Epoch: 70 [6400/50000 (13%)]	Loss: 0.052073
Train Epoch: 70 [9600/50000 (19%)]	Loss: 0.104715
Train Epoch: 70 [12800/50000 (26%)]	Loss: 0.222678
Train Epoch: 70 [16000/50000 (32%)]	Loss: 0.252088
Train Epoch: 70 [19200/50000 (38%)]	Loss: 0.106343
Train Epoch: 70 [22400/50000 (45%)]	Loss: 0.153190
Train Epoch: 70 [25600/50000 (51%)]	Loss: 0.058714
Train Epoch: 70 [28800/50000 (58%)]	Loss: 0.269162
Train Epoch: 70 [32000/50000 (64%)]	Loss: 0.121829
Train Epoch: 70 [35200/50000 (70%)]	Loss: 0.166372
Train Epoch: 70 [38400/50000 (77%)]	Loss: 0.113137
Train Epoch: 70 [41600/50000 (83%)]	Loss: 0.043047
Train Epoch: 70 [44800/50000 (90%)]	Loss: 0.056828
Train Epoch: 70 [48000/50000 (96%)]	Loss: 0.083413

Test set: Average loss: 0.0004, Accuracy: 8886/10000 (89%)

Train Epoch: 71 [0/50000 (0%)]	Loss: 0.043746
Train Epoch: 71 [3200/50000 (6%)]	Loss: 0.356730
Train Epoch: 71 [6400/50000 (13%)]	Loss: 0.115271
Train Epoch: 71 [9600/50000 (19%)]	Loss: 0.058237
Train Epoch: 71 [12800/50000 (26%)]	Loss: 0.086558
Train Epoch: 71 [16000/50000 (32%)]	Loss: 0.099112
Train Epoch: 71 [19200/50000 (38%)]	Loss: 0.091036
Train Epoch: 71 [22400/50000 (45%)]	Loss: 0.083641
Train Epoch: 71 [25600/50000 (51%)]	Loss: 0.070191
Train Epoch: 71 [28800/50000 (58%)]	Loss: 0.083433
Train Epoch: 71 [32000/50000 (64%)]	Loss: 0.092368
Train Epoch: 71 [35200/50000 (70%)]	Loss: 0.079858
Train Epoch: 71 [38400/50000 (77%)]	Loss: 0.186669
Train Epoch: 71 [41600/50000 (83%)]	Loss: 0.143103
Train Epoch: 71 [44800/50000 (90%)]	Loss: 0.123833
Train Epoch: 71 [48000/50000 (96%)]	Loss: 0.129546

Test set: Average loss: 0.0004, Accuracy: 8891/10000 (89%)

Train Epoch: 72 [0/50000 (0%)]	Loss: 0.153173
Train Epoch: 72 [3200/50000 (6%)]	Loss: 0.088348
Train Epoch: 72 [6400/50000 (13%)]	Loss: 0.142418
Train Epoch: 72 [9600/50000 (19%)]	Loss: 0.108943
Train Epoch: 72 [12800/50000 (26%)]	Loss: 0.029736
Train Epoch: 72 [16000/50000 (32%)]	Loss: 0.109226
Train Epoch: 72 [19200/50000 (38%)]	Loss: 0.145275
Train Epoch: 72 [22400/50000 (45%)]	Loss: 0.131368
Train Epoch: 72 [25600/50000 (51%)]	Loss: 0.226156
Train Epoch: 72 [28800/50000 (58%)]	Loss: 0.118261
Train Epoch: 72 [32000/50000 (64%)]	Loss: 0.063839
Train Epoch: 72 [35200/50000 (70%)]	Loss: 0.102620
Train Epoch: 72 [38400/50000 (77%)]	Loss: 0.213864
Train Epoch: 72 [41600/50000 (83%)]	Loss: 0.123190
Train Epoch: 72 [44800/50000 (90%)]	Loss: 0.077570
Train Epoch: 72 [48000/50000 (96%)]	Loss: 0.081974

Test set: Average loss: 0.0004, Accuracy: 8822/10000 (88%)

Train Epoch: 73 [0/50000 (0%)]	Loss: 0.076860
Train Epoch: 73 [3200/50000 (6%)]	Loss: 0.175728
Train Epoch: 73 [6400/50000 (13%)]	Loss: 0.107091
Train Epoch: 73 [9600/50000 (19%)]	Loss: 0.121152
Train Epoch: 73 [12800/50000 (26%)]	Loss: 0.081688
Train Epoch: 73 [16000/50000 (32%)]	Loss: 0.187903
Train Epoch: 73 [19200/50000 (38%)]	Loss: 0.185605
Train Epoch: 73 [22400/50000 (45%)]	Loss: 0.049162
Train Epoch: 73 [25600/50000 (51%)]	Loss: 0.134258
Train Epoch: 73 [28800/50000 (58%)]	Loss: 0.100626
Train Epoch: 73 [32000/50000 (64%)]	Loss: 0.172535
Train Epoch: 73 [35200/50000 (70%)]	Loss: 0.196836
Train Epoch: 73 [38400/50000 (77%)]	Loss: 0.115716
Train Epoch: 73 [41600/50000 (83%)]	Loss: 0.023050
Train Epoch: 73 [44800/50000 (90%)]	Loss: 0.165081
Train Epoch: 73 [48000/50000 (96%)]	Loss: 0.110306

Test set: Average loss: 0.0004, Accuracy: 8860/10000 (89%)

Train Epoch: 74 [0/50000 (0%)]	Loss: 0.132498
Train Epoch: 74 [3200/50000 (6%)]	Loss: 0.029548
Train Epoch: 74 [6400/50000 (13%)]	Loss: 0.099498
Train Epoch: 74 [9600/50000 (19%)]	Loss: 0.064269
Train Epoch: 74 [12800/50000 (26%)]	Loss: 0.167321
Train Epoch: 74 [16000/50000 (32%)]	Loss: 0.103577
Train Epoch: 74 [19200/50000 (38%)]	Loss: 0.173877
Train Epoch: 74 [22400/50000 (45%)]	Loss: 0.168694
Train Epoch: 74 [25600/50000 (51%)]	Loss: 0.145541
Train Epoch: 74 [28800/50000 (58%)]	Loss: 0.082746
Train Epoch: 74 [32000/50000 (64%)]	Loss: 0.177929
Train Epoch: 74 [35200/50000 (70%)]	Loss: 0.119314
Train Epoch: 74 [38400/50000 (77%)]	Loss: 0.150348
Train Epoch: 74 [41600/50000 (83%)]	Loss: 0.116305
Train Epoch: 74 [44800/50000 (90%)]	Loss: 0.124923
Train Epoch: 74 [48000/50000 (96%)]	Loss: 0.114069

Test set: Average loss: 0.0004, Accuracy: 8877/10000 (89%)

Train Epoch: 75 [0/50000 (0%)]	Loss: 0.072905
Train Epoch: 75 [3200/50000 (6%)]	Loss: 0.166860
Train Epoch: 75 [6400/50000 (13%)]	Loss: 0.069239
Train Epoch: 75 [9600/50000 (19%)]	Loss: 0.270200
Train Epoch: 75 [12800/50000 (26%)]	Loss: 0.054512
Train Epoch: 75 [16000/50000 (32%)]	Loss: 0.247713
Train Epoch: 75 [19200/50000 (38%)]	Loss: 0.051170
Train Epoch: 75 [22400/50000 (45%)]	Loss: 0.170971
Train Epoch: 75 [25600/50000 (51%)]	Loss: 0.092728
Train Epoch: 75 [28800/50000 (58%)]	Loss: 0.136128
Train Epoch: 75 [32000/50000 (64%)]	Loss: 0.056973
Train Epoch: 75 [35200/50000 (70%)]	Loss: 0.213270
Train Epoch: 75 [38400/50000 (77%)]	Loss: 0.065602
Train Epoch: 75 [41600/50000 (83%)]	Loss: 0.038877
Train Epoch: 75 [44800/50000 (90%)]	Loss: 0.182569
Train Epoch: 75 [48000/50000 (96%)]	Loss: 0.018919

Test set: Average loss: 0.0004, Accuracy: 8886/10000 (89%)

Train Epoch: 76 [0/50000 (0%)]	Loss: 0.042374
Train Epoch: 76 [3200/50000 (6%)]	Loss: 0.106495
Train Epoch: 76 [6400/50000 (13%)]	Loss: 0.176354
Train Epoch: 76 [9600/50000 (19%)]	Loss: 0.098915
Train Epoch: 76 [12800/50000 (26%)]	Loss: 0.078955
Train Epoch: 76 [16000/50000 (32%)]	Loss: 0.151977
Train Epoch: 76 [19200/50000 (38%)]	Loss: 0.119818
Train Epoch: 76 [22400/50000 (45%)]	Loss: 0.202679
Train Epoch: 76 [25600/50000 (51%)]	Loss: 0.077921
Train Epoch: 76 [28800/50000 (58%)]	Loss: 0.073596
Train Epoch: 76 [32000/50000 (64%)]	Loss: 0.075370
Train Epoch: 76 [35200/50000 (70%)]	Loss: 0.252092
Train Epoch: 76 [38400/50000 (77%)]	Loss: 0.074697
Train Epoch: 76 [41600/50000 (83%)]	Loss: 0.190268
Train Epoch: 76 [44800/50000 (90%)]	Loss: 0.058676
Train Epoch: 76 [48000/50000 (96%)]	Loss: 0.074634

Test set: Average loss: 0.0004, Accuracy: 8928/10000 (89%)

Train Epoch: 77 [0/50000 (0%)]	Loss: 0.126055
Train Epoch: 77 [3200/50000 (6%)]	Loss: 0.027390
Train Epoch: 77 [6400/50000 (13%)]	Loss: 0.168752
Train Epoch: 77 [9600/50000 (19%)]	Loss: 0.043079
Train Epoch: 77 [12800/50000 (26%)]	Loss: 0.229317
Train Epoch: 77 [16000/50000 (32%)]	Loss: 0.267161
Train Epoch: 77 [19200/50000 (38%)]	Loss: 0.109693
Train Epoch: 77 [22400/50000 (45%)]	Loss: 0.071878
Train Epoch: 77 [25600/50000 (51%)]	Loss: 0.082576
Train Epoch: 77 [28800/50000 (58%)]	Loss: 0.047510
Train Epoch: 77 [32000/50000 (64%)]	Loss: 0.124269
Train Epoch: 77 [35200/50000 (70%)]	Loss: 0.090403
Train Epoch: 77 [38400/50000 (77%)]	Loss: 0.047033
Train Epoch: 77 [41600/50000 (83%)]	Loss: 0.096223
Train Epoch: 77 [44800/50000 (90%)]	Loss: 0.058982
Train Epoch: 77 [48000/50000 (96%)]	Loss: 0.062003

Test set: Average loss: 0.0004, Accuracy: 8926/10000 (89%)

Train Epoch: 78 [0/50000 (0%)]	Loss: 0.011725
Train Epoch: 78 [3200/50000 (6%)]	Loss: 0.153541
Train Epoch: 78 [6400/50000 (13%)]	Loss: 0.068549
Train Epoch: 78 [9600/50000 (19%)]	Loss: 0.193849
Train Epoch: 78 [12800/50000 (26%)]	Loss: 0.142925
Train Epoch: 78 [16000/50000 (32%)]	Loss: 0.049931
Train Epoch: 78 [19200/50000 (38%)]	Loss: 0.153756
Train Epoch: 78 [22400/50000 (45%)]	Loss: 0.219657
Train Epoch: 78 [25600/50000 (51%)]	Loss: 0.336637
Train Epoch: 78 [28800/50000 (58%)]	Loss: 0.035016
Train Epoch: 78 [32000/50000 (64%)]	Loss: 0.049410
Train Epoch: 78 [35200/50000 (70%)]	Loss: 0.091260
Train Epoch: 78 [38400/50000 (77%)]	Loss: 0.133729
Train Epoch: 78 [41600/50000 (83%)]	Loss: 0.109969
Train Epoch: 78 [44800/50000 (90%)]	Loss: 0.196832
Train Epoch: 78 [48000/50000 (96%)]	Loss: 0.101707

Test set: Average loss: 0.0004, Accuracy: 8820/10000 (88%)

Train Epoch: 79 [0/50000 (0%)]	Loss: 0.041279
Train Epoch: 79 [3200/50000 (6%)]	Loss: 0.056370
Train Epoch: 79 [6400/50000 (13%)]	Loss: 0.123809
Train Epoch: 79 [9600/50000 (19%)]	Loss: 0.058217
Train Epoch: 79 [12800/50000 (26%)]	Loss: 0.090385
Train Epoch: 79 [16000/50000 (32%)]	Loss: 0.033912
Train Epoch: 79 [19200/50000 (38%)]	Loss: 0.019670
Train Epoch: 79 [22400/50000 (45%)]	Loss: 0.159952
Train Epoch: 79 [25600/50000 (51%)]	Loss: 0.067352
Train Epoch: 79 [28800/50000 (58%)]	Loss: 0.163497
Train Epoch: 79 [32000/50000 (64%)]	Loss: 0.064369
Train Epoch: 79 [35200/50000 (70%)]	Loss: 0.053440
Train Epoch: 79 [38400/50000 (77%)]	Loss: 0.158101
Train Epoch: 79 [41600/50000 (83%)]	Loss: 0.091879
Train Epoch: 79 [44800/50000 (90%)]	Loss: 0.068544
Train Epoch: 79 [48000/50000 (96%)]	Loss: 0.017941

Test set: Average loss: 0.0004, Accuracy: 8892/10000 (89%)

Train Epoch: 80 [0/50000 (0%)]	Loss: 0.111141
Train Epoch: 80 [3200/50000 (6%)]	Loss: 0.160434
Train Epoch: 80 [6400/50000 (13%)]	Loss: 0.079411
Train Epoch: 80 [9600/50000 (19%)]	Loss: 0.093420
Train Epoch: 80 [12800/50000 (26%)]	Loss: 0.150333
Train Epoch: 80 [16000/50000 (32%)]	Loss: 0.078186
Train Epoch: 80 [19200/50000 (38%)]	Loss: 0.026226
Train Epoch: 80 [22400/50000 (45%)]	Loss: 0.289733
Train Epoch: 80 [25600/50000 (51%)]	Loss: 0.082667
Train Epoch: 80 [28800/50000 (58%)]	Loss: 0.249255
Train Epoch: 80 [32000/50000 (64%)]	Loss: 0.049339
Train Epoch: 80 [35200/50000 (70%)]	Loss: 0.081399
Train Epoch: 80 [38400/50000 (77%)]	Loss: 0.304569
Train Epoch: 80 [41600/50000 (83%)]	Loss: 0.129908
Train Epoch: 80 [44800/50000 (90%)]	Loss: 0.145388
Train Epoch: 80 [48000/50000 (96%)]	Loss: 0.212294

Test set: Average loss: 0.0004, Accuracy: 8910/10000 (89%)

Train Epoch: 81 [0/50000 (0%)]	Loss: 0.030069
Train Epoch: 81 [3200/50000 (6%)]	Loss: 0.057460
Train Epoch: 81 [6400/50000 (13%)]	Loss: 0.207683
Train Epoch: 81 [9600/50000 (19%)]	Loss: 0.138978
Train Epoch: 81 [12800/50000 (26%)]	Loss: 0.068400
Train Epoch: 81 [16000/50000 (32%)]	Loss: 0.144140
Train Epoch: 81 [19200/50000 (38%)]	Loss: 0.016434
Train Epoch: 81 [22400/50000 (45%)]	Loss: 0.099221
Train Epoch: 81 [25600/50000 (51%)]	Loss: 0.175177
Train Epoch: 81 [28800/50000 (58%)]	Loss: 0.034472
Train Epoch: 81 [32000/50000 (64%)]	Loss: 0.030594
Train Epoch: 81 [35200/50000 (70%)]	Loss: 0.073366
Train Epoch: 81 [38400/50000 (77%)]	Loss: 0.084219
Train Epoch: 81 [41600/50000 (83%)]	Loss: 0.053729
Train Epoch: 81 [44800/50000 (90%)]	Loss: 0.132238
Train Epoch: 81 [48000/50000 (96%)]	Loss: 0.043943

Test set: Average loss: 0.0004, Accuracy: 9026/10000 (90%)

Train Epoch: 82 [0/50000 (0%)]	Loss: 0.044155
Train Epoch: 82 [3200/50000 (6%)]	Loss: 0.058406
Train Epoch: 82 [6400/50000 (13%)]	Loss: 0.095448
Train Epoch: 82 [9600/50000 (19%)]	Loss: 0.038016
Train Epoch: 82 [12800/50000 (26%)]	Loss: 0.026831
Train Epoch: 82 [16000/50000 (32%)]	Loss: 0.106871
Train Epoch: 82 [19200/50000 (38%)]	Loss: 0.089614
Train Epoch: 82 [22400/50000 (45%)]	Loss: 0.090607
Train Epoch: 82 [25600/50000 (51%)]	Loss: 0.063321
Train Epoch: 82 [28800/50000 (58%)]	Loss: 0.050241
Train Epoch: 82 [32000/50000 (64%)]	Loss: 0.047265
Train Epoch: 82 [35200/50000 (70%)]	Loss: 0.060084
Train Epoch: 82 [38400/50000 (77%)]	Loss: 0.018520
Train Epoch: 82 [41600/50000 (83%)]	Loss: 0.163735
Train Epoch: 82 [44800/50000 (90%)]	Loss: 0.014795
Train Epoch: 82 [48000/50000 (96%)]	Loss: 0.137817

Test set: Average loss: 0.0004, Accuracy: 9023/10000 (90%)

Train Epoch: 83 [0/50000 (0%)]	Loss: 0.020710
Train Epoch: 83 [3200/50000 (6%)]	Loss: 0.072767
Train Epoch: 83 [6400/50000 (13%)]	Loss: 0.110226
Train Epoch: 83 [9600/50000 (19%)]	Loss: 0.050873
Train Epoch: 83 [12800/50000 (26%)]	Loss: 0.038410
Train Epoch: 83 [16000/50000 (32%)]	Loss: 0.021785
Train Epoch: 83 [19200/50000 (38%)]	Loss: 0.024957
Train Epoch: 83 [22400/50000 (45%)]	Loss: 0.116012
Train Epoch: 83 [25600/50000 (51%)]	Loss: 0.058625
Train Epoch: 83 [28800/50000 (58%)]	Loss: 0.032499
Train Epoch: 83 [32000/50000 (64%)]	Loss: 0.032152
Train Epoch: 83 [35200/50000 (70%)]	Loss: 0.161633
Train Epoch: 83 [38400/50000 (77%)]	Loss: 0.081986
Train Epoch: 83 [41600/50000 (83%)]	Loss: 0.053838
Train Epoch: 83 [44800/50000 (90%)]	Loss: 0.043069
Train Epoch: 83 [48000/50000 (96%)]	Loss: 0.026486

Test set: Average loss: 0.0004, Accuracy: 9031/10000 (90%)

Train Epoch: 84 [0/50000 (0%)]	Loss: 0.079993
Train Epoch: 84 [3200/50000 (6%)]	Loss: 0.008813
Train Epoch: 84 [6400/50000 (13%)]	Loss: 0.017019
Train Epoch: 84 [9600/50000 (19%)]	Loss: 0.097612
Train Epoch: 84 [12800/50000 (26%)]	Loss: 0.034985
Train Epoch: 84 [16000/50000 (32%)]	Loss: 0.035115
Train Epoch: 84 [19200/50000 (38%)]	Loss: 0.095042
Train Epoch: 84 [22400/50000 (45%)]	Loss: 0.040187
Train Epoch: 84 [25600/50000 (51%)]	Loss: 0.045435
Train Epoch: 84 [28800/50000 (58%)]	Loss: 0.043300
Train Epoch: 84 [32000/50000 (64%)]	Loss: 0.123967
Train Epoch: 84 [35200/50000 (70%)]	Loss: 0.053896
Train Epoch: 84 [38400/50000 (77%)]	Loss: 0.054515
Train Epoch: 84 [41600/50000 (83%)]	Loss: 0.046872
Train Epoch: 84 [44800/50000 (90%)]	Loss: 0.028329
Train Epoch: 84 [48000/50000 (96%)]	Loss: 0.024475

Test set: Average loss: 0.0004, Accuracy: 9023/10000 (90%)

Train Epoch: 85 [0/50000 (0%)]	Loss: 0.038025
Train Epoch: 85 [3200/50000 (6%)]	Loss: 0.057931
Train Epoch: 85 [6400/50000 (13%)]	Loss: 0.019038
Train Epoch: 85 [9600/50000 (19%)]	Loss: 0.034044
Train Epoch: 85 [12800/50000 (26%)]	Loss: 0.046806
Train Epoch: 85 [16000/50000 (32%)]	Loss: 0.026048
Train Epoch: 85 [19200/50000 (38%)]	Loss: 0.109201
Train Epoch: 85 [22400/50000 (45%)]	Loss: 0.026711
Train Epoch: 85 [25600/50000 (51%)]	Loss: 0.009989
Train Epoch: 85 [28800/50000 (58%)]	Loss: 0.036492
Train Epoch: 85 [32000/50000 (64%)]	Loss: 0.105286
Train Epoch: 85 [35200/50000 (70%)]	Loss: 0.012693
Train Epoch: 85 [38400/50000 (77%)]	Loss: 0.059667
Train Epoch: 85 [41600/50000 (83%)]	Loss: 0.003091
Train Epoch: 85 [44800/50000 (90%)]	Loss: 0.098545
Train Epoch: 85 [48000/50000 (96%)]	Loss: 0.019778

Test set: Average loss: 0.0004, Accuracy: 9025/10000 (90%)

Train Epoch: 86 [0/50000 (0%)]	Loss: 0.087250
Train Epoch: 86 [3200/50000 (6%)]	Loss: 0.034527
Train Epoch: 86 [6400/50000 (13%)]	Loss: 0.009732
Train Epoch: 86 [9600/50000 (19%)]	Loss: 0.047111
Train Epoch: 86 [12800/50000 (26%)]	Loss: 0.053597
Train Epoch: 86 [16000/50000 (32%)]	Loss: 0.024199
Train Epoch: 86 [19200/50000 (38%)]	Loss: 0.020017
Train Epoch: 86 [22400/50000 (45%)]	Loss: 0.019049
Train Epoch: 86 [25600/50000 (51%)]	Loss: 0.026030
Train Epoch: 86 [28800/50000 (58%)]	Loss: 0.155025
Train Epoch: 86 [32000/50000 (64%)]	Loss: 0.069203
Train Epoch: 86 [35200/50000 (70%)]	Loss: 0.023839
Train Epoch: 86 [38400/50000 (77%)]	Loss: 0.056785
Train Epoch: 86 [41600/50000 (83%)]	Loss: 0.035170
Train Epoch: 86 [44800/50000 (90%)]	Loss: 0.018658
Train Epoch: 86 [48000/50000 (96%)]	Loss: 0.019835

Test set: Average loss: 0.0004, Accuracy: 9036/10000 (90%)

Train Epoch: 87 [0/50000 (0%)]	Loss: 0.018446
Train Epoch: 87 [3200/50000 (6%)]	Loss: 0.005640
Train Epoch: 87 [6400/50000 (13%)]	Loss: 0.046508
Train Epoch: 87 [9600/50000 (19%)]	Loss: 0.013114
Train Epoch: 87 [12800/50000 (26%)]	Loss: 0.010690
Train Epoch: 87 [16000/50000 (32%)]	Loss: 0.033434
Train Epoch: 87 [19200/50000 (38%)]	Loss: 0.104492
Train Epoch: 87 [22400/50000 (45%)]	Loss: 0.022816
Train Epoch: 87 [25600/50000 (51%)]	Loss: 0.027358
Train Epoch: 87 [28800/50000 (58%)]	Loss: 0.093588
Train Epoch: 87 [32000/50000 (64%)]	Loss: 0.011740
Train Epoch: 87 [35200/50000 (70%)]	Loss: 0.080930
Train Epoch: 87 [38400/50000 (77%)]	Loss: 0.054738
Train Epoch: 87 [41600/50000 (83%)]	Loss: 0.061843
Train Epoch: 87 [44800/50000 (90%)]	Loss: 0.106838
Train Epoch: 87 [48000/50000 (96%)]	Loss: 0.059410

Test set: Average loss: 0.0004, Accuracy: 9075/10000 (91%)

Train Epoch: 88 [0/50000 (0%)]	Loss: 0.006325
Train Epoch: 88 [3200/50000 (6%)]	Loss: 0.010809
Train Epoch: 88 [6400/50000 (13%)]	Loss: 0.004174
Train Epoch: 88 [9600/50000 (19%)]	Loss: 0.012213
Train Epoch: 88 [12800/50000 (26%)]	Loss: 0.017112
Train Epoch: 88 [16000/50000 (32%)]	Loss: 0.042970
Train Epoch: 88 [19200/50000 (38%)]	Loss: 0.026370
Train Epoch: 88 [22400/50000 (45%)]	Loss: 0.011056
Train Epoch: 88 [25600/50000 (51%)]	Loss: 0.019926
Train Epoch: 88 [28800/50000 (58%)]	Loss: 0.060700
Train Epoch: 88 [32000/50000 (64%)]	Loss: 0.033689
Train Epoch: 88 [35200/50000 (70%)]	Loss: 0.087375
Train Epoch: 88 [38400/50000 (77%)]	Loss: 0.075452
Train Epoch: 88 [41600/50000 (83%)]	Loss: 0.020125
Train Epoch: 88 [44800/50000 (90%)]	Loss: 0.042731
Train Epoch: 88 [48000/50000 (96%)]	Loss: 0.013933

Test set: Average loss: 0.0004, Accuracy: 9049/10000 (90%)

Train Epoch: 89 [0/50000 (0%)]	Loss: 0.024173
Train Epoch: 89 [3200/50000 (6%)]	Loss: 0.006796
Train Epoch: 89 [6400/50000 (13%)]	Loss: 0.061897
Train Epoch: 89 [9600/50000 (19%)]	Loss: 0.094381
Train Epoch: 89 [12800/50000 (26%)]	Loss: 0.050095
Train Epoch: 89 [16000/50000 (32%)]	Loss: 0.026546
Train Epoch: 89 [19200/50000 (38%)]	Loss: 0.051826
Train Epoch: 89 [22400/50000 (45%)]	Loss: 0.078148
Train Epoch: 89 [25600/50000 (51%)]	Loss: 0.003571
Train Epoch: 89 [28800/50000 (58%)]	Loss: 0.022964
Train Epoch: 89 [32000/50000 (64%)]	Loss: 0.019732
Train Epoch: 89 [35200/50000 (70%)]	Loss: 0.008234
Train Epoch: 89 [38400/50000 (77%)]	Loss: 0.014187
Train Epoch: 89 [41600/50000 (83%)]	Loss: 0.070863
Train Epoch: 89 [44800/50000 (90%)]	Loss: 0.009034
Train Epoch: 89 [48000/50000 (96%)]	Loss: 0.059598

Test set: Average loss: 0.0004, Accuracy: 9051/10000 (91%)

Train Epoch: 90 [0/50000 (0%)]	Loss: 0.027518
Train Epoch: 90 [3200/50000 (6%)]	Loss: 0.012508
Train Epoch: 90 [6400/50000 (13%)]	Loss: 0.005293
Train Epoch: 90 [9600/50000 (19%)]	Loss: 0.019641
Train Epoch: 90 [12800/50000 (26%)]	Loss: 0.004651
Train Epoch: 90 [16000/50000 (32%)]	Loss: 0.018939
Train Epoch: 90 [19200/50000 (38%)]	Loss: 0.040978
Train Epoch: 90 [22400/50000 (45%)]	Loss: 0.007286
Train Epoch: 90 [25600/50000 (51%)]	Loss: 0.026584
Train Epoch: 90 [28800/50000 (58%)]	Loss: 0.041684
Train Epoch: 90 [32000/50000 (64%)]	Loss: 0.029296
Train Epoch: 90 [35200/50000 (70%)]	Loss: 0.006416
Train Epoch: 90 [38400/50000 (77%)]	Loss: 0.010326
Train Epoch: 90 [41600/50000 (83%)]	Loss: 0.058100
Train Epoch: 90 [44800/50000 (90%)]	Loss: 0.033795
Train Epoch: 90 [48000/50000 (96%)]	Loss: 0.042031

Test set: Average loss: 0.0004, Accuracy: 9035/10000 (90%)

Train Epoch: 91 [0/50000 (0%)]	Loss: 0.025369
Train Epoch: 91 [3200/50000 (6%)]	Loss: 0.064326
Train Epoch: 91 [6400/50000 (13%)]	Loss: 0.004323
Train Epoch: 91 [9600/50000 (19%)]	Loss: 0.020046
Train Epoch: 91 [12800/50000 (26%)]	Loss: 0.058063
Train Epoch: 91 [16000/50000 (32%)]	Loss: 0.016080
Train Epoch: 91 [19200/50000 (38%)]	Loss: 0.070837
Train Epoch: 91 [22400/50000 (45%)]	Loss: 0.012152
Train Epoch: 91 [25600/50000 (51%)]	Loss: 0.015337
Train Epoch: 91 [28800/50000 (58%)]	Loss: 0.012518
Train Epoch: 91 [32000/50000 (64%)]	Loss: 0.066587
Train Epoch: 91 [35200/50000 (70%)]	Loss: 0.035895
Train Epoch: 91 [38400/50000 (77%)]	Loss: 0.150633
Train Epoch: 91 [41600/50000 (83%)]	Loss: 0.037195
Train Epoch: 91 [44800/50000 (90%)]	Loss: 0.009686
Train Epoch: 91 [48000/50000 (96%)]	Loss: 0.052445

Test set: Average loss: 0.0004, Accuracy: 9027/10000 (90%)

Train Epoch: 92 [0/50000 (0%)]	Loss: 0.015472
Train Epoch: 92 [3200/50000 (6%)]	Loss: 0.049334
Train Epoch: 92 [6400/50000 (13%)]	Loss: 0.007845
Train Epoch: 92 [9600/50000 (19%)]	Loss: 0.037548
Train Epoch: 92 [12800/50000 (26%)]	Loss: 0.085284
Train Epoch: 92 [16000/50000 (32%)]	Loss: 0.023142
Train Epoch: 92 [19200/50000 (38%)]	Loss: 0.073951
Train Epoch: 92 [22400/50000 (45%)]	Loss: 0.029140
Train Epoch: 92 [25600/50000 (51%)]	Loss: 0.038853
Train Epoch: 92 [28800/50000 (58%)]	Loss: 0.007961
Train Epoch: 92 [32000/50000 (64%)]	Loss: 0.039543
Train Epoch: 92 [35200/50000 (70%)]	Loss: 0.007781
Train Epoch: 92 [38400/50000 (77%)]	Loss: 0.009934
Train Epoch: 92 [41600/50000 (83%)]	Loss: 0.008026
Train Epoch: 92 [44800/50000 (90%)]	Loss: 0.018546
Train Epoch: 92 [48000/50000 (96%)]	Loss: 0.009642

Test set: Average loss: 0.0004, Accuracy: 9059/10000 (91%)

Train Epoch: 93 [0/50000 (0%)]	Loss: 0.007505
Train Epoch: 93 [3200/50000 (6%)]	Loss: 0.035590
Train Epoch: 93 [6400/50000 (13%)]	Loss: 0.046336
Train Epoch: 93 [9600/50000 (19%)]	Loss: 0.012464
Train Epoch: 93 [12800/50000 (26%)]	Loss: 0.079632
Train Epoch: 93 [16000/50000 (32%)]	Loss: 0.034455
Train Epoch: 93 [19200/50000 (38%)]	Loss: 0.015859
Train Epoch: 93 [22400/50000 (45%)]	Loss: 0.035513
Train Epoch: 93 [25600/50000 (51%)]	Loss: 0.002763
Train Epoch: 93 [28800/50000 (58%)]	Loss: 0.046650
Train Epoch: 93 [32000/50000 (64%)]	Loss: 0.034659
Train Epoch: 93 [35200/50000 (70%)]	Loss: 0.030194
Train Epoch: 93 [38400/50000 (77%)]	Loss: 0.030164
Train Epoch: 93 [41600/50000 (83%)]	Loss: 0.019181
Train Epoch: 93 [44800/50000 (90%)]	Loss: 0.030179
Train Epoch: 93 [48000/50000 (96%)]	Loss: 0.024516

Test set: Average loss: 0.0004, Accuracy: 9036/10000 (90%)

Train Epoch: 94 [0/50000 (0%)]	Loss: 0.037362
Train Epoch: 94 [3200/50000 (6%)]	Loss: 0.008296
Train Epoch: 94 [6400/50000 (13%)]	Loss: 0.001371
Train Epoch: 94 [9600/50000 (19%)]	Loss: 0.047515
Train Epoch: 94 [12800/50000 (26%)]	Loss: 0.009409
Train Epoch: 94 [16000/50000 (32%)]	Loss: 0.015511
Train Epoch: 94 [19200/50000 (38%)]	Loss: 0.024642
Train Epoch: 94 [22400/50000 (45%)]	Loss: 0.035271
Train Epoch: 94 [25600/50000 (51%)]	Loss: 0.037699
Train Epoch: 94 [28800/50000 (58%)]	Loss: 0.002307
Train Epoch: 94 [32000/50000 (64%)]	Loss: 0.010273
Train Epoch: 94 [35200/50000 (70%)]	Loss: 0.030643
Train Epoch: 94 [38400/50000 (77%)]	Loss: 0.008427
Train Epoch: 94 [41600/50000 (83%)]	Loss: 0.014550
Train Epoch: 94 [44800/50000 (90%)]	Loss: 0.031724
Train Epoch: 94 [48000/50000 (96%)]	Loss: 0.012085

Test set: Average loss: 0.0004, Accuracy: 9052/10000 (91%)

Train Epoch: 95 [0/50000 (0%)]	Loss: 0.023379
Train Epoch: 95 [3200/50000 (6%)]	Loss: 0.006123
Train Epoch: 95 [6400/50000 (13%)]	Loss: 0.018811
Train Epoch: 95 [9600/50000 (19%)]	Loss: 0.004659
Train Epoch: 95 [12800/50000 (26%)]	Loss: 0.049361
Train Epoch: 95 [16000/50000 (32%)]	Loss: 0.036525
Train Epoch: 95 [19200/50000 (38%)]	Loss: 0.010097
Train Epoch: 95 [22400/50000 (45%)]	Loss: 0.056645
Train Epoch: 95 [25600/50000 (51%)]	Loss: 0.005562
Train Epoch: 95 [28800/50000 (58%)]	Loss: 0.035233
Train Epoch: 95 [32000/50000 (64%)]	Loss: 0.019688
Train Epoch: 95 [35200/50000 (70%)]	Loss: 0.017376
Train Epoch: 95 [38400/50000 (77%)]	Loss: 0.023305
Train Epoch: 95 [41600/50000 (83%)]	Loss: 0.004807
Train Epoch: 95 [44800/50000 (90%)]	Loss: 0.003235
Train Epoch: 95 [48000/50000 (96%)]	Loss: 0.069928

Test set: Average loss: 0.0004, Accuracy: 9036/10000 (90%)

Train Epoch: 96 [0/50000 (0%)]	Loss: 0.015134
Train Epoch: 96 [3200/50000 (6%)]	Loss: 0.002406
Train Epoch: 96 [6400/50000 (13%)]	Loss: 0.009964
Train Epoch: 96 [9600/50000 (19%)]	Loss: 0.045103
Train Epoch: 96 [12800/50000 (26%)]	Loss: 0.021839
Train Epoch: 96 [16000/50000 (32%)]	Loss: 0.012612
Train Epoch: 96 [19200/50000 (38%)]	Loss: 0.029476
Train Epoch: 96 [22400/50000 (45%)]	Loss: 0.001906
Train Epoch: 96 [25600/50000 (51%)]	Loss: 0.009506
Train Epoch: 96 [28800/50000 (58%)]	Loss: 0.027327
Train Epoch: 96 [32000/50000 (64%)]	Loss: 0.041678
Train Epoch: 96 [35200/50000 (70%)]	Loss: 0.040472
Train Epoch: 96 [38400/50000 (77%)]	Loss: 0.017369
Train Epoch: 96 [41600/50000 (83%)]	Loss: 0.036910
Train Epoch: 96 [44800/50000 (90%)]	Loss: 0.095393
Train Epoch: 96 [48000/50000 (96%)]	Loss: 0.006062

Test set: Average loss: 0.0004, Accuracy: 9044/10000 (90%)

Train Epoch: 97 [0/50000 (0%)]	Loss: 0.013475
Train Epoch: 97 [3200/50000 (6%)]	Loss: 0.014978
Train Epoch: 97 [6400/50000 (13%)]	Loss: 0.003623
Train Epoch: 97 [9600/50000 (19%)]	Loss: 0.001305
Train Epoch: 97 [12800/50000 (26%)]	Loss: 0.015959
Train Epoch: 97 [16000/50000 (32%)]	Loss: 0.003620
Train Epoch: 97 [19200/50000 (38%)]	Loss: 0.022934
Train Epoch: 97 [22400/50000 (45%)]	Loss: 0.009590
Train Epoch: 97 [25600/50000 (51%)]	Loss: 0.006879
Train Epoch: 97 [28800/50000 (58%)]	Loss: 0.027378
Train Epoch: 97 [32000/50000 (64%)]	Loss: 0.007671
Train Epoch: 97 [35200/50000 (70%)]	Loss: 0.032728
Train Epoch: 97 [38400/50000 (77%)]	Loss: 0.023344
Train Epoch: 97 [41600/50000 (83%)]	Loss: 0.007937
Train Epoch: 97 [44800/50000 (90%)]	Loss: 0.004901
Train Epoch: 97 [48000/50000 (96%)]	Loss: 0.018025

Test set: Average loss: 0.0004, Accuracy: 9051/10000 (91%)

Train Epoch: 98 [0/50000 (0%)]	Loss: 0.025410
Train Epoch: 98 [3200/50000 (6%)]	Loss: 0.009405
Train Epoch: 98 [6400/50000 (13%)]	Loss: 0.004516
Train Epoch: 98 [9600/50000 (19%)]	Loss: 0.027077
Train Epoch: 98 [12800/50000 (26%)]	Loss: 0.037750
Train Epoch: 98 [16000/50000 (32%)]	Loss: 0.008784
Train Epoch: 98 [19200/50000 (38%)]	Loss: 0.014218
Train Epoch: 98 [22400/50000 (45%)]	Loss: 0.065875
Train Epoch: 98 [25600/50000 (51%)]	Loss: 0.020358
Train Epoch: 98 [28800/50000 (58%)]	Loss: 0.019753
Train Epoch: 98 [32000/50000 (64%)]	Loss: 0.049933
Train Epoch: 98 [35200/50000 (70%)]	Loss: 0.003636
Train Epoch: 98 [38400/50000 (77%)]	Loss: 0.003389
Train Epoch: 98 [41600/50000 (83%)]	Loss: 0.002707
Train Epoch: 98 [44800/50000 (90%)]	Loss: 0.046572
Train Epoch: 98 [48000/50000 (96%)]	Loss: 0.007404

Test set: Average loss: 0.0004, Accuracy: 9039/10000 (90%)

Train Epoch: 99 [0/50000 (0%)]	Loss: 0.120753
Train Epoch: 99 [3200/50000 (6%)]	Loss: 0.014205
Train Epoch: 99 [6400/50000 (13%)]	Loss: 0.032029
Train Epoch: 99 [9600/50000 (19%)]	Loss: 0.036050
Train Epoch: 99 [12800/50000 (26%)]	Loss: 0.018893
Train Epoch: 99 [16000/50000 (32%)]	Loss: 0.001938
Train Epoch: 99 [19200/50000 (38%)]	Loss: 0.006276
Train Epoch: 99 [22400/50000 (45%)]	Loss: 0.005703
Train Epoch: 99 [25600/50000 (51%)]	Loss: 0.002194
Train Epoch: 99 [28800/50000 (58%)]	Loss: 0.033892
Train Epoch: 99 [32000/50000 (64%)]	Loss: 0.004079
Train Epoch: 99 [35200/50000 (70%)]	Loss: 0.016416
Train Epoch: 99 [38400/50000 (77%)]	Loss: 0.006445
Train Epoch: 99 [41600/50000 (83%)]	Loss: 0.007833
Train Epoch: 99 [44800/50000 (90%)]	Loss: 0.024335
Train Epoch: 99 [48000/50000 (96%)]	Loss: 0.014647

Test set: Average loss: 0.0004, Accuracy: 9030/10000 (90%)

Train Epoch: 100 [0/50000 (0%)]	Loss: 0.047850
Train Epoch: 100 [3200/50000 (6%)]	Loss: 0.011933
Train Epoch: 100 [6400/50000 (13%)]	Loss: 0.009723
Train Epoch: 100 [9600/50000 (19%)]	Loss: 0.041091
Train Epoch: 100 [12800/50000 (26%)]	Loss: 0.031215
Train Epoch: 100 [16000/50000 (32%)]	Loss: 0.006701
Train Epoch: 100 [19200/50000 (38%)]	Loss: 0.047375
Train Epoch: 100 [22400/50000 (45%)]	Loss: 0.006151
Train Epoch: 100 [25600/50000 (51%)]	Loss: 0.088084
Train Epoch: 100 [28800/50000 (58%)]	Loss: 0.014156
Train Epoch: 100 [32000/50000 (64%)]	Loss: 0.015713
Train Epoch: 100 [35200/50000 (70%)]	Loss: 0.018721
Train Epoch: 100 [38400/50000 (77%)]	Loss: 0.043773
Train Epoch: 100 [41600/50000 (83%)]	Loss: 0.010484
Train Epoch: 100 [44800/50000 (90%)]	Loss: 0.008633
Train Epoch: 100 [48000/50000 (96%)]	Loss: 0.024574

Test set: Average loss: 0.0004, Accuracy: 9032/10000 (90%)

