Files already downloaded and verified
Files already downloaded and verified
Total parameters: 3194906
Train Epoch: 1 [0/50000 (0%)]	Loss: 2.336193
Train Epoch: 1 [3200/50000 (6%)]	Loss: 1.847935
Train Epoch: 1 [6400/50000 (13%)]	Loss: 1.763133
Train Epoch: 1 [9600/50000 (19%)]	Loss: 1.815243
Train Epoch: 1 [12800/50000 (26%)]	Loss: 1.558147
Train Epoch: 1 [16000/50000 (32%)]	Loss: 1.823272
Train Epoch: 1 [19200/50000 (38%)]	Loss: 1.568402
Train Epoch: 1 [22400/50000 (45%)]	Loss: 1.552890
Train Epoch: 1 [25600/50000 (51%)]	Loss: 1.451427
Train Epoch: 1 [28800/50000 (58%)]	Loss: 1.582963
Train Epoch: 1 [32000/50000 (64%)]	Loss: 1.891695
Train Epoch: 1 [35200/50000 (70%)]	Loss: 1.492619
Train Epoch: 1 [38400/50000 (77%)]	Loss: 1.537069
Train Epoch: 1 [41600/50000 (83%)]	Loss: 1.346016
Train Epoch: 1 [44800/50000 (90%)]	Loss: 1.313569
Train Epoch: 1 [48000/50000 (96%)]	Loss: 1.460719

Test set: Average loss: 0.0013, Accuracy: 5208/10000 (52%)

Train Epoch: 2 [0/50000 (0%)]	Loss: 1.535315
Train Epoch: 2 [3200/50000 (6%)]	Loss: 1.400700
Train Epoch: 2 [6400/50000 (13%)]	Loss: 1.379053
Train Epoch: 2 [9600/50000 (19%)]	Loss: 1.408250
Train Epoch: 2 [12800/50000 (26%)]	Loss: 1.408316
Train Epoch: 2 [16000/50000 (32%)]	Loss: 1.373003
Train Epoch: 2 [19200/50000 (38%)]	Loss: 1.459795
Train Epoch: 2 [22400/50000 (45%)]	Loss: 1.055236
Train Epoch: 2 [25600/50000 (51%)]	Loss: 1.314306
Train Epoch: 2 [28800/50000 (58%)]	Loss: 0.964343
Train Epoch: 2 [32000/50000 (64%)]	Loss: 1.293938
Train Epoch: 2 [35200/50000 (70%)]	Loss: 1.308506
Train Epoch: 2 [38400/50000 (77%)]	Loss: 1.393329
Train Epoch: 2 [41600/50000 (83%)]	Loss: 1.092624
Train Epoch: 2 [44800/50000 (90%)]	Loss: 1.028942
Train Epoch: 2 [48000/50000 (96%)]	Loss: 0.877602

Test set: Average loss: 0.0011, Accuracy: 6271/10000 (63%)

Train Epoch: 3 [0/50000 (0%)]	Loss: 1.144952
Train Epoch: 3 [3200/50000 (6%)]	Loss: 1.200873
Train Epoch: 3 [6400/50000 (13%)]	Loss: 1.006358
Train Epoch: 3 [9600/50000 (19%)]	Loss: 1.193891
Train Epoch: 3 [12800/50000 (26%)]	Loss: 0.868248
Train Epoch: 3 [16000/50000 (32%)]	Loss: 1.381189
Train Epoch: 3 [19200/50000 (38%)]	Loss: 0.901647
Train Epoch: 3 [22400/50000 (45%)]	Loss: 1.002388
Train Epoch: 3 [25600/50000 (51%)]	Loss: 0.944919
Train Epoch: 3 [28800/50000 (58%)]	Loss: 1.402328
Train Epoch: 3 [32000/50000 (64%)]	Loss: 1.094284
Train Epoch: 3 [35200/50000 (70%)]	Loss: 0.884152
Train Epoch: 3 [38400/50000 (77%)]	Loss: 1.049429
Train Epoch: 3 [41600/50000 (83%)]	Loss: 1.059082
Train Epoch: 3 [44800/50000 (90%)]	Loss: 0.880121
Train Epoch: 3 [48000/50000 (96%)]	Loss: 0.925737

Test set: Average loss: 0.0011, Accuracy: 6406/10000 (64%)

Train Epoch: 4 [0/50000 (0%)]	Loss: 0.827533
Train Epoch: 4 [3200/50000 (6%)]	Loss: 0.938134
Train Epoch: 4 [6400/50000 (13%)]	Loss: 1.137328
Train Epoch: 4 [9600/50000 (19%)]	Loss: 1.009500
Train Epoch: 4 [12800/50000 (26%)]	Loss: 1.189162
Train Epoch: 4 [16000/50000 (32%)]	Loss: 0.926998
Train Epoch: 4 [19200/50000 (38%)]	Loss: 1.178285
Train Epoch: 4 [22400/50000 (45%)]	Loss: 0.926504
Train Epoch: 4 [25600/50000 (51%)]	Loss: 0.784554
Train Epoch: 4 [28800/50000 (58%)]	Loss: 1.213952
Train Epoch: 4 [32000/50000 (64%)]	Loss: 0.697297
Train Epoch: 4 [35200/50000 (70%)]	Loss: 0.993154
Train Epoch: 4 [38400/50000 (77%)]	Loss: 0.627442
Train Epoch: 4 [41600/50000 (83%)]	Loss: 0.843001
Train Epoch: 4 [44800/50000 (90%)]	Loss: 0.809512
Train Epoch: 4 [48000/50000 (96%)]	Loss: 0.914394

Test set: Average loss: 0.0008, Accuracy: 7045/10000 (70%)

Train Epoch: 5 [0/50000 (0%)]	Loss: 1.065503
Train Epoch: 5 [3200/50000 (6%)]	Loss: 0.660169
Train Epoch: 5 [6400/50000 (13%)]	Loss: 0.866308
Train Epoch: 5 [9600/50000 (19%)]	Loss: 0.670012
Train Epoch: 5 [12800/50000 (26%)]	Loss: 0.820673
Train Epoch: 5 [16000/50000 (32%)]	Loss: 0.833804
Train Epoch: 5 [19200/50000 (38%)]	Loss: 0.977867
Train Epoch: 5 [22400/50000 (45%)]	Loss: 0.722994
Train Epoch: 5 [25600/50000 (51%)]	Loss: 0.769495
Train Epoch: 5 [28800/50000 (58%)]	Loss: 0.766182
Train Epoch: 5 [32000/50000 (64%)]	Loss: 0.811817
Train Epoch: 5 [35200/50000 (70%)]	Loss: 0.626718
Train Epoch: 5 [38400/50000 (77%)]	Loss: 1.147983
Train Epoch: 5 [41600/50000 (83%)]	Loss: 0.541996
Train Epoch: 5 [44800/50000 (90%)]	Loss: 0.769027
Train Epoch: 5 [48000/50000 (96%)]	Loss: 0.720324

Test set: Average loss: 0.0007, Accuracy: 7508/10000 (75%)

Train Epoch: 6 [0/50000 (0%)]	Loss: 0.559085
Train Epoch: 6 [3200/50000 (6%)]	Loss: 0.586868
Train Epoch: 6 [6400/50000 (13%)]	Loss: 0.813325
Train Epoch: 6 [9600/50000 (19%)]	Loss: 0.553290
Train Epoch: 6 [12800/50000 (26%)]	Loss: 0.546311
Train Epoch: 6 [16000/50000 (32%)]	Loss: 0.628731
Train Epoch: 6 [19200/50000 (38%)]	Loss: 0.691277
Train Epoch: 6 [22400/50000 (45%)]	Loss: 0.652625
Train Epoch: 6 [25600/50000 (51%)]	Loss: 0.525691
Train Epoch: 6 [28800/50000 (58%)]	Loss: 0.798775
Train Epoch: 6 [32000/50000 (64%)]	Loss: 0.565910
Train Epoch: 6 [35200/50000 (70%)]	Loss: 0.682472
Train Epoch: 6 [38400/50000 (77%)]	Loss: 0.628612
Train Epoch: 6 [41600/50000 (83%)]	Loss: 0.785998
Train Epoch: 6 [44800/50000 (90%)]	Loss: 0.756297
Train Epoch: 6 [48000/50000 (96%)]	Loss: 0.462283

Test set: Average loss: 0.0007, Accuracy: 7580/10000 (76%)

Train Epoch: 7 [0/50000 (0%)]	Loss: 0.711181
Train Epoch: 7 [3200/50000 (6%)]	Loss: 0.608715
Train Epoch: 7 [6400/50000 (13%)]	Loss: 0.618276
Train Epoch: 7 [9600/50000 (19%)]	Loss: 0.878168
Train Epoch: 7 [12800/50000 (26%)]	Loss: 0.501189
Train Epoch: 7 [16000/50000 (32%)]	Loss: 0.478378
Train Epoch: 7 [19200/50000 (38%)]	Loss: 1.034326
Train Epoch: 7 [22400/50000 (45%)]	Loss: 0.567791
Train Epoch: 7 [25600/50000 (51%)]	Loss: 0.597083
Train Epoch: 7 [28800/50000 (58%)]	Loss: 0.719937
Train Epoch: 7 [32000/50000 (64%)]	Loss: 0.745382
Train Epoch: 7 [35200/50000 (70%)]	Loss: 0.647352
Train Epoch: 7 [38400/50000 (77%)]	Loss: 0.596418
Train Epoch: 7 [41600/50000 (83%)]	Loss: 0.698305
Train Epoch: 7 [44800/50000 (90%)]	Loss: 0.693347
Train Epoch: 7 [48000/50000 (96%)]	Loss: 0.629363

Test set: Average loss: 0.0006, Accuracy: 7855/10000 (79%)

Train Epoch: 8 [0/50000 (0%)]	Loss: 0.635631
Train Epoch: 8 [3200/50000 (6%)]	Loss: 0.317450
Train Epoch: 8 [6400/50000 (13%)]	Loss: 0.829665
Train Epoch: 8 [9600/50000 (19%)]	Loss: 0.641790
Train Epoch: 8 [12800/50000 (26%)]	Loss: 0.526936
Train Epoch: 8 [16000/50000 (32%)]	Loss: 0.592054
Train Epoch: 8 [19200/50000 (38%)]	Loss: 0.715296
Train Epoch: 8 [22400/50000 (45%)]	Loss: 0.479186
Train Epoch: 8 [25600/50000 (51%)]	Loss: 0.595027
Train Epoch: 8 [28800/50000 (58%)]	Loss: 0.554089
Train Epoch: 8 [32000/50000 (64%)]	Loss: 0.558406
Train Epoch: 8 [35200/50000 (70%)]	Loss: 0.653834
Train Epoch: 8 [38400/50000 (77%)]	Loss: 0.630036
Train Epoch: 8 [41600/50000 (83%)]	Loss: 0.840455
Train Epoch: 8 [44800/50000 (90%)]	Loss: 0.606132
Train Epoch: 8 [48000/50000 (96%)]	Loss: 0.557701

Test set: Average loss: 0.0006, Accuracy: 7830/10000 (78%)

Train Epoch: 9 [0/50000 (0%)]	Loss: 0.604740
Train Epoch: 9 [3200/50000 (6%)]	Loss: 0.575192
Train Epoch: 9 [6400/50000 (13%)]	Loss: 0.654355
Train Epoch: 9 [9600/50000 (19%)]	Loss: 0.621264
Train Epoch: 9 [12800/50000 (26%)]	Loss: 0.496200
Train Epoch: 9 [16000/50000 (32%)]	Loss: 0.613015
Train Epoch: 9 [19200/50000 (38%)]	Loss: 0.918711
Train Epoch: 9 [22400/50000 (45%)]	Loss: 0.747550
Train Epoch: 9 [25600/50000 (51%)]	Loss: 0.669776
Train Epoch: 9 [28800/50000 (58%)]	Loss: 0.476680
Train Epoch: 9 [32000/50000 (64%)]	Loss: 0.685538
Train Epoch: 9 [35200/50000 (70%)]	Loss: 0.598562
Train Epoch: 9 [38400/50000 (77%)]	Loss: 0.539481
Train Epoch: 9 [41600/50000 (83%)]	Loss: 0.735266
Train Epoch: 9 [44800/50000 (90%)]	Loss: 0.526591
Train Epoch: 9 [48000/50000 (96%)]	Loss: 0.689147

Test set: Average loss: 0.0006, Accuracy: 8033/10000 (80%)

Train Epoch: 10 [0/50000 (0%)]	Loss: 0.472108
Train Epoch: 10 [3200/50000 (6%)]	Loss: 0.475505
Train Epoch: 10 [6400/50000 (13%)]	Loss: 0.439803
Train Epoch: 10 [9600/50000 (19%)]	Loss: 0.617408
Train Epoch: 10 [12800/50000 (26%)]	Loss: 0.393449
Train Epoch: 10 [16000/50000 (32%)]	Loss: 0.454701
Train Epoch: 10 [19200/50000 (38%)]	Loss: 0.418392
Train Epoch: 10 [22400/50000 (45%)]	Loss: 0.463781
Train Epoch: 10 [25600/50000 (51%)]	Loss: 0.678779
Train Epoch: 10 [28800/50000 (58%)]	Loss: 0.681837
Train Epoch: 10 [32000/50000 (64%)]	Loss: 0.724990
Train Epoch: 10 [35200/50000 (70%)]	Loss: 0.684240
Train Epoch: 10 [38400/50000 (77%)]	Loss: 0.497214
Train Epoch: 10 [41600/50000 (83%)]	Loss: 0.563588
Train Epoch: 10 [44800/50000 (90%)]	Loss: 0.810780
Train Epoch: 10 [48000/50000 (96%)]	Loss: 0.407224

Test set: Average loss: 0.0006, Accuracy: 8100/10000 (81%)

Train Epoch: 11 [0/50000 (0%)]	Loss: 0.630611
Train Epoch: 11 [3200/50000 (6%)]	Loss: 0.522860
Train Epoch: 11 [6400/50000 (13%)]	Loss: 0.519502
Train Epoch: 11 [9600/50000 (19%)]	Loss: 0.569271
Train Epoch: 11 [12800/50000 (26%)]	Loss: 0.315720
Train Epoch: 11 [16000/50000 (32%)]	Loss: 0.636647
Train Epoch: 11 [19200/50000 (38%)]	Loss: 0.562749
Train Epoch: 11 [22400/50000 (45%)]	Loss: 0.498202
Train Epoch: 11 [25600/50000 (51%)]	Loss: 0.441482
Train Epoch: 11 [28800/50000 (58%)]	Loss: 0.486426
Train Epoch: 11 [32000/50000 (64%)]	Loss: 0.429936
Train Epoch: 11 [35200/50000 (70%)]	Loss: 0.626781
Train Epoch: 11 [38400/50000 (77%)]	Loss: 0.594615
Train Epoch: 11 [41600/50000 (83%)]	Loss: 0.753291
Train Epoch: 11 [44800/50000 (90%)]	Loss: 0.622757
Train Epoch: 11 [48000/50000 (96%)]	Loss: 0.580590

Test set: Average loss: 0.0005, Accuracy: 8131/10000 (81%)

Train Epoch: 12 [0/50000 (0%)]	Loss: 0.558124
Train Epoch: 12 [3200/50000 (6%)]	Loss: 0.311915
Train Epoch: 12 [6400/50000 (13%)]	Loss: 0.523711
Train Epoch: 12 [9600/50000 (19%)]	Loss: 0.495247
Train Epoch: 12 [12800/50000 (26%)]	Loss: 0.706062
Train Epoch: 12 [16000/50000 (32%)]	Loss: 0.504434
Train Epoch: 12 [19200/50000 (38%)]	Loss: 0.610474
Train Epoch: 12 [22400/50000 (45%)]	Loss: 0.532091
Train Epoch: 12 [25600/50000 (51%)]	Loss: 0.516335
Train Epoch: 12 [28800/50000 (58%)]	Loss: 0.578287
Train Epoch: 12 [32000/50000 (64%)]	Loss: 0.463340
Train Epoch: 12 [35200/50000 (70%)]	Loss: 0.367205
Train Epoch: 12 [38400/50000 (77%)]	Loss: 0.599197
Train Epoch: 12 [41600/50000 (83%)]	Loss: 0.620058
Train Epoch: 12 [44800/50000 (90%)]	Loss: 0.388037
Train Epoch: 12 [48000/50000 (96%)]	Loss: 0.388531

Test set: Average loss: 0.0006, Accuracy: 8007/10000 (80%)

Train Epoch: 13 [0/50000 (0%)]	Loss: 0.461431
Train Epoch: 13 [3200/50000 (6%)]	Loss: 0.422945
Train Epoch: 13 [6400/50000 (13%)]	Loss: 0.473270
Train Epoch: 13 [9600/50000 (19%)]	Loss: 0.453971
Train Epoch: 13 [12800/50000 (26%)]	Loss: 0.445609
Train Epoch: 13 [16000/50000 (32%)]	Loss: 0.345151
Train Epoch: 13 [19200/50000 (38%)]	Loss: 0.398475
Train Epoch: 13 [22400/50000 (45%)]	Loss: 0.375079
Train Epoch: 13 [25600/50000 (51%)]	Loss: 0.329227
Train Epoch: 13 [28800/50000 (58%)]	Loss: 0.525715
Train Epoch: 13 [32000/50000 (64%)]	Loss: 0.576409
Train Epoch: 13 [35200/50000 (70%)]	Loss: 0.685813
Train Epoch: 13 [38400/50000 (77%)]	Loss: 0.528390
Train Epoch: 13 [41600/50000 (83%)]	Loss: 0.711716
Train Epoch: 13 [44800/50000 (90%)]	Loss: 0.361044
Train Epoch: 13 [48000/50000 (96%)]	Loss: 0.528672

Test set: Average loss: 0.0005, Accuracy: 8272/10000 (83%)

Train Epoch: 14 [0/50000 (0%)]	Loss: 0.458473
Train Epoch: 14 [3200/50000 (6%)]	Loss: 0.568269
Train Epoch: 14 [6400/50000 (13%)]	Loss: 0.387612
Train Epoch: 14 [9600/50000 (19%)]	Loss: 0.511128
Train Epoch: 14 [12800/50000 (26%)]	Loss: 0.520898
Train Epoch: 14 [16000/50000 (32%)]	Loss: 0.695107
Train Epoch: 14 [19200/50000 (38%)]	Loss: 0.648210
Train Epoch: 14 [22400/50000 (45%)]	Loss: 0.549723
Train Epoch: 14 [25600/50000 (51%)]	Loss: 0.765476
Train Epoch: 14 [28800/50000 (58%)]	Loss: 0.484925
Train Epoch: 14 [32000/50000 (64%)]	Loss: 0.441362
Train Epoch: 14 [35200/50000 (70%)]	Loss: 0.641757
Train Epoch: 14 [38400/50000 (77%)]	Loss: 0.475949
Train Epoch: 14 [41600/50000 (83%)]	Loss: 0.599407
Train Epoch: 14 [44800/50000 (90%)]	Loss: 0.554734
Train Epoch: 14 [48000/50000 (96%)]	Loss: 0.380818

Test set: Average loss: 0.0005, Accuracy: 8339/10000 (83%)

Train Epoch: 15 [0/50000 (0%)]	Loss: 0.456334
Train Epoch: 15 [3200/50000 (6%)]	Loss: 0.403434
Train Epoch: 15 [6400/50000 (13%)]	Loss: 0.334274
Train Epoch: 15 [9600/50000 (19%)]	Loss: 0.721653
Train Epoch: 15 [12800/50000 (26%)]	Loss: 0.575117
Train Epoch: 15 [16000/50000 (32%)]	Loss: 0.330771
Train Epoch: 15 [19200/50000 (38%)]	Loss: 0.618187
Train Epoch: 15 [22400/50000 (45%)]	Loss: 0.605096
Train Epoch: 15 [25600/50000 (51%)]	Loss: 0.410385
Train Epoch: 15 [28800/50000 (58%)]	Loss: 0.490304
Train Epoch: 15 [32000/50000 (64%)]	Loss: 0.596949
Train Epoch: 15 [35200/50000 (70%)]	Loss: 0.406032
Train Epoch: 15 [38400/50000 (77%)]	Loss: 0.428280
Train Epoch: 15 [41600/50000 (83%)]	Loss: 0.473374
Train Epoch: 15 [44800/50000 (90%)]	Loss: 0.327040
Train Epoch: 15 [48000/50000 (96%)]	Loss: 0.295155

Test set: Average loss: 0.0005, Accuracy: 8358/10000 (84%)

Train Epoch: 16 [0/50000 (0%)]	Loss: 0.568842
Train Epoch: 16 [3200/50000 (6%)]	Loss: 0.315847
Train Epoch: 16 [6400/50000 (13%)]	Loss: 0.357724
Train Epoch: 16 [9600/50000 (19%)]	Loss: 0.522605
Train Epoch: 16 [12800/50000 (26%)]	Loss: 0.294416
Train Epoch: 16 [16000/50000 (32%)]	Loss: 0.373776
Train Epoch: 16 [19200/50000 (38%)]	Loss: 0.472828
Train Epoch: 16 [22400/50000 (45%)]	Loss: 0.434355
Train Epoch: 16 [25600/50000 (51%)]	Loss: 0.273918
Train Epoch: 16 [28800/50000 (58%)]	Loss: 0.293701
Train Epoch: 16 [32000/50000 (64%)]	Loss: 0.745863
Train Epoch: 16 [35200/50000 (70%)]	Loss: 0.371937
Train Epoch: 16 [38400/50000 (77%)]	Loss: 0.444844
Train Epoch: 16 [41600/50000 (83%)]	Loss: 0.479887
Train Epoch: 16 [44800/50000 (90%)]	Loss: 0.454003
Train Epoch: 16 [48000/50000 (96%)]	Loss: 0.286239

Test set: Average loss: 0.0005, Accuracy: 8334/10000 (83%)

Train Epoch: 17 [0/50000 (0%)]	Loss: 0.357765
Train Epoch: 17 [3200/50000 (6%)]	Loss: 0.503955
Train Epoch: 17 [6400/50000 (13%)]	Loss: 0.535471
Train Epoch: 17 [9600/50000 (19%)]	Loss: 0.289223
Train Epoch: 17 [12800/50000 (26%)]	Loss: 0.454492
Train Epoch: 17 [16000/50000 (32%)]	Loss: 0.541656
Train Epoch: 17 [19200/50000 (38%)]	Loss: 0.518848
Train Epoch: 17 [22400/50000 (45%)]	Loss: 0.623485
Train Epoch: 17 [25600/50000 (51%)]	Loss: 0.488863
Train Epoch: 17 [28800/50000 (58%)]	Loss: 0.285630
Train Epoch: 17 [32000/50000 (64%)]	Loss: 0.463889
Train Epoch: 17 [35200/50000 (70%)]	Loss: 0.367465
Train Epoch: 17 [38400/50000 (77%)]	Loss: 0.450788
Train Epoch: 17 [41600/50000 (83%)]	Loss: 0.343396
Train Epoch: 17 [44800/50000 (90%)]	Loss: 0.543526
Train Epoch: 17 [48000/50000 (96%)]	Loss: 0.374596

Test set: Average loss: 0.0005, Accuracy: 8379/10000 (84%)

Train Epoch: 18 [0/50000 (0%)]	Loss: 0.417270
Train Epoch: 18 [3200/50000 (6%)]	Loss: 0.305427
Train Epoch: 18 [6400/50000 (13%)]	Loss: 0.556473
Train Epoch: 18 [9600/50000 (19%)]	Loss: 0.558337
Train Epoch: 18 [12800/50000 (26%)]	Loss: 0.477743
Train Epoch: 18 [16000/50000 (32%)]	Loss: 0.313049
Train Epoch: 18 [19200/50000 (38%)]	Loss: 0.249655
Train Epoch: 18 [22400/50000 (45%)]	Loss: 0.525748
Train Epoch: 18 [25600/50000 (51%)]	Loss: 0.331558
Train Epoch: 18 [28800/50000 (58%)]	Loss: 0.417957
Train Epoch: 18 [32000/50000 (64%)]	Loss: 0.308239
Train Epoch: 18 [35200/50000 (70%)]	Loss: 0.358021
Train Epoch: 18 [38400/50000 (77%)]	Loss: 0.273345
Train Epoch: 18 [41600/50000 (83%)]	Loss: 0.285605
Train Epoch: 18 [44800/50000 (90%)]	Loss: 0.331436
Train Epoch: 18 [48000/50000 (96%)]	Loss: 0.297152

Test set: Average loss: 0.0004, Accuracy: 8526/10000 (85%)

Train Epoch: 19 [0/50000 (0%)]	Loss: 0.506954
Train Epoch: 19 [3200/50000 (6%)]	Loss: 0.544073
Train Epoch: 19 [6400/50000 (13%)]	Loss: 0.461211
Train Epoch: 19 [9600/50000 (19%)]	Loss: 0.420676
Train Epoch: 19 [12800/50000 (26%)]	Loss: 0.520979
Train Epoch: 19 [16000/50000 (32%)]	Loss: 0.381016
Train Epoch: 19 [19200/50000 (38%)]	Loss: 0.515383
Train Epoch: 19 [22400/50000 (45%)]	Loss: 0.407596
Train Epoch: 19 [25600/50000 (51%)]	Loss: 0.536629
Train Epoch: 19 [28800/50000 (58%)]	Loss: 0.229240
Train Epoch: 19 [32000/50000 (64%)]	Loss: 0.513287
Train Epoch: 19 [35200/50000 (70%)]	Loss: 0.508413
Train Epoch: 19 [38400/50000 (77%)]	Loss: 0.346530
Train Epoch: 19 [41600/50000 (83%)]	Loss: 0.271368
Train Epoch: 19 [44800/50000 (90%)]	Loss: 0.249192
Train Epoch: 19 [48000/50000 (96%)]	Loss: 0.275287

Test set: Average loss: 0.0005, Accuracy: 8428/10000 (84%)

Train Epoch: 20 [0/50000 (0%)]	Loss: 0.452468
Train Epoch: 20 [3200/50000 (6%)]	Loss: 0.417911
Train Epoch: 20 [6400/50000 (13%)]	Loss: 0.253875
Train Epoch: 20 [9600/50000 (19%)]	Loss: 0.378494
Train Epoch: 20 [12800/50000 (26%)]	Loss: 0.363743
Train Epoch: 20 [16000/50000 (32%)]	Loss: 0.207669
Train Epoch: 20 [19200/50000 (38%)]	Loss: 0.294642
Train Epoch: 20 [22400/50000 (45%)]	Loss: 0.292801
Train Epoch: 20 [25600/50000 (51%)]	Loss: 0.492452
Train Epoch: 20 [28800/50000 (58%)]	Loss: 0.260230
Train Epoch: 20 [32000/50000 (64%)]	Loss: 0.448169
Train Epoch: 20 [35200/50000 (70%)]	Loss: 0.350660
Train Epoch: 20 [38400/50000 (77%)]	Loss: 0.351431
Train Epoch: 20 [41600/50000 (83%)]	Loss: 0.311739
Train Epoch: 20 [44800/50000 (90%)]	Loss: 0.244855
Train Epoch: 20 [48000/50000 (96%)]	Loss: 0.682031

Test set: Average loss: 0.0005, Accuracy: 8420/10000 (84%)

Train Epoch: 21 [0/50000 (0%)]	Loss: 0.451664
Train Epoch: 21 [3200/50000 (6%)]	Loss: 0.397704
Train Epoch: 21 [6400/50000 (13%)]	Loss: 0.363816
Train Epoch: 21 [9600/50000 (19%)]	Loss: 0.286319
Train Epoch: 21 [12800/50000 (26%)]	Loss: 0.448764
Train Epoch: 21 [16000/50000 (32%)]	Loss: 0.367789
Train Epoch: 21 [19200/50000 (38%)]	Loss: 0.509808
Train Epoch: 21 [22400/50000 (45%)]	Loss: 0.528875
Train Epoch: 21 [25600/50000 (51%)]	Loss: 0.406787
Train Epoch: 21 [28800/50000 (58%)]	Loss: 0.276552
Train Epoch: 21 [32000/50000 (64%)]	Loss: 0.470336
Train Epoch: 21 [35200/50000 (70%)]	Loss: 0.409262
Train Epoch: 21 [38400/50000 (77%)]	Loss: 0.243167
Train Epoch: 21 [41600/50000 (83%)]	Loss: 0.416740
Train Epoch: 21 [44800/50000 (90%)]	Loss: 0.609504
Train Epoch: 21 [48000/50000 (96%)]	Loss: 0.443185

Test set: Average loss: 0.0004, Accuracy: 8498/10000 (85%)

Train Epoch: 22 [0/50000 (0%)]	Loss: 0.433892
Train Epoch: 22 [3200/50000 (6%)]	Loss: 0.407676
Train Epoch: 22 [6400/50000 (13%)]	Loss: 0.304436
Train Epoch: 22 [9600/50000 (19%)]	Loss: 0.336412
Train Epoch: 22 [12800/50000 (26%)]	Loss: 0.403576
Train Epoch: 22 [16000/50000 (32%)]	Loss: 0.365900
Train Epoch: 22 [19200/50000 (38%)]	Loss: 0.238284
Train Epoch: 22 [22400/50000 (45%)]	Loss: 0.281564
Train Epoch: 22 [25600/50000 (51%)]	Loss: 0.339442
Train Epoch: 22 [28800/50000 (58%)]	Loss: 0.331973
Train Epoch: 22 [32000/50000 (64%)]	Loss: 0.311277
Train Epoch: 22 [35200/50000 (70%)]	Loss: 0.373548
Train Epoch: 22 [38400/50000 (77%)]	Loss: 0.371464
Train Epoch: 22 [41600/50000 (83%)]	Loss: 0.319303
Train Epoch: 22 [44800/50000 (90%)]	Loss: 0.457199
Train Epoch: 22 [48000/50000 (96%)]	Loss: 0.228708

Test set: Average loss: 0.0004, Accuracy: 8515/10000 (85%)

Train Epoch: 23 [0/50000 (0%)]	Loss: 0.252492
Train Epoch: 23 [3200/50000 (6%)]	Loss: 0.197877
Train Epoch: 23 [6400/50000 (13%)]	Loss: 0.280542
Train Epoch: 23 [9600/50000 (19%)]	Loss: 0.505357
Train Epoch: 23 [12800/50000 (26%)]	Loss: 0.459050
Train Epoch: 23 [16000/50000 (32%)]	Loss: 0.394114
Train Epoch: 23 [19200/50000 (38%)]	Loss: 0.421644
Train Epoch: 23 [22400/50000 (45%)]	Loss: 0.486880
Train Epoch: 23 [25600/50000 (51%)]	Loss: 0.312967
Train Epoch: 23 [28800/50000 (58%)]	Loss: 0.288435
Train Epoch: 23 [32000/50000 (64%)]	Loss: 0.288428
Train Epoch: 23 [35200/50000 (70%)]	Loss: 0.359408
Train Epoch: 23 [38400/50000 (77%)]	Loss: 0.197818
Train Epoch: 23 [41600/50000 (83%)]	Loss: 0.273145
Train Epoch: 23 [44800/50000 (90%)]	Loss: 0.407982
Train Epoch: 23 [48000/50000 (96%)]	Loss: 0.262245

Test set: Average loss: 0.0004, Accuracy: 8616/10000 (86%)

Train Epoch: 24 [0/50000 (0%)]	Loss: 0.177304
Train Epoch: 24 [3200/50000 (6%)]	Loss: 0.146502
Train Epoch: 24 [6400/50000 (13%)]	Loss: 0.418966
Train Epoch: 24 [9600/50000 (19%)]	Loss: 0.293287
Train Epoch: 24 [12800/50000 (26%)]	Loss: 0.235699
Train Epoch: 24 [16000/50000 (32%)]	Loss: 0.324381
Train Epoch: 24 [19200/50000 (38%)]	Loss: 0.283246
Train Epoch: 24 [22400/50000 (45%)]	Loss: 0.273907
Train Epoch: 24 [25600/50000 (51%)]	Loss: 0.440423
Train Epoch: 24 [28800/50000 (58%)]	Loss: 0.305877
Train Epoch: 24 [32000/50000 (64%)]	Loss: 0.293209
Train Epoch: 24 [35200/50000 (70%)]	Loss: 0.404176
Train Epoch: 24 [38400/50000 (77%)]	Loss: 0.432351
Train Epoch: 24 [41600/50000 (83%)]	Loss: 0.322108
Train Epoch: 24 [44800/50000 (90%)]	Loss: 0.363359
Train Epoch: 24 [48000/50000 (96%)]	Loss: 0.405736

Test set: Average loss: 0.0004, Accuracy: 8587/10000 (86%)

Train Epoch: 25 [0/50000 (0%)]	Loss: 0.418393
Train Epoch: 25 [3200/50000 (6%)]	Loss: 0.406855
Train Epoch: 25 [6400/50000 (13%)]	Loss: 0.315500
Train Epoch: 25 [9600/50000 (19%)]	Loss: 0.241019
Train Epoch: 25 [12800/50000 (26%)]	Loss: 0.137779
Train Epoch: 25 [16000/50000 (32%)]	Loss: 0.169577
Train Epoch: 25 [19200/50000 (38%)]	Loss: 0.316648
Train Epoch: 25 [22400/50000 (45%)]	Loss: 0.228694
Train Epoch: 25 [25600/50000 (51%)]	Loss: 0.194016
Train Epoch: 25 [28800/50000 (58%)]	Loss: 0.413310
Train Epoch: 25 [32000/50000 (64%)]	Loss: 0.247355
Train Epoch: 25 [35200/50000 (70%)]	Loss: 0.268142
Train Epoch: 25 [38400/50000 (77%)]	Loss: 0.308070
Train Epoch: 25 [41600/50000 (83%)]	Loss: 0.271482
Train Epoch: 25 [44800/50000 (90%)]	Loss: 0.251712
Train Epoch: 25 [48000/50000 (96%)]	Loss: 0.204639

Test set: Average loss: 0.0004, Accuracy: 8692/10000 (87%)

Train Epoch: 26 [0/50000 (0%)]	Loss: 0.199327
Train Epoch: 26 [3200/50000 (6%)]	Loss: 0.270745
Train Epoch: 26 [6400/50000 (13%)]	Loss: 0.422271
Train Epoch: 26 [9600/50000 (19%)]	Loss: 0.211708
Train Epoch: 26 [12800/50000 (26%)]	Loss: 0.323389
Train Epoch: 26 [16000/50000 (32%)]	Loss: 0.154965
Train Epoch: 26 [19200/50000 (38%)]	Loss: 0.260321
Train Epoch: 26 [22400/50000 (45%)]	Loss: 0.347854
Train Epoch: 26 [25600/50000 (51%)]	Loss: 0.291801
Train Epoch: 26 [28800/50000 (58%)]	Loss: 0.441402
Train Epoch: 26 [32000/50000 (64%)]	Loss: 0.246802
Train Epoch: 26 [35200/50000 (70%)]	Loss: 0.503544
Train Epoch: 26 [38400/50000 (77%)]	Loss: 0.311815
Train Epoch: 26 [41600/50000 (83%)]	Loss: 0.453134
Train Epoch: 26 [44800/50000 (90%)]	Loss: 0.271731
Train Epoch: 26 [48000/50000 (96%)]	Loss: 0.527462

Test set: Average loss: 0.0004, Accuracy: 8684/10000 (87%)

Train Epoch: 27 [0/50000 (0%)]	Loss: 0.406190
Train Epoch: 27 [3200/50000 (6%)]	Loss: 0.236249
Train Epoch: 27 [6400/50000 (13%)]	Loss: 0.331215
Train Epoch: 27 [9600/50000 (19%)]	Loss: 0.250795
Train Epoch: 27 [12800/50000 (26%)]	Loss: 0.325576
Train Epoch: 27 [16000/50000 (32%)]	Loss: 0.262940
Train Epoch: 27 [19200/50000 (38%)]	Loss: 0.272305
Train Epoch: 27 [22400/50000 (45%)]	Loss: 0.210259
Train Epoch: 27 [25600/50000 (51%)]	Loss: 0.225464
Train Epoch: 27 [28800/50000 (58%)]	Loss: 0.194544
Train Epoch: 27 [32000/50000 (64%)]	Loss: 0.496530
Train Epoch: 27 [35200/50000 (70%)]	Loss: 0.228952
Train Epoch: 27 [38400/50000 (77%)]	Loss: 0.305343
Train Epoch: 27 [41600/50000 (83%)]	Loss: 0.340283
Train Epoch: 27 [44800/50000 (90%)]	Loss: 0.256918
Train Epoch: 27 [48000/50000 (96%)]	Loss: 0.276282

Test set: Average loss: 0.0004, Accuracy: 8705/10000 (87%)

Train Epoch: 28 [0/50000 (0%)]	Loss: 0.242814
Train Epoch: 28 [3200/50000 (6%)]	Loss: 0.216682
Train Epoch: 28 [6400/50000 (13%)]	Loss: 0.289582
Train Epoch: 28 [9600/50000 (19%)]	Loss: 0.332799
Train Epoch: 28 [12800/50000 (26%)]	Loss: 0.307891
Train Epoch: 28 [16000/50000 (32%)]	Loss: 0.317845
Train Epoch: 28 [19200/50000 (38%)]	Loss: 0.236251
Train Epoch: 28 [22400/50000 (45%)]	Loss: 0.369292
Train Epoch: 28 [25600/50000 (51%)]	Loss: 0.246269
Train Epoch: 28 [28800/50000 (58%)]	Loss: 0.253013
Train Epoch: 28 [32000/50000 (64%)]	Loss: 0.472493
Train Epoch: 28 [35200/50000 (70%)]	Loss: 0.347592
Train Epoch: 28 [38400/50000 (77%)]	Loss: 0.389810
Train Epoch: 28 [41600/50000 (83%)]	Loss: 0.172352
Train Epoch: 28 [44800/50000 (90%)]	Loss: 0.193218
Train Epoch: 28 [48000/50000 (96%)]	Loss: 0.199967

Test set: Average loss: 0.0004, Accuracy: 8628/10000 (86%)

Train Epoch: 29 [0/50000 (0%)]	Loss: 0.240335
Train Epoch: 29 [3200/50000 (6%)]	Loss: 0.212266
Train Epoch: 29 [6400/50000 (13%)]	Loss: 0.175017
Train Epoch: 29 [9600/50000 (19%)]	Loss: 0.222793
Train Epoch: 29 [12800/50000 (26%)]	Loss: 0.327889
Train Epoch: 29 [16000/50000 (32%)]	Loss: 0.211386
Train Epoch: 29 [19200/50000 (38%)]	Loss: 0.380326
Train Epoch: 29 [22400/50000 (45%)]	Loss: 0.307190
Train Epoch: 29 [25600/50000 (51%)]	Loss: 0.176372
Train Epoch: 29 [28800/50000 (58%)]	Loss: 0.488004
Train Epoch: 29 [32000/50000 (64%)]	Loss: 0.234219
Train Epoch: 29 [35200/50000 (70%)]	Loss: 0.176853
Train Epoch: 29 [38400/50000 (77%)]	Loss: 0.376950
Train Epoch: 29 [41600/50000 (83%)]	Loss: 0.265151
Train Epoch: 29 [44800/50000 (90%)]	Loss: 0.323608
Train Epoch: 29 [48000/50000 (96%)]	Loss: 0.424718

Test set: Average loss: 0.0004, Accuracy: 8691/10000 (87%)

Train Epoch: 30 [0/50000 (0%)]	Loss: 0.250855
Train Epoch: 30 [3200/50000 (6%)]	Loss: 0.220438
Train Epoch: 30 [6400/50000 (13%)]	Loss: 0.218073
Train Epoch: 30 [9600/50000 (19%)]	Loss: 0.167828
Train Epoch: 30 [12800/50000 (26%)]	Loss: 0.227958
Train Epoch: 30 [16000/50000 (32%)]	Loss: 0.264000
Train Epoch: 30 [19200/50000 (38%)]	Loss: 0.312423
Train Epoch: 30 [22400/50000 (45%)]	Loss: 0.199793
Train Epoch: 30 [25600/50000 (51%)]	Loss: 0.246592
Train Epoch: 30 [28800/50000 (58%)]	Loss: 0.363056
Train Epoch: 30 [32000/50000 (64%)]	Loss: 0.389412
Train Epoch: 30 [35200/50000 (70%)]	Loss: 0.254043
Train Epoch: 30 [38400/50000 (77%)]	Loss: 0.211907
Train Epoch: 30 [41600/50000 (83%)]	Loss: 0.183451
Train Epoch: 30 [44800/50000 (90%)]	Loss: 0.261713
Train Epoch: 30 [48000/50000 (96%)]	Loss: 0.283548

Test set: Average loss: 0.0004, Accuracy: 8717/10000 (87%)

Train Epoch: 31 [0/50000 (0%)]	Loss: 0.338111
Train Epoch: 31 [3200/50000 (6%)]	Loss: 0.387596
Train Epoch: 31 [6400/50000 (13%)]	Loss: 0.155635
Train Epoch: 31 [9600/50000 (19%)]	Loss: 0.320529
Train Epoch: 31 [12800/50000 (26%)]	Loss: 0.353423
Train Epoch: 31 [16000/50000 (32%)]	Loss: 0.209794
Train Epoch: 31 [19200/50000 (38%)]	Loss: 0.188536
Train Epoch: 31 [22400/50000 (45%)]	Loss: 0.281371
Train Epoch: 31 [25600/50000 (51%)]	Loss: 0.383684
Train Epoch: 31 [28800/50000 (58%)]	Loss: 0.270062
Train Epoch: 31 [32000/50000 (64%)]	Loss: 0.180873
Train Epoch: 31 [35200/50000 (70%)]	Loss: 0.282164
Train Epoch: 31 [38400/50000 (77%)]	Loss: 0.190205
Train Epoch: 31 [41600/50000 (83%)]	Loss: 0.242872
Train Epoch: 31 [44800/50000 (90%)]	Loss: 0.266750
Train Epoch: 31 [48000/50000 (96%)]	Loss: 0.173606

Test set: Average loss: 0.0004, Accuracy: 8673/10000 (87%)

Train Epoch: 32 [0/50000 (0%)]	Loss: 0.282259
Train Epoch: 32 [3200/50000 (6%)]	Loss: 0.204652
Train Epoch: 32 [6400/50000 (13%)]	Loss: 0.272405
Train Epoch: 32 [9600/50000 (19%)]	Loss: 0.301111
Train Epoch: 32 [12800/50000 (26%)]	Loss: 0.405133
Train Epoch: 32 [16000/50000 (32%)]	Loss: 0.272398
Train Epoch: 32 [19200/50000 (38%)]	Loss: 0.233740
Train Epoch: 32 [22400/50000 (45%)]	Loss: 0.265170
Train Epoch: 32 [25600/50000 (51%)]	Loss: 0.273814
Train Epoch: 32 [28800/50000 (58%)]	Loss: 0.400473
Train Epoch: 32 [32000/50000 (64%)]	Loss: 0.270272
Train Epoch: 32 [35200/50000 (70%)]	Loss: 0.265235
Train Epoch: 32 [38400/50000 (77%)]	Loss: 0.293702
Train Epoch: 32 [41600/50000 (83%)]	Loss: 0.495375
Train Epoch: 32 [44800/50000 (90%)]	Loss: 0.094977
Train Epoch: 32 [48000/50000 (96%)]	Loss: 0.306356

Test set: Average loss: 0.0004, Accuracy: 8636/10000 (86%)

Train Epoch: 33 [0/50000 (0%)]	Loss: 0.419765
Train Epoch: 33 [3200/50000 (6%)]	Loss: 0.420856
Train Epoch: 33 [6400/50000 (13%)]	Loss: 0.261246
Train Epoch: 33 [9600/50000 (19%)]	Loss: 0.303463
Train Epoch: 33 [12800/50000 (26%)]	Loss: 0.238253
Train Epoch: 33 [16000/50000 (32%)]	Loss: 0.322249
Train Epoch: 33 [19200/50000 (38%)]	Loss: 0.228659
Train Epoch: 33 [22400/50000 (45%)]	Loss: 0.233074
Train Epoch: 33 [25600/50000 (51%)]	Loss: 0.272173
Train Epoch: 33 [28800/50000 (58%)]	Loss: 0.234817
Train Epoch: 33 [32000/50000 (64%)]	Loss: 0.314422
Train Epoch: 33 [35200/50000 (70%)]	Loss: 0.342483
Train Epoch: 33 [38400/50000 (77%)]	Loss: 0.197882
Train Epoch: 33 [41600/50000 (83%)]	Loss: 0.463551
Train Epoch: 33 [44800/50000 (90%)]	Loss: 0.172516
Train Epoch: 33 [48000/50000 (96%)]	Loss: 0.363414

Test set: Average loss: 0.0004, Accuracy: 8694/10000 (87%)

Train Epoch: 34 [0/50000 (0%)]	Loss: 0.159306
Train Epoch: 34 [3200/50000 (6%)]	Loss: 0.170750
Train Epoch: 34 [6400/50000 (13%)]	Loss: 0.205112
Train Epoch: 34 [9600/50000 (19%)]	Loss: 0.461911
Train Epoch: 34 [12800/50000 (26%)]	Loss: 0.346314
Train Epoch: 34 [16000/50000 (32%)]	Loss: 0.307243
Train Epoch: 34 [19200/50000 (38%)]	Loss: 0.194720
Train Epoch: 34 [22400/50000 (45%)]	Loss: 0.217253
Train Epoch: 34 [25600/50000 (51%)]	Loss: 0.362663
Train Epoch: 34 [28800/50000 (58%)]	Loss: 0.220982
Train Epoch: 34 [32000/50000 (64%)]	Loss: 0.361423
Train Epoch: 34 [35200/50000 (70%)]	Loss: 0.352418
Train Epoch: 34 [38400/50000 (77%)]	Loss: 0.367966
Train Epoch: 34 [41600/50000 (83%)]	Loss: 0.188494
Train Epoch: 34 [44800/50000 (90%)]	Loss: 0.260598
Train Epoch: 34 [48000/50000 (96%)]	Loss: 0.250804

Test set: Average loss: 0.0004, Accuracy: 8785/10000 (88%)

Train Epoch: 35 [0/50000 (0%)]	Loss: 0.287911
Train Epoch: 35 [3200/50000 (6%)]	Loss: 0.282016
Train Epoch: 35 [6400/50000 (13%)]	Loss: 0.428924
Train Epoch: 35 [9600/50000 (19%)]	Loss: 0.439098
Train Epoch: 35 [12800/50000 (26%)]	Loss: 0.232725
Train Epoch: 35 [16000/50000 (32%)]	Loss: 0.166909
Train Epoch: 35 [19200/50000 (38%)]	Loss: 0.217803
Train Epoch: 35 [22400/50000 (45%)]	Loss: 0.323198
Train Epoch: 35 [25600/50000 (51%)]	Loss: 0.137889
Train Epoch: 35 [28800/50000 (58%)]	Loss: 0.346961
Train Epoch: 35 [32000/50000 (64%)]	Loss: 0.303731
Train Epoch: 35 [35200/50000 (70%)]	Loss: 0.183997
Train Epoch: 35 [38400/50000 (77%)]	Loss: 0.306052
Train Epoch: 35 [41600/50000 (83%)]	Loss: 0.304651
Train Epoch: 35 [44800/50000 (90%)]	Loss: 0.243772
Train Epoch: 35 [48000/50000 (96%)]	Loss: 0.462477

Test set: Average loss: 0.0004, Accuracy: 8774/10000 (88%)

Train Epoch: 36 [0/50000 (0%)]	Loss: 0.164888
Train Epoch: 36 [3200/50000 (6%)]	Loss: 0.147318
Train Epoch: 36 [6400/50000 (13%)]	Loss: 0.184418
Train Epoch: 36 [9600/50000 (19%)]	Loss: 0.144341
Train Epoch: 36 [12800/50000 (26%)]	Loss: 0.324716
Train Epoch: 36 [16000/50000 (32%)]	Loss: 0.279537
Train Epoch: 36 [19200/50000 (38%)]	Loss: 0.229843
Train Epoch: 36 [22400/50000 (45%)]	Loss: 0.251223
Train Epoch: 36 [25600/50000 (51%)]	Loss: 0.322478
Train Epoch: 36 [28800/50000 (58%)]	Loss: 0.267519
Train Epoch: 36 [32000/50000 (64%)]	Loss: 0.188483
Train Epoch: 36 [35200/50000 (70%)]	Loss: 0.208118
Train Epoch: 36 [38400/50000 (77%)]	Loss: 0.415866
Train Epoch: 36 [41600/50000 (83%)]	Loss: 0.174730
Train Epoch: 36 [44800/50000 (90%)]	Loss: 0.229425
Train Epoch: 36 [48000/50000 (96%)]	Loss: 0.311236

Test set: Average loss: 0.0004, Accuracy: 8767/10000 (88%)

Train Epoch: 37 [0/50000 (0%)]	Loss: 0.412020
Train Epoch: 37 [3200/50000 (6%)]	Loss: 0.250820
Train Epoch: 37 [6400/50000 (13%)]	Loss: 0.236452
Train Epoch: 37 [9600/50000 (19%)]	Loss: 0.313822
Train Epoch: 37 [12800/50000 (26%)]	Loss: 0.187810
Train Epoch: 37 [16000/50000 (32%)]	Loss: 0.260371
Train Epoch: 37 [19200/50000 (38%)]	Loss: 0.299938
Train Epoch: 37 [22400/50000 (45%)]	Loss: 0.252553
Train Epoch: 37 [25600/50000 (51%)]	Loss: 0.268112
Train Epoch: 37 [28800/50000 (58%)]	Loss: 0.266641
Train Epoch: 37 [32000/50000 (64%)]	Loss: 0.295792
Train Epoch: 37 [35200/50000 (70%)]	Loss: 0.152499
Train Epoch: 37 [38400/50000 (77%)]	Loss: 0.222697
Train Epoch: 37 [41600/50000 (83%)]	Loss: 0.231342
Train Epoch: 37 [44800/50000 (90%)]	Loss: 0.118462
Train Epoch: 37 [48000/50000 (96%)]	Loss: 0.402077

Test set: Average loss: 0.0004, Accuracy: 8752/10000 (88%)

Train Epoch: 38 [0/50000 (0%)]	Loss: 0.335480
Train Epoch: 38 [3200/50000 (6%)]	Loss: 0.314092
Train Epoch: 38 [6400/50000 (13%)]	Loss: 0.386225
Train Epoch: 38 [9600/50000 (19%)]	Loss: 0.101112
Train Epoch: 38 [12800/50000 (26%)]	Loss: 0.208875
Train Epoch: 38 [16000/50000 (32%)]	Loss: 0.175829
Train Epoch: 38 [19200/50000 (38%)]	Loss: 0.413506
Train Epoch: 38 [22400/50000 (45%)]	Loss: 0.163107
Train Epoch: 38 [25600/50000 (51%)]	Loss: 0.247384
Train Epoch: 38 [28800/50000 (58%)]	Loss: 0.357286
Train Epoch: 38 [32000/50000 (64%)]	Loss: 0.219259
Train Epoch: 38 [35200/50000 (70%)]	Loss: 0.136409
Train Epoch: 38 [38400/50000 (77%)]	Loss: 0.292626
Train Epoch: 38 [41600/50000 (83%)]	Loss: 0.223071
Train Epoch: 38 [44800/50000 (90%)]	Loss: 0.201412
Train Epoch: 38 [48000/50000 (96%)]	Loss: 0.399046

Test set: Average loss: 0.0004, Accuracy: 8692/10000 (87%)

Train Epoch: 39 [0/50000 (0%)]	Loss: 0.126337
Train Epoch: 39 [3200/50000 (6%)]	Loss: 0.239263
Train Epoch: 39 [6400/50000 (13%)]	Loss: 0.239343
Train Epoch: 39 [9600/50000 (19%)]	Loss: 0.407695
Train Epoch: 39 [12800/50000 (26%)]	Loss: 0.333231
Train Epoch: 39 [16000/50000 (32%)]	Loss: 0.146129
Train Epoch: 39 [19200/50000 (38%)]	Loss: 0.396033
Train Epoch: 39 [22400/50000 (45%)]	Loss: 0.297981
Train Epoch: 39 [25600/50000 (51%)]	Loss: 0.117852
Train Epoch: 39 [28800/50000 (58%)]	Loss: 0.120597
Train Epoch: 39 [32000/50000 (64%)]	Loss: 0.295031
Train Epoch: 39 [35200/50000 (70%)]	Loss: 0.235474
Train Epoch: 39 [38400/50000 (77%)]	Loss: 0.262670
Train Epoch: 39 [41600/50000 (83%)]	Loss: 0.433712
Train Epoch: 39 [44800/50000 (90%)]	Loss: 0.229357
Train Epoch: 39 [48000/50000 (96%)]	Loss: 0.143318

Test set: Average loss: 0.0004, Accuracy: 8766/10000 (88%)

Train Epoch: 40 [0/50000 (0%)]	Loss: 0.161396
Train Epoch: 40 [3200/50000 (6%)]	Loss: 0.207208
Train Epoch: 40 [6400/50000 (13%)]	Loss: 0.146946
Train Epoch: 40 [9600/50000 (19%)]	Loss: 0.151258
Train Epoch: 40 [12800/50000 (26%)]	Loss: 0.288112
Train Epoch: 40 [16000/50000 (32%)]	Loss: 0.223237
Train Epoch: 40 [19200/50000 (38%)]	Loss: 0.322837
Train Epoch: 40 [22400/50000 (45%)]	Loss: 0.247455
Train Epoch: 40 [25600/50000 (51%)]	Loss: 0.158460
Train Epoch: 40 [28800/50000 (58%)]	Loss: 0.198084
Train Epoch: 40 [32000/50000 (64%)]	Loss: 0.176325
Train Epoch: 40 [35200/50000 (70%)]	Loss: 0.272157
Train Epoch: 40 [38400/50000 (77%)]	Loss: 0.106749
Train Epoch: 40 [41600/50000 (83%)]	Loss: 0.332549
Train Epoch: 40 [44800/50000 (90%)]	Loss: 0.191713
Train Epoch: 40 [48000/50000 (96%)]	Loss: 0.130975

Test set: Average loss: 0.0004, Accuracy: 8739/10000 (87%)

Train Epoch: 41 [0/50000 (0%)]	Loss: 0.250576
Train Epoch: 41 [3200/50000 (6%)]	Loss: 0.105021
Train Epoch: 41 [6400/50000 (13%)]	Loss: 0.161535
Train Epoch: 41 [9600/50000 (19%)]	Loss: 0.235412
Train Epoch: 41 [12800/50000 (26%)]	Loss: 0.159654
Train Epoch: 41 [16000/50000 (32%)]	Loss: 0.274405
Train Epoch: 41 [19200/50000 (38%)]	Loss: 0.298367
Train Epoch: 41 [22400/50000 (45%)]	Loss: 0.261502
Train Epoch: 41 [25600/50000 (51%)]	Loss: 0.331353
Train Epoch: 41 [28800/50000 (58%)]	Loss: 0.127284
Train Epoch: 41 [32000/50000 (64%)]	Loss: 0.203719
Train Epoch: 41 [35200/50000 (70%)]	Loss: 0.243787
Train Epoch: 41 [38400/50000 (77%)]	Loss: 0.174428
Train Epoch: 41 [41600/50000 (83%)]	Loss: 0.228602
Train Epoch: 41 [44800/50000 (90%)]	Loss: 0.299125
Train Epoch: 41 [48000/50000 (96%)]	Loss: 0.268218

Test set: Average loss: 0.0004, Accuracy: 8776/10000 (88%)

Train Epoch: 42 [0/50000 (0%)]	Loss: 0.281951
Train Epoch: 42 [3200/50000 (6%)]	Loss: 0.243070
Train Epoch: 42 [6400/50000 (13%)]	Loss: 0.255662
Train Epoch: 42 [9600/50000 (19%)]	Loss: 0.081400
Train Epoch: 42 [12800/50000 (26%)]	Loss: 0.298845
Train Epoch: 42 [16000/50000 (32%)]	Loss: 0.293913
Train Epoch: 42 [19200/50000 (38%)]	Loss: 0.183430
Train Epoch: 42 [22400/50000 (45%)]	Loss: 0.356117
Train Epoch: 42 [25600/50000 (51%)]	Loss: 0.262908
Train Epoch: 42 [28800/50000 (58%)]	Loss: 0.212340
Train Epoch: 42 [32000/50000 (64%)]	Loss: 0.210869
Train Epoch: 42 [35200/50000 (70%)]	Loss: 0.309312
Train Epoch: 42 [38400/50000 (77%)]	Loss: 0.255242
Train Epoch: 42 [41600/50000 (83%)]	Loss: 0.172101
Train Epoch: 42 [44800/50000 (90%)]	Loss: 0.179907
Train Epoch: 42 [48000/50000 (96%)]	Loss: 0.140254

Test set: Average loss: 0.0004, Accuracy: 8697/10000 (87%)

Train Epoch: 43 [0/50000 (0%)]	Loss: 0.189708
Train Epoch: 43 [3200/50000 (6%)]	Loss: 0.169880
Train Epoch: 43 [6400/50000 (13%)]	Loss: 0.137244
Train Epoch: 43 [9600/50000 (19%)]	Loss: 0.131382
Train Epoch: 43 [12800/50000 (26%)]	Loss: 0.129026
Train Epoch: 43 [16000/50000 (32%)]	Loss: 0.139317
Train Epoch: 43 [19200/50000 (38%)]	Loss: 0.296407
Train Epoch: 43 [22400/50000 (45%)]	Loss: 0.358083
Train Epoch: 43 [25600/50000 (51%)]	Loss: 0.208002
Train Epoch: 43 [28800/50000 (58%)]	Loss: 0.196166
Train Epoch: 43 [32000/50000 (64%)]	Loss: 0.251918
Train Epoch: 43 [35200/50000 (70%)]	Loss: 0.335129
Train Epoch: 43 [38400/50000 (77%)]	Loss: 0.266574
Train Epoch: 43 [41600/50000 (83%)]	Loss: 0.272284
Train Epoch: 43 [44800/50000 (90%)]	Loss: 0.132476
Train Epoch: 43 [48000/50000 (96%)]	Loss: 0.183802

Test set: Average loss: 0.0004, Accuracy: 8838/10000 (88%)

Train Epoch: 44 [0/50000 (0%)]	Loss: 0.104445
Train Epoch: 44 [3200/50000 (6%)]	Loss: 0.314561
Train Epoch: 44 [6400/50000 (13%)]	Loss: 0.207309
Train Epoch: 44 [9600/50000 (19%)]	Loss: 0.207680
Train Epoch: 44 [12800/50000 (26%)]	Loss: 0.091367
Train Epoch: 44 [16000/50000 (32%)]	Loss: 0.227510
Train Epoch: 44 [19200/50000 (38%)]	Loss: 0.155265
Train Epoch: 44 [22400/50000 (45%)]	Loss: 0.106286
Train Epoch: 44 [25600/50000 (51%)]	Loss: 0.187552
Train Epoch: 44 [28800/50000 (58%)]	Loss: 0.148028
Train Epoch: 44 [32000/50000 (64%)]	Loss: 0.192193
Train Epoch: 44 [35200/50000 (70%)]	Loss: 0.116118
Train Epoch: 44 [38400/50000 (77%)]	Loss: 0.124909
Train Epoch: 44 [41600/50000 (83%)]	Loss: 0.246330
Train Epoch: 44 [44800/50000 (90%)]	Loss: 0.390281
Train Epoch: 44 [48000/50000 (96%)]	Loss: 0.173149

Test set: Average loss: 0.0004, Accuracy: 8810/10000 (88%)

Train Epoch: 45 [0/50000 (0%)]	Loss: 0.251730
Train Epoch: 45 [3200/50000 (6%)]	Loss: 0.254029
Train Epoch: 45 [6400/50000 (13%)]	Loss: 0.143915
Train Epoch: 45 [9600/50000 (19%)]	Loss: 0.327393
Train Epoch: 45 [12800/50000 (26%)]	Loss: 0.209624
Train Epoch: 45 [16000/50000 (32%)]	Loss: 0.180605
Train Epoch: 45 [19200/50000 (38%)]	Loss: 0.249842
Train Epoch: 45 [22400/50000 (45%)]	Loss: 0.292804
Train Epoch: 45 [25600/50000 (51%)]	Loss: 0.234415
Train Epoch: 45 [28800/50000 (58%)]	Loss: 0.324452
Train Epoch: 45 [32000/50000 (64%)]	Loss: 0.170034
Train Epoch: 45 [35200/50000 (70%)]	Loss: 0.199272
Train Epoch: 45 [38400/50000 (77%)]	Loss: 0.188235
Train Epoch: 45 [41600/50000 (83%)]	Loss: 0.199991
Train Epoch: 45 [44800/50000 (90%)]	Loss: 0.096226
Train Epoch: 45 [48000/50000 (96%)]	Loss: 0.340451

Test set: Average loss: 0.0004, Accuracy: 8812/10000 (88%)

Train Epoch: 46 [0/50000 (0%)]	Loss: 0.207460
Train Epoch: 46 [3200/50000 (6%)]	Loss: 0.201327
Train Epoch: 46 [6400/50000 (13%)]	Loss: 0.104068
Train Epoch: 46 [9600/50000 (19%)]	Loss: 0.188526
Train Epoch: 46 [12800/50000 (26%)]	Loss: 0.272401
Train Epoch: 46 [16000/50000 (32%)]	Loss: 0.277126
Train Epoch: 46 [19200/50000 (38%)]	Loss: 0.381633
Train Epoch: 46 [22400/50000 (45%)]	Loss: 0.174382
Train Epoch: 46 [25600/50000 (51%)]	Loss: 0.229180
Train Epoch: 46 [28800/50000 (58%)]	Loss: 0.232674
Train Epoch: 46 [32000/50000 (64%)]	Loss: 0.188595
Train Epoch: 46 [35200/50000 (70%)]	Loss: 0.157089
Train Epoch: 46 [38400/50000 (77%)]	Loss: 0.364368
Train Epoch: 46 [41600/50000 (83%)]	Loss: 0.164217
Train Epoch: 46 [44800/50000 (90%)]	Loss: 0.118332
Train Epoch: 46 [48000/50000 (96%)]	Loss: 0.157301

Test set: Average loss: 0.0004, Accuracy: 8754/10000 (88%)

Train Epoch: 47 [0/50000 (0%)]	Loss: 0.154144
Train Epoch: 47 [3200/50000 (6%)]	Loss: 0.153467
Train Epoch: 47 [6400/50000 (13%)]	Loss: 0.140304
Train Epoch: 47 [9600/50000 (19%)]	Loss: 0.209651
Train Epoch: 47 [12800/50000 (26%)]	Loss: 0.122446
Train Epoch: 47 [16000/50000 (32%)]	Loss: 0.239228
Train Epoch: 47 [19200/50000 (38%)]	Loss: 0.100325
Train Epoch: 47 [22400/50000 (45%)]	Loss: 0.276289
Train Epoch: 47 [25600/50000 (51%)]	Loss: 0.072447
Train Epoch: 47 [28800/50000 (58%)]	Loss: 0.327222
Train Epoch: 47 [32000/50000 (64%)]	Loss: 0.219718
Train Epoch: 47 [35200/50000 (70%)]	Loss: 0.122427
Train Epoch: 47 [38400/50000 (77%)]	Loss: 0.123860
Train Epoch: 47 [41600/50000 (83%)]	Loss: 0.120515
Train Epoch: 47 [44800/50000 (90%)]	Loss: 0.172428
Train Epoch: 47 [48000/50000 (96%)]	Loss: 0.187474

Test set: Average loss: 0.0004, Accuracy: 8865/10000 (89%)

Train Epoch: 48 [0/50000 (0%)]	Loss: 0.278074
Train Epoch: 48 [3200/50000 (6%)]	Loss: 0.286582
Train Epoch: 48 [6400/50000 (13%)]	Loss: 0.249157
Train Epoch: 48 [9600/50000 (19%)]	Loss: 0.194603
Train Epoch: 48 [12800/50000 (26%)]	Loss: 0.192903
Train Epoch: 48 [16000/50000 (32%)]	Loss: 0.278129
Train Epoch: 48 [19200/50000 (38%)]	Loss: 0.258826
Train Epoch: 48 [22400/50000 (45%)]	Loss: 0.215967
Train Epoch: 48 [25600/50000 (51%)]	Loss: 0.173637
Train Epoch: 48 [28800/50000 (58%)]	Loss: 0.134112
Train Epoch: 48 [32000/50000 (64%)]	Loss: 0.120518
Train Epoch: 48 [35200/50000 (70%)]	Loss: 0.150335
Train Epoch: 48 [38400/50000 (77%)]	Loss: 0.141945
Train Epoch: 48 [41600/50000 (83%)]	Loss: 0.220490
Train Epoch: 48 [44800/50000 (90%)]	Loss: 0.187624
Train Epoch: 48 [48000/50000 (96%)]	Loss: 0.072762

Test set: Average loss: 0.0004, Accuracy: 8802/10000 (88%)

Train Epoch: 49 [0/50000 (0%)]	Loss: 0.091140
Train Epoch: 49 [3200/50000 (6%)]	Loss: 0.224542
Train Epoch: 49 [6400/50000 (13%)]	Loss: 0.240826
Train Epoch: 49 [9600/50000 (19%)]	Loss: 0.298149
Train Epoch: 49 [12800/50000 (26%)]	Loss: 0.336436
Train Epoch: 49 [16000/50000 (32%)]	Loss: 0.281859
Train Epoch: 49 [19200/50000 (38%)]	Loss: 0.246312
Train Epoch: 49 [22400/50000 (45%)]	Loss: 0.110181
Train Epoch: 49 [25600/50000 (51%)]	Loss: 0.193620
Train Epoch: 49 [28800/50000 (58%)]	Loss: 0.237071
Train Epoch: 49 [32000/50000 (64%)]	Loss: 0.169371
Train Epoch: 49 [35200/50000 (70%)]	Loss: 0.165927
Train Epoch: 49 [38400/50000 (77%)]	Loss: 0.087886
Train Epoch: 49 [41600/50000 (83%)]	Loss: 0.116878
Train Epoch: 49 [44800/50000 (90%)]	Loss: 0.224998
Train Epoch: 49 [48000/50000 (96%)]	Loss: 0.276314

Test set: Average loss: 0.0004, Accuracy: 8867/10000 (89%)

Train Epoch: 50 [0/50000 (0%)]	Loss: 0.216393
Train Epoch: 50 [3200/50000 (6%)]	Loss: 0.263122
Train Epoch: 50 [6400/50000 (13%)]	Loss: 0.283972
Train Epoch: 50 [9600/50000 (19%)]	Loss: 0.202853
Train Epoch: 50 [12800/50000 (26%)]	Loss: 0.225832
Train Epoch: 50 [16000/50000 (32%)]	Loss: 0.235770
Train Epoch: 50 [19200/50000 (38%)]	Loss: 0.266315
Train Epoch: 50 [22400/50000 (45%)]	Loss: 0.141653
Train Epoch: 50 [25600/50000 (51%)]	Loss: 0.128023
Train Epoch: 50 [28800/50000 (58%)]	Loss: 0.103676
Train Epoch: 50 [32000/50000 (64%)]	Loss: 0.158826
Train Epoch: 50 [35200/50000 (70%)]	Loss: 0.233982
Train Epoch: 50 [38400/50000 (77%)]	Loss: 0.189878
Train Epoch: 50 [41600/50000 (83%)]	Loss: 0.333900
Train Epoch: 50 [44800/50000 (90%)]	Loss: 0.172420
Train Epoch: 50 [48000/50000 (96%)]	Loss: 0.183350

Test set: Average loss: 0.0004, Accuracy: 8803/10000 (88%)

Train Epoch: 51 [0/50000 (0%)]	Loss: 0.054367
Train Epoch: 51 [3200/50000 (6%)]	Loss: 0.122688
Train Epoch: 51 [6400/50000 (13%)]	Loss: 0.229930
Train Epoch: 51 [9600/50000 (19%)]	Loss: 0.098110
Train Epoch: 51 [12800/50000 (26%)]	Loss: 0.101616
Train Epoch: 51 [16000/50000 (32%)]	Loss: 0.100445
Train Epoch: 51 [19200/50000 (38%)]	Loss: 0.174355
Train Epoch: 51 [22400/50000 (45%)]	Loss: 0.223881
Train Epoch: 51 [25600/50000 (51%)]	Loss: 0.279326
Train Epoch: 51 [28800/50000 (58%)]	Loss: 0.143172
Train Epoch: 51 [32000/50000 (64%)]	Loss: 0.203670
Train Epoch: 51 [35200/50000 (70%)]	Loss: 0.152512
Train Epoch: 51 [38400/50000 (77%)]	Loss: 0.166681
Train Epoch: 51 [41600/50000 (83%)]	Loss: 0.163732
Train Epoch: 51 [44800/50000 (90%)]	Loss: 0.425557
Train Epoch: 51 [48000/50000 (96%)]	Loss: 0.205453

Test set: Average loss: 0.0004, Accuracy: 8725/10000 (87%)

Train Epoch: 52 [0/50000 (0%)]	Loss: 0.100455
Train Epoch: 52 [3200/50000 (6%)]	Loss: 0.178295
Train Epoch: 52 [6400/50000 (13%)]	Loss: 0.288476
Train Epoch: 52 [9600/50000 (19%)]	Loss: 0.084079
Train Epoch: 52 [12800/50000 (26%)]	Loss: 0.064715
Train Epoch: 52 [16000/50000 (32%)]	Loss: 0.355321
Train Epoch: 52 [19200/50000 (38%)]	Loss: 0.245086
Train Epoch: 52 [22400/50000 (45%)]	Loss: 0.138768
Train Epoch: 52 [25600/50000 (51%)]	Loss: 0.174142
Train Epoch: 52 [28800/50000 (58%)]	Loss: 0.248031
Train Epoch: 52 [32000/50000 (64%)]	Loss: 0.179083
Train Epoch: 52 [35200/50000 (70%)]	Loss: 0.221354
Train Epoch: 52 [38400/50000 (77%)]	Loss: 0.253185
Train Epoch: 52 [41600/50000 (83%)]	Loss: 0.186759
Train Epoch: 52 [44800/50000 (90%)]	Loss: 0.140668
Train Epoch: 52 [48000/50000 (96%)]	Loss: 0.249741

Test set: Average loss: 0.0004, Accuracy: 8699/10000 (87%)

Train Epoch: 53 [0/50000 (0%)]	Loss: 0.089106
Train Epoch: 53 [3200/50000 (6%)]	Loss: 0.168641
Train Epoch: 53 [6400/50000 (13%)]	Loss: 0.213322
Train Epoch: 53 [9600/50000 (19%)]	Loss: 0.234555
Train Epoch: 53 [12800/50000 (26%)]	Loss: 0.169246
Train Epoch: 53 [16000/50000 (32%)]	Loss: 0.175440
Train Epoch: 53 [19200/50000 (38%)]	Loss: 0.253089
Train Epoch: 53 [22400/50000 (45%)]	Loss: 0.203628
Train Epoch: 53 [25600/50000 (51%)]	Loss: 0.145429
Train Epoch: 53 [28800/50000 (58%)]	Loss: 0.351636
Train Epoch: 53 [32000/50000 (64%)]	Loss: 0.107317
Train Epoch: 53 [35200/50000 (70%)]	Loss: 0.184618
Train Epoch: 53 [38400/50000 (77%)]	Loss: 0.136567
Train Epoch: 53 [41600/50000 (83%)]	Loss: 0.184670
Train Epoch: 53 [44800/50000 (90%)]	Loss: 0.125994
Train Epoch: 53 [48000/50000 (96%)]	Loss: 0.130226

Test set: Average loss: 0.0004, Accuracy: 8806/10000 (88%)

Train Epoch: 54 [0/50000 (0%)]	Loss: 0.139386
Train Epoch: 54 [3200/50000 (6%)]	Loss: 0.160132
Train Epoch: 54 [6400/50000 (13%)]	Loss: 0.106163
Train Epoch: 54 [9600/50000 (19%)]	Loss: 0.061372
Train Epoch: 54 [12800/50000 (26%)]	Loss: 0.161275
Train Epoch: 54 [16000/50000 (32%)]	Loss: 0.251197
Train Epoch: 54 [19200/50000 (38%)]	Loss: 0.118901
Train Epoch: 54 [22400/50000 (45%)]	Loss: 0.064978
Train Epoch: 54 [25600/50000 (51%)]	Loss: 0.084976
Train Epoch: 54 [28800/50000 (58%)]	Loss: 0.123658
Train Epoch: 54 [32000/50000 (64%)]	Loss: 0.127310
Train Epoch: 54 [35200/50000 (70%)]	Loss: 0.037152
Train Epoch: 54 [38400/50000 (77%)]	Loss: 0.185132
Train Epoch: 54 [41600/50000 (83%)]	Loss: 0.209008
Train Epoch: 54 [44800/50000 (90%)]	Loss: 0.149380
Train Epoch: 54 [48000/50000 (96%)]	Loss: 0.132469

Test set: Average loss: 0.0004, Accuracy: 8762/10000 (88%)

Train Epoch: 55 [0/50000 (0%)]	Loss: 0.132320
Train Epoch: 55 [3200/50000 (6%)]	Loss: 0.110875
Train Epoch: 55 [6400/50000 (13%)]	Loss: 0.234726
Train Epoch: 55 [9600/50000 (19%)]	Loss: 0.112491
Train Epoch: 55 [12800/50000 (26%)]	Loss: 0.167896
Train Epoch: 55 [16000/50000 (32%)]	Loss: 0.119737
Train Epoch: 55 [19200/50000 (38%)]	Loss: 0.205889
Train Epoch: 55 [22400/50000 (45%)]	Loss: 0.113511
Train Epoch: 55 [25600/50000 (51%)]	Loss: 0.190395
Train Epoch: 55 [28800/50000 (58%)]	Loss: 0.144012
Train Epoch: 55 [32000/50000 (64%)]	Loss: 0.234862
Train Epoch: 55 [35200/50000 (70%)]	Loss: 0.155401
Train Epoch: 55 [38400/50000 (77%)]	Loss: 0.095592
Train Epoch: 55 [41600/50000 (83%)]	Loss: 0.148031
Train Epoch: 55 [44800/50000 (90%)]	Loss: 0.135332
Train Epoch: 55 [48000/50000 (96%)]	Loss: 0.293267

Test set: Average loss: 0.0004, Accuracy: 8822/10000 (88%)

Train Epoch: 56 [0/50000 (0%)]	Loss: 0.198107
Train Epoch: 56 [3200/50000 (6%)]	Loss: 0.105630
Train Epoch: 56 [6400/50000 (13%)]	Loss: 0.084855
Train Epoch: 56 [9600/50000 (19%)]	Loss: 0.471649
Train Epoch: 56 [12800/50000 (26%)]	Loss: 0.260333
Train Epoch: 56 [16000/50000 (32%)]	Loss: 0.126621
Train Epoch: 56 [19200/50000 (38%)]	Loss: 0.277718
Train Epoch: 56 [22400/50000 (45%)]	Loss: 0.276517
Train Epoch: 56 [25600/50000 (51%)]	Loss: 0.362513
Train Epoch: 56 [28800/50000 (58%)]	Loss: 0.211327
Train Epoch: 56 [32000/50000 (64%)]	Loss: 0.265118
Train Epoch: 56 [35200/50000 (70%)]	Loss: 0.133440
Train Epoch: 56 [38400/50000 (77%)]	Loss: 0.145072
Train Epoch: 56 [41600/50000 (83%)]	Loss: 0.126348
Train Epoch: 56 [44800/50000 (90%)]	Loss: 0.139497
Train Epoch: 56 [48000/50000 (96%)]	Loss: 0.162083

Test set: Average loss: 0.0004, Accuracy: 8812/10000 (88%)

Train Epoch: 57 [0/50000 (0%)]	Loss: 0.102474
Train Epoch: 57 [3200/50000 (6%)]	Loss: 0.074622
Train Epoch: 57 [6400/50000 (13%)]	Loss: 0.101195
Train Epoch: 57 [9600/50000 (19%)]	Loss: 0.111911
Train Epoch: 57 [12800/50000 (26%)]	Loss: 0.121557
Train Epoch: 57 [16000/50000 (32%)]	Loss: 0.163760
Train Epoch: 57 [19200/50000 (38%)]	Loss: 0.168966
Train Epoch: 57 [22400/50000 (45%)]	Loss: 0.182933
Train Epoch: 57 [25600/50000 (51%)]	Loss: 0.336716
Train Epoch: 57 [28800/50000 (58%)]	Loss: 0.192310
Train Epoch: 57 [32000/50000 (64%)]	Loss: 0.079200
Train Epoch: 57 [35200/50000 (70%)]	Loss: 0.121865
Train Epoch: 57 [38400/50000 (77%)]	Loss: 0.209470
Train Epoch: 57 [41600/50000 (83%)]	Loss: 0.091796
Train Epoch: 57 [44800/50000 (90%)]	Loss: 0.059154
Train Epoch: 57 [48000/50000 (96%)]	Loss: 0.154581

Test set: Average loss: 0.0004, Accuracy: 8783/10000 (88%)

Train Epoch: 58 [0/50000 (0%)]	Loss: 0.141871
Train Epoch: 58 [3200/50000 (6%)]	Loss: 0.127748
Train Epoch: 58 [6400/50000 (13%)]	Loss: 0.150060
Train Epoch: 58 [9600/50000 (19%)]	Loss: 0.279071
Train Epoch: 58 [12800/50000 (26%)]	Loss: 0.094746
Train Epoch: 58 [16000/50000 (32%)]	Loss: 0.078253
Train Epoch: 58 [19200/50000 (38%)]	Loss: 0.113837
Train Epoch: 58 [22400/50000 (45%)]	Loss: 0.086288
Train Epoch: 58 [25600/50000 (51%)]	Loss: 0.097934
Train Epoch: 58 [28800/50000 (58%)]	Loss: 0.145211
Train Epoch: 58 [32000/50000 (64%)]	Loss: 0.230125
Train Epoch: 58 [35200/50000 (70%)]	Loss: 0.279340
Train Epoch: 58 [38400/50000 (77%)]	Loss: 0.204812
Train Epoch: 58 [41600/50000 (83%)]	Loss: 0.165792
Train Epoch: 58 [44800/50000 (90%)]	Loss: 0.091350
Train Epoch: 58 [48000/50000 (96%)]	Loss: 0.143741

Test set: Average loss: 0.0004, Accuracy: 8847/10000 (88%)

Train Epoch: 59 [0/50000 (0%)]	Loss: 0.098224
Train Epoch: 59 [3200/50000 (6%)]	Loss: 0.077198
Train Epoch: 59 [6400/50000 (13%)]	Loss: 0.210263
Train Epoch: 59 [9600/50000 (19%)]	Loss: 0.039397
Train Epoch: 59 [12800/50000 (26%)]	Loss: 0.163751
Train Epoch: 59 [16000/50000 (32%)]	Loss: 0.174725
Train Epoch: 59 [19200/50000 (38%)]	Loss: 0.299220
Train Epoch: 59 [22400/50000 (45%)]	Loss: 0.085384
Train Epoch: 59 [25600/50000 (51%)]	Loss: 0.230376
Train Epoch: 59 [28800/50000 (58%)]	Loss: 0.237091
Train Epoch: 59 [32000/50000 (64%)]	Loss: 0.155326
Train Epoch: 59 [35200/50000 (70%)]	Loss: 0.148681
Train Epoch: 59 [38400/50000 (77%)]	Loss: 0.170760
Train Epoch: 59 [41600/50000 (83%)]	Loss: 0.172853
Train Epoch: 59 [44800/50000 (90%)]	Loss: 0.073500
Train Epoch: 59 [48000/50000 (96%)]	Loss: 0.187324

Test set: Average loss: 0.0004, Accuracy: 8815/10000 (88%)

Train Epoch: 60 [0/50000 (0%)]	Loss: 0.184656
Train Epoch: 60 [3200/50000 (6%)]	Loss: 0.134237
Train Epoch: 60 [6400/50000 (13%)]	Loss: 0.205003
Train Epoch: 60 [9600/50000 (19%)]	Loss: 0.147904
Train Epoch: 60 [12800/50000 (26%)]	Loss: 0.108082
Train Epoch: 60 [16000/50000 (32%)]	Loss: 0.029324
Train Epoch: 60 [19200/50000 (38%)]	Loss: 0.119190
Train Epoch: 60 [22400/50000 (45%)]	Loss: 0.173569
Train Epoch: 60 [25600/50000 (51%)]	Loss: 0.092391
Train Epoch: 60 [28800/50000 (58%)]	Loss: 0.079037
Train Epoch: 60 [32000/50000 (64%)]	Loss: 0.128056
Train Epoch: 60 [35200/50000 (70%)]	Loss: 0.141638
Train Epoch: 60 [38400/50000 (77%)]	Loss: 0.218816
Train Epoch: 60 [41600/50000 (83%)]	Loss: 0.176558
Train Epoch: 60 [44800/50000 (90%)]	Loss: 0.252742
Train Epoch: 60 [48000/50000 (96%)]	Loss: 0.203967

Test set: Average loss: 0.0004, Accuracy: 8861/10000 (89%)

Train Epoch: 61 [0/50000 (0%)]	Loss: 0.181386
Train Epoch: 61 [3200/50000 (6%)]	Loss: 0.143556
Train Epoch: 61 [6400/50000 (13%)]	Loss: 0.118833
Train Epoch: 61 [9600/50000 (19%)]	Loss: 0.086542
Train Epoch: 61 [12800/50000 (26%)]	Loss: 0.185320
Train Epoch: 61 [16000/50000 (32%)]	Loss: 0.086818
Train Epoch: 61 [19200/50000 (38%)]	Loss: 0.126381
Train Epoch: 61 [22400/50000 (45%)]	Loss: 0.117347
Train Epoch: 61 [25600/50000 (51%)]	Loss: 0.087983
Train Epoch: 61 [28800/50000 (58%)]	Loss: 0.126037
Train Epoch: 61 [32000/50000 (64%)]	Loss: 0.183784
Train Epoch: 61 [35200/50000 (70%)]	Loss: 0.127859
Train Epoch: 61 [38400/50000 (77%)]	Loss: 0.198839
Train Epoch: 61 [41600/50000 (83%)]	Loss: 0.239185
Train Epoch: 61 [44800/50000 (90%)]	Loss: 0.284847
Train Epoch: 61 [48000/50000 (96%)]	Loss: 0.352118

Test set: Average loss: 0.0004, Accuracy: 8884/10000 (89%)

Train Epoch: 62 [0/50000 (0%)]	Loss: 0.133858
Train Epoch: 62 [3200/50000 (6%)]	Loss: 0.152053
Train Epoch: 62 [6400/50000 (13%)]	Loss: 0.176953
Train Epoch: 62 [9600/50000 (19%)]	Loss: 0.214672
Train Epoch: 62 [12800/50000 (26%)]	Loss: 0.144999
Train Epoch: 62 [16000/50000 (32%)]	Loss: 0.041311
Train Epoch: 62 [19200/50000 (38%)]	Loss: 0.137795
Train Epoch: 62 [22400/50000 (45%)]	Loss: 0.167340
Train Epoch: 62 [25600/50000 (51%)]	Loss: 0.119107
Train Epoch: 62 [28800/50000 (58%)]	Loss: 0.118015
Train Epoch: 62 [32000/50000 (64%)]	Loss: 0.238793
Train Epoch: 62 [35200/50000 (70%)]	Loss: 0.094619
Train Epoch: 62 [38400/50000 (77%)]	Loss: 0.086383
Train Epoch: 62 [41600/50000 (83%)]	Loss: 0.198234
Train Epoch: 62 [44800/50000 (90%)]	Loss: 0.163539
Train Epoch: 62 [48000/50000 (96%)]	Loss: 0.181042

Test set: Average loss: 0.0004, Accuracy: 8842/10000 (88%)

Train Epoch: 63 [0/50000 (0%)]	Loss: 0.157302
Train Epoch: 63 [3200/50000 (6%)]	Loss: 0.207281
Train Epoch: 63 [6400/50000 (13%)]	Loss: 0.035568
Train Epoch: 63 [9600/50000 (19%)]	Loss: 0.125253
Train Epoch: 63 [12800/50000 (26%)]	Loss: 0.163896
Train Epoch: 63 [16000/50000 (32%)]	Loss: 0.180750
Train Epoch: 63 [19200/50000 (38%)]	Loss: 0.215865
Train Epoch: 63 [22400/50000 (45%)]	Loss: 0.139134
Train Epoch: 63 [25600/50000 (51%)]	Loss: 0.091159
Train Epoch: 63 [28800/50000 (58%)]	Loss: 0.106789
Train Epoch: 63 [32000/50000 (64%)]	Loss: 0.312135
Train Epoch: 63 [35200/50000 (70%)]	Loss: 0.088122
Train Epoch: 63 [38400/50000 (77%)]	Loss: 0.178865
Train Epoch: 63 [41600/50000 (83%)]	Loss: 0.149815
Train Epoch: 63 [44800/50000 (90%)]	Loss: 0.057236
Train Epoch: 63 [48000/50000 (96%)]	Loss: 0.238567

Test set: Average loss: 0.0004, Accuracy: 8777/10000 (88%)

Train Epoch: 64 [0/50000 (0%)]	Loss: 0.229444
Train Epoch: 64 [3200/50000 (6%)]	Loss: 0.264149
Train Epoch: 64 [6400/50000 (13%)]	Loss: 0.111484
Train Epoch: 64 [9600/50000 (19%)]	Loss: 0.133181
Train Epoch: 64 [12800/50000 (26%)]	Loss: 0.088102
Train Epoch: 64 [16000/50000 (32%)]	Loss: 0.118128
Train Epoch: 64 [19200/50000 (38%)]	Loss: 0.084693
Train Epoch: 64 [22400/50000 (45%)]	Loss: 0.125290
Train Epoch: 64 [25600/50000 (51%)]	Loss: 0.071341
Train Epoch: 64 [28800/50000 (58%)]	Loss: 0.106433
Train Epoch: 64 [32000/50000 (64%)]	Loss: 0.074355
Train Epoch: 64 [35200/50000 (70%)]	Loss: 0.150957
Train Epoch: 64 [38400/50000 (77%)]	Loss: 0.056504
Train Epoch: 64 [41600/50000 (83%)]	Loss: 0.108813
Train Epoch: 64 [44800/50000 (90%)]	Loss: 0.247061
Train Epoch: 64 [48000/50000 (96%)]	Loss: 0.034914

Test set: Average loss: 0.0004, Accuracy: 8779/10000 (88%)

Train Epoch: 65 [0/50000 (0%)]	Loss: 0.096168
Train Epoch: 65 [3200/50000 (6%)]	Loss: 0.107060
Train Epoch: 65 [6400/50000 (13%)]	Loss: 0.385325
Train Epoch: 65 [9600/50000 (19%)]	Loss: 0.090461
Train Epoch: 65 [12800/50000 (26%)]	Loss: 0.124206
Train Epoch: 65 [16000/50000 (32%)]	Loss: 0.178030
Train Epoch: 65 [19200/50000 (38%)]	Loss: 0.141019
Train Epoch: 65 [22400/50000 (45%)]	Loss: 0.128844
Train Epoch: 65 [25600/50000 (51%)]	Loss: 0.191148
Train Epoch: 65 [28800/50000 (58%)]	Loss: 0.080746
Train Epoch: 65 [32000/50000 (64%)]	Loss: 0.138219
Train Epoch: 65 [35200/50000 (70%)]	Loss: 0.158235
Train Epoch: 65 [38400/50000 (77%)]	Loss: 0.135064
Train Epoch: 65 [41600/50000 (83%)]	Loss: 0.127095
Train Epoch: 65 [44800/50000 (90%)]	Loss: 0.241608
Train Epoch: 65 [48000/50000 (96%)]	Loss: 0.228062

Test set: Average loss: 0.0004, Accuracy: 8839/10000 (88%)

Train Epoch: 66 [0/50000 (0%)]	Loss: 0.156929
Train Epoch: 66 [3200/50000 (6%)]	Loss: 0.115599
Train Epoch: 66 [6400/50000 (13%)]	Loss: 0.141955
Train Epoch: 66 [9600/50000 (19%)]	Loss: 0.158488
Train Epoch: 66 [12800/50000 (26%)]	Loss: 0.033877
Train Epoch: 66 [16000/50000 (32%)]	Loss: 0.168022
Train Epoch: 66 [19200/50000 (38%)]	Loss: 0.117007
Train Epoch: 66 [22400/50000 (45%)]	Loss: 0.095019
Train Epoch: 66 [25600/50000 (51%)]	Loss: 0.124777
Train Epoch: 66 [28800/50000 (58%)]	Loss: 0.206583
Train Epoch: 66 [32000/50000 (64%)]	Loss: 0.123354
Train Epoch: 66 [35200/50000 (70%)]	Loss: 0.125750
Train Epoch: 66 [38400/50000 (77%)]	Loss: 0.248914
Train Epoch: 66 [41600/50000 (83%)]	Loss: 0.119424
Train Epoch: 66 [44800/50000 (90%)]	Loss: 0.143720
Train Epoch: 66 [48000/50000 (96%)]	Loss: 0.098541

Test set: Average loss: 0.0004, Accuracy: 8842/10000 (88%)

Train Epoch: 67 [0/50000 (0%)]	Loss: 0.065678
Train Epoch: 67 [3200/50000 (6%)]	Loss: 0.170929
Train Epoch: 67 [6400/50000 (13%)]	Loss: 0.142922
Train Epoch: 67 [9600/50000 (19%)]	Loss: 0.249366
Train Epoch: 67 [12800/50000 (26%)]	Loss: 0.188623
Train Epoch: 67 [16000/50000 (32%)]	Loss: 0.202634
Train Epoch: 67 [19200/50000 (38%)]	Loss: 0.151723
Train Epoch: 67 [22400/50000 (45%)]	Loss: 0.114840
Train Epoch: 67 [25600/50000 (51%)]	Loss: 0.129109
Train Epoch: 67 [28800/50000 (58%)]	Loss: 0.057771
Train Epoch: 67 [32000/50000 (64%)]	Loss: 0.244001
Train Epoch: 67 [35200/50000 (70%)]	Loss: 0.350879
Train Epoch: 67 [38400/50000 (77%)]	Loss: 0.087211
Train Epoch: 67 [41600/50000 (83%)]	Loss: 0.233604
Train Epoch: 67 [44800/50000 (90%)]	Loss: 0.062576
Train Epoch: 67 [48000/50000 (96%)]	Loss: 0.092062

Test set: Average loss: 0.0004, Accuracy: 8810/10000 (88%)

Train Epoch: 68 [0/50000 (0%)]	Loss: 0.248187
Train Epoch: 68 [3200/50000 (6%)]	Loss: 0.131064
Train Epoch: 68 [6400/50000 (13%)]	Loss: 0.209668
Train Epoch: 68 [9600/50000 (19%)]	Loss: 0.216990
Train Epoch: 68 [12800/50000 (26%)]	Loss: 0.136746
Train Epoch: 68 [16000/50000 (32%)]	Loss: 0.138999
Train Epoch: 68 [19200/50000 (38%)]	Loss: 0.041909
Train Epoch: 68 [22400/50000 (45%)]	Loss: 0.127965
Train Epoch: 68 [25600/50000 (51%)]	Loss: 0.224785
Train Epoch: 68 [28800/50000 (58%)]	Loss: 0.181032
Train Epoch: 68 [32000/50000 (64%)]	Loss: 0.116884
Train Epoch: 68 [35200/50000 (70%)]	Loss: 0.365781
Train Epoch: 68 [38400/50000 (77%)]	Loss: 0.119663
Train Epoch: 68 [41600/50000 (83%)]	Loss: 0.056051
Train Epoch: 68 [44800/50000 (90%)]	Loss: 0.062096
Train Epoch: 68 [48000/50000 (96%)]	Loss: 0.086704

Test set: Average loss: 0.0004, Accuracy: 8838/10000 (88%)

Train Epoch: 69 [0/50000 (0%)]	Loss: 0.054443
Train Epoch: 69 [3200/50000 (6%)]	Loss: 0.106449
Train Epoch: 69 [6400/50000 (13%)]	Loss: 0.155615
Train Epoch: 69 [9600/50000 (19%)]	Loss: 0.210194
Train Epoch: 69 [12800/50000 (26%)]	Loss: 0.189790
Train Epoch: 69 [16000/50000 (32%)]	Loss: 0.166327
Train Epoch: 69 [19200/50000 (38%)]	Loss: 0.138682
Train Epoch: 69 [22400/50000 (45%)]	Loss: 0.144157
Train Epoch: 69 [25600/50000 (51%)]	Loss: 0.152331
Train Epoch: 69 [28800/50000 (58%)]	Loss: 0.150190
Train Epoch: 69 [32000/50000 (64%)]	Loss: 0.178061
Train Epoch: 69 [35200/50000 (70%)]	Loss: 0.153512
Train Epoch: 69 [38400/50000 (77%)]	Loss: 0.172760
Train Epoch: 69 [41600/50000 (83%)]	Loss: 0.253638
Train Epoch: 69 [44800/50000 (90%)]	Loss: 0.219948
Train Epoch: 69 [48000/50000 (96%)]	Loss: 0.216431

Test set: Average loss: 0.0004, Accuracy: 8883/10000 (89%)

Train Epoch: 70 [0/50000 (0%)]	Loss: 0.148771
Train Epoch: 70 [3200/50000 (6%)]	Loss: 0.156751
Train Epoch: 70 [6400/50000 (13%)]	Loss: 0.145251
Train Epoch: 70 [9600/50000 (19%)]	Loss: 0.164710
Train Epoch: 70 [12800/50000 (26%)]	Loss: 0.060365
Train Epoch: 70 [16000/50000 (32%)]	Loss: 0.074736
Train Epoch: 70 [19200/50000 (38%)]	Loss: 0.070298
Train Epoch: 70 [22400/50000 (45%)]	Loss: 0.215919
Train Epoch: 70 [25600/50000 (51%)]	Loss: 0.268381
Train Epoch: 70 [28800/50000 (58%)]	Loss: 0.145490
Train Epoch: 70 [32000/50000 (64%)]	Loss: 0.239708
Train Epoch: 70 [35200/50000 (70%)]	Loss: 0.288827
Train Epoch: 70 [38400/50000 (77%)]	Loss: 0.096751
Train Epoch: 70 [41600/50000 (83%)]	Loss: 0.231495
Train Epoch: 70 [44800/50000 (90%)]	Loss: 0.160697
Train Epoch: 70 [48000/50000 (96%)]	Loss: 0.085961

Test set: Average loss: 0.0004, Accuracy: 8824/10000 (88%)

Train Epoch: 71 [0/50000 (0%)]	Loss: 0.139418
Train Epoch: 71 [3200/50000 (6%)]	Loss: 0.082782
Train Epoch: 71 [6400/50000 (13%)]	Loss: 0.071672
Train Epoch: 71 [9600/50000 (19%)]	Loss: 0.135921
Train Epoch: 71 [12800/50000 (26%)]	Loss: 0.092163
Train Epoch: 71 [16000/50000 (32%)]	Loss: 0.075916
Train Epoch: 71 [19200/50000 (38%)]	Loss: 0.125747
Train Epoch: 71 [22400/50000 (45%)]	Loss: 0.068642
Train Epoch: 71 [25600/50000 (51%)]	Loss: 0.046206
Train Epoch: 71 [28800/50000 (58%)]	Loss: 0.119765
Train Epoch: 71 [32000/50000 (64%)]	Loss: 0.064391
Train Epoch: 71 [35200/50000 (70%)]	Loss: 0.141265
Train Epoch: 71 [38400/50000 (77%)]	Loss: 0.144458
Train Epoch: 71 [41600/50000 (83%)]	Loss: 0.185256
Train Epoch: 71 [44800/50000 (90%)]	Loss: 0.154179
Train Epoch: 71 [48000/50000 (96%)]	Loss: 0.113947

Test set: Average loss: 0.0004, Accuracy: 8847/10000 (88%)

Train Epoch: 72 [0/50000 (0%)]	Loss: 0.086626
Train Epoch: 72 [3200/50000 (6%)]	Loss: 0.191411
Train Epoch: 72 [6400/50000 (13%)]	Loss: 0.199100
Train Epoch: 72 [9600/50000 (19%)]	Loss: 0.117585
Train Epoch: 72 [12800/50000 (26%)]	Loss: 0.138331
Train Epoch: 72 [16000/50000 (32%)]	Loss: 0.077295
Train Epoch: 72 [19200/50000 (38%)]	Loss: 0.052453
Train Epoch: 72 [22400/50000 (45%)]	Loss: 0.084242
Train Epoch: 72 [25600/50000 (51%)]	Loss: 0.171458
Train Epoch: 72 [28800/50000 (58%)]	Loss: 0.099442
Train Epoch: 72 [32000/50000 (64%)]	Loss: 0.275661
Train Epoch: 72 [35200/50000 (70%)]	Loss: 0.179102
Train Epoch: 72 [38400/50000 (77%)]	Loss: 0.314392
Train Epoch: 72 [41600/50000 (83%)]	Loss: 0.248372
Train Epoch: 72 [44800/50000 (90%)]	Loss: 0.090381
Train Epoch: 72 [48000/50000 (96%)]	Loss: 0.190687

Test set: Average loss: 0.0004, Accuracy: 8886/10000 (89%)

Train Epoch: 73 [0/50000 (0%)]	Loss: 0.249425
Train Epoch: 73 [3200/50000 (6%)]	Loss: 0.085983
Train Epoch: 73 [6400/50000 (13%)]	Loss: 0.082825
Train Epoch: 73 [9600/50000 (19%)]	Loss: 0.197796
Train Epoch: 73 [12800/50000 (26%)]	Loss: 0.182056
Train Epoch: 73 [16000/50000 (32%)]	Loss: 0.123232
Train Epoch: 73 [19200/50000 (38%)]	Loss: 0.084169
Train Epoch: 73 [22400/50000 (45%)]	Loss: 0.163715
Train Epoch: 73 [25600/50000 (51%)]	Loss: 0.095379
Train Epoch: 73 [28800/50000 (58%)]	Loss: 0.213039
Train Epoch: 73 [32000/50000 (64%)]	Loss: 0.147711
Train Epoch: 73 [35200/50000 (70%)]	Loss: 0.090122
Train Epoch: 73 [38400/50000 (77%)]	Loss: 0.117201
Train Epoch: 73 [41600/50000 (83%)]	Loss: 0.141649
Train Epoch: 73 [44800/50000 (90%)]	Loss: 0.081380
Train Epoch: 73 [48000/50000 (96%)]	Loss: 0.120472

Test set: Average loss: 0.0004, Accuracy: 8861/10000 (89%)

Train Epoch: 74 [0/50000 (0%)]	Loss: 0.172537
Train Epoch: 74 [3200/50000 (6%)]	Loss: 0.027648
Train Epoch: 74 [6400/50000 (13%)]	Loss: 0.238073
Train Epoch: 74 [9600/50000 (19%)]	Loss: 0.089783
Train Epoch: 74 [12800/50000 (26%)]	Loss: 0.163759
Train Epoch: 74 [16000/50000 (32%)]	Loss: 0.115759
Train Epoch: 74 [19200/50000 (38%)]	Loss: 0.026886
Train Epoch: 74 [22400/50000 (45%)]	Loss: 0.090971
Train Epoch: 74 [25600/50000 (51%)]	Loss: 0.020761
Train Epoch: 74 [28800/50000 (58%)]	Loss: 0.204007
Train Epoch: 74 [32000/50000 (64%)]	Loss: 0.204555
Train Epoch: 74 [35200/50000 (70%)]	Loss: 0.044091
Train Epoch: 74 [38400/50000 (77%)]	Loss: 0.258802
Train Epoch: 74 [41600/50000 (83%)]	Loss: 0.296042
Train Epoch: 74 [44800/50000 (90%)]	Loss: 0.100941
Train Epoch: 74 [48000/50000 (96%)]	Loss: 0.052460

Test set: Average loss: 0.0004, Accuracy: 8900/10000 (89%)

Train Epoch: 75 [0/50000 (0%)]	Loss: 0.154812
Train Epoch: 75 [3200/50000 (6%)]	Loss: 0.093958
Train Epoch: 75 [6400/50000 (13%)]	Loss: 0.060382
Train Epoch: 75 [9600/50000 (19%)]	Loss: 0.068222
Train Epoch: 75 [12800/50000 (26%)]	Loss: 0.100892
Train Epoch: 75 [16000/50000 (32%)]	Loss: 0.049102
Train Epoch: 75 [19200/50000 (38%)]	Loss: 0.137900
Train Epoch: 75 [22400/50000 (45%)]	Loss: 0.186316
Train Epoch: 75 [25600/50000 (51%)]	Loss: 0.087678
Train Epoch: 75 [28800/50000 (58%)]	Loss: 0.166961
Train Epoch: 75 [32000/50000 (64%)]	Loss: 0.071591
Train Epoch: 75 [35200/50000 (70%)]	Loss: 0.192056
Train Epoch: 75 [38400/50000 (77%)]	Loss: 0.135605
Train Epoch: 75 [41600/50000 (83%)]	Loss: 0.090836
Train Epoch: 75 [44800/50000 (90%)]	Loss: 0.173159
Train Epoch: 75 [48000/50000 (96%)]	Loss: 0.084406

Test set: Average loss: 0.0004, Accuracy: 8876/10000 (89%)

Train Epoch: 76 [0/50000 (0%)]	Loss: 0.048430
Train Epoch: 76 [3200/50000 (6%)]	Loss: 0.101788
Train Epoch: 76 [6400/50000 (13%)]	Loss: 0.245242
Train Epoch: 76 [9600/50000 (19%)]	Loss: 0.103483
Train Epoch: 76 [12800/50000 (26%)]	Loss: 0.172645
Train Epoch: 76 [16000/50000 (32%)]	Loss: 0.069105
Train Epoch: 76 [19200/50000 (38%)]	Loss: 0.293400
Train Epoch: 76 [22400/50000 (45%)]	Loss: 0.108950
Train Epoch: 76 [25600/50000 (51%)]	Loss: 0.086654
Train Epoch: 76 [28800/50000 (58%)]	Loss: 0.065364
Train Epoch: 76 [32000/50000 (64%)]	Loss: 0.065129
Train Epoch: 76 [35200/50000 (70%)]	Loss: 0.196593
Train Epoch: 76 [38400/50000 (77%)]	Loss: 0.158607
Train Epoch: 76 [41600/50000 (83%)]	Loss: 0.088000
Train Epoch: 76 [44800/50000 (90%)]	Loss: 0.154038
Train Epoch: 76 [48000/50000 (96%)]	Loss: 0.138651

Test set: Average loss: 0.0004, Accuracy: 8865/10000 (89%)

Train Epoch: 77 [0/50000 (0%)]	Loss: 0.087754
Train Epoch: 77 [3200/50000 (6%)]	Loss: 0.151509
Train Epoch: 77 [6400/50000 (13%)]	Loss: 0.100434
Train Epoch: 77 [9600/50000 (19%)]	Loss: 0.123505
Train Epoch: 77 [12800/50000 (26%)]	Loss: 0.110852
Train Epoch: 77 [16000/50000 (32%)]	Loss: 0.063303
Train Epoch: 77 [19200/50000 (38%)]	Loss: 0.212432
Train Epoch: 77 [22400/50000 (45%)]	Loss: 0.059072
Train Epoch: 77 [25600/50000 (51%)]	Loss: 0.114264
Train Epoch: 77 [28800/50000 (58%)]	Loss: 0.105208
Train Epoch: 77 [32000/50000 (64%)]	Loss: 0.050085
Train Epoch: 77 [35200/50000 (70%)]	Loss: 0.087330
Train Epoch: 77 [38400/50000 (77%)]	Loss: 0.188731
Train Epoch: 77 [41600/50000 (83%)]	Loss: 0.150710
Train Epoch: 77 [44800/50000 (90%)]	Loss: 0.106738
Train Epoch: 77 [48000/50000 (96%)]	Loss: 0.242093

Test set: Average loss: 0.0004, Accuracy: 8917/10000 (89%)

Train Epoch: 78 [0/50000 (0%)]	Loss: 0.090075
Train Epoch: 78 [3200/50000 (6%)]	Loss: 0.225670
Train Epoch: 78 [6400/50000 (13%)]	Loss: 0.052303
Train Epoch: 78 [9600/50000 (19%)]	Loss: 0.121624
Train Epoch: 78 [12800/50000 (26%)]	Loss: 0.139150
Train Epoch: 78 [16000/50000 (32%)]	Loss: 0.041693
Train Epoch: 78 [19200/50000 (38%)]	Loss: 0.102556
Train Epoch: 78 [22400/50000 (45%)]	Loss: 0.120624
Train Epoch: 78 [25600/50000 (51%)]	Loss: 0.173722
Train Epoch: 78 [28800/50000 (58%)]	Loss: 0.168828
Train Epoch: 78 [32000/50000 (64%)]	Loss: 0.141076
Train Epoch: 78 [35200/50000 (70%)]	Loss: 0.072710
Train Epoch: 78 [38400/50000 (77%)]	Loss: 0.168941
Train Epoch: 78 [41600/50000 (83%)]	Loss: 0.052701
Train Epoch: 78 [44800/50000 (90%)]	Loss: 0.153055
Train Epoch: 78 [48000/50000 (96%)]	Loss: 0.094017

Test set: Average loss: 0.0004, Accuracy: 8885/10000 (89%)

Train Epoch: 79 [0/50000 (0%)]	Loss: 0.108527
Train Epoch: 79 [3200/50000 (6%)]	Loss: 0.093952
Train Epoch: 79 [6400/50000 (13%)]	Loss: 0.044978
Train Epoch: 79 [9600/50000 (19%)]	Loss: 0.143051
Train Epoch: 79 [12800/50000 (26%)]	Loss: 0.125945
Train Epoch: 79 [16000/50000 (32%)]	Loss: 0.134751
Train Epoch: 79 [19200/50000 (38%)]	Loss: 0.122467
Train Epoch: 79 [22400/50000 (45%)]	Loss: 0.261426
Train Epoch: 79 [25600/50000 (51%)]	Loss: 0.056985
Train Epoch: 79 [28800/50000 (58%)]	Loss: 0.135255
Train Epoch: 79 [32000/50000 (64%)]	Loss: 0.223918
Train Epoch: 79 [35200/50000 (70%)]	Loss: 0.106463
Train Epoch: 79 [38400/50000 (77%)]	Loss: 0.225982
Train Epoch: 79 [41600/50000 (83%)]	Loss: 0.193228
Train Epoch: 79 [44800/50000 (90%)]	Loss: 0.144842
Train Epoch: 79 [48000/50000 (96%)]	Loss: 0.199011

Test set: Average loss: 0.0004, Accuracy: 8847/10000 (88%)

Train Epoch: 80 [0/50000 (0%)]	Loss: 0.149828
Train Epoch: 80 [3200/50000 (6%)]	Loss: 0.018746
Train Epoch: 80 [6400/50000 (13%)]	Loss: 0.077423
Train Epoch: 80 [9600/50000 (19%)]	Loss: 0.115151
Train Epoch: 80 [12800/50000 (26%)]	Loss: 0.259190
Train Epoch: 80 [16000/50000 (32%)]	Loss: 0.237316
Train Epoch: 80 [19200/50000 (38%)]	Loss: 0.159001
Train Epoch: 80 [22400/50000 (45%)]	Loss: 0.093949
Train Epoch: 80 [25600/50000 (51%)]	Loss: 0.146351
Train Epoch: 80 [28800/50000 (58%)]	Loss: 0.075246
Train Epoch: 80 [32000/50000 (64%)]	Loss: 0.112637
Train Epoch: 80 [35200/50000 (70%)]	Loss: 0.248565
Train Epoch: 80 [38400/50000 (77%)]	Loss: 0.062778
Train Epoch: 80 [41600/50000 (83%)]	Loss: 0.131068
Train Epoch: 80 [44800/50000 (90%)]	Loss: 0.038778
Train Epoch: 80 [48000/50000 (96%)]	Loss: 0.099768

Test set: Average loss: 0.0004, Accuracy: 8874/10000 (89%)

Train Epoch: 81 [0/50000 (0%)]	Loss: 0.057348
Train Epoch: 81 [3200/50000 (6%)]	Loss: 0.089175
Train Epoch: 81 [6400/50000 (13%)]	Loss: 0.052257
Train Epoch: 81 [9600/50000 (19%)]	Loss: 0.054069
Train Epoch: 81 [12800/50000 (26%)]	Loss: 0.069255
Train Epoch: 81 [16000/50000 (32%)]	Loss: 0.087136
Train Epoch: 81 [19200/50000 (38%)]	Loss: 0.058481
Train Epoch: 81 [22400/50000 (45%)]	Loss: 0.069065
Train Epoch: 81 [25600/50000 (51%)]	Loss: 0.030902
Train Epoch: 81 [28800/50000 (58%)]	Loss: 0.046262
Train Epoch: 81 [32000/50000 (64%)]	Loss: 0.041511
Train Epoch: 81 [35200/50000 (70%)]	Loss: 0.060157
Train Epoch: 81 [38400/50000 (77%)]	Loss: 0.037414
Train Epoch: 81 [41600/50000 (83%)]	Loss: 0.041513
Train Epoch: 81 [44800/50000 (90%)]	Loss: 0.103784
Train Epoch: 81 [48000/50000 (96%)]	Loss: 0.018020

Test set: Average loss: 0.0004, Accuracy: 8981/10000 (90%)

Train Epoch: 82 [0/50000 (0%)]	Loss: 0.111662
Train Epoch: 82 [3200/50000 (6%)]	Loss: 0.087995
Train Epoch: 82 [6400/50000 (13%)]	Loss: 0.090045
Train Epoch: 82 [9600/50000 (19%)]	Loss: 0.078521
Train Epoch: 82 [12800/50000 (26%)]	Loss: 0.146861
Train Epoch: 82 [16000/50000 (32%)]	Loss: 0.045997
Train Epoch: 82 [19200/50000 (38%)]	Loss: 0.040955
Train Epoch: 82 [22400/50000 (45%)]	Loss: 0.035510
Train Epoch: 82 [25600/50000 (51%)]	Loss: 0.158006
Train Epoch: 82 [28800/50000 (58%)]	Loss: 0.052685
Train Epoch: 82 [32000/50000 (64%)]	Loss: 0.065119
Train Epoch: 82 [35200/50000 (70%)]	Loss: 0.061532
Train Epoch: 82 [38400/50000 (77%)]	Loss: 0.041464
Train Epoch: 82 [41600/50000 (83%)]	Loss: 0.051119
Train Epoch: 82 [44800/50000 (90%)]	Loss: 0.020175
Train Epoch: 82 [48000/50000 (96%)]	Loss: 0.055929

Test set: Average loss: 0.0004, Accuracy: 9011/10000 (90%)

Train Epoch: 83 [0/50000 (0%)]	Loss: 0.045791
Train Epoch: 83 [3200/50000 (6%)]	Loss: 0.039225
Train Epoch: 83 [6400/50000 (13%)]	Loss: 0.103150
Train Epoch: 83 [9600/50000 (19%)]	Loss: 0.117136
Train Epoch: 83 [12800/50000 (26%)]	Loss: 0.104652
Train Epoch: 83 [16000/50000 (32%)]	Loss: 0.019313
Train Epoch: 83 [19200/50000 (38%)]	Loss: 0.034982
Train Epoch: 83 [22400/50000 (45%)]	Loss: 0.051215
Train Epoch: 83 [25600/50000 (51%)]	Loss: 0.073332
Train Epoch: 83 [28800/50000 (58%)]	Loss: 0.094311
Train Epoch: 83 [32000/50000 (64%)]	Loss: 0.088330
Train Epoch: 83 [35200/50000 (70%)]	Loss: 0.045516
Train Epoch: 83 [38400/50000 (77%)]	Loss: 0.014394
Train Epoch: 83 [41600/50000 (83%)]	Loss: 0.040220
Train Epoch: 83 [44800/50000 (90%)]	Loss: 0.077222
Train Epoch: 83 [48000/50000 (96%)]	Loss: 0.061864

Test set: Average loss: 0.0004, Accuracy: 9012/10000 (90%)

Train Epoch: 84 [0/50000 (0%)]	Loss: 0.091576
Train Epoch: 84 [3200/50000 (6%)]	Loss: 0.019525
Train Epoch: 84 [6400/50000 (13%)]	Loss: 0.045628
Train Epoch: 84 [9600/50000 (19%)]	Loss: 0.107305
Train Epoch: 84 [12800/50000 (26%)]	Loss: 0.061758
Train Epoch: 84 [16000/50000 (32%)]	Loss: 0.030267
Train Epoch: 84 [19200/50000 (38%)]	Loss: 0.088219
Train Epoch: 84 [22400/50000 (45%)]	Loss: 0.116483
Train Epoch: 84 [25600/50000 (51%)]	Loss: 0.106436
Train Epoch: 84 [28800/50000 (58%)]	Loss: 0.081359
Train Epoch: 84 [32000/50000 (64%)]	Loss: 0.085646
Train Epoch: 84 [35200/50000 (70%)]	Loss: 0.060471
Train Epoch: 84 [38400/50000 (77%)]	Loss: 0.094224
Train Epoch: 84 [41600/50000 (83%)]	Loss: 0.042651
Train Epoch: 84 [44800/50000 (90%)]	Loss: 0.053760
Train Epoch: 84 [48000/50000 (96%)]	Loss: 0.017119

Test set: Average loss: 0.0004, Accuracy: 9016/10000 (90%)

Train Epoch: 85 [0/50000 (0%)]	Loss: 0.045048
Train Epoch: 85 [3200/50000 (6%)]	Loss: 0.093415
Train Epoch: 85 [6400/50000 (13%)]	Loss: 0.090281
Train Epoch: 85 [9600/50000 (19%)]	Loss: 0.078969
Train Epoch: 85 [12800/50000 (26%)]	Loss: 0.050896
Train Epoch: 85 [16000/50000 (32%)]	Loss: 0.042001
Train Epoch: 85 [19200/50000 (38%)]	Loss: 0.050460
Train Epoch: 85 [22400/50000 (45%)]	Loss: 0.135188
Train Epoch: 85 [25600/50000 (51%)]	Loss: 0.112954
Train Epoch: 85 [28800/50000 (58%)]	Loss: 0.011611
Train Epoch: 85 [32000/50000 (64%)]	Loss: 0.069541
Train Epoch: 85 [35200/50000 (70%)]	Loss: 0.053375
Train Epoch: 85 [38400/50000 (77%)]	Loss: 0.011719
Train Epoch: 85 [41600/50000 (83%)]	Loss: 0.043150
Train Epoch: 85 [44800/50000 (90%)]	Loss: 0.036256
Train Epoch: 85 [48000/50000 (96%)]	Loss: 0.024938

Test set: Average loss: 0.0004, Accuracy: 9019/10000 (90%)

Train Epoch: 86 [0/50000 (0%)]	Loss: 0.072749
Train Epoch: 86 [3200/50000 (6%)]	Loss: 0.037505
Train Epoch: 86 [6400/50000 (13%)]	Loss: 0.042817
Train Epoch: 86 [9600/50000 (19%)]	Loss: 0.051972
Train Epoch: 86 [12800/50000 (26%)]	Loss: 0.041580
Train Epoch: 86 [16000/50000 (32%)]	Loss: 0.086654
Train Epoch: 86 [19200/50000 (38%)]	Loss: 0.111055
Train Epoch: 86 [22400/50000 (45%)]	Loss: 0.008800
Train Epoch: 86 [25600/50000 (51%)]	Loss: 0.058202
Train Epoch: 86 [28800/50000 (58%)]	Loss: 0.024730
Train Epoch: 86 [32000/50000 (64%)]	Loss: 0.022570
Train Epoch: 86 [35200/50000 (70%)]	Loss: 0.013978
Train Epoch: 86 [38400/50000 (77%)]	Loss: 0.030770
Train Epoch: 86 [41600/50000 (83%)]	Loss: 0.139581
Train Epoch: 86 [44800/50000 (90%)]	Loss: 0.071732
Train Epoch: 86 [48000/50000 (96%)]	Loss: 0.161022

Test set: Average loss: 0.0004, Accuracy: 9027/10000 (90%)

Train Epoch: 87 [0/50000 (0%)]	Loss: 0.035952
Train Epoch: 87 [3200/50000 (6%)]	Loss: 0.078829
Train Epoch: 87 [6400/50000 (13%)]	Loss: 0.047376
Train Epoch: 87 [9600/50000 (19%)]	Loss: 0.040479
Train Epoch: 87 [12800/50000 (26%)]	Loss: 0.097740
Train Epoch: 87 [16000/50000 (32%)]	Loss: 0.056181
Train Epoch: 87 [19200/50000 (38%)]	Loss: 0.031853
Train Epoch: 87 [22400/50000 (45%)]	Loss: 0.037159
Train Epoch: 87 [25600/50000 (51%)]	Loss: 0.148658
Train Epoch: 87 [28800/50000 (58%)]	Loss: 0.175287
Train Epoch: 87 [32000/50000 (64%)]	Loss: 0.016953
Train Epoch: 87 [35200/50000 (70%)]	Loss: 0.018957
Train Epoch: 87 [38400/50000 (77%)]	Loss: 0.046221
Train Epoch: 87 [41600/50000 (83%)]	Loss: 0.110726
Train Epoch: 87 [44800/50000 (90%)]	Loss: 0.011139
Train Epoch: 87 [48000/50000 (96%)]	Loss: 0.112391

Test set: Average loss: 0.0004, Accuracy: 9025/10000 (90%)

Train Epoch: 88 [0/50000 (0%)]	Loss: 0.097622
Train Epoch: 88 [3200/50000 (6%)]	Loss: 0.009537
Train Epoch: 88 [6400/50000 (13%)]	Loss: 0.040304
Train Epoch: 88 [9600/50000 (19%)]	Loss: 0.064804
Train Epoch: 88 [12800/50000 (26%)]	Loss: 0.071882
Train Epoch: 88 [16000/50000 (32%)]	Loss: 0.088932
Train Epoch: 88 [19200/50000 (38%)]	Loss: 0.121391
Train Epoch: 88 [22400/50000 (45%)]	Loss: 0.069740
Train Epoch: 88 [25600/50000 (51%)]	Loss: 0.031695
Train Epoch: 88 [28800/50000 (58%)]	Loss: 0.011986
Train Epoch: 88 [32000/50000 (64%)]	Loss: 0.059476
Train Epoch: 88 [35200/50000 (70%)]	Loss: 0.014787
Train Epoch: 88 [38400/50000 (77%)]	Loss: 0.012611
Train Epoch: 88 [41600/50000 (83%)]	Loss: 0.093445
Train Epoch: 88 [44800/50000 (90%)]	Loss: 0.054575
Train Epoch: 88 [48000/50000 (96%)]	Loss: 0.082611

Test set: Average loss: 0.0004, Accuracy: 9026/10000 (90%)

Train Epoch: 89 [0/50000 (0%)]	Loss: 0.033393
Train Epoch: 89 [3200/50000 (6%)]	Loss: 0.039840
Train Epoch: 89 [6400/50000 (13%)]	Loss: 0.009902
Train Epoch: 89 [9600/50000 (19%)]	Loss: 0.023401
Train Epoch: 89 [12800/50000 (26%)]	Loss: 0.047887
Train Epoch: 89 [16000/50000 (32%)]	Loss: 0.005996
Train Epoch: 89 [19200/50000 (38%)]	Loss: 0.031560
Train Epoch: 89 [22400/50000 (45%)]	Loss: 0.035657
Train Epoch: 89 [25600/50000 (51%)]	Loss: 0.026847
Train Epoch: 89 [28800/50000 (58%)]	Loss: 0.010712
Train Epoch: 89 [32000/50000 (64%)]	Loss: 0.031030
Train Epoch: 89 [35200/50000 (70%)]	Loss: 0.044193
Train Epoch: 89 [38400/50000 (77%)]	Loss: 0.035480
Train Epoch: 89 [41600/50000 (83%)]	Loss: 0.038369
Train Epoch: 89 [44800/50000 (90%)]	Loss: 0.052570
Train Epoch: 89 [48000/50000 (96%)]	Loss: 0.060996

Test set: Average loss: 0.0004, Accuracy: 9005/10000 (90%)

Train Epoch: 90 [0/50000 (0%)]	Loss: 0.045897
Train Epoch: 90 [3200/50000 (6%)]	Loss: 0.046639
Train Epoch: 90 [6400/50000 (13%)]	Loss: 0.016213
Train Epoch: 90 [9600/50000 (19%)]	Loss: 0.124037
Train Epoch: 90 [12800/50000 (26%)]	Loss: 0.071626
Train Epoch: 90 [16000/50000 (32%)]	Loss: 0.016112
Train Epoch: 90 [19200/50000 (38%)]	Loss: 0.033818
Train Epoch: 90 [22400/50000 (45%)]	Loss: 0.022353
Train Epoch: 90 [25600/50000 (51%)]	Loss: 0.012701
Train Epoch: 90 [28800/50000 (58%)]	Loss: 0.068028
Train Epoch: 90 [32000/50000 (64%)]	Loss: 0.019608
Train Epoch: 90 [35200/50000 (70%)]	Loss: 0.120405
Train Epoch: 90 [38400/50000 (77%)]	Loss: 0.034811
Train Epoch: 90 [41600/50000 (83%)]	Loss: 0.040072
Train Epoch: 90 [44800/50000 (90%)]	Loss: 0.040347
Train Epoch: 90 [48000/50000 (96%)]	Loss: 0.025091

Test set: Average loss: 0.0004, Accuracy: 9026/10000 (90%)

Train Epoch: 91 [0/50000 (0%)]	Loss: 0.057198
Train Epoch: 91 [3200/50000 (6%)]	Loss: 0.023363
Train Epoch: 91 [6400/50000 (13%)]	Loss: 0.034604
Train Epoch: 91 [9600/50000 (19%)]	Loss: 0.034228
Train Epoch: 91 [12800/50000 (26%)]	Loss: 0.004710
Train Epoch: 91 [16000/50000 (32%)]	Loss: 0.025091
Train Epoch: 91 [19200/50000 (38%)]	Loss: 0.028851
Train Epoch: 91 [22400/50000 (45%)]	Loss: 0.016564
Train Epoch: 91 [25600/50000 (51%)]	Loss: 0.062203
Train Epoch: 91 [28800/50000 (58%)]	Loss: 0.013884
Train Epoch: 91 [32000/50000 (64%)]	Loss: 0.027109
Train Epoch: 91 [35200/50000 (70%)]	Loss: 0.062049
Train Epoch: 91 [38400/50000 (77%)]	Loss: 0.005885
Train Epoch: 91 [41600/50000 (83%)]	Loss: 0.025968
Train Epoch: 91 [44800/50000 (90%)]	Loss: 0.038589
Train Epoch: 91 [48000/50000 (96%)]	Loss: 0.008533

Test set: Average loss: 0.0004, Accuracy: 9036/10000 (90%)

Train Epoch: 92 [0/50000 (0%)]	Loss: 0.021547
Train Epoch: 92 [3200/50000 (6%)]	Loss: 0.078544
Train Epoch: 92 [6400/50000 (13%)]	Loss: 0.029145
Train Epoch: 92 [9600/50000 (19%)]	Loss: 0.033526
Train Epoch: 92 [12800/50000 (26%)]	Loss: 0.097861
Train Epoch: 92 [16000/50000 (32%)]	Loss: 0.039500
Train Epoch: 92 [19200/50000 (38%)]	Loss: 0.052600
Train Epoch: 92 [22400/50000 (45%)]	Loss: 0.023406
Train Epoch: 92 [25600/50000 (51%)]	Loss: 0.004764
Train Epoch: 92 [28800/50000 (58%)]	Loss: 0.106611
Train Epoch: 92 [32000/50000 (64%)]	Loss: 0.010995
Train Epoch: 92 [35200/50000 (70%)]	Loss: 0.002205
Train Epoch: 92 [38400/50000 (77%)]	Loss: 0.026020
Train Epoch: 92 [41600/50000 (83%)]	Loss: 0.055851
Train Epoch: 92 [44800/50000 (90%)]	Loss: 0.012760
Train Epoch: 92 [48000/50000 (96%)]	Loss: 0.097127

Test set: Average loss: 0.0004, Accuracy: 9026/10000 (90%)

Train Epoch: 93 [0/50000 (0%)]	Loss: 0.035868
Train Epoch: 93 [3200/50000 (6%)]	Loss: 0.099010
Train Epoch: 93 [6400/50000 (13%)]	Loss: 0.066704
Train Epoch: 93 [9600/50000 (19%)]	Loss: 0.081002
Train Epoch: 93 [12800/50000 (26%)]	Loss: 0.044867
Train Epoch: 93 [16000/50000 (32%)]	Loss: 0.044914
Train Epoch: 93 [19200/50000 (38%)]	Loss: 0.071049
Train Epoch: 93 [22400/50000 (45%)]	Loss: 0.018967
Train Epoch: 93 [25600/50000 (51%)]	Loss: 0.014265
Train Epoch: 93 [28800/50000 (58%)]	Loss: 0.016303
Train Epoch: 93 [32000/50000 (64%)]	Loss: 0.086044
Train Epoch: 93 [35200/50000 (70%)]	Loss: 0.024125
Train Epoch: 93 [38400/50000 (77%)]	Loss: 0.026314
Train Epoch: 93 [41600/50000 (83%)]	Loss: 0.026412
Train Epoch: 93 [44800/50000 (90%)]	Loss: 0.041298
Train Epoch: 93 [48000/50000 (96%)]	Loss: 0.024923

Test set: Average loss: 0.0004, Accuracy: 9021/10000 (90%)

Train Epoch: 94 [0/50000 (0%)]	Loss: 0.043270
Train Epoch: 94 [3200/50000 (6%)]	Loss: 0.079069
Train Epoch: 94 [6400/50000 (13%)]	Loss: 0.105135
Train Epoch: 94 [9600/50000 (19%)]	Loss: 0.029974
Train Epoch: 94 [12800/50000 (26%)]	Loss: 0.044135
Train Epoch: 94 [16000/50000 (32%)]	Loss: 0.090197
Train Epoch: 94 [19200/50000 (38%)]	Loss: 0.022140
Train Epoch: 94 [22400/50000 (45%)]	Loss: 0.055020
Train Epoch: 94 [25600/50000 (51%)]	Loss: 0.030755
Train Epoch: 94 [28800/50000 (58%)]	Loss: 0.060367
Train Epoch: 94 [32000/50000 (64%)]	Loss: 0.013784
Train Epoch: 94 [35200/50000 (70%)]	Loss: 0.062493
Train Epoch: 94 [38400/50000 (77%)]	Loss: 0.025829
Train Epoch: 94 [41600/50000 (83%)]	Loss: 0.029159
Train Epoch: 94 [44800/50000 (90%)]	Loss: 0.032873
Train Epoch: 94 [48000/50000 (96%)]	Loss: 0.051239

Test set: Average loss: 0.0004, Accuracy: 9009/10000 (90%)

Train Epoch: 95 [0/50000 (0%)]	Loss: 0.027774
Train Epoch: 95 [3200/50000 (6%)]	Loss: 0.012446
Train Epoch: 95 [6400/50000 (13%)]	Loss: 0.070239
Train Epoch: 95 [9600/50000 (19%)]	Loss: 0.015722
Train Epoch: 95 [12800/50000 (26%)]	Loss: 0.025643
Train Epoch: 95 [16000/50000 (32%)]	Loss: 0.019643
Train Epoch: 95 [19200/50000 (38%)]	Loss: 0.060786
Train Epoch: 95 [22400/50000 (45%)]	Loss: 0.146374
Train Epoch: 95 [25600/50000 (51%)]	Loss: 0.004115
Train Epoch: 95 [28800/50000 (58%)]	Loss: 0.017427
Train Epoch: 95 [32000/50000 (64%)]	Loss: 0.038638
Train Epoch: 95 [35200/50000 (70%)]	Loss: 0.014077
Train Epoch: 95 [38400/50000 (77%)]	Loss: 0.061196
Train Epoch: 95 [41600/50000 (83%)]	Loss: 0.140195
Train Epoch: 95 [44800/50000 (90%)]	Loss: 0.115488
Train Epoch: 95 [48000/50000 (96%)]	Loss: 0.068984

Test set: Average loss: 0.0004, Accuracy: 9017/10000 (90%)

Train Epoch: 96 [0/50000 (0%)]	Loss: 0.036023
Train Epoch: 96 [3200/50000 (6%)]	Loss: 0.011204
Train Epoch: 96 [6400/50000 (13%)]	Loss: 0.011205
Train Epoch: 96 [9600/50000 (19%)]	Loss: 0.008550
Train Epoch: 96 [12800/50000 (26%)]	Loss: 0.060663
Train Epoch: 96 [16000/50000 (32%)]	Loss: 0.057738
Train Epoch: 96 [19200/50000 (38%)]	Loss: 0.006949
Train Epoch: 96 [22400/50000 (45%)]	Loss: 0.020917
Train Epoch: 96 [25600/50000 (51%)]	Loss: 0.058676
Train Epoch: 96 [28800/50000 (58%)]	Loss: 0.027873
Train Epoch: 96 [32000/50000 (64%)]	Loss: 0.131131
Train Epoch: 96 [35200/50000 (70%)]	Loss: 0.039821
Train Epoch: 96 [38400/50000 (77%)]	Loss: 0.078803
Train Epoch: 96 [41600/50000 (83%)]	Loss: 0.041074
Train Epoch: 96 [44800/50000 (90%)]	Loss: 0.012831
Train Epoch: 96 [48000/50000 (96%)]	Loss: 0.031991

Test set: Average loss: 0.0004, Accuracy: 9029/10000 (90%)

Train Epoch: 97 [0/50000 (0%)]	Loss: 0.009211
Train Epoch: 97 [3200/50000 (6%)]	Loss: 0.024547
Train Epoch: 97 [6400/50000 (13%)]	Loss: 0.058993
Train Epoch: 97 [9600/50000 (19%)]	Loss: 0.016494
Train Epoch: 97 [12800/50000 (26%)]	Loss: 0.014688
Train Epoch: 97 [16000/50000 (32%)]	Loss: 0.019533
Train Epoch: 97 [19200/50000 (38%)]	Loss: 0.057848
Train Epoch: 97 [22400/50000 (45%)]	Loss: 0.041305
Train Epoch: 97 [25600/50000 (51%)]	Loss: 0.008714
Train Epoch: 97 [28800/50000 (58%)]	Loss: 0.050637
Train Epoch: 97 [32000/50000 (64%)]	Loss: 0.057140
Train Epoch: 97 [35200/50000 (70%)]	Loss: 0.004923
Train Epoch: 97 [38400/50000 (77%)]	Loss: 0.031195
Train Epoch: 97 [41600/50000 (83%)]	Loss: 0.006535
Train Epoch: 97 [44800/50000 (90%)]	Loss: 0.040684
Train Epoch: 97 [48000/50000 (96%)]	Loss: 0.042597

Test set: Average loss: 0.0004, Accuracy: 9039/10000 (90%)

Train Epoch: 98 [0/50000 (0%)]	Loss: 0.026469
Train Epoch: 98 [3200/50000 (6%)]	Loss: 0.068360
Train Epoch: 98 [6400/50000 (13%)]	Loss: 0.022376
Train Epoch: 98 [9600/50000 (19%)]	Loss: 0.010364
Train Epoch: 98 [12800/50000 (26%)]	Loss: 0.030262
Train Epoch: 98 [16000/50000 (32%)]	Loss: 0.009196
Train Epoch: 98 [19200/50000 (38%)]	Loss: 0.083237
Train Epoch: 98 [22400/50000 (45%)]	Loss: 0.059416
Train Epoch: 98 [25600/50000 (51%)]	Loss: 0.047504
Train Epoch: 98 [28800/50000 (58%)]	Loss: 0.029629
Train Epoch: 98 [32000/50000 (64%)]	Loss: 0.053490
Train Epoch: 98 [35200/50000 (70%)]	Loss: 0.072481
Train Epoch: 98 [38400/50000 (77%)]	Loss: 0.047302
Train Epoch: 98 [41600/50000 (83%)]	Loss: 0.054148
Train Epoch: 98 [44800/50000 (90%)]	Loss: 0.017868
Train Epoch: 98 [48000/50000 (96%)]	Loss: 0.064678

Test set: Average loss: 0.0004, Accuracy: 9038/10000 (90%)

Train Epoch: 99 [0/50000 (0%)]	Loss: 0.055505
Train Epoch: 99 [3200/50000 (6%)]	Loss: 0.011556
Train Epoch: 99 [6400/50000 (13%)]	Loss: 0.054319
Train Epoch: 99 [9600/50000 (19%)]	Loss: 0.006954
Train Epoch: 99 [12800/50000 (26%)]	Loss: 0.015847
Train Epoch: 99 [16000/50000 (32%)]	Loss: 0.027014
Train Epoch: 99 [19200/50000 (38%)]	Loss: 0.068801
Train Epoch: 99 [22400/50000 (45%)]	Loss: 0.073225
Train Epoch: 99 [25600/50000 (51%)]	Loss: 0.017424
Train Epoch: 99 [28800/50000 (58%)]	Loss: 0.039130
Train Epoch: 99 [32000/50000 (64%)]	Loss: 0.101750
Train Epoch: 99 [35200/50000 (70%)]	Loss: 0.006178
Train Epoch: 99 [38400/50000 (77%)]	Loss: 0.002366
Train Epoch: 99 [41600/50000 (83%)]	Loss: 0.009817
Train Epoch: 99 [44800/50000 (90%)]	Loss: 0.041218
Train Epoch: 99 [48000/50000 (96%)]	Loss: 0.018984

Test set: Average loss: 0.0004, Accuracy: 9024/10000 (90%)

Train Epoch: 100 [0/50000 (0%)]	Loss: 0.054167
Train Epoch: 100 [3200/50000 (6%)]	Loss: 0.021915
Train Epoch: 100 [6400/50000 (13%)]	Loss: 0.035684
Train Epoch: 100 [9600/50000 (19%)]	Loss: 0.007757
Train Epoch: 100 [12800/50000 (26%)]	Loss: 0.082582
Train Epoch: 100 [16000/50000 (32%)]	Loss: 0.003509
Train Epoch: 100 [19200/50000 (38%)]	Loss: 0.006076
Train Epoch: 100 [22400/50000 (45%)]	Loss: 0.047134
Train Epoch: 100 [25600/50000 (51%)]	Loss: 0.032071
Train Epoch: 100 [28800/50000 (58%)]	Loss: 0.012957
Train Epoch: 100 [32000/50000 (64%)]	Loss: 0.034437
Train Epoch: 100 [35200/50000 (70%)]	Loss: 0.032872
Train Epoch: 100 [38400/50000 (77%)]	Loss: 0.050415
Train Epoch: 100 [41600/50000 (83%)]	Loss: 0.025194
Train Epoch: 100 [44800/50000 (90%)]	Loss: 0.058573
Train Epoch: 100 [48000/50000 (96%)]	Loss: 0.023468

Test set: Average loss: 0.0004, Accuracy: 9038/10000 (90%)

