Files already downloaded and verified
Files already downloaded and verified
Total parameters: 3183746
Train Epoch: 1 [0/50000 (0%)]	Loss: 2.426120
Train Epoch: 1 [3200/50000 (6%)]	Loss: 1.981003
Train Epoch: 1 [6400/50000 (13%)]	Loss: 2.244790
Train Epoch: 1 [9600/50000 (19%)]	Loss: 1.906782
Train Epoch: 1 [12800/50000 (26%)]	Loss: 1.725475
Train Epoch: 1 [16000/50000 (32%)]	Loss: 1.633051
Train Epoch: 1 [19200/50000 (38%)]	Loss: 1.672024
Train Epoch: 1 [22400/50000 (45%)]	Loss: 1.590477
Train Epoch: 1 [25600/50000 (51%)]	Loss: 1.737091
Train Epoch: 1 [28800/50000 (58%)]	Loss: 1.575312
Train Epoch: 1 [32000/50000 (64%)]	Loss: 1.492034
Train Epoch: 1 [35200/50000 (70%)]	Loss: 1.679564
Train Epoch: 1 [38400/50000 (77%)]	Loss: 1.792515
Train Epoch: 1 [41600/50000 (83%)]	Loss: 1.545111
Train Epoch: 1 [44800/50000 (90%)]	Loss: 1.787968
Train Epoch: 1 [48000/50000 (96%)]	Loss: 1.585343

Test set: Average loss: 0.0015, Accuracy: 4619/10000 (46%)

Train Epoch: 2 [0/50000 (0%)]	Loss: 1.468636
Train Epoch: 2 [3200/50000 (6%)]	Loss: 1.536807
Train Epoch: 2 [6400/50000 (13%)]	Loss: 1.369080
Train Epoch: 2 [9600/50000 (19%)]	Loss: 1.620440
Train Epoch: 2 [12800/50000 (26%)]	Loss: 1.381535
Train Epoch: 2 [16000/50000 (32%)]	Loss: 1.377618
Train Epoch: 2 [19200/50000 (38%)]	Loss: 1.558656
Train Epoch: 2 [22400/50000 (45%)]	Loss: 1.771307
Train Epoch: 2 [25600/50000 (51%)]	Loss: 1.301897
Train Epoch: 2 [28800/50000 (58%)]	Loss: 1.408857
Train Epoch: 2 [32000/50000 (64%)]	Loss: 1.308473
Train Epoch: 2 [35200/50000 (70%)]	Loss: 1.406482
Train Epoch: 2 [38400/50000 (77%)]	Loss: 1.232249
Train Epoch: 2 [41600/50000 (83%)]	Loss: 1.305731
Train Epoch: 2 [44800/50000 (90%)]	Loss: 1.350889
Train Epoch: 2 [48000/50000 (96%)]	Loss: 1.302881

Test set: Average loss: 0.0013, Accuracy: 5465/10000 (55%)

Train Epoch: 3 [0/50000 (0%)]	Loss: 1.298030
Train Epoch: 3 [3200/50000 (6%)]	Loss: 1.348495
Train Epoch: 3 [6400/50000 (13%)]	Loss: 1.257614
Train Epoch: 3 [9600/50000 (19%)]	Loss: 1.218502
Train Epoch: 3 [12800/50000 (26%)]	Loss: 1.288659
Train Epoch: 3 [16000/50000 (32%)]	Loss: 1.271254
Train Epoch: 3 [19200/50000 (38%)]	Loss: 1.139151
Train Epoch: 3 [22400/50000 (45%)]	Loss: 1.133184
Train Epoch: 3 [25600/50000 (51%)]	Loss: 1.128417
Train Epoch: 3 [28800/50000 (58%)]	Loss: 1.279472
Train Epoch: 3 [32000/50000 (64%)]	Loss: 1.152833
Train Epoch: 3 [35200/50000 (70%)]	Loss: 1.273197
Train Epoch: 3 [38400/50000 (77%)]	Loss: 0.937858
Train Epoch: 3 [41600/50000 (83%)]	Loss: 1.177912
Train Epoch: 3 [44800/50000 (90%)]	Loss: 1.221911
Train Epoch: 3 [48000/50000 (96%)]	Loss: 1.098151

Test set: Average loss: 0.0011, Accuracy: 6093/10000 (61%)

Train Epoch: 4 [0/50000 (0%)]	Loss: 1.157431
Train Epoch: 4 [3200/50000 (6%)]	Loss: 1.283845
Train Epoch: 4 [6400/50000 (13%)]	Loss: 1.115092
Train Epoch: 4 [9600/50000 (19%)]	Loss: 0.995334
Train Epoch: 4 [12800/50000 (26%)]	Loss: 1.052801
Train Epoch: 4 [16000/50000 (32%)]	Loss: 1.139163
Train Epoch: 4 [19200/50000 (38%)]	Loss: 0.997926
Train Epoch: 4 [22400/50000 (45%)]	Loss: 0.922221
Train Epoch: 4 [25600/50000 (51%)]	Loss: 0.943069
Train Epoch: 4 [28800/50000 (58%)]	Loss: 1.140473
Train Epoch: 4 [32000/50000 (64%)]	Loss: 1.289797
Train Epoch: 4 [35200/50000 (70%)]	Loss: 0.938291
Train Epoch: 4 [38400/50000 (77%)]	Loss: 1.076898
Train Epoch: 4 [41600/50000 (83%)]	Loss: 0.971998
Train Epoch: 4 [44800/50000 (90%)]	Loss: 1.066048
Train Epoch: 4 [48000/50000 (96%)]	Loss: 1.133523

Test set: Average loss: 0.0009, Accuracy: 6892/10000 (69%)

Train Epoch: 5 [0/50000 (0%)]	Loss: 0.826437
Train Epoch: 5 [3200/50000 (6%)]	Loss: 0.954851
Train Epoch: 5 [6400/50000 (13%)]	Loss: 0.901689
Train Epoch: 5 [9600/50000 (19%)]	Loss: 0.898214
Train Epoch: 5 [12800/50000 (26%)]	Loss: 0.811343
Train Epoch: 5 [16000/50000 (32%)]	Loss: 1.048280
Train Epoch: 5 [19200/50000 (38%)]	Loss: 1.185193
Train Epoch: 5 [22400/50000 (45%)]	Loss: 0.704206
Train Epoch: 5 [25600/50000 (51%)]	Loss: 0.995207
Train Epoch: 5 [28800/50000 (58%)]	Loss: 1.078171
Train Epoch: 5 [32000/50000 (64%)]	Loss: 0.981722
Train Epoch: 5 [35200/50000 (70%)]	Loss: 1.109382
Train Epoch: 5 [38400/50000 (77%)]	Loss: 0.755508
Train Epoch: 5 [41600/50000 (83%)]	Loss: 0.593270
Train Epoch: 5 [44800/50000 (90%)]	Loss: 0.899296
Train Epoch: 5 [48000/50000 (96%)]	Loss: 1.263688

Test set: Average loss: 0.0008, Accuracy: 7201/10000 (72%)

Train Epoch: 6 [0/50000 (0%)]	Loss: 0.631430
Train Epoch: 6 [3200/50000 (6%)]	Loss: 0.911263
Train Epoch: 6 [6400/50000 (13%)]	Loss: 1.056374
Train Epoch: 6 [9600/50000 (19%)]	Loss: 0.798923
Train Epoch: 6 [12800/50000 (26%)]	Loss: 0.638630
Train Epoch: 6 [16000/50000 (32%)]	Loss: 0.679337
Train Epoch: 6 [19200/50000 (38%)]	Loss: 0.920576
Train Epoch: 6 [22400/50000 (45%)]	Loss: 0.784165
Train Epoch: 6 [25600/50000 (51%)]	Loss: 0.835361
Train Epoch: 6 [28800/50000 (58%)]	Loss: 0.821836
Train Epoch: 6 [32000/50000 (64%)]	Loss: 0.724897
Train Epoch: 6 [35200/50000 (70%)]	Loss: 0.888610
Train Epoch: 6 [38400/50000 (77%)]	Loss: 0.996649
Train Epoch: 6 [41600/50000 (83%)]	Loss: 0.860031
Train Epoch: 6 [44800/50000 (90%)]	Loss: 0.673569
Train Epoch: 6 [48000/50000 (96%)]	Loss: 0.707269

Test set: Average loss: 0.0007, Accuracy: 7426/10000 (74%)

Train Epoch: 7 [0/50000 (0%)]	Loss: 0.889217
Train Epoch: 7 [3200/50000 (6%)]	Loss: 0.659052
Train Epoch: 7 [6400/50000 (13%)]	Loss: 0.857092
Train Epoch: 7 [9600/50000 (19%)]	Loss: 0.664291
Train Epoch: 7 [12800/50000 (26%)]	Loss: 0.791170
Train Epoch: 7 [16000/50000 (32%)]	Loss: 0.975856
Train Epoch: 7 [19200/50000 (38%)]	Loss: 0.665264
Train Epoch: 7 [22400/50000 (45%)]	Loss: 0.636792
Train Epoch: 7 [25600/50000 (51%)]	Loss: 0.759503
Train Epoch: 7 [28800/50000 (58%)]	Loss: 0.646523
Train Epoch: 7 [32000/50000 (64%)]	Loss: 0.622731
Train Epoch: 7 [35200/50000 (70%)]	Loss: 0.726597
Train Epoch: 7 [38400/50000 (77%)]	Loss: 0.593101
Train Epoch: 7 [41600/50000 (83%)]	Loss: 0.789765
Train Epoch: 7 [44800/50000 (90%)]	Loss: 0.805353
Train Epoch: 7 [48000/50000 (96%)]	Loss: 0.750896

Test set: Average loss: 0.0007, Accuracy: 7764/10000 (78%)

Train Epoch: 8 [0/50000 (0%)]	Loss: 1.099676
Train Epoch: 8 [3200/50000 (6%)]	Loss: 0.919599
Train Epoch: 8 [6400/50000 (13%)]	Loss: 0.466614
Train Epoch: 8 [9600/50000 (19%)]	Loss: 0.654031
Train Epoch: 8 [12800/50000 (26%)]	Loss: 0.512566
Train Epoch: 8 [16000/50000 (32%)]	Loss: 0.766532
Train Epoch: 8 [19200/50000 (38%)]	Loss: 0.702984
Train Epoch: 8 [22400/50000 (45%)]	Loss: 0.686501
Train Epoch: 8 [25600/50000 (51%)]	Loss: 0.603823
Train Epoch: 8 [28800/50000 (58%)]	Loss: 0.559953
Train Epoch: 8 [32000/50000 (64%)]	Loss: 0.623212
Train Epoch: 8 [35200/50000 (70%)]	Loss: 0.638661
Train Epoch: 8 [38400/50000 (77%)]	Loss: 0.842054
Train Epoch: 8 [41600/50000 (83%)]	Loss: 0.508812
Train Epoch: 8 [44800/50000 (90%)]	Loss: 0.624482
Train Epoch: 8 [48000/50000 (96%)]	Loss: 0.651110

Test set: Average loss: 0.0006, Accuracy: 7932/10000 (79%)

Train Epoch: 9 [0/50000 (0%)]	Loss: 0.638158
Train Epoch: 9 [3200/50000 (6%)]	Loss: 0.525917
Train Epoch: 9 [6400/50000 (13%)]	Loss: 0.646947
Train Epoch: 9 [9600/50000 (19%)]	Loss: 0.648699
Train Epoch: 9 [12800/50000 (26%)]	Loss: 0.661023
Train Epoch: 9 [16000/50000 (32%)]	Loss: 0.592094
Train Epoch: 9 [19200/50000 (38%)]	Loss: 0.514066
Train Epoch: 9 [22400/50000 (45%)]	Loss: 0.539570
Train Epoch: 9 [25600/50000 (51%)]	Loss: 0.711326
Train Epoch: 9 [28800/50000 (58%)]	Loss: 0.720434
Train Epoch: 9 [32000/50000 (64%)]	Loss: 0.773021
Train Epoch: 9 [35200/50000 (70%)]	Loss: 0.824770
Train Epoch: 9 [38400/50000 (77%)]	Loss: 0.609158
Train Epoch: 9 [41600/50000 (83%)]	Loss: 0.785646
Train Epoch: 9 [44800/50000 (90%)]	Loss: 0.690346
Train Epoch: 9 [48000/50000 (96%)]	Loss: 0.451443

Test set: Average loss: 0.0006, Accuracy: 8062/10000 (81%)

Train Epoch: 10 [0/50000 (0%)]	Loss: 0.502991
Train Epoch: 10 [3200/50000 (6%)]	Loss: 0.654079
Train Epoch: 10 [6400/50000 (13%)]	Loss: 0.632276
Train Epoch: 10 [9600/50000 (19%)]	Loss: 0.497053
Train Epoch: 10 [12800/50000 (26%)]	Loss: 0.541876
Train Epoch: 10 [16000/50000 (32%)]	Loss: 0.650708
Train Epoch: 10 [19200/50000 (38%)]	Loss: 0.310458
Train Epoch: 10 [22400/50000 (45%)]	Loss: 0.900410
Train Epoch: 10 [25600/50000 (51%)]	Loss: 0.521584
Train Epoch: 10 [28800/50000 (58%)]	Loss: 0.495344
Train Epoch: 10 [32000/50000 (64%)]	Loss: 0.336477
Train Epoch: 10 [35200/50000 (70%)]	Loss: 0.593655
Train Epoch: 10 [38400/50000 (77%)]	Loss: 0.624580
Train Epoch: 10 [41600/50000 (83%)]	Loss: 0.891969
Train Epoch: 10 [44800/50000 (90%)]	Loss: 0.476501
Train Epoch: 10 [48000/50000 (96%)]	Loss: 0.315121

Test set: Average loss: 0.0006, Accuracy: 8095/10000 (81%)

Train Epoch: 11 [0/50000 (0%)]	Loss: 0.380711
Train Epoch: 11 [3200/50000 (6%)]	Loss: 0.511231
Train Epoch: 11 [6400/50000 (13%)]	Loss: 0.738564
Train Epoch: 11 [9600/50000 (19%)]	Loss: 0.501729
Train Epoch: 11 [12800/50000 (26%)]	Loss: 0.529267
Train Epoch: 11 [16000/50000 (32%)]	Loss: 0.437218
Train Epoch: 11 [19200/50000 (38%)]	Loss: 0.562112
Train Epoch: 11 [22400/50000 (45%)]	Loss: 0.412528
Train Epoch: 11 [25600/50000 (51%)]	Loss: 0.464503
Train Epoch: 11 [28800/50000 (58%)]	Loss: 0.534530
Train Epoch: 11 [32000/50000 (64%)]	Loss: 0.458642
Train Epoch: 11 [35200/50000 (70%)]	Loss: 0.609879
Train Epoch: 11 [38400/50000 (77%)]	Loss: 0.525653
Train Epoch: 11 [41600/50000 (83%)]	Loss: 0.779226
Train Epoch: 11 [44800/50000 (90%)]	Loss: 0.575416
Train Epoch: 11 [48000/50000 (96%)]	Loss: 0.577161

Test set: Average loss: 0.0006, Accuracy: 8091/10000 (81%)

Train Epoch: 12 [0/50000 (0%)]	Loss: 0.570726
Train Epoch: 12 [3200/50000 (6%)]	Loss: 0.642216
Train Epoch: 12 [6400/50000 (13%)]	Loss: 0.370300
Train Epoch: 12 [9600/50000 (19%)]	Loss: 0.542252
Train Epoch: 12 [12800/50000 (26%)]	Loss: 0.449619
Train Epoch: 12 [16000/50000 (32%)]	Loss: 0.348151
Train Epoch: 12 [19200/50000 (38%)]	Loss: 0.441699
Train Epoch: 12 [22400/50000 (45%)]	Loss: 0.393911
Train Epoch: 12 [25600/50000 (51%)]	Loss: 0.412808
Train Epoch: 12 [28800/50000 (58%)]	Loss: 0.427478
Train Epoch: 12 [32000/50000 (64%)]	Loss: 0.430131
Train Epoch: 12 [35200/50000 (70%)]	Loss: 0.690040
Train Epoch: 12 [38400/50000 (77%)]	Loss: 0.650068
Train Epoch: 12 [41600/50000 (83%)]	Loss: 0.336372
Train Epoch: 12 [44800/50000 (90%)]	Loss: 0.522549
Train Epoch: 12 [48000/50000 (96%)]	Loss: 0.455101

Test set: Average loss: 0.0005, Accuracy: 8202/10000 (82%)

Train Epoch: 13 [0/50000 (0%)]	Loss: 0.392937
Train Epoch: 13 [3200/50000 (6%)]	Loss: 0.544169
Train Epoch: 13 [6400/50000 (13%)]	Loss: 0.445052
Train Epoch: 13 [9600/50000 (19%)]	Loss: 0.430752
Train Epoch: 13 [12800/50000 (26%)]	Loss: 0.490187
Train Epoch: 13 [16000/50000 (32%)]	Loss: 0.378367
Train Epoch: 13 [19200/50000 (38%)]	Loss: 0.498241
Train Epoch: 13 [22400/50000 (45%)]	Loss: 0.448090
Train Epoch: 13 [25600/50000 (51%)]	Loss: 0.754423
Train Epoch: 13 [28800/50000 (58%)]	Loss: 0.285698
Train Epoch: 13 [32000/50000 (64%)]	Loss: 0.628319
Train Epoch: 13 [35200/50000 (70%)]	Loss: 0.529297
Train Epoch: 13 [38400/50000 (77%)]	Loss: 0.402984
Train Epoch: 13 [41600/50000 (83%)]	Loss: 0.371809
Train Epoch: 13 [44800/50000 (90%)]	Loss: 0.390663
Train Epoch: 13 [48000/50000 (96%)]	Loss: 0.343790

Test set: Average loss: 0.0005, Accuracy: 8214/10000 (82%)

Train Epoch: 14 [0/50000 (0%)]	Loss: 0.470268
Train Epoch: 14 [3200/50000 (6%)]	Loss: 0.295766
Train Epoch: 14 [6400/50000 (13%)]	Loss: 0.701694
Train Epoch: 14 [9600/50000 (19%)]	Loss: 0.495295
Train Epoch: 14 [12800/50000 (26%)]	Loss: 0.279806
Train Epoch: 14 [16000/50000 (32%)]	Loss: 0.383390
Train Epoch: 14 [19200/50000 (38%)]	Loss: 0.520230
Train Epoch: 14 [22400/50000 (45%)]	Loss: 0.488625
Train Epoch: 14 [25600/50000 (51%)]	Loss: 0.427753
Train Epoch: 14 [28800/50000 (58%)]	Loss: 0.560385
Train Epoch: 14 [32000/50000 (64%)]	Loss: 0.832289
Train Epoch: 14 [35200/50000 (70%)]	Loss: 0.524606
Train Epoch: 14 [38400/50000 (77%)]	Loss: 0.510505
Train Epoch: 14 [41600/50000 (83%)]	Loss: 0.773915
Train Epoch: 14 [44800/50000 (90%)]	Loss: 0.226640
Train Epoch: 14 [48000/50000 (96%)]	Loss: 0.587790

Test set: Average loss: 0.0005, Accuracy: 8259/10000 (83%)

Train Epoch: 15 [0/50000 (0%)]	Loss: 0.427797
Train Epoch: 15 [3200/50000 (6%)]	Loss: 0.483610
Train Epoch: 15 [6400/50000 (13%)]	Loss: 0.463370
Train Epoch: 15 [9600/50000 (19%)]	Loss: 0.513078
Train Epoch: 15 [12800/50000 (26%)]	Loss: 0.633506
Train Epoch: 15 [16000/50000 (32%)]	Loss: 0.452562
Train Epoch: 15 [19200/50000 (38%)]	Loss: 0.253282
Train Epoch: 15 [22400/50000 (45%)]	Loss: 0.418160
Train Epoch: 15 [25600/50000 (51%)]	Loss: 0.463905
Train Epoch: 15 [28800/50000 (58%)]	Loss: 0.415497
Train Epoch: 15 [32000/50000 (64%)]	Loss: 0.484520
Train Epoch: 15 [35200/50000 (70%)]	Loss: 0.238336
Train Epoch: 15 [38400/50000 (77%)]	Loss: 0.275479
Train Epoch: 15 [41600/50000 (83%)]	Loss: 0.528158
Train Epoch: 15 [44800/50000 (90%)]	Loss: 0.170169
Train Epoch: 15 [48000/50000 (96%)]	Loss: 0.597089

Test set: Average loss: 0.0005, Accuracy: 8378/10000 (84%)

Train Epoch: 16 [0/50000 (0%)]	Loss: 0.383282
Train Epoch: 16 [3200/50000 (6%)]	Loss: 0.466337
Train Epoch: 16 [6400/50000 (13%)]	Loss: 0.409489
Train Epoch: 16 [9600/50000 (19%)]	Loss: 0.304530
Train Epoch: 16 [12800/50000 (26%)]	Loss: 0.752571
Train Epoch: 16 [16000/50000 (32%)]	Loss: 0.391674
Train Epoch: 16 [19200/50000 (38%)]	Loss: 0.382284
Train Epoch: 16 [22400/50000 (45%)]	Loss: 0.327293
Train Epoch: 16 [25600/50000 (51%)]	Loss: 0.381478
Train Epoch: 16 [28800/50000 (58%)]	Loss: 0.526401
Train Epoch: 16 [32000/50000 (64%)]	Loss: 0.496965
Train Epoch: 16 [35200/50000 (70%)]	Loss: 0.322588
Train Epoch: 16 [38400/50000 (77%)]	Loss: 0.662889
Train Epoch: 16 [41600/50000 (83%)]	Loss: 0.415741
Train Epoch: 16 [44800/50000 (90%)]	Loss: 0.526478
Train Epoch: 16 [48000/50000 (96%)]	Loss: 0.328110

Test set: Average loss: 0.0005, Accuracy: 8474/10000 (85%)

Train Epoch: 17 [0/50000 (0%)]	Loss: 0.504518
Train Epoch: 17 [3200/50000 (6%)]	Loss: 0.383373
Train Epoch: 17 [6400/50000 (13%)]	Loss: 0.409554
Train Epoch: 17 [9600/50000 (19%)]	Loss: 0.550103
Train Epoch: 17 [12800/50000 (26%)]	Loss: 0.392387
Train Epoch: 17 [16000/50000 (32%)]	Loss: 0.419897
Train Epoch: 17 [19200/50000 (38%)]	Loss: 0.264014
Train Epoch: 17 [22400/50000 (45%)]	Loss: 0.292024
Train Epoch: 17 [25600/50000 (51%)]	Loss: 0.446375
Train Epoch: 17 [28800/50000 (58%)]	Loss: 0.531608
Train Epoch: 17 [32000/50000 (64%)]	Loss: 0.351195
Train Epoch: 17 [35200/50000 (70%)]	Loss: 0.359598
Train Epoch: 17 [38400/50000 (77%)]	Loss: 0.613328
Train Epoch: 17 [41600/50000 (83%)]	Loss: 0.575197
Train Epoch: 17 [44800/50000 (90%)]	Loss: 0.370567
Train Epoch: 17 [48000/50000 (96%)]	Loss: 0.424586

Test set: Average loss: 0.0005, Accuracy: 8420/10000 (84%)

Train Epoch: 18 [0/50000 (0%)]	Loss: 0.337922
Train Epoch: 18 [3200/50000 (6%)]	Loss: 0.459836
Train Epoch: 18 [6400/50000 (13%)]	Loss: 0.342302
Train Epoch: 18 [9600/50000 (19%)]	Loss: 0.493429
Train Epoch: 18 [12800/50000 (26%)]	Loss: 0.226834
Train Epoch: 18 [16000/50000 (32%)]	Loss: 0.546200
Train Epoch: 18 [19200/50000 (38%)]	Loss: 0.473473
Train Epoch: 18 [22400/50000 (45%)]	Loss: 0.318184
Train Epoch: 18 [25600/50000 (51%)]	Loss: 0.329830
Train Epoch: 18 [28800/50000 (58%)]	Loss: 0.364945
Train Epoch: 18 [32000/50000 (64%)]	Loss: 0.430207
Train Epoch: 18 [35200/50000 (70%)]	Loss: 0.425559
Train Epoch: 18 [38400/50000 (77%)]	Loss: 0.247204
Train Epoch: 18 [41600/50000 (83%)]	Loss: 0.365213
Train Epoch: 18 [44800/50000 (90%)]	Loss: 0.358900
Train Epoch: 18 [48000/50000 (96%)]	Loss: 0.470501

Test set: Average loss: 0.0004, Accuracy: 8470/10000 (85%)

Train Epoch: 19 [0/50000 (0%)]	Loss: 0.300888
Train Epoch: 19 [3200/50000 (6%)]	Loss: 0.373295
Train Epoch: 19 [6400/50000 (13%)]	Loss: 0.316222
Train Epoch: 19 [9600/50000 (19%)]	Loss: 0.339398
Train Epoch: 19 [12800/50000 (26%)]	Loss: 0.438256
Train Epoch: 19 [16000/50000 (32%)]	Loss: 0.281319
Train Epoch: 19 [19200/50000 (38%)]	Loss: 0.447674
Train Epoch: 19 [22400/50000 (45%)]	Loss: 0.580824
Train Epoch: 19 [25600/50000 (51%)]	Loss: 0.667159
Train Epoch: 19 [28800/50000 (58%)]	Loss: 0.357928
Train Epoch: 19 [32000/50000 (64%)]	Loss: 0.488747
Train Epoch: 19 [35200/50000 (70%)]	Loss: 0.393479
Train Epoch: 19 [38400/50000 (77%)]	Loss: 0.364309
Train Epoch: 19 [41600/50000 (83%)]	Loss: 0.584155
Train Epoch: 19 [44800/50000 (90%)]	Loss: 0.548092
Train Epoch: 19 [48000/50000 (96%)]	Loss: 0.430267

Test set: Average loss: 0.0004, Accuracy: 8487/10000 (85%)

Train Epoch: 20 [0/50000 (0%)]	Loss: 0.334842
Train Epoch: 20 [3200/50000 (6%)]	Loss: 0.394213
Train Epoch: 20 [6400/50000 (13%)]	Loss: 0.195320
Train Epoch: 20 [9600/50000 (19%)]	Loss: 0.324097
Train Epoch: 20 [12800/50000 (26%)]	Loss: 0.270724
Train Epoch: 20 [16000/50000 (32%)]	Loss: 0.242048
Train Epoch: 20 [19200/50000 (38%)]	Loss: 0.504466
Train Epoch: 20 [22400/50000 (45%)]	Loss: 0.466983
Train Epoch: 20 [25600/50000 (51%)]	Loss: 0.402047
Train Epoch: 20 [28800/50000 (58%)]	Loss: 0.358532
Train Epoch: 20 [32000/50000 (64%)]	Loss: 0.368624
Train Epoch: 20 [35200/50000 (70%)]	Loss: 0.421424
Train Epoch: 20 [38400/50000 (77%)]	Loss: 0.341027
Train Epoch: 20 [41600/50000 (83%)]	Loss: 0.434163
Train Epoch: 20 [44800/50000 (90%)]	Loss: 0.437181
Train Epoch: 20 [48000/50000 (96%)]	Loss: 0.295773

Test set: Average loss: 0.0004, Accuracy: 8642/10000 (86%)

Train Epoch: 21 [0/50000 (0%)]	Loss: 0.232056
Train Epoch: 21 [3200/50000 (6%)]	Loss: 0.308584
Train Epoch: 21 [6400/50000 (13%)]	Loss: 0.222459
Train Epoch: 21 [9600/50000 (19%)]	Loss: 0.351073
Train Epoch: 21 [12800/50000 (26%)]	Loss: 0.424333
Train Epoch: 21 [16000/50000 (32%)]	Loss: 0.470127
Train Epoch: 21 [19200/50000 (38%)]	Loss: 0.226207
Train Epoch: 21 [22400/50000 (45%)]	Loss: 0.416356
Train Epoch: 21 [25600/50000 (51%)]	Loss: 0.254771
Train Epoch: 21 [28800/50000 (58%)]	Loss: 0.392491
Train Epoch: 21 [32000/50000 (64%)]	Loss: 0.455529
Train Epoch: 21 [35200/50000 (70%)]	Loss: 0.162062
Train Epoch: 21 [38400/50000 (77%)]	Loss: 0.390848
Train Epoch: 21 [41600/50000 (83%)]	Loss: 0.211898
Train Epoch: 21 [44800/50000 (90%)]	Loss: 0.288438
Train Epoch: 21 [48000/50000 (96%)]	Loss: 0.299937

Test set: Average loss: 0.0004, Accuracy: 8630/10000 (86%)

Train Epoch: 22 [0/50000 (0%)]	Loss: 0.405173
Train Epoch: 22 [3200/50000 (6%)]	Loss: 0.490881
Train Epoch: 22 [6400/50000 (13%)]	Loss: 0.372360
Train Epoch: 22 [9600/50000 (19%)]	Loss: 0.321392
Train Epoch: 22 [12800/50000 (26%)]	Loss: 0.329653
Train Epoch: 22 [16000/50000 (32%)]	Loss: 0.236275
Train Epoch: 22 [19200/50000 (38%)]	Loss: 0.352437
Train Epoch: 22 [22400/50000 (45%)]	Loss: 0.537320
Train Epoch: 22 [25600/50000 (51%)]	Loss: 0.285745
Train Epoch: 22 [28800/50000 (58%)]	Loss: 0.270260
Train Epoch: 22 [32000/50000 (64%)]	Loss: 0.398156
Train Epoch: 22 [35200/50000 (70%)]	Loss: 0.394141
Train Epoch: 22 [38400/50000 (77%)]	Loss: 0.261216
Train Epoch: 22 [41600/50000 (83%)]	Loss: 0.457199
Train Epoch: 22 [44800/50000 (90%)]	Loss: 0.330728
Train Epoch: 22 [48000/50000 (96%)]	Loss: 0.340091

Test set: Average loss: 0.0004, Accuracy: 8572/10000 (86%)

Train Epoch: 23 [0/50000 (0%)]	Loss: 0.249792
Train Epoch: 23 [3200/50000 (6%)]	Loss: 0.212740
Train Epoch: 23 [6400/50000 (13%)]	Loss: 0.242181
Train Epoch: 23 [9600/50000 (19%)]	Loss: 0.531268
Train Epoch: 23 [12800/50000 (26%)]	Loss: 0.117924
Train Epoch: 23 [16000/50000 (32%)]	Loss: 0.491588
Train Epoch: 23 [19200/50000 (38%)]	Loss: 0.238698
Train Epoch: 23 [22400/50000 (45%)]	Loss: 0.190735
Train Epoch: 23 [25600/50000 (51%)]	Loss: 0.475809
Train Epoch: 23 [28800/50000 (58%)]	Loss: 0.320187
Train Epoch: 23 [32000/50000 (64%)]	Loss: 0.345475
Train Epoch: 23 [35200/50000 (70%)]	Loss: 0.323176
Train Epoch: 23 [38400/50000 (77%)]	Loss: 0.289537
Train Epoch: 23 [41600/50000 (83%)]	Loss: 0.169428
Train Epoch: 23 [44800/50000 (90%)]	Loss: 0.336922
Train Epoch: 23 [48000/50000 (96%)]	Loss: 0.323380

Test set: Average loss: 0.0004, Accuracy: 8623/10000 (86%)

Train Epoch: 24 [0/50000 (0%)]	Loss: 0.287243
Train Epoch: 24 [3200/50000 (6%)]	Loss: 0.252969
Train Epoch: 24 [6400/50000 (13%)]	Loss: 0.117736
Train Epoch: 24 [9600/50000 (19%)]	Loss: 0.350530
Train Epoch: 24 [12800/50000 (26%)]	Loss: 0.599689
Train Epoch: 24 [16000/50000 (32%)]	Loss: 0.384336
Train Epoch: 24 [19200/50000 (38%)]	Loss: 0.301809
Train Epoch: 24 [22400/50000 (45%)]	Loss: 0.431003
Train Epoch: 24 [25600/50000 (51%)]	Loss: 0.404689
Train Epoch: 24 [28800/50000 (58%)]	Loss: 0.314927
Train Epoch: 24 [32000/50000 (64%)]	Loss: 0.260079
Train Epoch: 24 [35200/50000 (70%)]	Loss: 0.429831
Train Epoch: 24 [38400/50000 (77%)]	Loss: 0.354224
Train Epoch: 24 [41600/50000 (83%)]	Loss: 0.367849
Train Epoch: 24 [44800/50000 (90%)]	Loss: 0.270778
Train Epoch: 24 [48000/50000 (96%)]	Loss: 0.411303

Test set: Average loss: 0.0004, Accuracy: 8642/10000 (86%)

Train Epoch: 25 [0/50000 (0%)]	Loss: 0.497436
Train Epoch: 25 [3200/50000 (6%)]	Loss: 0.158836
Train Epoch: 25 [6400/50000 (13%)]	Loss: 0.434909
Train Epoch: 25 [9600/50000 (19%)]	Loss: 0.214501
Train Epoch: 25 [12800/50000 (26%)]	Loss: 0.268484
Train Epoch: 25 [16000/50000 (32%)]	Loss: 0.395164
Train Epoch: 25 [19200/50000 (38%)]	Loss: 0.204816
Train Epoch: 25 [22400/50000 (45%)]	Loss: 0.385405
Train Epoch: 25 [25600/50000 (51%)]	Loss: 0.145112
Train Epoch: 25 [28800/50000 (58%)]	Loss: 0.431392
Train Epoch: 25 [32000/50000 (64%)]	Loss: 0.400427
Train Epoch: 25 [35200/50000 (70%)]	Loss: 0.505276
Train Epoch: 25 [38400/50000 (77%)]	Loss: 0.347159
Train Epoch: 25 [41600/50000 (83%)]	Loss: 0.200354
Train Epoch: 25 [44800/50000 (90%)]	Loss: 0.323666
Train Epoch: 25 [48000/50000 (96%)]	Loss: 0.412962

Test set: Average loss: 0.0004, Accuracy: 8694/10000 (87%)

Train Epoch: 26 [0/50000 (0%)]	Loss: 0.347944
Train Epoch: 26 [3200/50000 (6%)]	Loss: 0.113974
Train Epoch: 26 [6400/50000 (13%)]	Loss: 0.326217
Train Epoch: 26 [9600/50000 (19%)]	Loss: 0.234536
Train Epoch: 26 [12800/50000 (26%)]	Loss: 0.242853
Train Epoch: 26 [16000/50000 (32%)]	Loss: 0.290641
Train Epoch: 26 [19200/50000 (38%)]	Loss: 0.166645
Train Epoch: 26 [22400/50000 (45%)]	Loss: 0.377613
Train Epoch: 26 [25600/50000 (51%)]	Loss: 0.361190
Train Epoch: 26 [28800/50000 (58%)]	Loss: 0.518934
Train Epoch: 26 [32000/50000 (64%)]	Loss: 0.182737
Train Epoch: 26 [35200/50000 (70%)]	Loss: 0.235965
Train Epoch: 26 [38400/50000 (77%)]	Loss: 0.414233
Train Epoch: 26 [41600/50000 (83%)]	Loss: 0.165907
Train Epoch: 26 [44800/50000 (90%)]	Loss: 0.290984
Train Epoch: 26 [48000/50000 (96%)]	Loss: 0.336387

Test set: Average loss: 0.0004, Accuracy: 8725/10000 (87%)

Train Epoch: 27 [0/50000 (0%)]	Loss: 0.328168
Train Epoch: 27 [3200/50000 (6%)]	Loss: 0.188929
Train Epoch: 27 [6400/50000 (13%)]	Loss: 0.405985
Train Epoch: 27 [9600/50000 (19%)]	Loss: 0.165716
Train Epoch: 27 [12800/50000 (26%)]	Loss: 0.383154
Train Epoch: 27 [16000/50000 (32%)]	Loss: 0.240246
Train Epoch: 27 [19200/50000 (38%)]	Loss: 0.233925
Train Epoch: 27 [22400/50000 (45%)]	Loss: 0.238073
Train Epoch: 27 [25600/50000 (51%)]	Loss: 0.297027
Train Epoch: 27 [28800/50000 (58%)]	Loss: 0.287272
Train Epoch: 27 [32000/50000 (64%)]	Loss: 0.209830
Train Epoch: 27 [35200/50000 (70%)]	Loss: 0.349210
Train Epoch: 27 [38400/50000 (77%)]	Loss: 0.239884
Train Epoch: 27 [41600/50000 (83%)]	Loss: 0.198376
Train Epoch: 27 [44800/50000 (90%)]	Loss: 0.317404
Train Epoch: 27 [48000/50000 (96%)]	Loss: 0.288414

Test set: Average loss: 0.0004, Accuracy: 8722/10000 (87%)

Train Epoch: 28 [0/50000 (0%)]	Loss: 0.162982
Train Epoch: 28 [3200/50000 (6%)]	Loss: 0.318913
Train Epoch: 28 [6400/50000 (13%)]	Loss: 0.325120
Train Epoch: 28 [9600/50000 (19%)]	Loss: 0.224261
Train Epoch: 28 [12800/50000 (26%)]	Loss: 0.425038
Train Epoch: 28 [16000/50000 (32%)]	Loss: 0.378613
Train Epoch: 28 [19200/50000 (38%)]	Loss: 0.191449
Train Epoch: 28 [22400/50000 (45%)]	Loss: 0.343086
Train Epoch: 28 [25600/50000 (51%)]	Loss: 0.488761
Train Epoch: 28 [28800/50000 (58%)]	Loss: 0.377840
Train Epoch: 28 [32000/50000 (64%)]	Loss: 0.245598
Train Epoch: 28 [35200/50000 (70%)]	Loss: 0.312340
Train Epoch: 28 [38400/50000 (77%)]	Loss: 0.330648
Train Epoch: 28 [41600/50000 (83%)]	Loss: 0.356285
Train Epoch: 28 [44800/50000 (90%)]	Loss: 0.316233
Train Epoch: 28 [48000/50000 (96%)]	Loss: 0.436354

Test set: Average loss: 0.0004, Accuracy: 8710/10000 (87%)

Train Epoch: 29 [0/50000 (0%)]	Loss: 0.254431
Train Epoch: 29 [3200/50000 (6%)]	Loss: 0.310723
Train Epoch: 29 [6400/50000 (13%)]	Loss: 0.213686
Train Epoch: 29 [9600/50000 (19%)]	Loss: 0.300116
Train Epoch: 29 [12800/50000 (26%)]	Loss: 0.134036
Train Epoch: 29 [16000/50000 (32%)]	Loss: 0.120794
Train Epoch: 29 [19200/50000 (38%)]	Loss: 0.250006
Train Epoch: 29 [22400/50000 (45%)]	Loss: 0.364625
Train Epoch: 29 [25600/50000 (51%)]	Loss: 0.099874
Train Epoch: 29 [28800/50000 (58%)]	Loss: 0.228082
Train Epoch: 29 [32000/50000 (64%)]	Loss: 0.237924
Train Epoch: 29 [35200/50000 (70%)]	Loss: 0.142037
Train Epoch: 29 [38400/50000 (77%)]	Loss: 0.181596
Train Epoch: 29 [41600/50000 (83%)]	Loss: 0.487870
Train Epoch: 29 [44800/50000 (90%)]	Loss: 0.400138
Train Epoch: 29 [48000/50000 (96%)]	Loss: 0.527188

Test set: Average loss: 0.0004, Accuracy: 8714/10000 (87%)

Train Epoch: 30 [0/50000 (0%)]	Loss: 0.216520
Train Epoch: 30 [3200/50000 (6%)]	Loss: 0.214998
Train Epoch: 30 [6400/50000 (13%)]	Loss: 0.290905
Train Epoch: 30 [9600/50000 (19%)]	Loss: 0.242973
Train Epoch: 30 [12800/50000 (26%)]	Loss: 0.361368
Train Epoch: 30 [16000/50000 (32%)]	Loss: 0.321045
Train Epoch: 30 [19200/50000 (38%)]	Loss: 0.270019
Train Epoch: 30 [22400/50000 (45%)]	Loss: 0.321955
Train Epoch: 30 [25600/50000 (51%)]	Loss: 0.150760
Train Epoch: 30 [28800/50000 (58%)]	Loss: 0.171361
Train Epoch: 30 [32000/50000 (64%)]	Loss: 0.490166
Train Epoch: 30 [35200/50000 (70%)]	Loss: 0.156088
Train Epoch: 30 [38400/50000 (77%)]	Loss: 0.368762
Train Epoch: 30 [41600/50000 (83%)]	Loss: 0.225797
Train Epoch: 30 [44800/50000 (90%)]	Loss: 0.181708
Train Epoch: 30 [48000/50000 (96%)]	Loss: 0.334742

Test set: Average loss: 0.0004, Accuracy: 8729/10000 (87%)

Train Epoch: 31 [0/50000 (0%)]	Loss: 0.263838
Train Epoch: 31 [3200/50000 (6%)]	Loss: 0.249065
Train Epoch: 31 [6400/50000 (13%)]	Loss: 0.348633
Train Epoch: 31 [9600/50000 (19%)]	Loss: 0.287039
Train Epoch: 31 [12800/50000 (26%)]	Loss: 0.211624
Train Epoch: 31 [16000/50000 (32%)]	Loss: 0.173634
Train Epoch: 31 [19200/50000 (38%)]	Loss: 0.136085
Train Epoch: 31 [22400/50000 (45%)]	Loss: 0.175826
Train Epoch: 31 [25600/50000 (51%)]	Loss: 0.408071
Train Epoch: 31 [28800/50000 (58%)]	Loss: 0.230716
Train Epoch: 31 [32000/50000 (64%)]	Loss: 0.257873
Train Epoch: 31 [35200/50000 (70%)]	Loss: 0.128447
Train Epoch: 31 [38400/50000 (77%)]	Loss: 0.386471
Train Epoch: 31 [41600/50000 (83%)]	Loss: 0.193465
Train Epoch: 31 [44800/50000 (90%)]	Loss: 0.290753
Train Epoch: 31 [48000/50000 (96%)]	Loss: 0.241357

Test set: Average loss: 0.0004, Accuracy: 8702/10000 (87%)

Train Epoch: 32 [0/50000 (0%)]	Loss: 0.142373
Train Epoch: 32 [3200/50000 (6%)]	Loss: 0.235329
Train Epoch: 32 [6400/50000 (13%)]	Loss: 0.188639
Train Epoch: 32 [9600/50000 (19%)]	Loss: 0.225827
Train Epoch: 32 [12800/50000 (26%)]	Loss: 0.188558
Train Epoch: 32 [16000/50000 (32%)]	Loss: 0.257643
Train Epoch: 32 [19200/50000 (38%)]	Loss: 0.209984
Train Epoch: 32 [22400/50000 (45%)]	Loss: 0.190052
Train Epoch: 32 [25600/50000 (51%)]	Loss: 0.560438
Train Epoch: 32 [28800/50000 (58%)]	Loss: 0.194105
Train Epoch: 32 [32000/50000 (64%)]	Loss: 0.389018
Train Epoch: 32 [35200/50000 (70%)]	Loss: 0.246830
Train Epoch: 32 [38400/50000 (77%)]	Loss: 0.455686
Train Epoch: 32 [41600/50000 (83%)]	Loss: 0.181711
Train Epoch: 32 [44800/50000 (90%)]	Loss: 0.222667
Train Epoch: 32 [48000/50000 (96%)]	Loss: 0.500601

Test set: Average loss: 0.0004, Accuracy: 8754/10000 (88%)

Train Epoch: 33 [0/50000 (0%)]	Loss: 0.256060
Train Epoch: 33 [3200/50000 (6%)]	Loss: 0.399127
Train Epoch: 33 [6400/50000 (13%)]	Loss: 0.268609
Train Epoch: 33 [9600/50000 (19%)]	Loss: 0.177832
Train Epoch: 33 [12800/50000 (26%)]	Loss: 0.204990
Train Epoch: 33 [16000/50000 (32%)]	Loss: 0.304125
Train Epoch: 33 [19200/50000 (38%)]	Loss: 0.153989
Train Epoch: 33 [22400/50000 (45%)]	Loss: 0.323704
Train Epoch: 33 [25600/50000 (51%)]	Loss: 0.206846
Train Epoch: 33 [28800/50000 (58%)]	Loss: 0.239632
Train Epoch: 33 [32000/50000 (64%)]	Loss: 0.168780
Train Epoch: 33 [35200/50000 (70%)]	Loss: 0.529845
Train Epoch: 33 [38400/50000 (77%)]	Loss: 0.302129
Train Epoch: 33 [41600/50000 (83%)]	Loss: 0.312115
Train Epoch: 33 [44800/50000 (90%)]	Loss: 0.325856
Train Epoch: 33 [48000/50000 (96%)]	Loss: 0.115445

Test set: Average loss: 0.0004, Accuracy: 8686/10000 (87%)

Train Epoch: 34 [0/50000 (0%)]	Loss: 0.177254
Train Epoch: 34 [3200/50000 (6%)]	Loss: 0.144925
Train Epoch: 34 [6400/50000 (13%)]	Loss: 0.191754
Train Epoch: 34 [9600/50000 (19%)]	Loss: 0.295818
Train Epoch: 34 [12800/50000 (26%)]	Loss: 0.331179
Train Epoch: 34 [16000/50000 (32%)]	Loss: 0.141832
Train Epoch: 34 [19200/50000 (38%)]	Loss: 0.239824
Train Epoch: 34 [22400/50000 (45%)]	Loss: 0.285417
Train Epoch: 34 [25600/50000 (51%)]	Loss: 0.144423
Train Epoch: 34 [28800/50000 (58%)]	Loss: 0.485647
Train Epoch: 34 [32000/50000 (64%)]	Loss: 0.178345
Train Epoch: 34 [35200/50000 (70%)]	Loss: 0.237192
Train Epoch: 34 [38400/50000 (77%)]	Loss: 0.475330
Train Epoch: 34 [41600/50000 (83%)]	Loss: 0.200920
Train Epoch: 34 [44800/50000 (90%)]	Loss: 0.323130
Train Epoch: 34 [48000/50000 (96%)]	Loss: 0.291743

Test set: Average loss: 0.0004, Accuracy: 8787/10000 (88%)

Train Epoch: 35 [0/50000 (0%)]	Loss: 0.125959
Train Epoch: 35 [3200/50000 (6%)]	Loss: 0.182443
Train Epoch: 35 [6400/50000 (13%)]	Loss: 0.160910
Train Epoch: 35 [9600/50000 (19%)]	Loss: 0.130494
Train Epoch: 35 [12800/50000 (26%)]	Loss: 0.131425
Train Epoch: 35 [16000/50000 (32%)]	Loss: 0.210157
Train Epoch: 35 [19200/50000 (38%)]	Loss: 0.121806
Train Epoch: 35 [22400/50000 (45%)]	Loss: 0.258433
Train Epoch: 35 [25600/50000 (51%)]	Loss: 0.329702
Train Epoch: 35 [28800/50000 (58%)]	Loss: 0.177144
Train Epoch: 35 [32000/50000 (64%)]	Loss: 0.162164
Train Epoch: 35 [35200/50000 (70%)]	Loss: 0.378926
Train Epoch: 35 [38400/50000 (77%)]	Loss: 0.236330
Train Epoch: 35 [41600/50000 (83%)]	Loss: 0.371377
Train Epoch: 35 [44800/50000 (90%)]	Loss: 0.193307
Train Epoch: 35 [48000/50000 (96%)]	Loss: 0.282518

Test set: Average loss: 0.0004, Accuracy: 8783/10000 (88%)

Train Epoch: 36 [0/50000 (0%)]	Loss: 0.285733
Train Epoch: 36 [3200/50000 (6%)]	Loss: 0.147458
Train Epoch: 36 [6400/50000 (13%)]	Loss: 0.175777
Train Epoch: 36 [9600/50000 (19%)]	Loss: 0.194463
Train Epoch: 36 [12800/50000 (26%)]	Loss: 0.297727
Train Epoch: 36 [16000/50000 (32%)]	Loss: 0.088689
Train Epoch: 36 [19200/50000 (38%)]	Loss: 0.228373
Train Epoch: 36 [22400/50000 (45%)]	Loss: 0.345355
Train Epoch: 36 [25600/50000 (51%)]	Loss: 0.367773
Train Epoch: 36 [28800/50000 (58%)]	Loss: 0.267423
Train Epoch: 36 [32000/50000 (64%)]	Loss: 0.271243
Train Epoch: 36 [35200/50000 (70%)]	Loss: 0.230370
Train Epoch: 36 [38400/50000 (77%)]	Loss: 0.254502
Train Epoch: 36 [41600/50000 (83%)]	Loss: 0.144576
Train Epoch: 36 [44800/50000 (90%)]	Loss: 0.139073
Train Epoch: 36 [48000/50000 (96%)]	Loss: 0.339759

Test set: Average loss: 0.0004, Accuracy: 8808/10000 (88%)

Train Epoch: 37 [0/50000 (0%)]	Loss: 0.171582
Train Epoch: 37 [3200/50000 (6%)]	Loss: 0.215703
Train Epoch: 37 [6400/50000 (13%)]	Loss: 0.188787
Train Epoch: 37 [9600/50000 (19%)]	Loss: 0.217064
Train Epoch: 37 [12800/50000 (26%)]	Loss: 0.167625
Train Epoch: 37 [16000/50000 (32%)]	Loss: 0.192404
Train Epoch: 37 [19200/50000 (38%)]	Loss: 0.209463
Train Epoch: 37 [22400/50000 (45%)]	Loss: 0.101486
Train Epoch: 37 [25600/50000 (51%)]	Loss: 0.266268
Train Epoch: 37 [28800/50000 (58%)]	Loss: 0.272164
Train Epoch: 37 [32000/50000 (64%)]	Loss: 0.296763
Train Epoch: 37 [35200/50000 (70%)]	Loss: 0.186477
Train Epoch: 37 [38400/50000 (77%)]	Loss: 0.328786
Train Epoch: 37 [41600/50000 (83%)]	Loss: 0.296060
Train Epoch: 37 [44800/50000 (90%)]	Loss: 0.152733
Train Epoch: 37 [48000/50000 (96%)]	Loss: 0.161717

Test set: Average loss: 0.0004, Accuracy: 8790/10000 (88%)

Train Epoch: 38 [0/50000 (0%)]	Loss: 0.137642
Train Epoch: 38 [3200/50000 (6%)]	Loss: 0.193549
Train Epoch: 38 [6400/50000 (13%)]	Loss: 0.217717
Train Epoch: 38 [9600/50000 (19%)]	Loss: 0.144756
Train Epoch: 38 [12800/50000 (26%)]	Loss: 0.160029
Train Epoch: 38 [16000/50000 (32%)]	Loss: 0.158986
Train Epoch: 38 [19200/50000 (38%)]	Loss: 0.315990
Train Epoch: 38 [22400/50000 (45%)]	Loss: 0.106334
Train Epoch: 38 [25600/50000 (51%)]	Loss: 0.131616
Train Epoch: 38 [28800/50000 (58%)]	Loss: 0.320491
Train Epoch: 38 [32000/50000 (64%)]	Loss: 0.147872
Train Epoch: 38 [35200/50000 (70%)]	Loss: 0.157962
Train Epoch: 38 [38400/50000 (77%)]	Loss: 0.212135
Train Epoch: 38 [41600/50000 (83%)]	Loss: 0.261776
Train Epoch: 38 [44800/50000 (90%)]	Loss: 0.199278
Train Epoch: 38 [48000/50000 (96%)]	Loss: 0.460633

Test set: Average loss: 0.0004, Accuracy: 8819/10000 (88%)

Train Epoch: 39 [0/50000 (0%)]	Loss: 0.081898
Train Epoch: 39 [3200/50000 (6%)]	Loss: 0.185744
Train Epoch: 39 [6400/50000 (13%)]	Loss: 0.099818
Train Epoch: 39 [9600/50000 (19%)]	Loss: 0.258922
Train Epoch: 39 [12800/50000 (26%)]	Loss: 0.223758
Train Epoch: 39 [16000/50000 (32%)]	Loss: 0.226317
Train Epoch: 39 [19200/50000 (38%)]	Loss: 0.204878
Train Epoch: 39 [22400/50000 (45%)]	Loss: 0.222647
Train Epoch: 39 [25600/50000 (51%)]	Loss: 0.217901
Train Epoch: 39 [28800/50000 (58%)]	Loss: 0.154509
Train Epoch: 39 [32000/50000 (64%)]	Loss: 0.226287
Train Epoch: 39 [35200/50000 (70%)]	Loss: 0.270306
Train Epoch: 39 [38400/50000 (77%)]	Loss: 0.323387
Train Epoch: 39 [41600/50000 (83%)]	Loss: 0.213839
Train Epoch: 39 [44800/50000 (90%)]	Loss: 0.196707
Train Epoch: 39 [48000/50000 (96%)]	Loss: 0.239392

Test set: Average loss: 0.0004, Accuracy: 8795/10000 (88%)

Train Epoch: 40 [0/50000 (0%)]	Loss: 0.215361
Train Epoch: 40 [3200/50000 (6%)]	Loss: 0.068312
Train Epoch: 40 [6400/50000 (13%)]	Loss: 0.275061
Train Epoch: 40 [9600/50000 (19%)]	Loss: 0.335034
Train Epoch: 40 [12800/50000 (26%)]	Loss: 0.135363
Train Epoch: 40 [16000/50000 (32%)]	Loss: 0.102617
Train Epoch: 40 [19200/50000 (38%)]	Loss: 0.254882
Train Epoch: 40 [22400/50000 (45%)]	Loss: 0.269757
Train Epoch: 40 [25600/50000 (51%)]	Loss: 0.232596
Train Epoch: 40 [28800/50000 (58%)]	Loss: 0.312883
Train Epoch: 40 [32000/50000 (64%)]	Loss: 0.175784
Train Epoch: 40 [35200/50000 (70%)]	Loss: 0.361752
Train Epoch: 40 [38400/50000 (77%)]	Loss: 0.164369
Train Epoch: 40 [41600/50000 (83%)]	Loss: 0.155360
Train Epoch: 40 [44800/50000 (90%)]	Loss: 0.210473
Train Epoch: 40 [48000/50000 (96%)]	Loss: 0.182839

Test set: Average loss: 0.0004, Accuracy: 8779/10000 (88%)

Train Epoch: 41 [0/50000 (0%)]	Loss: 0.109332
Train Epoch: 41 [3200/50000 (6%)]	Loss: 0.176639
Train Epoch: 41 [6400/50000 (13%)]	Loss: 0.257251
Train Epoch: 41 [9600/50000 (19%)]	Loss: 0.165505
Train Epoch: 41 [12800/50000 (26%)]	Loss: 0.116940
Train Epoch: 41 [16000/50000 (32%)]	Loss: 0.155938
Train Epoch: 41 [19200/50000 (38%)]	Loss: 0.124776
Train Epoch: 41 [22400/50000 (45%)]	Loss: 0.156539
Train Epoch: 41 [25600/50000 (51%)]	Loss: 0.105738
Train Epoch: 41 [28800/50000 (58%)]	Loss: 0.307249
Train Epoch: 41 [32000/50000 (64%)]	Loss: 0.248541
Train Epoch: 41 [35200/50000 (70%)]	Loss: 0.374081
Train Epoch: 41 [38400/50000 (77%)]	Loss: 0.199375
Train Epoch: 41 [41600/50000 (83%)]	Loss: 0.133138
Train Epoch: 41 [44800/50000 (90%)]	Loss: 0.100404
Train Epoch: 41 [48000/50000 (96%)]	Loss: 0.117473

Test set: Average loss: 0.0004, Accuracy: 8841/10000 (88%)

Train Epoch: 42 [0/50000 (0%)]	Loss: 0.302109
Train Epoch: 42 [3200/50000 (6%)]	Loss: 0.221204
Train Epoch: 42 [6400/50000 (13%)]	Loss: 0.124030
Train Epoch: 42 [9600/50000 (19%)]	Loss: 0.161459
Train Epoch: 42 [12800/50000 (26%)]	Loss: 0.123120
Train Epoch: 42 [16000/50000 (32%)]	Loss: 0.114997
Train Epoch: 42 [19200/50000 (38%)]	Loss: 0.207822
Train Epoch: 42 [22400/50000 (45%)]	Loss: 0.171335
Train Epoch: 42 [25600/50000 (51%)]	Loss: 0.085819
Train Epoch: 42 [28800/50000 (58%)]	Loss: 0.145833
Train Epoch: 42 [32000/50000 (64%)]	Loss: 0.324075
Train Epoch: 42 [35200/50000 (70%)]	Loss: 0.126716
Train Epoch: 42 [38400/50000 (77%)]	Loss: 0.202429
Train Epoch: 42 [41600/50000 (83%)]	Loss: 0.300506
Train Epoch: 42 [44800/50000 (90%)]	Loss: 0.174610
Train Epoch: 42 [48000/50000 (96%)]	Loss: 0.224869

Test set: Average loss: 0.0004, Accuracy: 8797/10000 (88%)

Train Epoch: 43 [0/50000 (0%)]	Loss: 0.422826
Train Epoch: 43 [3200/50000 (6%)]	Loss: 0.136333
Train Epoch: 43 [6400/50000 (13%)]	Loss: 0.301122
Train Epoch: 43 [9600/50000 (19%)]	Loss: 0.251386
Train Epoch: 43 [12800/50000 (26%)]	Loss: 0.092868
Train Epoch: 43 [16000/50000 (32%)]	Loss: 0.171754
Train Epoch: 43 [19200/50000 (38%)]	Loss: 0.184865
Train Epoch: 43 [22400/50000 (45%)]	Loss: 0.345223
Train Epoch: 43 [25600/50000 (51%)]	Loss: 0.081162
Train Epoch: 43 [28800/50000 (58%)]	Loss: 0.234104
Train Epoch: 43 [32000/50000 (64%)]	Loss: 0.081503
Train Epoch: 43 [35200/50000 (70%)]	Loss: 0.145945
Train Epoch: 43 [38400/50000 (77%)]	Loss: 0.235297
Train Epoch: 43 [41600/50000 (83%)]	Loss: 0.291857
Train Epoch: 43 [44800/50000 (90%)]	Loss: 0.232890
Train Epoch: 43 [48000/50000 (96%)]	Loss: 0.114269

Test set: Average loss: 0.0004, Accuracy: 8769/10000 (88%)

Train Epoch: 44 [0/50000 (0%)]	Loss: 0.099875
Train Epoch: 44 [3200/50000 (6%)]	Loss: 0.102539
Train Epoch: 44 [6400/50000 (13%)]	Loss: 0.093033
Train Epoch: 44 [9600/50000 (19%)]	Loss: 0.112815
Train Epoch: 44 [12800/50000 (26%)]	Loss: 0.160457
Train Epoch: 44 [16000/50000 (32%)]	Loss: 0.155534
Train Epoch: 44 [19200/50000 (38%)]	Loss: 0.266133
Train Epoch: 44 [22400/50000 (45%)]	Loss: 0.292220
Train Epoch: 44 [25600/50000 (51%)]	Loss: 0.277225
Train Epoch: 44 [28800/50000 (58%)]	Loss: 0.133805
Train Epoch: 44 [32000/50000 (64%)]	Loss: 0.199323
Train Epoch: 44 [35200/50000 (70%)]	Loss: 0.161485
Train Epoch: 44 [38400/50000 (77%)]	Loss: 0.278585
Train Epoch: 44 [41600/50000 (83%)]	Loss: 0.124130
Train Epoch: 44 [44800/50000 (90%)]	Loss: 0.159692
Train Epoch: 44 [48000/50000 (96%)]	Loss: 0.215362

Test set: Average loss: 0.0004, Accuracy: 8871/10000 (89%)

Train Epoch: 45 [0/50000 (0%)]	Loss: 0.173389
Train Epoch: 45 [3200/50000 (6%)]	Loss: 0.135005
Train Epoch: 45 [6400/50000 (13%)]	Loss: 0.113390
Train Epoch: 45 [9600/50000 (19%)]	Loss: 0.190019
Train Epoch: 45 [12800/50000 (26%)]	Loss: 0.154301
Train Epoch: 45 [16000/50000 (32%)]	Loss: 0.245278
Train Epoch: 45 [19200/50000 (38%)]	Loss: 0.263734
Train Epoch: 45 [22400/50000 (45%)]	Loss: 0.141078
Train Epoch: 45 [25600/50000 (51%)]	Loss: 0.111454
Train Epoch: 45 [28800/50000 (58%)]	Loss: 0.228331
Train Epoch: 45 [32000/50000 (64%)]	Loss: 0.219881
Train Epoch: 45 [35200/50000 (70%)]	Loss: 0.220683
Train Epoch: 45 [38400/50000 (77%)]	Loss: 0.299350
Train Epoch: 45 [41600/50000 (83%)]	Loss: 0.118179
Train Epoch: 45 [44800/50000 (90%)]	Loss: 0.223017
Train Epoch: 45 [48000/50000 (96%)]	Loss: 0.287087

Test set: Average loss: 0.0004, Accuracy: 8766/10000 (88%)

Train Epoch: 46 [0/50000 (0%)]	Loss: 0.324063
Train Epoch: 46 [3200/50000 (6%)]	Loss: 0.177746
Train Epoch: 46 [6400/50000 (13%)]	Loss: 0.210479
Train Epoch: 46 [9600/50000 (19%)]	Loss: 0.226306
Train Epoch: 46 [12800/50000 (26%)]	Loss: 0.138723
Train Epoch: 46 [16000/50000 (32%)]	Loss: 0.097133
Train Epoch: 46 [19200/50000 (38%)]	Loss: 0.094303
Train Epoch: 46 [22400/50000 (45%)]	Loss: 0.199962
Train Epoch: 46 [25600/50000 (51%)]	Loss: 0.193185
Train Epoch: 46 [28800/50000 (58%)]	Loss: 0.092110
Train Epoch: 46 [32000/50000 (64%)]	Loss: 0.201114
Train Epoch: 46 [35200/50000 (70%)]	Loss: 0.121298
Train Epoch: 46 [38400/50000 (77%)]	Loss: 0.183332
Train Epoch: 46 [41600/50000 (83%)]	Loss: 0.229105
Train Epoch: 46 [44800/50000 (90%)]	Loss: 0.177475
Train Epoch: 46 [48000/50000 (96%)]	Loss: 0.166668

Test set: Average loss: 0.0004, Accuracy: 8883/10000 (89%)

Train Epoch: 47 [0/50000 (0%)]	Loss: 0.213796
Train Epoch: 47 [3200/50000 (6%)]	Loss: 0.086752
Train Epoch: 47 [6400/50000 (13%)]	Loss: 0.175475
Train Epoch: 47 [9600/50000 (19%)]	Loss: 0.218032
Train Epoch: 47 [12800/50000 (26%)]	Loss: 0.315982
Train Epoch: 47 [16000/50000 (32%)]	Loss: 0.193770
Train Epoch: 47 [19200/50000 (38%)]	Loss: 0.097374
Train Epoch: 47 [22400/50000 (45%)]	Loss: 0.185524
Train Epoch: 47 [25600/50000 (51%)]	Loss: 0.285679
Train Epoch: 47 [28800/50000 (58%)]	Loss: 0.088490
Train Epoch: 47 [32000/50000 (64%)]	Loss: 0.278623
Train Epoch: 47 [35200/50000 (70%)]	Loss: 0.264524
Train Epoch: 47 [38400/50000 (77%)]	Loss: 0.167915
Train Epoch: 47 [41600/50000 (83%)]	Loss: 0.114501
Train Epoch: 47 [44800/50000 (90%)]	Loss: 0.245354
Train Epoch: 47 [48000/50000 (96%)]	Loss: 0.181040

Test set: Average loss: 0.0004, Accuracy: 8843/10000 (88%)

Train Epoch: 48 [0/50000 (0%)]	Loss: 0.112752
Train Epoch: 48 [3200/50000 (6%)]	Loss: 0.121800
Train Epoch: 48 [6400/50000 (13%)]	Loss: 0.061076
Train Epoch: 48 [9600/50000 (19%)]	Loss: 0.210407
Train Epoch: 48 [12800/50000 (26%)]	Loss: 0.142983
Train Epoch: 48 [16000/50000 (32%)]	Loss: 0.173947
Train Epoch: 48 [19200/50000 (38%)]	Loss: 0.091046
Train Epoch: 48 [22400/50000 (45%)]	Loss: 0.177923
Train Epoch: 48 [25600/50000 (51%)]	Loss: 0.238328
Train Epoch: 48 [28800/50000 (58%)]	Loss: 0.151703
Train Epoch: 48 [32000/50000 (64%)]	Loss: 0.198777
Train Epoch: 48 [35200/50000 (70%)]	Loss: 0.215387
Train Epoch: 48 [38400/50000 (77%)]	Loss: 0.286253
Train Epoch: 48 [41600/50000 (83%)]	Loss: 0.167607
Train Epoch: 48 [44800/50000 (90%)]	Loss: 0.200730
Train Epoch: 48 [48000/50000 (96%)]	Loss: 0.183355

Test set: Average loss: 0.0004, Accuracy: 8824/10000 (88%)

Train Epoch: 49 [0/50000 (0%)]	Loss: 0.080607
Train Epoch: 49 [3200/50000 (6%)]	Loss: 0.169016
Train Epoch: 49 [6400/50000 (13%)]	Loss: 0.119832
Train Epoch: 49 [9600/50000 (19%)]	Loss: 0.228894
Train Epoch: 49 [12800/50000 (26%)]	Loss: 0.135095
Train Epoch: 49 [16000/50000 (32%)]	Loss: 0.090297
Train Epoch: 49 [19200/50000 (38%)]	Loss: 0.094527
Train Epoch: 49 [22400/50000 (45%)]	Loss: 0.141717
Train Epoch: 49 [25600/50000 (51%)]	Loss: 0.220778
Train Epoch: 49 [28800/50000 (58%)]	Loss: 0.222587
Train Epoch: 49 [32000/50000 (64%)]	Loss: 0.113280
Train Epoch: 49 [35200/50000 (70%)]	Loss: 0.074814
Train Epoch: 49 [38400/50000 (77%)]	Loss: 0.178858
Train Epoch: 49 [41600/50000 (83%)]	Loss: 0.369706
Train Epoch: 49 [44800/50000 (90%)]	Loss: 0.110359
Train Epoch: 49 [48000/50000 (96%)]	Loss: 0.240571

Test set: Average loss: 0.0004, Accuracy: 8832/10000 (88%)

Train Epoch: 50 [0/50000 (0%)]	Loss: 0.087486
Train Epoch: 50 [3200/50000 (6%)]	Loss: 0.107880
Train Epoch: 50 [6400/50000 (13%)]	Loss: 0.161479
Train Epoch: 50 [9600/50000 (19%)]	Loss: 0.088775
Train Epoch: 50 [12800/50000 (26%)]	Loss: 0.185225
Train Epoch: 50 [16000/50000 (32%)]	Loss: 0.063468
Train Epoch: 50 [19200/50000 (38%)]	Loss: 0.185387
Train Epoch: 50 [22400/50000 (45%)]	Loss: 0.160364
Train Epoch: 50 [25600/50000 (51%)]	Loss: 0.210631
Train Epoch: 50 [28800/50000 (58%)]	Loss: 0.134062
Train Epoch: 50 [32000/50000 (64%)]	Loss: 0.204517
Train Epoch: 50 [35200/50000 (70%)]	Loss: 0.104599
Train Epoch: 50 [38400/50000 (77%)]	Loss: 0.334776
Train Epoch: 50 [41600/50000 (83%)]	Loss: 0.409174
Train Epoch: 50 [44800/50000 (90%)]	Loss: 0.175135
Train Epoch: 50 [48000/50000 (96%)]	Loss: 0.250669

Test set: Average loss: 0.0004, Accuracy: 8869/10000 (89%)

Train Epoch: 51 [0/50000 (0%)]	Loss: 0.158905
Train Epoch: 51 [3200/50000 (6%)]	Loss: 0.062639
Train Epoch: 51 [6400/50000 (13%)]	Loss: 0.147160
Train Epoch: 51 [9600/50000 (19%)]	Loss: 0.153153
Train Epoch: 51 [12800/50000 (26%)]	Loss: 0.079361
Train Epoch: 51 [16000/50000 (32%)]	Loss: 0.208765
Train Epoch: 51 [19200/50000 (38%)]	Loss: 0.048634
Train Epoch: 51 [22400/50000 (45%)]	Loss: 0.055471
Train Epoch: 51 [25600/50000 (51%)]	Loss: 0.116305
Train Epoch: 51 [28800/50000 (58%)]	Loss: 0.061363
Train Epoch: 51 [32000/50000 (64%)]	Loss: 0.195539
Train Epoch: 51 [35200/50000 (70%)]	Loss: 0.132967
Train Epoch: 51 [38400/50000 (77%)]	Loss: 0.093780
Train Epoch: 51 [41600/50000 (83%)]	Loss: 0.119271
Train Epoch: 51 [44800/50000 (90%)]	Loss: 0.154463
Train Epoch: 51 [48000/50000 (96%)]	Loss: 0.146740

Test set: Average loss: 0.0004, Accuracy: 8885/10000 (89%)

Train Epoch: 52 [0/50000 (0%)]	Loss: 0.046597
Train Epoch: 52 [3200/50000 (6%)]	Loss: 0.103188
Train Epoch: 52 [6400/50000 (13%)]	Loss: 0.136699
Train Epoch: 52 [9600/50000 (19%)]	Loss: 0.049693
Train Epoch: 52 [12800/50000 (26%)]	Loss: 0.249373
Train Epoch: 52 [16000/50000 (32%)]	Loss: 0.176793
Train Epoch: 52 [19200/50000 (38%)]	Loss: 0.228051
Train Epoch: 52 [22400/50000 (45%)]	Loss: 0.112186
Train Epoch: 52 [25600/50000 (51%)]	Loss: 0.115763
Train Epoch: 52 [28800/50000 (58%)]	Loss: 0.304706
Train Epoch: 52 [32000/50000 (64%)]	Loss: 0.136378
Train Epoch: 52 [35200/50000 (70%)]	Loss: 0.112175
Train Epoch: 52 [38400/50000 (77%)]	Loss: 0.097633
Train Epoch: 52 [41600/50000 (83%)]	Loss: 0.058440
Train Epoch: 52 [44800/50000 (90%)]	Loss: 0.202222
Train Epoch: 52 [48000/50000 (96%)]	Loss: 0.169226

Test set: Average loss: 0.0004, Accuracy: 8895/10000 (89%)

Train Epoch: 53 [0/50000 (0%)]	Loss: 0.091447
Train Epoch: 53 [3200/50000 (6%)]	Loss: 0.101275
Train Epoch: 53 [6400/50000 (13%)]	Loss: 0.086268
Train Epoch: 53 [9600/50000 (19%)]	Loss: 0.044033
Train Epoch: 53 [12800/50000 (26%)]	Loss: 0.212346
Train Epoch: 53 [16000/50000 (32%)]	Loss: 0.122206
Train Epoch: 53 [19200/50000 (38%)]	Loss: 0.321011
Train Epoch: 53 [22400/50000 (45%)]	Loss: 0.189457
Train Epoch: 53 [25600/50000 (51%)]	Loss: 0.120777
Train Epoch: 53 [28800/50000 (58%)]	Loss: 0.288945
Train Epoch: 53 [32000/50000 (64%)]	Loss: 0.089316
Train Epoch: 53 [35200/50000 (70%)]	Loss: 0.183049
Train Epoch: 53 [38400/50000 (77%)]	Loss: 0.132634
Train Epoch: 53 [41600/50000 (83%)]	Loss: 0.133206
Train Epoch: 53 [44800/50000 (90%)]	Loss: 0.139860
Train Epoch: 53 [48000/50000 (96%)]	Loss: 0.104766

Test set: Average loss: 0.0004, Accuracy: 8846/10000 (88%)

Train Epoch: 54 [0/50000 (0%)]	Loss: 0.108399
Train Epoch: 54 [3200/50000 (6%)]	Loss: 0.122333
Train Epoch: 54 [6400/50000 (13%)]	Loss: 0.082690
Train Epoch: 54 [9600/50000 (19%)]	Loss: 0.047331
Train Epoch: 54 [12800/50000 (26%)]	Loss: 0.212725
Train Epoch: 54 [16000/50000 (32%)]	Loss: 0.085994
Train Epoch: 54 [19200/50000 (38%)]	Loss: 0.110064
Train Epoch: 54 [22400/50000 (45%)]	Loss: 0.072536
Train Epoch: 54 [25600/50000 (51%)]	Loss: 0.167512
Train Epoch: 54 [28800/50000 (58%)]	Loss: 0.203957
Train Epoch: 54 [32000/50000 (64%)]	Loss: 0.072057
Train Epoch: 54 [35200/50000 (70%)]	Loss: 0.112759
Train Epoch: 54 [38400/50000 (77%)]	Loss: 0.189301
Train Epoch: 54 [41600/50000 (83%)]	Loss: 0.232401
Train Epoch: 54 [44800/50000 (90%)]	Loss: 0.143356
Train Epoch: 54 [48000/50000 (96%)]	Loss: 0.131532

Test set: Average loss: 0.0004, Accuracy: 8876/10000 (89%)

Train Epoch: 55 [0/50000 (0%)]	Loss: 0.119910
Train Epoch: 55 [3200/50000 (6%)]	Loss: 0.160767
Train Epoch: 55 [6400/50000 (13%)]	Loss: 0.284309
Train Epoch: 55 [9600/50000 (19%)]	Loss: 0.078381
Train Epoch: 55 [12800/50000 (26%)]	Loss: 0.163789
Train Epoch: 55 [16000/50000 (32%)]	Loss: 0.222451
Train Epoch: 55 [19200/50000 (38%)]	Loss: 0.076232
Train Epoch: 55 [22400/50000 (45%)]	Loss: 0.123689
Train Epoch: 55 [25600/50000 (51%)]	Loss: 0.135496
Train Epoch: 55 [28800/50000 (58%)]	Loss: 0.103587
Train Epoch: 55 [32000/50000 (64%)]	Loss: 0.206166
Train Epoch: 55 [35200/50000 (70%)]	Loss: 0.102167
Train Epoch: 55 [38400/50000 (77%)]	Loss: 0.238361
Train Epoch: 55 [41600/50000 (83%)]	Loss: 0.115480
Train Epoch: 55 [44800/50000 (90%)]	Loss: 0.081220
Train Epoch: 55 [48000/50000 (96%)]	Loss: 0.215787

Test set: Average loss: 0.0004, Accuracy: 8865/10000 (89%)

Train Epoch: 56 [0/50000 (0%)]	Loss: 0.041997
Train Epoch: 56 [3200/50000 (6%)]	Loss: 0.145948
Train Epoch: 56 [6400/50000 (13%)]	Loss: 0.110403
Train Epoch: 56 [9600/50000 (19%)]	Loss: 0.059309
Train Epoch: 56 [12800/50000 (26%)]	Loss: 0.111925
Train Epoch: 56 [16000/50000 (32%)]	Loss: 0.076161
Train Epoch: 56 [19200/50000 (38%)]	Loss: 0.195988
Train Epoch: 56 [22400/50000 (45%)]	Loss: 0.090276
Train Epoch: 56 [25600/50000 (51%)]	Loss: 0.148225
Train Epoch: 56 [28800/50000 (58%)]	Loss: 0.095096
Train Epoch: 56 [32000/50000 (64%)]	Loss: 0.293522
Train Epoch: 56 [35200/50000 (70%)]	Loss: 0.084101
Train Epoch: 56 [38400/50000 (77%)]	Loss: 0.114049
Train Epoch: 56 [41600/50000 (83%)]	Loss: 0.191069
Train Epoch: 56 [44800/50000 (90%)]	Loss: 0.169485
Train Epoch: 56 [48000/50000 (96%)]	Loss: 0.076967

Test set: Average loss: 0.0004, Accuracy: 8813/10000 (88%)

Train Epoch: 57 [0/50000 (0%)]	Loss: 0.235886
Train Epoch: 57 [3200/50000 (6%)]	Loss: 0.124974
Train Epoch: 57 [6400/50000 (13%)]	Loss: 0.067586
Train Epoch: 57 [9600/50000 (19%)]	Loss: 0.138677
Train Epoch: 57 [12800/50000 (26%)]	Loss: 0.126379
Train Epoch: 57 [16000/50000 (32%)]	Loss: 0.099510
Train Epoch: 57 [19200/50000 (38%)]	Loss: 0.178187
Train Epoch: 57 [22400/50000 (45%)]	Loss: 0.170774
Train Epoch: 57 [25600/50000 (51%)]	Loss: 0.156978
Train Epoch: 57 [28800/50000 (58%)]	Loss: 0.311375
Train Epoch: 57 [32000/50000 (64%)]	Loss: 0.065469
Train Epoch: 57 [35200/50000 (70%)]	Loss: 0.141248
Train Epoch: 57 [38400/50000 (77%)]	Loss: 0.123157
Train Epoch: 57 [41600/50000 (83%)]	Loss: 0.155645
Train Epoch: 57 [44800/50000 (90%)]	Loss: 0.078329
Train Epoch: 57 [48000/50000 (96%)]	Loss: 0.139401

Test set: Average loss: 0.0004, Accuracy: 8900/10000 (89%)

Train Epoch: 58 [0/50000 (0%)]	Loss: 0.157430
Train Epoch: 58 [3200/50000 (6%)]	Loss: 0.199397
Train Epoch: 58 [6400/50000 (13%)]	Loss: 0.171080
Train Epoch: 58 [9600/50000 (19%)]	Loss: 0.171431
Train Epoch: 58 [12800/50000 (26%)]	Loss: 0.128108
Train Epoch: 58 [16000/50000 (32%)]	Loss: 0.184765
Train Epoch: 58 [19200/50000 (38%)]	Loss: 0.366872
Train Epoch: 58 [22400/50000 (45%)]	Loss: 0.072652
Train Epoch: 58 [25600/50000 (51%)]	Loss: 0.191226
Train Epoch: 58 [28800/50000 (58%)]	Loss: 0.067542
Train Epoch: 58 [32000/50000 (64%)]	Loss: 0.140590
Train Epoch: 58 [35200/50000 (70%)]	Loss: 0.146342
Train Epoch: 58 [38400/50000 (77%)]	Loss: 0.164914
Train Epoch: 58 [41600/50000 (83%)]	Loss: 0.132015
Train Epoch: 58 [44800/50000 (90%)]	Loss: 0.130074
Train Epoch: 58 [48000/50000 (96%)]	Loss: 0.124127

Test set: Average loss: 0.0004, Accuracy: 8884/10000 (89%)

Train Epoch: 59 [0/50000 (0%)]	Loss: 0.085104
Train Epoch: 59 [3200/50000 (6%)]	Loss: 0.136272
Train Epoch: 59 [6400/50000 (13%)]	Loss: 0.123789
Train Epoch: 59 [9600/50000 (19%)]	Loss: 0.231903
Train Epoch: 59 [12800/50000 (26%)]	Loss: 0.029146
Train Epoch: 59 [16000/50000 (32%)]	Loss: 0.159258
Train Epoch: 59 [19200/50000 (38%)]	Loss: 0.060881
Train Epoch: 59 [22400/50000 (45%)]	Loss: 0.141902
Train Epoch: 59 [25600/50000 (51%)]	Loss: 0.143420
Train Epoch: 59 [28800/50000 (58%)]	Loss: 0.102217
Train Epoch: 59 [32000/50000 (64%)]	Loss: 0.087113
Train Epoch: 59 [35200/50000 (70%)]	Loss: 0.158058
Train Epoch: 59 [38400/50000 (77%)]	Loss: 0.086982
Train Epoch: 59 [41600/50000 (83%)]	Loss: 0.053585
Train Epoch: 59 [44800/50000 (90%)]	Loss: 0.132497
Train Epoch: 59 [48000/50000 (96%)]	Loss: 0.233282

Test set: Average loss: 0.0004, Accuracy: 8936/10000 (89%)

Train Epoch: 60 [0/50000 (0%)]	Loss: 0.123564
Train Epoch: 60 [3200/50000 (6%)]	Loss: 0.238361
Train Epoch: 60 [6400/50000 (13%)]	Loss: 0.412195
Train Epoch: 60 [9600/50000 (19%)]	Loss: 0.080139
Train Epoch: 60 [12800/50000 (26%)]	Loss: 0.209013
Train Epoch: 60 [16000/50000 (32%)]	Loss: 0.211751
Train Epoch: 60 [19200/50000 (38%)]	Loss: 0.225250
Train Epoch: 60 [22400/50000 (45%)]	Loss: 0.203846
Train Epoch: 60 [25600/50000 (51%)]	Loss: 0.185263
Train Epoch: 60 [28800/50000 (58%)]	Loss: 0.159780
Train Epoch: 60 [32000/50000 (64%)]	Loss: 0.108518
Train Epoch: 60 [35200/50000 (70%)]	Loss: 0.225172
Train Epoch: 60 [38400/50000 (77%)]	Loss: 0.067189
Train Epoch: 60 [41600/50000 (83%)]	Loss: 0.128116
Train Epoch: 60 [44800/50000 (90%)]	Loss: 0.049487
Train Epoch: 60 [48000/50000 (96%)]	Loss: 0.175723

Test set: Average loss: 0.0004, Accuracy: 8834/10000 (88%)

Train Epoch: 61 [0/50000 (0%)]	Loss: 0.234318
Train Epoch: 61 [3200/50000 (6%)]	Loss: 0.230495
Train Epoch: 61 [6400/50000 (13%)]	Loss: 0.089609
Train Epoch: 61 [9600/50000 (19%)]	Loss: 0.097304
Train Epoch: 61 [12800/50000 (26%)]	Loss: 0.226388
Train Epoch: 61 [16000/50000 (32%)]	Loss: 0.184561
Train Epoch: 61 [19200/50000 (38%)]	Loss: 0.121291
Train Epoch: 61 [22400/50000 (45%)]	Loss: 0.121670
Train Epoch: 61 [25600/50000 (51%)]	Loss: 0.087693
Train Epoch: 61 [28800/50000 (58%)]	Loss: 0.194396
Train Epoch: 61 [32000/50000 (64%)]	Loss: 0.200190
Train Epoch: 61 [35200/50000 (70%)]	Loss: 0.211515
Train Epoch: 61 [38400/50000 (77%)]	Loss: 0.107440
Train Epoch: 61 [41600/50000 (83%)]	Loss: 0.029177
Train Epoch: 61 [44800/50000 (90%)]	Loss: 0.091738
Train Epoch: 61 [48000/50000 (96%)]	Loss: 0.141105

Test set: Average loss: 0.0004, Accuracy: 8834/10000 (88%)

Train Epoch: 62 [0/50000 (0%)]	Loss: 0.131836
Train Epoch: 62 [3200/50000 (6%)]	Loss: 0.042236
Train Epoch: 62 [6400/50000 (13%)]	Loss: 0.207186
Train Epoch: 62 [9600/50000 (19%)]	Loss: 0.062941
Train Epoch: 62 [12800/50000 (26%)]	Loss: 0.078150
Train Epoch: 62 [16000/50000 (32%)]	Loss: 0.251501
Train Epoch: 62 [19200/50000 (38%)]	Loss: 0.114341
Train Epoch: 62 [22400/50000 (45%)]	Loss: 0.264747
Train Epoch: 62 [25600/50000 (51%)]	Loss: 0.125566
Train Epoch: 62 [28800/50000 (58%)]	Loss: 0.193352
Train Epoch: 62 [32000/50000 (64%)]	Loss: 0.077583
Train Epoch: 62 [35200/50000 (70%)]	Loss: 0.142799
Train Epoch: 62 [38400/50000 (77%)]	Loss: 0.134416
Train Epoch: 62 [41600/50000 (83%)]	Loss: 0.088555
Train Epoch: 62 [44800/50000 (90%)]	Loss: 0.179261
Train Epoch: 62 [48000/50000 (96%)]	Loss: 0.250757

Test set: Average loss: 0.0004, Accuracy: 8834/10000 (88%)

Train Epoch: 63 [0/50000 (0%)]	Loss: 0.112067
Train Epoch: 63 [3200/50000 (6%)]	Loss: 0.071073
Train Epoch: 63 [6400/50000 (13%)]	Loss: 0.112653
Train Epoch: 63 [9600/50000 (19%)]	Loss: 0.191261
Train Epoch: 63 [12800/50000 (26%)]	Loss: 0.161090
Train Epoch: 63 [16000/50000 (32%)]	Loss: 0.143318
Train Epoch: 63 [19200/50000 (38%)]	Loss: 0.078254
Train Epoch: 63 [22400/50000 (45%)]	Loss: 0.154663
Train Epoch: 63 [25600/50000 (51%)]	Loss: 0.060979
Train Epoch: 63 [28800/50000 (58%)]	Loss: 0.100479
Train Epoch: 63 [32000/50000 (64%)]	Loss: 0.068593
Train Epoch: 63 [35200/50000 (70%)]	Loss: 0.102846
Train Epoch: 63 [38400/50000 (77%)]	Loss: 0.151533
Train Epoch: 63 [41600/50000 (83%)]	Loss: 0.110211
Train Epoch: 63 [44800/50000 (90%)]	Loss: 0.071652
Train Epoch: 63 [48000/50000 (96%)]	Loss: 0.087657

Test set: Average loss: 0.0004, Accuracy: 8902/10000 (89%)

Train Epoch: 64 [0/50000 (0%)]	Loss: 0.052022
Train Epoch: 64 [3200/50000 (6%)]	Loss: 0.190979
Train Epoch: 64 [6400/50000 (13%)]	Loss: 0.062660
Train Epoch: 64 [9600/50000 (19%)]	Loss: 0.082865
Train Epoch: 64 [12800/50000 (26%)]	Loss: 0.151561
Train Epoch: 64 [16000/50000 (32%)]	Loss: 0.184697
Train Epoch: 64 [19200/50000 (38%)]	Loss: 0.116116
Train Epoch: 64 [22400/50000 (45%)]	Loss: 0.095490
Train Epoch: 64 [25600/50000 (51%)]	Loss: 0.119105
Train Epoch: 64 [28800/50000 (58%)]	Loss: 0.091025
Train Epoch: 64 [32000/50000 (64%)]	Loss: 0.303397
Train Epoch: 64 [35200/50000 (70%)]	Loss: 0.111178
Train Epoch: 64 [38400/50000 (77%)]	Loss: 0.081455
Train Epoch: 64 [41600/50000 (83%)]	Loss: 0.195695
Train Epoch: 64 [44800/50000 (90%)]	Loss: 0.175321
Train Epoch: 64 [48000/50000 (96%)]	Loss: 0.194865

Test set: Average loss: 0.0004, Accuracy: 8919/10000 (89%)

Train Epoch: 65 [0/50000 (0%)]	Loss: 0.099977
Train Epoch: 65 [3200/50000 (6%)]	Loss: 0.142416
Train Epoch: 65 [6400/50000 (13%)]	Loss: 0.081012
Train Epoch: 65 [9600/50000 (19%)]	Loss: 0.068477
Train Epoch: 65 [12800/50000 (26%)]	Loss: 0.099837
Train Epoch: 65 [16000/50000 (32%)]	Loss: 0.161024
Train Epoch: 65 [19200/50000 (38%)]	Loss: 0.238431
Train Epoch: 65 [22400/50000 (45%)]	Loss: 0.092751
Train Epoch: 65 [25600/50000 (51%)]	Loss: 0.127308
Train Epoch: 65 [28800/50000 (58%)]	Loss: 0.115111
Train Epoch: 65 [32000/50000 (64%)]	Loss: 0.102870
Train Epoch: 65 [35200/50000 (70%)]	Loss: 0.056534
Train Epoch: 65 [38400/50000 (77%)]	Loss: 0.028179
Train Epoch: 65 [41600/50000 (83%)]	Loss: 0.194599
Train Epoch: 65 [44800/50000 (90%)]	Loss: 0.077149
Train Epoch: 65 [48000/50000 (96%)]	Loss: 0.199530

Test set: Average loss: 0.0004, Accuracy: 8860/10000 (89%)

Train Epoch: 66 [0/50000 (0%)]	Loss: 0.135419
Train Epoch: 66 [3200/50000 (6%)]	Loss: 0.302615
Train Epoch: 66 [6400/50000 (13%)]	Loss: 0.062965
Train Epoch: 66 [9600/50000 (19%)]	Loss: 0.093143
Train Epoch: 66 [12800/50000 (26%)]	Loss: 0.289513
Train Epoch: 66 [16000/50000 (32%)]	Loss: 0.091789
Train Epoch: 66 [19200/50000 (38%)]	Loss: 0.110610
Train Epoch: 66 [22400/50000 (45%)]	Loss: 0.108764
Train Epoch: 66 [25600/50000 (51%)]	Loss: 0.095597
Train Epoch: 66 [28800/50000 (58%)]	Loss: 0.095071
Train Epoch: 66 [32000/50000 (64%)]	Loss: 0.142279
Train Epoch: 66 [35200/50000 (70%)]	Loss: 0.260954
Train Epoch: 66 [38400/50000 (77%)]	Loss: 0.121755
Train Epoch: 66 [41600/50000 (83%)]	Loss: 0.172969
Train Epoch: 66 [44800/50000 (90%)]	Loss: 0.185440
Train Epoch: 66 [48000/50000 (96%)]	Loss: 0.210558

Test set: Average loss: 0.0004, Accuracy: 8815/10000 (88%)

Train Epoch: 67 [0/50000 (0%)]	Loss: 0.144465
Train Epoch: 67 [3200/50000 (6%)]	Loss: 0.140905
Train Epoch: 67 [6400/50000 (13%)]	Loss: 0.158840
Train Epoch: 67 [9600/50000 (19%)]	Loss: 0.113381
Train Epoch: 67 [12800/50000 (26%)]	Loss: 0.050687
Train Epoch: 67 [16000/50000 (32%)]	Loss: 0.037807
Train Epoch: 67 [19200/50000 (38%)]	Loss: 0.159436
Train Epoch: 67 [22400/50000 (45%)]	Loss: 0.085065
Train Epoch: 67 [25600/50000 (51%)]	Loss: 0.096855
Train Epoch: 67 [28800/50000 (58%)]	Loss: 0.107359
Train Epoch: 67 [32000/50000 (64%)]	Loss: 0.138345
Train Epoch: 67 [35200/50000 (70%)]	Loss: 0.208513
Train Epoch: 67 [38400/50000 (77%)]	Loss: 0.263237
Train Epoch: 67 [41600/50000 (83%)]	Loss: 0.092357
Train Epoch: 67 [44800/50000 (90%)]	Loss: 0.160112
Train Epoch: 67 [48000/50000 (96%)]	Loss: 0.099187

Test set: Average loss: 0.0004, Accuracy: 8853/10000 (89%)

Train Epoch: 68 [0/50000 (0%)]	Loss: 0.077052
Train Epoch: 68 [3200/50000 (6%)]	Loss: 0.195331
Train Epoch: 68 [6400/50000 (13%)]	Loss: 0.262570
Train Epoch: 68 [9600/50000 (19%)]	Loss: 0.205157
Train Epoch: 68 [12800/50000 (26%)]	Loss: 0.042878
Train Epoch: 68 [16000/50000 (32%)]	Loss: 0.164590
Train Epoch: 68 [19200/50000 (38%)]	Loss: 0.042815
Train Epoch: 68 [22400/50000 (45%)]	Loss: 0.223159
Train Epoch: 68 [25600/50000 (51%)]	Loss: 0.076513
Train Epoch: 68 [28800/50000 (58%)]	Loss: 0.094981
Train Epoch: 68 [32000/50000 (64%)]	Loss: 0.130424
Train Epoch: 68 [35200/50000 (70%)]	Loss: 0.275512
Train Epoch: 68 [38400/50000 (77%)]	Loss: 0.208611
Train Epoch: 68 [41600/50000 (83%)]	Loss: 0.140522
Train Epoch: 68 [44800/50000 (90%)]	Loss: 0.045654
Train Epoch: 68 [48000/50000 (96%)]	Loss: 0.212093

Test set: Average loss: 0.0004, Accuracy: 8859/10000 (89%)

Train Epoch: 69 [0/50000 (0%)]	Loss: 0.135983
Train Epoch: 69 [3200/50000 (6%)]	Loss: 0.280851
Train Epoch: 69 [6400/50000 (13%)]	Loss: 0.112950
Train Epoch: 69 [9600/50000 (19%)]	Loss: 0.072931
Train Epoch: 69 [12800/50000 (26%)]	Loss: 0.059256
Train Epoch: 69 [16000/50000 (32%)]	Loss: 0.109580
Train Epoch: 69 [19200/50000 (38%)]	Loss: 0.169133
Train Epoch: 69 [22400/50000 (45%)]	Loss: 0.027683
Train Epoch: 69 [25600/50000 (51%)]	Loss: 0.088474
Train Epoch: 69 [28800/50000 (58%)]	Loss: 0.093054
Train Epoch: 69 [32000/50000 (64%)]	Loss: 0.035660
Train Epoch: 69 [35200/50000 (70%)]	Loss: 0.123264
Train Epoch: 69 [38400/50000 (77%)]	Loss: 0.019681
Train Epoch: 69 [41600/50000 (83%)]	Loss: 0.098477
Train Epoch: 69 [44800/50000 (90%)]	Loss: 0.135364
Train Epoch: 69 [48000/50000 (96%)]	Loss: 0.106827

Test set: Average loss: 0.0004, Accuracy: 8878/10000 (89%)

Train Epoch: 70 [0/50000 (0%)]	Loss: 0.058184
Train Epoch: 70 [3200/50000 (6%)]	Loss: 0.250500
Train Epoch: 70 [6400/50000 (13%)]	Loss: 0.096198
Train Epoch: 70 [9600/50000 (19%)]	Loss: 0.168973
Train Epoch: 70 [12800/50000 (26%)]	Loss: 0.140527
Train Epoch: 70 [16000/50000 (32%)]	Loss: 0.026665
Train Epoch: 70 [19200/50000 (38%)]	Loss: 0.097512
Train Epoch: 70 [22400/50000 (45%)]	Loss: 0.036546
Train Epoch: 70 [25600/50000 (51%)]	Loss: 0.254384
Train Epoch: 70 [28800/50000 (58%)]	Loss: 0.065042
Train Epoch: 70 [32000/50000 (64%)]	Loss: 0.120436
Train Epoch: 70 [35200/50000 (70%)]	Loss: 0.119517
Train Epoch: 70 [38400/50000 (77%)]	Loss: 0.146292
Train Epoch: 70 [41600/50000 (83%)]	Loss: 0.076289
Train Epoch: 70 [44800/50000 (90%)]	Loss: 0.040172
Train Epoch: 70 [48000/50000 (96%)]	Loss: 0.129717

Test set: Average loss: 0.0004, Accuracy: 8908/10000 (89%)

Train Epoch: 71 [0/50000 (0%)]	Loss: 0.082811
Train Epoch: 71 [3200/50000 (6%)]	Loss: 0.138502
Train Epoch: 71 [6400/50000 (13%)]	Loss: 0.158785
Train Epoch: 71 [9600/50000 (19%)]	Loss: 0.084818
Train Epoch: 71 [12800/50000 (26%)]	Loss: 0.066972
Train Epoch: 71 [16000/50000 (32%)]	Loss: 0.171984
Train Epoch: 71 [19200/50000 (38%)]	Loss: 0.097181
Train Epoch: 71 [22400/50000 (45%)]	Loss: 0.171090
Train Epoch: 71 [25600/50000 (51%)]	Loss: 0.213224
Train Epoch: 71 [28800/50000 (58%)]	Loss: 0.105326
Train Epoch: 71 [32000/50000 (64%)]	Loss: 0.136017
Train Epoch: 71 [35200/50000 (70%)]	Loss: 0.174989
Train Epoch: 71 [38400/50000 (77%)]	Loss: 0.124996
Train Epoch: 71 [41600/50000 (83%)]	Loss: 0.105288
Train Epoch: 71 [44800/50000 (90%)]	Loss: 0.092379
Train Epoch: 71 [48000/50000 (96%)]	Loss: 0.120467

Test set: Average loss: 0.0004, Accuracy: 8894/10000 (89%)

Train Epoch: 72 [0/50000 (0%)]	Loss: 0.167590
Train Epoch: 72 [3200/50000 (6%)]	Loss: 0.200884
Train Epoch: 72 [6400/50000 (13%)]	Loss: 0.175735
Train Epoch: 72 [9600/50000 (19%)]	Loss: 0.090762
Train Epoch: 72 [12800/50000 (26%)]	Loss: 0.069203
Train Epoch: 72 [16000/50000 (32%)]	Loss: 0.253353
Train Epoch: 72 [19200/50000 (38%)]	Loss: 0.182432
Train Epoch: 72 [22400/50000 (45%)]	Loss: 0.067056
Train Epoch: 72 [25600/50000 (51%)]	Loss: 0.113032
Train Epoch: 72 [28800/50000 (58%)]	Loss: 0.179901
Train Epoch: 72 [32000/50000 (64%)]	Loss: 0.275696
Train Epoch: 72 [35200/50000 (70%)]	Loss: 0.123555
Train Epoch: 72 [38400/50000 (77%)]	Loss: 0.092404
Train Epoch: 72 [41600/50000 (83%)]	Loss: 0.207850
Train Epoch: 72 [44800/50000 (90%)]	Loss: 0.090391
Train Epoch: 72 [48000/50000 (96%)]	Loss: 0.151282

Test set: Average loss: 0.0004, Accuracy: 8867/10000 (89%)

Train Epoch: 73 [0/50000 (0%)]	Loss: 0.082744
Train Epoch: 73 [3200/50000 (6%)]	Loss: 0.076715
Train Epoch: 73 [6400/50000 (13%)]	Loss: 0.247135
Train Epoch: 73 [9600/50000 (19%)]	Loss: 0.060918
Train Epoch: 73 [12800/50000 (26%)]	Loss: 0.095505
Train Epoch: 73 [16000/50000 (32%)]	Loss: 0.056482
Train Epoch: 73 [19200/50000 (38%)]	Loss: 0.170606
Train Epoch: 73 [22400/50000 (45%)]	Loss: 0.103672
Train Epoch: 73 [25600/50000 (51%)]	Loss: 0.026285
Train Epoch: 73 [28800/50000 (58%)]	Loss: 0.258490
Train Epoch: 73 [32000/50000 (64%)]	Loss: 0.133642
Train Epoch: 73 [35200/50000 (70%)]	Loss: 0.077551
Train Epoch: 73 [38400/50000 (77%)]	Loss: 0.051932
Train Epoch: 73 [41600/50000 (83%)]	Loss: 0.047577
Train Epoch: 73 [44800/50000 (90%)]	Loss: 0.123705
Train Epoch: 73 [48000/50000 (96%)]	Loss: 0.078471

Test set: Average loss: 0.0004, Accuracy: 8899/10000 (89%)

Train Epoch: 74 [0/50000 (0%)]	Loss: 0.110886
Train Epoch: 74 [3200/50000 (6%)]	Loss: 0.028765
Train Epoch: 74 [6400/50000 (13%)]	Loss: 0.158547
Train Epoch: 74 [9600/50000 (19%)]	Loss: 0.070192
Train Epoch: 74 [12800/50000 (26%)]	Loss: 0.058098
Train Epoch: 74 [16000/50000 (32%)]	Loss: 0.161770
Train Epoch: 74 [19200/50000 (38%)]	Loss: 0.121745
Train Epoch: 74 [22400/50000 (45%)]	Loss: 0.098403
Train Epoch: 74 [25600/50000 (51%)]	Loss: 0.250030
Train Epoch: 74 [28800/50000 (58%)]	Loss: 0.070053
Train Epoch: 74 [32000/50000 (64%)]	Loss: 0.140442
Train Epoch: 74 [35200/50000 (70%)]	Loss: 0.105719
Train Epoch: 74 [38400/50000 (77%)]	Loss: 0.079326
Train Epoch: 74 [41600/50000 (83%)]	Loss: 0.121583
Train Epoch: 74 [44800/50000 (90%)]	Loss: 0.163009
Train Epoch: 74 [48000/50000 (96%)]	Loss: 0.145857

Test set: Average loss: 0.0004, Accuracy: 8914/10000 (89%)

Train Epoch: 75 [0/50000 (0%)]	Loss: 0.068518
Train Epoch: 75 [3200/50000 (6%)]	Loss: 0.123684
Train Epoch: 75 [6400/50000 (13%)]	Loss: 0.039397
Train Epoch: 75 [9600/50000 (19%)]	Loss: 0.045129
Train Epoch: 75 [12800/50000 (26%)]	Loss: 0.227699
Train Epoch: 75 [16000/50000 (32%)]	Loss: 0.062173
Train Epoch: 75 [19200/50000 (38%)]	Loss: 0.066991
Train Epoch: 75 [22400/50000 (45%)]	Loss: 0.102393
Train Epoch: 75 [25600/50000 (51%)]	Loss: 0.069374
Train Epoch: 75 [28800/50000 (58%)]	Loss: 0.081519
Train Epoch: 75 [32000/50000 (64%)]	Loss: 0.189138
Train Epoch: 75 [35200/50000 (70%)]	Loss: 0.078039
Train Epoch: 75 [38400/50000 (77%)]	Loss: 0.056957
Train Epoch: 75 [41600/50000 (83%)]	Loss: 0.155717
Train Epoch: 75 [44800/50000 (90%)]	Loss: 0.077016
Train Epoch: 75 [48000/50000 (96%)]	Loss: 0.147253

Test set: Average loss: 0.0004, Accuracy: 8941/10000 (89%)

Train Epoch: 76 [0/50000 (0%)]	Loss: 0.041242
Train Epoch: 76 [3200/50000 (6%)]	Loss: 0.148033
Train Epoch: 76 [6400/50000 (13%)]	Loss: 0.062654
Train Epoch: 76 [9600/50000 (19%)]	Loss: 0.135826
Train Epoch: 76 [12800/50000 (26%)]	Loss: 0.261446
Train Epoch: 76 [16000/50000 (32%)]	Loss: 0.051299
Train Epoch: 76 [19200/50000 (38%)]	Loss: 0.065506
Train Epoch: 76 [22400/50000 (45%)]	Loss: 0.198703
Train Epoch: 76 [25600/50000 (51%)]	Loss: 0.061111
Train Epoch: 76 [28800/50000 (58%)]	Loss: 0.070575
Train Epoch: 76 [32000/50000 (64%)]	Loss: 0.126933
Train Epoch: 76 [35200/50000 (70%)]	Loss: 0.305942
Train Epoch: 76 [38400/50000 (77%)]	Loss: 0.093893
Train Epoch: 76 [41600/50000 (83%)]	Loss: 0.081866
Train Epoch: 76 [44800/50000 (90%)]	Loss: 0.096618
Train Epoch: 76 [48000/50000 (96%)]	Loss: 0.269239

Test set: Average loss: 0.0004, Accuracy: 8932/10000 (89%)

Train Epoch: 77 [0/50000 (0%)]	Loss: 0.083702
Train Epoch: 77 [3200/50000 (6%)]	Loss: 0.110892
Train Epoch: 77 [6400/50000 (13%)]	Loss: 0.285957
Train Epoch: 77 [9600/50000 (19%)]	Loss: 0.035640
Train Epoch: 77 [12800/50000 (26%)]	Loss: 0.132676
Train Epoch: 77 [16000/50000 (32%)]	Loss: 0.150388
Train Epoch: 77 [19200/50000 (38%)]	Loss: 0.116163
Train Epoch: 77 [22400/50000 (45%)]	Loss: 0.070373
Train Epoch: 77 [25600/50000 (51%)]	Loss: 0.041974
Train Epoch: 77 [28800/50000 (58%)]	Loss: 0.067825
Train Epoch: 77 [32000/50000 (64%)]	Loss: 0.064126
Train Epoch: 77 [35200/50000 (70%)]	Loss: 0.092671
Train Epoch: 77 [38400/50000 (77%)]	Loss: 0.126909
Train Epoch: 77 [41600/50000 (83%)]	Loss: 0.064893
Train Epoch: 77 [44800/50000 (90%)]	Loss: 0.069965
Train Epoch: 77 [48000/50000 (96%)]	Loss: 0.057576

Test set: Average loss: 0.0004, Accuracy: 8914/10000 (89%)

Train Epoch: 78 [0/50000 (0%)]	Loss: 0.068401
Train Epoch: 78 [3200/50000 (6%)]	Loss: 0.112690
Train Epoch: 78 [6400/50000 (13%)]	Loss: 0.079573
Train Epoch: 78 [9600/50000 (19%)]	Loss: 0.103774
Train Epoch: 78 [12800/50000 (26%)]	Loss: 0.042315
Train Epoch: 78 [16000/50000 (32%)]	Loss: 0.094623
Train Epoch: 78 [19200/50000 (38%)]	Loss: 0.087327
Train Epoch: 78 [22400/50000 (45%)]	Loss: 0.141712
Train Epoch: 78 [25600/50000 (51%)]	Loss: 0.167447
Train Epoch: 78 [28800/50000 (58%)]	Loss: 0.082241
Train Epoch: 78 [32000/50000 (64%)]	Loss: 0.296912
Train Epoch: 78 [35200/50000 (70%)]	Loss: 0.129331
Train Epoch: 78 [38400/50000 (77%)]	Loss: 0.024016
Train Epoch: 78 [41600/50000 (83%)]	Loss: 0.027603
Train Epoch: 78 [44800/50000 (90%)]	Loss: 0.151701
Train Epoch: 78 [48000/50000 (96%)]	Loss: 0.111630

Test set: Average loss: 0.0004, Accuracy: 8904/10000 (89%)

Train Epoch: 79 [0/50000 (0%)]	Loss: 0.126493
Train Epoch: 79 [3200/50000 (6%)]	Loss: 0.081190
Train Epoch: 79 [6400/50000 (13%)]	Loss: 0.065868
Train Epoch: 79 [9600/50000 (19%)]	Loss: 0.060471
Train Epoch: 79 [12800/50000 (26%)]	Loss: 0.042587
Train Epoch: 79 [16000/50000 (32%)]	Loss: 0.209942
Train Epoch: 79 [19200/50000 (38%)]	Loss: 0.481690
Train Epoch: 79 [22400/50000 (45%)]	Loss: 0.169851
Train Epoch: 79 [25600/50000 (51%)]	Loss: 0.115069
Train Epoch: 79 [28800/50000 (58%)]	Loss: 0.066998
Train Epoch: 79 [32000/50000 (64%)]	Loss: 0.032017
Train Epoch: 79 [35200/50000 (70%)]	Loss: 0.100015
Train Epoch: 79 [38400/50000 (77%)]	Loss: 0.085435
Train Epoch: 79 [41600/50000 (83%)]	Loss: 0.108083
Train Epoch: 79 [44800/50000 (90%)]	Loss: 0.132881
Train Epoch: 79 [48000/50000 (96%)]	Loss: 0.041769

Test set: Average loss: 0.0004, Accuracy: 8902/10000 (89%)

Train Epoch: 80 [0/50000 (0%)]	Loss: 0.055687
Train Epoch: 80 [3200/50000 (6%)]	Loss: 0.204611
Train Epoch: 80 [6400/50000 (13%)]	Loss: 0.056503
Train Epoch: 80 [9600/50000 (19%)]	Loss: 0.056277
Train Epoch: 80 [12800/50000 (26%)]	Loss: 0.073903
Train Epoch: 80 [16000/50000 (32%)]	Loss: 0.192274
Train Epoch: 80 [19200/50000 (38%)]	Loss: 0.055197
Train Epoch: 80 [22400/50000 (45%)]	Loss: 0.197944
Train Epoch: 80 [25600/50000 (51%)]	Loss: 0.095420
Train Epoch: 80 [28800/50000 (58%)]	Loss: 0.195285
Train Epoch: 80 [32000/50000 (64%)]	Loss: 0.146430
Train Epoch: 80 [35200/50000 (70%)]	Loss: 0.073024
Train Epoch: 80 [38400/50000 (77%)]	Loss: 0.195716
Train Epoch: 80 [41600/50000 (83%)]	Loss: 0.198487
Train Epoch: 80 [44800/50000 (90%)]	Loss: 0.072462
Train Epoch: 80 [48000/50000 (96%)]	Loss: 0.069698

Test set: Average loss: 0.0004, Accuracy: 8927/10000 (89%)

Train Epoch: 81 [0/50000 (0%)]	Loss: 0.057236
Train Epoch: 81 [3200/50000 (6%)]	Loss: 0.039043
Train Epoch: 81 [6400/50000 (13%)]	Loss: 0.075429
Train Epoch: 81 [9600/50000 (19%)]	Loss: 0.129809
Train Epoch: 81 [12800/50000 (26%)]	Loss: 0.021588
Train Epoch: 81 [16000/50000 (32%)]	Loss: 0.147666
Train Epoch: 81 [19200/50000 (38%)]	Loss: 0.043260
Train Epoch: 81 [22400/50000 (45%)]	Loss: 0.005332
Train Epoch: 81 [25600/50000 (51%)]	Loss: 0.061190
Train Epoch: 81 [28800/50000 (58%)]	Loss: 0.125811
Train Epoch: 81 [32000/50000 (64%)]	Loss: 0.022298
Train Epoch: 81 [35200/50000 (70%)]	Loss: 0.054366
Train Epoch: 81 [38400/50000 (77%)]	Loss: 0.053500
Train Epoch: 81 [41600/50000 (83%)]	Loss: 0.036120
Train Epoch: 81 [44800/50000 (90%)]	Loss: 0.074918
Train Epoch: 81 [48000/50000 (96%)]	Loss: 0.049682

Test set: Average loss: 0.0004, Accuracy: 9018/10000 (90%)

Train Epoch: 82 [0/50000 (0%)]	Loss: 0.018882
Train Epoch: 82 [3200/50000 (6%)]	Loss: 0.050949
Train Epoch: 82 [6400/50000 (13%)]	Loss: 0.048471
Train Epoch: 82 [9600/50000 (19%)]	Loss: 0.017037
Train Epoch: 82 [12800/50000 (26%)]	Loss: 0.062119
Train Epoch: 82 [16000/50000 (32%)]	Loss: 0.023036
Train Epoch: 82 [19200/50000 (38%)]	Loss: 0.057094
Train Epoch: 82 [22400/50000 (45%)]	Loss: 0.046963
Train Epoch: 82 [25600/50000 (51%)]	Loss: 0.053188
Train Epoch: 82 [28800/50000 (58%)]	Loss: 0.043572
Train Epoch: 82 [32000/50000 (64%)]	Loss: 0.159655
Train Epoch: 82 [35200/50000 (70%)]	Loss: 0.026927
Train Epoch: 82 [38400/50000 (77%)]	Loss: 0.029566
Train Epoch: 82 [41600/50000 (83%)]	Loss: 0.026678
Train Epoch: 82 [44800/50000 (90%)]	Loss: 0.089999
Train Epoch: 82 [48000/50000 (96%)]	Loss: 0.019537

Test set: Average loss: 0.0004, Accuracy: 9025/10000 (90%)

Train Epoch: 83 [0/50000 (0%)]	Loss: 0.066422
Train Epoch: 83 [3200/50000 (6%)]	Loss: 0.039330
Train Epoch: 83 [6400/50000 (13%)]	Loss: 0.033713
Train Epoch: 83 [9600/50000 (19%)]	Loss: 0.039448
Train Epoch: 83 [12800/50000 (26%)]	Loss: 0.072796
Train Epoch: 83 [16000/50000 (32%)]	Loss: 0.021083
Train Epoch: 83 [19200/50000 (38%)]	Loss: 0.053027
Train Epoch: 83 [22400/50000 (45%)]	Loss: 0.038683
Train Epoch: 83 [25600/50000 (51%)]	Loss: 0.099019
Train Epoch: 83 [28800/50000 (58%)]	Loss: 0.066488
Train Epoch: 83 [32000/50000 (64%)]	Loss: 0.086605
Train Epoch: 83 [35200/50000 (70%)]	Loss: 0.022595
Train Epoch: 83 [38400/50000 (77%)]	Loss: 0.044972
Train Epoch: 83 [41600/50000 (83%)]	Loss: 0.047134
Train Epoch: 83 [44800/50000 (90%)]	Loss: 0.102888
Train Epoch: 83 [48000/50000 (96%)]	Loss: 0.030621

Test set: Average loss: 0.0004, Accuracy: 9046/10000 (90%)

Train Epoch: 84 [0/50000 (0%)]	Loss: 0.016097
Train Epoch: 84 [3200/50000 (6%)]	Loss: 0.025771
Train Epoch: 84 [6400/50000 (13%)]	Loss: 0.079462
Train Epoch: 84 [9600/50000 (19%)]	Loss: 0.016712
Train Epoch: 84 [12800/50000 (26%)]	Loss: 0.057366
Train Epoch: 84 [16000/50000 (32%)]	Loss: 0.058315
Train Epoch: 84 [19200/50000 (38%)]	Loss: 0.009355
Train Epoch: 84 [22400/50000 (45%)]	Loss: 0.007657
Train Epoch: 84 [25600/50000 (51%)]	Loss: 0.019007
Train Epoch: 84 [28800/50000 (58%)]	Loss: 0.014176
Train Epoch: 84 [32000/50000 (64%)]	Loss: 0.015102
Train Epoch: 84 [35200/50000 (70%)]	Loss: 0.009095
Train Epoch: 84 [38400/50000 (77%)]	Loss: 0.037347
Train Epoch: 84 [41600/50000 (83%)]	Loss: 0.009840
Train Epoch: 84 [44800/50000 (90%)]	Loss: 0.041581
Train Epoch: 84 [48000/50000 (96%)]	Loss: 0.014042

Test set: Average loss: 0.0004, Accuracy: 9032/10000 (90%)

Train Epoch: 85 [0/50000 (0%)]	Loss: 0.102112
Train Epoch: 85 [3200/50000 (6%)]	Loss: 0.042558
Train Epoch: 85 [6400/50000 (13%)]	Loss: 0.051399
Train Epoch: 85 [9600/50000 (19%)]	Loss: 0.065769
Train Epoch: 85 [12800/50000 (26%)]	Loss: 0.049438
Train Epoch: 85 [16000/50000 (32%)]	Loss: 0.058816
Train Epoch: 85 [19200/50000 (38%)]	Loss: 0.015952
Train Epoch: 85 [22400/50000 (45%)]	Loss: 0.054244
Train Epoch: 85 [25600/50000 (51%)]	Loss: 0.045641
Train Epoch: 85 [28800/50000 (58%)]	Loss: 0.016784
Train Epoch: 85 [32000/50000 (64%)]	Loss: 0.023930
Train Epoch: 85 [35200/50000 (70%)]	Loss: 0.056842
Train Epoch: 85 [38400/50000 (77%)]	Loss: 0.040301
Train Epoch: 85 [41600/50000 (83%)]	Loss: 0.059441
Train Epoch: 85 [44800/50000 (90%)]	Loss: 0.147241
Train Epoch: 85 [48000/50000 (96%)]	Loss: 0.008882

Test set: Average loss: 0.0004, Accuracy: 9057/10000 (91%)

Train Epoch: 86 [0/50000 (0%)]	Loss: 0.006923
Train Epoch: 86 [3200/50000 (6%)]	Loss: 0.090441
Train Epoch: 86 [6400/50000 (13%)]	Loss: 0.024969
Train Epoch: 86 [9600/50000 (19%)]	Loss: 0.034671
Train Epoch: 86 [12800/50000 (26%)]	Loss: 0.019642
Train Epoch: 86 [16000/50000 (32%)]	Loss: 0.053539
Train Epoch: 86 [19200/50000 (38%)]	Loss: 0.015477
Train Epoch: 86 [22400/50000 (45%)]	Loss: 0.046266
Train Epoch: 86 [25600/50000 (51%)]	Loss: 0.017939
Train Epoch: 86 [28800/50000 (58%)]	Loss: 0.085929
Train Epoch: 86 [32000/50000 (64%)]	Loss: 0.020221
Train Epoch: 86 [35200/50000 (70%)]	Loss: 0.063185
Train Epoch: 86 [38400/50000 (77%)]	Loss: 0.016472
Train Epoch: 86 [41600/50000 (83%)]	Loss: 0.017189
Train Epoch: 86 [44800/50000 (90%)]	Loss: 0.070276
Train Epoch: 86 [48000/50000 (96%)]	Loss: 0.147773

Test set: Average loss: 0.0004, Accuracy: 9067/10000 (91%)

Train Epoch: 87 [0/50000 (0%)]	Loss: 0.078529
Train Epoch: 87 [3200/50000 (6%)]	Loss: 0.013258
Train Epoch: 87 [6400/50000 (13%)]	Loss: 0.072590
Train Epoch: 87 [9600/50000 (19%)]	Loss: 0.013554
Train Epoch: 87 [12800/50000 (26%)]	Loss: 0.036126
Train Epoch: 87 [16000/50000 (32%)]	Loss: 0.018430
Train Epoch: 87 [19200/50000 (38%)]	Loss: 0.007942
Train Epoch: 87 [22400/50000 (45%)]	Loss: 0.057669
Train Epoch: 87 [25600/50000 (51%)]	Loss: 0.040031
Train Epoch: 87 [28800/50000 (58%)]	Loss: 0.021526
Train Epoch: 87 [32000/50000 (64%)]	Loss: 0.032744
Train Epoch: 87 [35200/50000 (70%)]	Loss: 0.074964
Train Epoch: 87 [38400/50000 (77%)]	Loss: 0.034837
Train Epoch: 87 [41600/50000 (83%)]	Loss: 0.017667
Train Epoch: 87 [44800/50000 (90%)]	Loss: 0.014426
Train Epoch: 87 [48000/50000 (96%)]	Loss: 0.027947

Test set: Average loss: 0.0004, Accuracy: 9055/10000 (91%)

Train Epoch: 88 [0/50000 (0%)]	Loss: 0.029684
Train Epoch: 88 [3200/50000 (6%)]	Loss: 0.004344
Train Epoch: 88 [6400/50000 (13%)]	Loss: 0.004650
Train Epoch: 88 [9600/50000 (19%)]	Loss: 0.058522
Train Epoch: 88 [12800/50000 (26%)]	Loss: 0.013844
Train Epoch: 88 [16000/50000 (32%)]	Loss: 0.021920
Train Epoch: 88 [19200/50000 (38%)]	Loss: 0.082556
Train Epoch: 88 [22400/50000 (45%)]	Loss: 0.097061
Train Epoch: 88 [25600/50000 (51%)]	Loss: 0.048745
Train Epoch: 88 [28800/50000 (58%)]	Loss: 0.009467
Train Epoch: 88 [32000/50000 (64%)]	Loss: 0.066199
Train Epoch: 88 [35200/50000 (70%)]	Loss: 0.014992
Train Epoch: 88 [38400/50000 (77%)]	Loss: 0.072554
Train Epoch: 88 [41600/50000 (83%)]	Loss: 0.049950
Train Epoch: 88 [44800/50000 (90%)]	Loss: 0.055676
Train Epoch: 88 [48000/50000 (96%)]	Loss: 0.113733

Test set: Average loss: 0.0004, Accuracy: 9059/10000 (91%)

Train Epoch: 89 [0/50000 (0%)]	Loss: 0.025905
Train Epoch: 89 [3200/50000 (6%)]	Loss: 0.009494
Train Epoch: 89 [6400/50000 (13%)]	Loss: 0.054130
Train Epoch: 89 [9600/50000 (19%)]	Loss: 0.042416
Train Epoch: 89 [12800/50000 (26%)]	Loss: 0.033937
Train Epoch: 89 [16000/50000 (32%)]	Loss: 0.016663
Train Epoch: 89 [19200/50000 (38%)]	Loss: 0.030580
Train Epoch: 89 [22400/50000 (45%)]	Loss: 0.057571
Train Epoch: 89 [25600/50000 (51%)]	Loss: 0.023458
Train Epoch: 89 [28800/50000 (58%)]	Loss: 0.003847
Train Epoch: 89 [32000/50000 (64%)]	Loss: 0.018766
Train Epoch: 89 [35200/50000 (70%)]	Loss: 0.004299
Train Epoch: 89 [38400/50000 (77%)]	Loss: 0.037167
Train Epoch: 89 [41600/50000 (83%)]	Loss: 0.023451
Train Epoch: 89 [44800/50000 (90%)]	Loss: 0.094400
Train Epoch: 89 [48000/50000 (96%)]	Loss: 0.004112

Test set: Average loss: 0.0004, Accuracy: 9056/10000 (91%)

Train Epoch: 90 [0/50000 (0%)]	Loss: 0.028282
Train Epoch: 90 [3200/50000 (6%)]	Loss: 0.033372
Train Epoch: 90 [6400/50000 (13%)]	Loss: 0.000939
Train Epoch: 90 [9600/50000 (19%)]	Loss: 0.008494
Train Epoch: 90 [12800/50000 (26%)]	Loss: 0.102057
Train Epoch: 90 [16000/50000 (32%)]	Loss: 0.085196
Train Epoch: 90 [19200/50000 (38%)]	Loss: 0.057902
Train Epoch: 90 [22400/50000 (45%)]	Loss: 0.018974
Train Epoch: 90 [25600/50000 (51%)]	Loss: 0.052468
Train Epoch: 90 [28800/50000 (58%)]	Loss: 0.036560
Train Epoch: 90 [32000/50000 (64%)]	Loss: 0.006045
Train Epoch: 90 [35200/50000 (70%)]	Loss: 0.013430
Train Epoch: 90 [38400/50000 (77%)]	Loss: 0.011409
Train Epoch: 90 [41600/50000 (83%)]	Loss: 0.060255
Train Epoch: 90 [44800/50000 (90%)]	Loss: 0.174346
Train Epoch: 90 [48000/50000 (96%)]	Loss: 0.002053

Test set: Average loss: 0.0004, Accuracy: 9060/10000 (91%)

Train Epoch: 91 [0/50000 (0%)]	Loss: 0.022140
Train Epoch: 91 [3200/50000 (6%)]	Loss: 0.022816
Train Epoch: 91 [6400/50000 (13%)]	Loss: 0.029651
Train Epoch: 91 [9600/50000 (19%)]	Loss: 0.018310
Train Epoch: 91 [12800/50000 (26%)]	Loss: 0.094250
Train Epoch: 91 [16000/50000 (32%)]	Loss: 0.065826
Train Epoch: 91 [19200/50000 (38%)]	Loss: 0.028194
Train Epoch: 91 [22400/50000 (45%)]	Loss: 0.062508
Train Epoch: 91 [25600/50000 (51%)]	Loss: 0.038156
Train Epoch: 91 [28800/50000 (58%)]	Loss: 0.007468
Train Epoch: 91 [32000/50000 (64%)]	Loss: 0.014008
Train Epoch: 91 [35200/50000 (70%)]	Loss: 0.001990
Train Epoch: 91 [38400/50000 (77%)]	Loss: 0.019260
Train Epoch: 91 [41600/50000 (83%)]	Loss: 0.010034
Train Epoch: 91 [44800/50000 (90%)]	Loss: 0.027055
Train Epoch: 91 [48000/50000 (96%)]	Loss: 0.025007

Test set: Average loss: 0.0004, Accuracy: 9076/10000 (91%)

Train Epoch: 92 [0/50000 (0%)]	Loss: 0.002862
Train Epoch: 92 [3200/50000 (6%)]	Loss: 0.017010
Train Epoch: 92 [6400/50000 (13%)]	Loss: 0.055902
Train Epoch: 92 [9600/50000 (19%)]	Loss: 0.044129
Train Epoch: 92 [12800/50000 (26%)]	Loss: 0.036548
Train Epoch: 92 [16000/50000 (32%)]	Loss: 0.022320
Train Epoch: 92 [19200/50000 (38%)]	Loss: 0.012464
Train Epoch: 92 [22400/50000 (45%)]	Loss: 0.014513
Train Epoch: 92 [25600/50000 (51%)]	Loss: 0.031481
Train Epoch: 92 [28800/50000 (58%)]	Loss: 0.024804
Train Epoch: 92 [32000/50000 (64%)]	Loss: 0.006065
Train Epoch: 92 [35200/50000 (70%)]	Loss: 0.015945
Train Epoch: 92 [38400/50000 (77%)]	Loss: 0.013587
Train Epoch: 92 [41600/50000 (83%)]	Loss: 0.051850
Train Epoch: 92 [44800/50000 (90%)]	Loss: 0.024313
Train Epoch: 92 [48000/50000 (96%)]	Loss: 0.033112

Test set: Average loss: 0.0004, Accuracy: 9044/10000 (90%)

Train Epoch: 93 [0/50000 (0%)]	Loss: 0.006114
Train Epoch: 93 [3200/50000 (6%)]	Loss: 0.032755
Train Epoch: 93 [6400/50000 (13%)]	Loss: 0.040180
Train Epoch: 93 [9600/50000 (19%)]	Loss: 0.065429
Train Epoch: 93 [12800/50000 (26%)]	Loss: 0.004698
Train Epoch: 93 [16000/50000 (32%)]	Loss: 0.016803
Train Epoch: 93 [19200/50000 (38%)]	Loss: 0.022382
Train Epoch: 93 [22400/50000 (45%)]	Loss: 0.031431
Train Epoch: 93 [25600/50000 (51%)]	Loss: 0.010500
Train Epoch: 93 [28800/50000 (58%)]	Loss: 0.032313
Train Epoch: 93 [32000/50000 (64%)]	Loss: 0.005396
Train Epoch: 93 [35200/50000 (70%)]	Loss: 0.044799
Train Epoch: 93 [38400/50000 (77%)]	Loss: 0.036324
Train Epoch: 93 [41600/50000 (83%)]	Loss: 0.004212
Train Epoch: 93 [44800/50000 (90%)]	Loss: 0.006945
Train Epoch: 93 [48000/50000 (96%)]	Loss: 0.124933

Test set: Average loss: 0.0004, Accuracy: 9062/10000 (91%)

Train Epoch: 94 [0/50000 (0%)]	Loss: 0.014058
Train Epoch: 94 [3200/50000 (6%)]	Loss: 0.016591
Train Epoch: 94 [6400/50000 (13%)]	Loss: 0.004374
Train Epoch: 94 [9600/50000 (19%)]	Loss: 0.057758
Train Epoch: 94 [12800/50000 (26%)]	Loss: 0.035856
Train Epoch: 94 [16000/50000 (32%)]	Loss: 0.007995
Train Epoch: 94 [19200/50000 (38%)]	Loss: 0.008365
Train Epoch: 94 [22400/50000 (45%)]	Loss: 0.031734
Train Epoch: 94 [25600/50000 (51%)]	Loss: 0.013628
Train Epoch: 94 [28800/50000 (58%)]	Loss: 0.038909
Train Epoch: 94 [32000/50000 (64%)]	Loss: 0.015068
Train Epoch: 94 [35200/50000 (70%)]	Loss: 0.101590
Train Epoch: 94 [38400/50000 (77%)]	Loss: 0.005175
Train Epoch: 94 [41600/50000 (83%)]	Loss: 0.011433
Train Epoch: 94 [44800/50000 (90%)]	Loss: 0.027850
Train Epoch: 94 [48000/50000 (96%)]	Loss: 0.006094

Test set: Average loss: 0.0004, Accuracy: 9074/10000 (91%)

Train Epoch: 95 [0/50000 (0%)]	Loss: 0.033078
Train Epoch: 95 [3200/50000 (6%)]	Loss: 0.021191
Train Epoch: 95 [6400/50000 (13%)]	Loss: 0.005519
Train Epoch: 95 [9600/50000 (19%)]	Loss: 0.048002
Train Epoch: 95 [12800/50000 (26%)]	Loss: 0.015382
Train Epoch: 95 [16000/50000 (32%)]	Loss: 0.010748
Train Epoch: 95 [19200/50000 (38%)]	Loss: 0.021657
Train Epoch: 95 [22400/50000 (45%)]	Loss: 0.051066
Train Epoch: 95 [25600/50000 (51%)]	Loss: 0.048526
Train Epoch: 95 [28800/50000 (58%)]	Loss: 0.018403
Train Epoch: 95 [32000/50000 (64%)]	Loss: 0.002276
Train Epoch: 95 [35200/50000 (70%)]	Loss: 0.011276
Train Epoch: 95 [38400/50000 (77%)]	Loss: 0.003687
Train Epoch: 95 [41600/50000 (83%)]	Loss: 0.003446
Train Epoch: 95 [44800/50000 (90%)]	Loss: 0.004691
Train Epoch: 95 [48000/50000 (96%)]	Loss: 0.012472

Test set: Average loss: 0.0004, Accuracy: 9066/10000 (91%)

Train Epoch: 96 [0/50000 (0%)]	Loss: 0.090602
Train Epoch: 96 [3200/50000 (6%)]	Loss: 0.081049
Train Epoch: 96 [6400/50000 (13%)]	Loss: 0.020036
Train Epoch: 96 [9600/50000 (19%)]	Loss: 0.049873
Train Epoch: 96 [12800/50000 (26%)]	Loss: 0.001980
Train Epoch: 96 [16000/50000 (32%)]	Loss: 0.071665
Train Epoch: 96 [19200/50000 (38%)]	Loss: 0.013885
Train Epoch: 96 [22400/50000 (45%)]	Loss: 0.050579
Train Epoch: 96 [25600/50000 (51%)]	Loss: 0.022190
Train Epoch: 96 [28800/50000 (58%)]	Loss: 0.057688
Train Epoch: 96 [32000/50000 (64%)]	Loss: 0.027918
Train Epoch: 96 [35200/50000 (70%)]	Loss: 0.007184
Train Epoch: 96 [38400/50000 (77%)]	Loss: 0.003718
Train Epoch: 96 [41600/50000 (83%)]	Loss: 0.040981
Train Epoch: 96 [44800/50000 (90%)]	Loss: 0.013035
Train Epoch: 96 [48000/50000 (96%)]	Loss: 0.137865

Test set: Average loss: 0.0004, Accuracy: 9039/10000 (90%)

Train Epoch: 97 [0/50000 (0%)]	Loss: 0.021202
Train Epoch: 97 [3200/50000 (6%)]	Loss: 0.001475
Train Epoch: 97 [6400/50000 (13%)]	Loss: 0.028399
Train Epoch: 97 [9600/50000 (19%)]	Loss: 0.004341
Train Epoch: 97 [12800/50000 (26%)]	Loss: 0.101233
Train Epoch: 97 [16000/50000 (32%)]	Loss: 0.003591
Train Epoch: 97 [19200/50000 (38%)]	Loss: 0.018488
Train Epoch: 97 [22400/50000 (45%)]	Loss: 0.056810
Train Epoch: 97 [25600/50000 (51%)]	Loss: 0.003057
Train Epoch: 97 [28800/50000 (58%)]	Loss: 0.042042
Train Epoch: 97 [32000/50000 (64%)]	Loss: 0.010309
Train Epoch: 97 [35200/50000 (70%)]	Loss: 0.049881
Train Epoch: 97 [38400/50000 (77%)]	Loss: 0.007051
Train Epoch: 97 [41600/50000 (83%)]	Loss: 0.037494
Train Epoch: 97 [44800/50000 (90%)]	Loss: 0.029304
Train Epoch: 97 [48000/50000 (96%)]	Loss: 0.097993

Test set: Average loss: 0.0004, Accuracy: 9055/10000 (91%)

Train Epoch: 98 [0/50000 (0%)]	Loss: 0.005471
Train Epoch: 98 [3200/50000 (6%)]	Loss: 0.017219
Train Epoch: 98 [6400/50000 (13%)]	Loss: 0.016220
Train Epoch: 98 [9600/50000 (19%)]	Loss: 0.045318
Train Epoch: 98 [12800/50000 (26%)]	Loss: 0.003299
Train Epoch: 98 [16000/50000 (32%)]	Loss: 0.013803
Train Epoch: 98 [19200/50000 (38%)]	Loss: 0.010711
Train Epoch: 98 [22400/50000 (45%)]	Loss: 0.020311
Train Epoch: 98 [25600/50000 (51%)]	Loss: 0.024154
Train Epoch: 98 [28800/50000 (58%)]	Loss: 0.003977
Train Epoch: 98 [32000/50000 (64%)]	Loss: 0.024780
Train Epoch: 98 [35200/50000 (70%)]	Loss: 0.020148
Train Epoch: 98 [38400/50000 (77%)]	Loss: 0.045567
Train Epoch: 98 [41600/50000 (83%)]	Loss: 0.022116
Train Epoch: 98 [44800/50000 (90%)]	Loss: 0.003029
Train Epoch: 98 [48000/50000 (96%)]	Loss: 0.007849

Test set: Average loss: 0.0004, Accuracy: 9063/10000 (91%)

Train Epoch: 99 [0/50000 (0%)]	Loss: 0.046705
Train Epoch: 99 [3200/50000 (6%)]	Loss: 0.079945
Train Epoch: 99 [6400/50000 (13%)]	Loss: 0.024671
Train Epoch: 99 [9600/50000 (19%)]	Loss: 0.064007
Train Epoch: 99 [12800/50000 (26%)]	Loss: 0.008823
Train Epoch: 99 [16000/50000 (32%)]	Loss: 0.003322
Train Epoch: 99 [19200/50000 (38%)]	Loss: 0.020845
Train Epoch: 99 [22400/50000 (45%)]	Loss: 0.004735
Train Epoch: 99 [25600/50000 (51%)]	Loss: 0.011405
Train Epoch: 99 [28800/50000 (58%)]	Loss: 0.014265
Train Epoch: 99 [32000/50000 (64%)]	Loss: 0.029354
Train Epoch: 99 [35200/50000 (70%)]	Loss: 0.030508
Train Epoch: 99 [38400/50000 (77%)]	Loss: 0.013966
Train Epoch: 99 [41600/50000 (83%)]	Loss: 0.005709
Train Epoch: 99 [44800/50000 (90%)]	Loss: 0.024561
Train Epoch: 99 [48000/50000 (96%)]	Loss: 0.061840

Test set: Average loss: 0.0004, Accuracy: 9085/10000 (91%)

Train Epoch: 100 [0/50000 (0%)]	Loss: 0.020001
Train Epoch: 100 [3200/50000 (6%)]	Loss: 0.004010
Train Epoch: 100 [6400/50000 (13%)]	Loss: 0.015870
Train Epoch: 100 [9600/50000 (19%)]	Loss: 0.001048
Train Epoch: 100 [12800/50000 (26%)]	Loss: 0.006034
Train Epoch: 100 [16000/50000 (32%)]	Loss: 0.001339
Train Epoch: 100 [19200/50000 (38%)]	Loss: 0.050461
Train Epoch: 100 [22400/50000 (45%)]	Loss: 0.001558
Train Epoch: 100 [25600/50000 (51%)]	Loss: 0.012889
Train Epoch: 100 [28800/50000 (58%)]	Loss: 0.001836
Train Epoch: 100 [32000/50000 (64%)]	Loss: 0.006543
Train Epoch: 100 [35200/50000 (70%)]	Loss: 0.084823
Train Epoch: 100 [38400/50000 (77%)]	Loss: 0.015252
Train Epoch: 100 [41600/50000 (83%)]	Loss: 0.001276
Train Epoch: 100 [44800/50000 (90%)]	Loss: 0.044129
Train Epoch: 100 [48000/50000 (96%)]	Loss: 0.012059

Test set: Average loss: 0.0004, Accuracy: 9061/10000 (91%)

