Files already downloaded and verified
Files already downloaded and verified
Total parameters: 3178166
Train Epoch: 1 [0/50000 (0%)]	Loss: 2.338719
Train Epoch: 1 [3200/50000 (6%)]	Loss: 2.235164
Train Epoch: 1 [6400/50000 (13%)]	Loss: 1.994800
Train Epoch: 1 [9600/50000 (19%)]	Loss: 1.846106
Train Epoch: 1 [12800/50000 (26%)]	Loss: 1.966962
Train Epoch: 1 [16000/50000 (32%)]	Loss: 1.837920
Train Epoch: 1 [19200/50000 (38%)]	Loss: 1.618612
Train Epoch: 1 [22400/50000 (45%)]	Loss: 1.682884
Train Epoch: 1 [25600/50000 (51%)]	Loss: 1.605754
Train Epoch: 1 [28800/50000 (58%)]	Loss: 1.591986
Train Epoch: 1 [32000/50000 (64%)]	Loss: 1.621457
Train Epoch: 1 [35200/50000 (70%)]	Loss: 1.448282
Train Epoch: 1 [38400/50000 (77%)]	Loss: 1.454002
Train Epoch: 1 [41600/50000 (83%)]	Loss: 1.639505
Train Epoch: 1 [44800/50000 (90%)]	Loss: 1.594737
Train Epoch: 1 [48000/50000 (96%)]	Loss: 1.667158

Test set: Average loss: 0.0014, Accuracy: 4804/10000 (48%)

Train Epoch: 2 [0/50000 (0%)]	Loss: 1.281806
Train Epoch: 2 [3200/50000 (6%)]	Loss: 1.641402
Train Epoch: 2 [6400/50000 (13%)]	Loss: 1.337560
Train Epoch: 2 [9600/50000 (19%)]	Loss: 1.449497
Train Epoch: 2 [12800/50000 (26%)]	Loss: 1.509693
Train Epoch: 2 [16000/50000 (32%)]	Loss: 1.259405
Train Epoch: 2 [19200/50000 (38%)]	Loss: 1.684414
Train Epoch: 2 [22400/50000 (45%)]	Loss: 1.389779
Train Epoch: 2 [25600/50000 (51%)]	Loss: 1.407458
Train Epoch: 2 [28800/50000 (58%)]	Loss: 1.571430
Train Epoch: 2 [32000/50000 (64%)]	Loss: 1.108963
Train Epoch: 2 [35200/50000 (70%)]	Loss: 1.674047
Train Epoch: 2 [38400/50000 (77%)]	Loss: 1.230702
Train Epoch: 2 [41600/50000 (83%)]	Loss: 1.184626
Train Epoch: 2 [44800/50000 (90%)]	Loss: 1.194292
Train Epoch: 2 [48000/50000 (96%)]	Loss: 0.957970

Test set: Average loss: 0.0012, Accuracy: 5527/10000 (55%)

Train Epoch: 3 [0/50000 (0%)]	Loss: 1.173704
Train Epoch: 3 [3200/50000 (6%)]	Loss: 1.485915
Train Epoch: 3 [6400/50000 (13%)]	Loss: 1.342627
Train Epoch: 3 [9600/50000 (19%)]	Loss: 1.087955
Train Epoch: 3 [12800/50000 (26%)]	Loss: 0.953146
Train Epoch: 3 [16000/50000 (32%)]	Loss: 1.218238
Train Epoch: 3 [19200/50000 (38%)]	Loss: 1.273263
Train Epoch: 3 [22400/50000 (45%)]	Loss: 1.074847
Train Epoch: 3 [25600/50000 (51%)]	Loss: 1.120526
Train Epoch: 3 [28800/50000 (58%)]	Loss: 1.098598
Train Epoch: 3 [32000/50000 (64%)]	Loss: 1.498710
Train Epoch: 3 [35200/50000 (70%)]	Loss: 1.262003
Train Epoch: 3 [38400/50000 (77%)]	Loss: 1.175313
Train Epoch: 3 [41600/50000 (83%)]	Loss: 1.696701
Train Epoch: 3 [44800/50000 (90%)]	Loss: 1.052739
Train Epoch: 3 [48000/50000 (96%)]	Loss: 0.880739

Test set: Average loss: 0.0010, Accuracy: 6286/10000 (63%)

Train Epoch: 4 [0/50000 (0%)]	Loss: 1.070875
Train Epoch: 4 [3200/50000 (6%)]	Loss: 1.024714
Train Epoch: 4 [6400/50000 (13%)]	Loss: 0.982674
Train Epoch: 4 [9600/50000 (19%)]	Loss: 0.885622
Train Epoch: 4 [12800/50000 (26%)]	Loss: 0.877734
Train Epoch: 4 [16000/50000 (32%)]	Loss: 1.089798
Train Epoch: 4 [19200/50000 (38%)]	Loss: 1.002407
Train Epoch: 4 [22400/50000 (45%)]	Loss: 0.936759
Train Epoch: 4 [25600/50000 (51%)]	Loss: 0.803198
Train Epoch: 4 [28800/50000 (58%)]	Loss: 1.113128
Train Epoch: 4 [32000/50000 (64%)]	Loss: 1.098235
Train Epoch: 4 [35200/50000 (70%)]	Loss: 0.878995
Train Epoch: 4 [38400/50000 (77%)]	Loss: 1.183230
Train Epoch: 4 [41600/50000 (83%)]	Loss: 0.858734
Train Epoch: 4 [44800/50000 (90%)]	Loss: 0.945121
Train Epoch: 4 [48000/50000 (96%)]	Loss: 0.888555

Test set: Average loss: 0.0010, Accuracy: 6584/10000 (66%)

Train Epoch: 5 [0/50000 (0%)]	Loss: 0.877117
Train Epoch: 5 [3200/50000 (6%)]	Loss: 0.948424
Train Epoch: 5 [6400/50000 (13%)]	Loss: 0.661084
Train Epoch: 5 [9600/50000 (19%)]	Loss: 0.592943
Train Epoch: 5 [12800/50000 (26%)]	Loss: 0.743612
Train Epoch: 5 [16000/50000 (32%)]	Loss: 0.999341
Train Epoch: 5 [19200/50000 (38%)]	Loss: 0.870148
Train Epoch: 5 [22400/50000 (45%)]	Loss: 0.903733
Train Epoch: 5 [25600/50000 (51%)]	Loss: 0.989190
Train Epoch: 5 [28800/50000 (58%)]	Loss: 0.831169
Train Epoch: 5 [32000/50000 (64%)]	Loss: 1.025973
Train Epoch: 5 [35200/50000 (70%)]	Loss: 1.113228
Train Epoch: 5 [38400/50000 (77%)]	Loss: 0.901154
Train Epoch: 5 [41600/50000 (83%)]	Loss: 0.952754
Train Epoch: 5 [44800/50000 (90%)]	Loss: 0.909513
Train Epoch: 5 [48000/50000 (96%)]	Loss: 1.002650

Test set: Average loss: 0.0008, Accuracy: 7185/10000 (72%)

Train Epoch: 6 [0/50000 (0%)]	Loss: 0.542983
Train Epoch: 6 [3200/50000 (6%)]	Loss: 0.834708
Train Epoch: 6 [6400/50000 (13%)]	Loss: 1.096102
Train Epoch: 6 [9600/50000 (19%)]	Loss: 0.835633
Train Epoch: 6 [12800/50000 (26%)]	Loss: 0.670093
Train Epoch: 6 [16000/50000 (32%)]	Loss: 0.751125
Train Epoch: 6 [19200/50000 (38%)]	Loss: 0.764596
Train Epoch: 6 [22400/50000 (45%)]	Loss: 0.847059
Train Epoch: 6 [25600/50000 (51%)]	Loss: 0.718949
Train Epoch: 6 [28800/50000 (58%)]	Loss: 0.839842
Train Epoch: 6 [32000/50000 (64%)]	Loss: 0.877540
Train Epoch: 6 [35200/50000 (70%)]	Loss: 0.817981
Train Epoch: 6 [38400/50000 (77%)]	Loss: 0.788887
Train Epoch: 6 [41600/50000 (83%)]	Loss: 0.859223
Train Epoch: 6 [44800/50000 (90%)]	Loss: 0.711953
Train Epoch: 6 [48000/50000 (96%)]	Loss: 0.616038

Test set: Average loss: 0.0008, Accuracy: 7373/10000 (74%)

Train Epoch: 7 [0/50000 (0%)]	Loss: 0.867916
Train Epoch: 7 [3200/50000 (6%)]	Loss: 0.654329
Train Epoch: 7 [6400/50000 (13%)]	Loss: 0.704823
Train Epoch: 7 [9600/50000 (19%)]	Loss: 1.067935
Train Epoch: 7 [12800/50000 (26%)]	Loss: 0.700564
Train Epoch: 7 [16000/50000 (32%)]	Loss: 1.091778
Train Epoch: 7 [19200/50000 (38%)]	Loss: 0.805338
Train Epoch: 7 [22400/50000 (45%)]	Loss: 0.859766
Train Epoch: 7 [25600/50000 (51%)]	Loss: 0.850274
Train Epoch: 7 [28800/50000 (58%)]	Loss: 0.976707
Train Epoch: 7 [32000/50000 (64%)]	Loss: 1.029557
Train Epoch: 7 [35200/50000 (70%)]	Loss: 0.784199
Train Epoch: 7 [38400/50000 (77%)]	Loss: 0.512385
Train Epoch: 7 [41600/50000 (83%)]	Loss: 0.834489
Train Epoch: 7 [44800/50000 (90%)]	Loss: 0.742934
Train Epoch: 7 [48000/50000 (96%)]	Loss: 0.775995

Test set: Average loss: 0.0007, Accuracy: 7599/10000 (76%)

Train Epoch: 8 [0/50000 (0%)]	Loss: 0.555592
Train Epoch: 8 [3200/50000 (6%)]	Loss: 0.822155
Train Epoch: 8 [6400/50000 (13%)]	Loss: 0.707858
Train Epoch: 8 [9600/50000 (19%)]	Loss: 0.636001
Train Epoch: 8 [12800/50000 (26%)]	Loss: 0.828492
Train Epoch: 8 [16000/50000 (32%)]	Loss: 0.637477
Train Epoch: 8 [19200/50000 (38%)]	Loss: 0.783023
Train Epoch: 8 [22400/50000 (45%)]	Loss: 0.600479
Train Epoch: 8 [25600/50000 (51%)]	Loss: 0.609148
Train Epoch: 8 [28800/50000 (58%)]	Loss: 0.592335
Train Epoch: 8 [32000/50000 (64%)]	Loss: 0.916892
Train Epoch: 8 [35200/50000 (70%)]	Loss: 0.831665
Train Epoch: 8 [38400/50000 (77%)]	Loss: 0.583383
Train Epoch: 8 [41600/50000 (83%)]	Loss: 0.680268
Train Epoch: 8 [44800/50000 (90%)]	Loss: 0.673325
Train Epoch: 8 [48000/50000 (96%)]	Loss: 0.763251

Test set: Average loss: 0.0007, Accuracy: 7643/10000 (76%)

Train Epoch: 9 [0/50000 (0%)]	Loss: 0.856558
Train Epoch: 9 [3200/50000 (6%)]	Loss: 0.743693
Train Epoch: 9 [6400/50000 (13%)]	Loss: 1.047243
Train Epoch: 9 [9600/50000 (19%)]	Loss: 0.494093
Train Epoch: 9 [12800/50000 (26%)]	Loss: 0.520797
Train Epoch: 9 [16000/50000 (32%)]	Loss: 0.709464
Train Epoch: 9 [19200/50000 (38%)]	Loss: 0.561855
Train Epoch: 9 [22400/50000 (45%)]	Loss: 0.724421
Train Epoch: 9 [25600/50000 (51%)]	Loss: 0.916727
Train Epoch: 9 [28800/50000 (58%)]	Loss: 0.575767
Train Epoch: 9 [32000/50000 (64%)]	Loss: 0.831618
Train Epoch: 9 [35200/50000 (70%)]	Loss: 0.568190
Train Epoch: 9 [38400/50000 (77%)]	Loss: 0.534906
Train Epoch: 9 [41600/50000 (83%)]	Loss: 0.551769
Train Epoch: 9 [44800/50000 (90%)]	Loss: 0.571582
Train Epoch: 9 [48000/50000 (96%)]	Loss: 0.652244

Test set: Average loss: 0.0006, Accuracy: 7822/10000 (78%)

Train Epoch: 10 [0/50000 (0%)]	Loss: 0.636827
Train Epoch: 10 [3200/50000 (6%)]	Loss: 0.531298
Train Epoch: 10 [6400/50000 (13%)]	Loss: 0.615918
Train Epoch: 10 [9600/50000 (19%)]	Loss: 0.784396
Train Epoch: 10 [12800/50000 (26%)]	Loss: 0.655471
Train Epoch: 10 [16000/50000 (32%)]	Loss: 0.581723
Train Epoch: 10 [19200/50000 (38%)]	Loss: 0.625598
Train Epoch: 10 [22400/50000 (45%)]	Loss: 0.690347
Train Epoch: 10 [25600/50000 (51%)]	Loss: 0.935925
Train Epoch: 10 [28800/50000 (58%)]	Loss: 0.999035
Train Epoch: 10 [32000/50000 (64%)]	Loss: 0.662955
Train Epoch: 10 [35200/50000 (70%)]	Loss: 0.524380
Train Epoch: 10 [38400/50000 (77%)]	Loss: 0.565886
Train Epoch: 10 [41600/50000 (83%)]	Loss: 0.795431
Train Epoch: 10 [44800/50000 (90%)]	Loss: 0.513349
Train Epoch: 10 [48000/50000 (96%)]	Loss: 0.752701

Test set: Average loss: 0.0006, Accuracy: 7797/10000 (78%)

Train Epoch: 11 [0/50000 (0%)]	Loss: 0.696389
Train Epoch: 11 [3200/50000 (6%)]	Loss: 0.653538
Train Epoch: 11 [6400/50000 (13%)]	Loss: 0.818802
Train Epoch: 11 [9600/50000 (19%)]	Loss: 0.528465
Train Epoch: 11 [12800/50000 (26%)]	Loss: 0.677529
Train Epoch: 11 [16000/50000 (32%)]	Loss: 0.570016
Train Epoch: 11 [19200/50000 (38%)]	Loss: 0.494307
Train Epoch: 11 [22400/50000 (45%)]	Loss: 0.660172
Train Epoch: 11 [25600/50000 (51%)]	Loss: 0.742155
Train Epoch: 11 [28800/50000 (58%)]	Loss: 0.731242
Train Epoch: 11 [32000/50000 (64%)]	Loss: 0.441390
Train Epoch: 11 [35200/50000 (70%)]	Loss: 0.947144
Train Epoch: 11 [38400/50000 (77%)]	Loss: 0.709581
Train Epoch: 11 [41600/50000 (83%)]	Loss: 0.432233
Train Epoch: 11 [44800/50000 (90%)]	Loss: 0.758476
Train Epoch: 11 [48000/50000 (96%)]	Loss: 0.442411

Test set: Average loss: 0.0006, Accuracy: 8097/10000 (81%)

Train Epoch: 12 [0/50000 (0%)]	Loss: 0.502676
Train Epoch: 12 [3200/50000 (6%)]	Loss: 0.427139
Train Epoch: 12 [6400/50000 (13%)]	Loss: 0.406671
Train Epoch: 12 [9600/50000 (19%)]	Loss: 0.412720
Train Epoch: 12 [12800/50000 (26%)]	Loss: 0.440394
Train Epoch: 12 [16000/50000 (32%)]	Loss: 0.734592
Train Epoch: 12 [19200/50000 (38%)]	Loss: 0.438203
Train Epoch: 12 [22400/50000 (45%)]	Loss: 0.988711
Train Epoch: 12 [25600/50000 (51%)]	Loss: 0.512076
Train Epoch: 12 [28800/50000 (58%)]	Loss: 0.639163
Train Epoch: 12 [32000/50000 (64%)]	Loss: 0.501994
Train Epoch: 12 [35200/50000 (70%)]	Loss: 0.445431
Train Epoch: 12 [38400/50000 (77%)]	Loss: 0.613700
Train Epoch: 12 [41600/50000 (83%)]	Loss: 0.586268
Train Epoch: 12 [44800/50000 (90%)]	Loss: 0.416345
Train Epoch: 12 [48000/50000 (96%)]	Loss: 0.576063

Test set: Average loss: 0.0006, Accuracy: 8054/10000 (81%)

Train Epoch: 13 [0/50000 (0%)]	Loss: 0.341172
Train Epoch: 13 [3200/50000 (6%)]	Loss: 0.662372
Train Epoch: 13 [6400/50000 (13%)]	Loss: 0.534421
Train Epoch: 13 [9600/50000 (19%)]	Loss: 0.246289
Train Epoch: 13 [12800/50000 (26%)]	Loss: 0.438011
Train Epoch: 13 [16000/50000 (32%)]	Loss: 0.650574
Train Epoch: 13 [19200/50000 (38%)]	Loss: 0.588907
Train Epoch: 13 [22400/50000 (45%)]	Loss: 0.699295
Train Epoch: 13 [25600/50000 (51%)]	Loss: 0.665101
Train Epoch: 13 [28800/50000 (58%)]	Loss: 0.540425
Train Epoch: 13 [32000/50000 (64%)]	Loss: 0.513793
Train Epoch: 13 [35200/50000 (70%)]	Loss: 0.524716
Train Epoch: 13 [38400/50000 (77%)]	Loss: 0.649290
Train Epoch: 13 [41600/50000 (83%)]	Loss: 0.636280
Train Epoch: 13 [44800/50000 (90%)]	Loss: 0.496949
Train Epoch: 13 [48000/50000 (96%)]	Loss: 0.658207

Test set: Average loss: 0.0005, Accuracy: 8194/10000 (82%)

Train Epoch: 14 [0/50000 (0%)]	Loss: 0.682072
Train Epoch: 14 [3200/50000 (6%)]	Loss: 0.537700
Train Epoch: 14 [6400/50000 (13%)]	Loss: 0.568564
Train Epoch: 14 [9600/50000 (19%)]	Loss: 0.609352
Train Epoch: 14 [12800/50000 (26%)]	Loss: 0.650453
Train Epoch: 14 [16000/50000 (32%)]	Loss: 0.643404
Train Epoch: 14 [19200/50000 (38%)]	Loss: 0.395420
Train Epoch: 14 [22400/50000 (45%)]	Loss: 0.471602
Train Epoch: 14 [25600/50000 (51%)]	Loss: 0.470647
Train Epoch: 14 [28800/50000 (58%)]	Loss: 0.431651
Train Epoch: 14 [32000/50000 (64%)]	Loss: 0.477113
Train Epoch: 14 [35200/50000 (70%)]	Loss: 0.500425
Train Epoch: 14 [38400/50000 (77%)]	Loss: 0.810512
Train Epoch: 14 [41600/50000 (83%)]	Loss: 0.596043
Train Epoch: 14 [44800/50000 (90%)]	Loss: 0.545085
Train Epoch: 14 [48000/50000 (96%)]	Loss: 0.865211

Test set: Average loss: 0.0005, Accuracy: 8251/10000 (83%)

Train Epoch: 15 [0/50000 (0%)]	Loss: 0.882564
Train Epoch: 15 [3200/50000 (6%)]	Loss: 0.515356
Train Epoch: 15 [6400/50000 (13%)]	Loss: 0.531419
Train Epoch: 15 [9600/50000 (19%)]	Loss: 0.318344
Train Epoch: 15 [12800/50000 (26%)]	Loss: 0.308759
Train Epoch: 15 [16000/50000 (32%)]	Loss: 0.627731
Train Epoch: 15 [19200/50000 (38%)]	Loss: 0.660712
Train Epoch: 15 [22400/50000 (45%)]	Loss: 0.448174
Train Epoch: 15 [25600/50000 (51%)]	Loss: 0.577617
Train Epoch: 15 [28800/50000 (58%)]	Loss: 0.449597
Train Epoch: 15 [32000/50000 (64%)]	Loss: 0.499875
Train Epoch: 15 [35200/50000 (70%)]	Loss: 0.601254
Train Epoch: 15 [38400/50000 (77%)]	Loss: 0.616014
Train Epoch: 15 [41600/50000 (83%)]	Loss: 0.419999
Train Epoch: 15 [44800/50000 (90%)]	Loss: 0.542282
Train Epoch: 15 [48000/50000 (96%)]	Loss: 0.409647

Test set: Average loss: 0.0005, Accuracy: 8216/10000 (82%)

Train Epoch: 16 [0/50000 (0%)]	Loss: 0.543580
Train Epoch: 16 [3200/50000 (6%)]	Loss: 0.596162
Train Epoch: 16 [6400/50000 (13%)]	Loss: 0.488219
Train Epoch: 16 [9600/50000 (19%)]	Loss: 0.441186
Train Epoch: 16 [12800/50000 (26%)]	Loss: 0.616433
Train Epoch: 16 [16000/50000 (32%)]	Loss: 0.377633
Train Epoch: 16 [19200/50000 (38%)]	Loss: 0.618708
Train Epoch: 16 [22400/50000 (45%)]	Loss: 0.342938
Train Epoch: 16 [25600/50000 (51%)]	Loss: 0.444397
Train Epoch: 16 [28800/50000 (58%)]	Loss: 0.692626
Train Epoch: 16 [32000/50000 (64%)]	Loss: 0.507635
Train Epoch: 16 [35200/50000 (70%)]	Loss: 0.361758
Train Epoch: 16 [38400/50000 (77%)]	Loss: 0.491048
Train Epoch: 16 [41600/50000 (83%)]	Loss: 0.384247
Train Epoch: 16 [44800/50000 (90%)]	Loss: 0.520958
Train Epoch: 16 [48000/50000 (96%)]	Loss: 0.513590

Test set: Average loss: 0.0005, Accuracy: 8298/10000 (83%)

Train Epoch: 17 [0/50000 (0%)]	Loss: 0.302531
Train Epoch: 17 [3200/50000 (6%)]	Loss: 0.468909
Train Epoch: 17 [6400/50000 (13%)]	Loss: 0.568900
Train Epoch: 17 [9600/50000 (19%)]	Loss: 0.540384
Train Epoch: 17 [12800/50000 (26%)]	Loss: 0.317097
Train Epoch: 17 [16000/50000 (32%)]	Loss: 0.356005
Train Epoch: 17 [19200/50000 (38%)]	Loss: 0.292546
Train Epoch: 17 [22400/50000 (45%)]	Loss: 0.454287
Train Epoch: 17 [25600/50000 (51%)]	Loss: 0.427959
Train Epoch: 17 [28800/50000 (58%)]	Loss: 0.350179
Train Epoch: 17 [32000/50000 (64%)]	Loss: 0.512730
Train Epoch: 17 [35200/50000 (70%)]	Loss: 0.463877
Train Epoch: 17 [38400/50000 (77%)]	Loss: 0.620466
Train Epoch: 17 [41600/50000 (83%)]	Loss: 0.442799
Train Epoch: 17 [44800/50000 (90%)]	Loss: 0.366967
Train Epoch: 17 [48000/50000 (96%)]	Loss: 0.438159

Test set: Average loss: 0.0005, Accuracy: 8339/10000 (83%)

Train Epoch: 18 [0/50000 (0%)]	Loss: 0.612349
Train Epoch: 18 [3200/50000 (6%)]	Loss: 0.289107
Train Epoch: 18 [6400/50000 (13%)]	Loss: 0.332559
Train Epoch: 18 [9600/50000 (19%)]	Loss: 0.288217
Train Epoch: 18 [12800/50000 (26%)]	Loss: 0.534615
Train Epoch: 18 [16000/50000 (32%)]	Loss: 0.445163
Train Epoch: 18 [19200/50000 (38%)]	Loss: 0.444716
Train Epoch: 18 [22400/50000 (45%)]	Loss: 0.460337
Train Epoch: 18 [25600/50000 (51%)]	Loss: 0.532156
Train Epoch: 18 [28800/50000 (58%)]	Loss: 0.440885
Train Epoch: 18 [32000/50000 (64%)]	Loss: 0.465402
Train Epoch: 18 [35200/50000 (70%)]	Loss: 0.612674
Train Epoch: 18 [38400/50000 (77%)]	Loss: 0.306222
Train Epoch: 18 [41600/50000 (83%)]	Loss: 0.439646
Train Epoch: 18 [44800/50000 (90%)]	Loss: 0.565085
Train Epoch: 18 [48000/50000 (96%)]	Loss: 0.487104

Test set: Average loss: 0.0005, Accuracy: 8358/10000 (84%)

Train Epoch: 19 [0/50000 (0%)]	Loss: 0.380879
Train Epoch: 19 [3200/50000 (6%)]	Loss: 0.504110
Train Epoch: 19 [6400/50000 (13%)]	Loss: 0.420022
Train Epoch: 19 [9600/50000 (19%)]	Loss: 0.232356
Train Epoch: 19 [12800/50000 (26%)]	Loss: 0.400320
Train Epoch: 19 [16000/50000 (32%)]	Loss: 0.297033
Train Epoch: 19 [19200/50000 (38%)]	Loss: 0.407116
Train Epoch: 19 [22400/50000 (45%)]	Loss: 0.460447
Train Epoch: 19 [25600/50000 (51%)]	Loss: 0.630461
Train Epoch: 19 [28800/50000 (58%)]	Loss: 0.422829
Train Epoch: 19 [32000/50000 (64%)]	Loss: 0.503543
Train Epoch: 19 [35200/50000 (70%)]	Loss: 0.277057
Train Epoch: 19 [38400/50000 (77%)]	Loss: 0.500612
Train Epoch: 19 [41600/50000 (83%)]	Loss: 0.559089
Train Epoch: 19 [44800/50000 (90%)]	Loss: 0.551034
Train Epoch: 19 [48000/50000 (96%)]	Loss: 0.379022

Test set: Average loss: 0.0005, Accuracy: 8403/10000 (84%)

Train Epoch: 20 [0/50000 (0%)]	Loss: 0.351701
Train Epoch: 20 [3200/50000 (6%)]	Loss: 0.370754
Train Epoch: 20 [6400/50000 (13%)]	Loss: 0.554841
Train Epoch: 20 [9600/50000 (19%)]	Loss: 0.408585
Train Epoch: 20 [12800/50000 (26%)]	Loss: 0.420292
Train Epoch: 20 [16000/50000 (32%)]	Loss: 0.243483
Train Epoch: 20 [19200/50000 (38%)]	Loss: 0.439714
Train Epoch: 20 [22400/50000 (45%)]	Loss: 0.222880
Train Epoch: 20 [25600/50000 (51%)]	Loss: 0.367418
Train Epoch: 20 [28800/50000 (58%)]	Loss: 0.472483
Train Epoch: 20 [32000/50000 (64%)]	Loss: 0.179634
Train Epoch: 20 [35200/50000 (70%)]	Loss: 0.492955
Train Epoch: 20 [38400/50000 (77%)]	Loss: 0.362739
Train Epoch: 20 [41600/50000 (83%)]	Loss: 0.496819
Train Epoch: 20 [44800/50000 (90%)]	Loss: 0.370430
Train Epoch: 20 [48000/50000 (96%)]	Loss: 0.345467

Test set: Average loss: 0.0005, Accuracy: 8459/10000 (85%)

Train Epoch: 21 [0/50000 (0%)]	Loss: 0.304137
Train Epoch: 21 [3200/50000 (6%)]	Loss: 0.500505
Train Epoch: 21 [6400/50000 (13%)]	Loss: 0.515776
Train Epoch: 21 [9600/50000 (19%)]	Loss: 0.345683
Train Epoch: 21 [12800/50000 (26%)]	Loss: 0.422239
Train Epoch: 21 [16000/50000 (32%)]	Loss: 0.604710
Train Epoch: 21 [19200/50000 (38%)]	Loss: 0.645018
Train Epoch: 21 [22400/50000 (45%)]	Loss: 0.350259
Train Epoch: 21 [25600/50000 (51%)]	Loss: 0.475725
Train Epoch: 21 [28800/50000 (58%)]	Loss: 0.276196
Train Epoch: 21 [32000/50000 (64%)]	Loss: 0.309907
Train Epoch: 21 [35200/50000 (70%)]	Loss: 0.384188
Train Epoch: 21 [38400/50000 (77%)]	Loss: 0.684559
Train Epoch: 21 [41600/50000 (83%)]	Loss: 0.348709
Train Epoch: 21 [44800/50000 (90%)]	Loss: 0.518498
Train Epoch: 21 [48000/50000 (96%)]	Loss: 0.362088

Test set: Average loss: 0.0005, Accuracy: 8438/10000 (84%)

Train Epoch: 22 [0/50000 (0%)]	Loss: 0.416131
Train Epoch: 22 [3200/50000 (6%)]	Loss: 0.377977
Train Epoch: 22 [6400/50000 (13%)]	Loss: 0.439751
Train Epoch: 22 [9600/50000 (19%)]	Loss: 0.452096
Train Epoch: 22 [12800/50000 (26%)]	Loss: 0.367161
Train Epoch: 22 [16000/50000 (32%)]	Loss: 0.530346
Train Epoch: 22 [19200/50000 (38%)]	Loss: 0.482766
Train Epoch: 22 [22400/50000 (45%)]	Loss: 0.434087
Train Epoch: 22 [25600/50000 (51%)]	Loss: 0.571470
Train Epoch: 22 [28800/50000 (58%)]	Loss: 0.210252
Train Epoch: 22 [32000/50000 (64%)]	Loss: 0.375896
Train Epoch: 22 [35200/50000 (70%)]	Loss: 0.311280
Train Epoch: 22 [38400/50000 (77%)]	Loss: 0.366858
Train Epoch: 22 [41600/50000 (83%)]	Loss: 0.425582
Train Epoch: 22 [44800/50000 (90%)]	Loss: 0.243239
Train Epoch: 22 [48000/50000 (96%)]	Loss: 0.366356

Test set: Average loss: 0.0004, Accuracy: 8529/10000 (85%)

Train Epoch: 23 [0/50000 (0%)]	Loss: 0.308545
Train Epoch: 23 [3200/50000 (6%)]	Loss: 0.334504
Train Epoch: 23 [6400/50000 (13%)]	Loss: 0.455541
Train Epoch: 23 [9600/50000 (19%)]	Loss: 0.436581
Train Epoch: 23 [12800/50000 (26%)]	Loss: 0.207850
Train Epoch: 23 [16000/50000 (32%)]	Loss: 0.436383
Train Epoch: 23 [19200/50000 (38%)]	Loss: 0.538489
Train Epoch: 23 [22400/50000 (45%)]	Loss: 0.320959
Train Epoch: 23 [25600/50000 (51%)]	Loss: 0.506629
Train Epoch: 23 [28800/50000 (58%)]	Loss: 0.396307
Train Epoch: 23 [32000/50000 (64%)]	Loss: 0.302042
Train Epoch: 23 [35200/50000 (70%)]	Loss: 0.212140
Train Epoch: 23 [38400/50000 (77%)]	Loss: 0.294644
Train Epoch: 23 [41600/50000 (83%)]	Loss: 0.323962
Train Epoch: 23 [44800/50000 (90%)]	Loss: 0.316141
Train Epoch: 23 [48000/50000 (96%)]	Loss: 0.379357

Test set: Average loss: 0.0004, Accuracy: 8497/10000 (85%)

Train Epoch: 24 [0/50000 (0%)]	Loss: 0.345769
Train Epoch: 24 [3200/50000 (6%)]	Loss: 0.323109
Train Epoch: 24 [6400/50000 (13%)]	Loss: 0.484234
Train Epoch: 24 [9600/50000 (19%)]	Loss: 0.461153
Train Epoch: 24 [12800/50000 (26%)]	Loss: 0.275160
Train Epoch: 24 [16000/50000 (32%)]	Loss: 0.424735
Train Epoch: 24 [19200/50000 (38%)]	Loss: 0.325684
Train Epoch: 24 [22400/50000 (45%)]	Loss: 0.321709
Train Epoch: 24 [25600/50000 (51%)]	Loss: 0.380936
Train Epoch: 24 [28800/50000 (58%)]	Loss: 0.356319
Train Epoch: 24 [32000/50000 (64%)]	Loss: 0.295618
Train Epoch: 24 [35200/50000 (70%)]	Loss: 0.449076
Train Epoch: 24 [38400/50000 (77%)]	Loss: 0.299986
Train Epoch: 24 [41600/50000 (83%)]	Loss: 0.508084
Train Epoch: 24 [44800/50000 (90%)]	Loss: 0.459306
Train Epoch: 24 [48000/50000 (96%)]	Loss: 0.379794

Test set: Average loss: 0.0004, Accuracy: 8492/10000 (85%)

Train Epoch: 25 [0/50000 (0%)]	Loss: 0.390384
Train Epoch: 25 [3200/50000 (6%)]	Loss: 0.256406
Train Epoch: 25 [6400/50000 (13%)]	Loss: 0.325114
Train Epoch: 25 [9600/50000 (19%)]	Loss: 0.325416
Train Epoch: 25 [12800/50000 (26%)]	Loss: 0.283025
Train Epoch: 25 [16000/50000 (32%)]	Loss: 0.254630
Train Epoch: 25 [19200/50000 (38%)]	Loss: 0.252787
Train Epoch: 25 [22400/50000 (45%)]	Loss: 0.460975
Train Epoch: 25 [25600/50000 (51%)]	Loss: 0.376345
Train Epoch: 25 [28800/50000 (58%)]	Loss: 0.386892
Train Epoch: 25 [32000/50000 (64%)]	Loss: 0.317623
Train Epoch: 25 [35200/50000 (70%)]	Loss: 0.372737
Train Epoch: 25 [38400/50000 (77%)]	Loss: 0.583486
Train Epoch: 25 [41600/50000 (83%)]	Loss: 0.306576
Train Epoch: 25 [44800/50000 (90%)]	Loss: 0.275606
Train Epoch: 25 [48000/50000 (96%)]	Loss: 0.573206

Test set: Average loss: 0.0004, Accuracy: 8501/10000 (85%)

Train Epoch: 26 [0/50000 (0%)]	Loss: 0.392903
Train Epoch: 26 [3200/50000 (6%)]	Loss: 0.341989
Train Epoch: 26 [6400/50000 (13%)]	Loss: 0.409983
Train Epoch: 26 [9600/50000 (19%)]	Loss: 0.404732
Train Epoch: 26 [12800/50000 (26%)]	Loss: 0.331576
Train Epoch: 26 [16000/50000 (32%)]	Loss: 0.556368
Train Epoch: 26 [19200/50000 (38%)]	Loss: 0.368942
Train Epoch: 26 [22400/50000 (45%)]	Loss: 0.412160
Train Epoch: 26 [25600/50000 (51%)]	Loss: 0.344500
Train Epoch: 26 [28800/50000 (58%)]	Loss: 0.328239
Train Epoch: 26 [32000/50000 (64%)]	Loss: 0.203366
Train Epoch: 26 [35200/50000 (70%)]	Loss: 0.516608
Train Epoch: 26 [38400/50000 (77%)]	Loss: 0.367641
Train Epoch: 26 [41600/50000 (83%)]	Loss: 0.428293
Train Epoch: 26 [44800/50000 (90%)]	Loss: 0.310346
Train Epoch: 26 [48000/50000 (96%)]	Loss: 0.325234

Test set: Average loss: 0.0004, Accuracy: 8581/10000 (86%)

Train Epoch: 27 [0/50000 (0%)]	Loss: 0.307045
Train Epoch: 27 [3200/50000 (6%)]	Loss: 0.403906
Train Epoch: 27 [6400/50000 (13%)]	Loss: 0.315279
Train Epoch: 27 [9600/50000 (19%)]	Loss: 0.267468
Train Epoch: 27 [12800/50000 (26%)]	Loss: 0.284747
Train Epoch: 27 [16000/50000 (32%)]	Loss: 0.277075
Train Epoch: 27 [19200/50000 (38%)]	Loss: 0.354289
Train Epoch: 27 [22400/50000 (45%)]	Loss: 0.231140
Train Epoch: 27 [25600/50000 (51%)]	Loss: 0.267694
Train Epoch: 27 [28800/50000 (58%)]	Loss: 0.252077
Train Epoch: 27 [32000/50000 (64%)]	Loss: 0.395445
Train Epoch: 27 [35200/50000 (70%)]	Loss: 0.305311
Train Epoch: 27 [38400/50000 (77%)]	Loss: 0.379858
Train Epoch: 27 [41600/50000 (83%)]	Loss: 0.342859
Train Epoch: 27 [44800/50000 (90%)]	Loss: 0.179488
Train Epoch: 27 [48000/50000 (96%)]	Loss: 0.208536

Test set: Average loss: 0.0004, Accuracy: 8574/10000 (86%)

Train Epoch: 28 [0/50000 (0%)]	Loss: 0.317463
Train Epoch: 28 [3200/50000 (6%)]	Loss: 0.297913
Train Epoch: 28 [6400/50000 (13%)]	Loss: 0.260284
Train Epoch: 28 [9600/50000 (19%)]	Loss: 0.438452
Train Epoch: 28 [12800/50000 (26%)]	Loss: 0.353213
Train Epoch: 28 [16000/50000 (32%)]	Loss: 0.396616
Train Epoch: 28 [19200/50000 (38%)]	Loss: 0.250894
Train Epoch: 28 [22400/50000 (45%)]	Loss: 0.442238
Train Epoch: 28 [25600/50000 (51%)]	Loss: 0.430111
Train Epoch: 28 [28800/50000 (58%)]	Loss: 0.391185
Train Epoch: 28 [32000/50000 (64%)]	Loss: 0.423962
Train Epoch: 28 [35200/50000 (70%)]	Loss: 0.355346
Train Epoch: 28 [38400/50000 (77%)]	Loss: 0.269265
Train Epoch: 28 [41600/50000 (83%)]	Loss: 0.323175
Train Epoch: 28 [44800/50000 (90%)]	Loss: 0.372775
Train Epoch: 28 [48000/50000 (96%)]	Loss: 0.224528

Test set: Average loss: 0.0004, Accuracy: 8599/10000 (86%)

Train Epoch: 29 [0/50000 (0%)]	Loss: 0.275173
Train Epoch: 29 [3200/50000 (6%)]	Loss: 0.489772
Train Epoch: 29 [6400/50000 (13%)]	Loss: 0.433857
Train Epoch: 29 [9600/50000 (19%)]	Loss: 0.167971
Train Epoch: 29 [12800/50000 (26%)]	Loss: 0.251996
Train Epoch: 29 [16000/50000 (32%)]	Loss: 0.468372
Train Epoch: 29 [19200/50000 (38%)]	Loss: 0.536719
Train Epoch: 29 [22400/50000 (45%)]	Loss: 0.246751
Train Epoch: 29 [25600/50000 (51%)]	Loss: 0.629380
Train Epoch: 29 [28800/50000 (58%)]	Loss: 0.288667
Train Epoch: 29 [32000/50000 (64%)]	Loss: 0.412623
Train Epoch: 29 [35200/50000 (70%)]	Loss: 0.199525
Train Epoch: 29 [38400/50000 (77%)]	Loss: 0.324730
Train Epoch: 29 [41600/50000 (83%)]	Loss: 0.256447
Train Epoch: 29 [44800/50000 (90%)]	Loss: 0.286585
Train Epoch: 29 [48000/50000 (96%)]	Loss: 0.557570

Test set: Average loss: 0.0004, Accuracy: 8645/10000 (86%)

Train Epoch: 30 [0/50000 (0%)]	Loss: 0.283767
Train Epoch: 30 [3200/50000 (6%)]	Loss: 0.346309
Train Epoch: 30 [6400/50000 (13%)]	Loss: 0.392087
Train Epoch: 30 [9600/50000 (19%)]	Loss: 0.301984
Train Epoch: 30 [12800/50000 (26%)]	Loss: 0.300813
Train Epoch: 30 [16000/50000 (32%)]	Loss: 0.341794
Train Epoch: 30 [19200/50000 (38%)]	Loss: 0.340697
Train Epoch: 30 [22400/50000 (45%)]	Loss: 0.324126
Train Epoch: 30 [25600/50000 (51%)]	Loss: 0.503565
Train Epoch: 30 [28800/50000 (58%)]	Loss: 0.322622
Train Epoch: 30 [32000/50000 (64%)]	Loss: 0.195944
Train Epoch: 30 [35200/50000 (70%)]	Loss: 0.162053
Train Epoch: 30 [38400/50000 (77%)]	Loss: 0.442273
Train Epoch: 30 [41600/50000 (83%)]	Loss: 0.344882
Train Epoch: 30 [44800/50000 (90%)]	Loss: 0.201067
Train Epoch: 30 [48000/50000 (96%)]	Loss: 0.184363

Test set: Average loss: 0.0004, Accuracy: 8673/10000 (87%)

Train Epoch: 31 [0/50000 (0%)]	Loss: 0.204263
Train Epoch: 31 [3200/50000 (6%)]	Loss: 0.235848
Train Epoch: 31 [6400/50000 (13%)]	Loss: 0.336463
Train Epoch: 31 [9600/50000 (19%)]	Loss: 0.206475
Train Epoch: 31 [12800/50000 (26%)]	Loss: 0.251358
Train Epoch: 31 [16000/50000 (32%)]	Loss: 0.136670
Train Epoch: 31 [19200/50000 (38%)]	Loss: 0.387215
Train Epoch: 31 [22400/50000 (45%)]	Loss: 0.230150
Train Epoch: 31 [25600/50000 (51%)]	Loss: 0.254006
Train Epoch: 31 [28800/50000 (58%)]	Loss: 0.220010
Train Epoch: 31 [32000/50000 (64%)]	Loss: 0.245761
Train Epoch: 31 [35200/50000 (70%)]	Loss: 0.422547
Train Epoch: 31 [38400/50000 (77%)]	Loss: 0.378581
Train Epoch: 31 [41600/50000 (83%)]	Loss: 0.310939
Train Epoch: 31 [44800/50000 (90%)]	Loss: 0.364563
Train Epoch: 31 [48000/50000 (96%)]	Loss: 0.283456

Test set: Average loss: 0.0004, Accuracy: 8692/10000 (87%)

Train Epoch: 32 [0/50000 (0%)]	Loss: 0.216438
Train Epoch: 32 [3200/50000 (6%)]	Loss: 0.352050
Train Epoch: 32 [6400/50000 (13%)]	Loss: 0.210614
Train Epoch: 32 [9600/50000 (19%)]	Loss: 0.404252
Train Epoch: 32 [12800/50000 (26%)]	Loss: 0.241851
Train Epoch: 32 [16000/50000 (32%)]	Loss: 0.225951
Train Epoch: 32 [19200/50000 (38%)]	Loss: 0.446260
Train Epoch: 32 [22400/50000 (45%)]	Loss: 0.583225
Train Epoch: 32 [25600/50000 (51%)]	Loss: 0.117055
Train Epoch: 32 [28800/50000 (58%)]	Loss: 0.253284
Train Epoch: 32 [32000/50000 (64%)]	Loss: 0.295462
Train Epoch: 32 [35200/50000 (70%)]	Loss: 0.305215
Train Epoch: 32 [38400/50000 (77%)]	Loss: 0.256469
Train Epoch: 32 [41600/50000 (83%)]	Loss: 0.279534
Train Epoch: 32 [44800/50000 (90%)]	Loss: 0.178368
Train Epoch: 32 [48000/50000 (96%)]	Loss: 0.363519

Test set: Average loss: 0.0004, Accuracy: 8645/10000 (86%)

Train Epoch: 33 [0/50000 (0%)]	Loss: 0.312969
Train Epoch: 33 [3200/50000 (6%)]	Loss: 0.398152
Train Epoch: 33 [6400/50000 (13%)]	Loss: 0.130517
Train Epoch: 33 [9600/50000 (19%)]	Loss: 0.538439
Train Epoch: 33 [12800/50000 (26%)]	Loss: 0.427492
Train Epoch: 33 [16000/50000 (32%)]	Loss: 0.325721
Train Epoch: 33 [19200/50000 (38%)]	Loss: 0.255038
Train Epoch: 33 [22400/50000 (45%)]	Loss: 0.299851
Train Epoch: 33 [25600/50000 (51%)]	Loss: 0.289632
Train Epoch: 33 [28800/50000 (58%)]	Loss: 0.278154
Train Epoch: 33 [32000/50000 (64%)]	Loss: 0.319073
Train Epoch: 33 [35200/50000 (70%)]	Loss: 0.265020
Train Epoch: 33 [38400/50000 (77%)]	Loss: 0.222284
Train Epoch: 33 [41600/50000 (83%)]	Loss: 0.584255
Train Epoch: 33 [44800/50000 (90%)]	Loss: 0.530485
Train Epoch: 33 [48000/50000 (96%)]	Loss: 0.266461

Test set: Average loss: 0.0004, Accuracy: 8699/10000 (87%)

Train Epoch: 34 [0/50000 (0%)]	Loss: 0.270990
Train Epoch: 34 [3200/50000 (6%)]	Loss: 0.322143
Train Epoch: 34 [6400/50000 (13%)]	Loss: 0.157998
Train Epoch: 34 [9600/50000 (19%)]	Loss: 0.376485
Train Epoch: 34 [12800/50000 (26%)]	Loss: 0.295794
Train Epoch: 34 [16000/50000 (32%)]	Loss: 0.299498
Train Epoch: 34 [19200/50000 (38%)]	Loss: 0.289986
Train Epoch: 34 [22400/50000 (45%)]	Loss: 0.205184
Train Epoch: 34 [25600/50000 (51%)]	Loss: 0.313992
Train Epoch: 34 [28800/50000 (58%)]	Loss: 0.464824
Train Epoch: 34 [32000/50000 (64%)]	Loss: 0.324272
Train Epoch: 34 [35200/50000 (70%)]	Loss: 0.189594
Train Epoch: 34 [38400/50000 (77%)]	Loss: 0.343669
Train Epoch: 34 [41600/50000 (83%)]	Loss: 0.210745
Train Epoch: 34 [44800/50000 (90%)]	Loss: 0.193356
Train Epoch: 34 [48000/50000 (96%)]	Loss: 0.325158

Test set: Average loss: 0.0004, Accuracy: 8649/10000 (86%)

Train Epoch: 35 [0/50000 (0%)]	Loss: 0.218812
Train Epoch: 35 [3200/50000 (6%)]	Loss: 0.154683
Train Epoch: 35 [6400/50000 (13%)]	Loss: 0.212646
Train Epoch: 35 [9600/50000 (19%)]	Loss: 0.128561
Train Epoch: 35 [12800/50000 (26%)]	Loss: 0.445016
Train Epoch: 35 [16000/50000 (32%)]	Loss: 0.537229
Train Epoch: 35 [19200/50000 (38%)]	Loss: 0.454209
Train Epoch: 35 [22400/50000 (45%)]	Loss: 0.456011
Train Epoch: 35 [25600/50000 (51%)]	Loss: 0.479371
Train Epoch: 35 [28800/50000 (58%)]	Loss: 0.126683
Train Epoch: 35 [32000/50000 (64%)]	Loss: 0.215726
Train Epoch: 35 [35200/50000 (70%)]	Loss: 0.300845
Train Epoch: 35 [38400/50000 (77%)]	Loss: 0.197663
Train Epoch: 35 [41600/50000 (83%)]	Loss: 0.186176
Train Epoch: 35 [44800/50000 (90%)]	Loss: 0.278980
Train Epoch: 35 [48000/50000 (96%)]	Loss: 0.224214

Test set: Average loss: 0.0004, Accuracy: 8648/10000 (86%)

Train Epoch: 36 [0/50000 (0%)]	Loss: 0.131475
Train Epoch: 36 [3200/50000 (6%)]	Loss: 0.207781
Train Epoch: 36 [6400/50000 (13%)]	Loss: 0.313209
Train Epoch: 36 [9600/50000 (19%)]	Loss: 0.089812
Train Epoch: 36 [12800/50000 (26%)]	Loss: 0.250226
Train Epoch: 36 [16000/50000 (32%)]	Loss: 0.306967
Train Epoch: 36 [19200/50000 (38%)]	Loss: 0.184807
Train Epoch: 36 [22400/50000 (45%)]	Loss: 0.186852
Train Epoch: 36 [25600/50000 (51%)]	Loss: 0.327218
Train Epoch: 36 [28800/50000 (58%)]	Loss: 0.398347
Train Epoch: 36 [32000/50000 (64%)]	Loss: 0.316628
Train Epoch: 36 [35200/50000 (70%)]	Loss: 0.324681
Train Epoch: 36 [38400/50000 (77%)]	Loss: 0.233402
Train Epoch: 36 [41600/50000 (83%)]	Loss: 0.172704
Train Epoch: 36 [44800/50000 (90%)]	Loss: 0.235111
Train Epoch: 36 [48000/50000 (96%)]	Loss: 0.395849

Test set: Average loss: 0.0004, Accuracy: 8681/10000 (87%)

Train Epoch: 37 [0/50000 (0%)]	Loss: 0.342279
Train Epoch: 37 [3200/50000 (6%)]	Loss: 0.269313
Train Epoch: 37 [6400/50000 (13%)]	Loss: 0.131068
Train Epoch: 37 [9600/50000 (19%)]	Loss: 0.146158
Train Epoch: 37 [12800/50000 (26%)]	Loss: 0.266594
Train Epoch: 37 [16000/50000 (32%)]	Loss: 0.194538
Train Epoch: 37 [19200/50000 (38%)]	Loss: 0.248586
Train Epoch: 37 [22400/50000 (45%)]	Loss: 0.283730
Train Epoch: 37 [25600/50000 (51%)]	Loss: 0.259549
Train Epoch: 37 [28800/50000 (58%)]	Loss: 0.254760
Train Epoch: 37 [32000/50000 (64%)]	Loss: 0.352048
Train Epoch: 37 [35200/50000 (70%)]	Loss: 0.194729
Train Epoch: 37 [38400/50000 (77%)]	Loss: 0.291954
Train Epoch: 37 [41600/50000 (83%)]	Loss: 0.186068
Train Epoch: 37 [44800/50000 (90%)]	Loss: 0.179789
Train Epoch: 37 [48000/50000 (96%)]	Loss: 0.255704

Test set: Average loss: 0.0004, Accuracy: 8734/10000 (87%)

Train Epoch: 38 [0/50000 (0%)]	Loss: 0.404408
Train Epoch: 38 [3200/50000 (6%)]	Loss: 0.233420
Train Epoch: 38 [6400/50000 (13%)]	Loss: 0.289500
Train Epoch: 38 [9600/50000 (19%)]	Loss: 0.308145
Train Epoch: 38 [12800/50000 (26%)]	Loss: 0.265024
Train Epoch: 38 [16000/50000 (32%)]	Loss: 0.282962
Train Epoch: 38 [19200/50000 (38%)]	Loss: 0.289524
Train Epoch: 38 [22400/50000 (45%)]	Loss: 0.415482
Train Epoch: 38 [25600/50000 (51%)]	Loss: 0.297589
Train Epoch: 38 [28800/50000 (58%)]	Loss: 0.158414
Train Epoch: 38 [32000/50000 (64%)]	Loss: 0.250585
Train Epoch: 38 [35200/50000 (70%)]	Loss: 0.190260
Train Epoch: 38 [38400/50000 (77%)]	Loss: 0.264237
Train Epoch: 38 [41600/50000 (83%)]	Loss: 0.257423
Train Epoch: 38 [44800/50000 (90%)]	Loss: 0.268789
Train Epoch: 38 [48000/50000 (96%)]	Loss: 0.182764

Test set: Average loss: 0.0004, Accuracy: 8684/10000 (87%)

Train Epoch: 39 [0/50000 (0%)]	Loss: 0.329903
Train Epoch: 39 [3200/50000 (6%)]	Loss: 0.175229
Train Epoch: 39 [6400/50000 (13%)]	Loss: 0.170680
Train Epoch: 39 [9600/50000 (19%)]	Loss: 0.393399
Train Epoch: 39 [12800/50000 (26%)]	Loss: 0.258788
Train Epoch: 39 [16000/50000 (32%)]	Loss: 0.205052
Train Epoch: 39 [19200/50000 (38%)]	Loss: 0.314111
Train Epoch: 39 [22400/50000 (45%)]	Loss: 0.298946
Train Epoch: 39 [25600/50000 (51%)]	Loss: 0.407755
Train Epoch: 39 [28800/50000 (58%)]	Loss: 0.162986
Train Epoch: 39 [32000/50000 (64%)]	Loss: 0.271456
Train Epoch: 39 [35200/50000 (70%)]	Loss: 0.299897
Train Epoch: 39 [38400/50000 (77%)]	Loss: 0.294606
Train Epoch: 39 [41600/50000 (83%)]	Loss: 0.172925
Train Epoch: 39 [44800/50000 (90%)]	Loss: 0.335377
Train Epoch: 39 [48000/50000 (96%)]	Loss: 0.194428

Test set: Average loss: 0.0004, Accuracy: 8728/10000 (87%)

Train Epoch: 40 [0/50000 (0%)]	Loss: 0.340934
Train Epoch: 40 [3200/50000 (6%)]	Loss: 0.169182
Train Epoch: 40 [6400/50000 (13%)]	Loss: 0.239486
Train Epoch: 40 [9600/50000 (19%)]	Loss: 0.296713
Train Epoch: 40 [12800/50000 (26%)]	Loss: 0.419858
Train Epoch: 40 [16000/50000 (32%)]	Loss: 0.270872
Train Epoch: 40 [19200/50000 (38%)]	Loss: 0.192277
Train Epoch: 40 [22400/50000 (45%)]	Loss: 0.113977
Train Epoch: 40 [25600/50000 (51%)]	Loss: 0.214764
Train Epoch: 40 [28800/50000 (58%)]	Loss: 0.314974
Train Epoch: 40 [32000/50000 (64%)]	Loss: 0.225097
Train Epoch: 40 [35200/50000 (70%)]	Loss: 0.198950
Train Epoch: 40 [38400/50000 (77%)]	Loss: 0.437572
Train Epoch: 40 [41600/50000 (83%)]	Loss: 0.323183
Train Epoch: 40 [44800/50000 (90%)]	Loss: 0.280872
Train Epoch: 40 [48000/50000 (96%)]	Loss: 0.210176

Test set: Average loss: 0.0004, Accuracy: 8705/10000 (87%)

Train Epoch: 41 [0/50000 (0%)]	Loss: 0.347007
Train Epoch: 41 [3200/50000 (6%)]	Loss: 0.221050
Train Epoch: 41 [6400/50000 (13%)]	Loss: 0.383634
Train Epoch: 41 [9600/50000 (19%)]	Loss: 0.189929
Train Epoch: 41 [12800/50000 (26%)]	Loss: 0.163191
Train Epoch: 41 [16000/50000 (32%)]	Loss: 0.234735
Train Epoch: 41 [19200/50000 (38%)]	Loss: 0.509997
Train Epoch: 41 [22400/50000 (45%)]	Loss: 0.322795
Train Epoch: 41 [25600/50000 (51%)]	Loss: 0.150411
Train Epoch: 41 [28800/50000 (58%)]	Loss: 0.303307
Train Epoch: 41 [32000/50000 (64%)]	Loss: 0.201266
Train Epoch: 41 [35200/50000 (70%)]	Loss: 0.239268
Train Epoch: 41 [38400/50000 (77%)]	Loss: 0.189214
Train Epoch: 41 [41600/50000 (83%)]	Loss: 0.315013
Train Epoch: 41 [44800/50000 (90%)]	Loss: 0.291236
Train Epoch: 41 [48000/50000 (96%)]	Loss: 0.203342

Test set: Average loss: 0.0004, Accuracy: 8719/10000 (87%)

Train Epoch: 42 [0/50000 (0%)]	Loss: 0.156873
Train Epoch: 42 [3200/50000 (6%)]	Loss: 0.235554
Train Epoch: 42 [6400/50000 (13%)]	Loss: 0.140048
Train Epoch: 42 [9600/50000 (19%)]	Loss: 0.130769
Train Epoch: 42 [12800/50000 (26%)]	Loss: 0.560032
Train Epoch: 42 [16000/50000 (32%)]	Loss: 0.193644
Train Epoch: 42 [19200/50000 (38%)]	Loss: 0.182923
Train Epoch: 42 [22400/50000 (45%)]	Loss: 0.121479
Train Epoch: 42 [25600/50000 (51%)]	Loss: 0.218334
Train Epoch: 42 [28800/50000 (58%)]	Loss: 0.118170
Train Epoch: 42 [32000/50000 (64%)]	Loss: 0.267787
Train Epoch: 42 [35200/50000 (70%)]	Loss: 0.083033
Train Epoch: 42 [38400/50000 (77%)]	Loss: 0.223747
Train Epoch: 42 [41600/50000 (83%)]	Loss: 0.275658
Train Epoch: 42 [44800/50000 (90%)]	Loss: 0.143461
Train Epoch: 42 [48000/50000 (96%)]	Loss: 0.343425

Test set: Average loss: 0.0004, Accuracy: 8733/10000 (87%)

Train Epoch: 43 [0/50000 (0%)]	Loss: 0.100344
Train Epoch: 43 [3200/50000 (6%)]	Loss: 0.223526
Train Epoch: 43 [6400/50000 (13%)]	Loss: 0.123307
Train Epoch: 43 [9600/50000 (19%)]	Loss: 0.258892
Train Epoch: 43 [12800/50000 (26%)]	Loss: 0.204950
Train Epoch: 43 [16000/50000 (32%)]	Loss: 0.289670
Train Epoch: 43 [19200/50000 (38%)]	Loss: 0.224584
Train Epoch: 43 [22400/50000 (45%)]	Loss: 0.407817
Train Epoch: 43 [25600/50000 (51%)]	Loss: 0.228275
Train Epoch: 43 [28800/50000 (58%)]	Loss: 0.207430
Train Epoch: 43 [32000/50000 (64%)]	Loss: 0.193592
Train Epoch: 43 [35200/50000 (70%)]	Loss: 0.264090
Train Epoch: 43 [38400/50000 (77%)]	Loss: 0.207932
Train Epoch: 43 [41600/50000 (83%)]	Loss: 0.348906
Train Epoch: 43 [44800/50000 (90%)]	Loss: 0.442750
Train Epoch: 43 [48000/50000 (96%)]	Loss: 0.285098

Test set: Average loss: 0.0004, Accuracy: 8797/10000 (88%)

Train Epoch: 44 [0/50000 (0%)]	Loss: 0.321521
Train Epoch: 44 [3200/50000 (6%)]	Loss: 0.205807
Train Epoch: 44 [6400/50000 (13%)]	Loss: 0.334519
Train Epoch: 44 [9600/50000 (19%)]	Loss: 0.175329
Train Epoch: 44 [12800/50000 (26%)]	Loss: 0.113589
Train Epoch: 44 [16000/50000 (32%)]	Loss: 0.151614
Train Epoch: 44 [19200/50000 (38%)]	Loss: 0.266953
Train Epoch: 44 [22400/50000 (45%)]	Loss: 0.157600
Train Epoch: 44 [25600/50000 (51%)]	Loss: 0.157075
Train Epoch: 44 [28800/50000 (58%)]	Loss: 0.255401
Train Epoch: 44 [32000/50000 (64%)]	Loss: 0.332067
Train Epoch: 44 [35200/50000 (70%)]	Loss: 0.194122
Train Epoch: 44 [38400/50000 (77%)]	Loss: 0.218799
Train Epoch: 44 [41600/50000 (83%)]	Loss: 0.208314
Train Epoch: 44 [44800/50000 (90%)]	Loss: 0.226531
Train Epoch: 44 [48000/50000 (96%)]	Loss: 0.239913

Test set: Average loss: 0.0004, Accuracy: 8745/10000 (87%)

Train Epoch: 45 [0/50000 (0%)]	Loss: 0.239807
Train Epoch: 45 [3200/50000 (6%)]	Loss: 0.479187
Train Epoch: 45 [6400/50000 (13%)]	Loss: 0.129777
Train Epoch: 45 [9600/50000 (19%)]	Loss: 0.201890
Train Epoch: 45 [12800/50000 (26%)]	Loss: 0.204072
Train Epoch: 45 [16000/50000 (32%)]	Loss: 0.195735
Train Epoch: 45 [19200/50000 (38%)]	Loss: 0.165770
Train Epoch: 45 [22400/50000 (45%)]	Loss: 0.213809
Train Epoch: 45 [25600/50000 (51%)]	Loss: 0.396212
Train Epoch: 45 [28800/50000 (58%)]	Loss: 0.241839
Train Epoch: 45 [32000/50000 (64%)]	Loss: 0.260259
Train Epoch: 45 [35200/50000 (70%)]	Loss: 0.409137
Train Epoch: 45 [38400/50000 (77%)]	Loss: 0.138765
Train Epoch: 45 [41600/50000 (83%)]	Loss: 0.158148
Train Epoch: 45 [44800/50000 (90%)]	Loss: 0.107479
Train Epoch: 45 [48000/50000 (96%)]	Loss: 0.144622

Test set: Average loss: 0.0004, Accuracy: 8739/10000 (87%)

Train Epoch: 46 [0/50000 (0%)]	Loss: 0.202539
Train Epoch: 46 [3200/50000 (6%)]	Loss: 0.248396
Train Epoch: 46 [6400/50000 (13%)]	Loss: 0.085313
Train Epoch: 46 [9600/50000 (19%)]	Loss: 0.174281
Train Epoch: 46 [12800/50000 (26%)]	Loss: 0.209253
Train Epoch: 46 [16000/50000 (32%)]	Loss: 0.264277
Train Epoch: 46 [19200/50000 (38%)]	Loss: 0.475165
Train Epoch: 46 [22400/50000 (45%)]	Loss: 0.405177
Train Epoch: 46 [25600/50000 (51%)]	Loss: 0.267627
Train Epoch: 46 [28800/50000 (58%)]	Loss: 0.156548
Train Epoch: 46 [32000/50000 (64%)]	Loss: 0.151578
Train Epoch: 46 [35200/50000 (70%)]	Loss: 0.227931
Train Epoch: 46 [38400/50000 (77%)]	Loss: 0.149771
Train Epoch: 46 [41600/50000 (83%)]	Loss: 0.471837
Train Epoch: 46 [44800/50000 (90%)]	Loss: 0.244889
Train Epoch: 46 [48000/50000 (96%)]	Loss: 0.191024

Test set: Average loss: 0.0004, Accuracy: 8757/10000 (88%)

Train Epoch: 47 [0/50000 (0%)]	Loss: 0.172537
Train Epoch: 47 [3200/50000 (6%)]	Loss: 0.182992
Train Epoch: 47 [6400/50000 (13%)]	Loss: 0.303425
Train Epoch: 47 [9600/50000 (19%)]	Loss: 0.139103
Train Epoch: 47 [12800/50000 (26%)]	Loss: 0.135853
Train Epoch: 47 [16000/50000 (32%)]	Loss: 0.330969
Train Epoch: 47 [19200/50000 (38%)]	Loss: 0.130521
Train Epoch: 47 [22400/50000 (45%)]	Loss: 0.078511
Train Epoch: 47 [25600/50000 (51%)]	Loss: 0.369022
Train Epoch: 47 [28800/50000 (58%)]	Loss: 0.253127
Train Epoch: 47 [32000/50000 (64%)]	Loss: 0.191449
Train Epoch: 47 [35200/50000 (70%)]	Loss: 0.207295
Train Epoch: 47 [38400/50000 (77%)]	Loss: 0.111554
Train Epoch: 47 [41600/50000 (83%)]	Loss: 0.203284
Train Epoch: 47 [44800/50000 (90%)]	Loss: 0.098611
Train Epoch: 47 [48000/50000 (96%)]	Loss: 0.134767

Test set: Average loss: 0.0004, Accuracy: 8765/10000 (88%)

Train Epoch: 48 [0/50000 (0%)]	Loss: 0.218221
Train Epoch: 48 [3200/50000 (6%)]	Loss: 0.221757
Train Epoch: 48 [6400/50000 (13%)]	Loss: 0.224228
Train Epoch: 48 [9600/50000 (19%)]	Loss: 0.409865
Train Epoch: 48 [12800/50000 (26%)]	Loss: 0.142741
Train Epoch: 48 [16000/50000 (32%)]	Loss: 0.151559
Train Epoch: 48 [19200/50000 (38%)]	Loss: 0.163420
Train Epoch: 48 [22400/50000 (45%)]	Loss: 0.264350
Train Epoch: 48 [25600/50000 (51%)]	Loss: 0.316768
Train Epoch: 48 [28800/50000 (58%)]	Loss: 0.283699
Train Epoch: 48 [32000/50000 (64%)]	Loss: 0.184638
Train Epoch: 48 [35200/50000 (70%)]	Loss: 0.207381
Train Epoch: 48 [38400/50000 (77%)]	Loss: 0.241286
Train Epoch: 48 [41600/50000 (83%)]	Loss: 0.202156
Train Epoch: 48 [44800/50000 (90%)]	Loss: 0.096500
Train Epoch: 48 [48000/50000 (96%)]	Loss: 0.244821

Test set: Average loss: 0.0004, Accuracy: 8755/10000 (88%)

Train Epoch: 49 [0/50000 (0%)]	Loss: 0.182493
Train Epoch: 49 [3200/50000 (6%)]	Loss: 0.330316
Train Epoch: 49 [6400/50000 (13%)]	Loss: 0.209799
Train Epoch: 49 [9600/50000 (19%)]	Loss: 0.313796
Train Epoch: 49 [12800/50000 (26%)]	Loss: 0.127468
Train Epoch: 49 [16000/50000 (32%)]	Loss: 0.216224
Train Epoch: 49 [19200/50000 (38%)]	Loss: 0.193103
Train Epoch: 49 [22400/50000 (45%)]	Loss: 0.112948
Train Epoch: 49 [25600/50000 (51%)]	Loss: 0.269030
Train Epoch: 49 [28800/50000 (58%)]	Loss: 0.187081
Train Epoch: 49 [32000/50000 (64%)]	Loss: 0.337573
Train Epoch: 49 [35200/50000 (70%)]	Loss: 0.302143
Train Epoch: 49 [38400/50000 (77%)]	Loss: 0.092874
Train Epoch: 49 [41600/50000 (83%)]	Loss: 0.137272
Train Epoch: 49 [44800/50000 (90%)]	Loss: 0.172106
Train Epoch: 49 [48000/50000 (96%)]	Loss: 0.185233

Test set: Average loss: 0.0004, Accuracy: 8759/10000 (88%)

Train Epoch: 50 [0/50000 (0%)]	Loss: 0.330441
Train Epoch: 50 [3200/50000 (6%)]	Loss: 0.109678
Train Epoch: 50 [6400/50000 (13%)]	Loss: 0.122312
Train Epoch: 50 [9600/50000 (19%)]	Loss: 0.141905
Train Epoch: 50 [12800/50000 (26%)]	Loss: 0.133522
Train Epoch: 50 [16000/50000 (32%)]	Loss: 0.245765
Train Epoch: 50 [19200/50000 (38%)]	Loss: 0.243193
Train Epoch: 50 [22400/50000 (45%)]	Loss: 0.234535
Train Epoch: 50 [25600/50000 (51%)]	Loss: 0.177954
Train Epoch: 50 [28800/50000 (58%)]	Loss: 0.315471
Train Epoch: 50 [32000/50000 (64%)]	Loss: 0.132014
Train Epoch: 50 [35200/50000 (70%)]	Loss: 0.244471
Train Epoch: 50 [38400/50000 (77%)]	Loss: 0.217267
Train Epoch: 50 [41600/50000 (83%)]	Loss: 0.294180
Train Epoch: 50 [44800/50000 (90%)]	Loss: 0.204069
Train Epoch: 50 [48000/50000 (96%)]	Loss: 0.195062

Test set: Average loss: 0.0004, Accuracy: 8815/10000 (88%)

Train Epoch: 51 [0/50000 (0%)]	Loss: 0.166371
Train Epoch: 51 [3200/50000 (6%)]	Loss: 0.232505
Train Epoch: 51 [6400/50000 (13%)]	Loss: 0.214669
Train Epoch: 51 [9600/50000 (19%)]	Loss: 0.084339
Train Epoch: 51 [12800/50000 (26%)]	Loss: 0.190827
Train Epoch: 51 [16000/50000 (32%)]	Loss: 0.360586
Train Epoch: 51 [19200/50000 (38%)]	Loss: 0.205073
Train Epoch: 51 [22400/50000 (45%)]	Loss: 0.366967
Train Epoch: 51 [25600/50000 (51%)]	Loss: 0.266286
Train Epoch: 51 [28800/50000 (58%)]	Loss: 0.180393
Train Epoch: 51 [32000/50000 (64%)]	Loss: 0.244736
Train Epoch: 51 [35200/50000 (70%)]	Loss: 0.414950
Train Epoch: 51 [38400/50000 (77%)]	Loss: 0.190318
Train Epoch: 51 [41600/50000 (83%)]	Loss: 0.188192
Train Epoch: 51 [44800/50000 (90%)]	Loss: 0.194366
Train Epoch: 51 [48000/50000 (96%)]	Loss: 0.237126

Test set: Average loss: 0.0004, Accuracy: 8786/10000 (88%)

Train Epoch: 52 [0/50000 (0%)]	Loss: 0.307509
Train Epoch: 52 [3200/50000 (6%)]	Loss: 0.113749
Train Epoch: 52 [6400/50000 (13%)]	Loss: 0.182818
Train Epoch: 52 [9600/50000 (19%)]	Loss: 0.189054
Train Epoch: 52 [12800/50000 (26%)]	Loss: 0.128047
Train Epoch: 52 [16000/50000 (32%)]	Loss: 0.212215
Train Epoch: 52 [19200/50000 (38%)]	Loss: 0.159395
Train Epoch: 52 [22400/50000 (45%)]	Loss: 0.265755
Train Epoch: 52 [25600/50000 (51%)]	Loss: 0.111662
Train Epoch: 52 [28800/50000 (58%)]	Loss: 0.203422
Train Epoch: 52 [32000/50000 (64%)]	Loss: 0.170692
Train Epoch: 52 [35200/50000 (70%)]	Loss: 0.234748
Train Epoch: 52 [38400/50000 (77%)]	Loss: 0.297013
Train Epoch: 52 [41600/50000 (83%)]	Loss: 0.119218
Train Epoch: 52 [44800/50000 (90%)]	Loss: 0.353993
Train Epoch: 52 [48000/50000 (96%)]	Loss: 0.253166

Test set: Average loss: 0.0004, Accuracy: 8839/10000 (88%)

Train Epoch: 53 [0/50000 (0%)]	Loss: 0.199201
Train Epoch: 53 [3200/50000 (6%)]	Loss: 0.175675
Train Epoch: 53 [6400/50000 (13%)]	Loss: 0.187703
Train Epoch: 53 [9600/50000 (19%)]	Loss: 0.230004
Train Epoch: 53 [12800/50000 (26%)]	Loss: 0.210519
Train Epoch: 53 [16000/50000 (32%)]	Loss: 0.079167
Train Epoch: 53 [19200/50000 (38%)]	Loss: 0.380147
Train Epoch: 53 [22400/50000 (45%)]	Loss: 0.243700
Train Epoch: 53 [25600/50000 (51%)]	Loss: 0.206959
Train Epoch: 53 [28800/50000 (58%)]	Loss: 0.163981
Train Epoch: 53 [32000/50000 (64%)]	Loss: 0.230166
Train Epoch: 53 [35200/50000 (70%)]	Loss: 0.110931
Train Epoch: 53 [38400/50000 (77%)]	Loss: 0.372321
Train Epoch: 53 [41600/50000 (83%)]	Loss: 0.099564
Train Epoch: 53 [44800/50000 (90%)]	Loss: 0.148027
Train Epoch: 53 [48000/50000 (96%)]	Loss: 0.182820

Test set: Average loss: 0.0004, Accuracy: 8821/10000 (88%)

Train Epoch: 54 [0/50000 (0%)]	Loss: 0.064813
Train Epoch: 54 [3200/50000 (6%)]	Loss: 0.085318
Train Epoch: 54 [6400/50000 (13%)]	Loss: 0.171104
Train Epoch: 54 [9600/50000 (19%)]	Loss: 0.240937
Train Epoch: 54 [12800/50000 (26%)]	Loss: 0.140716
Train Epoch: 54 [16000/50000 (32%)]	Loss: 0.174615
Train Epoch: 54 [19200/50000 (38%)]	Loss: 0.290353
Train Epoch: 54 [22400/50000 (45%)]	Loss: 0.215858
Train Epoch: 54 [25600/50000 (51%)]	Loss: 0.164053
Train Epoch: 54 [28800/50000 (58%)]	Loss: 0.164142
Train Epoch: 54 [32000/50000 (64%)]	Loss: 0.108580
Train Epoch: 54 [35200/50000 (70%)]	Loss: 0.391458
Train Epoch: 54 [38400/50000 (77%)]	Loss: 0.307592
Train Epoch: 54 [41600/50000 (83%)]	Loss: 0.389003
Train Epoch: 54 [44800/50000 (90%)]	Loss: 0.164565
Train Epoch: 54 [48000/50000 (96%)]	Loss: 0.468976

Test set: Average loss: 0.0004, Accuracy: 8794/10000 (88%)

Train Epoch: 55 [0/50000 (0%)]	Loss: 0.213416
Train Epoch: 55 [3200/50000 (6%)]	Loss: 0.335249
Train Epoch: 55 [6400/50000 (13%)]	Loss: 0.096042
Train Epoch: 55 [9600/50000 (19%)]	Loss: 0.233209
Train Epoch: 55 [12800/50000 (26%)]	Loss: 0.167669
Train Epoch: 55 [16000/50000 (32%)]	Loss: 0.134994
Train Epoch: 55 [19200/50000 (38%)]	Loss: 0.116652
Train Epoch: 55 [22400/50000 (45%)]	Loss: 0.174604
Train Epoch: 55 [25600/50000 (51%)]	Loss: 0.177597
Train Epoch: 55 [28800/50000 (58%)]	Loss: 0.169506
Train Epoch: 55 [32000/50000 (64%)]	Loss: 0.088297
Train Epoch: 55 [35200/50000 (70%)]	Loss: 0.174001
Train Epoch: 55 [38400/50000 (77%)]	Loss: 0.150389
Train Epoch: 55 [41600/50000 (83%)]	Loss: 0.176407
Train Epoch: 55 [44800/50000 (90%)]	Loss: 0.150828
Train Epoch: 55 [48000/50000 (96%)]	Loss: 0.057853

Test set: Average loss: 0.0004, Accuracy: 8807/10000 (88%)

Train Epoch: 56 [0/50000 (0%)]	Loss: 0.186097
Train Epoch: 56 [3200/50000 (6%)]	Loss: 0.208284
Train Epoch: 56 [6400/50000 (13%)]	Loss: 0.142101
Train Epoch: 56 [9600/50000 (19%)]	Loss: 0.195399
Train Epoch: 56 [12800/50000 (26%)]	Loss: 0.186274
Train Epoch: 56 [16000/50000 (32%)]	Loss: 0.192543
Train Epoch: 56 [19200/50000 (38%)]	Loss: 0.139511
Train Epoch: 56 [22400/50000 (45%)]	Loss: 0.278613
Train Epoch: 56 [25600/50000 (51%)]	Loss: 0.356837
Train Epoch: 56 [28800/50000 (58%)]	Loss: 0.082105
Train Epoch: 56 [32000/50000 (64%)]	Loss: 0.164759
Train Epoch: 56 [35200/50000 (70%)]	Loss: 0.171121
Train Epoch: 56 [38400/50000 (77%)]	Loss: 0.152873
Train Epoch: 56 [41600/50000 (83%)]	Loss: 0.262412
Train Epoch: 56 [44800/50000 (90%)]	Loss: 0.219736
Train Epoch: 56 [48000/50000 (96%)]	Loss: 0.224045

Test set: Average loss: 0.0004, Accuracy: 8739/10000 (87%)

Train Epoch: 57 [0/50000 (0%)]	Loss: 0.072823
Train Epoch: 57 [3200/50000 (6%)]	Loss: 0.149101
Train Epoch: 57 [6400/50000 (13%)]	Loss: 0.085425
Train Epoch: 57 [9600/50000 (19%)]	Loss: 0.212905
Train Epoch: 57 [12800/50000 (26%)]	Loss: 0.231165
Train Epoch: 57 [16000/50000 (32%)]	Loss: 0.101710
Train Epoch: 57 [19200/50000 (38%)]	Loss: 0.216351
Train Epoch: 57 [22400/50000 (45%)]	Loss: 0.149383
Train Epoch: 57 [25600/50000 (51%)]	Loss: 0.198019
Train Epoch: 57 [28800/50000 (58%)]	Loss: 0.184210
Train Epoch: 57 [32000/50000 (64%)]	Loss: 0.253759
Train Epoch: 57 [35200/50000 (70%)]	Loss: 0.105164
Train Epoch: 57 [38400/50000 (77%)]	Loss: 0.285056
Train Epoch: 57 [41600/50000 (83%)]	Loss: 0.183026
Train Epoch: 57 [44800/50000 (90%)]	Loss: 0.314476
Train Epoch: 57 [48000/50000 (96%)]	Loss: 0.105089

Test set: Average loss: 0.0004, Accuracy: 8777/10000 (88%)

Train Epoch: 58 [0/50000 (0%)]	Loss: 0.195545
Train Epoch: 58 [3200/50000 (6%)]	Loss: 0.244193
Train Epoch: 58 [6400/50000 (13%)]	Loss: 0.151225
Train Epoch: 58 [9600/50000 (19%)]	Loss: 0.243427
Train Epoch: 58 [12800/50000 (26%)]	Loss: 0.334552
Train Epoch: 58 [16000/50000 (32%)]	Loss: 0.159427
Train Epoch: 58 [19200/50000 (38%)]	Loss: 0.260105
Train Epoch: 58 [22400/50000 (45%)]	Loss: 0.320044
Train Epoch: 58 [25600/50000 (51%)]	Loss: 0.093440
Train Epoch: 58 [28800/50000 (58%)]	Loss: 0.138729
Train Epoch: 58 [32000/50000 (64%)]	Loss: 0.141299
Train Epoch: 58 [35200/50000 (70%)]	Loss: 0.063149
Train Epoch: 58 [38400/50000 (77%)]	Loss: 0.231132
Train Epoch: 58 [41600/50000 (83%)]	Loss: 0.268939
Train Epoch: 58 [44800/50000 (90%)]	Loss: 0.066249
Train Epoch: 58 [48000/50000 (96%)]	Loss: 0.240099

Test set: Average loss: 0.0004, Accuracy: 8754/10000 (88%)

Train Epoch: 59 [0/50000 (0%)]	Loss: 0.167722
Train Epoch: 59 [3200/50000 (6%)]	Loss: 0.055210
Train Epoch: 59 [6400/50000 (13%)]	Loss: 0.177351
Train Epoch: 59 [9600/50000 (19%)]	Loss: 0.188346
Train Epoch: 59 [12800/50000 (26%)]	Loss: 0.117194
Train Epoch: 59 [16000/50000 (32%)]	Loss: 0.190187
Train Epoch: 59 [19200/50000 (38%)]	Loss: 0.161722
Train Epoch: 59 [22400/50000 (45%)]	Loss: 0.058104
Train Epoch: 59 [25600/50000 (51%)]	Loss: 0.085551
Train Epoch: 59 [28800/50000 (58%)]	Loss: 0.073597
Train Epoch: 59 [32000/50000 (64%)]	Loss: 0.359852
Train Epoch: 59 [35200/50000 (70%)]	Loss: 0.201390
Train Epoch: 59 [38400/50000 (77%)]	Loss: 0.272394
Train Epoch: 59 [41600/50000 (83%)]	Loss: 0.120620
Train Epoch: 59 [44800/50000 (90%)]	Loss: 0.190287
Train Epoch: 59 [48000/50000 (96%)]	Loss: 0.059410

Test set: Average loss: 0.0004, Accuracy: 8784/10000 (88%)

Train Epoch: 60 [0/50000 (0%)]	Loss: 0.159848
Train Epoch: 60 [3200/50000 (6%)]	Loss: 0.126187
Train Epoch: 60 [6400/50000 (13%)]	Loss: 0.126600
Train Epoch: 60 [9600/50000 (19%)]	Loss: 0.103142
Train Epoch: 60 [12800/50000 (26%)]	Loss: 0.120221
Train Epoch: 60 [16000/50000 (32%)]	Loss: 0.262790
Train Epoch: 60 [19200/50000 (38%)]	Loss: 0.087648
Train Epoch: 60 [22400/50000 (45%)]	Loss: 0.105140
Train Epoch: 60 [25600/50000 (51%)]	Loss: 0.109256
Train Epoch: 60 [28800/50000 (58%)]	Loss: 0.076021
Train Epoch: 60 [32000/50000 (64%)]	Loss: 0.129348
Train Epoch: 60 [35200/50000 (70%)]	Loss: 0.167860
Train Epoch: 60 [38400/50000 (77%)]	Loss: 0.253413
Train Epoch: 60 [41600/50000 (83%)]	Loss: 0.309759
Train Epoch: 60 [44800/50000 (90%)]	Loss: 0.158172
Train Epoch: 60 [48000/50000 (96%)]	Loss: 0.112843

Test set: Average loss: 0.0004, Accuracy: 8848/10000 (88%)

Train Epoch: 61 [0/50000 (0%)]	Loss: 0.209498
Train Epoch: 61 [3200/50000 (6%)]	Loss: 0.072038
Train Epoch: 61 [6400/50000 (13%)]	Loss: 0.075625
Train Epoch: 61 [9600/50000 (19%)]	Loss: 0.099012
Train Epoch: 61 [12800/50000 (26%)]	Loss: 0.149586
Train Epoch: 61 [16000/50000 (32%)]	Loss: 0.190618
Train Epoch: 61 [19200/50000 (38%)]	Loss: 0.054663
Train Epoch: 61 [22400/50000 (45%)]	Loss: 0.177407
Train Epoch: 61 [25600/50000 (51%)]	Loss: 0.224672
Train Epoch: 61 [28800/50000 (58%)]	Loss: 0.229904
Train Epoch: 61 [32000/50000 (64%)]	Loss: 0.220093
Train Epoch: 61 [35200/50000 (70%)]	Loss: 0.153064
Train Epoch: 61 [38400/50000 (77%)]	Loss: 0.057001
Train Epoch: 61 [41600/50000 (83%)]	Loss: 0.132241
Train Epoch: 61 [44800/50000 (90%)]	Loss: 0.155517
Train Epoch: 61 [48000/50000 (96%)]	Loss: 0.183834

Test set: Average loss: 0.0004, Accuracy: 8771/10000 (88%)

Train Epoch: 62 [0/50000 (0%)]	Loss: 0.207852
Train Epoch: 62 [3200/50000 (6%)]	Loss: 0.066956
Train Epoch: 62 [6400/50000 (13%)]	Loss: 0.125101
Train Epoch: 62 [9600/50000 (19%)]	Loss: 0.148559
Train Epoch: 62 [12800/50000 (26%)]	Loss: 0.087049
Train Epoch: 62 [16000/50000 (32%)]	Loss: 0.207435
Train Epoch: 62 [19200/50000 (38%)]	Loss: 0.164789
Train Epoch: 62 [22400/50000 (45%)]	Loss: 0.137147
Train Epoch: 62 [25600/50000 (51%)]	Loss: 0.114387
Train Epoch: 62 [28800/50000 (58%)]	Loss: 0.180338
Train Epoch: 62 [32000/50000 (64%)]	Loss: 0.257617
Train Epoch: 62 [35200/50000 (70%)]	Loss: 0.209299
Train Epoch: 62 [38400/50000 (77%)]	Loss: 0.230804
Train Epoch: 62 [41600/50000 (83%)]	Loss: 0.264203
Train Epoch: 62 [44800/50000 (90%)]	Loss: 0.185821
Train Epoch: 62 [48000/50000 (96%)]	Loss: 0.176533

Test set: Average loss: 0.0004, Accuracy: 8843/10000 (88%)

Train Epoch: 63 [0/50000 (0%)]	Loss: 0.041435
Train Epoch: 63 [3200/50000 (6%)]	Loss: 0.101540
Train Epoch: 63 [6400/50000 (13%)]	Loss: 0.159021
Train Epoch: 63 [9600/50000 (19%)]	Loss: 0.199665
Train Epoch: 63 [12800/50000 (26%)]	Loss: 0.101360
Train Epoch: 63 [16000/50000 (32%)]	Loss: 0.107657
Train Epoch: 63 [19200/50000 (38%)]	Loss: 0.284473
Train Epoch: 63 [22400/50000 (45%)]	Loss: 0.358194
Train Epoch: 63 [25600/50000 (51%)]	Loss: 0.180972
Train Epoch: 63 [28800/50000 (58%)]	Loss: 0.131080
Train Epoch: 63 [32000/50000 (64%)]	Loss: 0.345448
Train Epoch: 63 [35200/50000 (70%)]	Loss: 0.183423
Train Epoch: 63 [38400/50000 (77%)]	Loss: 0.100298
Train Epoch: 63 [41600/50000 (83%)]	Loss: 0.391634
Train Epoch: 63 [44800/50000 (90%)]	Loss: 0.161803
Train Epoch: 63 [48000/50000 (96%)]	Loss: 0.170779

Test set: Average loss: 0.0004, Accuracy: 8741/10000 (87%)

Train Epoch: 64 [0/50000 (0%)]	Loss: 0.188428
Train Epoch: 64 [3200/50000 (6%)]	Loss: 0.175659
Train Epoch: 64 [6400/50000 (13%)]	Loss: 0.162793
Train Epoch: 64 [9600/50000 (19%)]	Loss: 0.106453
Train Epoch: 64 [12800/50000 (26%)]	Loss: 0.267869
Train Epoch: 64 [16000/50000 (32%)]	Loss: 0.322930
Train Epoch: 64 [19200/50000 (38%)]	Loss: 0.194396
Train Epoch: 64 [22400/50000 (45%)]	Loss: 0.221836
Train Epoch: 64 [25600/50000 (51%)]	Loss: 0.074222
Train Epoch: 64 [28800/50000 (58%)]	Loss: 0.143890
Train Epoch: 64 [32000/50000 (64%)]	Loss: 0.134919
Train Epoch: 64 [35200/50000 (70%)]	Loss: 0.142650
Train Epoch: 64 [38400/50000 (77%)]	Loss: 0.116467
Train Epoch: 64 [41600/50000 (83%)]	Loss: 0.082013
Train Epoch: 64 [44800/50000 (90%)]	Loss: 0.125045
Train Epoch: 64 [48000/50000 (96%)]	Loss: 0.126170

Test set: Average loss: 0.0004, Accuracy: 8783/10000 (88%)

Train Epoch: 65 [0/50000 (0%)]	Loss: 0.083948
Train Epoch: 65 [3200/50000 (6%)]	Loss: 0.221270
Train Epoch: 65 [6400/50000 (13%)]	Loss: 0.307463
Train Epoch: 65 [9600/50000 (19%)]	Loss: 0.123761
Train Epoch: 65 [12800/50000 (26%)]	Loss: 0.157463
Train Epoch: 65 [16000/50000 (32%)]	Loss: 0.101481
Train Epoch: 65 [19200/50000 (38%)]	Loss: 0.079773
Train Epoch: 65 [22400/50000 (45%)]	Loss: 0.101661
Train Epoch: 65 [25600/50000 (51%)]	Loss: 0.167819
Train Epoch: 65 [28800/50000 (58%)]	Loss: 0.172103
Train Epoch: 65 [32000/50000 (64%)]	Loss: 0.089845
Train Epoch: 65 [35200/50000 (70%)]	Loss: 0.149553
Train Epoch: 65 [38400/50000 (77%)]	Loss: 0.160786
Train Epoch: 65 [41600/50000 (83%)]	Loss: 0.219284
Train Epoch: 65 [44800/50000 (90%)]	Loss: 0.247158
Train Epoch: 65 [48000/50000 (96%)]	Loss: 0.249780

Test set: Average loss: 0.0004, Accuracy: 8836/10000 (88%)

Train Epoch: 66 [0/50000 (0%)]	Loss: 0.364334
Train Epoch: 66 [3200/50000 (6%)]	Loss: 0.201299
Train Epoch: 66 [6400/50000 (13%)]	Loss: 0.337171
Train Epoch: 66 [9600/50000 (19%)]	Loss: 0.200777
Train Epoch: 66 [12800/50000 (26%)]	Loss: 0.144726
Train Epoch: 66 [16000/50000 (32%)]	Loss: 0.125447
Train Epoch: 66 [19200/50000 (38%)]	Loss: 0.067557
Train Epoch: 66 [22400/50000 (45%)]	Loss: 0.219678
Train Epoch: 66 [25600/50000 (51%)]	Loss: 0.077887
Train Epoch: 66 [28800/50000 (58%)]	Loss: 0.076446
Train Epoch: 66 [32000/50000 (64%)]	Loss: 0.131084
Train Epoch: 66 [35200/50000 (70%)]	Loss: 0.072183
Train Epoch: 66 [38400/50000 (77%)]	Loss: 0.165090
Train Epoch: 66 [41600/50000 (83%)]	Loss: 0.230817
Train Epoch: 66 [44800/50000 (90%)]	Loss: 0.167938
Train Epoch: 66 [48000/50000 (96%)]	Loss: 0.169192

Test set: Average loss: 0.0004, Accuracy: 8814/10000 (88%)

Train Epoch: 67 [0/50000 (0%)]	Loss: 0.079989
Train Epoch: 67 [3200/50000 (6%)]	Loss: 0.169170
Train Epoch: 67 [6400/50000 (13%)]	Loss: 0.269481
Train Epoch: 67 [9600/50000 (19%)]	Loss: 0.091286
Train Epoch: 67 [12800/50000 (26%)]	Loss: 0.217071
Train Epoch: 67 [16000/50000 (32%)]	Loss: 0.215947
Train Epoch: 67 [19200/50000 (38%)]	Loss: 0.122614
Train Epoch: 67 [22400/50000 (45%)]	Loss: 0.165719
Train Epoch: 67 [25600/50000 (51%)]	Loss: 0.100084
Train Epoch: 67 [28800/50000 (58%)]	Loss: 0.094968
Train Epoch: 67 [32000/50000 (64%)]	Loss: 0.115811
Train Epoch: 67 [35200/50000 (70%)]	Loss: 0.069532
Train Epoch: 67 [38400/50000 (77%)]	Loss: 0.091267
Train Epoch: 67 [41600/50000 (83%)]	Loss: 0.150323
Train Epoch: 67 [44800/50000 (90%)]	Loss: 0.188465
Train Epoch: 67 [48000/50000 (96%)]	Loss: 0.147417

Test set: Average loss: 0.0004, Accuracy: 8829/10000 (88%)

Train Epoch: 68 [0/50000 (0%)]	Loss: 0.103869
Train Epoch: 68 [3200/50000 (6%)]	Loss: 0.258052
Train Epoch: 68 [6400/50000 (13%)]	Loss: 0.093374
Train Epoch: 68 [9600/50000 (19%)]	Loss: 0.037506
Train Epoch: 68 [12800/50000 (26%)]	Loss: 0.221634
Train Epoch: 68 [16000/50000 (32%)]	Loss: 0.092032
Train Epoch: 68 [19200/50000 (38%)]	Loss: 0.243049
Train Epoch: 68 [22400/50000 (45%)]	Loss: 0.073390
Train Epoch: 68 [25600/50000 (51%)]	Loss: 0.155806
Train Epoch: 68 [28800/50000 (58%)]	Loss: 0.079640
Train Epoch: 68 [32000/50000 (64%)]	Loss: 0.165438
Train Epoch: 68 [35200/50000 (70%)]	Loss: 0.188000
Train Epoch: 68 [38400/50000 (77%)]	Loss: 0.148686
Train Epoch: 68 [41600/50000 (83%)]	Loss: 0.317542
Train Epoch: 68 [44800/50000 (90%)]	Loss: 0.355042
Train Epoch: 68 [48000/50000 (96%)]	Loss: 0.132376

Test set: Average loss: 0.0004, Accuracy: 8822/10000 (88%)

Train Epoch: 69 [0/50000 (0%)]	Loss: 0.261561
Train Epoch: 69 [3200/50000 (6%)]	Loss: 0.194395
Train Epoch: 69 [6400/50000 (13%)]	Loss: 0.214237
Train Epoch: 69 [9600/50000 (19%)]	Loss: 0.196465
Train Epoch: 69 [12800/50000 (26%)]	Loss: 0.181627
Train Epoch: 69 [16000/50000 (32%)]	Loss: 0.126247
Train Epoch: 69 [19200/50000 (38%)]	Loss: 0.295469
Train Epoch: 69 [22400/50000 (45%)]	Loss: 0.093511
Train Epoch: 69 [25600/50000 (51%)]	Loss: 0.096582
Train Epoch: 69 [28800/50000 (58%)]	Loss: 0.173011
Train Epoch: 69 [32000/50000 (64%)]	Loss: 0.215524
Train Epoch: 69 [35200/50000 (70%)]	Loss: 0.144115
Train Epoch: 69 [38400/50000 (77%)]	Loss: 0.205267
Train Epoch: 69 [41600/50000 (83%)]	Loss: 0.112884
Train Epoch: 69 [44800/50000 (90%)]	Loss: 0.216601
Train Epoch: 69 [48000/50000 (96%)]	Loss: 0.283738

Test set: Average loss: 0.0004, Accuracy: 8829/10000 (88%)

Train Epoch: 70 [0/50000 (0%)]	Loss: 0.213270
Train Epoch: 70 [3200/50000 (6%)]	Loss: 0.186086
Train Epoch: 70 [6400/50000 (13%)]	Loss: 0.201177
Train Epoch: 70 [9600/50000 (19%)]	Loss: 0.177524
Train Epoch: 70 [12800/50000 (26%)]	Loss: 0.230023
Train Epoch: 70 [16000/50000 (32%)]	Loss: 0.256785
Train Epoch: 70 [19200/50000 (38%)]	Loss: 0.094920
Train Epoch: 70 [22400/50000 (45%)]	Loss: 0.140736
Train Epoch: 70 [25600/50000 (51%)]	Loss: 0.151080
Train Epoch: 70 [28800/50000 (58%)]	Loss: 0.146040
Train Epoch: 70 [32000/50000 (64%)]	Loss: 0.080356
Train Epoch: 70 [35200/50000 (70%)]	Loss: 0.172352
Train Epoch: 70 [38400/50000 (77%)]	Loss: 0.123260
Train Epoch: 70 [41600/50000 (83%)]	Loss: 0.090596
Train Epoch: 70 [44800/50000 (90%)]	Loss: 0.189543
Train Epoch: 70 [48000/50000 (96%)]	Loss: 0.132558

Test set: Average loss: 0.0004, Accuracy: 8773/10000 (88%)

Train Epoch: 71 [0/50000 (0%)]	Loss: 0.273791
Train Epoch: 71 [3200/50000 (6%)]	Loss: 0.349385
Train Epoch: 71 [6400/50000 (13%)]	Loss: 0.469948
Train Epoch: 71 [9600/50000 (19%)]	Loss: 0.065431
Train Epoch: 71 [12800/50000 (26%)]	Loss: 0.148742
Train Epoch: 71 [16000/50000 (32%)]	Loss: 0.065809
Train Epoch: 71 [19200/50000 (38%)]	Loss: 0.137873
Train Epoch: 71 [22400/50000 (45%)]	Loss: 0.055615
Train Epoch: 71 [25600/50000 (51%)]	Loss: 0.155930
Train Epoch: 71 [28800/50000 (58%)]	Loss: 0.157660
Train Epoch: 71 [32000/50000 (64%)]	Loss: 0.046925
Train Epoch: 71 [35200/50000 (70%)]	Loss: 0.113098
Train Epoch: 71 [38400/50000 (77%)]	Loss: 0.260704
Train Epoch: 71 [41600/50000 (83%)]	Loss: 0.104773
Train Epoch: 71 [44800/50000 (90%)]	Loss: 0.132503
Train Epoch: 71 [48000/50000 (96%)]	Loss: 0.199809

Test set: Average loss: 0.0004, Accuracy: 8778/10000 (88%)

Train Epoch: 72 [0/50000 (0%)]	Loss: 0.166784
Train Epoch: 72 [3200/50000 (6%)]	Loss: 0.078610
Train Epoch: 72 [6400/50000 (13%)]	Loss: 0.193141
Train Epoch: 72 [9600/50000 (19%)]	Loss: 0.138800
Train Epoch: 72 [12800/50000 (26%)]	Loss: 0.153713
Train Epoch: 72 [16000/50000 (32%)]	Loss: 0.218276
Train Epoch: 72 [19200/50000 (38%)]	Loss: 0.114935
Train Epoch: 72 [22400/50000 (45%)]	Loss: 0.207611
Train Epoch: 72 [25600/50000 (51%)]	Loss: 0.150573
Train Epoch: 72 [28800/50000 (58%)]	Loss: 0.102826
Train Epoch: 72 [32000/50000 (64%)]	Loss: 0.168341
Train Epoch: 72 [35200/50000 (70%)]	Loss: 0.175271
Train Epoch: 72 [38400/50000 (77%)]	Loss: 0.241333
Train Epoch: 72 [41600/50000 (83%)]	Loss: 0.221924
Train Epoch: 72 [44800/50000 (90%)]	Loss: 0.115678
Train Epoch: 72 [48000/50000 (96%)]	Loss: 0.134815

Test set: Average loss: 0.0004, Accuracy: 8880/10000 (89%)

Train Epoch: 73 [0/50000 (0%)]	Loss: 0.172502
Train Epoch: 73 [3200/50000 (6%)]	Loss: 0.076771
Train Epoch: 73 [6400/50000 (13%)]	Loss: 0.089950
Train Epoch: 73 [9600/50000 (19%)]	Loss: 0.154780
Train Epoch: 73 [12800/50000 (26%)]	Loss: 0.249076
Train Epoch: 73 [16000/50000 (32%)]	Loss: 0.148319
Train Epoch: 73 [19200/50000 (38%)]	Loss: 0.182698
Train Epoch: 73 [22400/50000 (45%)]	Loss: 0.127703
Train Epoch: 73 [25600/50000 (51%)]	Loss: 0.112728
Train Epoch: 73 [28800/50000 (58%)]	Loss: 0.079285
Train Epoch: 73 [32000/50000 (64%)]	Loss: 0.292859
Train Epoch: 73 [35200/50000 (70%)]	Loss: 0.260065
Train Epoch: 73 [38400/50000 (77%)]	Loss: 0.164222
Train Epoch: 73 [41600/50000 (83%)]	Loss: 0.130613
Train Epoch: 73 [44800/50000 (90%)]	Loss: 0.083077
Train Epoch: 73 [48000/50000 (96%)]	Loss: 0.154489

Test set: Average loss: 0.0004, Accuracy: 8843/10000 (88%)

Train Epoch: 74 [0/50000 (0%)]	Loss: 0.075838
Train Epoch: 74 [3200/50000 (6%)]	Loss: 0.115478
Train Epoch: 74 [6400/50000 (13%)]	Loss: 0.106539
Train Epoch: 74 [9600/50000 (19%)]	Loss: 0.126793
Train Epoch: 74 [12800/50000 (26%)]	Loss: 0.207172
Train Epoch: 74 [16000/50000 (32%)]	Loss: 0.129718
Train Epoch: 74 [19200/50000 (38%)]	Loss: 0.076822
Train Epoch: 74 [22400/50000 (45%)]	Loss: 0.056337
Train Epoch: 74 [25600/50000 (51%)]	Loss: 0.230580
Train Epoch: 74 [28800/50000 (58%)]	Loss: 0.260037
Train Epoch: 74 [32000/50000 (64%)]	Loss: 0.161075
Train Epoch: 74 [35200/50000 (70%)]	Loss: 0.150656
Train Epoch: 74 [38400/50000 (77%)]	Loss: 0.250283
Train Epoch: 74 [41600/50000 (83%)]	Loss: 0.079365
Train Epoch: 74 [44800/50000 (90%)]	Loss: 0.072852
Train Epoch: 74 [48000/50000 (96%)]	Loss: 0.114646

Test set: Average loss: 0.0004, Accuracy: 8827/10000 (88%)

Train Epoch: 75 [0/50000 (0%)]	Loss: 0.110893
Train Epoch: 75 [3200/50000 (6%)]	Loss: 0.156243
Train Epoch: 75 [6400/50000 (13%)]	Loss: 0.055506
Train Epoch: 75 [9600/50000 (19%)]	Loss: 0.282786
Train Epoch: 75 [12800/50000 (26%)]	Loss: 0.113150
Train Epoch: 75 [16000/50000 (32%)]	Loss: 0.287428
Train Epoch: 75 [19200/50000 (38%)]	Loss: 0.269804
Train Epoch: 75 [22400/50000 (45%)]	Loss: 0.183412
Train Epoch: 75 [25600/50000 (51%)]	Loss: 0.225089
Train Epoch: 75 [28800/50000 (58%)]	Loss: 0.190756
Train Epoch: 75 [32000/50000 (64%)]	Loss: 0.097695
Train Epoch: 75 [35200/50000 (70%)]	Loss: 0.173688
Train Epoch: 75 [38400/50000 (77%)]	Loss: 0.156255
Train Epoch: 75 [41600/50000 (83%)]	Loss: 0.230966
Train Epoch: 75 [44800/50000 (90%)]	Loss: 0.181660
Train Epoch: 75 [48000/50000 (96%)]	Loss: 0.139583

Test set: Average loss: 0.0004, Accuracy: 8825/10000 (88%)

Train Epoch: 76 [0/50000 (0%)]	Loss: 0.102991
Train Epoch: 76 [3200/50000 (6%)]	Loss: 0.108042
Train Epoch: 76 [6400/50000 (13%)]	Loss: 0.045769
Train Epoch: 76 [9600/50000 (19%)]	Loss: 0.230574
Train Epoch: 76 [12800/50000 (26%)]	Loss: 0.138338
Train Epoch: 76 [16000/50000 (32%)]	Loss: 0.159426
Train Epoch: 76 [19200/50000 (38%)]	Loss: 0.175226
Train Epoch: 76 [22400/50000 (45%)]	Loss: 0.144879
Train Epoch: 76 [25600/50000 (51%)]	Loss: 0.250932
Train Epoch: 76 [28800/50000 (58%)]	Loss: 0.088951
Train Epoch: 76 [32000/50000 (64%)]	Loss: 0.073968
Train Epoch: 76 [35200/50000 (70%)]	Loss: 0.178903
Train Epoch: 76 [38400/50000 (77%)]	Loss: 0.071718
Train Epoch: 76 [41600/50000 (83%)]	Loss: 0.153067
Train Epoch: 76 [44800/50000 (90%)]	Loss: 0.215824
Train Epoch: 76 [48000/50000 (96%)]	Loss: 0.036997

Test set: Average loss: 0.0004, Accuracy: 8815/10000 (88%)

Train Epoch: 77 [0/50000 (0%)]	Loss: 0.177276
Train Epoch: 77 [3200/50000 (6%)]	Loss: 0.081133
Train Epoch: 77 [6400/50000 (13%)]	Loss: 0.160288
Train Epoch: 77 [9600/50000 (19%)]	Loss: 0.118619
Train Epoch: 77 [12800/50000 (26%)]	Loss: 0.121251
Train Epoch: 77 [16000/50000 (32%)]	Loss: 0.270143
Train Epoch: 77 [19200/50000 (38%)]	Loss: 0.205755
Train Epoch: 77 [22400/50000 (45%)]	Loss: 0.213928
Train Epoch: 77 [25600/50000 (51%)]	Loss: 0.123692
Train Epoch: 77 [28800/50000 (58%)]	Loss: 0.086810
Train Epoch: 77 [32000/50000 (64%)]	Loss: 0.034672
Train Epoch: 77 [35200/50000 (70%)]	Loss: 0.103312
Train Epoch: 77 [38400/50000 (77%)]	Loss: 0.072953
Train Epoch: 77 [41600/50000 (83%)]	Loss: 0.135979
Train Epoch: 77 [44800/50000 (90%)]	Loss: 0.064066
Train Epoch: 77 [48000/50000 (96%)]	Loss: 0.104087

Test set: Average loss: 0.0004, Accuracy: 8811/10000 (88%)

Train Epoch: 78 [0/50000 (0%)]	Loss: 0.016081
Train Epoch: 78 [3200/50000 (6%)]	Loss: 0.216460
Train Epoch: 78 [6400/50000 (13%)]	Loss: 0.036374
Train Epoch: 78 [9600/50000 (19%)]	Loss: 0.199341
Train Epoch: 78 [12800/50000 (26%)]	Loss: 0.161188
Train Epoch: 78 [16000/50000 (32%)]	Loss: 0.128870
Train Epoch: 78 [19200/50000 (38%)]	Loss: 0.260441
Train Epoch: 78 [22400/50000 (45%)]	Loss: 0.168038
Train Epoch: 78 [25600/50000 (51%)]	Loss: 0.194715
Train Epoch: 78 [28800/50000 (58%)]	Loss: 0.204108
Train Epoch: 78 [32000/50000 (64%)]	Loss: 0.112473
Train Epoch: 78 [35200/50000 (70%)]	Loss: 0.109129
Train Epoch: 78 [38400/50000 (77%)]	Loss: 0.134560
Train Epoch: 78 [41600/50000 (83%)]	Loss: 0.136934
Train Epoch: 78 [44800/50000 (90%)]	Loss: 0.102541
Train Epoch: 78 [48000/50000 (96%)]	Loss: 0.072889

Test set: Average loss: 0.0004, Accuracy: 8848/10000 (88%)

Train Epoch: 79 [0/50000 (0%)]	Loss: 0.064801
Train Epoch: 79 [3200/50000 (6%)]	Loss: 0.095705
Train Epoch: 79 [6400/50000 (13%)]	Loss: 0.165963
Train Epoch: 79 [9600/50000 (19%)]	Loss: 0.158904
Train Epoch: 79 [12800/50000 (26%)]	Loss: 0.119360
Train Epoch: 79 [16000/50000 (32%)]	Loss: 0.118388
Train Epoch: 79 [19200/50000 (38%)]	Loss: 0.109983
Train Epoch: 79 [22400/50000 (45%)]	Loss: 0.204012
Train Epoch: 79 [25600/50000 (51%)]	Loss: 0.088065
Train Epoch: 79 [28800/50000 (58%)]	Loss: 0.216288
Train Epoch: 79 [32000/50000 (64%)]	Loss: 0.110958
Train Epoch: 79 [35200/50000 (70%)]	Loss: 0.078673
Train Epoch: 79 [38400/50000 (77%)]	Loss: 0.152862
Train Epoch: 79 [41600/50000 (83%)]	Loss: 0.171018
Train Epoch: 79 [44800/50000 (90%)]	Loss: 0.098392
Train Epoch: 79 [48000/50000 (96%)]	Loss: 0.089321

Test set: Average loss: 0.0004, Accuracy: 8814/10000 (88%)

Train Epoch: 80 [0/50000 (0%)]	Loss: 0.134979
Train Epoch: 80 [3200/50000 (6%)]	Loss: 0.093561
Train Epoch: 80 [6400/50000 (13%)]	Loss: 0.164431
Train Epoch: 80 [9600/50000 (19%)]	Loss: 0.122549
Train Epoch: 80 [12800/50000 (26%)]	Loss: 0.078160
Train Epoch: 80 [16000/50000 (32%)]	Loss: 0.208373
Train Epoch: 80 [19200/50000 (38%)]	Loss: 0.113790
Train Epoch: 80 [22400/50000 (45%)]	Loss: 0.159537
Train Epoch: 80 [25600/50000 (51%)]	Loss: 0.089989
Train Epoch: 80 [28800/50000 (58%)]	Loss: 0.253966
Train Epoch: 80 [32000/50000 (64%)]	Loss: 0.070771
Train Epoch: 80 [35200/50000 (70%)]	Loss: 0.061706
Train Epoch: 80 [38400/50000 (77%)]	Loss: 0.334027
Train Epoch: 80 [41600/50000 (83%)]	Loss: 0.268643
Train Epoch: 80 [44800/50000 (90%)]	Loss: 0.096381
Train Epoch: 80 [48000/50000 (96%)]	Loss: 0.049222

Test set: Average loss: 0.0004, Accuracy: 8903/10000 (89%)

Train Epoch: 81 [0/50000 (0%)]	Loss: 0.053039
Train Epoch: 81 [3200/50000 (6%)]	Loss: 0.062582
Train Epoch: 81 [6400/50000 (13%)]	Loss: 0.134644
Train Epoch: 81 [9600/50000 (19%)]	Loss: 0.143490
Train Epoch: 81 [12800/50000 (26%)]	Loss: 0.156792
Train Epoch: 81 [16000/50000 (32%)]	Loss: 0.139149
Train Epoch: 81 [19200/50000 (38%)]	Loss: 0.040957
Train Epoch: 81 [22400/50000 (45%)]	Loss: 0.133945
Train Epoch: 81 [25600/50000 (51%)]	Loss: 0.140687
Train Epoch: 81 [28800/50000 (58%)]	Loss: 0.150769
Train Epoch: 81 [32000/50000 (64%)]	Loss: 0.069927
Train Epoch: 81 [35200/50000 (70%)]	Loss: 0.057621
Train Epoch: 81 [38400/50000 (77%)]	Loss: 0.092460
Train Epoch: 81 [41600/50000 (83%)]	Loss: 0.103221
Train Epoch: 81 [44800/50000 (90%)]	Loss: 0.102265
Train Epoch: 81 [48000/50000 (96%)]	Loss: 0.043907

Test set: Average loss: 0.0004, Accuracy: 8963/10000 (90%)

Train Epoch: 82 [0/50000 (0%)]	Loss: 0.089735
Train Epoch: 82 [3200/50000 (6%)]	Loss: 0.114722
Train Epoch: 82 [6400/50000 (13%)]	Loss: 0.077976
Train Epoch: 82 [9600/50000 (19%)]	Loss: 0.063071
Train Epoch: 82 [12800/50000 (26%)]	Loss: 0.090401
Train Epoch: 82 [16000/50000 (32%)]	Loss: 0.113657
Train Epoch: 82 [19200/50000 (38%)]	Loss: 0.107000
Train Epoch: 82 [22400/50000 (45%)]	Loss: 0.077774
Train Epoch: 82 [25600/50000 (51%)]	Loss: 0.039198
Train Epoch: 82 [28800/50000 (58%)]	Loss: 0.090259
Train Epoch: 82 [32000/50000 (64%)]	Loss: 0.077861
Train Epoch: 82 [35200/50000 (70%)]	Loss: 0.045741
Train Epoch: 82 [38400/50000 (77%)]	Loss: 0.028167
Train Epoch: 82 [41600/50000 (83%)]	Loss: 0.226932
Train Epoch: 82 [44800/50000 (90%)]	Loss: 0.054615
Train Epoch: 82 [48000/50000 (96%)]	Loss: 0.075669

Test set: Average loss: 0.0004, Accuracy: 8980/10000 (90%)

Train Epoch: 83 [0/50000 (0%)]	Loss: 0.067339
Train Epoch: 83 [3200/50000 (6%)]	Loss: 0.091468
Train Epoch: 83 [6400/50000 (13%)]	Loss: 0.077490
Train Epoch: 83 [9600/50000 (19%)]	Loss: 0.083134
Train Epoch: 83 [12800/50000 (26%)]	Loss: 0.036985
Train Epoch: 83 [16000/50000 (32%)]	Loss: 0.036855
Train Epoch: 83 [19200/50000 (38%)]	Loss: 0.128555
Train Epoch: 83 [22400/50000 (45%)]	Loss: 0.018771
Train Epoch: 83 [25600/50000 (51%)]	Loss: 0.048419
Train Epoch: 83 [28800/50000 (58%)]	Loss: 0.045059
Train Epoch: 83 [32000/50000 (64%)]	Loss: 0.060701
Train Epoch: 83 [35200/50000 (70%)]	Loss: 0.122287
Train Epoch: 83 [38400/50000 (77%)]	Loss: 0.117252
Train Epoch: 83 [41600/50000 (83%)]	Loss: 0.025063
Train Epoch: 83 [44800/50000 (90%)]	Loss: 0.087332
Train Epoch: 83 [48000/50000 (96%)]	Loss: 0.132928

Test set: Average loss: 0.0004, Accuracy: 8960/10000 (90%)

Train Epoch: 84 [0/50000 (0%)]	Loss: 0.071111
Train Epoch: 84 [3200/50000 (6%)]	Loss: 0.020636
Train Epoch: 84 [6400/50000 (13%)]	Loss: 0.082276
Train Epoch: 84 [9600/50000 (19%)]	Loss: 0.026398
Train Epoch: 84 [12800/50000 (26%)]	Loss: 0.018156
Train Epoch: 84 [16000/50000 (32%)]	Loss: 0.093493
Train Epoch: 84 [19200/50000 (38%)]	Loss: 0.064139
Train Epoch: 84 [22400/50000 (45%)]	Loss: 0.067873
Train Epoch: 84 [25600/50000 (51%)]	Loss: 0.035051
Train Epoch: 84 [28800/50000 (58%)]	Loss: 0.091374
Train Epoch: 84 [32000/50000 (64%)]	Loss: 0.082564
Train Epoch: 84 [35200/50000 (70%)]	Loss: 0.035850
Train Epoch: 84 [38400/50000 (77%)]	Loss: 0.066283
Train Epoch: 84 [41600/50000 (83%)]	Loss: 0.046977
Train Epoch: 84 [44800/50000 (90%)]	Loss: 0.151243
Train Epoch: 84 [48000/50000 (96%)]	Loss: 0.098227

Test set: Average loss: 0.0004, Accuracy: 8965/10000 (90%)

Train Epoch: 85 [0/50000 (0%)]	Loss: 0.107840
Train Epoch: 85 [3200/50000 (6%)]	Loss: 0.145351
Train Epoch: 85 [6400/50000 (13%)]	Loss: 0.050062
Train Epoch: 85 [9600/50000 (19%)]	Loss: 0.017325
Train Epoch: 85 [12800/50000 (26%)]	Loss: 0.056614
Train Epoch: 85 [16000/50000 (32%)]	Loss: 0.014073
Train Epoch: 85 [19200/50000 (38%)]	Loss: 0.055255
Train Epoch: 85 [22400/50000 (45%)]	Loss: 0.034670
Train Epoch: 85 [25600/50000 (51%)]	Loss: 0.053025
Train Epoch: 85 [28800/50000 (58%)]	Loss: 0.016438
Train Epoch: 85 [32000/50000 (64%)]	Loss: 0.060206
Train Epoch: 85 [35200/50000 (70%)]	Loss: 0.055311
Train Epoch: 85 [38400/50000 (77%)]	Loss: 0.028248
Train Epoch: 85 [41600/50000 (83%)]	Loss: 0.031278
Train Epoch: 85 [44800/50000 (90%)]	Loss: 0.069659
Train Epoch: 85 [48000/50000 (96%)]	Loss: 0.085052

Test set: Average loss: 0.0004, Accuracy: 8972/10000 (90%)

Train Epoch: 86 [0/50000 (0%)]	Loss: 0.044539
Train Epoch: 86 [3200/50000 (6%)]	Loss: 0.013708
Train Epoch: 86 [6400/50000 (13%)]	Loss: 0.055123
Train Epoch: 86 [9600/50000 (19%)]	Loss: 0.136675
Train Epoch: 86 [12800/50000 (26%)]	Loss: 0.015045
Train Epoch: 86 [16000/50000 (32%)]	Loss: 0.036476
Train Epoch: 86 [19200/50000 (38%)]	Loss: 0.022347
Train Epoch: 86 [22400/50000 (45%)]	Loss: 0.204669
Train Epoch: 86 [25600/50000 (51%)]	Loss: 0.031492
Train Epoch: 86 [28800/50000 (58%)]	Loss: 0.009120
Train Epoch: 86 [32000/50000 (64%)]	Loss: 0.059338
Train Epoch: 86 [35200/50000 (70%)]	Loss: 0.020206
Train Epoch: 86 [38400/50000 (77%)]	Loss: 0.035473
Train Epoch: 86 [41600/50000 (83%)]	Loss: 0.085806
Train Epoch: 86 [44800/50000 (90%)]	Loss: 0.026476
Train Epoch: 86 [48000/50000 (96%)]	Loss: 0.102353

Test set: Average loss: 0.0004, Accuracy: 8992/10000 (90%)

Train Epoch: 87 [0/50000 (0%)]	Loss: 0.024156
Train Epoch: 87 [3200/50000 (6%)]	Loss: 0.034617
Train Epoch: 87 [6400/50000 (13%)]	Loss: 0.141593
Train Epoch: 87 [9600/50000 (19%)]	Loss: 0.117286
Train Epoch: 87 [12800/50000 (26%)]	Loss: 0.085070
Train Epoch: 87 [16000/50000 (32%)]	Loss: 0.036121
Train Epoch: 87 [19200/50000 (38%)]	Loss: 0.041247
Train Epoch: 87 [22400/50000 (45%)]	Loss: 0.054183
Train Epoch: 87 [25600/50000 (51%)]	Loss: 0.049053
Train Epoch: 87 [28800/50000 (58%)]	Loss: 0.077237
Train Epoch: 87 [32000/50000 (64%)]	Loss: 0.147280
Train Epoch: 87 [35200/50000 (70%)]	Loss: 0.027503
Train Epoch: 87 [38400/50000 (77%)]	Loss: 0.041221
Train Epoch: 87 [41600/50000 (83%)]	Loss: 0.080545
Train Epoch: 87 [44800/50000 (90%)]	Loss: 0.047772
Train Epoch: 87 [48000/50000 (96%)]	Loss: 0.032988

Test set: Average loss: 0.0004, Accuracy: 8971/10000 (90%)

Train Epoch: 88 [0/50000 (0%)]	Loss: 0.027701
Train Epoch: 88 [3200/50000 (6%)]	Loss: 0.053692
Train Epoch: 88 [6400/50000 (13%)]	Loss: 0.015264
Train Epoch: 88 [9600/50000 (19%)]	Loss: 0.042081
Train Epoch: 88 [12800/50000 (26%)]	Loss: 0.033262
Train Epoch: 88 [16000/50000 (32%)]	Loss: 0.036678
Train Epoch: 88 [19200/50000 (38%)]	Loss: 0.080809
Train Epoch: 88 [22400/50000 (45%)]	Loss: 0.074908
Train Epoch: 88 [25600/50000 (51%)]	Loss: 0.115445
Train Epoch: 88 [28800/50000 (58%)]	Loss: 0.075503
Train Epoch: 88 [32000/50000 (64%)]	Loss: 0.130812
Train Epoch: 88 [35200/50000 (70%)]	Loss: 0.049305
Train Epoch: 88 [38400/50000 (77%)]	Loss: 0.079315
Train Epoch: 88 [41600/50000 (83%)]	Loss: 0.015124
Train Epoch: 88 [44800/50000 (90%)]	Loss: 0.055807
Train Epoch: 88 [48000/50000 (96%)]	Loss: 0.010691

Test set: Average loss: 0.0004, Accuracy: 8959/10000 (90%)

Train Epoch: 89 [0/50000 (0%)]	Loss: 0.077043
Train Epoch: 89 [3200/50000 (6%)]	Loss: 0.052927
Train Epoch: 89 [6400/50000 (13%)]	Loss: 0.034240
Train Epoch: 89 [9600/50000 (19%)]	Loss: 0.092339
Train Epoch: 89 [12800/50000 (26%)]	Loss: 0.063392
Train Epoch: 89 [16000/50000 (32%)]	Loss: 0.070018
Train Epoch: 89 [19200/50000 (38%)]	Loss: 0.052491
Train Epoch: 89 [22400/50000 (45%)]	Loss: 0.045887
Train Epoch: 89 [25600/50000 (51%)]	Loss: 0.025924
Train Epoch: 89 [28800/50000 (58%)]	Loss: 0.102855
Train Epoch: 89 [32000/50000 (64%)]	Loss: 0.096628
Train Epoch: 89 [35200/50000 (70%)]	Loss: 0.051315
Train Epoch: 89 [38400/50000 (77%)]	Loss: 0.007764
Train Epoch: 89 [41600/50000 (83%)]	Loss: 0.055288
Train Epoch: 89 [44800/50000 (90%)]	Loss: 0.046806
Train Epoch: 89 [48000/50000 (96%)]	Loss: 0.051860

Test set: Average loss: 0.0004, Accuracy: 8972/10000 (90%)

Train Epoch: 90 [0/50000 (0%)]	Loss: 0.058630
Train Epoch: 90 [3200/50000 (6%)]	Loss: 0.037454
Train Epoch: 90 [6400/50000 (13%)]	Loss: 0.020194
Train Epoch: 90 [9600/50000 (19%)]	Loss: 0.054706
Train Epoch: 90 [12800/50000 (26%)]	Loss: 0.004562
Train Epoch: 90 [16000/50000 (32%)]	Loss: 0.058738
Train Epoch: 90 [19200/50000 (38%)]	Loss: 0.140553
Train Epoch: 90 [22400/50000 (45%)]	Loss: 0.028040
Train Epoch: 90 [25600/50000 (51%)]	Loss: 0.059767
Train Epoch: 90 [28800/50000 (58%)]	Loss: 0.033191
Train Epoch: 90 [32000/50000 (64%)]	Loss: 0.015208
Train Epoch: 90 [35200/50000 (70%)]	Loss: 0.123912
Train Epoch: 90 [38400/50000 (77%)]	Loss: 0.059911
Train Epoch: 90 [41600/50000 (83%)]	Loss: 0.031112
Train Epoch: 90 [44800/50000 (90%)]	Loss: 0.057022
Train Epoch: 90 [48000/50000 (96%)]	Loss: 0.014995

Test set: Average loss: 0.0004, Accuracy: 8985/10000 (90%)

Train Epoch: 91 [0/50000 (0%)]	Loss: 0.112783
Train Epoch: 91 [3200/50000 (6%)]	Loss: 0.029585
Train Epoch: 91 [6400/50000 (13%)]	Loss: 0.005171
Train Epoch: 91 [9600/50000 (19%)]	Loss: 0.026741
Train Epoch: 91 [12800/50000 (26%)]	Loss: 0.074700
Train Epoch: 91 [16000/50000 (32%)]	Loss: 0.099880
Train Epoch: 91 [19200/50000 (38%)]	Loss: 0.098377
Train Epoch: 91 [22400/50000 (45%)]	Loss: 0.033955
Train Epoch: 91 [25600/50000 (51%)]	Loss: 0.025599
Train Epoch: 91 [28800/50000 (58%)]	Loss: 0.018487
Train Epoch: 91 [32000/50000 (64%)]	Loss: 0.092170
Train Epoch: 91 [35200/50000 (70%)]	Loss: 0.052360
Train Epoch: 91 [38400/50000 (77%)]	Loss: 0.019115
Train Epoch: 91 [41600/50000 (83%)]	Loss: 0.010232
Train Epoch: 91 [44800/50000 (90%)]	Loss: 0.009764
Train Epoch: 91 [48000/50000 (96%)]	Loss: 0.016046

Test set: Average loss: 0.0004, Accuracy: 8993/10000 (90%)

Train Epoch: 92 [0/50000 (0%)]	Loss: 0.037913
Train Epoch: 92 [3200/50000 (6%)]	Loss: 0.050052
Train Epoch: 92 [6400/50000 (13%)]	Loss: 0.051416
Train Epoch: 92 [9600/50000 (19%)]	Loss: 0.070790
Train Epoch: 92 [12800/50000 (26%)]	Loss: 0.036159
Train Epoch: 92 [16000/50000 (32%)]	Loss: 0.069760
Train Epoch: 92 [19200/50000 (38%)]	Loss: 0.111949
Train Epoch: 92 [22400/50000 (45%)]	Loss: 0.053072
Train Epoch: 92 [25600/50000 (51%)]	Loss: 0.049170
Train Epoch: 92 [28800/50000 (58%)]	Loss: 0.028887
Train Epoch: 92 [32000/50000 (64%)]	Loss: 0.015080
Train Epoch: 92 [35200/50000 (70%)]	Loss: 0.137006
Train Epoch: 92 [38400/50000 (77%)]	Loss: 0.055090
Train Epoch: 92 [41600/50000 (83%)]	Loss: 0.013912
Train Epoch: 92 [44800/50000 (90%)]	Loss: 0.062225
Train Epoch: 92 [48000/50000 (96%)]	Loss: 0.117871

Test set: Average loss: 0.0004, Accuracy: 8997/10000 (90%)

Train Epoch: 93 [0/50000 (0%)]	Loss: 0.028259
Train Epoch: 93 [3200/50000 (6%)]	Loss: 0.018792
Train Epoch: 93 [6400/50000 (13%)]	Loss: 0.031168
Train Epoch: 93 [9600/50000 (19%)]	Loss: 0.089005
Train Epoch: 93 [12800/50000 (26%)]	Loss: 0.027036
Train Epoch: 93 [16000/50000 (32%)]	Loss: 0.021452
Train Epoch: 93 [19200/50000 (38%)]	Loss: 0.031543
Train Epoch: 93 [22400/50000 (45%)]	Loss: 0.020106
Train Epoch: 93 [25600/50000 (51%)]	Loss: 0.038887
Train Epoch: 93 [28800/50000 (58%)]	Loss: 0.116437
Train Epoch: 93 [32000/50000 (64%)]	Loss: 0.072343
Train Epoch: 93 [35200/50000 (70%)]	Loss: 0.036220
Train Epoch: 93 [38400/50000 (77%)]	Loss: 0.032595
Train Epoch: 93 [41600/50000 (83%)]	Loss: 0.057131
Train Epoch: 93 [44800/50000 (90%)]	Loss: 0.027550
Train Epoch: 93 [48000/50000 (96%)]	Loss: 0.010619

Test set: Average loss: 0.0004, Accuracy: 8965/10000 (90%)

Train Epoch: 94 [0/50000 (0%)]	Loss: 0.092884
Train Epoch: 94 [3200/50000 (6%)]	Loss: 0.023708
Train Epoch: 94 [6400/50000 (13%)]	Loss: 0.091295
Train Epoch: 94 [9600/50000 (19%)]	Loss: 0.081550
Train Epoch: 94 [12800/50000 (26%)]	Loss: 0.054900
Train Epoch: 94 [16000/50000 (32%)]	Loss: 0.005664
Train Epoch: 94 [19200/50000 (38%)]	Loss: 0.153646
Train Epoch: 94 [22400/50000 (45%)]	Loss: 0.068826
Train Epoch: 94 [25600/50000 (51%)]	Loss: 0.018761
Train Epoch: 94 [28800/50000 (58%)]	Loss: 0.059631
Train Epoch: 94 [32000/50000 (64%)]	Loss: 0.007143
Train Epoch: 94 [35200/50000 (70%)]	Loss: 0.054023
Train Epoch: 94 [38400/50000 (77%)]	Loss: 0.028222
Train Epoch: 94 [41600/50000 (83%)]	Loss: 0.045470
Train Epoch: 94 [44800/50000 (90%)]	Loss: 0.115495
Train Epoch: 94 [48000/50000 (96%)]	Loss: 0.037607

Test set: Average loss: 0.0004, Accuracy: 8971/10000 (90%)

Train Epoch: 95 [0/50000 (0%)]	Loss: 0.049236
Train Epoch: 95 [3200/50000 (6%)]	Loss: 0.014804
Train Epoch: 95 [6400/50000 (13%)]	Loss: 0.030775
Train Epoch: 95 [9600/50000 (19%)]	Loss: 0.022700
Train Epoch: 95 [12800/50000 (26%)]	Loss: 0.062792
Train Epoch: 95 [16000/50000 (32%)]	Loss: 0.044469
Train Epoch: 95 [19200/50000 (38%)]	Loss: 0.014709
Train Epoch: 95 [22400/50000 (45%)]	Loss: 0.034975
Train Epoch: 95 [25600/50000 (51%)]	Loss: 0.033970
Train Epoch: 95 [28800/50000 (58%)]	Loss: 0.052138
Train Epoch: 95 [32000/50000 (64%)]	Loss: 0.040091
Train Epoch: 95 [35200/50000 (70%)]	Loss: 0.072330
Train Epoch: 95 [38400/50000 (77%)]	Loss: 0.083318
Train Epoch: 95 [41600/50000 (83%)]	Loss: 0.003985
Train Epoch: 95 [44800/50000 (90%)]	Loss: 0.033019
Train Epoch: 95 [48000/50000 (96%)]	Loss: 0.014381

Test set: Average loss: 0.0004, Accuracy: 8991/10000 (90%)

Train Epoch: 96 [0/50000 (0%)]	Loss: 0.068656
Train Epoch: 96 [3200/50000 (6%)]	Loss: 0.013389
Train Epoch: 96 [6400/50000 (13%)]	Loss: 0.011716
Train Epoch: 96 [9600/50000 (19%)]	Loss: 0.105656
Train Epoch: 96 [12800/50000 (26%)]	Loss: 0.070118
Train Epoch: 96 [16000/50000 (32%)]	Loss: 0.029541
Train Epoch: 96 [19200/50000 (38%)]	Loss: 0.010367
Train Epoch: 96 [22400/50000 (45%)]	Loss: 0.082282
Train Epoch: 96 [25600/50000 (51%)]	Loss: 0.071500
Train Epoch: 96 [28800/50000 (58%)]	Loss: 0.026978
Train Epoch: 96 [32000/50000 (64%)]	Loss: 0.067128
Train Epoch: 96 [35200/50000 (70%)]	Loss: 0.016816
Train Epoch: 96 [38400/50000 (77%)]	Loss: 0.019844
Train Epoch: 96 [41600/50000 (83%)]	Loss: 0.021245
Train Epoch: 96 [44800/50000 (90%)]	Loss: 0.087467
Train Epoch: 96 [48000/50000 (96%)]	Loss: 0.019221

Test set: Average loss: 0.0004, Accuracy: 8979/10000 (90%)

Train Epoch: 97 [0/50000 (0%)]	Loss: 0.030914
Train Epoch: 97 [3200/50000 (6%)]	Loss: 0.040966
Train Epoch: 97 [6400/50000 (13%)]	Loss: 0.017129
Train Epoch: 97 [9600/50000 (19%)]	Loss: 0.008593
Train Epoch: 97 [12800/50000 (26%)]	Loss: 0.065618
Train Epoch: 97 [16000/50000 (32%)]	Loss: 0.009889
Train Epoch: 97 [19200/50000 (38%)]	Loss: 0.077122
Train Epoch: 97 [22400/50000 (45%)]	Loss: 0.061564
Train Epoch: 97 [25600/50000 (51%)]	Loss: 0.068382
Train Epoch: 97 [28800/50000 (58%)]	Loss: 0.053426
Train Epoch: 97 [32000/50000 (64%)]	Loss: 0.012131
Train Epoch: 97 [35200/50000 (70%)]	Loss: 0.010885
Train Epoch: 97 [38400/50000 (77%)]	Loss: 0.058022
Train Epoch: 97 [41600/50000 (83%)]	Loss: 0.037892
Train Epoch: 97 [44800/50000 (90%)]	Loss: 0.065595
Train Epoch: 97 [48000/50000 (96%)]	Loss: 0.085280

Test set: Average loss: 0.0004, Accuracy: 9006/10000 (90%)

Train Epoch: 98 [0/50000 (0%)]	Loss: 0.149483
Train Epoch: 98 [3200/50000 (6%)]	Loss: 0.116180
Train Epoch: 98 [6400/50000 (13%)]	Loss: 0.020477
Train Epoch: 98 [9600/50000 (19%)]	Loss: 0.074103
Train Epoch: 98 [12800/50000 (26%)]	Loss: 0.088192
Train Epoch: 98 [16000/50000 (32%)]	Loss: 0.052723
Train Epoch: 98 [19200/50000 (38%)]	Loss: 0.019120
Train Epoch: 98 [22400/50000 (45%)]	Loss: 0.023934
Train Epoch: 98 [25600/50000 (51%)]	Loss: 0.060727
Train Epoch: 98 [28800/50000 (58%)]	Loss: 0.029424
Train Epoch: 98 [32000/50000 (64%)]	Loss: 0.022975
Train Epoch: 98 [35200/50000 (70%)]	Loss: 0.021640
Train Epoch: 98 [38400/50000 (77%)]	Loss: 0.012801
Train Epoch: 98 [41600/50000 (83%)]	Loss: 0.008776
Train Epoch: 98 [44800/50000 (90%)]	Loss: 0.088238
Train Epoch: 98 [48000/50000 (96%)]	Loss: 0.013683

Test set: Average loss: 0.0004, Accuracy: 8990/10000 (90%)

Train Epoch: 99 [0/50000 (0%)]	Loss: 0.041987
Train Epoch: 99 [3200/50000 (6%)]	Loss: 0.056137
Train Epoch: 99 [6400/50000 (13%)]	Loss: 0.063569
Train Epoch: 99 [9600/50000 (19%)]	Loss: 0.014491
Train Epoch: 99 [12800/50000 (26%)]	Loss: 0.022961
Train Epoch: 99 [16000/50000 (32%)]	Loss: 0.023888
Train Epoch: 99 [19200/50000 (38%)]	Loss: 0.061840
Train Epoch: 99 [22400/50000 (45%)]	Loss: 0.057314
Train Epoch: 99 [25600/50000 (51%)]	Loss: 0.055906
Train Epoch: 99 [28800/50000 (58%)]	Loss: 0.146531
Train Epoch: 99 [32000/50000 (64%)]	Loss: 0.031150
Train Epoch: 99 [35200/50000 (70%)]	Loss: 0.069559
Train Epoch: 99 [38400/50000 (77%)]	Loss: 0.021330
Train Epoch: 99 [41600/50000 (83%)]	Loss: 0.104820
Train Epoch: 99 [44800/50000 (90%)]	Loss: 0.024629
Train Epoch: 99 [48000/50000 (96%)]	Loss: 0.032836

Test set: Average loss: 0.0004, Accuracy: 8997/10000 (90%)

Train Epoch: 100 [0/50000 (0%)]	Loss: 0.119593
Train Epoch: 100 [3200/50000 (6%)]	Loss: 0.054567
Train Epoch: 100 [6400/50000 (13%)]	Loss: 0.069096
Train Epoch: 100 [9600/50000 (19%)]	Loss: 0.063360
Train Epoch: 100 [12800/50000 (26%)]	Loss: 0.103224
Train Epoch: 100 [16000/50000 (32%)]	Loss: 0.061321
Train Epoch: 100 [19200/50000 (38%)]	Loss: 0.009188
Train Epoch: 100 [22400/50000 (45%)]	Loss: 0.004703
Train Epoch: 100 [25600/50000 (51%)]	Loss: 0.016373
Train Epoch: 100 [28800/50000 (58%)]	Loss: 0.084686
Train Epoch: 100 [32000/50000 (64%)]	Loss: 0.012653
Train Epoch: 100 [35200/50000 (70%)]	Loss: 0.039508
Train Epoch: 100 [38400/50000 (77%)]	Loss: 0.026424
Train Epoch: 100 [41600/50000 (83%)]	Loss: 0.024984
Train Epoch: 100 [44800/50000 (90%)]	Loss: 0.035120
Train Epoch: 100 [48000/50000 (96%)]	Loss: 0.014114

Test set: Average loss: 0.0004, Accuracy: 9000/10000 (90%)

