Files already downloaded and verified
Files already downloaded and verified
Total parameters: 3172820
Train Epoch: 1 [0/50000 (0%)]	Loss: 2.367878
Train Epoch: 1 [3200/50000 (6%)]	Loss: 2.089998
Train Epoch: 1 [6400/50000 (13%)]	Loss: 1.975116
Train Epoch: 1 [9600/50000 (19%)]	Loss: 2.098967
Train Epoch: 1 [12800/50000 (26%)]	Loss: 1.686323
Train Epoch: 1 [16000/50000 (32%)]	Loss: 1.664872
Train Epoch: 1 [19200/50000 (38%)]	Loss: 1.705137
Train Epoch: 1 [22400/50000 (45%)]	Loss: 1.726857
Train Epoch: 1 [25600/50000 (51%)]	Loss: 1.417153
Train Epoch: 1 [28800/50000 (58%)]	Loss: 1.696759
Train Epoch: 1 [32000/50000 (64%)]	Loss: 1.774064
Train Epoch: 1 [35200/50000 (70%)]	Loss: 1.700403
Train Epoch: 1 [38400/50000 (77%)]	Loss: 1.699053
Train Epoch: 1 [41600/50000 (83%)]	Loss: 1.539934
Train Epoch: 1 [44800/50000 (90%)]	Loss: 1.848884
Train Epoch: 1 [48000/50000 (96%)]	Loss: 1.694551

Test set: Average loss: 0.0015, Accuracy: 4419/10000 (44%)

Train Epoch: 2 [0/50000 (0%)]	Loss: 1.546470
Train Epoch: 2 [3200/50000 (6%)]	Loss: 1.633272
Train Epoch: 2 [6400/50000 (13%)]	Loss: 1.681261
Train Epoch: 2 [9600/50000 (19%)]	Loss: 1.629987
Train Epoch: 2 [12800/50000 (26%)]	Loss: 1.430187
Train Epoch: 2 [16000/50000 (32%)]	Loss: 1.383940
Train Epoch: 2 [19200/50000 (38%)]	Loss: 1.591043
Train Epoch: 2 [22400/50000 (45%)]	Loss: 1.656627
Train Epoch: 2 [25600/50000 (51%)]	Loss: 1.500536
Train Epoch: 2 [28800/50000 (58%)]	Loss: 1.617618
Train Epoch: 2 [32000/50000 (64%)]	Loss: 1.480475
Train Epoch: 2 [35200/50000 (70%)]	Loss: 1.466554
Train Epoch: 2 [38400/50000 (77%)]	Loss: 1.352717
Train Epoch: 2 [41600/50000 (83%)]	Loss: 1.513916
Train Epoch: 2 [44800/50000 (90%)]	Loss: 1.287784
Train Epoch: 2 [48000/50000 (96%)]	Loss: 1.393033

Test set: Average loss: 0.0014, Accuracy: 4951/10000 (50%)

Train Epoch: 3 [0/50000 (0%)]	Loss: 1.375031
Train Epoch: 3 [3200/50000 (6%)]	Loss: 1.427453
Train Epoch: 3 [6400/50000 (13%)]	Loss: 1.381829
Train Epoch: 3 [9600/50000 (19%)]	Loss: 1.246027
Train Epoch: 3 [12800/50000 (26%)]	Loss: 1.235918
Train Epoch: 3 [16000/50000 (32%)]	Loss: 1.325685
Train Epoch: 3 [19200/50000 (38%)]	Loss: 1.342075
Train Epoch: 3 [22400/50000 (45%)]	Loss: 1.241917
Train Epoch: 3 [25600/50000 (51%)]	Loss: 1.383681
Train Epoch: 3 [28800/50000 (58%)]	Loss: 1.139850
Train Epoch: 3 [32000/50000 (64%)]	Loss: 1.417387
Train Epoch: 3 [35200/50000 (70%)]	Loss: 1.507147
Train Epoch: 3 [38400/50000 (77%)]	Loss: 1.325874
Train Epoch: 3 [41600/50000 (83%)]	Loss: 1.415534
Train Epoch: 3 [44800/50000 (90%)]	Loss: 1.303400
Train Epoch: 3 [48000/50000 (96%)]	Loss: 1.353092

Test set: Average loss: 0.0012, Accuracy: 5603/10000 (56%)

Train Epoch: 4 [0/50000 (0%)]	Loss: 1.281369
Train Epoch: 4 [3200/50000 (6%)]	Loss: 1.186750
Train Epoch: 4 [6400/50000 (13%)]	Loss: 1.073444
Train Epoch: 4 [9600/50000 (19%)]	Loss: 1.289620
Train Epoch: 4 [12800/50000 (26%)]	Loss: 1.338575
Train Epoch: 4 [16000/50000 (32%)]	Loss: 1.140515
Train Epoch: 4 [19200/50000 (38%)]	Loss: 1.391575
Train Epoch: 4 [22400/50000 (45%)]	Loss: 0.989990
Train Epoch: 4 [25600/50000 (51%)]	Loss: 1.038953
Train Epoch: 4 [28800/50000 (58%)]	Loss: 1.167577
Train Epoch: 4 [32000/50000 (64%)]	Loss: 1.031349
Train Epoch: 4 [35200/50000 (70%)]	Loss: 1.267456
Train Epoch: 4 [38400/50000 (77%)]	Loss: 1.125354
Train Epoch: 4 [41600/50000 (83%)]	Loss: 1.279972
Train Epoch: 4 [44800/50000 (90%)]	Loss: 0.837560
Train Epoch: 4 [48000/50000 (96%)]	Loss: 1.391650

Test set: Average loss: 0.0011, Accuracy: 6027/10000 (60%)

Train Epoch: 5 [0/50000 (0%)]	Loss: 1.306219
Train Epoch: 5 [3200/50000 (6%)]	Loss: 1.166557
Train Epoch: 5 [6400/50000 (13%)]	Loss: 1.246154
Train Epoch: 5 [9600/50000 (19%)]	Loss: 1.100730
Train Epoch: 5 [12800/50000 (26%)]	Loss: 1.201031
Train Epoch: 5 [16000/50000 (32%)]	Loss: 1.159246
Train Epoch: 5 [19200/50000 (38%)]	Loss: 1.144359
Train Epoch: 5 [22400/50000 (45%)]	Loss: 1.312830
Train Epoch: 5 [25600/50000 (51%)]	Loss: 1.018606
Train Epoch: 5 [28800/50000 (58%)]	Loss: 0.919819
Train Epoch: 5 [32000/50000 (64%)]	Loss: 1.049149
Train Epoch: 5 [35200/50000 (70%)]	Loss: 1.112340
Train Epoch: 5 [38400/50000 (77%)]	Loss: 1.240163
Train Epoch: 5 [41600/50000 (83%)]	Loss: 0.939192
Train Epoch: 5 [44800/50000 (90%)]	Loss: 1.144091
Train Epoch: 5 [48000/50000 (96%)]	Loss: 1.217987

Test set: Average loss: 0.0011, Accuracy: 6073/10000 (61%)

Train Epoch: 6 [0/50000 (0%)]	Loss: 0.960977
Train Epoch: 6 [3200/50000 (6%)]	Loss: 1.025762
Train Epoch: 6 [6400/50000 (13%)]	Loss: 1.050262
Train Epoch: 6 [9600/50000 (19%)]	Loss: 1.055959
Train Epoch: 6 [12800/50000 (26%)]	Loss: 0.968613
Train Epoch: 6 [16000/50000 (32%)]	Loss: 1.195402
Train Epoch: 6 [19200/50000 (38%)]	Loss: 1.434686
Train Epoch: 6 [22400/50000 (45%)]	Loss: 0.947460
Train Epoch: 6 [25600/50000 (51%)]	Loss: 1.062963
Train Epoch: 6 [28800/50000 (58%)]	Loss: 0.886771
Train Epoch: 6 [32000/50000 (64%)]	Loss: 1.088437
Train Epoch: 6 [35200/50000 (70%)]	Loss: 0.888383
Train Epoch: 6 [38400/50000 (77%)]	Loss: 0.985520
Train Epoch: 6 [41600/50000 (83%)]	Loss: 0.863130
Train Epoch: 6 [44800/50000 (90%)]	Loss: 0.944002
Train Epoch: 6 [48000/50000 (96%)]	Loss: 1.098886

Test set: Average loss: 0.0009, Accuracy: 6674/10000 (67%)

Train Epoch: 7 [0/50000 (0%)]	Loss: 0.987350
Train Epoch: 7 [3200/50000 (6%)]	Loss: 0.906067
Train Epoch: 7 [6400/50000 (13%)]	Loss: 1.220605
Train Epoch: 7 [9600/50000 (19%)]	Loss: 1.063153
Train Epoch: 7 [12800/50000 (26%)]	Loss: 0.970847
Train Epoch: 7 [16000/50000 (32%)]	Loss: 0.875924
Train Epoch: 7 [19200/50000 (38%)]	Loss: 1.201820
Train Epoch: 7 [22400/50000 (45%)]	Loss: 1.141915
Train Epoch: 7 [25600/50000 (51%)]	Loss: 1.215343
Train Epoch: 7 [28800/50000 (58%)]	Loss: 0.830876
Train Epoch: 7 [32000/50000 (64%)]	Loss: 1.174594
Train Epoch: 7 [35200/50000 (70%)]	Loss: 0.987128
Train Epoch: 7 [38400/50000 (77%)]	Loss: 0.773055
Train Epoch: 7 [41600/50000 (83%)]	Loss: 0.863563
Train Epoch: 7 [44800/50000 (90%)]	Loss: 0.909083
Train Epoch: 7 [48000/50000 (96%)]	Loss: 0.973758

Test set: Average loss: 0.0009, Accuracy: 6747/10000 (67%)

Train Epoch: 8 [0/50000 (0%)]	Loss: 0.872112
Train Epoch: 8 [3200/50000 (6%)]	Loss: 1.114679
Train Epoch: 8 [6400/50000 (13%)]	Loss: 1.042318
Train Epoch: 8 [9600/50000 (19%)]	Loss: 0.745448
Train Epoch: 8 [12800/50000 (26%)]	Loss: 1.182233
Train Epoch: 8 [16000/50000 (32%)]	Loss: 1.062737
Train Epoch: 8 [19200/50000 (38%)]	Loss: 1.300038
Train Epoch: 8 [22400/50000 (45%)]	Loss: 0.970588
Train Epoch: 8 [25600/50000 (51%)]	Loss: 0.827806
Train Epoch: 8 [28800/50000 (58%)]	Loss: 0.826255
Train Epoch: 8 [32000/50000 (64%)]	Loss: 0.856066
Train Epoch: 8 [35200/50000 (70%)]	Loss: 0.881578
Train Epoch: 8 [38400/50000 (77%)]	Loss: 1.019915
Train Epoch: 8 [41600/50000 (83%)]	Loss: 0.767544
Train Epoch: 8 [44800/50000 (90%)]	Loss: 0.927777
Train Epoch: 8 [48000/50000 (96%)]	Loss: 0.987681

Test set: Average loss: 0.0008, Accuracy: 7108/10000 (71%)

Train Epoch: 9 [0/50000 (0%)]	Loss: 0.990941
Train Epoch: 9 [3200/50000 (6%)]	Loss: 0.996856
Train Epoch: 9 [6400/50000 (13%)]	Loss: 0.925710
Train Epoch: 9 [9600/50000 (19%)]	Loss: 0.803822
Train Epoch: 9 [12800/50000 (26%)]	Loss: 0.828408
Train Epoch: 9 [16000/50000 (32%)]	Loss: 0.864044
Train Epoch: 9 [19200/50000 (38%)]	Loss: 0.780044
Train Epoch: 9 [22400/50000 (45%)]	Loss: 1.179611
Train Epoch: 9 [25600/50000 (51%)]	Loss: 0.822511
Train Epoch: 9 [28800/50000 (58%)]	Loss: 0.902929
Train Epoch: 9 [32000/50000 (64%)]	Loss: 1.063228
Train Epoch: 9 [35200/50000 (70%)]	Loss: 1.187575
Train Epoch: 9 [38400/50000 (77%)]	Loss: 0.923912
Train Epoch: 9 [41600/50000 (83%)]	Loss: 0.839212
Train Epoch: 9 [44800/50000 (90%)]	Loss: 0.807537
Train Epoch: 9 [48000/50000 (96%)]	Loss: 0.778619

Test set: Average loss: 0.0008, Accuracy: 7096/10000 (71%)

Train Epoch: 10 [0/50000 (0%)]	Loss: 0.678003
Train Epoch: 10 [3200/50000 (6%)]	Loss: 0.917469
Train Epoch: 10 [6400/50000 (13%)]	Loss: 0.868936
Train Epoch: 10 [9600/50000 (19%)]	Loss: 0.998490
Train Epoch: 10 [12800/50000 (26%)]	Loss: 1.070068
Train Epoch: 10 [16000/50000 (32%)]	Loss: 0.758644
Train Epoch: 10 [19200/50000 (38%)]	Loss: 0.875314
Train Epoch: 10 [22400/50000 (45%)]	Loss: 1.061571
Train Epoch: 10 [25600/50000 (51%)]	Loss: 0.943415
Train Epoch: 10 [28800/50000 (58%)]	Loss: 0.673201
Train Epoch: 10 [32000/50000 (64%)]	Loss: 0.772278
Train Epoch: 10 [35200/50000 (70%)]	Loss: 0.662573
Train Epoch: 10 [38400/50000 (77%)]	Loss: 0.642876
Train Epoch: 10 [41600/50000 (83%)]	Loss: 0.792415
Train Epoch: 10 [44800/50000 (90%)]	Loss: 0.729946
Train Epoch: 10 [48000/50000 (96%)]	Loss: 0.754575

Test set: Average loss: 0.0009, Accuracy: 6954/10000 (70%)

Train Epoch: 11 [0/50000 (0%)]	Loss: 0.776279
Train Epoch: 11 [3200/50000 (6%)]	Loss: 0.674691
Train Epoch: 11 [6400/50000 (13%)]	Loss: 0.810951
Train Epoch: 11 [9600/50000 (19%)]	Loss: 0.752063
Train Epoch: 11 [12800/50000 (26%)]	Loss: 0.847810
Train Epoch: 11 [16000/50000 (32%)]	Loss: 0.992545
Train Epoch: 11 [19200/50000 (38%)]	Loss: 0.987312
Train Epoch: 11 [22400/50000 (45%)]	Loss: 1.097359
Train Epoch: 11 [25600/50000 (51%)]	Loss: 0.777492
Train Epoch: 11 [28800/50000 (58%)]	Loss: 0.865761
Train Epoch: 11 [32000/50000 (64%)]	Loss: 0.722000
Train Epoch: 11 [35200/50000 (70%)]	Loss: 0.847163
Train Epoch: 11 [38400/50000 (77%)]	Loss: 0.739210
Train Epoch: 11 [41600/50000 (83%)]	Loss: 0.695377
Train Epoch: 11 [44800/50000 (90%)]	Loss: 0.576786
Train Epoch: 11 [48000/50000 (96%)]	Loss: 0.950966

Test set: Average loss: 0.0008, Accuracy: 7274/10000 (73%)

Train Epoch: 12 [0/50000 (0%)]	Loss: 0.797173
Train Epoch: 12 [3200/50000 (6%)]	Loss: 0.796172
Train Epoch: 12 [6400/50000 (13%)]	Loss: 1.172384
Train Epoch: 12 [9600/50000 (19%)]	Loss: 0.867294
Train Epoch: 12 [12800/50000 (26%)]	Loss: 0.974162
Train Epoch: 12 [16000/50000 (32%)]	Loss: 0.915055
Train Epoch: 12 [19200/50000 (38%)]	Loss: 0.900199
Train Epoch: 12 [22400/50000 (45%)]	Loss: 0.681543
Train Epoch: 12 [25600/50000 (51%)]	Loss: 0.821699
Train Epoch: 12 [28800/50000 (58%)]	Loss: 0.719122
Train Epoch: 12 [32000/50000 (64%)]	Loss: 0.740873
Train Epoch: 12 [35200/50000 (70%)]	Loss: 0.915131
Train Epoch: 12 [38400/50000 (77%)]	Loss: 0.993945
Train Epoch: 12 [41600/50000 (83%)]	Loss: 0.990867
Train Epoch: 12 [44800/50000 (90%)]	Loss: 0.669646
Train Epoch: 12 [48000/50000 (96%)]	Loss: 0.797593

Test set: Average loss: 0.0007, Accuracy: 7445/10000 (74%)

Train Epoch: 13 [0/50000 (0%)]	Loss: 0.739881
Train Epoch: 13 [3200/50000 (6%)]	Loss: 0.818202
Train Epoch: 13 [6400/50000 (13%)]	Loss: 0.548543
Train Epoch: 13 [9600/50000 (19%)]	Loss: 0.662576
Train Epoch: 13 [12800/50000 (26%)]	Loss: 0.900245
Train Epoch: 13 [16000/50000 (32%)]	Loss: 0.578556
Train Epoch: 13 [19200/50000 (38%)]	Loss: 0.739652
Train Epoch: 13 [22400/50000 (45%)]	Loss: 0.704126
Train Epoch: 13 [25600/50000 (51%)]	Loss: 0.802412
Train Epoch: 13 [28800/50000 (58%)]	Loss: 0.591939
Train Epoch: 13 [32000/50000 (64%)]	Loss: 0.530380
Train Epoch: 13 [35200/50000 (70%)]	Loss: 0.489490
Train Epoch: 13 [38400/50000 (77%)]	Loss: 0.663028
Train Epoch: 13 [41600/50000 (83%)]	Loss: 0.569302
Train Epoch: 13 [44800/50000 (90%)]	Loss: 0.933087
Train Epoch: 13 [48000/50000 (96%)]	Loss: 0.936292

Test set: Average loss: 0.0007, Accuracy: 7479/10000 (75%)

Train Epoch: 14 [0/50000 (0%)]	Loss: 0.832143
Train Epoch: 14 [3200/50000 (6%)]	Loss: 0.725467
Train Epoch: 14 [6400/50000 (13%)]	Loss: 0.862284
Train Epoch: 14 [9600/50000 (19%)]	Loss: 0.813152
Train Epoch: 14 [12800/50000 (26%)]	Loss: 0.824517
Train Epoch: 14 [16000/50000 (32%)]	Loss: 0.939312
Train Epoch: 14 [19200/50000 (38%)]	Loss: 0.781451
Train Epoch: 14 [22400/50000 (45%)]	Loss: 0.396214
Train Epoch: 14 [25600/50000 (51%)]	Loss: 0.680976
Train Epoch: 14 [28800/50000 (58%)]	Loss: 0.854856
Train Epoch: 14 [32000/50000 (64%)]	Loss: 0.733916
Train Epoch: 14 [35200/50000 (70%)]	Loss: 0.578735
Train Epoch: 14 [38400/50000 (77%)]	Loss: 0.892703
Train Epoch: 14 [41600/50000 (83%)]	Loss: 0.571068
Train Epoch: 14 [44800/50000 (90%)]	Loss: 0.719294
Train Epoch: 14 [48000/50000 (96%)]	Loss: 0.567333

Test set: Average loss: 0.0007, Accuracy: 7484/10000 (75%)

Train Epoch: 15 [0/50000 (0%)]	Loss: 0.623888
Train Epoch: 15 [3200/50000 (6%)]	Loss: 0.660722
Train Epoch: 15 [6400/50000 (13%)]	Loss: 0.646680
Train Epoch: 15 [9600/50000 (19%)]	Loss: 0.690866
Train Epoch: 15 [12800/50000 (26%)]	Loss: 0.786083
Train Epoch: 15 [16000/50000 (32%)]	Loss: 0.659438
Train Epoch: 15 [19200/50000 (38%)]	Loss: 0.518641
Train Epoch: 15 [22400/50000 (45%)]	Loss: 0.544975
Train Epoch: 15 [25600/50000 (51%)]	Loss: 0.806379
Train Epoch: 15 [28800/50000 (58%)]	Loss: 0.903644
Train Epoch: 15 [32000/50000 (64%)]	Loss: 0.763894
Train Epoch: 15 [35200/50000 (70%)]	Loss: 0.574048
Train Epoch: 15 [38400/50000 (77%)]	Loss: 0.638084
Train Epoch: 15 [41600/50000 (83%)]	Loss: 0.673434
Train Epoch: 15 [44800/50000 (90%)]	Loss: 0.791495
Train Epoch: 15 [48000/50000 (96%)]	Loss: 0.622750

Test set: Average loss: 0.0007, Accuracy: 7428/10000 (74%)

Train Epoch: 16 [0/50000 (0%)]	Loss: 0.693016
Train Epoch: 16 [3200/50000 (6%)]	Loss: 0.681010
Train Epoch: 16 [6400/50000 (13%)]	Loss: 0.492868
Train Epoch: 16 [9600/50000 (19%)]	Loss: 0.920664
Train Epoch: 16 [12800/50000 (26%)]	Loss: 0.797039
Train Epoch: 16 [16000/50000 (32%)]	Loss: 0.649396
Train Epoch: 16 [19200/50000 (38%)]	Loss: 0.665298
Train Epoch: 16 [22400/50000 (45%)]	Loss: 0.922233
Train Epoch: 16 [25600/50000 (51%)]	Loss: 0.922027
Train Epoch: 16 [28800/50000 (58%)]	Loss: 0.662288
Train Epoch: 16 [32000/50000 (64%)]	Loss: 0.828389
Train Epoch: 16 [35200/50000 (70%)]	Loss: 0.625486
Train Epoch: 16 [38400/50000 (77%)]	Loss: 0.666157
Train Epoch: 16 [41600/50000 (83%)]	Loss: 0.607171
Train Epoch: 16 [44800/50000 (90%)]	Loss: 0.799453
Train Epoch: 16 [48000/50000 (96%)]	Loss: 0.888833

Test set: Average loss: 0.0007, Accuracy: 7723/10000 (77%)

Train Epoch: 17 [0/50000 (0%)]	Loss: 0.938868
Train Epoch: 17 [3200/50000 (6%)]	Loss: 0.669295
Train Epoch: 17 [6400/50000 (13%)]	Loss: 0.571920
Train Epoch: 17 [9600/50000 (19%)]	Loss: 0.773280
Train Epoch: 17 [12800/50000 (26%)]	Loss: 0.560591
Train Epoch: 17 [16000/50000 (32%)]	Loss: 0.486897
Train Epoch: 17 [19200/50000 (38%)]	Loss: 0.886407
Train Epoch: 17 [22400/50000 (45%)]	Loss: 0.609623
Train Epoch: 17 [25600/50000 (51%)]	Loss: 0.704411
Train Epoch: 17 [28800/50000 (58%)]	Loss: 0.787830
Train Epoch: 17 [32000/50000 (64%)]	Loss: 0.462461
Train Epoch: 17 [35200/50000 (70%)]	Loss: 0.459367
Train Epoch: 17 [38400/50000 (77%)]	Loss: 1.055292
Train Epoch: 17 [41600/50000 (83%)]	Loss: 0.622890
Train Epoch: 17 [44800/50000 (90%)]	Loss: 0.547118
Train Epoch: 17 [48000/50000 (96%)]	Loss: 0.728694

Test set: Average loss: 0.0006, Accuracy: 7762/10000 (78%)

Train Epoch: 18 [0/50000 (0%)]	Loss: 0.580597
Train Epoch: 18 [3200/50000 (6%)]	Loss: 0.570723
Train Epoch: 18 [6400/50000 (13%)]	Loss: 0.581375
Train Epoch: 18 [9600/50000 (19%)]	Loss: 0.582242
Train Epoch: 18 [12800/50000 (26%)]	Loss: 1.027420
Train Epoch: 18 [16000/50000 (32%)]	Loss: 0.556551
Train Epoch: 18 [19200/50000 (38%)]	Loss: 0.596765
Train Epoch: 18 [22400/50000 (45%)]	Loss: 0.509571
Train Epoch: 18 [25600/50000 (51%)]	Loss: 0.732602
Train Epoch: 18 [28800/50000 (58%)]	Loss: 0.498427
Train Epoch: 18 [32000/50000 (64%)]	Loss: 0.504328
Train Epoch: 18 [35200/50000 (70%)]	Loss: 0.926436
Train Epoch: 18 [38400/50000 (77%)]	Loss: 0.896815
Train Epoch: 18 [41600/50000 (83%)]	Loss: 0.633433
Train Epoch: 18 [44800/50000 (90%)]	Loss: 0.464001
Train Epoch: 18 [48000/50000 (96%)]	Loss: 0.645809

Test set: Average loss: 0.0006, Accuracy: 7757/10000 (78%)

Train Epoch: 19 [0/50000 (0%)]	Loss: 0.565016
Train Epoch: 19 [3200/50000 (6%)]	Loss: 0.602420
Train Epoch: 19 [6400/50000 (13%)]	Loss: 0.531357
Train Epoch: 19 [9600/50000 (19%)]	Loss: 0.529219
Train Epoch: 19 [12800/50000 (26%)]	Loss: 0.546052
Train Epoch: 19 [16000/50000 (32%)]	Loss: 0.532484
Train Epoch: 19 [19200/50000 (38%)]	Loss: 0.794203
Train Epoch: 19 [22400/50000 (45%)]	Loss: 0.814320
Train Epoch: 19 [25600/50000 (51%)]	Loss: 0.753726
Train Epoch: 19 [28800/50000 (58%)]	Loss: 0.718102
Train Epoch: 19 [32000/50000 (64%)]	Loss: 0.749032
Train Epoch: 19 [35200/50000 (70%)]	Loss: 0.738610
Train Epoch: 19 [38400/50000 (77%)]	Loss: 0.890237
Train Epoch: 19 [41600/50000 (83%)]	Loss: 0.478161
Train Epoch: 19 [44800/50000 (90%)]	Loss: 0.684617
Train Epoch: 19 [48000/50000 (96%)]	Loss: 0.451035

Test set: Average loss: 0.0006, Accuracy: 7745/10000 (77%)

Train Epoch: 20 [0/50000 (0%)]	Loss: 0.800158
Train Epoch: 20 [3200/50000 (6%)]	Loss: 0.454278
Train Epoch: 20 [6400/50000 (13%)]	Loss: 0.653687
Train Epoch: 20 [9600/50000 (19%)]	Loss: 0.655248
Train Epoch: 20 [12800/50000 (26%)]	Loss: 0.540691
Train Epoch: 20 [16000/50000 (32%)]	Loss: 0.617289
Train Epoch: 20 [19200/50000 (38%)]	Loss: 0.656227
Train Epoch: 20 [22400/50000 (45%)]	Loss: 0.632279
Train Epoch: 20 [25600/50000 (51%)]	Loss: 0.572973
Train Epoch: 20 [28800/50000 (58%)]	Loss: 0.864262
Train Epoch: 20 [32000/50000 (64%)]	Loss: 0.779003
Train Epoch: 20 [35200/50000 (70%)]	Loss: 0.660877
Train Epoch: 20 [38400/50000 (77%)]	Loss: 0.616058
Train Epoch: 20 [41600/50000 (83%)]	Loss: 0.591661
Train Epoch: 20 [44800/50000 (90%)]	Loss: 0.696073
Train Epoch: 20 [48000/50000 (96%)]	Loss: 0.428175

Test set: Average loss: 0.0006, Accuracy: 7937/10000 (79%)

Train Epoch: 21 [0/50000 (0%)]	Loss: 0.698825
Train Epoch: 21 [3200/50000 (6%)]	Loss: 0.470188
Train Epoch: 21 [6400/50000 (13%)]	Loss: 0.571841
Train Epoch: 21 [9600/50000 (19%)]	Loss: 0.712822
Train Epoch: 21 [12800/50000 (26%)]	Loss: 0.472276
Train Epoch: 21 [16000/50000 (32%)]	Loss: 0.626790
Train Epoch: 21 [19200/50000 (38%)]	Loss: 0.593658
Train Epoch: 21 [22400/50000 (45%)]	Loss: 0.639134
Train Epoch: 21 [25600/50000 (51%)]	Loss: 1.057971
Train Epoch: 21 [28800/50000 (58%)]	Loss: 0.556300
Train Epoch: 21 [32000/50000 (64%)]	Loss: 0.538845
Train Epoch: 21 [35200/50000 (70%)]	Loss: 0.619544
Train Epoch: 21 [38400/50000 (77%)]	Loss: 0.626287
Train Epoch: 21 [41600/50000 (83%)]	Loss: 0.489307
Train Epoch: 21 [44800/50000 (90%)]	Loss: 0.656490
Train Epoch: 21 [48000/50000 (96%)]	Loss: 0.692112

Test set: Average loss: 0.0006, Accuracy: 7764/10000 (78%)

Train Epoch: 22 [0/50000 (0%)]	Loss: 0.710824
Train Epoch: 22 [3200/50000 (6%)]	Loss: 0.550967
Train Epoch: 22 [6400/50000 (13%)]	Loss: 0.489307
Train Epoch: 22 [9600/50000 (19%)]	Loss: 0.590950
Train Epoch: 22 [12800/50000 (26%)]	Loss: 0.551370
Train Epoch: 22 [16000/50000 (32%)]	Loss: 0.864295
Train Epoch: 22 [19200/50000 (38%)]	Loss: 0.866764
Train Epoch: 22 [22400/50000 (45%)]	Loss: 0.469612
Train Epoch: 22 [25600/50000 (51%)]	Loss: 0.612009
Train Epoch: 22 [28800/50000 (58%)]	Loss: 0.614320
Train Epoch: 22 [32000/50000 (64%)]	Loss: 0.509898
Train Epoch: 22 [35200/50000 (70%)]	Loss: 0.583353
Train Epoch: 22 [38400/50000 (77%)]	Loss: 0.492625
Train Epoch: 22 [41600/50000 (83%)]	Loss: 0.423537
Train Epoch: 22 [44800/50000 (90%)]	Loss: 0.790980
Train Epoch: 22 [48000/50000 (96%)]	Loss: 0.623581

Test set: Average loss: 0.0006, Accuracy: 7901/10000 (79%)

Train Epoch: 23 [0/50000 (0%)]	Loss: 0.613097
Train Epoch: 23 [3200/50000 (6%)]	Loss: 0.552011
Train Epoch: 23 [6400/50000 (13%)]	Loss: 0.770688
Train Epoch: 23 [9600/50000 (19%)]	Loss: 0.414354
Train Epoch: 23 [12800/50000 (26%)]	Loss: 0.579032
Train Epoch: 23 [16000/50000 (32%)]	Loss: 0.425439
Train Epoch: 23 [19200/50000 (38%)]	Loss: 0.708292
Train Epoch: 23 [22400/50000 (45%)]	Loss: 0.642131
Train Epoch: 23 [25600/50000 (51%)]	Loss: 0.414173
Train Epoch: 23 [28800/50000 (58%)]	Loss: 0.628094
Train Epoch: 23 [32000/50000 (64%)]	Loss: 0.602579
Train Epoch: 23 [35200/50000 (70%)]	Loss: 0.590110
Train Epoch: 23 [38400/50000 (77%)]	Loss: 0.747324
Train Epoch: 23 [41600/50000 (83%)]	Loss: 0.579250
Train Epoch: 23 [44800/50000 (90%)]	Loss: 0.970912
Train Epoch: 23 [48000/50000 (96%)]	Loss: 0.554854

Test set: Average loss: 0.0006, Accuracy: 7946/10000 (79%)

Train Epoch: 24 [0/50000 (0%)]	Loss: 0.613802
Train Epoch: 24 [3200/50000 (6%)]	Loss: 0.490441
Train Epoch: 24 [6400/50000 (13%)]	Loss: 0.495563
Train Epoch: 24 [9600/50000 (19%)]	Loss: 0.491918
Train Epoch: 24 [12800/50000 (26%)]	Loss: 0.567687
Train Epoch: 24 [16000/50000 (32%)]	Loss: 0.403841
Train Epoch: 24 [19200/50000 (38%)]	Loss: 0.521005
Train Epoch: 24 [22400/50000 (45%)]	Loss: 0.372953
Train Epoch: 24 [25600/50000 (51%)]	Loss: 0.589343
Train Epoch: 24 [28800/50000 (58%)]	Loss: 0.883857
Train Epoch: 24 [32000/50000 (64%)]	Loss: 0.648521
Train Epoch: 24 [35200/50000 (70%)]	Loss: 0.561459
Train Epoch: 24 [38400/50000 (77%)]	Loss: 0.652296
Train Epoch: 24 [41600/50000 (83%)]	Loss: 0.638468
Train Epoch: 24 [44800/50000 (90%)]	Loss: 0.561027
Train Epoch: 24 [48000/50000 (96%)]	Loss: 0.425030

Test set: Average loss: 0.0006, Accuracy: 7853/10000 (79%)

Train Epoch: 25 [0/50000 (0%)]	Loss: 0.565289
Train Epoch: 25 [3200/50000 (6%)]	Loss: 0.820749
Train Epoch: 25 [6400/50000 (13%)]	Loss: 0.549104
Train Epoch: 25 [9600/50000 (19%)]	Loss: 0.582736
Train Epoch: 25 [12800/50000 (26%)]	Loss: 0.674772
Train Epoch: 25 [16000/50000 (32%)]	Loss: 0.577604
Train Epoch: 25 [19200/50000 (38%)]	Loss: 0.393271
Train Epoch: 25 [22400/50000 (45%)]	Loss: 0.542485
Train Epoch: 25 [25600/50000 (51%)]	Loss: 0.411897
Train Epoch: 25 [28800/50000 (58%)]	Loss: 0.577850
Train Epoch: 25 [32000/50000 (64%)]	Loss: 0.472844
Train Epoch: 25 [35200/50000 (70%)]	Loss: 0.615364
Train Epoch: 25 [38400/50000 (77%)]	Loss: 0.625633
Train Epoch: 25 [41600/50000 (83%)]	Loss: 0.627309
Train Epoch: 25 [44800/50000 (90%)]	Loss: 0.831363
Train Epoch: 25 [48000/50000 (96%)]	Loss: 0.360468

Test set: Average loss: 0.0006, Accuracy: 7977/10000 (80%)

Train Epoch: 26 [0/50000 (0%)]	Loss: 0.413636
Train Epoch: 26 [3200/50000 (6%)]	Loss: 0.526968
Train Epoch: 26 [6400/50000 (13%)]	Loss: 0.500407
Train Epoch: 26 [9600/50000 (19%)]	Loss: 0.440477
Train Epoch: 26 [12800/50000 (26%)]	Loss: 0.554557
Train Epoch: 26 [16000/50000 (32%)]	Loss: 0.497674
Train Epoch: 26 [19200/50000 (38%)]	Loss: 0.592441
Train Epoch: 26 [22400/50000 (45%)]	Loss: 0.694735
Train Epoch: 26 [25600/50000 (51%)]	Loss: 0.573618
Train Epoch: 26 [28800/50000 (58%)]	Loss: 0.657910
Train Epoch: 26 [32000/50000 (64%)]	Loss: 0.524634
Train Epoch: 26 [35200/50000 (70%)]	Loss: 0.359334
Train Epoch: 26 [38400/50000 (77%)]	Loss: 0.461132
Train Epoch: 26 [41600/50000 (83%)]	Loss: 0.565428
Train Epoch: 26 [44800/50000 (90%)]	Loss: 0.567335
Train Epoch: 26 [48000/50000 (96%)]	Loss: 0.626614

Test set: Average loss: 0.0006, Accuracy: 8009/10000 (80%)

Train Epoch: 27 [0/50000 (0%)]	Loss: 0.622418
Train Epoch: 27 [3200/50000 (6%)]	Loss: 0.669076
Train Epoch: 27 [6400/50000 (13%)]	Loss: 0.518506
Train Epoch: 27 [9600/50000 (19%)]	Loss: 0.478662
Train Epoch: 27 [12800/50000 (26%)]	Loss: 0.577211
Train Epoch: 27 [16000/50000 (32%)]	Loss: 0.435348
Train Epoch: 27 [19200/50000 (38%)]	Loss: 0.474580
Train Epoch: 27 [22400/50000 (45%)]	Loss: 0.814367
Train Epoch: 27 [25600/50000 (51%)]	Loss: 0.737181
Train Epoch: 27 [28800/50000 (58%)]	Loss: 0.554497
Train Epoch: 27 [32000/50000 (64%)]	Loss: 0.587955
Train Epoch: 27 [35200/50000 (70%)]	Loss: 0.453578
Train Epoch: 27 [38400/50000 (77%)]	Loss: 0.664329
Train Epoch: 27 [41600/50000 (83%)]	Loss: 0.496384
Train Epoch: 27 [44800/50000 (90%)]	Loss: 0.587675
Train Epoch: 27 [48000/50000 (96%)]	Loss: 0.534509

Test set: Average loss: 0.0006, Accuracy: 7930/10000 (79%)

Train Epoch: 28 [0/50000 (0%)]	Loss: 0.539388
Train Epoch: 28 [3200/50000 (6%)]	Loss: 0.810422
Train Epoch: 28 [6400/50000 (13%)]	Loss: 0.598454
Train Epoch: 28 [9600/50000 (19%)]	Loss: 0.644362
Train Epoch: 28 [12800/50000 (26%)]	Loss: 0.488271
Train Epoch: 28 [16000/50000 (32%)]	Loss: 0.490580
Train Epoch: 28 [19200/50000 (38%)]	Loss: 0.513599
Train Epoch: 28 [22400/50000 (45%)]	Loss: 0.707026
Train Epoch: 28 [25600/50000 (51%)]	Loss: 0.468697
Train Epoch: 28 [28800/50000 (58%)]	Loss: 0.770081
Train Epoch: 28 [32000/50000 (64%)]	Loss: 0.508885
Train Epoch: 28 [35200/50000 (70%)]	Loss: 0.346949
Train Epoch: 28 [38400/50000 (77%)]	Loss: 0.445670
Train Epoch: 28 [41600/50000 (83%)]	Loss: 0.331144
Train Epoch: 28 [44800/50000 (90%)]	Loss: 0.330686
Train Epoch: 28 [48000/50000 (96%)]	Loss: 0.648396

Test set: Average loss: 0.0005, Accuracy: 8125/10000 (81%)

Train Epoch: 29 [0/50000 (0%)]	Loss: 0.441606
Train Epoch: 29 [3200/50000 (6%)]	Loss: 0.300374
Train Epoch: 29 [6400/50000 (13%)]	Loss: 0.395372
Train Epoch: 29 [9600/50000 (19%)]	Loss: 0.436173
Train Epoch: 29 [12800/50000 (26%)]	Loss: 0.512838
Train Epoch: 29 [16000/50000 (32%)]	Loss: 0.571185
Train Epoch: 29 [19200/50000 (38%)]	Loss: 0.771013
Train Epoch: 29 [22400/50000 (45%)]	Loss: 0.441381
Train Epoch: 29 [25600/50000 (51%)]	Loss: 0.779699
Train Epoch: 29 [28800/50000 (58%)]	Loss: 0.680218
Train Epoch: 29 [32000/50000 (64%)]	Loss: 0.396581
Train Epoch: 29 [35200/50000 (70%)]	Loss: 0.810405
Train Epoch: 29 [38400/50000 (77%)]	Loss: 0.423402
Train Epoch: 29 [41600/50000 (83%)]	Loss: 0.410329
Train Epoch: 29 [44800/50000 (90%)]	Loss: 0.554206
Train Epoch: 29 [48000/50000 (96%)]	Loss: 0.454351

Test set: Average loss: 0.0006, Accuracy: 8047/10000 (80%)

Train Epoch: 30 [0/50000 (0%)]	Loss: 0.475410
Train Epoch: 30 [3200/50000 (6%)]	Loss: 0.606695
Train Epoch: 30 [6400/50000 (13%)]	Loss: 0.672484
Train Epoch: 30 [9600/50000 (19%)]	Loss: 0.666410
Train Epoch: 30 [12800/50000 (26%)]	Loss: 0.594960
Train Epoch: 30 [16000/50000 (32%)]	Loss: 0.495944
Train Epoch: 30 [19200/50000 (38%)]	Loss: 0.468767
Train Epoch: 30 [22400/50000 (45%)]	Loss: 0.475429
Train Epoch: 30 [25600/50000 (51%)]	Loss: 0.515327
Train Epoch: 30 [28800/50000 (58%)]	Loss: 0.626340
Train Epoch: 30 [32000/50000 (64%)]	Loss: 0.387967
Train Epoch: 30 [35200/50000 (70%)]	Loss: 0.537366
Train Epoch: 30 [38400/50000 (77%)]	Loss: 0.545284
Train Epoch: 30 [41600/50000 (83%)]	Loss: 0.500694
Train Epoch: 30 [44800/50000 (90%)]	Loss: 0.634200
Train Epoch: 30 [48000/50000 (96%)]	Loss: 0.520680

Test set: Average loss: 0.0006, Accuracy: 8101/10000 (81%)

Train Epoch: 31 [0/50000 (0%)]	Loss: 0.521243
Train Epoch: 31 [3200/50000 (6%)]	Loss: 0.413841
Train Epoch: 31 [6400/50000 (13%)]	Loss: 0.419231
Train Epoch: 31 [9600/50000 (19%)]	Loss: 0.541493
Train Epoch: 31 [12800/50000 (26%)]	Loss: 0.421454
Train Epoch: 31 [16000/50000 (32%)]	Loss: 0.482795
Train Epoch: 31 [19200/50000 (38%)]	Loss: 0.509068
Train Epoch: 31 [22400/50000 (45%)]	Loss: 0.573384
Train Epoch: 31 [25600/50000 (51%)]	Loss: 0.624575
Train Epoch: 31 [28800/50000 (58%)]	Loss: 0.639124
Train Epoch: 31 [32000/50000 (64%)]	Loss: 0.755929
Train Epoch: 31 [35200/50000 (70%)]	Loss: 0.435734
Train Epoch: 31 [38400/50000 (77%)]	Loss: 0.706462
Train Epoch: 31 [41600/50000 (83%)]	Loss: 0.713505
Train Epoch: 31 [44800/50000 (90%)]	Loss: 0.589509
Train Epoch: 31 [48000/50000 (96%)]	Loss: 0.575011

Test set: Average loss: 0.0006, Accuracy: 7965/10000 (80%)

Train Epoch: 32 [0/50000 (0%)]	Loss: 0.279611
Train Epoch: 32 [3200/50000 (6%)]	Loss: 0.466619
Train Epoch: 32 [6400/50000 (13%)]	Loss: 0.444560
Train Epoch: 32 [9600/50000 (19%)]	Loss: 0.424143
Train Epoch: 32 [12800/50000 (26%)]	Loss: 0.790143
Train Epoch: 32 [16000/50000 (32%)]	Loss: 0.331606
Train Epoch: 32 [19200/50000 (38%)]	Loss: 0.509801
Train Epoch: 32 [22400/50000 (45%)]	Loss: 0.746809
Train Epoch: 32 [25600/50000 (51%)]	Loss: 0.433949
Train Epoch: 32 [28800/50000 (58%)]	Loss: 0.398794
Train Epoch: 32 [32000/50000 (64%)]	Loss: 0.607353
Train Epoch: 32 [35200/50000 (70%)]	Loss: 0.361854
Train Epoch: 32 [38400/50000 (77%)]	Loss: 0.432555
Train Epoch: 32 [41600/50000 (83%)]	Loss: 0.381718
Train Epoch: 32 [44800/50000 (90%)]	Loss: 0.361802
Train Epoch: 32 [48000/50000 (96%)]	Loss: 0.663902

Test set: Average loss: 0.0006, Accuracy: 7950/10000 (80%)

Train Epoch: 33 [0/50000 (0%)]	Loss: 0.563954
Train Epoch: 33 [3200/50000 (6%)]	Loss: 0.623301
Train Epoch: 33 [6400/50000 (13%)]	Loss: 0.322365
Train Epoch: 33 [9600/50000 (19%)]	Loss: 0.422888
Train Epoch: 33 [12800/50000 (26%)]	Loss: 0.414450
Train Epoch: 33 [16000/50000 (32%)]	Loss: 0.376893
Train Epoch: 33 [19200/50000 (38%)]	Loss: 0.657284
Train Epoch: 33 [22400/50000 (45%)]	Loss: 0.611699
Train Epoch: 33 [25600/50000 (51%)]	Loss: 0.611524
Train Epoch: 33 [28800/50000 (58%)]	Loss: 0.569551
Train Epoch: 33 [32000/50000 (64%)]	Loss: 0.409484
Train Epoch: 33 [35200/50000 (70%)]	Loss: 0.755350
Train Epoch: 33 [38400/50000 (77%)]	Loss: 0.398205
Train Epoch: 33 [41600/50000 (83%)]	Loss: 0.551635
Train Epoch: 33 [44800/50000 (90%)]	Loss: 0.641793
Train Epoch: 33 [48000/50000 (96%)]	Loss: 0.579105

Test set: Average loss: 0.0005, Accuracy: 8202/10000 (82%)

Train Epoch: 34 [0/50000 (0%)]	Loss: 0.374005
Train Epoch: 34 [3200/50000 (6%)]	Loss: 0.667477
Train Epoch: 34 [6400/50000 (13%)]	Loss: 0.319102
Train Epoch: 34 [9600/50000 (19%)]	Loss: 0.707029
Train Epoch: 34 [12800/50000 (26%)]	Loss: 0.447416
Train Epoch: 34 [16000/50000 (32%)]	Loss: 0.436245
Train Epoch: 34 [19200/50000 (38%)]	Loss: 0.627263
Train Epoch: 34 [22400/50000 (45%)]	Loss: 0.634231
Train Epoch: 34 [25600/50000 (51%)]	Loss: 0.510713
Train Epoch: 34 [28800/50000 (58%)]	Loss: 0.379524
Train Epoch: 34 [32000/50000 (64%)]	Loss: 0.503888
Train Epoch: 34 [35200/50000 (70%)]	Loss: 0.430726
Train Epoch: 34 [38400/50000 (77%)]	Loss: 0.855203
Train Epoch: 34 [41600/50000 (83%)]	Loss: 0.439938
Train Epoch: 34 [44800/50000 (90%)]	Loss: 0.507271
Train Epoch: 34 [48000/50000 (96%)]	Loss: 0.528814

Test set: Average loss: 0.0006, Accuracy: 8059/10000 (81%)

Train Epoch: 35 [0/50000 (0%)]	Loss: 0.512420
Train Epoch: 35 [3200/50000 (6%)]	Loss: 0.246163
Train Epoch: 35 [6400/50000 (13%)]	Loss: 0.626982
Train Epoch: 35 [9600/50000 (19%)]	Loss: 0.418154
Train Epoch: 35 [12800/50000 (26%)]	Loss: 0.476234
Train Epoch: 35 [16000/50000 (32%)]	Loss: 0.521783
Train Epoch: 35 [19200/50000 (38%)]	Loss: 0.576826
Train Epoch: 35 [22400/50000 (45%)]	Loss: 0.291091
Train Epoch: 35 [25600/50000 (51%)]	Loss: 0.601881
Train Epoch: 35 [28800/50000 (58%)]	Loss: 0.565812
Train Epoch: 35 [32000/50000 (64%)]	Loss: 0.583040
Train Epoch: 35 [35200/50000 (70%)]	Loss: 0.583777
Train Epoch: 35 [38400/50000 (77%)]	Loss: 0.379369
Train Epoch: 35 [41600/50000 (83%)]	Loss: 0.436488
Train Epoch: 35 [44800/50000 (90%)]	Loss: 0.451210
Train Epoch: 35 [48000/50000 (96%)]	Loss: 0.589496

Test set: Average loss: 0.0005, Accuracy: 8125/10000 (81%)

Train Epoch: 36 [0/50000 (0%)]	Loss: 0.379008
Train Epoch: 36 [3200/50000 (6%)]	Loss: 0.463789
Train Epoch: 36 [6400/50000 (13%)]	Loss: 0.363741
Train Epoch: 36 [9600/50000 (19%)]	Loss: 0.596175
Train Epoch: 36 [12800/50000 (26%)]	Loss: 0.391791
Train Epoch: 36 [16000/50000 (32%)]	Loss: 0.539208
Train Epoch: 36 [19200/50000 (38%)]	Loss: 0.278981
Train Epoch: 36 [22400/50000 (45%)]	Loss: 0.455189
Train Epoch: 36 [25600/50000 (51%)]	Loss: 0.466947
Train Epoch: 36 [28800/50000 (58%)]	Loss: 0.558023
Train Epoch: 36 [32000/50000 (64%)]	Loss: 0.604304
Train Epoch: 36 [35200/50000 (70%)]	Loss: 0.499620
Train Epoch: 36 [38400/50000 (77%)]	Loss: 0.310118
Train Epoch: 36 [41600/50000 (83%)]	Loss: 0.526073
Train Epoch: 36 [44800/50000 (90%)]	Loss: 0.418428
Train Epoch: 36 [48000/50000 (96%)]	Loss: 0.363309

Test set: Average loss: 0.0005, Accuracy: 8169/10000 (82%)

Train Epoch: 37 [0/50000 (0%)]	Loss: 0.357591
Train Epoch: 37 [3200/50000 (6%)]	Loss: 0.634032
Train Epoch: 37 [6400/50000 (13%)]	Loss: 0.488389
Train Epoch: 37 [9600/50000 (19%)]	Loss: 0.444682
Train Epoch: 37 [12800/50000 (26%)]	Loss: 0.457593
Train Epoch: 37 [16000/50000 (32%)]	Loss: 0.575873
Train Epoch: 37 [19200/50000 (38%)]	Loss: 0.432305
Train Epoch: 37 [22400/50000 (45%)]	Loss: 0.590021
Train Epoch: 37 [25600/50000 (51%)]	Loss: 0.487361
Train Epoch: 37 [28800/50000 (58%)]	Loss: 0.464320
Train Epoch: 37 [32000/50000 (64%)]	Loss: 0.444989
Train Epoch: 37 [35200/50000 (70%)]	Loss: 0.551511
Train Epoch: 37 [38400/50000 (77%)]	Loss: 0.681245
Train Epoch: 37 [41600/50000 (83%)]	Loss: 0.474889
Train Epoch: 37 [44800/50000 (90%)]	Loss: 0.453081
Train Epoch: 37 [48000/50000 (96%)]	Loss: 0.537361

Test set: Average loss: 0.0005, Accuracy: 8185/10000 (82%)

Train Epoch: 38 [0/50000 (0%)]	Loss: 0.328954
Train Epoch: 38 [3200/50000 (6%)]	Loss: 0.555192
Train Epoch: 38 [6400/50000 (13%)]	Loss: 0.464656
Train Epoch: 38 [9600/50000 (19%)]	Loss: 0.355969
Train Epoch: 38 [12800/50000 (26%)]	Loss: 0.593466
Train Epoch: 38 [16000/50000 (32%)]	Loss: 0.340523
Train Epoch: 38 [19200/50000 (38%)]	Loss: 0.356094
Train Epoch: 38 [22400/50000 (45%)]	Loss: 0.443916
Train Epoch: 38 [25600/50000 (51%)]	Loss: 0.370229
Train Epoch: 38 [28800/50000 (58%)]	Loss: 0.306834
Train Epoch: 38 [32000/50000 (64%)]	Loss: 0.565335
Train Epoch: 38 [35200/50000 (70%)]	Loss: 0.374701
Train Epoch: 38 [38400/50000 (77%)]	Loss: 0.448050
Train Epoch: 38 [41600/50000 (83%)]	Loss: 0.385916
Train Epoch: 38 [44800/50000 (90%)]	Loss: 0.397517
Train Epoch: 38 [48000/50000 (96%)]	Loss: 0.627061

Test set: Average loss: 0.0005, Accuracy: 8221/10000 (82%)

Train Epoch: 39 [0/50000 (0%)]	Loss: 0.330031
Train Epoch: 39 [3200/50000 (6%)]	Loss: 0.500931
Train Epoch: 39 [6400/50000 (13%)]	Loss: 0.452586
Train Epoch: 39 [9600/50000 (19%)]	Loss: 0.369123
Train Epoch: 39 [12800/50000 (26%)]	Loss: 0.514375
Train Epoch: 39 [16000/50000 (32%)]	Loss: 0.334776
Train Epoch: 39 [19200/50000 (38%)]	Loss: 0.344906
Train Epoch: 39 [22400/50000 (45%)]	Loss: 0.648425
Train Epoch: 39 [25600/50000 (51%)]	Loss: 0.643816
Train Epoch: 39 [28800/50000 (58%)]	Loss: 0.421944
Train Epoch: 39 [32000/50000 (64%)]	Loss: 0.636371
Train Epoch: 39 [35200/50000 (70%)]	Loss: 0.604693
Train Epoch: 39 [38400/50000 (77%)]	Loss: 0.540253
Train Epoch: 39 [41600/50000 (83%)]	Loss: 0.467548
Train Epoch: 39 [44800/50000 (90%)]	Loss: 0.397417
Train Epoch: 39 [48000/50000 (96%)]	Loss: 0.469255

Test set: Average loss: 0.0005, Accuracy: 8242/10000 (82%)

Train Epoch: 40 [0/50000 (0%)]	Loss: 0.424962
Train Epoch: 40 [3200/50000 (6%)]	Loss: 0.481134
Train Epoch: 40 [6400/50000 (13%)]	Loss: 0.461136
Train Epoch: 40 [9600/50000 (19%)]	Loss: 0.500679
Train Epoch: 40 [12800/50000 (26%)]	Loss: 0.296119
Train Epoch: 40 [16000/50000 (32%)]	Loss: 0.512480
Train Epoch: 40 [19200/50000 (38%)]	Loss: 0.296770
Train Epoch: 40 [22400/50000 (45%)]	Loss: 0.446218
Train Epoch: 40 [25600/50000 (51%)]	Loss: 0.288232
Train Epoch: 40 [28800/50000 (58%)]	Loss: 0.555045
Train Epoch: 40 [32000/50000 (64%)]	Loss: 0.386734
Train Epoch: 40 [35200/50000 (70%)]	Loss: 0.670030
Train Epoch: 40 [38400/50000 (77%)]	Loss: 0.644745
Train Epoch: 40 [41600/50000 (83%)]	Loss: 0.471271
Train Epoch: 40 [44800/50000 (90%)]	Loss: 0.558888
Train Epoch: 40 [48000/50000 (96%)]	Loss: 0.476695

Test set: Average loss: 0.0005, Accuracy: 8373/10000 (84%)

Train Epoch: 41 [0/50000 (0%)]	Loss: 0.450593
Train Epoch: 41 [3200/50000 (6%)]	Loss: 0.536175
Train Epoch: 41 [6400/50000 (13%)]	Loss: 0.514556
Train Epoch: 41 [9600/50000 (19%)]	Loss: 0.297941
Train Epoch: 41 [12800/50000 (26%)]	Loss: 0.467001
Train Epoch: 41 [16000/50000 (32%)]	Loss: 0.395814
Train Epoch: 41 [19200/50000 (38%)]	Loss: 0.621692
Train Epoch: 41 [22400/50000 (45%)]	Loss: 0.323213
Train Epoch: 41 [25600/50000 (51%)]	Loss: 0.741193
Train Epoch: 41 [28800/50000 (58%)]	Loss: 0.454213
Train Epoch: 41 [32000/50000 (64%)]	Loss: 0.395298
Train Epoch: 41 [35200/50000 (70%)]	Loss: 0.303386
Train Epoch: 41 [38400/50000 (77%)]	Loss: 0.515560
Train Epoch: 41 [41600/50000 (83%)]	Loss: 0.392024
Train Epoch: 41 [44800/50000 (90%)]	Loss: 0.402898
Train Epoch: 41 [48000/50000 (96%)]	Loss: 0.546469

Test set: Average loss: 0.0005, Accuracy: 8288/10000 (83%)

Train Epoch: 42 [0/50000 (0%)]	Loss: 0.376713
Train Epoch: 42 [3200/50000 (6%)]	Loss: 0.355799
Train Epoch: 42 [6400/50000 (13%)]	Loss: 0.315078
Train Epoch: 42 [9600/50000 (19%)]	Loss: 0.409609
Train Epoch: 42 [12800/50000 (26%)]	Loss: 0.396671
Train Epoch: 42 [16000/50000 (32%)]	Loss: 0.274847
Train Epoch: 42 [19200/50000 (38%)]	Loss: 0.296702
Train Epoch: 42 [22400/50000 (45%)]	Loss: 0.436235
Train Epoch: 42 [25600/50000 (51%)]	Loss: 0.550932
Train Epoch: 42 [28800/50000 (58%)]	Loss: 0.525160
Train Epoch: 42 [32000/50000 (64%)]	Loss: 0.569000
Train Epoch: 42 [35200/50000 (70%)]	Loss: 0.305256
Train Epoch: 42 [38400/50000 (77%)]	Loss: 0.435330
Train Epoch: 42 [41600/50000 (83%)]	Loss: 0.268127
Train Epoch: 42 [44800/50000 (90%)]	Loss: 0.795866
Train Epoch: 42 [48000/50000 (96%)]	Loss: 0.637604

Test set: Average loss: 0.0005, Accuracy: 8277/10000 (83%)

Train Epoch: 43 [0/50000 (0%)]	Loss: 0.894319
Train Epoch: 43 [3200/50000 (6%)]	Loss: 0.649154
Train Epoch: 43 [6400/50000 (13%)]	Loss: 0.354709
Train Epoch: 43 [9600/50000 (19%)]	Loss: 0.389353
Train Epoch: 43 [12800/50000 (26%)]	Loss: 0.445124
Train Epoch: 43 [16000/50000 (32%)]	Loss: 0.482014
Train Epoch: 43 [19200/50000 (38%)]	Loss: 0.380753
Train Epoch: 43 [22400/50000 (45%)]	Loss: 0.435604
Train Epoch: 43 [25600/50000 (51%)]	Loss: 0.316636
Train Epoch: 43 [28800/50000 (58%)]	Loss: 0.347698
Train Epoch: 43 [32000/50000 (64%)]	Loss: 0.638196
Train Epoch: 43 [35200/50000 (70%)]	Loss: 0.602014
Train Epoch: 43 [38400/50000 (77%)]	Loss: 0.332831
Train Epoch: 43 [41600/50000 (83%)]	Loss: 0.497745
Train Epoch: 43 [44800/50000 (90%)]	Loss: 0.421865
Train Epoch: 43 [48000/50000 (96%)]	Loss: 0.520914

Test set: Average loss: 0.0005, Accuracy: 8323/10000 (83%)

Train Epoch: 44 [0/50000 (0%)]	Loss: 0.473665
Train Epoch: 44 [3200/50000 (6%)]	Loss: 0.371486
Train Epoch: 44 [6400/50000 (13%)]	Loss: 0.435787
Train Epoch: 44 [9600/50000 (19%)]	Loss: 0.525670
Train Epoch: 44 [12800/50000 (26%)]	Loss: 0.565780
Train Epoch: 44 [16000/50000 (32%)]	Loss: 0.570927
Train Epoch: 44 [19200/50000 (38%)]	Loss: 0.374802
Train Epoch: 44 [22400/50000 (45%)]	Loss: 0.529307
Train Epoch: 44 [25600/50000 (51%)]	Loss: 0.384598
Train Epoch: 44 [28800/50000 (58%)]	Loss: 0.291214
Train Epoch: 44 [32000/50000 (64%)]	Loss: 0.379326
Train Epoch: 44 [35200/50000 (70%)]	Loss: 0.530636
Train Epoch: 44 [38400/50000 (77%)]	Loss: 0.487818
Train Epoch: 44 [41600/50000 (83%)]	Loss: 0.458516
Train Epoch: 44 [44800/50000 (90%)]	Loss: 0.630773
Train Epoch: 44 [48000/50000 (96%)]	Loss: 0.347017

Test set: Average loss: 0.0005, Accuracy: 8198/10000 (82%)

Train Epoch: 45 [0/50000 (0%)]	Loss: 0.644478
Train Epoch: 45 [3200/50000 (6%)]	Loss: 0.789665
Train Epoch: 45 [6400/50000 (13%)]	Loss: 0.371435
Train Epoch: 45 [9600/50000 (19%)]	Loss: 0.423302
Train Epoch: 45 [12800/50000 (26%)]	Loss: 0.388187
Train Epoch: 45 [16000/50000 (32%)]	Loss: 0.277171
Train Epoch: 45 [19200/50000 (38%)]	Loss: 0.372279
Train Epoch: 45 [22400/50000 (45%)]	Loss: 0.434164
Train Epoch: 45 [25600/50000 (51%)]	Loss: 0.406568
Train Epoch: 45 [28800/50000 (58%)]	Loss: 0.416517
Train Epoch: 45 [32000/50000 (64%)]	Loss: 0.365143
Train Epoch: 45 [35200/50000 (70%)]	Loss: 0.328623
Train Epoch: 45 [38400/50000 (77%)]	Loss: 0.214532
Train Epoch: 45 [41600/50000 (83%)]	Loss: 0.588406
Train Epoch: 45 [44800/50000 (90%)]	Loss: 0.379347
Train Epoch: 45 [48000/50000 (96%)]	Loss: 0.319614

Test set: Average loss: 0.0005, Accuracy: 8272/10000 (83%)

Train Epoch: 46 [0/50000 (0%)]	Loss: 0.476105
Train Epoch: 46 [3200/50000 (6%)]	Loss: 0.651405
Train Epoch: 46 [6400/50000 (13%)]	Loss: 0.377744
Train Epoch: 46 [9600/50000 (19%)]	Loss: 0.318866
Train Epoch: 46 [12800/50000 (26%)]	Loss: 0.351157
Train Epoch: 46 [16000/50000 (32%)]	Loss: 0.421568
Train Epoch: 46 [19200/50000 (38%)]	Loss: 0.470773
Train Epoch: 46 [22400/50000 (45%)]	Loss: 0.581942
Train Epoch: 46 [25600/50000 (51%)]	Loss: 0.355054
Train Epoch: 46 [28800/50000 (58%)]	Loss: 0.259431
Train Epoch: 46 [32000/50000 (64%)]	Loss: 0.308875
Train Epoch: 46 [35200/50000 (70%)]	Loss: 0.344410
Train Epoch: 46 [38400/50000 (77%)]	Loss: 0.340279
Train Epoch: 46 [41600/50000 (83%)]	Loss: 0.356880
Train Epoch: 46 [44800/50000 (90%)]	Loss: 0.561382
Train Epoch: 46 [48000/50000 (96%)]	Loss: 0.368000

Test set: Average loss: 0.0005, Accuracy: 8182/10000 (82%)

Train Epoch: 47 [0/50000 (0%)]	Loss: 0.421115
Train Epoch: 47 [3200/50000 (6%)]	Loss: 0.418662
Train Epoch: 47 [6400/50000 (13%)]	Loss: 0.389700
Train Epoch: 47 [9600/50000 (19%)]	Loss: 0.304369
Train Epoch: 47 [12800/50000 (26%)]	Loss: 0.355604
Train Epoch: 47 [16000/50000 (32%)]	Loss: 0.473762
Train Epoch: 47 [19200/50000 (38%)]	Loss: 0.405958
Train Epoch: 47 [22400/50000 (45%)]	Loss: 0.423249
Train Epoch: 47 [25600/50000 (51%)]	Loss: 0.475736
Train Epoch: 47 [28800/50000 (58%)]	Loss: 0.607146
Train Epoch: 47 [32000/50000 (64%)]	Loss: 0.554405
Train Epoch: 47 [35200/50000 (70%)]	Loss: 0.464893
Train Epoch: 47 [38400/50000 (77%)]	Loss: 0.510455
Train Epoch: 47 [41600/50000 (83%)]	Loss: 0.527589
Train Epoch: 47 [44800/50000 (90%)]	Loss: 0.347699
Train Epoch: 47 [48000/50000 (96%)]	Loss: 0.423061

Test set: Average loss: 0.0005, Accuracy: 8374/10000 (84%)

Train Epoch: 48 [0/50000 (0%)]	Loss: 0.386851
Train Epoch: 48 [3200/50000 (6%)]	Loss: 0.356052
Train Epoch: 48 [6400/50000 (13%)]	Loss: 0.397675
Train Epoch: 48 [9600/50000 (19%)]	Loss: 0.524847
Train Epoch: 48 [12800/50000 (26%)]	Loss: 0.488282
Train Epoch: 48 [16000/50000 (32%)]	Loss: 0.310495
Train Epoch: 48 [19200/50000 (38%)]	Loss: 0.386200
Train Epoch: 48 [22400/50000 (45%)]	Loss: 0.272000
Train Epoch: 48 [25600/50000 (51%)]	Loss: 0.488604
Train Epoch: 48 [28800/50000 (58%)]	Loss: 0.273743
Train Epoch: 48 [32000/50000 (64%)]	Loss: 0.451686
Train Epoch: 48 [35200/50000 (70%)]	Loss: 0.438739
Train Epoch: 48 [38400/50000 (77%)]	Loss: 0.490808
Train Epoch: 48 [41600/50000 (83%)]	Loss: 0.446865
Train Epoch: 48 [44800/50000 (90%)]	Loss: 0.540093
Train Epoch: 48 [48000/50000 (96%)]	Loss: 0.348027

Test set: Average loss: 0.0005, Accuracy: 8360/10000 (84%)

Train Epoch: 49 [0/50000 (0%)]	Loss: 0.486632
Train Epoch: 49 [3200/50000 (6%)]	Loss: 0.351688
Train Epoch: 49 [6400/50000 (13%)]	Loss: 0.331820
Train Epoch: 49 [9600/50000 (19%)]	Loss: 0.341314
Train Epoch: 49 [12800/50000 (26%)]	Loss: 0.430252
Train Epoch: 49 [16000/50000 (32%)]	Loss: 0.350003
Train Epoch: 49 [19200/50000 (38%)]	Loss: 0.272908
Train Epoch: 49 [22400/50000 (45%)]	Loss: 0.449874
Train Epoch: 49 [25600/50000 (51%)]	Loss: 0.552940
Train Epoch: 49 [28800/50000 (58%)]	Loss: 0.766936
Train Epoch: 49 [32000/50000 (64%)]	Loss: 0.395382
Train Epoch: 49 [35200/50000 (70%)]	Loss: 0.288602
Train Epoch: 49 [38400/50000 (77%)]	Loss: 0.366880
Train Epoch: 49 [41600/50000 (83%)]	Loss: 0.431376
Train Epoch: 49 [44800/50000 (90%)]	Loss: 0.288364
Train Epoch: 49 [48000/50000 (96%)]	Loss: 0.387333

Test set: Average loss: 0.0005, Accuracy: 8322/10000 (83%)

Train Epoch: 50 [0/50000 (0%)]	Loss: 0.268061
Train Epoch: 50 [3200/50000 (6%)]	Loss: 0.480057
Train Epoch: 50 [6400/50000 (13%)]	Loss: 0.337210
Train Epoch: 50 [9600/50000 (19%)]	Loss: 0.282260
Train Epoch: 50 [12800/50000 (26%)]	Loss: 0.548926
Train Epoch: 50 [16000/50000 (32%)]	Loss: 0.593438
Train Epoch: 50 [19200/50000 (38%)]	Loss: 0.362779
Train Epoch: 50 [22400/50000 (45%)]	Loss: 0.539831
Train Epoch: 50 [25600/50000 (51%)]	Loss: 0.519206
Train Epoch: 50 [28800/50000 (58%)]	Loss: 0.465308
Train Epoch: 50 [32000/50000 (64%)]	Loss: 0.376143
Train Epoch: 50 [35200/50000 (70%)]	Loss: 0.357322
Train Epoch: 50 [38400/50000 (77%)]	Loss: 0.396850
Train Epoch: 50 [41600/50000 (83%)]	Loss: 0.537379
Train Epoch: 50 [44800/50000 (90%)]	Loss: 0.516296
Train Epoch: 50 [48000/50000 (96%)]	Loss: 0.603005

Test set: Average loss: 0.0005, Accuracy: 8419/10000 (84%)

Train Epoch: 51 [0/50000 (0%)]	Loss: 0.301679
Train Epoch: 51 [3200/50000 (6%)]	Loss: 0.412321
Train Epoch: 51 [6400/50000 (13%)]	Loss: 0.293780
Train Epoch: 51 [9600/50000 (19%)]	Loss: 0.531272
Train Epoch: 51 [12800/50000 (26%)]	Loss: 0.517590
Train Epoch: 51 [16000/50000 (32%)]	Loss: 0.331821
Train Epoch: 51 [19200/50000 (38%)]	Loss: 0.637041
Train Epoch: 51 [22400/50000 (45%)]	Loss: 0.532473
Train Epoch: 51 [25600/50000 (51%)]	Loss: 0.374306
Train Epoch: 51 [28800/50000 (58%)]	Loss: 0.500900
Train Epoch: 51 [32000/50000 (64%)]	Loss: 0.550020
Train Epoch: 51 [35200/50000 (70%)]	Loss: 0.236451
Train Epoch: 51 [38400/50000 (77%)]	Loss: 0.541867
Train Epoch: 51 [41600/50000 (83%)]	Loss: 0.394480
Train Epoch: 51 [44800/50000 (90%)]	Loss: 0.417317
Train Epoch: 51 [48000/50000 (96%)]	Loss: 0.434359

Test set: Average loss: 0.0005, Accuracy: 8366/10000 (84%)

Train Epoch: 52 [0/50000 (0%)]	Loss: 0.309908
Train Epoch: 52 [3200/50000 (6%)]	Loss: 0.255024
Train Epoch: 52 [6400/50000 (13%)]	Loss: 0.360973
Train Epoch: 52 [9600/50000 (19%)]	Loss: 0.362737
Train Epoch: 52 [12800/50000 (26%)]	Loss: 0.360938
Train Epoch: 52 [16000/50000 (32%)]	Loss: 0.287742
Train Epoch: 52 [19200/50000 (38%)]	Loss: 0.430795
Train Epoch: 52 [22400/50000 (45%)]	Loss: 0.490686
Train Epoch: 52 [25600/50000 (51%)]	Loss: 0.486889
Train Epoch: 52 [28800/50000 (58%)]	Loss: 0.548817
Train Epoch: 52 [32000/50000 (64%)]	Loss: 0.474914
Train Epoch: 52 [35200/50000 (70%)]	Loss: 0.488595
Train Epoch: 52 [38400/50000 (77%)]	Loss: 0.400186
Train Epoch: 52 [41600/50000 (83%)]	Loss: 0.564676
Train Epoch: 52 [44800/50000 (90%)]	Loss: 0.294391
Train Epoch: 52 [48000/50000 (96%)]	Loss: 0.442736

Test set: Average loss: 0.0005, Accuracy: 8336/10000 (83%)

Train Epoch: 53 [0/50000 (0%)]	Loss: 0.689422
Train Epoch: 53 [3200/50000 (6%)]	Loss: 0.288608
Train Epoch: 53 [6400/50000 (13%)]	Loss: 0.455966
Train Epoch: 53 [9600/50000 (19%)]	Loss: 0.320585
Train Epoch: 53 [12800/50000 (26%)]	Loss: 0.418733
Train Epoch: 53 [16000/50000 (32%)]	Loss: 0.293904
Train Epoch: 53 [19200/50000 (38%)]	Loss: 0.342989
Train Epoch: 53 [22400/50000 (45%)]	Loss: 0.464352
Train Epoch: 53 [25600/50000 (51%)]	Loss: 0.487446
Train Epoch: 53 [28800/50000 (58%)]	Loss: 0.486595
Train Epoch: 53 [32000/50000 (64%)]	Loss: 0.405738
Train Epoch: 53 [35200/50000 (70%)]	Loss: 0.430027
Train Epoch: 53 [38400/50000 (77%)]	Loss: 0.511000
Train Epoch: 53 [41600/50000 (83%)]	Loss: 0.464155
Train Epoch: 53 [44800/50000 (90%)]	Loss: 0.699769
Train Epoch: 53 [48000/50000 (96%)]	Loss: 0.681668

Test set: Average loss: 0.0005, Accuracy: 8437/10000 (84%)

Train Epoch: 54 [0/50000 (0%)]	Loss: 0.282935
Train Epoch: 54 [3200/50000 (6%)]	Loss: 0.580253
Train Epoch: 54 [6400/50000 (13%)]	Loss: 0.323588
Train Epoch: 54 [9600/50000 (19%)]	Loss: 0.425911
Train Epoch: 54 [12800/50000 (26%)]	Loss: 0.342071
Train Epoch: 54 [16000/50000 (32%)]	Loss: 0.421067
Train Epoch: 54 [19200/50000 (38%)]	Loss: 0.416620
Train Epoch: 54 [22400/50000 (45%)]	Loss: 0.465278
Train Epoch: 54 [25600/50000 (51%)]	Loss: 0.333854
Train Epoch: 54 [28800/50000 (58%)]	Loss: 0.277442
Train Epoch: 54 [32000/50000 (64%)]	Loss: 0.399235
Train Epoch: 54 [35200/50000 (70%)]	Loss: 0.314847
Train Epoch: 54 [38400/50000 (77%)]	Loss: 0.321957
Train Epoch: 54 [41600/50000 (83%)]	Loss: 0.596621
Train Epoch: 54 [44800/50000 (90%)]	Loss: 0.540748
Train Epoch: 54 [48000/50000 (96%)]	Loss: 0.396433

Test set: Average loss: 0.0005, Accuracy: 8406/10000 (84%)

Train Epoch: 55 [0/50000 (0%)]	Loss: 0.326497
Train Epoch: 55 [3200/50000 (6%)]	Loss: 0.315392
Train Epoch: 55 [6400/50000 (13%)]	Loss: 0.365841
Train Epoch: 55 [9600/50000 (19%)]	Loss: 0.518127
Train Epoch: 55 [12800/50000 (26%)]	Loss: 0.317473
Train Epoch: 55 [16000/50000 (32%)]	Loss: 0.308052
Train Epoch: 55 [19200/50000 (38%)]	Loss: 0.291082
Train Epoch: 55 [22400/50000 (45%)]	Loss: 0.383428
Train Epoch: 55 [25600/50000 (51%)]	Loss: 0.286360
Train Epoch: 55 [28800/50000 (58%)]	Loss: 0.419220
Train Epoch: 55 [32000/50000 (64%)]	Loss: 0.459074
Train Epoch: 55 [35200/50000 (70%)]	Loss: 0.277398
Train Epoch: 55 [38400/50000 (77%)]	Loss: 0.345894
Train Epoch: 55 [41600/50000 (83%)]	Loss: 0.441386
Train Epoch: 55 [44800/50000 (90%)]	Loss: 0.460963
Train Epoch: 55 [48000/50000 (96%)]	Loss: 0.447012

Test set: Average loss: 0.0005, Accuracy: 8339/10000 (83%)

Train Epoch: 56 [0/50000 (0%)]	Loss: 0.372826
Train Epoch: 56 [3200/50000 (6%)]	Loss: 0.512100
Train Epoch: 56 [6400/50000 (13%)]	Loss: 0.291730
Train Epoch: 56 [9600/50000 (19%)]	Loss: 0.257582
Train Epoch: 56 [12800/50000 (26%)]	Loss: 0.438675
Train Epoch: 56 [16000/50000 (32%)]	Loss: 0.244245
Train Epoch: 56 [19200/50000 (38%)]	Loss: 0.238948
Train Epoch: 56 [22400/50000 (45%)]	Loss: 0.442424
Train Epoch: 56 [25600/50000 (51%)]	Loss: 0.310697
Train Epoch: 56 [28800/50000 (58%)]	Loss: 0.529287
Train Epoch: 56 [32000/50000 (64%)]	Loss: 0.488636
Train Epoch: 56 [35200/50000 (70%)]	Loss: 0.274678
Train Epoch: 56 [38400/50000 (77%)]	Loss: 0.353712
Train Epoch: 56 [41600/50000 (83%)]	Loss: 0.235518
Train Epoch: 56 [44800/50000 (90%)]	Loss: 0.388940
Train Epoch: 56 [48000/50000 (96%)]	Loss: 0.556397

Test set: Average loss: 0.0005, Accuracy: 8433/10000 (84%)

Train Epoch: 57 [0/50000 (0%)]	Loss: 0.228321
Train Epoch: 57 [3200/50000 (6%)]	Loss: 0.567268
Train Epoch: 57 [6400/50000 (13%)]	Loss: 0.320980
Train Epoch: 57 [9600/50000 (19%)]	Loss: 0.390314
Train Epoch: 57 [12800/50000 (26%)]	Loss: 0.313919
Train Epoch: 57 [16000/50000 (32%)]	Loss: 0.284591
Train Epoch: 57 [19200/50000 (38%)]	Loss: 0.425805
Train Epoch: 57 [22400/50000 (45%)]	Loss: 0.224416
Train Epoch: 57 [25600/50000 (51%)]	Loss: 0.176987
Train Epoch: 57 [28800/50000 (58%)]	Loss: 0.281068
Train Epoch: 57 [32000/50000 (64%)]	Loss: 0.498455
Train Epoch: 57 [35200/50000 (70%)]	Loss: 0.351129
Train Epoch: 57 [38400/50000 (77%)]	Loss: 0.284014
Train Epoch: 57 [41600/50000 (83%)]	Loss: 0.336845
Train Epoch: 57 [44800/50000 (90%)]	Loss: 0.465804
Train Epoch: 57 [48000/50000 (96%)]	Loss: 0.328185

Test set: Average loss: 0.0005, Accuracy: 8433/10000 (84%)

Train Epoch: 58 [0/50000 (0%)]	Loss: 0.456170
Train Epoch: 58 [3200/50000 (6%)]	Loss: 0.195114
Train Epoch: 58 [6400/50000 (13%)]	Loss: 0.472502
Train Epoch: 58 [9600/50000 (19%)]	Loss: 0.161593
Train Epoch: 58 [12800/50000 (26%)]	Loss: 0.392907
Train Epoch: 58 [16000/50000 (32%)]	Loss: 0.389417
Train Epoch: 58 [19200/50000 (38%)]	Loss: 0.274687
Train Epoch: 58 [22400/50000 (45%)]	Loss: 0.147933
Train Epoch: 58 [25600/50000 (51%)]	Loss: 0.329477
Train Epoch: 58 [28800/50000 (58%)]	Loss: 0.272575
Train Epoch: 58 [32000/50000 (64%)]	Loss: 0.399918
Train Epoch: 58 [35200/50000 (70%)]	Loss: 0.327310
Train Epoch: 58 [38400/50000 (77%)]	Loss: 0.305583
Train Epoch: 58 [41600/50000 (83%)]	Loss: 0.378871
Train Epoch: 58 [44800/50000 (90%)]	Loss: 0.452191
Train Epoch: 58 [48000/50000 (96%)]	Loss: 0.324863

Test set: Average loss: 0.0005, Accuracy: 8381/10000 (84%)

Train Epoch: 59 [0/50000 (0%)]	Loss: 0.252449
Train Epoch: 59 [3200/50000 (6%)]	Loss: 0.321091
Train Epoch: 59 [6400/50000 (13%)]	Loss: 0.350960
Train Epoch: 59 [9600/50000 (19%)]	Loss: 0.307856
Train Epoch: 59 [12800/50000 (26%)]	Loss: 0.435775
Train Epoch: 59 [16000/50000 (32%)]	Loss: 0.212117
Train Epoch: 59 [19200/50000 (38%)]	Loss: 0.374025
Train Epoch: 59 [22400/50000 (45%)]	Loss: 0.443237
Train Epoch: 59 [25600/50000 (51%)]	Loss: 0.257223
Train Epoch: 59 [28800/50000 (58%)]	Loss: 0.304610
Train Epoch: 59 [32000/50000 (64%)]	Loss: 0.434843
Train Epoch: 59 [35200/50000 (70%)]	Loss: 0.304289
Train Epoch: 59 [38400/50000 (77%)]	Loss: 0.339145
Train Epoch: 59 [41600/50000 (83%)]	Loss: 0.522954
Train Epoch: 59 [44800/50000 (90%)]	Loss: 0.374166
Train Epoch: 59 [48000/50000 (96%)]	Loss: 0.357384

Test set: Average loss: 0.0005, Accuracy: 8340/10000 (83%)

Train Epoch: 60 [0/50000 (0%)]	Loss: 0.235728
Train Epoch: 60 [3200/50000 (6%)]	Loss: 0.370164
Train Epoch: 60 [6400/50000 (13%)]	Loss: 0.335456
Train Epoch: 60 [9600/50000 (19%)]	Loss: 0.258087
Train Epoch: 60 [12800/50000 (26%)]	Loss: 0.418095
Train Epoch: 60 [16000/50000 (32%)]	Loss: 0.314234
Train Epoch: 60 [19200/50000 (38%)]	Loss: 0.416498
Train Epoch: 60 [22400/50000 (45%)]	Loss: 0.321930
Train Epoch: 60 [25600/50000 (51%)]	Loss: 0.483662
Train Epoch: 60 [28800/50000 (58%)]	Loss: 0.308220
Train Epoch: 60 [32000/50000 (64%)]	Loss: 0.356822
Train Epoch: 60 [35200/50000 (70%)]	Loss: 0.305034
Train Epoch: 60 [38400/50000 (77%)]	Loss: 0.385307
Train Epoch: 60 [41600/50000 (83%)]	Loss: 0.549503
Train Epoch: 60 [44800/50000 (90%)]	Loss: 0.317639
Train Epoch: 60 [48000/50000 (96%)]	Loss: 0.493196

Test set: Average loss: 0.0005, Accuracy: 8418/10000 (84%)

Train Epoch: 61 [0/50000 (0%)]	Loss: 0.341283
Train Epoch: 61 [3200/50000 (6%)]	Loss: 0.316430
Train Epoch: 61 [6400/50000 (13%)]	Loss: 0.306454
Train Epoch: 61 [9600/50000 (19%)]	Loss: 0.284930
Train Epoch: 61 [12800/50000 (26%)]	Loss: 0.265780
Train Epoch: 61 [16000/50000 (32%)]	Loss: 0.354621
Train Epoch: 61 [19200/50000 (38%)]	Loss: 0.269241
Train Epoch: 61 [22400/50000 (45%)]	Loss: 0.337544
Train Epoch: 61 [25600/50000 (51%)]	Loss: 0.319064
Train Epoch: 61 [28800/50000 (58%)]	Loss: 0.191284
Train Epoch: 61 [32000/50000 (64%)]	Loss: 0.420727
Train Epoch: 61 [35200/50000 (70%)]	Loss: 0.663561
Train Epoch: 61 [38400/50000 (77%)]	Loss: 0.665394
Train Epoch: 61 [41600/50000 (83%)]	Loss: 0.357533
Train Epoch: 61 [44800/50000 (90%)]	Loss: 0.332372
Train Epoch: 61 [48000/50000 (96%)]	Loss: 0.239581

Test set: Average loss: 0.0005, Accuracy: 8390/10000 (84%)

Train Epoch: 62 [0/50000 (0%)]	Loss: 0.504765
Train Epoch: 62 [3200/50000 (6%)]	Loss: 0.320195
Train Epoch: 62 [6400/50000 (13%)]	Loss: 0.351833
Train Epoch: 62 [9600/50000 (19%)]	Loss: 0.342438
Train Epoch: 62 [12800/50000 (26%)]	Loss: 0.310617
Train Epoch: 62 [16000/50000 (32%)]	Loss: 0.272755
Train Epoch: 62 [19200/50000 (38%)]	Loss: 0.335139
Train Epoch: 62 [22400/50000 (45%)]	Loss: 0.335547
Train Epoch: 62 [25600/50000 (51%)]	Loss: 0.291283
Train Epoch: 62 [28800/50000 (58%)]	Loss: 0.386890
Train Epoch: 62 [32000/50000 (64%)]	Loss: 0.423798
Train Epoch: 62 [35200/50000 (70%)]	Loss: 0.336770
Train Epoch: 62 [38400/50000 (77%)]	Loss: 0.297672
Train Epoch: 62 [41600/50000 (83%)]	Loss: 0.255609
Train Epoch: 62 [44800/50000 (90%)]	Loss: 0.396902
Train Epoch: 62 [48000/50000 (96%)]	Loss: 0.222995

Test set: Average loss: 0.0005, Accuracy: 8476/10000 (85%)

Train Epoch: 63 [0/50000 (0%)]	Loss: 0.427858
Train Epoch: 63 [3200/50000 (6%)]	Loss: 0.239909
Train Epoch: 63 [6400/50000 (13%)]	Loss: 0.231470
Train Epoch: 63 [9600/50000 (19%)]	Loss: 0.341618
Train Epoch: 63 [12800/50000 (26%)]	Loss: 0.432098
Train Epoch: 63 [16000/50000 (32%)]	Loss: 0.312112
Train Epoch: 63 [19200/50000 (38%)]	Loss: 0.288872
Train Epoch: 63 [22400/50000 (45%)]	Loss: 0.394271
Train Epoch: 63 [25600/50000 (51%)]	Loss: 0.248872
Train Epoch: 63 [28800/50000 (58%)]	Loss: 0.207747
Train Epoch: 63 [32000/50000 (64%)]	Loss: 0.203733
Train Epoch: 63 [35200/50000 (70%)]	Loss: 0.406379
Train Epoch: 63 [38400/50000 (77%)]	Loss: 0.205022
Train Epoch: 63 [41600/50000 (83%)]	Loss: 0.332764
Train Epoch: 63 [44800/50000 (90%)]	Loss: 0.372807
Train Epoch: 63 [48000/50000 (96%)]	Loss: 0.271665

Test set: Average loss: 0.0005, Accuracy: 8419/10000 (84%)

Train Epoch: 64 [0/50000 (0%)]	Loss: 0.420042
Train Epoch: 64 [3200/50000 (6%)]	Loss: 0.230797
Train Epoch: 64 [6400/50000 (13%)]	Loss: 0.225339
Train Epoch: 64 [9600/50000 (19%)]	Loss: 0.351119
Train Epoch: 64 [12800/50000 (26%)]	Loss: 0.475759
Train Epoch: 64 [16000/50000 (32%)]	Loss: 0.402496
Train Epoch: 64 [19200/50000 (38%)]	Loss: 0.471863
Train Epoch: 64 [22400/50000 (45%)]	Loss: 0.604355
Train Epoch: 64 [25600/50000 (51%)]	Loss: 0.187585
Train Epoch: 64 [28800/50000 (58%)]	Loss: 0.316469
Train Epoch: 64 [32000/50000 (64%)]	Loss: 0.225834
Train Epoch: 64 [35200/50000 (70%)]	Loss: 0.230691
Train Epoch: 64 [38400/50000 (77%)]	Loss: 0.401511
Train Epoch: 64 [41600/50000 (83%)]	Loss: 0.307664
Train Epoch: 64 [44800/50000 (90%)]	Loss: 0.295022
Train Epoch: 64 [48000/50000 (96%)]	Loss: 0.261711

Test set: Average loss: 0.0005, Accuracy: 8477/10000 (85%)

Train Epoch: 65 [0/50000 (0%)]	Loss: 0.458905
Train Epoch: 65 [3200/50000 (6%)]	Loss: 0.302531
Train Epoch: 65 [6400/50000 (13%)]	Loss: 0.291278
Train Epoch: 65 [9600/50000 (19%)]	Loss: 0.347118
Train Epoch: 65 [12800/50000 (26%)]	Loss: 0.361108
Train Epoch: 65 [16000/50000 (32%)]	Loss: 0.463037
Train Epoch: 65 [19200/50000 (38%)]	Loss: 0.358277
Train Epoch: 65 [22400/50000 (45%)]	Loss: 0.232012
Train Epoch: 65 [25600/50000 (51%)]	Loss: 0.417365
Train Epoch: 65 [28800/50000 (58%)]	Loss: 0.396589
Train Epoch: 65 [32000/50000 (64%)]	Loss: 0.293004
Train Epoch: 65 [35200/50000 (70%)]	Loss: 0.366660
Train Epoch: 65 [38400/50000 (77%)]	Loss: 0.249580
Train Epoch: 65 [41600/50000 (83%)]	Loss: 0.255903
Train Epoch: 65 [44800/50000 (90%)]	Loss: 0.347597
Train Epoch: 65 [48000/50000 (96%)]	Loss: 0.372629

Test set: Average loss: 0.0005, Accuracy: 8376/10000 (84%)

Train Epoch: 66 [0/50000 (0%)]	Loss: 0.343221
Train Epoch: 66 [3200/50000 (6%)]	Loss: 0.291939
Train Epoch: 66 [6400/50000 (13%)]	Loss: 0.265836
Train Epoch: 66 [9600/50000 (19%)]	Loss: 0.365986
Train Epoch: 66 [12800/50000 (26%)]	Loss: 0.352823
Train Epoch: 66 [16000/50000 (32%)]	Loss: 0.404711
Train Epoch: 66 [19200/50000 (38%)]	Loss: 0.241685
Train Epoch: 66 [22400/50000 (45%)]	Loss: 0.354327
Train Epoch: 66 [25600/50000 (51%)]	Loss: 0.449983
Train Epoch: 66 [28800/50000 (58%)]	Loss: 0.350677
Train Epoch: 66 [32000/50000 (64%)]	Loss: 0.210727
Train Epoch: 66 [35200/50000 (70%)]	Loss: 0.240599
Train Epoch: 66 [38400/50000 (77%)]	Loss: 0.232557
Train Epoch: 66 [41600/50000 (83%)]	Loss: 0.142736
Train Epoch: 66 [44800/50000 (90%)]	Loss: 0.423555
Train Epoch: 66 [48000/50000 (96%)]	Loss: 0.378004

Test set: Average loss: 0.0005, Accuracy: 8442/10000 (84%)

Train Epoch: 67 [0/50000 (0%)]	Loss: 0.338701
Train Epoch: 67 [3200/50000 (6%)]	Loss: 0.390855
Train Epoch: 67 [6400/50000 (13%)]	Loss: 0.288320
Train Epoch: 67 [9600/50000 (19%)]	Loss: 0.398448
Train Epoch: 67 [12800/50000 (26%)]	Loss: 0.138734
Train Epoch: 67 [16000/50000 (32%)]	Loss: 0.174792
Train Epoch: 67 [19200/50000 (38%)]	Loss: 0.299770
Train Epoch: 67 [22400/50000 (45%)]	Loss: 0.372180
Train Epoch: 67 [25600/50000 (51%)]	Loss: 0.257690
Train Epoch: 67 [28800/50000 (58%)]	Loss: 0.252626
Train Epoch: 67 [32000/50000 (64%)]	Loss: 0.569510
Train Epoch: 67 [35200/50000 (70%)]	Loss: 0.534805
Train Epoch: 67 [38400/50000 (77%)]	Loss: 0.266645
Train Epoch: 67 [41600/50000 (83%)]	Loss: 0.503636
Train Epoch: 67 [44800/50000 (90%)]	Loss: 0.259944
Train Epoch: 67 [48000/50000 (96%)]	Loss: 0.349812

Test set: Average loss: 0.0004, Accuracy: 8543/10000 (85%)

Train Epoch: 68 [0/50000 (0%)]	Loss: 0.369380
Train Epoch: 68 [3200/50000 (6%)]	Loss: 0.336319
Train Epoch: 68 [6400/50000 (13%)]	Loss: 0.368949
Train Epoch: 68 [9600/50000 (19%)]	Loss: 0.403862
Train Epoch: 68 [12800/50000 (26%)]	Loss: 0.229958
Train Epoch: 68 [16000/50000 (32%)]	Loss: 0.305506
Train Epoch: 68 [19200/50000 (38%)]	Loss: 0.413664
Train Epoch: 68 [22400/50000 (45%)]	Loss: 0.427635
Train Epoch: 68 [25600/50000 (51%)]	Loss: 0.238170
Train Epoch: 68 [28800/50000 (58%)]	Loss: 0.241861
Train Epoch: 68 [32000/50000 (64%)]	Loss: 0.198557
Train Epoch: 68 [35200/50000 (70%)]	Loss: 0.386135
Train Epoch: 68 [38400/50000 (77%)]	Loss: 0.456740
Train Epoch: 68 [41600/50000 (83%)]	Loss: 0.338215
Train Epoch: 68 [44800/50000 (90%)]	Loss: 0.289796
Train Epoch: 68 [48000/50000 (96%)]	Loss: 0.334431

Test set: Average loss: 0.0005, Accuracy: 8401/10000 (84%)

Train Epoch: 69 [0/50000 (0%)]	Loss: 0.187329
Train Epoch: 69 [3200/50000 (6%)]	Loss: 0.194479
Train Epoch: 69 [6400/50000 (13%)]	Loss: 0.221245
Train Epoch: 69 [9600/50000 (19%)]	Loss: 0.330620
Train Epoch: 69 [12800/50000 (26%)]	Loss: 0.249315
Train Epoch: 69 [16000/50000 (32%)]	Loss: 0.483120
Train Epoch: 69 [19200/50000 (38%)]	Loss: 0.299462
Train Epoch: 69 [22400/50000 (45%)]	Loss: 0.510509
Train Epoch: 69 [25600/50000 (51%)]	Loss: 0.239439
Train Epoch: 69 [28800/50000 (58%)]	Loss: 0.320507
Train Epoch: 69 [32000/50000 (64%)]	Loss: 0.343466
Train Epoch: 69 [35200/50000 (70%)]	Loss: 0.273494
Train Epoch: 69 [38400/50000 (77%)]	Loss: 0.280101
Train Epoch: 69 [41600/50000 (83%)]	Loss: 0.414693
Train Epoch: 69 [44800/50000 (90%)]	Loss: 0.300706
Train Epoch: 69 [48000/50000 (96%)]	Loss: 0.260718

Test set: Average loss: 0.0005, Accuracy: 8498/10000 (85%)

Train Epoch: 70 [0/50000 (0%)]	Loss: 0.248670
Train Epoch: 70 [3200/50000 (6%)]	Loss: 0.448591
Train Epoch: 70 [6400/50000 (13%)]	Loss: 0.260755
Train Epoch: 70 [9600/50000 (19%)]	Loss: 0.341343
Train Epoch: 70 [12800/50000 (26%)]	Loss: 0.438226
Train Epoch: 70 [16000/50000 (32%)]	Loss: 0.274289
Train Epoch: 70 [19200/50000 (38%)]	Loss: 0.323805
Train Epoch: 70 [22400/50000 (45%)]	Loss: 0.346110
Train Epoch: 70 [25600/50000 (51%)]	Loss: 0.261656
Train Epoch: 70 [28800/50000 (58%)]	Loss: 0.367378
Train Epoch: 70 [32000/50000 (64%)]	Loss: 0.258214
Train Epoch: 70 [35200/50000 (70%)]	Loss: 0.366752
Train Epoch: 70 [38400/50000 (77%)]	Loss: 0.442869
Train Epoch: 70 [41600/50000 (83%)]	Loss: 0.362596
Train Epoch: 70 [44800/50000 (90%)]	Loss: 0.351959
Train Epoch: 70 [48000/50000 (96%)]	Loss: 0.293949

Test set: Average loss: 0.0004, Accuracy: 8516/10000 (85%)

Train Epoch: 71 [0/50000 (0%)]	Loss: 0.336198
Train Epoch: 71 [3200/50000 (6%)]	Loss: 0.270559
Train Epoch: 71 [6400/50000 (13%)]	Loss: 0.274935
Train Epoch: 71 [9600/50000 (19%)]	Loss: 0.333092
Train Epoch: 71 [12800/50000 (26%)]	Loss: 0.304509
Train Epoch: 71 [16000/50000 (32%)]	Loss: 0.428439
Train Epoch: 71 [19200/50000 (38%)]	Loss: 0.333091
Train Epoch: 71 [22400/50000 (45%)]	Loss: 0.278036
Train Epoch: 71 [25600/50000 (51%)]	Loss: 0.544348
Train Epoch: 71 [28800/50000 (58%)]	Loss: 0.303321
Train Epoch: 71 [32000/50000 (64%)]	Loss: 0.267109
Train Epoch: 71 [35200/50000 (70%)]	Loss: 0.322529
Train Epoch: 71 [38400/50000 (77%)]	Loss: 0.377545
Train Epoch: 71 [41600/50000 (83%)]	Loss: 0.307176
Train Epoch: 71 [44800/50000 (90%)]	Loss: 0.358843
Train Epoch: 71 [48000/50000 (96%)]	Loss: 0.424489

Test set: Average loss: 0.0005, Accuracy: 8468/10000 (85%)

Train Epoch: 72 [0/50000 (0%)]	Loss: 0.374970
Train Epoch: 72 [3200/50000 (6%)]	Loss: 0.193709
Train Epoch: 72 [6400/50000 (13%)]	Loss: 0.307417
Train Epoch: 72 [9600/50000 (19%)]	Loss: 0.252412
Train Epoch: 72 [12800/50000 (26%)]	Loss: 0.277411
Train Epoch: 72 [16000/50000 (32%)]	Loss: 0.314098
Train Epoch: 72 [19200/50000 (38%)]	Loss: 0.320009
Train Epoch: 72 [22400/50000 (45%)]	Loss: 0.368977
Train Epoch: 72 [25600/50000 (51%)]	Loss: 0.243236
Train Epoch: 72 [28800/50000 (58%)]	Loss: 0.305553
Train Epoch: 72 [32000/50000 (64%)]	Loss: 0.247750
Train Epoch: 72 [35200/50000 (70%)]	Loss: 0.271701
Train Epoch: 72 [38400/50000 (77%)]	Loss: 0.236600
Train Epoch: 72 [41600/50000 (83%)]	Loss: 0.314599
Train Epoch: 72 [44800/50000 (90%)]	Loss: 0.273935
Train Epoch: 72 [48000/50000 (96%)]	Loss: 0.484334

Test set: Average loss: 0.0005, Accuracy: 8498/10000 (85%)

Train Epoch: 73 [0/50000 (0%)]	Loss: 0.289552
Train Epoch: 73 [3200/50000 (6%)]	Loss: 0.335907
Train Epoch: 73 [6400/50000 (13%)]	Loss: 0.326906
Train Epoch: 73 [9600/50000 (19%)]	Loss: 0.275646
Train Epoch: 73 [12800/50000 (26%)]	Loss: 0.343596
Train Epoch: 73 [16000/50000 (32%)]	Loss: 0.368865
Train Epoch: 73 [19200/50000 (38%)]	Loss: 0.472053
Train Epoch: 73 [22400/50000 (45%)]	Loss: 0.343685
Train Epoch: 73 [25600/50000 (51%)]	Loss: 0.265999
Train Epoch: 73 [28800/50000 (58%)]	Loss: 0.337233
Train Epoch: 73 [32000/50000 (64%)]	Loss: 0.206102
Train Epoch: 73 [35200/50000 (70%)]	Loss: 0.250786
Train Epoch: 73 [38400/50000 (77%)]	Loss: 0.465895
Train Epoch: 73 [41600/50000 (83%)]	Loss: 0.149022
Train Epoch: 73 [44800/50000 (90%)]	Loss: 0.399472
Train Epoch: 73 [48000/50000 (96%)]	Loss: 0.330112

Test set: Average loss: 0.0005, Accuracy: 8472/10000 (85%)

Train Epoch: 74 [0/50000 (0%)]	Loss: 0.303094
Train Epoch: 74 [3200/50000 (6%)]	Loss: 0.279080
Train Epoch: 74 [6400/50000 (13%)]	Loss: 0.427083
Train Epoch: 74 [9600/50000 (19%)]	Loss: 0.296234
Train Epoch: 74 [12800/50000 (26%)]	Loss: 0.347341
Train Epoch: 74 [16000/50000 (32%)]	Loss: 0.398605
Train Epoch: 74 [19200/50000 (38%)]	Loss: 0.220628
Train Epoch: 74 [22400/50000 (45%)]	Loss: 0.471393
Train Epoch: 74 [25600/50000 (51%)]	Loss: 0.325508
Train Epoch: 74 [28800/50000 (58%)]	Loss: 0.430997
Train Epoch: 74 [32000/50000 (64%)]	Loss: 0.190483
Train Epoch: 74 [35200/50000 (70%)]	Loss: 0.188438
Train Epoch: 74 [38400/50000 (77%)]	Loss: 0.359804
Train Epoch: 74 [41600/50000 (83%)]	Loss: 0.318071
Train Epoch: 74 [44800/50000 (90%)]	Loss: 0.216559
Train Epoch: 74 [48000/50000 (96%)]	Loss: 0.258496

Test set: Average loss: 0.0005, Accuracy: 8501/10000 (85%)

Train Epoch: 75 [0/50000 (0%)]	Loss: 0.232974
Train Epoch: 75 [3200/50000 (6%)]	Loss: 0.324278
Train Epoch: 75 [6400/50000 (13%)]	Loss: 0.396923
Train Epoch: 75 [9600/50000 (19%)]	Loss: 0.236896
Train Epoch: 75 [12800/50000 (26%)]	Loss: 0.250958
Train Epoch: 75 [16000/50000 (32%)]	Loss: 0.383699
Train Epoch: 75 [19200/50000 (38%)]	Loss: 0.256720
Train Epoch: 75 [22400/50000 (45%)]	Loss: 0.259103
Train Epoch: 75 [25600/50000 (51%)]	Loss: 0.274661
Train Epoch: 75 [28800/50000 (58%)]	Loss: 0.293290
Train Epoch: 75 [32000/50000 (64%)]	Loss: 0.498026
Train Epoch: 75 [35200/50000 (70%)]	Loss: 0.332785
Train Epoch: 75 [38400/50000 (77%)]	Loss: 0.330240
Train Epoch: 75 [41600/50000 (83%)]	Loss: 0.209098
Train Epoch: 75 [44800/50000 (90%)]	Loss: 0.227731
Train Epoch: 75 [48000/50000 (96%)]	Loss: 0.280164

Test set: Average loss: 0.0005, Accuracy: 8476/10000 (85%)

Train Epoch: 76 [0/50000 (0%)]	Loss: 0.271879
Train Epoch: 76 [3200/50000 (6%)]	Loss: 0.467847
Train Epoch: 76 [6400/50000 (13%)]	Loss: 0.216876
Train Epoch: 76 [9600/50000 (19%)]	Loss: 0.392356
Train Epoch: 76 [12800/50000 (26%)]	Loss: 0.280708
Train Epoch: 76 [16000/50000 (32%)]	Loss: 0.490255
Train Epoch: 76 [19200/50000 (38%)]	Loss: 0.230434
Train Epoch: 76 [22400/50000 (45%)]	Loss: 0.288219
Train Epoch: 76 [25600/50000 (51%)]	Loss: 0.283969
Train Epoch: 76 [28800/50000 (58%)]	Loss: 0.221697
Train Epoch: 76 [32000/50000 (64%)]	Loss: 0.263276
Train Epoch: 76 [35200/50000 (70%)]	Loss: 0.155458
Train Epoch: 76 [38400/50000 (77%)]	Loss: 0.190911
Train Epoch: 76 [41600/50000 (83%)]	Loss: 0.520891
Train Epoch: 76 [44800/50000 (90%)]	Loss: 0.168277
Train Epoch: 76 [48000/50000 (96%)]	Loss: 0.176076

Test set: Average loss: 0.0005, Accuracy: 8479/10000 (85%)

Train Epoch: 77 [0/50000 (0%)]	Loss: 0.323553
Train Epoch: 77 [3200/50000 (6%)]	Loss: 0.177908
Train Epoch: 77 [6400/50000 (13%)]	Loss: 0.315908
Train Epoch: 77 [9600/50000 (19%)]	Loss: 0.428317
Train Epoch: 77 [12800/50000 (26%)]	Loss: 0.390617
Train Epoch: 77 [16000/50000 (32%)]	Loss: 0.310561
Train Epoch: 77 [19200/50000 (38%)]	Loss: 0.259363
Train Epoch: 77 [22400/50000 (45%)]	Loss: 0.323069
Train Epoch: 77 [25600/50000 (51%)]	Loss: 0.414934
Train Epoch: 77 [28800/50000 (58%)]	Loss: 0.296411
Train Epoch: 77 [32000/50000 (64%)]	Loss: 0.499601
Train Epoch: 77 [35200/50000 (70%)]	Loss: 0.282844
Train Epoch: 77 [38400/50000 (77%)]	Loss: 0.211124
Train Epoch: 77 [41600/50000 (83%)]	Loss: 0.120234
Train Epoch: 77 [44800/50000 (90%)]	Loss: 0.269569
Train Epoch: 77 [48000/50000 (96%)]	Loss: 0.332314

Test set: Average loss: 0.0005, Accuracy: 8526/10000 (85%)

Train Epoch: 78 [0/50000 (0%)]	Loss: 0.378818
Train Epoch: 78 [3200/50000 (6%)]	Loss: 0.339162
Train Epoch: 78 [6400/50000 (13%)]	Loss: 0.257883
Train Epoch: 78 [9600/50000 (19%)]	Loss: 0.396671
Train Epoch: 78 [12800/50000 (26%)]	Loss: 0.305711
Train Epoch: 78 [16000/50000 (32%)]	Loss: 0.352679
Train Epoch: 78 [19200/50000 (38%)]	Loss: 0.381000
Train Epoch: 78 [22400/50000 (45%)]	Loss: 0.289903
Train Epoch: 78 [25600/50000 (51%)]	Loss: 0.319483
Train Epoch: 78 [28800/50000 (58%)]	Loss: 0.204779
Train Epoch: 78 [32000/50000 (64%)]	Loss: 0.267790
Train Epoch: 78 [35200/50000 (70%)]	Loss: 0.453429
Train Epoch: 78 [38400/50000 (77%)]	Loss: 0.474128
Train Epoch: 78 [41600/50000 (83%)]	Loss: 0.327956
Train Epoch: 78 [44800/50000 (90%)]	Loss: 0.255022
Train Epoch: 78 [48000/50000 (96%)]	Loss: 0.254368

Test set: Average loss: 0.0005, Accuracy: 8491/10000 (85%)

Train Epoch: 79 [0/50000 (0%)]	Loss: 0.197079
Train Epoch: 79 [3200/50000 (6%)]	Loss: 0.227569
Train Epoch: 79 [6400/50000 (13%)]	Loss: 0.339414
Train Epoch: 79 [9600/50000 (19%)]	Loss: 0.349880
Train Epoch: 79 [12800/50000 (26%)]	Loss: 0.309742
Train Epoch: 79 [16000/50000 (32%)]	Loss: 0.228038
Train Epoch: 79 [19200/50000 (38%)]	Loss: 0.156842
Train Epoch: 79 [22400/50000 (45%)]	Loss: 0.471642
Train Epoch: 79 [25600/50000 (51%)]	Loss: 0.446092
Train Epoch: 79 [28800/50000 (58%)]	Loss: 0.401509
Train Epoch: 79 [32000/50000 (64%)]	Loss: 0.359461
Train Epoch: 79 [35200/50000 (70%)]	Loss: 0.135555
Train Epoch: 79 [38400/50000 (77%)]	Loss: 0.148115
Train Epoch: 79 [41600/50000 (83%)]	Loss: 0.162001
Train Epoch: 79 [44800/50000 (90%)]	Loss: 0.368838
Train Epoch: 79 [48000/50000 (96%)]	Loss: 0.294978

Test set: Average loss: 0.0005, Accuracy: 8514/10000 (85%)

Train Epoch: 80 [0/50000 (0%)]	Loss: 0.225318
Train Epoch: 80 [3200/50000 (6%)]	Loss: 0.182934
Train Epoch: 80 [6400/50000 (13%)]	Loss: 0.316122
Train Epoch: 80 [9600/50000 (19%)]	Loss: 0.318451
Train Epoch: 80 [12800/50000 (26%)]	Loss: 0.285240
Train Epoch: 80 [16000/50000 (32%)]	Loss: 0.388360
Train Epoch: 80 [19200/50000 (38%)]	Loss: 0.312249
Train Epoch: 80 [22400/50000 (45%)]	Loss: 0.219616
Train Epoch: 80 [25600/50000 (51%)]	Loss: 0.189707
Train Epoch: 80 [28800/50000 (58%)]	Loss: 0.619551
Train Epoch: 80 [32000/50000 (64%)]	Loss: 0.221393
Train Epoch: 80 [35200/50000 (70%)]	Loss: 0.348949
Train Epoch: 80 [38400/50000 (77%)]	Loss: 0.253846
Train Epoch: 80 [41600/50000 (83%)]	Loss: 0.183358
Train Epoch: 80 [44800/50000 (90%)]	Loss: 0.568971
Train Epoch: 80 [48000/50000 (96%)]	Loss: 0.444885

Test set: Average loss: 0.0005, Accuracy: 8546/10000 (85%)

Train Epoch: 81 [0/50000 (0%)]	Loss: 0.491049
Train Epoch: 81 [3200/50000 (6%)]	Loss: 0.202084
Train Epoch: 81 [6400/50000 (13%)]	Loss: 0.174833
Train Epoch: 81 [9600/50000 (19%)]	Loss: 0.106663
Train Epoch: 81 [12800/50000 (26%)]	Loss: 0.290180
Train Epoch: 81 [16000/50000 (32%)]	Loss: 0.256577
Train Epoch: 81 [19200/50000 (38%)]	Loss: 0.232470
Train Epoch: 81 [22400/50000 (45%)]	Loss: 0.265236
Train Epoch: 81 [25600/50000 (51%)]	Loss: 0.248105
Train Epoch: 81 [28800/50000 (58%)]	Loss: 0.370804
Train Epoch: 81 [32000/50000 (64%)]	Loss: 0.210737
Train Epoch: 81 [35200/50000 (70%)]	Loss: 0.217878
Train Epoch: 81 [38400/50000 (77%)]	Loss: 0.530421
Train Epoch: 81 [41600/50000 (83%)]	Loss: 0.236079
Train Epoch: 81 [44800/50000 (90%)]	Loss: 0.433614
Train Epoch: 81 [48000/50000 (96%)]	Loss: 0.276555

Test set: Average loss: 0.0004, Accuracy: 8691/10000 (87%)

Train Epoch: 82 [0/50000 (0%)]	Loss: 0.248095
Train Epoch: 82 [3200/50000 (6%)]	Loss: 0.202633
Train Epoch: 82 [6400/50000 (13%)]	Loss: 0.124438
Train Epoch: 82 [9600/50000 (19%)]	Loss: 0.369157
Train Epoch: 82 [12800/50000 (26%)]	Loss: 0.197788
Train Epoch: 82 [16000/50000 (32%)]	Loss: 0.151734
Train Epoch: 82 [19200/50000 (38%)]	Loss: 0.197973
Train Epoch: 82 [22400/50000 (45%)]	Loss: 0.215741
Train Epoch: 82 [25600/50000 (51%)]	Loss: 0.141517
Train Epoch: 82 [28800/50000 (58%)]	Loss: 0.250672
Train Epoch: 82 [32000/50000 (64%)]	Loss: 0.192138
Train Epoch: 82 [35200/50000 (70%)]	Loss: 0.340979
Train Epoch: 82 [38400/50000 (77%)]	Loss: 0.290840
Train Epoch: 82 [41600/50000 (83%)]	Loss: 0.250556
Train Epoch: 82 [44800/50000 (90%)]	Loss: 0.159485
Train Epoch: 82 [48000/50000 (96%)]	Loss: 0.234538

Test set: Average loss: 0.0004, Accuracy: 8695/10000 (87%)

Train Epoch: 83 [0/50000 (0%)]	Loss: 0.144143
Train Epoch: 83 [3200/50000 (6%)]	Loss: 0.100989
Train Epoch: 83 [6400/50000 (13%)]	Loss: 0.286507
Train Epoch: 83 [9600/50000 (19%)]	Loss: 0.285115
Train Epoch: 83 [12800/50000 (26%)]	Loss: 0.329133
Train Epoch: 83 [16000/50000 (32%)]	Loss: 0.192714
Train Epoch: 83 [19200/50000 (38%)]	Loss: 0.268964
Train Epoch: 83 [22400/50000 (45%)]	Loss: 0.191638
Train Epoch: 83 [25600/50000 (51%)]	Loss: 0.203290
Train Epoch: 83 [28800/50000 (58%)]	Loss: 0.239735
Train Epoch: 83 [32000/50000 (64%)]	Loss: 0.301247
Train Epoch: 83 [35200/50000 (70%)]	Loss: 0.236503
Train Epoch: 83 [38400/50000 (77%)]	Loss: 0.247196
Train Epoch: 83 [41600/50000 (83%)]	Loss: 0.173768
Train Epoch: 83 [44800/50000 (90%)]	Loss: 0.212510
Train Epoch: 83 [48000/50000 (96%)]	Loss: 0.303454

Test set: Average loss: 0.0004, Accuracy: 8688/10000 (87%)

Train Epoch: 84 [0/50000 (0%)]	Loss: 0.206073
Train Epoch: 84 [3200/50000 (6%)]	Loss: 0.265484
Train Epoch: 84 [6400/50000 (13%)]	Loss: 0.169539
Train Epoch: 84 [9600/50000 (19%)]	Loss: 0.300637
Train Epoch: 84 [12800/50000 (26%)]	Loss: 0.232290
Train Epoch: 84 [16000/50000 (32%)]	Loss: 0.267659
Train Epoch: 84 [19200/50000 (38%)]	Loss: 0.229787
Train Epoch: 84 [22400/50000 (45%)]	Loss: 0.131935
Train Epoch: 84 [25600/50000 (51%)]	Loss: 0.208217
Train Epoch: 84 [28800/50000 (58%)]	Loss: 0.193089
Train Epoch: 84 [32000/50000 (64%)]	Loss: 0.210332
Train Epoch: 84 [35200/50000 (70%)]	Loss: 0.212105
Train Epoch: 84 [38400/50000 (77%)]	Loss: 0.176667
Train Epoch: 84 [41600/50000 (83%)]	Loss: 0.223601
Train Epoch: 84 [44800/50000 (90%)]	Loss: 0.253389
Train Epoch: 84 [48000/50000 (96%)]	Loss: 0.180359

Test set: Average loss: 0.0004, Accuracy: 8693/10000 (87%)

Train Epoch: 85 [0/50000 (0%)]	Loss: 0.160911
Train Epoch: 85 [3200/50000 (6%)]	Loss: 0.189696
Train Epoch: 85 [6400/50000 (13%)]	Loss: 0.158019
Train Epoch: 85 [9600/50000 (19%)]	Loss: 0.078259
Train Epoch: 85 [12800/50000 (26%)]	Loss: 0.214891
Train Epoch: 85 [16000/50000 (32%)]	Loss: 0.181465
Train Epoch: 85 [19200/50000 (38%)]	Loss: 0.177554
Train Epoch: 85 [22400/50000 (45%)]	Loss: 0.271632
Train Epoch: 85 [25600/50000 (51%)]	Loss: 0.232831
Train Epoch: 85 [28800/50000 (58%)]	Loss: 0.325112
Train Epoch: 85 [32000/50000 (64%)]	Loss: 0.080315
Train Epoch: 85 [35200/50000 (70%)]	Loss: 0.206297
Train Epoch: 85 [38400/50000 (77%)]	Loss: 0.160511
Train Epoch: 85 [41600/50000 (83%)]	Loss: 0.112705
Train Epoch: 85 [44800/50000 (90%)]	Loss: 0.275329
Train Epoch: 85 [48000/50000 (96%)]	Loss: 0.210561

Test set: Average loss: 0.0004, Accuracy: 8676/10000 (87%)

Train Epoch: 86 [0/50000 (0%)]	Loss: 0.214446
Train Epoch: 86 [3200/50000 (6%)]	Loss: 0.181894
Train Epoch: 86 [6400/50000 (13%)]	Loss: 0.195002
Train Epoch: 86 [9600/50000 (19%)]	Loss: 0.149968
Train Epoch: 86 [12800/50000 (26%)]	Loss: 0.205351
Train Epoch: 86 [16000/50000 (32%)]	Loss: 0.239460
Train Epoch: 86 [19200/50000 (38%)]	Loss: 0.243471
Train Epoch: 86 [22400/50000 (45%)]	Loss: 0.195015
Train Epoch: 86 [25600/50000 (51%)]	Loss: 0.121953
Train Epoch: 86 [28800/50000 (58%)]	Loss: 0.259292
Train Epoch: 86 [32000/50000 (64%)]	Loss: 0.188449
Train Epoch: 86 [35200/50000 (70%)]	Loss: 0.493694
Train Epoch: 86 [38400/50000 (77%)]	Loss: 0.325896
Train Epoch: 86 [41600/50000 (83%)]	Loss: 0.266311
Train Epoch: 86 [44800/50000 (90%)]	Loss: 0.158046
Train Epoch: 86 [48000/50000 (96%)]	Loss: 0.236176

Test set: Average loss: 0.0004, Accuracy: 8685/10000 (87%)

Train Epoch: 87 [0/50000 (0%)]	Loss: 0.139241
Train Epoch: 87 [3200/50000 (6%)]	Loss: 0.316628
Train Epoch: 87 [6400/50000 (13%)]	Loss: 0.236861
Train Epoch: 87 [9600/50000 (19%)]	Loss: 0.203551
Train Epoch: 87 [12800/50000 (26%)]	Loss: 0.219572
Train Epoch: 87 [16000/50000 (32%)]	Loss: 0.265732
Train Epoch: 87 [19200/50000 (38%)]	Loss: 0.102058
Train Epoch: 87 [22400/50000 (45%)]	Loss: 0.240261
Train Epoch: 87 [25600/50000 (51%)]	Loss: 0.120560
Train Epoch: 87 [28800/50000 (58%)]	Loss: 0.300477
Train Epoch: 87 [32000/50000 (64%)]	Loss: 0.170645
Train Epoch: 87 [35200/50000 (70%)]	Loss: 0.189259
Train Epoch: 87 [38400/50000 (77%)]	Loss: 0.222998
Train Epoch: 87 [41600/50000 (83%)]	Loss: 0.160207
Train Epoch: 87 [44800/50000 (90%)]	Loss: 0.211133
Train Epoch: 87 [48000/50000 (96%)]	Loss: 0.235650

Test set: Average loss: 0.0004, Accuracy: 8685/10000 (87%)

Train Epoch: 88 [0/50000 (0%)]	Loss: 0.191079
Train Epoch: 88 [3200/50000 (6%)]	Loss: 0.155107
Train Epoch: 88 [6400/50000 (13%)]	Loss: 0.152734
Train Epoch: 88 [9600/50000 (19%)]	Loss: 0.131756
Train Epoch: 88 [12800/50000 (26%)]	Loss: 0.271341
Train Epoch: 88 [16000/50000 (32%)]	Loss: 0.229302
Train Epoch: 88 [19200/50000 (38%)]	Loss: 0.274593
Train Epoch: 88 [22400/50000 (45%)]	Loss: 0.248637
Train Epoch: 88 [25600/50000 (51%)]	Loss: 0.089867
Train Epoch: 88 [28800/50000 (58%)]	Loss: 0.177510
Train Epoch: 88 [32000/50000 (64%)]	Loss: 0.168101
Train Epoch: 88 [35200/50000 (70%)]	Loss: 0.101465
Train Epoch: 88 [38400/50000 (77%)]	Loss: 0.095658
Train Epoch: 88 [41600/50000 (83%)]	Loss: 0.302031
Train Epoch: 88 [44800/50000 (90%)]	Loss: 0.221263
Train Epoch: 88 [48000/50000 (96%)]	Loss: 0.173605

Test set: Average loss: 0.0004, Accuracy: 8695/10000 (87%)

Train Epoch: 89 [0/50000 (0%)]	Loss: 0.147554
Train Epoch: 89 [3200/50000 (6%)]	Loss: 0.154838
Train Epoch: 89 [6400/50000 (13%)]	Loss: 0.277938
Train Epoch: 89 [9600/50000 (19%)]	Loss: 0.130174
Train Epoch: 89 [12800/50000 (26%)]	Loss: 0.310058
Train Epoch: 89 [16000/50000 (32%)]	Loss: 0.123529
Train Epoch: 89 [19200/50000 (38%)]	Loss: 0.234210
Train Epoch: 89 [22400/50000 (45%)]	Loss: 0.114960
Train Epoch: 89 [25600/50000 (51%)]	Loss: 0.130945
Train Epoch: 89 [28800/50000 (58%)]	Loss: 0.176568
Train Epoch: 89 [32000/50000 (64%)]	Loss: 0.302059
Train Epoch: 89 [35200/50000 (70%)]	Loss: 0.111834
Train Epoch: 89 [38400/50000 (77%)]	Loss: 0.187896
Train Epoch: 89 [41600/50000 (83%)]	Loss: 0.327000
Train Epoch: 89 [44800/50000 (90%)]	Loss: 0.092301
Train Epoch: 89 [48000/50000 (96%)]	Loss: 0.380992

Test set: Average loss: 0.0004, Accuracy: 8677/10000 (87%)

Train Epoch: 90 [0/50000 (0%)]	Loss: 0.129035
Train Epoch: 90 [3200/50000 (6%)]	Loss: 0.175624
Train Epoch: 90 [6400/50000 (13%)]	Loss: 0.077351
Train Epoch: 90 [9600/50000 (19%)]	Loss: 0.249504
Train Epoch: 90 [12800/50000 (26%)]	Loss: 0.075955
Train Epoch: 90 [16000/50000 (32%)]	Loss: 0.173701
Train Epoch: 90 [19200/50000 (38%)]	Loss: 0.266395
Train Epoch: 90 [22400/50000 (45%)]	Loss: 0.193793
Train Epoch: 90 [25600/50000 (51%)]	Loss: 0.092282
Train Epoch: 90 [28800/50000 (58%)]	Loss: 0.099138
Train Epoch: 90 [32000/50000 (64%)]	Loss: 0.143069
Train Epoch: 90 [35200/50000 (70%)]	Loss: 0.143845
Train Epoch: 90 [38400/50000 (77%)]	Loss: 0.217379
Train Epoch: 90 [41600/50000 (83%)]	Loss: 0.279371
Train Epoch: 90 [44800/50000 (90%)]	Loss: 0.140513
Train Epoch: 90 [48000/50000 (96%)]	Loss: 0.157261

Test set: Average loss: 0.0004, Accuracy: 8700/10000 (87%)

Train Epoch: 91 [0/50000 (0%)]	Loss: 0.110915
Train Epoch: 91 [3200/50000 (6%)]	Loss: 0.356548
Train Epoch: 91 [6400/50000 (13%)]	Loss: 0.067779
Train Epoch: 91 [9600/50000 (19%)]	Loss: 0.215611
Train Epoch: 91 [12800/50000 (26%)]	Loss: 0.085087
Train Epoch: 91 [16000/50000 (32%)]	Loss: 0.185587
Train Epoch: 91 [19200/50000 (38%)]	Loss: 0.296527
Train Epoch: 91 [22400/50000 (45%)]	Loss: 0.078794
Train Epoch: 91 [25600/50000 (51%)]	Loss: 0.041946
Train Epoch: 91 [28800/50000 (58%)]	Loss: 0.256404
Train Epoch: 91 [32000/50000 (64%)]	Loss: 0.282682
Train Epoch: 91 [35200/50000 (70%)]	Loss: 0.145756
Train Epoch: 91 [38400/50000 (77%)]	Loss: 0.241303
Train Epoch: 91 [41600/50000 (83%)]	Loss: 0.185481
Train Epoch: 91 [44800/50000 (90%)]	Loss: 0.183951
Train Epoch: 91 [48000/50000 (96%)]	Loss: 0.196541

Test set: Average loss: 0.0004, Accuracy: 8708/10000 (87%)

Train Epoch: 92 [0/50000 (0%)]	Loss: 0.132318
Train Epoch: 92 [3200/50000 (6%)]	Loss: 0.103125
Train Epoch: 92 [6400/50000 (13%)]	Loss: 0.189489
Train Epoch: 92 [9600/50000 (19%)]	Loss: 0.198103
Train Epoch: 92 [12800/50000 (26%)]	Loss: 0.151636
Train Epoch: 92 [16000/50000 (32%)]	Loss: 0.169042
Train Epoch: 92 [19200/50000 (38%)]	Loss: 0.140569
Train Epoch: 92 [22400/50000 (45%)]	Loss: 0.286125
Train Epoch: 92 [25600/50000 (51%)]	Loss: 0.114136
Train Epoch: 92 [28800/50000 (58%)]	Loss: 0.173387
Train Epoch: 92 [32000/50000 (64%)]	Loss: 0.283359
Train Epoch: 92 [35200/50000 (70%)]	Loss: 0.266562
Train Epoch: 92 [38400/50000 (77%)]	Loss: 0.266807
Train Epoch: 92 [41600/50000 (83%)]	Loss: 0.108003
Train Epoch: 92 [44800/50000 (90%)]	Loss: 0.198318
Train Epoch: 92 [48000/50000 (96%)]	Loss: 0.246683

Test set: Average loss: 0.0004, Accuracy: 8669/10000 (87%)

Train Epoch: 93 [0/50000 (0%)]	Loss: 0.123824
Train Epoch: 93 [3200/50000 (6%)]	Loss: 0.388165
Train Epoch: 93 [6400/50000 (13%)]	Loss: 0.357408
Train Epoch: 93 [9600/50000 (19%)]	Loss: 0.113669
Train Epoch: 93 [12800/50000 (26%)]	Loss: 0.241794
Train Epoch: 93 [16000/50000 (32%)]	Loss: 0.116154
Train Epoch: 93 [19200/50000 (38%)]	Loss: 0.137777
Train Epoch: 93 [22400/50000 (45%)]	Loss: 0.261240
Train Epoch: 93 [25600/50000 (51%)]	Loss: 0.144326
Train Epoch: 93 [28800/50000 (58%)]	Loss: 0.172789
Train Epoch: 93 [32000/50000 (64%)]	Loss: 0.310034
Train Epoch: 93 [35200/50000 (70%)]	Loss: 0.274362
Train Epoch: 93 [38400/50000 (77%)]	Loss: 0.147630
Train Epoch: 93 [41600/50000 (83%)]	Loss: 0.193250
Train Epoch: 93 [44800/50000 (90%)]	Loss: 0.162427
Train Epoch: 93 [48000/50000 (96%)]	Loss: 0.266150

Test set: Average loss: 0.0005, Accuracy: 8687/10000 (87%)

Train Epoch: 94 [0/50000 (0%)]	Loss: 0.386192
Train Epoch: 94 [3200/50000 (6%)]	Loss: 0.185522
Train Epoch: 94 [6400/50000 (13%)]	Loss: 0.074338
Train Epoch: 94 [9600/50000 (19%)]	Loss: 0.096237
Train Epoch: 94 [12800/50000 (26%)]	Loss: 0.155353
Train Epoch: 94 [16000/50000 (32%)]	Loss: 0.215925
Train Epoch: 94 [19200/50000 (38%)]	Loss: 0.167581
Train Epoch: 94 [22400/50000 (45%)]	Loss: 0.135056
Train Epoch: 94 [25600/50000 (51%)]	Loss: 0.287059
Train Epoch: 94 [28800/50000 (58%)]	Loss: 0.189253
Train Epoch: 94 [32000/50000 (64%)]	Loss: 0.196073
Train Epoch: 94 [35200/50000 (70%)]	Loss: 0.085520
Train Epoch: 94 [38400/50000 (77%)]	Loss: 0.238591
Train Epoch: 94 [41600/50000 (83%)]	Loss: 0.129026
Train Epoch: 94 [44800/50000 (90%)]	Loss: 0.195279
Train Epoch: 94 [48000/50000 (96%)]	Loss: 0.180350

Test set: Average loss: 0.0004, Accuracy: 8708/10000 (87%)

Train Epoch: 95 [0/50000 (0%)]	Loss: 0.292143
Train Epoch: 95 [3200/50000 (6%)]	Loss: 0.246297
Train Epoch: 95 [6400/50000 (13%)]	Loss: 0.143969
Train Epoch: 95 [9600/50000 (19%)]	Loss: 0.105713
Train Epoch: 95 [12800/50000 (26%)]	Loss: 0.088331
Train Epoch: 95 [16000/50000 (32%)]	Loss: 0.124655
Train Epoch: 95 [19200/50000 (38%)]	Loss: 0.180963
Train Epoch: 95 [22400/50000 (45%)]	Loss: 0.181024
Train Epoch: 95 [25600/50000 (51%)]	Loss: 0.102659
Train Epoch: 95 [28800/50000 (58%)]	Loss: 0.209896
Train Epoch: 95 [32000/50000 (64%)]	Loss: 0.117257
Train Epoch: 95 [35200/50000 (70%)]	Loss: 0.125534
Train Epoch: 95 [38400/50000 (77%)]	Loss: 0.358219
Train Epoch: 95 [41600/50000 (83%)]	Loss: 0.211739
Train Epoch: 95 [44800/50000 (90%)]	Loss: 0.184288
Train Epoch: 95 [48000/50000 (96%)]	Loss: 0.220198

Test set: Average loss: 0.0004, Accuracy: 8715/10000 (87%)

Train Epoch: 96 [0/50000 (0%)]	Loss: 0.163039
Train Epoch: 96 [3200/50000 (6%)]	Loss: 0.091358
Train Epoch: 96 [6400/50000 (13%)]	Loss: 0.063879
Train Epoch: 96 [9600/50000 (19%)]	Loss: 0.143451
Train Epoch: 96 [12800/50000 (26%)]	Loss: 0.060583
Train Epoch: 96 [16000/50000 (32%)]	Loss: 0.106198
Train Epoch: 96 [19200/50000 (38%)]	Loss: 0.304898
Train Epoch: 96 [22400/50000 (45%)]	Loss: 0.126197
Train Epoch: 96 [25600/50000 (51%)]	Loss: 0.236494
Train Epoch: 96 [28800/50000 (58%)]	Loss: 0.123254
Train Epoch: 96 [32000/50000 (64%)]	Loss: 0.079828
Train Epoch: 96 [35200/50000 (70%)]	Loss: 0.186236
Train Epoch: 96 [38400/50000 (77%)]	Loss: 0.128123
Train Epoch: 96 [41600/50000 (83%)]	Loss: 0.057167
Train Epoch: 96 [44800/50000 (90%)]	Loss: 0.162118
Train Epoch: 96 [48000/50000 (96%)]	Loss: 0.180213

Test set: Average loss: 0.0004, Accuracy: 8731/10000 (87%)

Train Epoch: 97 [0/50000 (0%)]	Loss: 0.179463
Train Epoch: 97 [3200/50000 (6%)]	Loss: 0.227095
Train Epoch: 97 [6400/50000 (13%)]	Loss: 0.112281
Train Epoch: 97 [9600/50000 (19%)]	Loss: 0.206318
Train Epoch: 97 [12800/50000 (26%)]	Loss: 0.343650
Train Epoch: 97 [16000/50000 (32%)]	Loss: 0.050943
Train Epoch: 97 [19200/50000 (38%)]	Loss: 0.141988
Train Epoch: 97 [22400/50000 (45%)]	Loss: 0.223141
Train Epoch: 97 [25600/50000 (51%)]	Loss: 0.175846
Train Epoch: 97 [28800/50000 (58%)]	Loss: 0.118297
Train Epoch: 97 [32000/50000 (64%)]	Loss: 0.085186
Train Epoch: 97 [35200/50000 (70%)]	Loss: 0.268760
Train Epoch: 97 [38400/50000 (77%)]	Loss: 0.238723
Train Epoch: 97 [41600/50000 (83%)]	Loss: 0.158847
Train Epoch: 97 [44800/50000 (90%)]	Loss: 0.166215
Train Epoch: 97 [48000/50000 (96%)]	Loss: 0.137690

Test set: Average loss: 0.0004, Accuracy: 8702/10000 (87%)

Train Epoch: 98 [0/50000 (0%)]	Loss: 0.091468
Train Epoch: 98 [3200/50000 (6%)]	Loss: 0.131196
Train Epoch: 98 [6400/50000 (13%)]	Loss: 0.083509
Train Epoch: 98 [9600/50000 (19%)]	Loss: 0.263747
Train Epoch: 98 [12800/50000 (26%)]	Loss: 0.200585
Train Epoch: 98 [16000/50000 (32%)]	Loss: 0.188386
Train Epoch: 98 [19200/50000 (38%)]	Loss: 0.128937
Train Epoch: 98 [22400/50000 (45%)]	Loss: 0.281316
Train Epoch: 98 [25600/50000 (51%)]	Loss: 0.201027
Train Epoch: 98 [28800/50000 (58%)]	Loss: 0.180507
Train Epoch: 98 [32000/50000 (64%)]	Loss: 0.253255
Train Epoch: 98 [35200/50000 (70%)]	Loss: 0.076158
Train Epoch: 98 [38400/50000 (77%)]	Loss: 0.197829
Train Epoch: 98 [41600/50000 (83%)]	Loss: 0.197360
Train Epoch: 98 [44800/50000 (90%)]	Loss: 0.146229
Train Epoch: 98 [48000/50000 (96%)]	Loss: 0.149141

Test set: Average loss: 0.0005, Accuracy: 8690/10000 (87%)

Train Epoch: 99 [0/50000 (0%)]	Loss: 0.132797
Train Epoch: 99 [3200/50000 (6%)]	Loss: 0.199349
Train Epoch: 99 [6400/50000 (13%)]	Loss: 0.160608
Train Epoch: 99 [9600/50000 (19%)]	Loss: 0.108236
Train Epoch: 99 [12800/50000 (26%)]	Loss: 0.128962
Train Epoch: 99 [16000/50000 (32%)]	Loss: 0.267575
Train Epoch: 99 [19200/50000 (38%)]	Loss: 0.109173
Train Epoch: 99 [22400/50000 (45%)]	Loss: 0.153114
Train Epoch: 99 [25600/50000 (51%)]	Loss: 0.216643
Train Epoch: 99 [28800/50000 (58%)]	Loss: 0.137346
Train Epoch: 99 [32000/50000 (64%)]	Loss: 0.169634
Train Epoch: 99 [35200/50000 (70%)]	Loss: 0.165659
Train Epoch: 99 [38400/50000 (77%)]	Loss: 0.170952
Train Epoch: 99 [41600/50000 (83%)]	Loss: 0.185754
Train Epoch: 99 [44800/50000 (90%)]	Loss: 0.214775
Train Epoch: 99 [48000/50000 (96%)]	Loss: 0.107985

Test set: Average loss: 0.0005, Accuracy: 8710/10000 (87%)

Train Epoch: 100 [0/50000 (0%)]	Loss: 0.171618
Train Epoch: 100 [3200/50000 (6%)]	Loss: 0.069466
Train Epoch: 100 [6400/50000 (13%)]	Loss: 0.211326
Train Epoch: 100 [9600/50000 (19%)]	Loss: 0.179818
Train Epoch: 100 [12800/50000 (26%)]	Loss: 0.252122
Train Epoch: 100 [16000/50000 (32%)]	Loss: 0.150935
Train Epoch: 100 [19200/50000 (38%)]	Loss: 0.068527
Train Epoch: 100 [22400/50000 (45%)]	Loss: 0.062879
Train Epoch: 100 [25600/50000 (51%)]	Loss: 0.235094
Train Epoch: 100 [28800/50000 (58%)]	Loss: 0.164914
Train Epoch: 100 [32000/50000 (64%)]	Loss: 0.142456
Train Epoch: 100 [35200/50000 (70%)]	Loss: 0.072728
Train Epoch: 100 [38400/50000 (77%)]	Loss: 0.239912
Train Epoch: 100 [41600/50000 (83%)]	Loss: 0.109541
Train Epoch: 100 [44800/50000 (90%)]	Loss: 0.206919
Train Epoch: 100 [48000/50000 (96%)]	Loss: 0.157017

Test set: Average loss: 0.0004, Accuracy: 8713/10000 (87%)

