Files already downloaded and verified
Files already downloaded and verified
Total parameters: 3194906
Train Epoch: 1 [0/50000 (0%)]	Loss: 2.405645
Train Epoch: 1 [3200/50000 (6%)]	Loss: 2.148835
Train Epoch: 1 [6400/50000 (13%)]	Loss: 2.011013
Train Epoch: 1 [9600/50000 (19%)]	Loss: 1.829866
Train Epoch: 1 [12800/50000 (26%)]	Loss: 1.874692
Train Epoch: 1 [16000/50000 (32%)]	Loss: 1.894613
Train Epoch: 1 [19200/50000 (38%)]	Loss: 1.728171
Train Epoch: 1 [22400/50000 (45%)]	Loss: 1.677284
Train Epoch: 1 [25600/50000 (51%)]	Loss: 1.658767
Train Epoch: 1 [28800/50000 (58%)]	Loss: 1.857073
Train Epoch: 1 [32000/50000 (64%)]	Loss: 1.727331
Train Epoch: 1 [35200/50000 (70%)]	Loss: 1.578212
Train Epoch: 1 [38400/50000 (77%)]	Loss: 1.647923
Train Epoch: 1 [41600/50000 (83%)]	Loss: 1.515862
Train Epoch: 1 [44800/50000 (90%)]	Loss: 1.547757
Train Epoch: 1 [48000/50000 (96%)]	Loss: 1.640561

Test set: Average loss: 0.0015, Accuracy: 4538/10000 (45%)

Train Epoch: 2 [0/50000 (0%)]	Loss: 1.639992
Train Epoch: 2 [3200/50000 (6%)]	Loss: 1.466445
Train Epoch: 2 [6400/50000 (13%)]	Loss: 1.507624
Train Epoch: 2 [9600/50000 (19%)]	Loss: 1.585667
Train Epoch: 2 [12800/50000 (26%)]	Loss: 1.575756
Train Epoch: 2 [16000/50000 (32%)]	Loss: 1.668055
Train Epoch: 2 [19200/50000 (38%)]	Loss: 1.454592
Train Epoch: 2 [22400/50000 (45%)]	Loss: 1.419673
Train Epoch: 2 [25600/50000 (51%)]	Loss: 1.672284
Train Epoch: 2 [28800/50000 (58%)]	Loss: 1.264206
Train Epoch: 2 [32000/50000 (64%)]	Loss: 1.300429
Train Epoch: 2 [35200/50000 (70%)]	Loss: 1.376269
Train Epoch: 2 [38400/50000 (77%)]	Loss: 1.471603
Train Epoch: 2 [41600/50000 (83%)]	Loss: 1.233525
Train Epoch: 2 [44800/50000 (90%)]	Loss: 1.161885
Train Epoch: 2 [48000/50000 (96%)]	Loss: 1.042047

Test set: Average loss: 0.0012, Accuracy: 5668/10000 (57%)

Train Epoch: 3 [0/50000 (0%)]	Loss: 1.152752
Train Epoch: 3 [3200/50000 (6%)]	Loss: 1.296811
Train Epoch: 3 [6400/50000 (13%)]	Loss: 1.223006
Train Epoch: 3 [9600/50000 (19%)]	Loss: 1.331984
Train Epoch: 3 [12800/50000 (26%)]	Loss: 1.035972
Train Epoch: 3 [16000/50000 (32%)]	Loss: 1.521093
Train Epoch: 3 [19200/50000 (38%)]	Loss: 0.992162
Train Epoch: 3 [22400/50000 (45%)]	Loss: 1.080779
Train Epoch: 3 [25600/50000 (51%)]	Loss: 1.171630
Train Epoch: 3 [28800/50000 (58%)]	Loss: 1.410847
Train Epoch: 3 [32000/50000 (64%)]	Loss: 1.114506
Train Epoch: 3 [35200/50000 (70%)]	Loss: 0.981905
Train Epoch: 3 [38400/50000 (77%)]	Loss: 1.155150
Train Epoch: 3 [41600/50000 (83%)]	Loss: 1.251148
Train Epoch: 3 [44800/50000 (90%)]	Loss: 1.051981
Train Epoch: 3 [48000/50000 (96%)]	Loss: 1.190100

Test set: Average loss: 0.0011, Accuracy: 6252/10000 (63%)

Train Epoch: 4 [0/50000 (0%)]	Loss: 0.974203
Train Epoch: 4 [3200/50000 (6%)]	Loss: 1.014989
Train Epoch: 4 [6400/50000 (13%)]	Loss: 1.200684
Train Epoch: 4 [9600/50000 (19%)]	Loss: 1.064444
Train Epoch: 4 [12800/50000 (26%)]	Loss: 1.246428
Train Epoch: 4 [16000/50000 (32%)]	Loss: 1.010807
Train Epoch: 4 [19200/50000 (38%)]	Loss: 1.294609
Train Epoch: 4 [22400/50000 (45%)]	Loss: 1.032935
Train Epoch: 4 [25600/50000 (51%)]	Loss: 0.948158
Train Epoch: 4 [28800/50000 (58%)]	Loss: 1.388676
Train Epoch: 4 [32000/50000 (64%)]	Loss: 0.887236
Train Epoch: 4 [35200/50000 (70%)]	Loss: 0.902671
Train Epoch: 4 [38400/50000 (77%)]	Loss: 0.571439
Train Epoch: 4 [41600/50000 (83%)]	Loss: 0.869061
Train Epoch: 4 [44800/50000 (90%)]	Loss: 1.153519
Train Epoch: 4 [48000/50000 (96%)]	Loss: 0.873914

Test set: Average loss: 0.0009, Accuracy: 6816/10000 (68%)

Train Epoch: 5 [0/50000 (0%)]	Loss: 1.025929
Train Epoch: 5 [3200/50000 (6%)]	Loss: 0.664080
Train Epoch: 5 [6400/50000 (13%)]	Loss: 0.955976
Train Epoch: 5 [9600/50000 (19%)]	Loss: 0.855138
Train Epoch: 5 [12800/50000 (26%)]	Loss: 0.833952
Train Epoch: 5 [16000/50000 (32%)]	Loss: 0.942699
Train Epoch: 5 [19200/50000 (38%)]	Loss: 1.092677
Train Epoch: 5 [22400/50000 (45%)]	Loss: 0.905996
Train Epoch: 5 [25600/50000 (51%)]	Loss: 0.702166
Train Epoch: 5 [28800/50000 (58%)]	Loss: 0.831436
Train Epoch: 5 [32000/50000 (64%)]	Loss: 0.865622
Train Epoch: 5 [35200/50000 (70%)]	Loss: 0.705994
Train Epoch: 5 [38400/50000 (77%)]	Loss: 1.069191
Train Epoch: 5 [41600/50000 (83%)]	Loss: 0.585171
Train Epoch: 5 [44800/50000 (90%)]	Loss: 0.822026
Train Epoch: 5 [48000/50000 (96%)]	Loss: 0.790433

Test set: Average loss: 0.0008, Accuracy: 7343/10000 (73%)

Train Epoch: 6 [0/50000 (0%)]	Loss: 0.673522
Train Epoch: 6 [3200/50000 (6%)]	Loss: 0.782941
Train Epoch: 6 [6400/50000 (13%)]	Loss: 0.882722
Train Epoch: 6 [9600/50000 (19%)]	Loss: 0.697025
Train Epoch: 6 [12800/50000 (26%)]	Loss: 0.652519
Train Epoch: 6 [16000/50000 (32%)]	Loss: 0.786238
Train Epoch: 6 [19200/50000 (38%)]	Loss: 0.812879
Train Epoch: 6 [22400/50000 (45%)]	Loss: 0.740807
Train Epoch: 6 [25600/50000 (51%)]	Loss: 0.616158
Train Epoch: 6 [28800/50000 (58%)]	Loss: 0.841738
Train Epoch: 6 [32000/50000 (64%)]	Loss: 0.689014
Train Epoch: 6 [35200/50000 (70%)]	Loss: 0.668145
Train Epoch: 6 [38400/50000 (77%)]	Loss: 0.671894
Train Epoch: 6 [41600/50000 (83%)]	Loss: 0.679894
Train Epoch: 6 [44800/50000 (90%)]	Loss: 0.758080
Train Epoch: 6 [48000/50000 (96%)]	Loss: 0.558773

Test set: Average loss: 0.0007, Accuracy: 7455/10000 (75%)

Train Epoch: 7 [0/50000 (0%)]	Loss: 0.751101
Train Epoch: 7 [3200/50000 (6%)]	Loss: 0.627829
Train Epoch: 7 [6400/50000 (13%)]	Loss: 0.839451
Train Epoch: 7 [9600/50000 (19%)]	Loss: 0.951573
Train Epoch: 7 [12800/50000 (26%)]	Loss: 0.481559
Train Epoch: 7 [16000/50000 (32%)]	Loss: 0.518718
Train Epoch: 7 [19200/50000 (38%)]	Loss: 1.010828
Train Epoch: 7 [22400/50000 (45%)]	Loss: 0.514109
Train Epoch: 7 [25600/50000 (51%)]	Loss: 0.669596
Train Epoch: 7 [28800/50000 (58%)]	Loss: 0.780096
Train Epoch: 7 [32000/50000 (64%)]	Loss: 0.731333
Train Epoch: 7 [35200/50000 (70%)]	Loss: 0.789971
Train Epoch: 7 [38400/50000 (77%)]	Loss: 0.776082
Train Epoch: 7 [41600/50000 (83%)]	Loss: 0.689233
Train Epoch: 7 [44800/50000 (90%)]	Loss: 0.641952
Train Epoch: 7 [48000/50000 (96%)]	Loss: 0.600655

Test set: Average loss: 0.0007, Accuracy: 7669/10000 (77%)

Train Epoch: 8 [0/50000 (0%)]	Loss: 0.817185
Train Epoch: 8 [3200/50000 (6%)]	Loss: 0.382165
Train Epoch: 8 [6400/50000 (13%)]	Loss: 0.817798
Train Epoch: 8 [9600/50000 (19%)]	Loss: 0.653117
Train Epoch: 8 [12800/50000 (26%)]	Loss: 0.691821
Train Epoch: 8 [16000/50000 (32%)]	Loss: 0.618770
Train Epoch: 8 [19200/50000 (38%)]	Loss: 0.737614
Train Epoch: 8 [22400/50000 (45%)]	Loss: 0.432249
Train Epoch: 8 [25600/50000 (51%)]	Loss: 0.579090
Train Epoch: 8 [28800/50000 (58%)]	Loss: 0.629415
Train Epoch: 8 [32000/50000 (64%)]	Loss: 0.629698
Train Epoch: 8 [35200/50000 (70%)]	Loss: 0.676004
Train Epoch: 8 [38400/50000 (77%)]	Loss: 0.559563
Train Epoch: 8 [41600/50000 (83%)]	Loss: 0.766066
Train Epoch: 8 [44800/50000 (90%)]	Loss: 0.553284
Train Epoch: 8 [48000/50000 (96%)]	Loss: 0.501854

Test set: Average loss: 0.0006, Accuracy: 7775/10000 (78%)

Train Epoch: 9 [0/50000 (0%)]	Loss: 0.676690
Train Epoch: 9 [3200/50000 (6%)]	Loss: 0.557816
Train Epoch: 9 [6400/50000 (13%)]	Loss: 0.718300
Train Epoch: 9 [9600/50000 (19%)]	Loss: 0.533846
Train Epoch: 9 [12800/50000 (26%)]	Loss: 0.569616
Train Epoch: 9 [16000/50000 (32%)]	Loss: 0.771630
Train Epoch: 9 [19200/50000 (38%)]	Loss: 0.753679
Train Epoch: 9 [22400/50000 (45%)]	Loss: 0.677587
Train Epoch: 9 [25600/50000 (51%)]	Loss: 0.489918
Train Epoch: 9 [28800/50000 (58%)]	Loss: 0.503114
Train Epoch: 9 [32000/50000 (64%)]	Loss: 0.585536
Train Epoch: 9 [35200/50000 (70%)]	Loss: 0.678944
Train Epoch: 9 [38400/50000 (77%)]	Loss: 0.729158
Train Epoch: 9 [41600/50000 (83%)]	Loss: 0.861703
Train Epoch: 9 [44800/50000 (90%)]	Loss: 0.534446
Train Epoch: 9 [48000/50000 (96%)]	Loss: 0.825088

Test set: Average loss: 0.0006, Accuracy: 8050/10000 (80%)

Train Epoch: 10 [0/50000 (0%)]	Loss: 0.484452
Train Epoch: 10 [3200/50000 (6%)]	Loss: 0.360445
Train Epoch: 10 [6400/50000 (13%)]	Loss: 0.376164
Train Epoch: 10 [9600/50000 (19%)]	Loss: 0.640633
Train Epoch: 10 [12800/50000 (26%)]	Loss: 0.382160
Train Epoch: 10 [16000/50000 (32%)]	Loss: 0.465436
Train Epoch: 10 [19200/50000 (38%)]	Loss: 0.308530
Train Epoch: 10 [22400/50000 (45%)]	Loss: 0.476492
Train Epoch: 10 [25600/50000 (51%)]	Loss: 0.602223
Train Epoch: 10 [28800/50000 (58%)]	Loss: 0.816762
Train Epoch: 10 [32000/50000 (64%)]	Loss: 0.658527
Train Epoch: 10 [35200/50000 (70%)]	Loss: 0.586677
Train Epoch: 10 [38400/50000 (77%)]	Loss: 0.482169
Train Epoch: 10 [41600/50000 (83%)]	Loss: 0.586523
Train Epoch: 10 [44800/50000 (90%)]	Loss: 0.911029
Train Epoch: 10 [48000/50000 (96%)]	Loss: 0.427787

Test set: Average loss: 0.0005, Accuracy: 8137/10000 (81%)

Train Epoch: 11 [0/50000 (0%)]	Loss: 0.834118
Train Epoch: 11 [3200/50000 (6%)]	Loss: 0.457243
Train Epoch: 11 [6400/50000 (13%)]	Loss: 0.569460
Train Epoch: 11 [9600/50000 (19%)]	Loss: 0.441382
Train Epoch: 11 [12800/50000 (26%)]	Loss: 0.343367
Train Epoch: 11 [16000/50000 (32%)]	Loss: 0.649992
Train Epoch: 11 [19200/50000 (38%)]	Loss: 0.527110
Train Epoch: 11 [22400/50000 (45%)]	Loss: 0.449727
Train Epoch: 11 [25600/50000 (51%)]	Loss: 0.574446
Train Epoch: 11 [28800/50000 (58%)]	Loss: 0.500117
Train Epoch: 11 [32000/50000 (64%)]	Loss: 0.383116
Train Epoch: 11 [35200/50000 (70%)]	Loss: 0.550779
Train Epoch: 11 [38400/50000 (77%)]	Loss: 0.591163
Train Epoch: 11 [41600/50000 (83%)]	Loss: 0.739127
Train Epoch: 11 [44800/50000 (90%)]	Loss: 0.558447
Train Epoch: 11 [48000/50000 (96%)]	Loss: 0.510921

Test set: Average loss: 0.0005, Accuracy: 8244/10000 (82%)

Train Epoch: 12 [0/50000 (0%)]	Loss: 0.569245
Train Epoch: 12 [3200/50000 (6%)]	Loss: 0.314116
Train Epoch: 12 [6400/50000 (13%)]	Loss: 0.490225
Train Epoch: 12 [9600/50000 (19%)]	Loss: 0.486053
Train Epoch: 12 [12800/50000 (26%)]	Loss: 0.580782
Train Epoch: 12 [16000/50000 (32%)]	Loss: 0.441184
Train Epoch: 12 [19200/50000 (38%)]	Loss: 0.617014
Train Epoch: 12 [22400/50000 (45%)]	Loss: 0.491548
Train Epoch: 12 [25600/50000 (51%)]	Loss: 0.537375
Train Epoch: 12 [28800/50000 (58%)]	Loss: 0.605318
Train Epoch: 12 [32000/50000 (64%)]	Loss: 0.471868
Train Epoch: 12 [35200/50000 (70%)]	Loss: 0.361608
Train Epoch: 12 [38400/50000 (77%)]	Loss: 0.606014
Train Epoch: 12 [41600/50000 (83%)]	Loss: 0.486201
Train Epoch: 12 [44800/50000 (90%)]	Loss: 0.545283
Train Epoch: 12 [48000/50000 (96%)]	Loss: 0.410733

Test set: Average loss: 0.0005, Accuracy: 8217/10000 (82%)

Train Epoch: 13 [0/50000 (0%)]	Loss: 0.463967
Train Epoch: 13 [3200/50000 (6%)]	Loss: 0.330076
Train Epoch: 13 [6400/50000 (13%)]	Loss: 0.560038
Train Epoch: 13 [9600/50000 (19%)]	Loss: 0.434689
Train Epoch: 13 [12800/50000 (26%)]	Loss: 0.375770
Train Epoch: 13 [16000/50000 (32%)]	Loss: 0.471347
Train Epoch: 13 [19200/50000 (38%)]	Loss: 0.490911
Train Epoch: 13 [22400/50000 (45%)]	Loss: 0.478356
Train Epoch: 13 [25600/50000 (51%)]	Loss: 0.398846
Train Epoch: 13 [28800/50000 (58%)]	Loss: 0.423237
Train Epoch: 13 [32000/50000 (64%)]	Loss: 0.490576
Train Epoch: 13 [35200/50000 (70%)]	Loss: 0.558644
Train Epoch: 13 [38400/50000 (77%)]	Loss: 0.511726
Train Epoch: 13 [41600/50000 (83%)]	Loss: 0.460741
Train Epoch: 13 [44800/50000 (90%)]	Loss: 0.381184
Train Epoch: 13 [48000/50000 (96%)]	Loss: 0.484159

Test set: Average loss: 0.0005, Accuracy: 8285/10000 (83%)

Train Epoch: 14 [0/50000 (0%)]	Loss: 0.423264
Train Epoch: 14 [3200/50000 (6%)]	Loss: 0.596448
Train Epoch: 14 [6400/50000 (13%)]	Loss: 0.453453
Train Epoch: 14 [9600/50000 (19%)]	Loss: 0.506244
Train Epoch: 14 [12800/50000 (26%)]	Loss: 0.457594
Train Epoch: 14 [16000/50000 (32%)]	Loss: 0.575475
Train Epoch: 14 [19200/50000 (38%)]	Loss: 0.487358
Train Epoch: 14 [22400/50000 (45%)]	Loss: 0.515172
Train Epoch: 14 [25600/50000 (51%)]	Loss: 0.695352
Train Epoch: 14 [28800/50000 (58%)]	Loss: 0.445377
Train Epoch: 14 [32000/50000 (64%)]	Loss: 0.326073
Train Epoch: 14 [35200/50000 (70%)]	Loss: 0.671877
Train Epoch: 14 [38400/50000 (77%)]	Loss: 0.479196
Train Epoch: 14 [41600/50000 (83%)]	Loss: 0.510087
Train Epoch: 14 [44800/50000 (90%)]	Loss: 0.424253
Train Epoch: 14 [48000/50000 (96%)]	Loss: 0.358009

Test set: Average loss: 0.0005, Accuracy: 8397/10000 (84%)

Train Epoch: 15 [0/50000 (0%)]	Loss: 0.357137
Train Epoch: 15 [3200/50000 (6%)]	Loss: 0.546618
Train Epoch: 15 [6400/50000 (13%)]	Loss: 0.440086
Train Epoch: 15 [9600/50000 (19%)]	Loss: 0.529691
Train Epoch: 15 [12800/50000 (26%)]	Loss: 0.473598
Train Epoch: 15 [16000/50000 (32%)]	Loss: 0.390408
Train Epoch: 15 [19200/50000 (38%)]	Loss: 0.623046
Train Epoch: 15 [22400/50000 (45%)]	Loss: 0.552599
Train Epoch: 15 [25600/50000 (51%)]	Loss: 0.394771
Train Epoch: 15 [28800/50000 (58%)]	Loss: 0.593620
Train Epoch: 15 [32000/50000 (64%)]	Loss: 0.566038
Train Epoch: 15 [35200/50000 (70%)]	Loss: 0.436503
Train Epoch: 15 [38400/50000 (77%)]	Loss: 0.423566
Train Epoch: 15 [41600/50000 (83%)]	Loss: 0.516887
Train Epoch: 15 [44800/50000 (90%)]	Loss: 0.283340
Train Epoch: 15 [48000/50000 (96%)]	Loss: 0.195183

Test set: Average loss: 0.0005, Accuracy: 8482/10000 (85%)

Train Epoch: 16 [0/50000 (0%)]	Loss: 0.463497
Train Epoch: 16 [3200/50000 (6%)]	Loss: 0.269349
Train Epoch: 16 [6400/50000 (13%)]	Loss: 0.316797
Train Epoch: 16 [9600/50000 (19%)]	Loss: 0.316835
Train Epoch: 16 [12800/50000 (26%)]	Loss: 0.298383
Train Epoch: 16 [16000/50000 (32%)]	Loss: 0.336470
Train Epoch: 16 [19200/50000 (38%)]	Loss: 0.501595
Train Epoch: 16 [22400/50000 (45%)]	Loss: 0.443734
Train Epoch: 16 [25600/50000 (51%)]	Loss: 0.316008
Train Epoch: 16 [28800/50000 (58%)]	Loss: 0.274166
Train Epoch: 16 [32000/50000 (64%)]	Loss: 0.477671
Train Epoch: 16 [35200/50000 (70%)]	Loss: 0.389197
Train Epoch: 16 [38400/50000 (77%)]	Loss: 0.482700
Train Epoch: 16 [41600/50000 (83%)]	Loss: 0.421818
Train Epoch: 16 [44800/50000 (90%)]	Loss: 0.402605
Train Epoch: 16 [48000/50000 (96%)]	Loss: 0.306014

Test set: Average loss: 0.0005, Accuracy: 8404/10000 (84%)

Train Epoch: 17 [0/50000 (0%)]	Loss: 0.263139
Train Epoch: 17 [3200/50000 (6%)]	Loss: 0.443314
Train Epoch: 17 [6400/50000 (13%)]	Loss: 0.454691
Train Epoch: 17 [9600/50000 (19%)]	Loss: 0.355512
Train Epoch: 17 [12800/50000 (26%)]	Loss: 0.303046
Train Epoch: 17 [16000/50000 (32%)]	Loss: 0.514214
Train Epoch: 17 [19200/50000 (38%)]	Loss: 0.459854
Train Epoch: 17 [22400/50000 (45%)]	Loss: 0.587592
Train Epoch: 17 [25600/50000 (51%)]	Loss: 0.387772
Train Epoch: 17 [28800/50000 (58%)]	Loss: 0.328025
Train Epoch: 17 [32000/50000 (64%)]	Loss: 0.429846
Train Epoch: 17 [35200/50000 (70%)]	Loss: 0.258221
Train Epoch: 17 [38400/50000 (77%)]	Loss: 0.470687
Train Epoch: 17 [41600/50000 (83%)]	Loss: 0.324067
Train Epoch: 17 [44800/50000 (90%)]	Loss: 0.435840
Train Epoch: 17 [48000/50000 (96%)]	Loss: 0.310444

Test set: Average loss: 0.0004, Accuracy: 8546/10000 (85%)

Train Epoch: 18 [0/50000 (0%)]	Loss: 0.309105
Train Epoch: 18 [3200/50000 (6%)]	Loss: 0.346796
Train Epoch: 18 [6400/50000 (13%)]	Loss: 0.586287
Train Epoch: 18 [9600/50000 (19%)]	Loss: 0.520920
Train Epoch: 18 [12800/50000 (26%)]	Loss: 0.381991
Train Epoch: 18 [16000/50000 (32%)]	Loss: 0.238465
Train Epoch: 18 [19200/50000 (38%)]	Loss: 0.264607
Train Epoch: 18 [22400/50000 (45%)]	Loss: 0.465797
Train Epoch: 18 [25600/50000 (51%)]	Loss: 0.202839
Train Epoch: 18 [28800/50000 (58%)]	Loss: 0.607298
Train Epoch: 18 [32000/50000 (64%)]	Loss: 0.277683
Train Epoch: 18 [35200/50000 (70%)]	Loss: 0.336312
Train Epoch: 18 [38400/50000 (77%)]	Loss: 0.207903
Train Epoch: 18 [41600/50000 (83%)]	Loss: 0.296217
Train Epoch: 18 [44800/50000 (90%)]	Loss: 0.326219
Train Epoch: 18 [48000/50000 (96%)]	Loss: 0.354636

Test set: Average loss: 0.0004, Accuracy: 8553/10000 (86%)

Train Epoch: 19 [0/50000 (0%)]	Loss: 0.367563
Train Epoch: 19 [3200/50000 (6%)]	Loss: 0.386407
Train Epoch: 19 [6400/50000 (13%)]	Loss: 0.325129
Train Epoch: 19 [9600/50000 (19%)]	Loss: 0.513232
Train Epoch: 19 [12800/50000 (26%)]	Loss: 0.436259
Train Epoch: 19 [16000/50000 (32%)]	Loss: 0.432608
Train Epoch: 19 [19200/50000 (38%)]	Loss: 0.355008
Train Epoch: 19 [22400/50000 (45%)]	Loss: 0.488204
Train Epoch: 19 [25600/50000 (51%)]	Loss: 0.554366
Train Epoch: 19 [28800/50000 (58%)]	Loss: 0.236127
Train Epoch: 19 [32000/50000 (64%)]	Loss: 0.483980
Train Epoch: 19 [35200/50000 (70%)]	Loss: 0.501305
Train Epoch: 19 [38400/50000 (77%)]	Loss: 0.421978
Train Epoch: 19 [41600/50000 (83%)]	Loss: 0.214208
Train Epoch: 19 [44800/50000 (90%)]	Loss: 0.279789
Train Epoch: 19 [48000/50000 (96%)]	Loss: 0.225136

Test set: Average loss: 0.0004, Accuracy: 8547/10000 (85%)

Train Epoch: 20 [0/50000 (0%)]	Loss: 0.315474
Train Epoch: 20 [3200/50000 (6%)]	Loss: 0.446065
Train Epoch: 20 [6400/50000 (13%)]	Loss: 0.300541
Train Epoch: 20 [9600/50000 (19%)]	Loss: 0.389477
Train Epoch: 20 [12800/50000 (26%)]	Loss: 0.288894
Train Epoch: 20 [16000/50000 (32%)]	Loss: 0.264954
Train Epoch: 20 [19200/50000 (38%)]	Loss: 0.357107
Train Epoch: 20 [22400/50000 (45%)]	Loss: 0.388578
Train Epoch: 20 [25600/50000 (51%)]	Loss: 0.333646
Train Epoch: 20 [28800/50000 (58%)]	Loss: 0.251903
Train Epoch: 20 [32000/50000 (64%)]	Loss: 0.407176
Train Epoch: 20 [35200/50000 (70%)]	Loss: 0.244234
Train Epoch: 20 [38400/50000 (77%)]	Loss: 0.405336
Train Epoch: 20 [41600/50000 (83%)]	Loss: 0.285701
Train Epoch: 20 [44800/50000 (90%)]	Loss: 0.285943
Train Epoch: 20 [48000/50000 (96%)]	Loss: 0.415447

Test set: Average loss: 0.0004, Accuracy: 8506/10000 (85%)

Train Epoch: 21 [0/50000 (0%)]	Loss: 0.524759
Train Epoch: 21 [3200/50000 (6%)]	Loss: 0.312117
Train Epoch: 21 [6400/50000 (13%)]	Loss: 0.384373
Train Epoch: 21 [9600/50000 (19%)]	Loss: 0.276915
Train Epoch: 21 [12800/50000 (26%)]	Loss: 0.563966
Train Epoch: 21 [16000/50000 (32%)]	Loss: 0.381456
Train Epoch: 21 [19200/50000 (38%)]	Loss: 0.525361
Train Epoch: 21 [22400/50000 (45%)]	Loss: 0.350671
Train Epoch: 21 [25600/50000 (51%)]	Loss: 0.445580
Train Epoch: 21 [28800/50000 (58%)]	Loss: 0.276159
Train Epoch: 21 [32000/50000 (64%)]	Loss: 0.522482
Train Epoch: 21 [35200/50000 (70%)]	Loss: 0.463120
Train Epoch: 21 [38400/50000 (77%)]	Loss: 0.206988
Train Epoch: 21 [41600/50000 (83%)]	Loss: 0.273192
Train Epoch: 21 [44800/50000 (90%)]	Loss: 0.472818
Train Epoch: 21 [48000/50000 (96%)]	Loss: 0.515116

Test set: Average loss: 0.0004, Accuracy: 8580/10000 (86%)

Train Epoch: 22 [0/50000 (0%)]	Loss: 0.355653
Train Epoch: 22 [3200/50000 (6%)]	Loss: 0.291382
Train Epoch: 22 [6400/50000 (13%)]	Loss: 0.441891
Train Epoch: 22 [9600/50000 (19%)]	Loss: 0.285224
Train Epoch: 22 [12800/50000 (26%)]	Loss: 0.483810
Train Epoch: 22 [16000/50000 (32%)]	Loss: 0.318333
Train Epoch: 22 [19200/50000 (38%)]	Loss: 0.288739
Train Epoch: 22 [22400/50000 (45%)]	Loss: 0.328655
Train Epoch: 22 [25600/50000 (51%)]	Loss: 0.280990
Train Epoch: 22 [28800/50000 (58%)]	Loss: 0.205739
Train Epoch: 22 [32000/50000 (64%)]	Loss: 0.301169
Train Epoch: 22 [35200/50000 (70%)]	Loss: 0.344425
Train Epoch: 22 [38400/50000 (77%)]	Loss: 0.475275
Train Epoch: 22 [41600/50000 (83%)]	Loss: 0.208667
Train Epoch: 22 [44800/50000 (90%)]	Loss: 0.414292
Train Epoch: 22 [48000/50000 (96%)]	Loss: 0.249774

Test set: Average loss: 0.0004, Accuracy: 8646/10000 (86%)

Train Epoch: 23 [0/50000 (0%)]	Loss: 0.251183
Train Epoch: 23 [3200/50000 (6%)]	Loss: 0.126294
Train Epoch: 23 [6400/50000 (13%)]	Loss: 0.280398
Train Epoch: 23 [9600/50000 (19%)]	Loss: 0.393007
Train Epoch: 23 [12800/50000 (26%)]	Loss: 0.505183
Train Epoch: 23 [16000/50000 (32%)]	Loss: 0.313028
Train Epoch: 23 [19200/50000 (38%)]	Loss: 0.440517
Train Epoch: 23 [22400/50000 (45%)]	Loss: 0.422271
Train Epoch: 23 [25600/50000 (51%)]	Loss: 0.259889
Train Epoch: 23 [28800/50000 (58%)]	Loss: 0.290829
Train Epoch: 23 [32000/50000 (64%)]	Loss: 0.296073
Train Epoch: 23 [35200/50000 (70%)]	Loss: 0.268898
Train Epoch: 23 [38400/50000 (77%)]	Loss: 0.332429
Train Epoch: 23 [41600/50000 (83%)]	Loss: 0.299375
Train Epoch: 23 [44800/50000 (90%)]	Loss: 0.326643
Train Epoch: 23 [48000/50000 (96%)]	Loss: 0.333577

Test set: Average loss: 0.0004, Accuracy: 8619/10000 (86%)

Train Epoch: 24 [0/50000 (0%)]	Loss: 0.219065
Train Epoch: 24 [3200/50000 (6%)]	Loss: 0.192734
Train Epoch: 24 [6400/50000 (13%)]	Loss: 0.154400
Train Epoch: 24 [9600/50000 (19%)]	Loss: 0.290392
Train Epoch: 24 [12800/50000 (26%)]	Loss: 0.384545
Train Epoch: 24 [16000/50000 (32%)]	Loss: 0.263419
Train Epoch: 24 [19200/50000 (38%)]	Loss: 0.254992
Train Epoch: 24 [22400/50000 (45%)]	Loss: 0.251167
Train Epoch: 24 [25600/50000 (51%)]	Loss: 0.553010
Train Epoch: 24 [28800/50000 (58%)]	Loss: 0.232945
Train Epoch: 24 [32000/50000 (64%)]	Loss: 0.252870
Train Epoch: 24 [35200/50000 (70%)]	Loss: 0.487540
Train Epoch: 24 [38400/50000 (77%)]	Loss: 0.408760
Train Epoch: 24 [41600/50000 (83%)]	Loss: 0.245479
Train Epoch: 24 [44800/50000 (90%)]	Loss: 0.214011
Train Epoch: 24 [48000/50000 (96%)]	Loss: 0.241806

Test set: Average loss: 0.0004, Accuracy: 8607/10000 (86%)

Train Epoch: 25 [0/50000 (0%)]	Loss: 0.424706
Train Epoch: 25 [3200/50000 (6%)]	Loss: 0.454268
Train Epoch: 25 [6400/50000 (13%)]	Loss: 0.329827
Train Epoch: 25 [9600/50000 (19%)]	Loss: 0.218039
Train Epoch: 25 [12800/50000 (26%)]	Loss: 0.168569
Train Epoch: 25 [16000/50000 (32%)]	Loss: 0.186052
Train Epoch: 25 [19200/50000 (38%)]	Loss: 0.355499
Train Epoch: 25 [22400/50000 (45%)]	Loss: 0.359716
Train Epoch: 25 [25600/50000 (51%)]	Loss: 0.379595
Train Epoch: 25 [28800/50000 (58%)]	Loss: 0.280830
Train Epoch: 25 [32000/50000 (64%)]	Loss: 0.202439
Train Epoch: 25 [35200/50000 (70%)]	Loss: 0.372063
Train Epoch: 25 [38400/50000 (77%)]	Loss: 0.312171
Train Epoch: 25 [41600/50000 (83%)]	Loss: 0.196051
Train Epoch: 25 [44800/50000 (90%)]	Loss: 0.192290
Train Epoch: 25 [48000/50000 (96%)]	Loss: 0.224507

Test set: Average loss: 0.0004, Accuracy: 8699/10000 (87%)

Train Epoch: 26 [0/50000 (0%)]	Loss: 0.254739
Train Epoch: 26 [3200/50000 (6%)]	Loss: 0.364037
Train Epoch: 26 [6400/50000 (13%)]	Loss: 0.336211
Train Epoch: 26 [9600/50000 (19%)]	Loss: 0.209751
Train Epoch: 26 [12800/50000 (26%)]	Loss: 0.217336
Train Epoch: 26 [16000/50000 (32%)]	Loss: 0.216668
Train Epoch: 26 [19200/50000 (38%)]	Loss: 0.368965
Train Epoch: 26 [22400/50000 (45%)]	Loss: 0.436730
Train Epoch: 26 [25600/50000 (51%)]	Loss: 0.283919
Train Epoch: 26 [28800/50000 (58%)]	Loss: 0.337990
Train Epoch: 26 [32000/50000 (64%)]	Loss: 0.276678
Train Epoch: 26 [35200/50000 (70%)]	Loss: 0.504409
Train Epoch: 26 [38400/50000 (77%)]	Loss: 0.193684
Train Epoch: 26 [41600/50000 (83%)]	Loss: 0.360301
Train Epoch: 26 [44800/50000 (90%)]	Loss: 0.394415
Train Epoch: 26 [48000/50000 (96%)]	Loss: 0.478504

Test set: Average loss: 0.0004, Accuracy: 8735/10000 (87%)

Train Epoch: 27 [0/50000 (0%)]	Loss: 0.250990
Train Epoch: 27 [3200/50000 (6%)]	Loss: 0.217166
Train Epoch: 27 [6400/50000 (13%)]	Loss: 0.295377
Train Epoch: 27 [9600/50000 (19%)]	Loss: 0.173501
Train Epoch: 27 [12800/50000 (26%)]	Loss: 0.403303
Train Epoch: 27 [16000/50000 (32%)]	Loss: 0.181834
Train Epoch: 27 [19200/50000 (38%)]	Loss: 0.238558
Train Epoch: 27 [22400/50000 (45%)]	Loss: 0.396306
Train Epoch: 27 [25600/50000 (51%)]	Loss: 0.282761
Train Epoch: 27 [28800/50000 (58%)]	Loss: 0.207374
Train Epoch: 27 [32000/50000 (64%)]	Loss: 0.414547
Train Epoch: 27 [35200/50000 (70%)]	Loss: 0.362293
Train Epoch: 27 [38400/50000 (77%)]	Loss: 0.325043
Train Epoch: 27 [41600/50000 (83%)]	Loss: 0.224931
Train Epoch: 27 [44800/50000 (90%)]	Loss: 0.349542
Train Epoch: 27 [48000/50000 (96%)]	Loss: 0.249386

Test set: Average loss: 0.0004, Accuracy: 8691/10000 (87%)

Train Epoch: 28 [0/50000 (0%)]	Loss: 0.265439
Train Epoch: 28 [3200/50000 (6%)]	Loss: 0.237028
Train Epoch: 28 [6400/50000 (13%)]	Loss: 0.341100
Train Epoch: 28 [9600/50000 (19%)]	Loss: 0.191652
Train Epoch: 28 [12800/50000 (26%)]	Loss: 0.324391
Train Epoch: 28 [16000/50000 (32%)]	Loss: 0.392167
Train Epoch: 28 [19200/50000 (38%)]	Loss: 0.204250
Train Epoch: 28 [22400/50000 (45%)]	Loss: 0.457922
Train Epoch: 28 [25600/50000 (51%)]	Loss: 0.256815
Train Epoch: 28 [28800/50000 (58%)]	Loss: 0.260634
Train Epoch: 28 [32000/50000 (64%)]	Loss: 0.264231
Train Epoch: 28 [35200/50000 (70%)]	Loss: 0.341686
Train Epoch: 28 [38400/50000 (77%)]	Loss: 0.412168
Train Epoch: 28 [41600/50000 (83%)]	Loss: 0.168599
Train Epoch: 28 [44800/50000 (90%)]	Loss: 0.200532
Train Epoch: 28 [48000/50000 (96%)]	Loss: 0.309045

Test set: Average loss: 0.0004, Accuracy: 8662/10000 (87%)

Train Epoch: 29 [0/50000 (0%)]	Loss: 0.175840
Train Epoch: 29 [3200/50000 (6%)]	Loss: 0.164783
Train Epoch: 29 [6400/50000 (13%)]	Loss: 0.114741
Train Epoch: 29 [9600/50000 (19%)]	Loss: 0.161944
Train Epoch: 29 [12800/50000 (26%)]	Loss: 0.318317
Train Epoch: 29 [16000/50000 (32%)]	Loss: 0.135986
Train Epoch: 29 [19200/50000 (38%)]	Loss: 0.271905
Train Epoch: 29 [22400/50000 (45%)]	Loss: 0.215136
Train Epoch: 29 [25600/50000 (51%)]	Loss: 0.160335
Train Epoch: 29 [28800/50000 (58%)]	Loss: 0.416716
Train Epoch: 29 [32000/50000 (64%)]	Loss: 0.139206
Train Epoch: 29 [35200/50000 (70%)]	Loss: 0.166047
Train Epoch: 29 [38400/50000 (77%)]	Loss: 0.234074
Train Epoch: 29 [41600/50000 (83%)]	Loss: 0.227142
Train Epoch: 29 [44800/50000 (90%)]	Loss: 0.281066
Train Epoch: 29 [48000/50000 (96%)]	Loss: 0.316100

Test set: Average loss: 0.0004, Accuracy: 8751/10000 (88%)

Train Epoch: 30 [0/50000 (0%)]	Loss: 0.211411
Train Epoch: 30 [3200/50000 (6%)]	Loss: 0.170124
Train Epoch: 30 [6400/50000 (13%)]	Loss: 0.154801
Train Epoch: 30 [9600/50000 (19%)]	Loss: 0.185555
Train Epoch: 30 [12800/50000 (26%)]	Loss: 0.284637
Train Epoch: 30 [16000/50000 (32%)]	Loss: 0.322188
Train Epoch: 30 [19200/50000 (38%)]	Loss: 0.259353
Train Epoch: 30 [22400/50000 (45%)]	Loss: 0.223720
Train Epoch: 30 [25600/50000 (51%)]	Loss: 0.177618
Train Epoch: 30 [28800/50000 (58%)]	Loss: 0.397470
Train Epoch: 30 [32000/50000 (64%)]	Loss: 0.268004
Train Epoch: 30 [35200/50000 (70%)]	Loss: 0.282024
Train Epoch: 30 [38400/50000 (77%)]	Loss: 0.174502
Train Epoch: 30 [41600/50000 (83%)]	Loss: 0.222726
Train Epoch: 30 [44800/50000 (90%)]	Loss: 0.200563
Train Epoch: 30 [48000/50000 (96%)]	Loss: 0.192156

Test set: Average loss: 0.0004, Accuracy: 8747/10000 (87%)

Train Epoch: 31 [0/50000 (0%)]	Loss: 0.348770
Train Epoch: 31 [3200/50000 (6%)]	Loss: 0.512882
Train Epoch: 31 [6400/50000 (13%)]	Loss: 0.115452
Train Epoch: 31 [9600/50000 (19%)]	Loss: 0.321622
Train Epoch: 31 [12800/50000 (26%)]	Loss: 0.274797
Train Epoch: 31 [16000/50000 (32%)]	Loss: 0.170111
Train Epoch: 31 [19200/50000 (38%)]	Loss: 0.132245
Train Epoch: 31 [22400/50000 (45%)]	Loss: 0.354545
Train Epoch: 31 [25600/50000 (51%)]	Loss: 0.274427
Train Epoch: 31 [28800/50000 (58%)]	Loss: 0.254813
Train Epoch: 31 [32000/50000 (64%)]	Loss: 0.197641
Train Epoch: 31 [35200/50000 (70%)]	Loss: 0.163117
Train Epoch: 31 [38400/50000 (77%)]	Loss: 0.175198
Train Epoch: 31 [41600/50000 (83%)]	Loss: 0.108248
Train Epoch: 31 [44800/50000 (90%)]	Loss: 0.180126
Train Epoch: 31 [48000/50000 (96%)]	Loss: 0.185923

Test set: Average loss: 0.0004, Accuracy: 8765/10000 (88%)

Train Epoch: 32 [0/50000 (0%)]	Loss: 0.282924
Train Epoch: 32 [3200/50000 (6%)]	Loss: 0.138267
Train Epoch: 32 [6400/50000 (13%)]	Loss: 0.238767
Train Epoch: 32 [9600/50000 (19%)]	Loss: 0.252577
Train Epoch: 32 [12800/50000 (26%)]	Loss: 0.319930
Train Epoch: 32 [16000/50000 (32%)]	Loss: 0.220539
Train Epoch: 32 [19200/50000 (38%)]	Loss: 0.275818
Train Epoch: 32 [22400/50000 (45%)]	Loss: 0.219775
Train Epoch: 32 [25600/50000 (51%)]	Loss: 0.237332
Train Epoch: 32 [28800/50000 (58%)]	Loss: 0.284229
Train Epoch: 32 [32000/50000 (64%)]	Loss: 0.128344
Train Epoch: 32 [35200/50000 (70%)]	Loss: 0.207373
Train Epoch: 32 [38400/50000 (77%)]	Loss: 0.291488
Train Epoch: 32 [41600/50000 (83%)]	Loss: 0.471937
Train Epoch: 32 [44800/50000 (90%)]	Loss: 0.247860
Train Epoch: 32 [48000/50000 (96%)]	Loss: 0.233922

Test set: Average loss: 0.0004, Accuracy: 8754/10000 (88%)

Train Epoch: 33 [0/50000 (0%)]	Loss: 0.343118
Train Epoch: 33 [3200/50000 (6%)]	Loss: 0.425877
Train Epoch: 33 [6400/50000 (13%)]	Loss: 0.240674
Train Epoch: 33 [9600/50000 (19%)]	Loss: 0.228203
Train Epoch: 33 [12800/50000 (26%)]	Loss: 0.235562
Train Epoch: 33 [16000/50000 (32%)]	Loss: 0.269874
Train Epoch: 33 [19200/50000 (38%)]	Loss: 0.104230
Train Epoch: 33 [22400/50000 (45%)]	Loss: 0.241560
Train Epoch: 33 [25600/50000 (51%)]	Loss: 0.265055
Train Epoch: 33 [28800/50000 (58%)]	Loss: 0.324431
Train Epoch: 33 [32000/50000 (64%)]	Loss: 0.206227
Train Epoch: 33 [35200/50000 (70%)]	Loss: 0.261371
Train Epoch: 33 [38400/50000 (77%)]	Loss: 0.235379
Train Epoch: 33 [41600/50000 (83%)]	Loss: 0.332090
Train Epoch: 33 [44800/50000 (90%)]	Loss: 0.130227
Train Epoch: 33 [48000/50000 (96%)]	Loss: 0.115041

Test set: Average loss: 0.0004, Accuracy: 8756/10000 (88%)

Train Epoch: 34 [0/50000 (0%)]	Loss: 0.145935
Train Epoch: 34 [3200/50000 (6%)]	Loss: 0.067173
Train Epoch: 34 [6400/50000 (13%)]	Loss: 0.149273
Train Epoch: 34 [9600/50000 (19%)]	Loss: 0.299036
Train Epoch: 34 [12800/50000 (26%)]	Loss: 0.243287
Train Epoch: 34 [16000/50000 (32%)]	Loss: 0.369380
Train Epoch: 34 [19200/50000 (38%)]	Loss: 0.243127
Train Epoch: 34 [22400/50000 (45%)]	Loss: 0.158385
Train Epoch: 34 [25600/50000 (51%)]	Loss: 0.260770
Train Epoch: 34 [28800/50000 (58%)]	Loss: 0.270966
Train Epoch: 34 [32000/50000 (64%)]	Loss: 0.228842
Train Epoch: 34 [35200/50000 (70%)]	Loss: 0.437733
Train Epoch: 34 [38400/50000 (77%)]	Loss: 0.205913
Train Epoch: 34 [41600/50000 (83%)]	Loss: 0.266017
Train Epoch: 34 [44800/50000 (90%)]	Loss: 0.300388
Train Epoch: 34 [48000/50000 (96%)]	Loss: 0.281775

Test set: Average loss: 0.0004, Accuracy: 8805/10000 (88%)

Train Epoch: 35 [0/50000 (0%)]	Loss: 0.240595
Train Epoch: 35 [3200/50000 (6%)]	Loss: 0.248356
Train Epoch: 35 [6400/50000 (13%)]	Loss: 0.234947
Train Epoch: 35 [9600/50000 (19%)]	Loss: 0.287856
Train Epoch: 35 [12800/50000 (26%)]	Loss: 0.191807
Train Epoch: 35 [16000/50000 (32%)]	Loss: 0.284370
Train Epoch: 35 [19200/50000 (38%)]	Loss: 0.166044
Train Epoch: 35 [22400/50000 (45%)]	Loss: 0.231750
Train Epoch: 35 [25600/50000 (51%)]	Loss: 0.176948
Train Epoch: 35 [28800/50000 (58%)]	Loss: 0.372100
Train Epoch: 35 [32000/50000 (64%)]	Loss: 0.102912
Train Epoch: 35 [35200/50000 (70%)]	Loss: 0.161967
Train Epoch: 35 [38400/50000 (77%)]	Loss: 0.408718
Train Epoch: 35 [41600/50000 (83%)]	Loss: 0.470797
Train Epoch: 35 [44800/50000 (90%)]	Loss: 0.379760
Train Epoch: 35 [48000/50000 (96%)]	Loss: 0.317468

Test set: Average loss: 0.0004, Accuracy: 8828/10000 (88%)

Train Epoch: 36 [0/50000 (0%)]	Loss: 0.107918
Train Epoch: 36 [3200/50000 (6%)]	Loss: 0.182366
Train Epoch: 36 [6400/50000 (13%)]	Loss: 0.155396
Train Epoch: 36 [9600/50000 (19%)]	Loss: 0.210750
Train Epoch: 36 [12800/50000 (26%)]	Loss: 0.199722
Train Epoch: 36 [16000/50000 (32%)]	Loss: 0.332437
Train Epoch: 36 [19200/50000 (38%)]	Loss: 0.278161
Train Epoch: 36 [22400/50000 (45%)]	Loss: 0.229075
Train Epoch: 36 [25600/50000 (51%)]	Loss: 0.194461
Train Epoch: 36 [28800/50000 (58%)]	Loss: 0.308255
Train Epoch: 36 [32000/50000 (64%)]	Loss: 0.368336
Train Epoch: 36 [35200/50000 (70%)]	Loss: 0.123098
Train Epoch: 36 [38400/50000 (77%)]	Loss: 0.225006
Train Epoch: 36 [41600/50000 (83%)]	Loss: 0.161132
Train Epoch: 36 [44800/50000 (90%)]	Loss: 0.149075
Train Epoch: 36 [48000/50000 (96%)]	Loss: 0.250244

Test set: Average loss: 0.0004, Accuracy: 8772/10000 (88%)

Train Epoch: 37 [0/50000 (0%)]	Loss: 0.172566
Train Epoch: 37 [3200/50000 (6%)]	Loss: 0.160256
Train Epoch: 37 [6400/50000 (13%)]	Loss: 0.221368
Train Epoch: 37 [9600/50000 (19%)]	Loss: 0.224358
Train Epoch: 37 [12800/50000 (26%)]	Loss: 0.179436
Train Epoch: 37 [16000/50000 (32%)]	Loss: 0.227619
Train Epoch: 37 [19200/50000 (38%)]	Loss: 0.321662
Train Epoch: 37 [22400/50000 (45%)]	Loss: 0.271620
Train Epoch: 37 [25600/50000 (51%)]	Loss: 0.231220
Train Epoch: 37 [28800/50000 (58%)]	Loss: 0.258498
Train Epoch: 37 [32000/50000 (64%)]	Loss: 0.234361
Train Epoch: 37 [35200/50000 (70%)]	Loss: 0.151407
Train Epoch: 37 [38400/50000 (77%)]	Loss: 0.238765
Train Epoch: 37 [41600/50000 (83%)]	Loss: 0.165376
Train Epoch: 37 [44800/50000 (90%)]	Loss: 0.308929
Train Epoch: 37 [48000/50000 (96%)]	Loss: 0.276482

Test set: Average loss: 0.0004, Accuracy: 8796/10000 (88%)

Train Epoch: 38 [0/50000 (0%)]	Loss: 0.270361
Train Epoch: 38 [3200/50000 (6%)]	Loss: 0.243858
Train Epoch: 38 [6400/50000 (13%)]	Loss: 0.202649
Train Epoch: 38 [9600/50000 (19%)]	Loss: 0.071207
Train Epoch: 38 [12800/50000 (26%)]	Loss: 0.135462
Train Epoch: 38 [16000/50000 (32%)]	Loss: 0.135023
Train Epoch: 38 [19200/50000 (38%)]	Loss: 0.169144
Train Epoch: 38 [22400/50000 (45%)]	Loss: 0.255298
Train Epoch: 38 [25600/50000 (51%)]	Loss: 0.224222
Train Epoch: 38 [28800/50000 (58%)]	Loss: 0.252764
Train Epoch: 38 [32000/50000 (64%)]	Loss: 0.147442
Train Epoch: 38 [35200/50000 (70%)]	Loss: 0.211603
Train Epoch: 38 [38400/50000 (77%)]	Loss: 0.142381
Train Epoch: 38 [41600/50000 (83%)]	Loss: 0.257262
Train Epoch: 38 [44800/50000 (90%)]	Loss: 0.226455
Train Epoch: 38 [48000/50000 (96%)]	Loss: 0.314397

Test set: Average loss: 0.0004, Accuracy: 8764/10000 (88%)

Train Epoch: 39 [0/50000 (0%)]	Loss: 0.180736
Train Epoch: 39 [3200/50000 (6%)]	Loss: 0.241542
Train Epoch: 39 [6400/50000 (13%)]	Loss: 0.171394
Train Epoch: 39 [9600/50000 (19%)]	Loss: 0.215332
Train Epoch: 39 [12800/50000 (26%)]	Loss: 0.182407
Train Epoch: 39 [16000/50000 (32%)]	Loss: 0.129156
Train Epoch: 39 [19200/50000 (38%)]	Loss: 0.227762
Train Epoch: 39 [22400/50000 (45%)]	Loss: 0.171840
Train Epoch: 39 [25600/50000 (51%)]	Loss: 0.175869
Train Epoch: 39 [28800/50000 (58%)]	Loss: 0.084561
Train Epoch: 39 [32000/50000 (64%)]	Loss: 0.271981
Train Epoch: 39 [35200/50000 (70%)]	Loss: 0.125579
Train Epoch: 39 [38400/50000 (77%)]	Loss: 0.184208
Train Epoch: 39 [41600/50000 (83%)]	Loss: 0.249694
Train Epoch: 39 [44800/50000 (90%)]	Loss: 0.330929
Train Epoch: 39 [48000/50000 (96%)]	Loss: 0.100488

Test set: Average loss: 0.0004, Accuracy: 8843/10000 (88%)

Train Epoch: 40 [0/50000 (0%)]	Loss: 0.242100
Train Epoch: 40 [3200/50000 (6%)]	Loss: 0.278165
Train Epoch: 40 [6400/50000 (13%)]	Loss: 0.186652
Train Epoch: 40 [9600/50000 (19%)]	Loss: 0.180587
Train Epoch: 40 [12800/50000 (26%)]	Loss: 0.257036
Train Epoch: 40 [16000/50000 (32%)]	Loss: 0.200928
Train Epoch: 40 [19200/50000 (38%)]	Loss: 0.191640
Train Epoch: 40 [22400/50000 (45%)]	Loss: 0.288317
Train Epoch: 40 [25600/50000 (51%)]	Loss: 0.220624
Train Epoch: 40 [28800/50000 (58%)]	Loss: 0.180056
Train Epoch: 40 [32000/50000 (64%)]	Loss: 0.094036
Train Epoch: 40 [35200/50000 (70%)]	Loss: 0.206065
Train Epoch: 40 [38400/50000 (77%)]	Loss: 0.146820
Train Epoch: 40 [41600/50000 (83%)]	Loss: 0.168388
Train Epoch: 40 [44800/50000 (90%)]	Loss: 0.309317
Train Epoch: 40 [48000/50000 (96%)]	Loss: 0.172619

Test set: Average loss: 0.0004, Accuracy: 8801/10000 (88%)

Train Epoch: 41 [0/50000 (0%)]	Loss: 0.144954
Train Epoch: 41 [3200/50000 (6%)]	Loss: 0.085771
Train Epoch: 41 [6400/50000 (13%)]	Loss: 0.374996
Train Epoch: 41 [9600/50000 (19%)]	Loss: 0.113092
Train Epoch: 41 [12800/50000 (26%)]	Loss: 0.176682
Train Epoch: 41 [16000/50000 (32%)]	Loss: 0.304839
Train Epoch: 41 [19200/50000 (38%)]	Loss: 0.147761
Train Epoch: 41 [22400/50000 (45%)]	Loss: 0.354482
Train Epoch: 41 [25600/50000 (51%)]	Loss: 0.283535
Train Epoch: 41 [28800/50000 (58%)]	Loss: 0.155527
Train Epoch: 41 [32000/50000 (64%)]	Loss: 0.174606
Train Epoch: 41 [35200/50000 (70%)]	Loss: 0.174714
Train Epoch: 41 [38400/50000 (77%)]	Loss: 0.176639
Train Epoch: 41 [41600/50000 (83%)]	Loss: 0.222955
Train Epoch: 41 [44800/50000 (90%)]	Loss: 0.149113
Train Epoch: 41 [48000/50000 (96%)]	Loss: 0.198595

Test set: Average loss: 0.0004, Accuracy: 8794/10000 (88%)

Train Epoch: 42 [0/50000 (0%)]	Loss: 0.326999
Train Epoch: 42 [3200/50000 (6%)]	Loss: 0.092119
Train Epoch: 42 [6400/50000 (13%)]	Loss: 0.165826
Train Epoch: 42 [9600/50000 (19%)]	Loss: 0.114153
Train Epoch: 42 [12800/50000 (26%)]	Loss: 0.202457
Train Epoch: 42 [16000/50000 (32%)]	Loss: 0.159559
Train Epoch: 42 [19200/50000 (38%)]	Loss: 0.248871
Train Epoch: 42 [22400/50000 (45%)]	Loss: 0.219014
Train Epoch: 42 [25600/50000 (51%)]	Loss: 0.162974
Train Epoch: 42 [28800/50000 (58%)]	Loss: 0.343273
Train Epoch: 42 [32000/50000 (64%)]	Loss: 0.261588
Train Epoch: 42 [35200/50000 (70%)]	Loss: 0.202962
Train Epoch: 42 [38400/50000 (77%)]	Loss: 0.238212
Train Epoch: 42 [41600/50000 (83%)]	Loss: 0.188734
Train Epoch: 42 [44800/50000 (90%)]	Loss: 0.163071
Train Epoch: 42 [48000/50000 (96%)]	Loss: 0.296438

Test set: Average loss: 0.0004, Accuracy: 8734/10000 (87%)

Train Epoch: 43 [0/50000 (0%)]	Loss: 0.110040
Train Epoch: 43 [3200/50000 (6%)]	Loss: 0.241849
Train Epoch: 43 [6400/50000 (13%)]	Loss: 0.154137
Train Epoch: 43 [9600/50000 (19%)]	Loss: 0.133287
Train Epoch: 43 [12800/50000 (26%)]	Loss: 0.128469
Train Epoch: 43 [16000/50000 (32%)]	Loss: 0.145416
Train Epoch: 43 [19200/50000 (38%)]	Loss: 0.188569
Train Epoch: 43 [22400/50000 (45%)]	Loss: 0.253811
Train Epoch: 43 [25600/50000 (51%)]	Loss: 0.220043
Train Epoch: 43 [28800/50000 (58%)]	Loss: 0.149675
Train Epoch: 43 [32000/50000 (64%)]	Loss: 0.155728
Train Epoch: 43 [35200/50000 (70%)]	Loss: 0.176846
Train Epoch: 43 [38400/50000 (77%)]	Loss: 0.310167
Train Epoch: 43 [41600/50000 (83%)]	Loss: 0.225656
Train Epoch: 43 [44800/50000 (90%)]	Loss: 0.176375
Train Epoch: 43 [48000/50000 (96%)]	Loss: 0.065238

Test set: Average loss: 0.0004, Accuracy: 8830/10000 (88%)

Train Epoch: 44 [0/50000 (0%)]	Loss: 0.091819
Train Epoch: 44 [3200/50000 (6%)]	Loss: 0.185321
Train Epoch: 44 [6400/50000 (13%)]	Loss: 0.201152
Train Epoch: 44 [9600/50000 (19%)]	Loss: 0.130887
Train Epoch: 44 [12800/50000 (26%)]	Loss: 0.076229
Train Epoch: 44 [16000/50000 (32%)]	Loss: 0.232583
Train Epoch: 44 [19200/50000 (38%)]	Loss: 0.306739
Train Epoch: 44 [22400/50000 (45%)]	Loss: 0.261124
Train Epoch: 44 [25600/50000 (51%)]	Loss: 0.212456
Train Epoch: 44 [28800/50000 (58%)]	Loss: 0.155381
Train Epoch: 44 [32000/50000 (64%)]	Loss: 0.161203
Train Epoch: 44 [35200/50000 (70%)]	Loss: 0.043673
Train Epoch: 44 [38400/50000 (77%)]	Loss: 0.225577
Train Epoch: 44 [41600/50000 (83%)]	Loss: 0.157900
Train Epoch: 44 [44800/50000 (90%)]	Loss: 0.407386
Train Epoch: 44 [48000/50000 (96%)]	Loss: 0.122307

Test set: Average loss: 0.0004, Accuracy: 8833/10000 (88%)

Train Epoch: 45 [0/50000 (0%)]	Loss: 0.218867
Train Epoch: 45 [3200/50000 (6%)]	Loss: 0.352180
Train Epoch: 45 [6400/50000 (13%)]	Loss: 0.118028
Train Epoch: 45 [9600/50000 (19%)]	Loss: 0.224255
Train Epoch: 45 [12800/50000 (26%)]	Loss: 0.117429
Train Epoch: 45 [16000/50000 (32%)]	Loss: 0.117760
Train Epoch: 45 [19200/50000 (38%)]	Loss: 0.267673
Train Epoch: 45 [22400/50000 (45%)]	Loss: 0.293122
Train Epoch: 45 [25600/50000 (51%)]	Loss: 0.076749
Train Epoch: 45 [28800/50000 (58%)]	Loss: 0.297262
Train Epoch: 45 [32000/50000 (64%)]	Loss: 0.189321
Train Epoch: 45 [35200/50000 (70%)]	Loss: 0.192951
Train Epoch: 45 [38400/50000 (77%)]	Loss: 0.148992
Train Epoch: 45 [41600/50000 (83%)]	Loss: 0.278436
Train Epoch: 45 [44800/50000 (90%)]	Loss: 0.063096
Train Epoch: 45 [48000/50000 (96%)]	Loss: 0.338606

Test set: Average loss: 0.0004, Accuracy: 8861/10000 (89%)

Train Epoch: 46 [0/50000 (0%)]	Loss: 0.107449
Train Epoch: 46 [3200/50000 (6%)]	Loss: 0.145870
Train Epoch: 46 [6400/50000 (13%)]	Loss: 0.103259
Train Epoch: 46 [9600/50000 (19%)]	Loss: 0.219080
Train Epoch: 46 [12800/50000 (26%)]	Loss: 0.236371
Train Epoch: 46 [16000/50000 (32%)]	Loss: 0.185395
Train Epoch: 46 [19200/50000 (38%)]	Loss: 0.327478
Train Epoch: 46 [22400/50000 (45%)]	Loss: 0.121766
Train Epoch: 46 [25600/50000 (51%)]	Loss: 0.275925
Train Epoch: 46 [28800/50000 (58%)]	Loss: 0.186926
Train Epoch: 46 [32000/50000 (64%)]	Loss: 0.232101
Train Epoch: 46 [35200/50000 (70%)]	Loss: 0.186735
Train Epoch: 46 [38400/50000 (77%)]	Loss: 0.232242
Train Epoch: 46 [41600/50000 (83%)]	Loss: 0.128617
Train Epoch: 46 [44800/50000 (90%)]	Loss: 0.121178
Train Epoch: 46 [48000/50000 (96%)]	Loss: 0.174912

Test set: Average loss: 0.0004, Accuracy: 8887/10000 (89%)

Train Epoch: 47 [0/50000 (0%)]	Loss: 0.219971
Train Epoch: 47 [3200/50000 (6%)]	Loss: 0.191756
Train Epoch: 47 [6400/50000 (13%)]	Loss: 0.291524
Train Epoch: 47 [9600/50000 (19%)]	Loss: 0.090868
Train Epoch: 47 [12800/50000 (26%)]	Loss: 0.407876
Train Epoch: 47 [16000/50000 (32%)]	Loss: 0.116778
Train Epoch: 47 [19200/50000 (38%)]	Loss: 0.200760
Train Epoch: 47 [22400/50000 (45%)]	Loss: 0.326934
Train Epoch: 47 [25600/50000 (51%)]	Loss: 0.066020
Train Epoch: 47 [28800/50000 (58%)]	Loss: 0.261410
Train Epoch: 47 [32000/50000 (64%)]	Loss: 0.272760
Train Epoch: 47 [35200/50000 (70%)]	Loss: 0.179816
Train Epoch: 47 [38400/50000 (77%)]	Loss: 0.181349
Train Epoch: 47 [41600/50000 (83%)]	Loss: 0.126512
Train Epoch: 47 [44800/50000 (90%)]	Loss: 0.139513
Train Epoch: 47 [48000/50000 (96%)]	Loss: 0.138679

Test set: Average loss: 0.0004, Accuracy: 8876/10000 (89%)

Train Epoch: 48 [0/50000 (0%)]	Loss: 0.269339
Train Epoch: 48 [3200/50000 (6%)]	Loss: 0.279146
Train Epoch: 48 [6400/50000 (13%)]	Loss: 0.293166
Train Epoch: 48 [9600/50000 (19%)]	Loss: 0.122465
Train Epoch: 48 [12800/50000 (26%)]	Loss: 0.186366
Train Epoch: 48 [16000/50000 (32%)]	Loss: 0.199042
Train Epoch: 48 [19200/50000 (38%)]	Loss: 0.381881
Train Epoch: 48 [22400/50000 (45%)]	Loss: 0.196838
Train Epoch: 48 [25600/50000 (51%)]	Loss: 0.198261
Train Epoch: 48 [28800/50000 (58%)]	Loss: 0.131105
Train Epoch: 48 [32000/50000 (64%)]	Loss: 0.052101
Train Epoch: 48 [35200/50000 (70%)]	Loss: 0.234661
Train Epoch: 48 [38400/50000 (77%)]	Loss: 0.075459
Train Epoch: 48 [41600/50000 (83%)]	Loss: 0.125064
Train Epoch: 48 [44800/50000 (90%)]	Loss: 0.223663
Train Epoch: 48 [48000/50000 (96%)]	Loss: 0.143457

Test set: Average loss: 0.0004, Accuracy: 8811/10000 (88%)

Train Epoch: 49 [0/50000 (0%)]	Loss: 0.116223
Train Epoch: 49 [3200/50000 (6%)]	Loss: 0.191689
Train Epoch: 49 [6400/50000 (13%)]	Loss: 0.147157
Train Epoch: 49 [9600/50000 (19%)]	Loss: 0.268463
Train Epoch: 49 [12800/50000 (26%)]	Loss: 0.403128
Train Epoch: 49 [16000/50000 (32%)]	Loss: 0.359301
Train Epoch: 49 [19200/50000 (38%)]	Loss: 0.203476
Train Epoch: 49 [22400/50000 (45%)]	Loss: 0.076234
Train Epoch: 49 [25600/50000 (51%)]	Loss: 0.251400
Train Epoch: 49 [28800/50000 (58%)]	Loss: 0.234789
Train Epoch: 49 [32000/50000 (64%)]	Loss: 0.163244
Train Epoch: 49 [35200/50000 (70%)]	Loss: 0.104970
Train Epoch: 49 [38400/50000 (77%)]	Loss: 0.121937
Train Epoch: 49 [41600/50000 (83%)]	Loss: 0.176962
Train Epoch: 49 [44800/50000 (90%)]	Loss: 0.129030
Train Epoch: 49 [48000/50000 (96%)]	Loss: 0.162069

Test set: Average loss: 0.0004, Accuracy: 8823/10000 (88%)

Train Epoch: 50 [0/50000 (0%)]	Loss: 0.176692
Train Epoch: 50 [3200/50000 (6%)]	Loss: 0.126613
Train Epoch: 50 [6400/50000 (13%)]	Loss: 0.172475
Train Epoch: 50 [9600/50000 (19%)]	Loss: 0.190544
Train Epoch: 50 [12800/50000 (26%)]	Loss: 0.152872
Train Epoch: 50 [16000/50000 (32%)]	Loss: 0.159233
Train Epoch: 50 [19200/50000 (38%)]	Loss: 0.156503
Train Epoch: 50 [22400/50000 (45%)]	Loss: 0.126767
Train Epoch: 50 [25600/50000 (51%)]	Loss: 0.065267
Train Epoch: 50 [28800/50000 (58%)]	Loss: 0.134069
Train Epoch: 50 [32000/50000 (64%)]	Loss: 0.199853
Train Epoch: 50 [35200/50000 (70%)]	Loss: 0.227691
Train Epoch: 50 [38400/50000 (77%)]	Loss: 0.245331
Train Epoch: 50 [41600/50000 (83%)]	Loss: 0.321180
Train Epoch: 50 [44800/50000 (90%)]	Loss: 0.117544
Train Epoch: 50 [48000/50000 (96%)]	Loss: 0.238749

Test set: Average loss: 0.0004, Accuracy: 8840/10000 (88%)

Train Epoch: 51 [0/50000 (0%)]	Loss: 0.210828
Train Epoch: 51 [3200/50000 (6%)]	Loss: 0.145457
Train Epoch: 51 [6400/50000 (13%)]	Loss: 0.083560
Train Epoch: 51 [9600/50000 (19%)]	Loss: 0.077899
Train Epoch: 51 [12800/50000 (26%)]	Loss: 0.106191
Train Epoch: 51 [16000/50000 (32%)]	Loss: 0.165792
Train Epoch: 51 [19200/50000 (38%)]	Loss: 0.192523
Train Epoch: 51 [22400/50000 (45%)]	Loss: 0.165808
Train Epoch: 51 [25600/50000 (51%)]	Loss: 0.151772
Train Epoch: 51 [28800/50000 (58%)]	Loss: 0.279843
Train Epoch: 51 [32000/50000 (64%)]	Loss: 0.143764
Train Epoch: 51 [35200/50000 (70%)]	Loss: 0.254607
Train Epoch: 51 [38400/50000 (77%)]	Loss: 0.106207
Train Epoch: 51 [41600/50000 (83%)]	Loss: 0.033701
Train Epoch: 51 [44800/50000 (90%)]	Loss: 0.388018
Train Epoch: 51 [48000/50000 (96%)]	Loss: 0.156161

Test set: Average loss: 0.0004, Accuracy: 8860/10000 (89%)

Train Epoch: 52 [0/50000 (0%)]	Loss: 0.104826
Train Epoch: 52 [3200/50000 (6%)]	Loss: 0.228878
Train Epoch: 52 [6400/50000 (13%)]	Loss: 0.221166
Train Epoch: 52 [9600/50000 (19%)]	Loss: 0.205572
Train Epoch: 52 [12800/50000 (26%)]	Loss: 0.101186
Train Epoch: 52 [16000/50000 (32%)]	Loss: 0.410324
Train Epoch: 52 [19200/50000 (38%)]	Loss: 0.355309
Train Epoch: 52 [22400/50000 (45%)]	Loss: 0.195154
Train Epoch: 52 [25600/50000 (51%)]	Loss: 0.187904
Train Epoch: 52 [28800/50000 (58%)]	Loss: 0.148987
Train Epoch: 52 [32000/50000 (64%)]	Loss: 0.285088
Train Epoch: 52 [35200/50000 (70%)]	Loss: 0.279265
Train Epoch: 52 [38400/50000 (77%)]	Loss: 0.211591
Train Epoch: 52 [41600/50000 (83%)]	Loss: 0.189248
Train Epoch: 52 [44800/50000 (90%)]	Loss: 0.070053
Train Epoch: 52 [48000/50000 (96%)]	Loss: 0.137426

Test set: Average loss: 0.0004, Accuracy: 8824/10000 (88%)

Train Epoch: 53 [0/50000 (0%)]	Loss: 0.133401
Train Epoch: 53 [3200/50000 (6%)]	Loss: 0.164566
Train Epoch: 53 [6400/50000 (13%)]	Loss: 0.281638
Train Epoch: 53 [9600/50000 (19%)]	Loss: 0.276073
Train Epoch: 53 [12800/50000 (26%)]	Loss: 0.160257
Train Epoch: 53 [16000/50000 (32%)]	Loss: 0.262530
Train Epoch: 53 [19200/50000 (38%)]	Loss: 0.166683
Train Epoch: 53 [22400/50000 (45%)]	Loss: 0.105421
Train Epoch: 53 [25600/50000 (51%)]	Loss: 0.161664
Train Epoch: 53 [28800/50000 (58%)]	Loss: 0.195397
Train Epoch: 53 [32000/50000 (64%)]	Loss: 0.153481
Train Epoch: 53 [35200/50000 (70%)]	Loss: 0.122811
Train Epoch: 53 [38400/50000 (77%)]	Loss: 0.164805
Train Epoch: 53 [41600/50000 (83%)]	Loss: 0.217584
Train Epoch: 53 [44800/50000 (90%)]	Loss: 0.029749
Train Epoch: 53 [48000/50000 (96%)]	Loss: 0.249426

Test set: Average loss: 0.0004, Accuracy: 8889/10000 (89%)

Train Epoch: 54 [0/50000 (0%)]	Loss: 0.138730
Train Epoch: 54 [3200/50000 (6%)]	Loss: 0.090094
Train Epoch: 54 [6400/50000 (13%)]	Loss: 0.172811
Train Epoch: 54 [9600/50000 (19%)]	Loss: 0.095752
Train Epoch: 54 [12800/50000 (26%)]	Loss: 0.149627
Train Epoch: 54 [16000/50000 (32%)]	Loss: 0.190573
Train Epoch: 54 [19200/50000 (38%)]	Loss: 0.100461
Train Epoch: 54 [22400/50000 (45%)]	Loss: 0.069529
Train Epoch: 54 [25600/50000 (51%)]	Loss: 0.076515
Train Epoch: 54 [28800/50000 (58%)]	Loss: 0.081318
Train Epoch: 54 [32000/50000 (64%)]	Loss: 0.067063
Train Epoch: 54 [35200/50000 (70%)]	Loss: 0.095059
Train Epoch: 54 [38400/50000 (77%)]	Loss: 0.145071
Train Epoch: 54 [41600/50000 (83%)]	Loss: 0.172327
Train Epoch: 54 [44800/50000 (90%)]	Loss: 0.167432
Train Epoch: 54 [48000/50000 (96%)]	Loss: 0.167140

Test set: Average loss: 0.0004, Accuracy: 8906/10000 (89%)

Train Epoch: 55 [0/50000 (0%)]	Loss: 0.251110
Train Epoch: 55 [3200/50000 (6%)]	Loss: 0.030467
Train Epoch: 55 [6400/50000 (13%)]	Loss: 0.346427
Train Epoch: 55 [9600/50000 (19%)]	Loss: 0.102641
Train Epoch: 55 [12800/50000 (26%)]	Loss: 0.103290
Train Epoch: 55 [16000/50000 (32%)]	Loss: 0.083360
Train Epoch: 55 [19200/50000 (38%)]	Loss: 0.111281
Train Epoch: 55 [22400/50000 (45%)]	Loss: 0.124610
Train Epoch: 55 [25600/50000 (51%)]	Loss: 0.227961
Train Epoch: 55 [28800/50000 (58%)]	Loss: 0.067386
Train Epoch: 55 [32000/50000 (64%)]	Loss: 0.071559
Train Epoch: 55 [35200/50000 (70%)]	Loss: 0.270846
Train Epoch: 55 [38400/50000 (77%)]	Loss: 0.147624
Train Epoch: 55 [41600/50000 (83%)]	Loss: 0.140462
Train Epoch: 55 [44800/50000 (90%)]	Loss: 0.058308
Train Epoch: 55 [48000/50000 (96%)]	Loss: 0.229194

Test set: Average loss: 0.0004, Accuracy: 8903/10000 (89%)

Train Epoch: 56 [0/50000 (0%)]	Loss: 0.069769
Train Epoch: 56 [3200/50000 (6%)]	Loss: 0.116374
Train Epoch: 56 [6400/50000 (13%)]	Loss: 0.188505
Train Epoch: 56 [9600/50000 (19%)]	Loss: 0.161000
Train Epoch: 56 [12800/50000 (26%)]	Loss: 0.170729
Train Epoch: 56 [16000/50000 (32%)]	Loss: 0.146944
Train Epoch: 56 [19200/50000 (38%)]	Loss: 0.181341
Train Epoch: 56 [22400/50000 (45%)]	Loss: 0.134393
Train Epoch: 56 [25600/50000 (51%)]	Loss: 0.173553
Train Epoch: 56 [28800/50000 (58%)]	Loss: 0.207386
Train Epoch: 56 [32000/50000 (64%)]	Loss: 0.163348
Train Epoch: 56 [35200/50000 (70%)]	Loss: 0.140468
Train Epoch: 56 [38400/50000 (77%)]	Loss: 0.133124
Train Epoch: 56 [41600/50000 (83%)]	Loss: 0.028652
Train Epoch: 56 [44800/50000 (90%)]	Loss: 0.177447
Train Epoch: 56 [48000/50000 (96%)]	Loss: 0.161360

Test set: Average loss: 0.0004, Accuracy: 8879/10000 (89%)

Train Epoch: 57 [0/50000 (0%)]	Loss: 0.097028
Train Epoch: 57 [3200/50000 (6%)]	Loss: 0.111563
Train Epoch: 57 [6400/50000 (13%)]	Loss: 0.188577
Train Epoch: 57 [9600/50000 (19%)]	Loss: 0.134043
Train Epoch: 57 [12800/50000 (26%)]	Loss: 0.041921
Train Epoch: 57 [16000/50000 (32%)]	Loss: 0.191460
Train Epoch: 57 [19200/50000 (38%)]	Loss: 0.068532
Train Epoch: 57 [22400/50000 (45%)]	Loss: 0.230814
Train Epoch: 57 [25600/50000 (51%)]	Loss: 0.209752
Train Epoch: 57 [28800/50000 (58%)]	Loss: 0.236789
Train Epoch: 57 [32000/50000 (64%)]	Loss: 0.051591
Train Epoch: 57 [35200/50000 (70%)]	Loss: 0.097533
Train Epoch: 57 [38400/50000 (77%)]	Loss: 0.210251
Train Epoch: 57 [41600/50000 (83%)]	Loss: 0.085862
Train Epoch: 57 [44800/50000 (90%)]	Loss: 0.083493
Train Epoch: 57 [48000/50000 (96%)]	Loss: 0.095095

Test set: Average loss: 0.0004, Accuracy: 8878/10000 (89%)

Train Epoch: 58 [0/50000 (0%)]	Loss: 0.075986
Train Epoch: 58 [3200/50000 (6%)]	Loss: 0.119812
Train Epoch: 58 [6400/50000 (13%)]	Loss: 0.110295
Train Epoch: 58 [9600/50000 (19%)]	Loss: 0.201845
Train Epoch: 58 [12800/50000 (26%)]	Loss: 0.098629
Train Epoch: 58 [16000/50000 (32%)]	Loss: 0.065823
Train Epoch: 58 [19200/50000 (38%)]	Loss: 0.066358
Train Epoch: 58 [22400/50000 (45%)]	Loss: 0.207238
Train Epoch: 58 [25600/50000 (51%)]	Loss: 0.196422
Train Epoch: 58 [28800/50000 (58%)]	Loss: 0.120852
Train Epoch: 58 [32000/50000 (64%)]	Loss: 0.195832
Train Epoch: 58 [35200/50000 (70%)]	Loss: 0.139273
Train Epoch: 58 [38400/50000 (77%)]	Loss: 0.194783
Train Epoch: 58 [41600/50000 (83%)]	Loss: 0.088188
Train Epoch: 58 [44800/50000 (90%)]	Loss: 0.213785
Train Epoch: 58 [48000/50000 (96%)]	Loss: 0.145927

Test set: Average loss: 0.0004, Accuracy: 8810/10000 (88%)

Train Epoch: 59 [0/50000 (0%)]	Loss: 0.046316
Train Epoch: 59 [3200/50000 (6%)]	Loss: 0.126947
Train Epoch: 59 [6400/50000 (13%)]	Loss: 0.145097
Train Epoch: 59 [9600/50000 (19%)]	Loss: 0.174653
Train Epoch: 59 [12800/50000 (26%)]	Loss: 0.156218
Train Epoch: 59 [16000/50000 (32%)]	Loss: 0.077740
Train Epoch: 59 [19200/50000 (38%)]	Loss: 0.083849
Train Epoch: 59 [22400/50000 (45%)]	Loss: 0.085252
Train Epoch: 59 [25600/50000 (51%)]	Loss: 0.165751
Train Epoch: 59 [28800/50000 (58%)]	Loss: 0.197390
Train Epoch: 59 [32000/50000 (64%)]	Loss: 0.221164
Train Epoch: 59 [35200/50000 (70%)]	Loss: 0.199674
Train Epoch: 59 [38400/50000 (77%)]	Loss: 0.131437
Train Epoch: 59 [41600/50000 (83%)]	Loss: 0.080610
Train Epoch: 59 [44800/50000 (90%)]	Loss: 0.071861
Train Epoch: 59 [48000/50000 (96%)]	Loss: 0.112055

Test set: Average loss: 0.0004, Accuracy: 8840/10000 (88%)

Train Epoch: 60 [0/50000 (0%)]	Loss: 0.155665
Train Epoch: 60 [3200/50000 (6%)]	Loss: 0.070927
Train Epoch: 60 [6400/50000 (13%)]	Loss: 0.061388
Train Epoch: 60 [9600/50000 (19%)]	Loss: 0.169538
Train Epoch: 60 [12800/50000 (26%)]	Loss: 0.037381
Train Epoch: 60 [16000/50000 (32%)]	Loss: 0.065646
Train Epoch: 60 [19200/50000 (38%)]	Loss: 0.150616
Train Epoch: 60 [22400/50000 (45%)]	Loss: 0.104086
Train Epoch: 60 [25600/50000 (51%)]	Loss: 0.068383
Train Epoch: 60 [28800/50000 (58%)]	Loss: 0.113617
Train Epoch: 60 [32000/50000 (64%)]	Loss: 0.158110
Train Epoch: 60 [35200/50000 (70%)]	Loss: 0.123310
Train Epoch: 60 [38400/50000 (77%)]	Loss: 0.111084
Train Epoch: 60 [41600/50000 (83%)]	Loss: 0.082698
Train Epoch: 60 [44800/50000 (90%)]	Loss: 0.327241
Train Epoch: 60 [48000/50000 (96%)]	Loss: 0.137659

Test set: Average loss: 0.0004, Accuracy: 8881/10000 (89%)

Train Epoch: 61 [0/50000 (0%)]	Loss: 0.069362
Train Epoch: 61 [3200/50000 (6%)]	Loss: 0.128205
Train Epoch: 61 [6400/50000 (13%)]	Loss: 0.154414
Train Epoch: 61 [9600/50000 (19%)]	Loss: 0.110646
Train Epoch: 61 [12800/50000 (26%)]	Loss: 0.202921
Train Epoch: 61 [16000/50000 (32%)]	Loss: 0.086745
Train Epoch: 61 [19200/50000 (38%)]	Loss: 0.115043
Train Epoch: 61 [22400/50000 (45%)]	Loss: 0.092983
Train Epoch: 61 [25600/50000 (51%)]	Loss: 0.048077
Train Epoch: 61 [28800/50000 (58%)]	Loss: 0.065107
Train Epoch: 61 [32000/50000 (64%)]	Loss: 0.174709
Train Epoch: 61 [35200/50000 (70%)]	Loss: 0.093315
Train Epoch: 61 [38400/50000 (77%)]	Loss: 0.072259
Train Epoch: 61 [41600/50000 (83%)]	Loss: 0.173404
Train Epoch: 61 [44800/50000 (90%)]	Loss: 0.199959
Train Epoch: 61 [48000/50000 (96%)]	Loss: 0.284488

Test set: Average loss: 0.0004, Accuracy: 8889/10000 (89%)

Train Epoch: 62 [0/50000 (0%)]	Loss: 0.096346
Train Epoch: 62 [3200/50000 (6%)]	Loss: 0.113751
Train Epoch: 62 [6400/50000 (13%)]	Loss: 0.058739
Train Epoch: 62 [9600/50000 (19%)]	Loss: 0.072285
Train Epoch: 62 [12800/50000 (26%)]	Loss: 0.065063
Train Epoch: 62 [16000/50000 (32%)]	Loss: 0.146535
Train Epoch: 62 [19200/50000 (38%)]	Loss: 0.080827
Train Epoch: 62 [22400/50000 (45%)]	Loss: 0.135488
Train Epoch: 62 [25600/50000 (51%)]	Loss: 0.140259
Train Epoch: 62 [28800/50000 (58%)]	Loss: 0.043182
Train Epoch: 62 [32000/50000 (64%)]	Loss: 0.178413
Train Epoch: 62 [35200/50000 (70%)]	Loss: 0.105310
Train Epoch: 62 [38400/50000 (77%)]	Loss: 0.051075
Train Epoch: 62 [41600/50000 (83%)]	Loss: 0.110522
Train Epoch: 62 [44800/50000 (90%)]	Loss: 0.098473
Train Epoch: 62 [48000/50000 (96%)]	Loss: 0.169259

Test set: Average loss: 0.0004, Accuracy: 8876/10000 (89%)

Train Epoch: 63 [0/50000 (0%)]	Loss: 0.086081
Train Epoch: 63 [3200/50000 (6%)]	Loss: 0.045502
Train Epoch: 63 [6400/50000 (13%)]	Loss: 0.044334
Train Epoch: 63 [9600/50000 (19%)]	Loss: 0.119871
Train Epoch: 63 [12800/50000 (26%)]	Loss: 0.131177
Train Epoch: 63 [16000/50000 (32%)]	Loss: 0.240174
Train Epoch: 63 [19200/50000 (38%)]	Loss: 0.130788
Train Epoch: 63 [22400/50000 (45%)]	Loss: 0.121489
Train Epoch: 63 [25600/50000 (51%)]	Loss: 0.038824
Train Epoch: 63 [28800/50000 (58%)]	Loss: 0.136268
Train Epoch: 63 [32000/50000 (64%)]	Loss: 0.235847
Train Epoch: 63 [35200/50000 (70%)]	Loss: 0.135487
Train Epoch: 63 [38400/50000 (77%)]	Loss: 0.098713
Train Epoch: 63 [41600/50000 (83%)]	Loss: 0.127023
Train Epoch: 63 [44800/50000 (90%)]	Loss: 0.189056
Train Epoch: 63 [48000/50000 (96%)]	Loss: 0.119321

Test set: Average loss: 0.0004, Accuracy: 8879/10000 (89%)

Train Epoch: 64 [0/50000 (0%)]	Loss: 0.133792
Train Epoch: 64 [3200/50000 (6%)]	Loss: 0.103450
Train Epoch: 64 [6400/50000 (13%)]	Loss: 0.028296
Train Epoch: 64 [9600/50000 (19%)]	Loss: 0.085037
Train Epoch: 64 [12800/50000 (26%)]	Loss: 0.300100
Train Epoch: 64 [16000/50000 (32%)]	Loss: 0.156169
Train Epoch: 64 [19200/50000 (38%)]	Loss: 0.045370
Train Epoch: 64 [22400/50000 (45%)]	Loss: 0.080655
Train Epoch: 64 [25600/50000 (51%)]	Loss: 0.027720
Train Epoch: 64 [28800/50000 (58%)]	Loss: 0.160667
Train Epoch: 64 [32000/50000 (64%)]	Loss: 0.264257
Train Epoch: 64 [35200/50000 (70%)]	Loss: 0.155137
Train Epoch: 64 [38400/50000 (77%)]	Loss: 0.058943
Train Epoch: 64 [41600/50000 (83%)]	Loss: 0.056199
Train Epoch: 64 [44800/50000 (90%)]	Loss: 0.150729
Train Epoch: 64 [48000/50000 (96%)]	Loss: 0.070555

Test set: Average loss: 0.0004, Accuracy: 8955/10000 (90%)

Train Epoch: 65 [0/50000 (0%)]	Loss: 0.025264
Train Epoch: 65 [3200/50000 (6%)]	Loss: 0.161246
Train Epoch: 65 [6400/50000 (13%)]	Loss: 0.156039
Train Epoch: 65 [9600/50000 (19%)]	Loss: 0.032911
Train Epoch: 65 [12800/50000 (26%)]	Loss: 0.057572
Train Epoch: 65 [16000/50000 (32%)]	Loss: 0.150929
Train Epoch: 65 [19200/50000 (38%)]	Loss: 0.126708
Train Epoch: 65 [22400/50000 (45%)]	Loss: 0.112508
Train Epoch: 65 [25600/50000 (51%)]	Loss: 0.159333
Train Epoch: 65 [28800/50000 (58%)]	Loss: 0.033175
Train Epoch: 65 [32000/50000 (64%)]	Loss: 0.187675
Train Epoch: 65 [35200/50000 (70%)]	Loss: 0.158713
Train Epoch: 65 [38400/50000 (77%)]	Loss: 0.191740
Train Epoch: 65 [41600/50000 (83%)]	Loss: 0.053183
Train Epoch: 65 [44800/50000 (90%)]	Loss: 0.123585
Train Epoch: 65 [48000/50000 (96%)]	Loss: 0.168125

Test set: Average loss: 0.0004, Accuracy: 8926/10000 (89%)

Train Epoch: 66 [0/50000 (0%)]	Loss: 0.141991
Train Epoch: 66 [3200/50000 (6%)]	Loss: 0.092351
Train Epoch: 66 [6400/50000 (13%)]	Loss: 0.132333
Train Epoch: 66 [9600/50000 (19%)]	Loss: 0.135258
Train Epoch: 66 [12800/50000 (26%)]	Loss: 0.062119
Train Epoch: 66 [16000/50000 (32%)]	Loss: 0.101904
Train Epoch: 66 [19200/50000 (38%)]	Loss: 0.074996
Train Epoch: 66 [22400/50000 (45%)]	Loss: 0.100999
Train Epoch: 66 [25600/50000 (51%)]	Loss: 0.072096
Train Epoch: 66 [28800/50000 (58%)]	Loss: 0.172393
Train Epoch: 66 [32000/50000 (64%)]	Loss: 0.096065
Train Epoch: 66 [35200/50000 (70%)]	Loss: 0.140176
Train Epoch: 66 [38400/50000 (77%)]	Loss: 0.260103
Train Epoch: 66 [41600/50000 (83%)]	Loss: 0.120558
Train Epoch: 66 [44800/50000 (90%)]	Loss: 0.141168
Train Epoch: 66 [48000/50000 (96%)]	Loss: 0.100649

Test set: Average loss: 0.0004, Accuracy: 8877/10000 (89%)

Train Epoch: 67 [0/50000 (0%)]	Loss: 0.088776
Train Epoch: 67 [3200/50000 (6%)]	Loss: 0.049714
Train Epoch: 67 [6400/50000 (13%)]	Loss: 0.195228
Train Epoch: 67 [9600/50000 (19%)]	Loss: 0.127497
Train Epoch: 67 [12800/50000 (26%)]	Loss: 0.247516
Train Epoch: 67 [16000/50000 (32%)]	Loss: 0.183658
Train Epoch: 67 [19200/50000 (38%)]	Loss: 0.128142
Train Epoch: 67 [22400/50000 (45%)]	Loss: 0.113224
Train Epoch: 67 [25600/50000 (51%)]	Loss: 0.057330
Train Epoch: 67 [28800/50000 (58%)]	Loss: 0.095594
Train Epoch: 67 [32000/50000 (64%)]	Loss: 0.129633
Train Epoch: 67 [35200/50000 (70%)]	Loss: 0.162383
Train Epoch: 67 [38400/50000 (77%)]	Loss: 0.132667
Train Epoch: 67 [41600/50000 (83%)]	Loss: 0.120358
Train Epoch: 67 [44800/50000 (90%)]	Loss: 0.087900
Train Epoch: 67 [48000/50000 (96%)]	Loss: 0.118465

Test set: Average loss: 0.0004, Accuracy: 8919/10000 (89%)

Train Epoch: 68 [0/50000 (0%)]	Loss: 0.144997
Train Epoch: 68 [3200/50000 (6%)]	Loss: 0.013584
Train Epoch: 68 [6400/50000 (13%)]	Loss: 0.106501
Train Epoch: 68 [9600/50000 (19%)]	Loss: 0.164159
Train Epoch: 68 [12800/50000 (26%)]	Loss: 0.074862
Train Epoch: 68 [16000/50000 (32%)]	Loss: 0.324013
Train Epoch: 68 [19200/50000 (38%)]	Loss: 0.094793
Train Epoch: 68 [22400/50000 (45%)]	Loss: 0.020290
Train Epoch: 68 [25600/50000 (51%)]	Loss: 0.052554
Train Epoch: 68 [28800/50000 (58%)]	Loss: 0.066890
Train Epoch: 68 [32000/50000 (64%)]	Loss: 0.104317
Train Epoch: 68 [35200/50000 (70%)]	Loss: 0.298670
Train Epoch: 68 [38400/50000 (77%)]	Loss: 0.051008
Train Epoch: 68 [41600/50000 (83%)]	Loss: 0.049062
Train Epoch: 68 [44800/50000 (90%)]	Loss: 0.138177
Train Epoch: 68 [48000/50000 (96%)]	Loss: 0.127158

Test set: Average loss: 0.0004, Accuracy: 8955/10000 (90%)

Train Epoch: 69 [0/50000 (0%)]	Loss: 0.105723
Train Epoch: 69 [3200/50000 (6%)]	Loss: 0.116143
Train Epoch: 69 [6400/50000 (13%)]	Loss: 0.250992
Train Epoch: 69 [9600/50000 (19%)]	Loss: 0.063206
Train Epoch: 69 [12800/50000 (26%)]	Loss: 0.180262
Train Epoch: 69 [16000/50000 (32%)]	Loss: 0.101062
Train Epoch: 69 [19200/50000 (38%)]	Loss: 0.142720
Train Epoch: 69 [22400/50000 (45%)]	Loss: 0.130758
Train Epoch: 69 [25600/50000 (51%)]	Loss: 0.083533
Train Epoch: 69 [28800/50000 (58%)]	Loss: 0.059363
Train Epoch: 69 [32000/50000 (64%)]	Loss: 0.182131
Train Epoch: 69 [35200/50000 (70%)]	Loss: 0.092358
Train Epoch: 69 [38400/50000 (77%)]	Loss: 0.054624
Train Epoch: 69 [41600/50000 (83%)]	Loss: 0.116378
Train Epoch: 69 [44800/50000 (90%)]	Loss: 0.162200
Train Epoch: 69 [48000/50000 (96%)]	Loss: 0.228868

Test set: Average loss: 0.0004, Accuracy: 8918/10000 (89%)

Train Epoch: 70 [0/50000 (0%)]	Loss: 0.194392
Train Epoch: 70 [3200/50000 (6%)]	Loss: 0.154215
Train Epoch: 70 [6400/50000 (13%)]	Loss: 0.070699
Train Epoch: 70 [9600/50000 (19%)]	Loss: 0.113643
Train Epoch: 70 [12800/50000 (26%)]	Loss: 0.036523
Train Epoch: 70 [16000/50000 (32%)]	Loss: 0.121352
Train Epoch: 70 [19200/50000 (38%)]	Loss: 0.106367
Train Epoch: 70 [22400/50000 (45%)]	Loss: 0.137404
Train Epoch: 70 [25600/50000 (51%)]	Loss: 0.194270
Train Epoch: 70 [28800/50000 (58%)]	Loss: 0.153704
Train Epoch: 70 [32000/50000 (64%)]	Loss: 0.154258
Train Epoch: 70 [35200/50000 (70%)]	Loss: 0.154824
Train Epoch: 70 [38400/50000 (77%)]	Loss: 0.064867
Train Epoch: 70 [41600/50000 (83%)]	Loss: 0.193278
Train Epoch: 70 [44800/50000 (90%)]	Loss: 0.143898
Train Epoch: 70 [48000/50000 (96%)]	Loss: 0.258435

Test set: Average loss: 0.0004, Accuracy: 8926/10000 (89%)

Train Epoch: 71 [0/50000 (0%)]	Loss: 0.119122
Train Epoch: 71 [3200/50000 (6%)]	Loss: 0.085031
Train Epoch: 71 [6400/50000 (13%)]	Loss: 0.085418
Train Epoch: 71 [9600/50000 (19%)]	Loss: 0.071327
Train Epoch: 71 [12800/50000 (26%)]	Loss: 0.116510
Train Epoch: 71 [16000/50000 (32%)]	Loss: 0.093171
Train Epoch: 71 [19200/50000 (38%)]	Loss: 0.146087
Train Epoch: 71 [22400/50000 (45%)]	Loss: 0.115118
Train Epoch: 71 [25600/50000 (51%)]	Loss: 0.089644
Train Epoch: 71 [28800/50000 (58%)]	Loss: 0.081912
Train Epoch: 71 [32000/50000 (64%)]	Loss: 0.146581
Train Epoch: 71 [35200/50000 (70%)]	Loss: 0.225976
Train Epoch: 71 [38400/50000 (77%)]	Loss: 0.063860
Train Epoch: 71 [41600/50000 (83%)]	Loss: 0.169180
Train Epoch: 71 [44800/50000 (90%)]	Loss: 0.140158
Train Epoch: 71 [48000/50000 (96%)]	Loss: 0.086843

Test set: Average loss: 0.0004, Accuracy: 8904/10000 (89%)

Train Epoch: 72 [0/50000 (0%)]	Loss: 0.111714
Train Epoch: 72 [3200/50000 (6%)]	Loss: 0.126609
Train Epoch: 72 [6400/50000 (13%)]	Loss: 0.195770
Train Epoch: 72 [9600/50000 (19%)]	Loss: 0.030881
Train Epoch: 72 [12800/50000 (26%)]	Loss: 0.064683
Train Epoch: 72 [16000/50000 (32%)]	Loss: 0.115546
Train Epoch: 72 [19200/50000 (38%)]	Loss: 0.078313
Train Epoch: 72 [22400/50000 (45%)]	Loss: 0.111187
Train Epoch: 72 [25600/50000 (51%)]	Loss: 0.144492
Train Epoch: 72 [28800/50000 (58%)]	Loss: 0.075834
Train Epoch: 72 [32000/50000 (64%)]	Loss: 0.152628
Train Epoch: 72 [35200/50000 (70%)]	Loss: 0.179541
Train Epoch: 72 [38400/50000 (77%)]	Loss: 0.163827
Train Epoch: 72 [41600/50000 (83%)]	Loss: 0.083339
Train Epoch: 72 [44800/50000 (90%)]	Loss: 0.087299
Train Epoch: 72 [48000/50000 (96%)]	Loss: 0.083021

Test set: Average loss: 0.0004, Accuracy: 8879/10000 (89%)

Train Epoch: 73 [0/50000 (0%)]	Loss: 0.175288
Train Epoch: 73 [3200/50000 (6%)]	Loss: 0.073546
Train Epoch: 73 [6400/50000 (13%)]	Loss: 0.087028
Train Epoch: 73 [9600/50000 (19%)]	Loss: 0.098266
Train Epoch: 73 [12800/50000 (26%)]	Loss: 0.156841
Train Epoch: 73 [16000/50000 (32%)]	Loss: 0.045343
Train Epoch: 73 [19200/50000 (38%)]	Loss: 0.163273
Train Epoch: 73 [22400/50000 (45%)]	Loss: 0.088261
Train Epoch: 73 [25600/50000 (51%)]	Loss: 0.051730
Train Epoch: 73 [28800/50000 (58%)]	Loss: 0.211818
Train Epoch: 73 [32000/50000 (64%)]	Loss: 0.050142
Train Epoch: 73 [35200/50000 (70%)]	Loss: 0.135821
Train Epoch: 73 [38400/50000 (77%)]	Loss: 0.084394
Train Epoch: 73 [41600/50000 (83%)]	Loss: 0.097816
Train Epoch: 73 [44800/50000 (90%)]	Loss: 0.141460
Train Epoch: 73 [48000/50000 (96%)]	Loss: 0.121238

Test set: Average loss: 0.0004, Accuracy: 8892/10000 (89%)

Train Epoch: 74 [0/50000 (0%)]	Loss: 0.167593
Train Epoch: 74 [3200/50000 (6%)]	Loss: 0.187253
Train Epoch: 74 [6400/50000 (13%)]	Loss: 0.182148
Train Epoch: 74 [9600/50000 (19%)]	Loss: 0.087198
Train Epoch: 74 [12800/50000 (26%)]	Loss: 0.090896
Train Epoch: 74 [16000/50000 (32%)]	Loss: 0.092327
Train Epoch: 74 [19200/50000 (38%)]	Loss: 0.022448
Train Epoch: 74 [22400/50000 (45%)]	Loss: 0.081119
Train Epoch: 74 [25600/50000 (51%)]	Loss: 0.025187
Train Epoch: 74 [28800/50000 (58%)]	Loss: 0.063272
Train Epoch: 74 [32000/50000 (64%)]	Loss: 0.064131
Train Epoch: 74 [35200/50000 (70%)]	Loss: 0.086017
Train Epoch: 74 [38400/50000 (77%)]	Loss: 0.195883
Train Epoch: 74 [41600/50000 (83%)]	Loss: 0.210404
Train Epoch: 74 [44800/50000 (90%)]	Loss: 0.051068
Train Epoch: 74 [48000/50000 (96%)]	Loss: 0.088195

Test set: Average loss: 0.0004, Accuracy: 8974/10000 (90%)

Train Epoch: 75 [0/50000 (0%)]	Loss: 0.193214
Train Epoch: 75 [3200/50000 (6%)]	Loss: 0.132560
Train Epoch: 75 [6400/50000 (13%)]	Loss: 0.170743
Train Epoch: 75 [9600/50000 (19%)]	Loss: 0.064765
Train Epoch: 75 [12800/50000 (26%)]	Loss: 0.160272
Train Epoch: 75 [16000/50000 (32%)]	Loss: 0.058630
Train Epoch: 75 [19200/50000 (38%)]	Loss: 0.179534
Train Epoch: 75 [22400/50000 (45%)]	Loss: 0.135401
Train Epoch: 75 [25600/50000 (51%)]	Loss: 0.061133
Train Epoch: 75 [28800/50000 (58%)]	Loss: 0.066091
Train Epoch: 75 [32000/50000 (64%)]	Loss: 0.072741
Train Epoch: 75 [35200/50000 (70%)]	Loss: 0.121253
Train Epoch: 75 [38400/50000 (77%)]	Loss: 0.150824
Train Epoch: 75 [41600/50000 (83%)]	Loss: 0.121433
Train Epoch: 75 [44800/50000 (90%)]	Loss: 0.203751
Train Epoch: 75 [48000/50000 (96%)]	Loss: 0.152324

Test set: Average loss: 0.0004, Accuracy: 8870/10000 (89%)

Train Epoch: 76 [0/50000 (0%)]	Loss: 0.044369
Train Epoch: 76 [3200/50000 (6%)]	Loss: 0.030205
Train Epoch: 76 [6400/50000 (13%)]	Loss: 0.147107
Train Epoch: 76 [9600/50000 (19%)]	Loss: 0.169508
Train Epoch: 76 [12800/50000 (26%)]	Loss: 0.126659
Train Epoch: 76 [16000/50000 (32%)]	Loss: 0.097481
Train Epoch: 76 [19200/50000 (38%)]	Loss: 0.097546
Train Epoch: 76 [22400/50000 (45%)]	Loss: 0.133096
Train Epoch: 76 [25600/50000 (51%)]	Loss: 0.108455
Train Epoch: 76 [28800/50000 (58%)]	Loss: 0.082491
Train Epoch: 76 [32000/50000 (64%)]	Loss: 0.081159
Train Epoch: 76 [35200/50000 (70%)]	Loss: 0.112028
Train Epoch: 76 [38400/50000 (77%)]	Loss: 0.221287
Train Epoch: 76 [41600/50000 (83%)]	Loss: 0.109021
Train Epoch: 76 [44800/50000 (90%)]	Loss: 0.024843
Train Epoch: 76 [48000/50000 (96%)]	Loss: 0.148298

Test set: Average loss: 0.0004, Accuracy: 8940/10000 (89%)

Train Epoch: 77 [0/50000 (0%)]	Loss: 0.086817
Train Epoch: 77 [3200/50000 (6%)]	Loss: 0.109069
Train Epoch: 77 [6400/50000 (13%)]	Loss: 0.082725
Train Epoch: 77 [9600/50000 (19%)]	Loss: 0.117767
Train Epoch: 77 [12800/50000 (26%)]	Loss: 0.281362
Train Epoch: 77 [16000/50000 (32%)]	Loss: 0.066252
Train Epoch: 77 [19200/50000 (38%)]	Loss: 0.128501
Train Epoch: 77 [22400/50000 (45%)]	Loss: 0.054562
Train Epoch: 77 [25600/50000 (51%)]	Loss: 0.088986
Train Epoch: 77 [28800/50000 (58%)]	Loss: 0.201483
Train Epoch: 77 [32000/50000 (64%)]	Loss: 0.039486
Train Epoch: 77 [35200/50000 (70%)]	Loss: 0.091660
Train Epoch: 77 [38400/50000 (77%)]	Loss: 0.222240
Train Epoch: 77 [41600/50000 (83%)]	Loss: 0.103647
Train Epoch: 77 [44800/50000 (90%)]	Loss: 0.050557
Train Epoch: 77 [48000/50000 (96%)]	Loss: 0.092685

Test set: Average loss: 0.0004, Accuracy: 8953/10000 (90%)

Train Epoch: 78 [0/50000 (0%)]	Loss: 0.119773
Train Epoch: 78 [3200/50000 (6%)]	Loss: 0.198688
Train Epoch: 78 [6400/50000 (13%)]	Loss: 0.112314
Train Epoch: 78 [9600/50000 (19%)]	Loss: 0.093516
Train Epoch: 78 [12800/50000 (26%)]	Loss: 0.069763
Train Epoch: 78 [16000/50000 (32%)]	Loss: 0.112641
Train Epoch: 78 [19200/50000 (38%)]	Loss: 0.053121
Train Epoch: 78 [22400/50000 (45%)]	Loss: 0.097374
Train Epoch: 78 [25600/50000 (51%)]	Loss: 0.050215
Train Epoch: 78 [28800/50000 (58%)]	Loss: 0.135703
Train Epoch: 78 [32000/50000 (64%)]	Loss: 0.108152
Train Epoch: 78 [35200/50000 (70%)]	Loss: 0.132288
Train Epoch: 78 [38400/50000 (77%)]	Loss: 0.137964
Train Epoch: 78 [41600/50000 (83%)]	Loss: 0.183057
Train Epoch: 78 [44800/50000 (90%)]	Loss: 0.044917
Train Epoch: 78 [48000/50000 (96%)]	Loss: 0.087856

Test set: Average loss: 0.0004, Accuracy: 8953/10000 (90%)

Train Epoch: 79 [0/50000 (0%)]	Loss: 0.107033
Train Epoch: 79 [3200/50000 (6%)]	Loss: 0.157927
Train Epoch: 79 [6400/50000 (13%)]	Loss: 0.046601
Train Epoch: 79 [9600/50000 (19%)]	Loss: 0.115676
Train Epoch: 79 [12800/50000 (26%)]	Loss: 0.154232
Train Epoch: 79 [16000/50000 (32%)]	Loss: 0.042430
Train Epoch: 79 [19200/50000 (38%)]	Loss: 0.228388
Train Epoch: 79 [22400/50000 (45%)]	Loss: 0.085695
Train Epoch: 79 [25600/50000 (51%)]	Loss: 0.092535
Train Epoch: 79 [28800/50000 (58%)]	Loss: 0.135437
Train Epoch: 79 [32000/50000 (64%)]	Loss: 0.132262
Train Epoch: 79 [35200/50000 (70%)]	Loss: 0.077603
Train Epoch: 79 [38400/50000 (77%)]	Loss: 0.052649
Train Epoch: 79 [41600/50000 (83%)]	Loss: 0.201054
Train Epoch: 79 [44800/50000 (90%)]	Loss: 0.132796
Train Epoch: 79 [48000/50000 (96%)]	Loss: 0.219101

Test set: Average loss: 0.0004, Accuracy: 8902/10000 (89%)

Train Epoch: 80 [0/50000 (0%)]	Loss: 0.080921
Train Epoch: 80 [3200/50000 (6%)]	Loss: 0.033051
Train Epoch: 80 [6400/50000 (13%)]	Loss: 0.035443
Train Epoch: 80 [9600/50000 (19%)]	Loss: 0.045116
Train Epoch: 80 [12800/50000 (26%)]	Loss: 0.134481
Train Epoch: 80 [16000/50000 (32%)]	Loss: 0.089757
Train Epoch: 80 [19200/50000 (38%)]	Loss: 0.104796
Train Epoch: 80 [22400/50000 (45%)]	Loss: 0.093513
Train Epoch: 80 [25600/50000 (51%)]	Loss: 0.109123
Train Epoch: 80 [28800/50000 (58%)]	Loss: 0.078692
Train Epoch: 80 [32000/50000 (64%)]	Loss: 0.165223
Train Epoch: 80 [35200/50000 (70%)]	Loss: 0.275614
Train Epoch: 80 [38400/50000 (77%)]	Loss: 0.158717
Train Epoch: 80 [41600/50000 (83%)]	Loss: 0.080366
Train Epoch: 80 [44800/50000 (90%)]	Loss: 0.204637
Train Epoch: 80 [48000/50000 (96%)]	Loss: 0.098832

Test set: Average loss: 0.0004, Accuracy: 8910/10000 (89%)

Train Epoch: 81 [0/50000 (0%)]	Loss: 0.076464
Train Epoch: 81 [3200/50000 (6%)]	Loss: 0.093420
Train Epoch: 81 [6400/50000 (13%)]	Loss: 0.138100
Train Epoch: 81 [9600/50000 (19%)]	Loss: 0.073284
Train Epoch: 81 [12800/50000 (26%)]	Loss: 0.104566
Train Epoch: 81 [16000/50000 (32%)]	Loss: 0.051707
Train Epoch: 81 [19200/50000 (38%)]	Loss: 0.114411
Train Epoch: 81 [22400/50000 (45%)]	Loss: 0.090696
Train Epoch: 81 [25600/50000 (51%)]	Loss: 0.096798
Train Epoch: 81 [28800/50000 (58%)]	Loss: 0.059965
Train Epoch: 81 [32000/50000 (64%)]	Loss: 0.089117
Train Epoch: 81 [35200/50000 (70%)]	Loss: 0.054560
Train Epoch: 81 [38400/50000 (77%)]	Loss: 0.068451
Train Epoch: 81 [41600/50000 (83%)]	Loss: 0.035386
Train Epoch: 81 [44800/50000 (90%)]	Loss: 0.137659
Train Epoch: 81 [48000/50000 (96%)]	Loss: 0.007253

Test set: Average loss: 0.0004, Accuracy: 9022/10000 (90%)

Train Epoch: 82 [0/50000 (0%)]	Loss: 0.116942
Train Epoch: 82 [3200/50000 (6%)]	Loss: 0.117570
Train Epoch: 82 [6400/50000 (13%)]	Loss: 0.134619
Train Epoch: 82 [9600/50000 (19%)]	Loss: 0.085910
Train Epoch: 82 [12800/50000 (26%)]	Loss: 0.155036
Train Epoch: 82 [16000/50000 (32%)]	Loss: 0.017832
Train Epoch: 82 [19200/50000 (38%)]	Loss: 0.032340
Train Epoch: 82 [22400/50000 (45%)]	Loss: 0.049421
Train Epoch: 82 [25600/50000 (51%)]	Loss: 0.037509
Train Epoch: 82 [28800/50000 (58%)]	Loss: 0.019896
Train Epoch: 82 [32000/50000 (64%)]	Loss: 0.085281
Train Epoch: 82 [35200/50000 (70%)]	Loss: 0.129999
Train Epoch: 82 [38400/50000 (77%)]	Loss: 0.098461
Train Epoch: 82 [41600/50000 (83%)]	Loss: 0.060677
Train Epoch: 82 [44800/50000 (90%)]	Loss: 0.041794
Train Epoch: 82 [48000/50000 (96%)]	Loss: 0.090800

Test set: Average loss: 0.0004, Accuracy: 9035/10000 (90%)

Train Epoch: 83 [0/50000 (0%)]	Loss: 0.012608
Train Epoch: 83 [3200/50000 (6%)]	Loss: 0.042892
Train Epoch: 83 [6400/50000 (13%)]	Loss: 0.019609
Train Epoch: 83 [9600/50000 (19%)]	Loss: 0.143620
Train Epoch: 83 [12800/50000 (26%)]	Loss: 0.011176
Train Epoch: 83 [16000/50000 (32%)]	Loss: 0.053785
Train Epoch: 83 [19200/50000 (38%)]	Loss: 0.023342
Train Epoch: 83 [22400/50000 (45%)]	Loss: 0.105925
Train Epoch: 83 [25600/50000 (51%)]	Loss: 0.075408
Train Epoch: 83 [28800/50000 (58%)]	Loss: 0.035078
Train Epoch: 83 [32000/50000 (64%)]	Loss: 0.048008
Train Epoch: 83 [35200/50000 (70%)]	Loss: 0.094377
Train Epoch: 83 [38400/50000 (77%)]	Loss: 0.026891
Train Epoch: 83 [41600/50000 (83%)]	Loss: 0.030343
Train Epoch: 83 [44800/50000 (90%)]	Loss: 0.023624
Train Epoch: 83 [48000/50000 (96%)]	Loss: 0.025997

Test set: Average loss: 0.0004, Accuracy: 9041/10000 (90%)

Train Epoch: 84 [0/50000 (0%)]	Loss: 0.082056
Train Epoch: 84 [3200/50000 (6%)]	Loss: 0.082777
Train Epoch: 84 [6400/50000 (13%)]	Loss: 0.029300
Train Epoch: 84 [9600/50000 (19%)]	Loss: 0.097236
Train Epoch: 84 [12800/50000 (26%)]	Loss: 0.002811
Train Epoch: 84 [16000/50000 (32%)]	Loss: 0.014157
Train Epoch: 84 [19200/50000 (38%)]	Loss: 0.046302
Train Epoch: 84 [22400/50000 (45%)]	Loss: 0.095629
Train Epoch: 84 [25600/50000 (51%)]	Loss: 0.044287
Train Epoch: 84 [28800/50000 (58%)]	Loss: 0.017979
Train Epoch: 84 [32000/50000 (64%)]	Loss: 0.129351
Train Epoch: 84 [35200/50000 (70%)]	Loss: 0.027540
Train Epoch: 84 [38400/50000 (77%)]	Loss: 0.020965
Train Epoch: 84 [41600/50000 (83%)]	Loss: 0.102172
Train Epoch: 84 [44800/50000 (90%)]	Loss: 0.018098
Train Epoch: 84 [48000/50000 (96%)]	Loss: 0.005701

Test set: Average loss: 0.0004, Accuracy: 9045/10000 (90%)

Train Epoch: 85 [0/50000 (0%)]	Loss: 0.050859
Train Epoch: 85 [3200/50000 (6%)]	Loss: 0.071583
Train Epoch: 85 [6400/50000 (13%)]	Loss: 0.126071
Train Epoch: 85 [9600/50000 (19%)]	Loss: 0.124065
Train Epoch: 85 [12800/50000 (26%)]	Loss: 0.049776
Train Epoch: 85 [16000/50000 (32%)]	Loss: 0.013381
Train Epoch: 85 [19200/50000 (38%)]	Loss: 0.075627
Train Epoch: 85 [22400/50000 (45%)]	Loss: 0.031143
Train Epoch: 85 [25600/50000 (51%)]	Loss: 0.039603
Train Epoch: 85 [28800/50000 (58%)]	Loss: 0.008674
Train Epoch: 85 [32000/50000 (64%)]	Loss: 0.006579
Train Epoch: 85 [35200/50000 (70%)]	Loss: 0.010237
Train Epoch: 85 [38400/50000 (77%)]	Loss: 0.004980
Train Epoch: 85 [41600/50000 (83%)]	Loss: 0.024162
Train Epoch: 85 [44800/50000 (90%)]	Loss: 0.065668
Train Epoch: 85 [48000/50000 (96%)]	Loss: 0.057284

Test set: Average loss: 0.0004, Accuracy: 9054/10000 (91%)

Train Epoch: 86 [0/50000 (0%)]	Loss: 0.077523
Train Epoch: 86 [3200/50000 (6%)]	Loss: 0.037248
Train Epoch: 86 [6400/50000 (13%)]	Loss: 0.018784
Train Epoch: 86 [9600/50000 (19%)]	Loss: 0.015752
Train Epoch: 86 [12800/50000 (26%)]	Loss: 0.009929
Train Epoch: 86 [16000/50000 (32%)]	Loss: 0.007826
Train Epoch: 86 [19200/50000 (38%)]	Loss: 0.009990
Train Epoch: 86 [22400/50000 (45%)]	Loss: 0.046444
Train Epoch: 86 [25600/50000 (51%)]	Loss: 0.021058
Train Epoch: 86 [28800/50000 (58%)]	Loss: 0.123168
Train Epoch: 86 [32000/50000 (64%)]	Loss: 0.069236
Train Epoch: 86 [35200/50000 (70%)]	Loss: 0.011663
Train Epoch: 86 [38400/50000 (77%)]	Loss: 0.053636
Train Epoch: 86 [41600/50000 (83%)]	Loss: 0.042882
Train Epoch: 86 [44800/50000 (90%)]	Loss: 0.025192
Train Epoch: 86 [48000/50000 (96%)]	Loss: 0.071588

Test set: Average loss: 0.0004, Accuracy: 9034/10000 (90%)

Train Epoch: 87 [0/50000 (0%)]	Loss: 0.044830
Train Epoch: 87 [3200/50000 (6%)]	Loss: 0.042544
Train Epoch: 87 [6400/50000 (13%)]	Loss: 0.027640
Train Epoch: 87 [9600/50000 (19%)]	Loss: 0.014281
Train Epoch: 87 [12800/50000 (26%)]	Loss: 0.051326
Train Epoch: 87 [16000/50000 (32%)]	Loss: 0.053265
Train Epoch: 87 [19200/50000 (38%)]	Loss: 0.022949
Train Epoch: 87 [22400/50000 (45%)]	Loss: 0.025439
Train Epoch: 87 [25600/50000 (51%)]	Loss: 0.105917
Train Epoch: 87 [28800/50000 (58%)]	Loss: 0.130115
Train Epoch: 87 [32000/50000 (64%)]	Loss: 0.019419
Train Epoch: 87 [35200/50000 (70%)]	Loss: 0.026709
Train Epoch: 87 [38400/50000 (77%)]	Loss: 0.039938
Train Epoch: 87 [41600/50000 (83%)]	Loss: 0.030113
Train Epoch: 87 [44800/50000 (90%)]	Loss: 0.081139
Train Epoch: 87 [48000/50000 (96%)]	Loss: 0.067562

Test set: Average loss: 0.0004, Accuracy: 9047/10000 (90%)

Train Epoch: 88 [0/50000 (0%)]	Loss: 0.090747
Train Epoch: 88 [3200/50000 (6%)]	Loss: 0.005121
Train Epoch: 88 [6400/50000 (13%)]	Loss: 0.011451
Train Epoch: 88 [9600/50000 (19%)]	Loss: 0.023273
Train Epoch: 88 [12800/50000 (26%)]	Loss: 0.034589
Train Epoch: 88 [16000/50000 (32%)]	Loss: 0.036786
Train Epoch: 88 [19200/50000 (38%)]	Loss: 0.136524
Train Epoch: 88 [22400/50000 (45%)]	Loss: 0.076447
Train Epoch: 88 [25600/50000 (51%)]	Loss: 0.107500
Train Epoch: 88 [28800/50000 (58%)]	Loss: 0.082842
Train Epoch: 88 [32000/50000 (64%)]	Loss: 0.066624
Train Epoch: 88 [35200/50000 (70%)]	Loss: 0.014659
Train Epoch: 88 [38400/50000 (77%)]	Loss: 0.014994
Train Epoch: 88 [41600/50000 (83%)]	Loss: 0.066002
Train Epoch: 88 [44800/50000 (90%)]	Loss: 0.008911
Train Epoch: 88 [48000/50000 (96%)]	Loss: 0.040050

Test set: Average loss: 0.0004, Accuracy: 9035/10000 (90%)

Train Epoch: 89 [0/50000 (0%)]	Loss: 0.029027
Train Epoch: 89 [3200/50000 (6%)]	Loss: 0.012996
Train Epoch: 89 [6400/50000 (13%)]	Loss: 0.009095
Train Epoch: 89 [9600/50000 (19%)]	Loss: 0.010835
Train Epoch: 89 [12800/50000 (26%)]	Loss: 0.080739
Train Epoch: 89 [16000/50000 (32%)]	Loss: 0.004641
Train Epoch: 89 [19200/50000 (38%)]	Loss: 0.004194
Train Epoch: 89 [22400/50000 (45%)]	Loss: 0.004654
Train Epoch: 89 [25600/50000 (51%)]	Loss: 0.034130
Train Epoch: 89 [28800/50000 (58%)]	Loss: 0.091396
Train Epoch: 89 [32000/50000 (64%)]	Loss: 0.014117
Train Epoch: 89 [35200/50000 (70%)]	Loss: 0.033735
Train Epoch: 89 [38400/50000 (77%)]	Loss: 0.046210
Train Epoch: 89 [41600/50000 (83%)]	Loss: 0.023852
Train Epoch: 89 [44800/50000 (90%)]	Loss: 0.034372
Train Epoch: 89 [48000/50000 (96%)]	Loss: 0.040539

Test set: Average loss: 0.0004, Accuracy: 9060/10000 (91%)

Train Epoch: 90 [0/50000 (0%)]	Loss: 0.026990
Train Epoch: 90 [3200/50000 (6%)]	Loss: 0.033944
Train Epoch: 90 [6400/50000 (13%)]	Loss: 0.089938
Train Epoch: 90 [9600/50000 (19%)]	Loss: 0.084666
Train Epoch: 90 [12800/50000 (26%)]	Loss: 0.091141
Train Epoch: 90 [16000/50000 (32%)]	Loss: 0.023683
Train Epoch: 90 [19200/50000 (38%)]	Loss: 0.036214
Train Epoch: 90 [22400/50000 (45%)]	Loss: 0.007346
Train Epoch: 90 [25600/50000 (51%)]	Loss: 0.011597
Train Epoch: 90 [28800/50000 (58%)]	Loss: 0.009011
Train Epoch: 90 [32000/50000 (64%)]	Loss: 0.018421
Train Epoch: 90 [35200/50000 (70%)]	Loss: 0.006720
Train Epoch: 90 [38400/50000 (77%)]	Loss: 0.032617
Train Epoch: 90 [41600/50000 (83%)]	Loss: 0.095480
Train Epoch: 90 [44800/50000 (90%)]	Loss: 0.005847
Train Epoch: 90 [48000/50000 (96%)]	Loss: 0.016996

Test set: Average loss: 0.0004, Accuracy: 9039/10000 (90%)

Train Epoch: 91 [0/50000 (0%)]	Loss: 0.019661
Train Epoch: 91 [3200/50000 (6%)]	Loss: 0.012255
Train Epoch: 91 [6400/50000 (13%)]	Loss: 0.038338
Train Epoch: 91 [9600/50000 (19%)]	Loss: 0.022902
Train Epoch: 91 [12800/50000 (26%)]	Loss: 0.002593
Train Epoch: 91 [16000/50000 (32%)]	Loss: 0.003115
Train Epoch: 91 [19200/50000 (38%)]	Loss: 0.051519
Train Epoch: 91 [22400/50000 (45%)]	Loss: 0.031262
Train Epoch: 91 [25600/50000 (51%)]	Loss: 0.030147
Train Epoch: 91 [28800/50000 (58%)]	Loss: 0.010603
Train Epoch: 91 [32000/50000 (64%)]	Loss: 0.055322
Train Epoch: 91 [35200/50000 (70%)]	Loss: 0.024046
Train Epoch: 91 [38400/50000 (77%)]	Loss: 0.006651
Train Epoch: 91 [41600/50000 (83%)]	Loss: 0.041922
Train Epoch: 91 [44800/50000 (90%)]	Loss: 0.066032
Train Epoch: 91 [48000/50000 (96%)]	Loss: 0.012458

Test set: Average loss: 0.0004, Accuracy: 9059/10000 (91%)

Train Epoch: 92 [0/50000 (0%)]	Loss: 0.107831
Train Epoch: 92 [3200/50000 (6%)]	Loss: 0.067724
Train Epoch: 92 [6400/50000 (13%)]	Loss: 0.012557
Train Epoch: 92 [9600/50000 (19%)]	Loss: 0.023578
Train Epoch: 92 [12800/50000 (26%)]	Loss: 0.074882
Train Epoch: 92 [16000/50000 (32%)]	Loss: 0.002770
Train Epoch: 92 [19200/50000 (38%)]	Loss: 0.012594
Train Epoch: 92 [22400/50000 (45%)]	Loss: 0.070730
Train Epoch: 92 [25600/50000 (51%)]	Loss: 0.022550
Train Epoch: 92 [28800/50000 (58%)]	Loss: 0.052987
Train Epoch: 92 [32000/50000 (64%)]	Loss: 0.003579
Train Epoch: 92 [35200/50000 (70%)]	Loss: 0.010817
Train Epoch: 92 [38400/50000 (77%)]	Loss: 0.007653
Train Epoch: 92 [41600/50000 (83%)]	Loss: 0.023900
Train Epoch: 92 [44800/50000 (90%)]	Loss: 0.004828
Train Epoch: 92 [48000/50000 (96%)]	Loss: 0.090697

Test set: Average loss: 0.0004, Accuracy: 9052/10000 (91%)

Train Epoch: 93 [0/50000 (0%)]	Loss: 0.007255
Train Epoch: 93 [3200/50000 (6%)]	Loss: 0.004129
Train Epoch: 93 [6400/50000 (13%)]	Loss: 0.041902
Train Epoch: 93 [9600/50000 (19%)]	Loss: 0.008371
Train Epoch: 93 [12800/50000 (26%)]	Loss: 0.023218
Train Epoch: 93 [16000/50000 (32%)]	Loss: 0.005858
Train Epoch: 93 [19200/50000 (38%)]	Loss: 0.015885
Train Epoch: 93 [22400/50000 (45%)]	Loss: 0.001681
Train Epoch: 93 [25600/50000 (51%)]	Loss: 0.007515
Train Epoch: 93 [28800/50000 (58%)]	Loss: 0.010331
Train Epoch: 93 [32000/50000 (64%)]	Loss: 0.090751
Train Epoch: 93 [35200/50000 (70%)]	Loss: 0.025216
Train Epoch: 93 [38400/50000 (77%)]	Loss: 0.132462
Train Epoch: 93 [41600/50000 (83%)]	Loss: 0.038048
Train Epoch: 93 [44800/50000 (90%)]	Loss: 0.011277
Train Epoch: 93 [48000/50000 (96%)]	Loss: 0.046304

Test set: Average loss: 0.0004, Accuracy: 9067/10000 (91%)

Train Epoch: 94 [0/50000 (0%)]	Loss: 0.010133
Train Epoch: 94 [3200/50000 (6%)]	Loss: 0.028265
Train Epoch: 94 [6400/50000 (13%)]	Loss: 0.014248
Train Epoch: 94 [9600/50000 (19%)]	Loss: 0.080084
Train Epoch: 94 [12800/50000 (26%)]	Loss: 0.148844
Train Epoch: 94 [16000/50000 (32%)]	Loss: 0.011320
Train Epoch: 94 [19200/50000 (38%)]	Loss: 0.116575
Train Epoch: 94 [22400/50000 (45%)]	Loss: 0.066438
Train Epoch: 94 [25600/50000 (51%)]	Loss: 0.028877
Train Epoch: 94 [28800/50000 (58%)]	Loss: 0.022052
Train Epoch: 94 [32000/50000 (64%)]	Loss: 0.008781
Train Epoch: 94 [35200/50000 (70%)]	Loss: 0.094360
Train Epoch: 94 [38400/50000 (77%)]	Loss: 0.083657
Train Epoch: 94 [41600/50000 (83%)]	Loss: 0.005768
Train Epoch: 94 [44800/50000 (90%)]	Loss: 0.049121
Train Epoch: 94 [48000/50000 (96%)]	Loss: 0.020441

Test set: Average loss: 0.0004, Accuracy: 9048/10000 (90%)

Train Epoch: 95 [0/50000 (0%)]	Loss: 0.047419
Train Epoch: 95 [3200/50000 (6%)]	Loss: 0.001551
Train Epoch: 95 [6400/50000 (13%)]	Loss: 0.027228
Train Epoch: 95 [9600/50000 (19%)]	Loss: 0.044462
Train Epoch: 95 [12800/50000 (26%)]	Loss: 0.001761
Train Epoch: 95 [16000/50000 (32%)]	Loss: 0.026512
Train Epoch: 95 [19200/50000 (38%)]	Loss: 0.005241
Train Epoch: 95 [22400/50000 (45%)]	Loss: 0.062845
Train Epoch: 95 [25600/50000 (51%)]	Loss: 0.011580
Train Epoch: 95 [28800/50000 (58%)]	Loss: 0.032999
Train Epoch: 95 [32000/50000 (64%)]	Loss: 0.021935
Train Epoch: 95 [35200/50000 (70%)]	Loss: 0.027561
Train Epoch: 95 [38400/50000 (77%)]	Loss: 0.022519
Train Epoch: 95 [41600/50000 (83%)]	Loss: 0.133429
Train Epoch: 95 [44800/50000 (90%)]	Loss: 0.012043
Train Epoch: 95 [48000/50000 (96%)]	Loss: 0.020015

Test set: Average loss: 0.0004, Accuracy: 9052/10000 (91%)

Train Epoch: 96 [0/50000 (0%)]	Loss: 0.057936
Train Epoch: 96 [3200/50000 (6%)]	Loss: 0.001466
Train Epoch: 96 [6400/50000 (13%)]	Loss: 0.001345
Train Epoch: 96 [9600/50000 (19%)]	Loss: 0.006342
Train Epoch: 96 [12800/50000 (26%)]	Loss: 0.002828
Train Epoch: 96 [16000/50000 (32%)]	Loss: 0.049300
Train Epoch: 96 [19200/50000 (38%)]	Loss: 0.003787
Train Epoch: 96 [22400/50000 (45%)]	Loss: 0.017910
Train Epoch: 96 [25600/50000 (51%)]	Loss: 0.060704
Train Epoch: 96 [28800/50000 (58%)]	Loss: 0.003120
Train Epoch: 96 [32000/50000 (64%)]	Loss: 0.008092
Train Epoch: 96 [35200/50000 (70%)]	Loss: 0.006118
Train Epoch: 96 [38400/50000 (77%)]	Loss: 0.047977
Train Epoch: 96 [41600/50000 (83%)]	Loss: 0.015222
Train Epoch: 96 [44800/50000 (90%)]	Loss: 0.010809
Train Epoch: 96 [48000/50000 (96%)]	Loss: 0.056694

Test set: Average loss: 0.0004, Accuracy: 9069/10000 (91%)

Train Epoch: 97 [0/50000 (0%)]	Loss: 0.016814
Train Epoch: 97 [3200/50000 (6%)]	Loss: 0.009175
Train Epoch: 97 [6400/50000 (13%)]	Loss: 0.009471
Train Epoch: 97 [9600/50000 (19%)]	Loss: 0.006627
Train Epoch: 97 [12800/50000 (26%)]	Loss: 0.012375
Train Epoch: 97 [16000/50000 (32%)]	Loss: 0.016912
Train Epoch: 97 [19200/50000 (38%)]	Loss: 0.022270
Train Epoch: 97 [22400/50000 (45%)]	Loss: 0.115251
Train Epoch: 97 [25600/50000 (51%)]	Loss: 0.052322
Train Epoch: 97 [28800/50000 (58%)]	Loss: 0.020952
Train Epoch: 97 [32000/50000 (64%)]	Loss: 0.047684
Train Epoch: 97 [35200/50000 (70%)]	Loss: 0.001528
Train Epoch: 97 [38400/50000 (77%)]	Loss: 0.006385
Train Epoch: 97 [41600/50000 (83%)]	Loss: 0.016433
Train Epoch: 97 [44800/50000 (90%)]	Loss: 0.083213
Train Epoch: 97 [48000/50000 (96%)]	Loss: 0.003967

Test set: Average loss: 0.0004, Accuracy: 9064/10000 (91%)

Train Epoch: 98 [0/50000 (0%)]	Loss: 0.006588
Train Epoch: 98 [3200/50000 (6%)]	Loss: 0.085701
Train Epoch: 98 [6400/50000 (13%)]	Loss: 0.023583
Train Epoch: 98 [9600/50000 (19%)]	Loss: 0.015339
Train Epoch: 98 [12800/50000 (26%)]	Loss: 0.009782
Train Epoch: 98 [16000/50000 (32%)]	Loss: 0.010757
Train Epoch: 98 [19200/50000 (38%)]	Loss: 0.159251
Train Epoch: 98 [22400/50000 (45%)]	Loss: 0.085223
Train Epoch: 98 [25600/50000 (51%)]	Loss: 0.006094
Train Epoch: 98 [28800/50000 (58%)]	Loss: 0.067036
Train Epoch: 98 [32000/50000 (64%)]	Loss: 0.015959
Train Epoch: 98 [35200/50000 (70%)]	Loss: 0.091196
Train Epoch: 98 [38400/50000 (77%)]	Loss: 0.046478
Train Epoch: 98 [41600/50000 (83%)]	Loss: 0.013639
Train Epoch: 98 [44800/50000 (90%)]	Loss: 0.019080
Train Epoch: 98 [48000/50000 (96%)]	Loss: 0.084297

Test set: Average loss: 0.0004, Accuracy: 9066/10000 (91%)

Train Epoch: 99 [0/50000 (0%)]	Loss: 0.035623
Train Epoch: 99 [3200/50000 (6%)]	Loss: 0.003733
Train Epoch: 99 [6400/50000 (13%)]	Loss: 0.018109
Train Epoch: 99 [9600/50000 (19%)]	Loss: 0.025521
Train Epoch: 99 [12800/50000 (26%)]	Loss: 0.012639
Train Epoch: 99 [16000/50000 (32%)]	Loss: 0.011914
Train Epoch: 99 [19200/50000 (38%)]	Loss: 0.012412
Train Epoch: 99 [22400/50000 (45%)]	Loss: 0.021961
Train Epoch: 99 [25600/50000 (51%)]	Loss: 0.001494
Train Epoch: 99 [28800/50000 (58%)]	Loss: 0.006763
Train Epoch: 99 [32000/50000 (64%)]	Loss: 0.011736
Train Epoch: 99 [35200/50000 (70%)]	Loss: 0.081649
Train Epoch: 99 [38400/50000 (77%)]	Loss: 0.008457
Train Epoch: 99 [41600/50000 (83%)]	Loss: 0.026921
Train Epoch: 99 [44800/50000 (90%)]	Loss: 0.010068
Train Epoch: 99 [48000/50000 (96%)]	Loss: 0.007929

Test set: Average loss: 0.0004, Accuracy: 9049/10000 (90%)

Train Epoch: 100 [0/50000 (0%)]	Loss: 0.005003
Train Epoch: 100 [3200/50000 (6%)]	Loss: 0.009818
Train Epoch: 100 [6400/50000 (13%)]	Loss: 0.012602
Train Epoch: 100 [9600/50000 (19%)]	Loss: 0.006783
Train Epoch: 100 [12800/50000 (26%)]	Loss: 0.016954
Train Epoch: 100 [16000/50000 (32%)]	Loss: 0.001635
Train Epoch: 100 [19200/50000 (38%)]	Loss: 0.008212
Train Epoch: 100 [22400/50000 (45%)]	Loss: 0.026436
Train Epoch: 100 [25600/50000 (51%)]	Loss: 0.038154
Train Epoch: 100 [28800/50000 (58%)]	Loss: 0.016601
Train Epoch: 100 [32000/50000 (64%)]	Loss: 0.001664
Train Epoch: 100 [35200/50000 (70%)]	Loss: 0.108315
Train Epoch: 100 [38400/50000 (77%)]	Loss: 0.026150
Train Epoch: 100 [41600/50000 (83%)]	Loss: 0.007151
Train Epoch: 100 [44800/50000 (90%)]	Loss: 0.090034
Train Epoch: 100 [48000/50000 (96%)]	Loss: 0.009645

Test set: Average loss: 0.0004, Accuracy: 9054/10000 (91%)

