Files already downloaded and verified
Files already downloaded and verified
Total parameters: 3183746
Train Epoch: 1 [0/50000 (0%)]	Loss: 2.303148
Train Epoch: 1 [3200/50000 (6%)]	Loss: 2.142874
Train Epoch: 1 [6400/50000 (13%)]	Loss: 1.738183
Train Epoch: 1 [9600/50000 (19%)]	Loss: 1.733304
Train Epoch: 1 [12800/50000 (26%)]	Loss: 1.668985
Train Epoch: 1 [16000/50000 (32%)]	Loss: 1.660966
Train Epoch: 1 [19200/50000 (38%)]	Loss: 1.843990
Train Epoch: 1 [22400/50000 (45%)]	Loss: 1.666177
Train Epoch: 1 [25600/50000 (51%)]	Loss: 1.626715
Train Epoch: 1 [28800/50000 (58%)]	Loss: 1.496033
Train Epoch: 1 [32000/50000 (64%)]	Loss: 1.514786
Train Epoch: 1 [35200/50000 (70%)]	Loss: 1.439736
Train Epoch: 1 [38400/50000 (77%)]	Loss: 1.454205
Train Epoch: 1 [41600/50000 (83%)]	Loss: 1.576775
Train Epoch: 1 [44800/50000 (90%)]	Loss: 1.502584
Train Epoch: 1 [48000/50000 (96%)]	Loss: 1.465719

Test set: Average loss: 0.0013, Accuracy: 5153/10000 (52%)

Train Epoch: 2 [0/50000 (0%)]	Loss: 1.619103
Train Epoch: 2 [3200/50000 (6%)]	Loss: 1.268578
Train Epoch: 2 [6400/50000 (13%)]	Loss: 1.554329
Train Epoch: 2 [9600/50000 (19%)]	Loss: 1.453671
Train Epoch: 2 [12800/50000 (26%)]	Loss: 1.361862
Train Epoch: 2 [16000/50000 (32%)]	Loss: 1.322474
Train Epoch: 2 [19200/50000 (38%)]	Loss: 1.312541
Train Epoch: 2 [22400/50000 (45%)]	Loss: 1.283501
Train Epoch: 2 [25600/50000 (51%)]	Loss: 1.276008
Train Epoch: 2 [28800/50000 (58%)]	Loss: 1.119331
Train Epoch: 2 [32000/50000 (64%)]	Loss: 1.276868
Train Epoch: 2 [35200/50000 (70%)]	Loss: 1.318796
Train Epoch: 2 [38400/50000 (77%)]	Loss: 1.283271
Train Epoch: 2 [41600/50000 (83%)]	Loss: 1.297666
Train Epoch: 2 [44800/50000 (90%)]	Loss: 1.007125
Train Epoch: 2 [48000/50000 (96%)]	Loss: 1.395494

Test set: Average loss: 0.0011, Accuracy: 5853/10000 (59%)

Train Epoch: 3 [0/50000 (0%)]	Loss: 1.104178
Train Epoch: 3 [3200/50000 (6%)]	Loss: 1.022887
Train Epoch: 3 [6400/50000 (13%)]	Loss: 1.297431
Train Epoch: 3 [9600/50000 (19%)]	Loss: 1.291024
Train Epoch: 3 [12800/50000 (26%)]	Loss: 1.237651
Train Epoch: 3 [16000/50000 (32%)]	Loss: 1.347083
Train Epoch: 3 [19200/50000 (38%)]	Loss: 1.178879
Train Epoch: 3 [22400/50000 (45%)]	Loss: 1.086927
Train Epoch: 3 [25600/50000 (51%)]	Loss: 0.960026
Train Epoch: 3 [28800/50000 (58%)]	Loss: 1.022132
Train Epoch: 3 [32000/50000 (64%)]	Loss: 1.041725
Train Epoch: 3 [35200/50000 (70%)]	Loss: 0.996855
Train Epoch: 3 [38400/50000 (77%)]	Loss: 1.321264
Train Epoch: 3 [41600/50000 (83%)]	Loss: 1.074779
Train Epoch: 3 [44800/50000 (90%)]	Loss: 0.956400
Train Epoch: 3 [48000/50000 (96%)]	Loss: 1.213044

Test set: Average loss: 0.0010, Accuracy: 6598/10000 (66%)

Train Epoch: 4 [0/50000 (0%)]	Loss: 0.947909
Train Epoch: 4 [3200/50000 (6%)]	Loss: 1.059023
Train Epoch: 4 [6400/50000 (13%)]	Loss: 0.894428
Train Epoch: 4 [9600/50000 (19%)]	Loss: 0.925937
Train Epoch: 4 [12800/50000 (26%)]	Loss: 1.108495
Train Epoch: 4 [16000/50000 (32%)]	Loss: 1.252485
Train Epoch: 4 [19200/50000 (38%)]	Loss: 1.052672
Train Epoch: 4 [22400/50000 (45%)]	Loss: 0.919462
Train Epoch: 4 [25600/50000 (51%)]	Loss: 0.965411
Train Epoch: 4 [28800/50000 (58%)]	Loss: 0.996525
Train Epoch: 4 [32000/50000 (64%)]	Loss: 1.130369
Train Epoch: 4 [35200/50000 (70%)]	Loss: 1.007851
Train Epoch: 4 [38400/50000 (77%)]	Loss: 1.035090
Train Epoch: 4 [41600/50000 (83%)]	Loss: 0.773376
Train Epoch: 4 [44800/50000 (90%)]	Loss: 1.119698
Train Epoch: 4 [48000/50000 (96%)]	Loss: 0.957491

Test set: Average loss: 0.0009, Accuracy: 6754/10000 (68%)

Train Epoch: 5 [0/50000 (0%)]	Loss: 0.838309
Train Epoch: 5 [3200/50000 (6%)]	Loss: 0.770865
Train Epoch: 5 [6400/50000 (13%)]	Loss: 1.170682
Train Epoch: 5 [9600/50000 (19%)]	Loss: 1.008082
Train Epoch: 5 [12800/50000 (26%)]	Loss: 1.046688
Train Epoch: 5 [16000/50000 (32%)]	Loss: 0.673299
Train Epoch: 5 [19200/50000 (38%)]	Loss: 0.880803
Train Epoch: 5 [22400/50000 (45%)]	Loss: 0.932428
Train Epoch: 5 [25600/50000 (51%)]	Loss: 0.695607
Train Epoch: 5 [28800/50000 (58%)]	Loss: 0.746497
Train Epoch: 5 [32000/50000 (64%)]	Loss: 0.869762
Train Epoch: 5 [35200/50000 (70%)]	Loss: 1.044894
Train Epoch: 5 [38400/50000 (77%)]	Loss: 0.736448
Train Epoch: 5 [41600/50000 (83%)]	Loss: 0.746121
Train Epoch: 5 [44800/50000 (90%)]	Loss: 0.952629
Train Epoch: 5 [48000/50000 (96%)]	Loss: 0.973881

Test set: Average loss: 0.0008, Accuracy: 7176/10000 (72%)

Train Epoch: 6 [0/50000 (0%)]	Loss: 0.714715
Train Epoch: 6 [3200/50000 (6%)]	Loss: 0.648938
Train Epoch: 6 [6400/50000 (13%)]	Loss: 0.842322
Train Epoch: 6 [9600/50000 (19%)]	Loss: 0.739332
Train Epoch: 6 [12800/50000 (26%)]	Loss: 0.850880
Train Epoch: 6 [16000/50000 (32%)]	Loss: 0.600780
Train Epoch: 6 [19200/50000 (38%)]	Loss: 0.839418
Train Epoch: 6 [22400/50000 (45%)]	Loss: 0.785501
Train Epoch: 6 [25600/50000 (51%)]	Loss: 0.721478
Train Epoch: 6 [28800/50000 (58%)]	Loss: 0.647916
Train Epoch: 6 [32000/50000 (64%)]	Loss: 0.908468
Train Epoch: 6 [35200/50000 (70%)]	Loss: 0.768028
Train Epoch: 6 [38400/50000 (77%)]	Loss: 0.876020
Train Epoch: 6 [41600/50000 (83%)]	Loss: 1.018625
Train Epoch: 6 [44800/50000 (90%)]	Loss: 0.926365
Train Epoch: 6 [48000/50000 (96%)]	Loss: 0.849310

Test set: Average loss: 0.0008, Accuracy: 7291/10000 (73%)

Train Epoch: 7 [0/50000 (0%)]	Loss: 0.673778
Train Epoch: 7 [3200/50000 (6%)]	Loss: 1.027379
Train Epoch: 7 [6400/50000 (13%)]	Loss: 0.768887
Train Epoch: 7 [9600/50000 (19%)]	Loss: 0.876820
Train Epoch: 7 [12800/50000 (26%)]	Loss: 0.658669
Train Epoch: 7 [16000/50000 (32%)]	Loss: 0.591741
Train Epoch: 7 [19200/50000 (38%)]	Loss: 0.838300
Train Epoch: 7 [22400/50000 (45%)]	Loss: 0.723410
Train Epoch: 7 [25600/50000 (51%)]	Loss: 0.769021
Train Epoch: 7 [28800/50000 (58%)]	Loss: 0.938774
Train Epoch: 7 [32000/50000 (64%)]	Loss: 0.744856
Train Epoch: 7 [35200/50000 (70%)]	Loss: 0.849180
Train Epoch: 7 [38400/50000 (77%)]	Loss: 0.623966
Train Epoch: 7 [41600/50000 (83%)]	Loss: 0.597272
Train Epoch: 7 [44800/50000 (90%)]	Loss: 0.685787
Train Epoch: 7 [48000/50000 (96%)]	Loss: 0.665940

Test set: Average loss: 0.0007, Accuracy: 7608/10000 (76%)

Train Epoch: 8 [0/50000 (0%)]	Loss: 0.698451
Train Epoch: 8 [3200/50000 (6%)]	Loss: 0.855479
Train Epoch: 8 [6400/50000 (13%)]	Loss: 0.775099
Train Epoch: 8 [9600/50000 (19%)]	Loss: 0.445764
Train Epoch: 8 [12800/50000 (26%)]	Loss: 0.846873
Train Epoch: 8 [16000/50000 (32%)]	Loss: 0.825083
Train Epoch: 8 [19200/50000 (38%)]	Loss: 0.525958
Train Epoch: 8 [22400/50000 (45%)]	Loss: 0.597412
Train Epoch: 8 [25600/50000 (51%)]	Loss: 0.717819
Train Epoch: 8 [28800/50000 (58%)]	Loss: 0.882782
Train Epoch: 8 [32000/50000 (64%)]	Loss: 0.731836
Train Epoch: 8 [35200/50000 (70%)]	Loss: 0.727915
Train Epoch: 8 [38400/50000 (77%)]	Loss: 0.806131
Train Epoch: 8 [41600/50000 (83%)]	Loss: 0.687513
Train Epoch: 8 [44800/50000 (90%)]	Loss: 0.793882
Train Epoch: 8 [48000/50000 (96%)]	Loss: 0.705441

Test set: Average loss: 0.0007, Accuracy: 7655/10000 (77%)

Train Epoch: 9 [0/50000 (0%)]	Loss: 0.741201
Train Epoch: 9 [3200/50000 (6%)]	Loss: 0.710895
Train Epoch: 9 [6400/50000 (13%)]	Loss: 0.869066
Train Epoch: 9 [9600/50000 (19%)]	Loss: 0.699278
Train Epoch: 9 [12800/50000 (26%)]	Loss: 0.615139
Train Epoch: 9 [16000/50000 (32%)]	Loss: 0.505420
Train Epoch: 9 [19200/50000 (38%)]	Loss: 0.509103
Train Epoch: 9 [22400/50000 (45%)]	Loss: 0.570754
Train Epoch: 9 [25600/50000 (51%)]	Loss: 0.808410
Train Epoch: 9 [28800/50000 (58%)]	Loss: 0.536043
Train Epoch: 9 [32000/50000 (64%)]	Loss: 0.680533
Train Epoch: 9 [35200/50000 (70%)]	Loss: 0.623737
Train Epoch: 9 [38400/50000 (77%)]	Loss: 0.502940
Train Epoch: 9 [41600/50000 (83%)]	Loss: 0.588551
Train Epoch: 9 [44800/50000 (90%)]	Loss: 0.733251
Train Epoch: 9 [48000/50000 (96%)]	Loss: 0.620181

Test set: Average loss: 0.0006, Accuracy: 7958/10000 (80%)

Train Epoch: 10 [0/50000 (0%)]	Loss: 1.003220
Train Epoch: 10 [3200/50000 (6%)]	Loss: 0.732965
Train Epoch: 10 [6400/50000 (13%)]	Loss: 0.651760
Train Epoch: 10 [9600/50000 (19%)]	Loss: 0.676904
Train Epoch: 10 [12800/50000 (26%)]	Loss: 0.874738
Train Epoch: 10 [16000/50000 (32%)]	Loss: 0.677457
Train Epoch: 10 [19200/50000 (38%)]	Loss: 0.384217
Train Epoch: 10 [22400/50000 (45%)]	Loss: 0.707370
Train Epoch: 10 [25600/50000 (51%)]	Loss: 0.525281
Train Epoch: 10 [28800/50000 (58%)]	Loss: 0.680170
Train Epoch: 10 [32000/50000 (64%)]	Loss: 0.708631
Train Epoch: 10 [35200/50000 (70%)]	Loss: 0.399186
Train Epoch: 10 [38400/50000 (77%)]	Loss: 0.739648
Train Epoch: 10 [41600/50000 (83%)]	Loss: 0.637704
Train Epoch: 10 [44800/50000 (90%)]	Loss: 0.589653
Train Epoch: 10 [48000/50000 (96%)]	Loss: 0.485242

Test set: Average loss: 0.0006, Accuracy: 7947/10000 (79%)

Train Epoch: 11 [0/50000 (0%)]	Loss: 0.491273
Train Epoch: 11 [3200/50000 (6%)]	Loss: 0.709777
Train Epoch: 11 [6400/50000 (13%)]	Loss: 0.564672
Train Epoch: 11 [9600/50000 (19%)]	Loss: 0.623099
Train Epoch: 11 [12800/50000 (26%)]	Loss: 0.413765
Train Epoch: 11 [16000/50000 (32%)]	Loss: 1.056852
Train Epoch: 11 [19200/50000 (38%)]	Loss: 0.556813
Train Epoch: 11 [22400/50000 (45%)]	Loss: 0.633806
Train Epoch: 11 [25600/50000 (51%)]	Loss: 0.627261
Train Epoch: 11 [28800/50000 (58%)]	Loss: 0.617650
Train Epoch: 11 [32000/50000 (64%)]	Loss: 0.584330
Train Epoch: 11 [35200/50000 (70%)]	Loss: 0.934474
Train Epoch: 11 [38400/50000 (77%)]	Loss: 0.673346
Train Epoch: 11 [41600/50000 (83%)]	Loss: 0.801561
Train Epoch: 11 [44800/50000 (90%)]	Loss: 0.530154
Train Epoch: 11 [48000/50000 (96%)]	Loss: 0.589840

Test set: Average loss: 0.0006, Accuracy: 7992/10000 (80%)

Train Epoch: 12 [0/50000 (0%)]	Loss: 0.767800
Train Epoch: 12 [3200/50000 (6%)]	Loss: 0.606712
Train Epoch: 12 [6400/50000 (13%)]	Loss: 0.458680
Train Epoch: 12 [9600/50000 (19%)]	Loss: 0.577303
Train Epoch: 12 [12800/50000 (26%)]	Loss: 0.571447
Train Epoch: 12 [16000/50000 (32%)]	Loss: 0.543216
Train Epoch: 12 [19200/50000 (38%)]	Loss: 0.775875
Train Epoch: 12 [22400/50000 (45%)]	Loss: 0.763936
Train Epoch: 12 [25600/50000 (51%)]	Loss: 0.708246
Train Epoch: 12 [28800/50000 (58%)]	Loss: 0.471590
Train Epoch: 12 [32000/50000 (64%)]	Loss: 0.476734
Train Epoch: 12 [35200/50000 (70%)]	Loss: 0.446689
Train Epoch: 12 [38400/50000 (77%)]	Loss: 0.785412
Train Epoch: 12 [41600/50000 (83%)]	Loss: 0.546127
Train Epoch: 12 [44800/50000 (90%)]	Loss: 0.601991
Train Epoch: 12 [48000/50000 (96%)]	Loss: 0.425745

Test set: Average loss: 0.0005, Accuracy: 8140/10000 (81%)

Train Epoch: 13 [0/50000 (0%)]	Loss: 0.537083
Train Epoch: 13 [3200/50000 (6%)]	Loss: 0.471848
Train Epoch: 13 [6400/50000 (13%)]	Loss: 0.470847
Train Epoch: 13 [9600/50000 (19%)]	Loss: 0.389395
Train Epoch: 13 [12800/50000 (26%)]	Loss: 0.472424
Train Epoch: 13 [16000/50000 (32%)]	Loss: 0.905197
Train Epoch: 13 [19200/50000 (38%)]	Loss: 0.862828
Train Epoch: 13 [22400/50000 (45%)]	Loss: 0.602170
Train Epoch: 13 [25600/50000 (51%)]	Loss: 0.594948
Train Epoch: 13 [28800/50000 (58%)]	Loss: 0.386635
Train Epoch: 13 [32000/50000 (64%)]	Loss: 0.610461
Train Epoch: 13 [35200/50000 (70%)]	Loss: 0.353847
Train Epoch: 13 [38400/50000 (77%)]	Loss: 0.613777
Train Epoch: 13 [41600/50000 (83%)]	Loss: 0.681550
Train Epoch: 13 [44800/50000 (90%)]	Loss: 0.408278
Train Epoch: 13 [48000/50000 (96%)]	Loss: 0.299385

Test set: Average loss: 0.0005, Accuracy: 8196/10000 (82%)

Train Epoch: 14 [0/50000 (0%)]	Loss: 0.385247
Train Epoch: 14 [3200/50000 (6%)]	Loss: 0.434718
Train Epoch: 14 [6400/50000 (13%)]	Loss: 0.497674
Train Epoch: 14 [9600/50000 (19%)]	Loss: 0.293601
Train Epoch: 14 [12800/50000 (26%)]	Loss: 0.507368
Train Epoch: 14 [16000/50000 (32%)]	Loss: 0.685644
Train Epoch: 14 [19200/50000 (38%)]	Loss: 0.462767
Train Epoch: 14 [22400/50000 (45%)]	Loss: 0.404897
Train Epoch: 14 [25600/50000 (51%)]	Loss: 0.541299
Train Epoch: 14 [28800/50000 (58%)]	Loss: 0.483369
Train Epoch: 14 [32000/50000 (64%)]	Loss: 0.684689
Train Epoch: 14 [35200/50000 (70%)]	Loss: 0.625114
Train Epoch: 14 [38400/50000 (77%)]	Loss: 0.441345
Train Epoch: 14 [41600/50000 (83%)]	Loss: 0.329377
Train Epoch: 14 [44800/50000 (90%)]	Loss: 0.375752
Train Epoch: 14 [48000/50000 (96%)]	Loss: 0.526005

Test set: Average loss: 0.0005, Accuracy: 8252/10000 (83%)

Train Epoch: 15 [0/50000 (0%)]	Loss: 0.293972
Train Epoch: 15 [3200/50000 (6%)]	Loss: 0.581306
Train Epoch: 15 [6400/50000 (13%)]	Loss: 0.539630
Train Epoch: 15 [9600/50000 (19%)]	Loss: 0.535684
Train Epoch: 15 [12800/50000 (26%)]	Loss: 0.411524
Train Epoch: 15 [16000/50000 (32%)]	Loss: 0.539652
Train Epoch: 15 [19200/50000 (38%)]	Loss: 0.412588
Train Epoch: 15 [22400/50000 (45%)]	Loss: 0.441655
Train Epoch: 15 [25600/50000 (51%)]	Loss: 0.497658
Train Epoch: 15 [28800/50000 (58%)]	Loss: 0.481753
Train Epoch: 15 [32000/50000 (64%)]	Loss: 0.579952
Train Epoch: 15 [35200/50000 (70%)]	Loss: 0.515941
Train Epoch: 15 [38400/50000 (77%)]	Loss: 0.822575
Train Epoch: 15 [41600/50000 (83%)]	Loss: 0.473469
Train Epoch: 15 [44800/50000 (90%)]	Loss: 0.744765
Train Epoch: 15 [48000/50000 (96%)]	Loss: 0.763481

Test set: Average loss: 0.0005, Accuracy: 8315/10000 (83%)

Train Epoch: 16 [0/50000 (0%)]	Loss: 0.390308
Train Epoch: 16 [3200/50000 (6%)]	Loss: 0.523429
Train Epoch: 16 [6400/50000 (13%)]	Loss: 0.443392
Train Epoch: 16 [9600/50000 (19%)]	Loss: 0.473547
Train Epoch: 16 [12800/50000 (26%)]	Loss: 0.238740
Train Epoch: 16 [16000/50000 (32%)]	Loss: 0.549463
Train Epoch: 16 [19200/50000 (38%)]	Loss: 0.247009
Train Epoch: 16 [22400/50000 (45%)]	Loss: 0.264504
Train Epoch: 16 [25600/50000 (51%)]	Loss: 0.595794
Train Epoch: 16 [28800/50000 (58%)]	Loss: 0.285364
Train Epoch: 16 [32000/50000 (64%)]	Loss: 0.441891
Train Epoch: 16 [35200/50000 (70%)]	Loss: 0.556605
Train Epoch: 16 [38400/50000 (77%)]	Loss: 0.385374
Train Epoch: 16 [41600/50000 (83%)]	Loss: 0.336460
Train Epoch: 16 [44800/50000 (90%)]	Loss: 0.379375
Train Epoch: 16 [48000/50000 (96%)]	Loss: 0.367559

Test set: Average loss: 0.0005, Accuracy: 8284/10000 (83%)

Train Epoch: 17 [0/50000 (0%)]	Loss: 0.358119
Train Epoch: 17 [3200/50000 (6%)]	Loss: 0.540653
Train Epoch: 17 [6400/50000 (13%)]	Loss: 0.441802
Train Epoch: 17 [9600/50000 (19%)]	Loss: 0.492463
Train Epoch: 17 [12800/50000 (26%)]	Loss: 0.472236
Train Epoch: 17 [16000/50000 (32%)]	Loss: 0.462346
Train Epoch: 17 [19200/50000 (38%)]	Loss: 0.472201
Train Epoch: 17 [22400/50000 (45%)]	Loss: 0.524254
Train Epoch: 17 [25600/50000 (51%)]	Loss: 0.555473
Train Epoch: 17 [28800/50000 (58%)]	Loss: 0.846435
Train Epoch: 17 [32000/50000 (64%)]	Loss: 0.738437
Train Epoch: 17 [35200/50000 (70%)]	Loss: 0.451094
Train Epoch: 17 [38400/50000 (77%)]	Loss: 0.234541
Train Epoch: 17 [41600/50000 (83%)]	Loss: 0.370100
Train Epoch: 17 [44800/50000 (90%)]	Loss: 0.570843
Train Epoch: 17 [48000/50000 (96%)]	Loss: 0.382129

Test set: Average loss: 0.0005, Accuracy: 8302/10000 (83%)

Train Epoch: 18 [0/50000 (0%)]	Loss: 0.357903
Train Epoch: 18 [3200/50000 (6%)]	Loss: 0.524474
Train Epoch: 18 [6400/50000 (13%)]	Loss: 0.445997
Train Epoch: 18 [9600/50000 (19%)]	Loss: 0.444448
Train Epoch: 18 [12800/50000 (26%)]	Loss: 0.266469
Train Epoch: 18 [16000/50000 (32%)]	Loss: 0.682156
Train Epoch: 18 [19200/50000 (38%)]	Loss: 0.311304
Train Epoch: 18 [22400/50000 (45%)]	Loss: 0.467557
Train Epoch: 18 [25600/50000 (51%)]	Loss: 0.384446
Train Epoch: 18 [28800/50000 (58%)]	Loss: 0.266669
Train Epoch: 18 [32000/50000 (64%)]	Loss: 0.388327
Train Epoch: 18 [35200/50000 (70%)]	Loss: 0.527224
Train Epoch: 18 [38400/50000 (77%)]	Loss: 0.506239
Train Epoch: 18 [41600/50000 (83%)]	Loss: 0.250923
Train Epoch: 18 [44800/50000 (90%)]	Loss: 0.451102
Train Epoch: 18 [48000/50000 (96%)]	Loss: 0.338087

Test set: Average loss: 0.0005, Accuracy: 8359/10000 (84%)

Train Epoch: 19 [0/50000 (0%)]	Loss: 0.434320
Train Epoch: 19 [3200/50000 (6%)]	Loss: 0.389845
Train Epoch: 19 [6400/50000 (13%)]	Loss: 0.412224
Train Epoch: 19 [9600/50000 (19%)]	Loss: 0.788279
Train Epoch: 19 [12800/50000 (26%)]	Loss: 0.337874
Train Epoch: 19 [16000/50000 (32%)]	Loss: 0.322026
Train Epoch: 19 [19200/50000 (38%)]	Loss: 0.461626
Train Epoch: 19 [22400/50000 (45%)]	Loss: 0.309301
Train Epoch: 19 [25600/50000 (51%)]	Loss: 0.277899
Train Epoch: 19 [28800/50000 (58%)]	Loss: 0.427382
Train Epoch: 19 [32000/50000 (64%)]	Loss: 0.469925
Train Epoch: 19 [35200/50000 (70%)]	Loss: 0.426331
Train Epoch: 19 [38400/50000 (77%)]	Loss: 0.337001
Train Epoch: 19 [41600/50000 (83%)]	Loss: 0.324141
Train Epoch: 19 [44800/50000 (90%)]	Loss: 0.246344
Train Epoch: 19 [48000/50000 (96%)]	Loss: 0.687839

Test set: Average loss: 0.0005, Accuracy: 8407/10000 (84%)

Train Epoch: 20 [0/50000 (0%)]	Loss: 0.490031
Train Epoch: 20 [3200/50000 (6%)]	Loss: 0.474724
Train Epoch: 20 [6400/50000 (13%)]	Loss: 0.545597
Train Epoch: 20 [9600/50000 (19%)]	Loss: 0.491008
Train Epoch: 20 [12800/50000 (26%)]	Loss: 0.325937
Train Epoch: 20 [16000/50000 (32%)]	Loss: 0.463227
Train Epoch: 20 [19200/50000 (38%)]	Loss: 0.504998
Train Epoch: 20 [22400/50000 (45%)]	Loss: 0.521334
Train Epoch: 20 [25600/50000 (51%)]	Loss: 0.508217
Train Epoch: 20 [28800/50000 (58%)]	Loss: 0.373488
Train Epoch: 20 [32000/50000 (64%)]	Loss: 0.684908
Train Epoch: 20 [35200/50000 (70%)]	Loss: 0.395750
Train Epoch: 20 [38400/50000 (77%)]	Loss: 0.426578
Train Epoch: 20 [41600/50000 (83%)]	Loss: 0.288905
Train Epoch: 20 [44800/50000 (90%)]	Loss: 0.668971
Train Epoch: 20 [48000/50000 (96%)]	Loss: 0.522969

Test set: Average loss: 0.0005, Accuracy: 8445/10000 (84%)

Train Epoch: 21 [0/50000 (0%)]	Loss: 0.392729
Train Epoch: 21 [3200/50000 (6%)]	Loss: 0.524523
Train Epoch: 21 [6400/50000 (13%)]	Loss: 0.617596
Train Epoch: 21 [9600/50000 (19%)]	Loss: 0.453656
Train Epoch: 21 [12800/50000 (26%)]	Loss: 0.270211
Train Epoch: 21 [16000/50000 (32%)]	Loss: 0.348876
Train Epoch: 21 [19200/50000 (38%)]	Loss: 0.526465
Train Epoch: 21 [22400/50000 (45%)]	Loss: 0.306260
Train Epoch: 21 [25600/50000 (51%)]	Loss: 0.447179
Train Epoch: 21 [28800/50000 (58%)]	Loss: 0.299251
Train Epoch: 21 [32000/50000 (64%)]	Loss: 0.367174
Train Epoch: 21 [35200/50000 (70%)]	Loss: 0.493740
Train Epoch: 21 [38400/50000 (77%)]	Loss: 0.387284
Train Epoch: 21 [41600/50000 (83%)]	Loss: 0.327382
Train Epoch: 21 [44800/50000 (90%)]	Loss: 0.380073
Train Epoch: 21 [48000/50000 (96%)]	Loss: 0.321042

Test set: Average loss: 0.0005, Accuracy: 8404/10000 (84%)

Train Epoch: 22 [0/50000 (0%)]	Loss: 0.511093
Train Epoch: 22 [3200/50000 (6%)]	Loss: 0.459290
Train Epoch: 22 [6400/50000 (13%)]	Loss: 0.564582
Train Epoch: 22 [9600/50000 (19%)]	Loss: 0.392807
Train Epoch: 22 [12800/50000 (26%)]	Loss: 0.273268
Train Epoch: 22 [16000/50000 (32%)]	Loss: 0.543162
Train Epoch: 22 [19200/50000 (38%)]	Loss: 0.607941
Train Epoch: 22 [22400/50000 (45%)]	Loss: 0.240723
Train Epoch: 22 [25600/50000 (51%)]	Loss: 0.286946
Train Epoch: 22 [28800/50000 (58%)]	Loss: 0.449345
Train Epoch: 22 [32000/50000 (64%)]	Loss: 0.290294
Train Epoch: 22 [35200/50000 (70%)]	Loss: 0.311556
Train Epoch: 22 [38400/50000 (77%)]	Loss: 0.365863
Train Epoch: 22 [41600/50000 (83%)]	Loss: 0.233008
Train Epoch: 22 [44800/50000 (90%)]	Loss: 0.614405
Train Epoch: 22 [48000/50000 (96%)]	Loss: 0.377510

Test set: Average loss: 0.0005, Accuracy: 8455/10000 (85%)

Train Epoch: 23 [0/50000 (0%)]	Loss: 0.459139
Train Epoch: 23 [3200/50000 (6%)]	Loss: 0.237717
Train Epoch: 23 [6400/50000 (13%)]	Loss: 0.418763
Train Epoch: 23 [9600/50000 (19%)]	Loss: 0.366673
Train Epoch: 23 [12800/50000 (26%)]	Loss: 0.347663
Train Epoch: 23 [16000/50000 (32%)]	Loss: 0.465949
Train Epoch: 23 [19200/50000 (38%)]	Loss: 0.369257
Train Epoch: 23 [22400/50000 (45%)]	Loss: 0.342721
Train Epoch: 23 [25600/50000 (51%)]	Loss: 0.157815
Train Epoch: 23 [28800/50000 (58%)]	Loss: 0.473081
Train Epoch: 23 [32000/50000 (64%)]	Loss: 0.290270
Train Epoch: 23 [35200/50000 (70%)]	Loss: 0.441275
Train Epoch: 23 [38400/50000 (77%)]	Loss: 0.477594
Train Epoch: 23 [41600/50000 (83%)]	Loss: 0.422657
Train Epoch: 23 [44800/50000 (90%)]	Loss: 0.299557
Train Epoch: 23 [48000/50000 (96%)]	Loss: 0.396060

Test set: Average loss: 0.0004, Accuracy: 8536/10000 (85%)

Train Epoch: 24 [0/50000 (0%)]	Loss: 0.483812
Train Epoch: 24 [3200/50000 (6%)]	Loss: 0.541180
Train Epoch: 24 [6400/50000 (13%)]	Loss: 0.360646
Train Epoch: 24 [9600/50000 (19%)]	Loss: 0.287229
Train Epoch: 24 [12800/50000 (26%)]	Loss: 0.369080
Train Epoch: 24 [16000/50000 (32%)]	Loss: 0.476182
Train Epoch: 24 [19200/50000 (38%)]	Loss: 0.435806
Train Epoch: 24 [22400/50000 (45%)]	Loss: 0.542539
Train Epoch: 24 [25600/50000 (51%)]	Loss: 0.350254
Train Epoch: 24 [28800/50000 (58%)]	Loss: 0.374205
Train Epoch: 24 [32000/50000 (64%)]	Loss: 0.474960
Train Epoch: 24 [35200/50000 (70%)]	Loss: 0.367252
Train Epoch: 24 [38400/50000 (77%)]	Loss: 0.401786
Train Epoch: 24 [41600/50000 (83%)]	Loss: 0.288069
Train Epoch: 24 [44800/50000 (90%)]	Loss: 0.294457
Train Epoch: 24 [48000/50000 (96%)]	Loss: 0.542721

Test set: Average loss: 0.0004, Accuracy: 8524/10000 (85%)

Train Epoch: 25 [0/50000 (0%)]	Loss: 0.388525
Train Epoch: 25 [3200/50000 (6%)]	Loss: 0.433350
Train Epoch: 25 [6400/50000 (13%)]	Loss: 0.312552
Train Epoch: 25 [9600/50000 (19%)]	Loss: 0.178772
Train Epoch: 25 [12800/50000 (26%)]	Loss: 0.322051
Train Epoch: 25 [16000/50000 (32%)]	Loss: 0.445605
Train Epoch: 25 [19200/50000 (38%)]	Loss: 0.260224
Train Epoch: 25 [22400/50000 (45%)]	Loss: 0.355722
Train Epoch: 25 [25600/50000 (51%)]	Loss: 0.323193
Train Epoch: 25 [28800/50000 (58%)]	Loss: 0.317216
Train Epoch: 25 [32000/50000 (64%)]	Loss: 0.426596
Train Epoch: 25 [35200/50000 (70%)]	Loss: 0.251653
Train Epoch: 25 [38400/50000 (77%)]	Loss: 0.329099
Train Epoch: 25 [41600/50000 (83%)]	Loss: 0.260508
Train Epoch: 25 [44800/50000 (90%)]	Loss: 0.502911
Train Epoch: 25 [48000/50000 (96%)]	Loss: 0.317549

Test set: Average loss: 0.0004, Accuracy: 8554/10000 (86%)

Train Epoch: 26 [0/50000 (0%)]	Loss: 0.185148
Train Epoch: 26 [3200/50000 (6%)]	Loss: 0.218576
Train Epoch: 26 [6400/50000 (13%)]	Loss: 0.507321
Train Epoch: 26 [9600/50000 (19%)]	Loss: 0.617181
Train Epoch: 26 [12800/50000 (26%)]	Loss: 0.412907
Train Epoch: 26 [16000/50000 (32%)]	Loss: 0.198251
Train Epoch: 26 [19200/50000 (38%)]	Loss: 0.315028
Train Epoch: 26 [22400/50000 (45%)]	Loss: 0.580723
Train Epoch: 26 [25600/50000 (51%)]	Loss: 0.380211
Train Epoch: 26 [28800/50000 (58%)]	Loss: 0.523831
Train Epoch: 26 [32000/50000 (64%)]	Loss: 0.242831
Train Epoch: 26 [35200/50000 (70%)]	Loss: 0.543989
Train Epoch: 26 [38400/50000 (77%)]	Loss: 0.405328
Train Epoch: 26 [41600/50000 (83%)]	Loss: 0.414445
Train Epoch: 26 [44800/50000 (90%)]	Loss: 0.372395
Train Epoch: 26 [48000/50000 (96%)]	Loss: 0.321051

Test set: Average loss: 0.0004, Accuracy: 8642/10000 (86%)

Train Epoch: 27 [0/50000 (0%)]	Loss: 0.237111
Train Epoch: 27 [3200/50000 (6%)]	Loss: 0.240606
Train Epoch: 27 [6400/50000 (13%)]	Loss: 0.447768
Train Epoch: 27 [9600/50000 (19%)]	Loss: 0.291493
Train Epoch: 27 [12800/50000 (26%)]	Loss: 0.166229
Train Epoch: 27 [16000/50000 (32%)]	Loss: 0.219947
Train Epoch: 27 [19200/50000 (38%)]	Loss: 0.228267
Train Epoch: 27 [22400/50000 (45%)]	Loss: 0.370834
Train Epoch: 27 [25600/50000 (51%)]	Loss: 0.235101
Train Epoch: 27 [28800/50000 (58%)]	Loss: 0.265235
Train Epoch: 27 [32000/50000 (64%)]	Loss: 0.371870
Train Epoch: 27 [35200/50000 (70%)]	Loss: 0.425943
Train Epoch: 27 [38400/50000 (77%)]	Loss: 0.320604
Train Epoch: 27 [41600/50000 (83%)]	Loss: 0.381299
Train Epoch: 27 [44800/50000 (90%)]	Loss: 0.328588
Train Epoch: 27 [48000/50000 (96%)]	Loss: 0.497709

Test set: Average loss: 0.0004, Accuracy: 8578/10000 (86%)

Train Epoch: 28 [0/50000 (0%)]	Loss: 0.214192
Train Epoch: 28 [3200/50000 (6%)]	Loss: 0.265033
Train Epoch: 28 [6400/50000 (13%)]	Loss: 0.229993
Train Epoch: 28 [9600/50000 (19%)]	Loss: 0.267713
Train Epoch: 28 [12800/50000 (26%)]	Loss: 0.302841
Train Epoch: 28 [16000/50000 (32%)]	Loss: 0.197229
Train Epoch: 28 [19200/50000 (38%)]	Loss: 0.399129
Train Epoch: 28 [22400/50000 (45%)]	Loss: 0.269729
Train Epoch: 28 [25600/50000 (51%)]	Loss: 0.302419
Train Epoch: 28 [28800/50000 (58%)]	Loss: 0.279271
Train Epoch: 28 [32000/50000 (64%)]	Loss: 0.348517
Train Epoch: 28 [35200/50000 (70%)]	Loss: 0.243375
Train Epoch: 28 [38400/50000 (77%)]	Loss: 0.339125
Train Epoch: 28 [41600/50000 (83%)]	Loss: 0.275430
Train Epoch: 28 [44800/50000 (90%)]	Loss: 0.379820
Train Epoch: 28 [48000/50000 (96%)]	Loss: 0.284818

Test set: Average loss: 0.0004, Accuracy: 8599/10000 (86%)

Train Epoch: 29 [0/50000 (0%)]	Loss: 0.327605
Train Epoch: 29 [3200/50000 (6%)]	Loss: 0.297194
Train Epoch: 29 [6400/50000 (13%)]	Loss: 0.276145
Train Epoch: 29 [9600/50000 (19%)]	Loss: 0.242144
Train Epoch: 29 [12800/50000 (26%)]	Loss: 0.174282
Train Epoch: 29 [16000/50000 (32%)]	Loss: 0.428817
Train Epoch: 29 [19200/50000 (38%)]	Loss: 0.216212
Train Epoch: 29 [22400/50000 (45%)]	Loss: 0.365814
Train Epoch: 29 [25600/50000 (51%)]	Loss: 0.297970
Train Epoch: 29 [28800/50000 (58%)]	Loss: 0.239797
Train Epoch: 29 [32000/50000 (64%)]	Loss: 0.297573
Train Epoch: 29 [35200/50000 (70%)]	Loss: 0.551386
Train Epoch: 29 [38400/50000 (77%)]	Loss: 0.366237
Train Epoch: 29 [41600/50000 (83%)]	Loss: 0.322329
Train Epoch: 29 [44800/50000 (90%)]	Loss: 0.431215
Train Epoch: 29 [48000/50000 (96%)]	Loss: 0.341384

Test set: Average loss: 0.0005, Accuracy: 8503/10000 (85%)

Train Epoch: 30 [0/50000 (0%)]	Loss: 0.346836
Train Epoch: 30 [3200/50000 (6%)]	Loss: 0.330102
Train Epoch: 30 [6400/50000 (13%)]	Loss: 0.543558
Train Epoch: 30 [9600/50000 (19%)]	Loss: 0.283478
Train Epoch: 30 [12800/50000 (26%)]	Loss: 0.346498
Train Epoch: 30 [16000/50000 (32%)]	Loss: 0.412581
Train Epoch: 30 [19200/50000 (38%)]	Loss: 0.330295
Train Epoch: 30 [22400/50000 (45%)]	Loss: 0.438734
Train Epoch: 30 [25600/50000 (51%)]	Loss: 0.311204
Train Epoch: 30 [28800/50000 (58%)]	Loss: 0.192894
Train Epoch: 30 [32000/50000 (64%)]	Loss: 0.501288
Train Epoch: 30 [35200/50000 (70%)]	Loss: 0.238014
Train Epoch: 30 [38400/50000 (77%)]	Loss: 0.332626
Train Epoch: 30 [41600/50000 (83%)]	Loss: 0.214090
Train Epoch: 30 [44800/50000 (90%)]	Loss: 0.403182
Train Epoch: 30 [48000/50000 (96%)]	Loss: 0.298633

Test set: Average loss: 0.0004, Accuracy: 8620/10000 (86%)

Train Epoch: 31 [0/50000 (0%)]	Loss: 0.380532
Train Epoch: 31 [3200/50000 (6%)]	Loss: 0.267187
Train Epoch: 31 [6400/50000 (13%)]	Loss: 0.351655
Train Epoch: 31 [9600/50000 (19%)]	Loss: 0.157234
Train Epoch: 31 [12800/50000 (26%)]	Loss: 0.178721
Train Epoch: 31 [16000/50000 (32%)]	Loss: 0.242839
Train Epoch: 31 [19200/50000 (38%)]	Loss: 0.330736
Train Epoch: 31 [22400/50000 (45%)]	Loss: 0.393516
Train Epoch: 31 [25600/50000 (51%)]	Loss: 0.194061
Train Epoch: 31 [28800/50000 (58%)]	Loss: 0.450380
Train Epoch: 31 [32000/50000 (64%)]	Loss: 0.298874
Train Epoch: 31 [35200/50000 (70%)]	Loss: 0.433700
Train Epoch: 31 [38400/50000 (77%)]	Loss: 0.166693
Train Epoch: 31 [41600/50000 (83%)]	Loss: 0.335413
Train Epoch: 31 [44800/50000 (90%)]	Loss: 0.357415
Train Epoch: 31 [48000/50000 (96%)]	Loss: 0.442592

Test set: Average loss: 0.0004, Accuracy: 8632/10000 (86%)

Train Epoch: 32 [0/50000 (0%)]	Loss: 0.281521
Train Epoch: 32 [3200/50000 (6%)]	Loss: 0.189360
Train Epoch: 32 [6400/50000 (13%)]	Loss: 0.320434
Train Epoch: 32 [9600/50000 (19%)]	Loss: 0.253308
Train Epoch: 32 [12800/50000 (26%)]	Loss: 0.217750
Train Epoch: 32 [16000/50000 (32%)]	Loss: 0.243709
Train Epoch: 32 [19200/50000 (38%)]	Loss: 0.209466
Train Epoch: 32 [22400/50000 (45%)]	Loss: 0.287484
Train Epoch: 32 [25600/50000 (51%)]	Loss: 0.129362
Train Epoch: 32 [28800/50000 (58%)]	Loss: 0.316977
Train Epoch: 32 [32000/50000 (64%)]	Loss: 0.223008
Train Epoch: 32 [35200/50000 (70%)]	Loss: 0.411855
Train Epoch: 32 [38400/50000 (77%)]	Loss: 0.327406
Train Epoch: 32 [41600/50000 (83%)]	Loss: 0.289651
Train Epoch: 32 [44800/50000 (90%)]	Loss: 0.522815
Train Epoch: 32 [48000/50000 (96%)]	Loss: 0.253048

Test set: Average loss: 0.0004, Accuracy: 8577/10000 (86%)

Train Epoch: 33 [0/50000 (0%)]	Loss: 0.298850
Train Epoch: 33 [3200/50000 (6%)]	Loss: 0.236384
Train Epoch: 33 [6400/50000 (13%)]	Loss: 0.247842
Train Epoch: 33 [9600/50000 (19%)]	Loss: 0.332998
Train Epoch: 33 [12800/50000 (26%)]	Loss: 0.527861
Train Epoch: 33 [16000/50000 (32%)]	Loss: 0.376547
Train Epoch: 33 [19200/50000 (38%)]	Loss: 0.342369
Train Epoch: 33 [22400/50000 (45%)]	Loss: 0.162879
Train Epoch: 33 [25600/50000 (51%)]	Loss: 0.211726
Train Epoch: 33 [28800/50000 (58%)]	Loss: 0.390513
Train Epoch: 33 [32000/50000 (64%)]	Loss: 0.248904
Train Epoch: 33 [35200/50000 (70%)]	Loss: 0.251825
Train Epoch: 33 [38400/50000 (77%)]	Loss: 0.295644
Train Epoch: 33 [41600/50000 (83%)]	Loss: 0.345579
Train Epoch: 33 [44800/50000 (90%)]	Loss: 0.309738
Train Epoch: 33 [48000/50000 (96%)]	Loss: 0.307117

Test set: Average loss: 0.0004, Accuracy: 8683/10000 (87%)

Train Epoch: 34 [0/50000 (0%)]	Loss: 0.207657
Train Epoch: 34 [3200/50000 (6%)]	Loss: 0.226813
Train Epoch: 34 [6400/50000 (13%)]	Loss: 0.506193
Train Epoch: 34 [9600/50000 (19%)]	Loss: 0.232994
Train Epoch: 34 [12800/50000 (26%)]	Loss: 0.212932
Train Epoch: 34 [16000/50000 (32%)]	Loss: 0.284836
Train Epoch: 34 [19200/50000 (38%)]	Loss: 0.422590
Train Epoch: 34 [22400/50000 (45%)]	Loss: 0.313407
Train Epoch: 34 [25600/50000 (51%)]	Loss: 0.220796
Train Epoch: 34 [28800/50000 (58%)]	Loss: 0.320233
Train Epoch: 34 [32000/50000 (64%)]	Loss: 0.377396
Train Epoch: 34 [35200/50000 (70%)]	Loss: 0.273662
Train Epoch: 34 [38400/50000 (77%)]	Loss: 0.249540
Train Epoch: 34 [41600/50000 (83%)]	Loss: 0.473828
Train Epoch: 34 [44800/50000 (90%)]	Loss: 0.259540
Train Epoch: 34 [48000/50000 (96%)]	Loss: 0.417419

Test set: Average loss: 0.0004, Accuracy: 8709/10000 (87%)

Train Epoch: 35 [0/50000 (0%)]	Loss: 0.279980
Train Epoch: 35 [3200/50000 (6%)]	Loss: 0.319194
Train Epoch: 35 [6400/50000 (13%)]	Loss: 0.205649
Train Epoch: 35 [9600/50000 (19%)]	Loss: 0.263557
Train Epoch: 35 [12800/50000 (26%)]	Loss: 0.264685
Train Epoch: 35 [16000/50000 (32%)]	Loss: 0.356288
Train Epoch: 35 [19200/50000 (38%)]	Loss: 0.190826
Train Epoch: 35 [22400/50000 (45%)]	Loss: 0.176129
Train Epoch: 35 [25600/50000 (51%)]	Loss: 0.336659
Train Epoch: 35 [28800/50000 (58%)]	Loss: 0.173214
Train Epoch: 35 [32000/50000 (64%)]	Loss: 0.215770
Train Epoch: 35 [35200/50000 (70%)]	Loss: 0.310699
Train Epoch: 35 [38400/50000 (77%)]	Loss: 0.265169
Train Epoch: 35 [41600/50000 (83%)]	Loss: 0.297592
Train Epoch: 35 [44800/50000 (90%)]	Loss: 0.308772
Train Epoch: 35 [48000/50000 (96%)]	Loss: 0.331296

Test set: Average loss: 0.0004, Accuracy: 8683/10000 (87%)

Train Epoch: 36 [0/50000 (0%)]	Loss: 0.335884
Train Epoch: 36 [3200/50000 (6%)]	Loss: 0.269101
Train Epoch: 36 [6400/50000 (13%)]	Loss: 0.256562
Train Epoch: 36 [9600/50000 (19%)]	Loss: 0.304067
Train Epoch: 36 [12800/50000 (26%)]	Loss: 0.226248
Train Epoch: 36 [16000/50000 (32%)]	Loss: 0.134975
Train Epoch: 36 [19200/50000 (38%)]	Loss: 0.407894
Train Epoch: 36 [22400/50000 (45%)]	Loss: 0.194234
Train Epoch: 36 [25600/50000 (51%)]	Loss: 0.164851
Train Epoch: 36 [28800/50000 (58%)]	Loss: 0.308429
Train Epoch: 36 [32000/50000 (64%)]	Loss: 0.228687
Train Epoch: 36 [35200/50000 (70%)]	Loss: 0.322784
Train Epoch: 36 [38400/50000 (77%)]	Loss: 0.435185
Train Epoch: 36 [41600/50000 (83%)]	Loss: 0.096467
Train Epoch: 36 [44800/50000 (90%)]	Loss: 0.190916
Train Epoch: 36 [48000/50000 (96%)]	Loss: 0.219832

Test set: Average loss: 0.0004, Accuracy: 8682/10000 (87%)

Train Epoch: 37 [0/50000 (0%)]	Loss: 0.203774
Train Epoch: 37 [3200/50000 (6%)]	Loss: 0.215175
Train Epoch: 37 [6400/50000 (13%)]	Loss: 0.224104
Train Epoch: 37 [9600/50000 (19%)]	Loss: 0.135068
Train Epoch: 37 [12800/50000 (26%)]	Loss: 0.239703
Train Epoch: 37 [16000/50000 (32%)]	Loss: 0.209864
Train Epoch: 37 [19200/50000 (38%)]	Loss: 0.355264
Train Epoch: 37 [22400/50000 (45%)]	Loss: 0.271092
Train Epoch: 37 [25600/50000 (51%)]	Loss: 0.125587
Train Epoch: 37 [28800/50000 (58%)]	Loss: 0.280067
Train Epoch: 37 [32000/50000 (64%)]	Loss: 0.363479
Train Epoch: 37 [35200/50000 (70%)]	Loss: 0.259317
Train Epoch: 37 [38400/50000 (77%)]	Loss: 0.499535
Train Epoch: 37 [41600/50000 (83%)]	Loss: 0.292954
Train Epoch: 37 [44800/50000 (90%)]	Loss: 0.545842
Train Epoch: 37 [48000/50000 (96%)]	Loss: 0.378094

Test set: Average loss: 0.0004, Accuracy: 8708/10000 (87%)

Train Epoch: 38 [0/50000 (0%)]	Loss: 0.207951
Train Epoch: 38 [3200/50000 (6%)]	Loss: 0.104455
Train Epoch: 38 [6400/50000 (13%)]	Loss: 0.170059
Train Epoch: 38 [9600/50000 (19%)]	Loss: 0.128658
Train Epoch: 38 [12800/50000 (26%)]	Loss: 0.255467
Train Epoch: 38 [16000/50000 (32%)]	Loss: 0.168099
Train Epoch: 38 [19200/50000 (38%)]	Loss: 0.405350
Train Epoch: 38 [22400/50000 (45%)]	Loss: 0.160172
Train Epoch: 38 [25600/50000 (51%)]	Loss: 0.383554
Train Epoch: 38 [28800/50000 (58%)]	Loss: 0.250274
Train Epoch: 38 [32000/50000 (64%)]	Loss: 0.310084
Train Epoch: 38 [35200/50000 (70%)]	Loss: 0.154314
Train Epoch: 38 [38400/50000 (77%)]	Loss: 0.207457
Train Epoch: 38 [41600/50000 (83%)]	Loss: 0.213366
Train Epoch: 38 [44800/50000 (90%)]	Loss: 0.168507
Train Epoch: 38 [48000/50000 (96%)]	Loss: 0.136574

Test set: Average loss: 0.0004, Accuracy: 8705/10000 (87%)

Train Epoch: 39 [0/50000 (0%)]	Loss: 0.119161
Train Epoch: 39 [3200/50000 (6%)]	Loss: 0.145160
Train Epoch: 39 [6400/50000 (13%)]	Loss: 0.260875
Train Epoch: 39 [9600/50000 (19%)]	Loss: 0.175103
Train Epoch: 39 [12800/50000 (26%)]	Loss: 0.309197
Train Epoch: 39 [16000/50000 (32%)]	Loss: 0.195529
Train Epoch: 39 [19200/50000 (38%)]	Loss: 0.187050
Train Epoch: 39 [22400/50000 (45%)]	Loss: 0.275415
Train Epoch: 39 [25600/50000 (51%)]	Loss: 0.224681
Train Epoch: 39 [28800/50000 (58%)]	Loss: 0.081460
Train Epoch: 39 [32000/50000 (64%)]	Loss: 0.269191
Train Epoch: 39 [35200/50000 (70%)]	Loss: 0.155376
Train Epoch: 39 [38400/50000 (77%)]	Loss: 0.224145
Train Epoch: 39 [41600/50000 (83%)]	Loss: 0.277150
Train Epoch: 39 [44800/50000 (90%)]	Loss: 0.271897
Train Epoch: 39 [48000/50000 (96%)]	Loss: 0.270211

Test set: Average loss: 0.0004, Accuracy: 8731/10000 (87%)

Train Epoch: 40 [0/50000 (0%)]	Loss: 0.321588
Train Epoch: 40 [3200/50000 (6%)]	Loss: 0.166646
Train Epoch: 40 [6400/50000 (13%)]	Loss: 0.175676
Train Epoch: 40 [9600/50000 (19%)]	Loss: 0.294093
Train Epoch: 40 [12800/50000 (26%)]	Loss: 0.191659
Train Epoch: 40 [16000/50000 (32%)]	Loss: 0.144971
Train Epoch: 40 [19200/50000 (38%)]	Loss: 0.324694
Train Epoch: 40 [22400/50000 (45%)]	Loss: 0.097959
Train Epoch: 40 [25600/50000 (51%)]	Loss: 0.241854
Train Epoch: 40 [28800/50000 (58%)]	Loss: 0.468845
Train Epoch: 40 [32000/50000 (64%)]	Loss: 0.235700
Train Epoch: 40 [35200/50000 (70%)]	Loss: 0.121488
Train Epoch: 40 [38400/50000 (77%)]	Loss: 0.193976
Train Epoch: 40 [41600/50000 (83%)]	Loss: 0.084379
Train Epoch: 40 [44800/50000 (90%)]	Loss: 0.246650
Train Epoch: 40 [48000/50000 (96%)]	Loss: 0.171855

Test set: Average loss: 0.0004, Accuracy: 8753/10000 (88%)

Train Epoch: 41 [0/50000 (0%)]	Loss: 0.182643
Train Epoch: 41 [3200/50000 (6%)]	Loss: 0.254838
Train Epoch: 41 [6400/50000 (13%)]	Loss: 0.424244
Train Epoch: 41 [9600/50000 (19%)]	Loss: 0.212621
Train Epoch: 41 [12800/50000 (26%)]	Loss: 0.205662
Train Epoch: 41 [16000/50000 (32%)]	Loss: 0.182837
Train Epoch: 41 [19200/50000 (38%)]	Loss: 0.099058
Train Epoch: 41 [22400/50000 (45%)]	Loss: 0.272298
Train Epoch: 41 [25600/50000 (51%)]	Loss: 0.237319
Train Epoch: 41 [28800/50000 (58%)]	Loss: 0.144340
Train Epoch: 41 [32000/50000 (64%)]	Loss: 0.228286
Train Epoch: 41 [35200/50000 (70%)]	Loss: 0.212079
Train Epoch: 41 [38400/50000 (77%)]	Loss: 0.276368
Train Epoch: 41 [41600/50000 (83%)]	Loss: 0.111095
Train Epoch: 41 [44800/50000 (90%)]	Loss: 0.248093
Train Epoch: 41 [48000/50000 (96%)]	Loss: 0.301398

Test set: Average loss: 0.0004, Accuracy: 8677/10000 (87%)

Train Epoch: 42 [0/50000 (0%)]	Loss: 0.302121
Train Epoch: 42 [3200/50000 (6%)]	Loss: 0.122558
Train Epoch: 42 [6400/50000 (13%)]	Loss: 0.368525
Train Epoch: 42 [9600/50000 (19%)]	Loss: 0.268110
Train Epoch: 42 [12800/50000 (26%)]	Loss: 0.281495
Train Epoch: 42 [16000/50000 (32%)]	Loss: 0.205844
Train Epoch: 42 [19200/50000 (38%)]	Loss: 0.288678
Train Epoch: 42 [22400/50000 (45%)]	Loss: 0.125430
Train Epoch: 42 [25600/50000 (51%)]	Loss: 0.254415
Train Epoch: 42 [28800/50000 (58%)]	Loss: 0.179894
Train Epoch: 42 [32000/50000 (64%)]	Loss: 0.349770
Train Epoch: 42 [35200/50000 (70%)]	Loss: 0.185165
Train Epoch: 42 [38400/50000 (77%)]	Loss: 0.244280
Train Epoch: 42 [41600/50000 (83%)]	Loss: 0.265400
Train Epoch: 42 [44800/50000 (90%)]	Loss: 0.187625
Train Epoch: 42 [48000/50000 (96%)]	Loss: 0.204472

Test set: Average loss: 0.0004, Accuracy: 8737/10000 (87%)

Train Epoch: 43 [0/50000 (0%)]	Loss: 0.288101
Train Epoch: 43 [3200/50000 (6%)]	Loss: 0.279764
Train Epoch: 43 [6400/50000 (13%)]	Loss: 0.239476
Train Epoch: 43 [9600/50000 (19%)]	Loss: 0.202949
Train Epoch: 43 [12800/50000 (26%)]	Loss: 0.241159
Train Epoch: 43 [16000/50000 (32%)]	Loss: 0.339297
Train Epoch: 43 [19200/50000 (38%)]	Loss: 0.235182
Train Epoch: 43 [22400/50000 (45%)]	Loss: 0.190450
Train Epoch: 43 [25600/50000 (51%)]	Loss: 0.286940
Train Epoch: 43 [28800/50000 (58%)]	Loss: 0.289896
Train Epoch: 43 [32000/50000 (64%)]	Loss: 0.378962
Train Epoch: 43 [35200/50000 (70%)]	Loss: 0.223819
Train Epoch: 43 [38400/50000 (77%)]	Loss: 0.442584
Train Epoch: 43 [41600/50000 (83%)]	Loss: 0.185079
Train Epoch: 43 [44800/50000 (90%)]	Loss: 0.159846
Train Epoch: 43 [48000/50000 (96%)]	Loss: 0.150400

Test set: Average loss: 0.0004, Accuracy: 8803/10000 (88%)

Train Epoch: 44 [0/50000 (0%)]	Loss: 0.221439
Train Epoch: 44 [3200/50000 (6%)]	Loss: 0.221109
Train Epoch: 44 [6400/50000 (13%)]	Loss: 0.360027
Train Epoch: 44 [9600/50000 (19%)]	Loss: 0.226972
Train Epoch: 44 [12800/50000 (26%)]	Loss: 0.261903
Train Epoch: 44 [16000/50000 (32%)]	Loss: 0.382139
Train Epoch: 44 [19200/50000 (38%)]	Loss: 0.288730
Train Epoch: 44 [22400/50000 (45%)]	Loss: 0.316589
Train Epoch: 44 [25600/50000 (51%)]	Loss: 0.195644
Train Epoch: 44 [28800/50000 (58%)]	Loss: 0.307439
Train Epoch: 44 [32000/50000 (64%)]	Loss: 0.347566
Train Epoch: 44 [35200/50000 (70%)]	Loss: 0.219009
Train Epoch: 44 [38400/50000 (77%)]	Loss: 0.234110
Train Epoch: 44 [41600/50000 (83%)]	Loss: 0.260782
Train Epoch: 44 [44800/50000 (90%)]	Loss: 0.261240
Train Epoch: 44 [48000/50000 (96%)]	Loss: 0.312625

Test set: Average loss: 0.0004, Accuracy: 8694/10000 (87%)

Train Epoch: 45 [0/50000 (0%)]	Loss: 0.219056
Train Epoch: 45 [3200/50000 (6%)]	Loss: 0.209141
Train Epoch: 45 [6400/50000 (13%)]	Loss: 0.126479
Train Epoch: 45 [9600/50000 (19%)]	Loss: 0.234209
Train Epoch: 45 [12800/50000 (26%)]	Loss: 0.414898
Train Epoch: 45 [16000/50000 (32%)]	Loss: 0.244176
Train Epoch: 45 [19200/50000 (38%)]	Loss: 0.160225
Train Epoch: 45 [22400/50000 (45%)]	Loss: 0.181989
Train Epoch: 45 [25600/50000 (51%)]	Loss: 0.300056
Train Epoch: 45 [28800/50000 (58%)]	Loss: 0.163769
Train Epoch: 45 [32000/50000 (64%)]	Loss: 0.339199
Train Epoch: 45 [35200/50000 (70%)]	Loss: 0.386976
Train Epoch: 45 [38400/50000 (77%)]	Loss: 0.273111
Train Epoch: 45 [41600/50000 (83%)]	Loss: 0.290583
Train Epoch: 45 [44800/50000 (90%)]	Loss: 0.263838
Train Epoch: 45 [48000/50000 (96%)]	Loss: 0.205277

Test set: Average loss: 0.0004, Accuracy: 8824/10000 (88%)

Train Epoch: 46 [0/50000 (0%)]	Loss: 0.374475
Train Epoch: 46 [3200/50000 (6%)]	Loss: 0.213533
Train Epoch: 46 [6400/50000 (13%)]	Loss: 0.222507
Train Epoch: 46 [9600/50000 (19%)]	Loss: 0.129754
Train Epoch: 46 [12800/50000 (26%)]	Loss: 0.206856
Train Epoch: 46 [16000/50000 (32%)]	Loss: 0.212816
Train Epoch: 46 [19200/50000 (38%)]	Loss: 0.123643
Train Epoch: 46 [22400/50000 (45%)]	Loss: 0.168869
Train Epoch: 46 [25600/50000 (51%)]	Loss: 0.198985
Train Epoch: 46 [28800/50000 (58%)]	Loss: 0.343273
Train Epoch: 46 [32000/50000 (64%)]	Loss: 0.096867
Train Epoch: 46 [35200/50000 (70%)]	Loss: 0.329198
Train Epoch: 46 [38400/50000 (77%)]	Loss: 0.194401
Train Epoch: 46 [41600/50000 (83%)]	Loss: 0.291677
Train Epoch: 46 [44800/50000 (90%)]	Loss: 0.221479
Train Epoch: 46 [48000/50000 (96%)]	Loss: 0.227273

Test set: Average loss: 0.0004, Accuracy: 8763/10000 (88%)

Train Epoch: 47 [0/50000 (0%)]	Loss: 0.120699
Train Epoch: 47 [3200/50000 (6%)]	Loss: 0.228218
Train Epoch: 47 [6400/50000 (13%)]	Loss: 0.138901
Train Epoch: 47 [9600/50000 (19%)]	Loss: 0.236891
Train Epoch: 47 [12800/50000 (26%)]	Loss: 0.245578
Train Epoch: 47 [16000/50000 (32%)]	Loss: 0.189643
Train Epoch: 47 [19200/50000 (38%)]	Loss: 0.201680
Train Epoch: 47 [22400/50000 (45%)]	Loss: 0.241561
Train Epoch: 47 [25600/50000 (51%)]	Loss: 0.223223
Train Epoch: 47 [28800/50000 (58%)]	Loss: 0.309238
Train Epoch: 47 [32000/50000 (64%)]	Loss: 0.164532
Train Epoch: 47 [35200/50000 (70%)]	Loss: 0.254132
Train Epoch: 47 [38400/50000 (77%)]	Loss: 0.206026
Train Epoch: 47 [41600/50000 (83%)]	Loss: 0.149918
Train Epoch: 47 [44800/50000 (90%)]	Loss: 0.123889
Train Epoch: 47 [48000/50000 (96%)]	Loss: 0.228422

Test set: Average loss: 0.0004, Accuracy: 8784/10000 (88%)

Train Epoch: 48 [0/50000 (0%)]	Loss: 0.202148
Train Epoch: 48 [3200/50000 (6%)]	Loss: 0.189615
Train Epoch: 48 [6400/50000 (13%)]	Loss: 0.259920
Train Epoch: 48 [9600/50000 (19%)]	Loss: 0.229284
Train Epoch: 48 [12800/50000 (26%)]	Loss: 0.134736
Train Epoch: 48 [16000/50000 (32%)]	Loss: 0.287626
Train Epoch: 48 [19200/50000 (38%)]	Loss: 0.296416
Train Epoch: 48 [22400/50000 (45%)]	Loss: 0.079683
Train Epoch: 48 [25600/50000 (51%)]	Loss: 0.122907
Train Epoch: 48 [28800/50000 (58%)]	Loss: 0.241954
Train Epoch: 48 [32000/50000 (64%)]	Loss: 0.157352
Train Epoch: 48 [35200/50000 (70%)]	Loss: 0.149783
Train Epoch: 48 [38400/50000 (77%)]	Loss: 0.135058
Train Epoch: 48 [41600/50000 (83%)]	Loss: 0.365224
Train Epoch: 48 [44800/50000 (90%)]	Loss: 0.140632
Train Epoch: 48 [48000/50000 (96%)]	Loss: 0.299579

Test set: Average loss: 0.0004, Accuracy: 8745/10000 (87%)

Train Epoch: 49 [0/50000 (0%)]	Loss: 0.444105
Train Epoch: 49 [3200/50000 (6%)]	Loss: 0.164762
Train Epoch: 49 [6400/50000 (13%)]	Loss: 0.091812
Train Epoch: 49 [9600/50000 (19%)]	Loss: 0.108463
Train Epoch: 49 [12800/50000 (26%)]	Loss: 0.206547
Train Epoch: 49 [16000/50000 (32%)]	Loss: 0.274650
Train Epoch: 49 [19200/50000 (38%)]	Loss: 0.133683
Train Epoch: 49 [22400/50000 (45%)]	Loss: 0.293474
Train Epoch: 49 [25600/50000 (51%)]	Loss: 0.135497
Train Epoch: 49 [28800/50000 (58%)]	Loss: 0.251422
Train Epoch: 49 [32000/50000 (64%)]	Loss: 0.162861
Train Epoch: 49 [35200/50000 (70%)]	Loss: 0.228975
Train Epoch: 49 [38400/50000 (77%)]	Loss: 0.195742
Train Epoch: 49 [41600/50000 (83%)]	Loss: 0.196535
Train Epoch: 49 [44800/50000 (90%)]	Loss: 0.172229
Train Epoch: 49 [48000/50000 (96%)]	Loss: 0.262164

Test set: Average loss: 0.0004, Accuracy: 8765/10000 (88%)

Train Epoch: 50 [0/50000 (0%)]	Loss: 0.230754
Train Epoch: 50 [3200/50000 (6%)]	Loss: 0.070033
Train Epoch: 50 [6400/50000 (13%)]	Loss: 0.149152
Train Epoch: 50 [9600/50000 (19%)]	Loss: 0.221326
Train Epoch: 50 [12800/50000 (26%)]	Loss: 0.209395
Train Epoch: 50 [16000/50000 (32%)]	Loss: 0.175988
Train Epoch: 50 [19200/50000 (38%)]	Loss: 0.386865
Train Epoch: 50 [22400/50000 (45%)]	Loss: 0.120137
Train Epoch: 50 [25600/50000 (51%)]	Loss: 0.251816
Train Epoch: 50 [28800/50000 (58%)]	Loss: 0.119288
Train Epoch: 50 [32000/50000 (64%)]	Loss: 0.163994
Train Epoch: 50 [35200/50000 (70%)]	Loss: 0.217407
Train Epoch: 50 [38400/50000 (77%)]	Loss: 0.101009
Train Epoch: 50 [41600/50000 (83%)]	Loss: 0.458009
Train Epoch: 50 [44800/50000 (90%)]	Loss: 0.292013
Train Epoch: 50 [48000/50000 (96%)]	Loss: 0.181934

Test set: Average loss: 0.0004, Accuracy: 8797/10000 (88%)

Train Epoch: 51 [0/50000 (0%)]	Loss: 0.286101
Train Epoch: 51 [3200/50000 (6%)]	Loss: 0.125465
Train Epoch: 51 [6400/50000 (13%)]	Loss: 0.338486
Train Epoch: 51 [9600/50000 (19%)]	Loss: 0.141964
Train Epoch: 51 [12800/50000 (26%)]	Loss: 0.226641
Train Epoch: 51 [16000/50000 (32%)]	Loss: 0.161833
Train Epoch: 51 [19200/50000 (38%)]	Loss: 0.292963
Train Epoch: 51 [22400/50000 (45%)]	Loss: 0.172467
Train Epoch: 51 [25600/50000 (51%)]	Loss: 0.289430
Train Epoch: 51 [28800/50000 (58%)]	Loss: 0.223029
Train Epoch: 51 [32000/50000 (64%)]	Loss: 0.146130
Train Epoch: 51 [35200/50000 (70%)]	Loss: 0.080943
Train Epoch: 51 [38400/50000 (77%)]	Loss: 0.194790
Train Epoch: 51 [41600/50000 (83%)]	Loss: 0.193878
Train Epoch: 51 [44800/50000 (90%)]	Loss: 0.240482
Train Epoch: 51 [48000/50000 (96%)]	Loss: 0.142758

Test set: Average loss: 0.0004, Accuracy: 8772/10000 (88%)

Train Epoch: 52 [0/50000 (0%)]	Loss: 0.324479
Train Epoch: 52 [3200/50000 (6%)]	Loss: 0.161255
Train Epoch: 52 [6400/50000 (13%)]	Loss: 0.298021
Train Epoch: 52 [9600/50000 (19%)]	Loss: 0.157752
Train Epoch: 52 [12800/50000 (26%)]	Loss: 0.188810
Train Epoch: 52 [16000/50000 (32%)]	Loss: 0.125899
Train Epoch: 52 [19200/50000 (38%)]	Loss: 0.294809
Train Epoch: 52 [22400/50000 (45%)]	Loss: 0.222871
Train Epoch: 52 [25600/50000 (51%)]	Loss: 0.134108
Train Epoch: 52 [28800/50000 (58%)]	Loss: 0.201586
Train Epoch: 52 [32000/50000 (64%)]	Loss: 0.063507
Train Epoch: 52 [35200/50000 (70%)]	Loss: 0.261642
Train Epoch: 52 [38400/50000 (77%)]	Loss: 0.149598
Train Epoch: 52 [41600/50000 (83%)]	Loss: 0.413511
Train Epoch: 52 [44800/50000 (90%)]	Loss: 0.174739
Train Epoch: 52 [48000/50000 (96%)]	Loss: 0.144078

Test set: Average loss: 0.0004, Accuracy: 8791/10000 (88%)

Train Epoch: 53 [0/50000 (0%)]	Loss: 0.141524
Train Epoch: 53 [3200/50000 (6%)]	Loss: 0.220552
Train Epoch: 53 [6400/50000 (13%)]	Loss: 0.147057
Train Epoch: 53 [9600/50000 (19%)]	Loss: 0.112099
Train Epoch: 53 [12800/50000 (26%)]	Loss: 0.189976
Train Epoch: 53 [16000/50000 (32%)]	Loss: 0.230095
Train Epoch: 53 [19200/50000 (38%)]	Loss: 0.101671
Train Epoch: 53 [22400/50000 (45%)]	Loss: 0.193770
Train Epoch: 53 [25600/50000 (51%)]	Loss: 0.388499
Train Epoch: 53 [28800/50000 (58%)]	Loss: 0.128867
Train Epoch: 53 [32000/50000 (64%)]	Loss: 0.170931
Train Epoch: 53 [35200/50000 (70%)]	Loss: 0.204419
Train Epoch: 53 [38400/50000 (77%)]	Loss: 0.173708
Train Epoch: 53 [41600/50000 (83%)]	Loss: 0.201876
Train Epoch: 53 [44800/50000 (90%)]	Loss: 0.096912
Train Epoch: 53 [48000/50000 (96%)]	Loss: 0.158550

Test set: Average loss: 0.0004, Accuracy: 8835/10000 (88%)

Train Epoch: 54 [0/50000 (0%)]	Loss: 0.170955
Train Epoch: 54 [3200/50000 (6%)]	Loss: 0.242030
Train Epoch: 54 [6400/50000 (13%)]	Loss: 0.106181
Train Epoch: 54 [9600/50000 (19%)]	Loss: 0.143328
Train Epoch: 54 [12800/50000 (26%)]	Loss: 0.114671
Train Epoch: 54 [16000/50000 (32%)]	Loss: 0.289582
Train Epoch: 54 [19200/50000 (38%)]	Loss: 0.266556
Train Epoch: 54 [22400/50000 (45%)]	Loss: 0.170045
Train Epoch: 54 [25600/50000 (51%)]	Loss: 0.209201
Train Epoch: 54 [28800/50000 (58%)]	Loss: 0.281521
Train Epoch: 54 [32000/50000 (64%)]	Loss: 0.144761
Train Epoch: 54 [35200/50000 (70%)]	Loss: 0.239014
Train Epoch: 54 [38400/50000 (77%)]	Loss: 0.232509
Train Epoch: 54 [41600/50000 (83%)]	Loss: 0.072161
Train Epoch: 54 [44800/50000 (90%)]	Loss: 0.163580
Train Epoch: 54 [48000/50000 (96%)]	Loss: 0.264974

Test set: Average loss: 0.0004, Accuracy: 8795/10000 (88%)

Train Epoch: 55 [0/50000 (0%)]	Loss: 0.263898
Train Epoch: 55 [3200/50000 (6%)]	Loss: 0.157183
Train Epoch: 55 [6400/50000 (13%)]	Loss: 0.223288
Train Epoch: 55 [9600/50000 (19%)]	Loss: 0.157102
Train Epoch: 55 [12800/50000 (26%)]	Loss: 0.110831
Train Epoch: 55 [16000/50000 (32%)]	Loss: 0.224599
Train Epoch: 55 [19200/50000 (38%)]	Loss: 0.292220
Train Epoch: 55 [22400/50000 (45%)]	Loss: 0.173174
Train Epoch: 55 [25600/50000 (51%)]	Loss: 0.288994
Train Epoch: 55 [28800/50000 (58%)]	Loss: 0.124085
Train Epoch: 55 [32000/50000 (64%)]	Loss: 0.140158
Train Epoch: 55 [35200/50000 (70%)]	Loss: 0.127021
Train Epoch: 55 [38400/50000 (77%)]	Loss: 0.082317
Train Epoch: 55 [41600/50000 (83%)]	Loss: 0.271397
Train Epoch: 55 [44800/50000 (90%)]	Loss: 0.082507
Train Epoch: 55 [48000/50000 (96%)]	Loss: 0.103792

Test set: Average loss: 0.0004, Accuracy: 8749/10000 (87%)

Train Epoch: 56 [0/50000 (0%)]	Loss: 0.147800
Train Epoch: 56 [3200/50000 (6%)]	Loss: 0.204001
Train Epoch: 56 [6400/50000 (13%)]	Loss: 0.263896
Train Epoch: 56 [9600/50000 (19%)]	Loss: 0.246846
Train Epoch: 56 [12800/50000 (26%)]	Loss: 0.132395
Train Epoch: 56 [16000/50000 (32%)]	Loss: 0.300431
Train Epoch: 56 [19200/50000 (38%)]	Loss: 0.206514
Train Epoch: 56 [22400/50000 (45%)]	Loss: 0.194277
Train Epoch: 56 [25600/50000 (51%)]	Loss: 0.141918
Train Epoch: 56 [28800/50000 (58%)]	Loss: 0.244094
Train Epoch: 56 [32000/50000 (64%)]	Loss: 0.218512
Train Epoch: 56 [35200/50000 (70%)]	Loss: 0.167595
Train Epoch: 56 [38400/50000 (77%)]	Loss: 0.272160
Train Epoch: 56 [41600/50000 (83%)]	Loss: 0.256590
Train Epoch: 56 [44800/50000 (90%)]	Loss: 0.200494
Train Epoch: 56 [48000/50000 (96%)]	Loss: 0.135591

Test set: Average loss: 0.0004, Accuracy: 8884/10000 (89%)

Train Epoch: 57 [0/50000 (0%)]	Loss: 0.265345
Train Epoch: 57 [3200/50000 (6%)]	Loss: 0.137380
Train Epoch: 57 [6400/50000 (13%)]	Loss: 0.219878
Train Epoch: 57 [9600/50000 (19%)]	Loss: 0.172948
Train Epoch: 57 [12800/50000 (26%)]	Loss: 0.046690
Train Epoch: 57 [16000/50000 (32%)]	Loss: 0.248940
Train Epoch: 57 [19200/50000 (38%)]	Loss: 0.294671
Train Epoch: 57 [22400/50000 (45%)]	Loss: 0.140631
Train Epoch: 57 [25600/50000 (51%)]	Loss: 0.316955
Train Epoch: 57 [28800/50000 (58%)]	Loss: 0.119849
Train Epoch: 57 [32000/50000 (64%)]	Loss: 0.273494
Train Epoch: 57 [35200/50000 (70%)]	Loss: 0.186596
Train Epoch: 57 [38400/50000 (77%)]	Loss: 0.154950
Train Epoch: 57 [41600/50000 (83%)]	Loss: 0.077889
Train Epoch: 57 [44800/50000 (90%)]	Loss: 0.200694
Train Epoch: 57 [48000/50000 (96%)]	Loss: 0.166510

Test set: Average loss: 0.0004, Accuracy: 8844/10000 (88%)

Train Epoch: 58 [0/50000 (0%)]	Loss: 0.098104
Train Epoch: 58 [3200/50000 (6%)]	Loss: 0.365616
Train Epoch: 58 [6400/50000 (13%)]	Loss: 0.158790
Train Epoch: 58 [9600/50000 (19%)]	Loss: 0.054768
Train Epoch: 58 [12800/50000 (26%)]	Loss: 0.108584
Train Epoch: 58 [16000/50000 (32%)]	Loss: 0.157914
Train Epoch: 58 [19200/50000 (38%)]	Loss: 0.233298
Train Epoch: 58 [22400/50000 (45%)]	Loss: 0.167924
Train Epoch: 58 [25600/50000 (51%)]	Loss: 0.211231
Train Epoch: 58 [28800/50000 (58%)]	Loss: 0.058814
Train Epoch: 58 [32000/50000 (64%)]	Loss: 0.249754
Train Epoch: 58 [35200/50000 (70%)]	Loss: 0.174083
Train Epoch: 58 [38400/50000 (77%)]	Loss: 0.235527
Train Epoch: 58 [41600/50000 (83%)]	Loss: 0.102872
Train Epoch: 58 [44800/50000 (90%)]	Loss: 0.189380
Train Epoch: 58 [48000/50000 (96%)]	Loss: 0.286799

Test set: Average loss: 0.0004, Accuracy: 8820/10000 (88%)

Train Epoch: 59 [0/50000 (0%)]	Loss: 0.141649
Train Epoch: 59 [3200/50000 (6%)]	Loss: 0.212585
Train Epoch: 59 [6400/50000 (13%)]	Loss: 0.275533
Train Epoch: 59 [9600/50000 (19%)]	Loss: 0.105416
Train Epoch: 59 [12800/50000 (26%)]	Loss: 0.184172
Train Epoch: 59 [16000/50000 (32%)]	Loss: 0.111229
Train Epoch: 59 [19200/50000 (38%)]	Loss: 0.099973
Train Epoch: 59 [22400/50000 (45%)]	Loss: 0.196546
Train Epoch: 59 [25600/50000 (51%)]	Loss: 0.295844
Train Epoch: 59 [28800/50000 (58%)]	Loss: 0.162499
Train Epoch: 59 [32000/50000 (64%)]	Loss: 0.129323
Train Epoch: 59 [35200/50000 (70%)]	Loss: 0.131144
Train Epoch: 59 [38400/50000 (77%)]	Loss: 0.113821
Train Epoch: 59 [41600/50000 (83%)]	Loss: 0.113341
Train Epoch: 59 [44800/50000 (90%)]	Loss: 0.169607
Train Epoch: 59 [48000/50000 (96%)]	Loss: 0.107209

Test set: Average loss: 0.0004, Accuracy: 8845/10000 (88%)

Train Epoch: 60 [0/50000 (0%)]	Loss: 0.193500
Train Epoch: 60 [3200/50000 (6%)]	Loss: 0.094869
Train Epoch: 60 [6400/50000 (13%)]	Loss: 0.132354
Train Epoch: 60 [9600/50000 (19%)]	Loss: 0.092634
Train Epoch: 60 [12800/50000 (26%)]	Loss: 0.193909
Train Epoch: 60 [16000/50000 (32%)]	Loss: 0.220650
Train Epoch: 60 [19200/50000 (38%)]	Loss: 0.153464
Train Epoch: 60 [22400/50000 (45%)]	Loss: 0.204890
Train Epoch: 60 [25600/50000 (51%)]	Loss: 0.177905
Train Epoch: 60 [28800/50000 (58%)]	Loss: 0.189545
Train Epoch: 60 [32000/50000 (64%)]	Loss: 0.264399
Train Epoch: 60 [35200/50000 (70%)]	Loss: 0.125251
Train Epoch: 60 [38400/50000 (77%)]	Loss: 0.189558
Train Epoch: 60 [41600/50000 (83%)]	Loss: 0.172213
Train Epoch: 60 [44800/50000 (90%)]	Loss: 0.129576
Train Epoch: 60 [48000/50000 (96%)]	Loss: 0.201339

Test set: Average loss: 0.0004, Accuracy: 8781/10000 (88%)

Train Epoch: 61 [0/50000 (0%)]	Loss: 0.209532
Train Epoch: 61 [3200/50000 (6%)]	Loss: 0.252760
Train Epoch: 61 [6400/50000 (13%)]	Loss: 0.092196
Train Epoch: 61 [9600/50000 (19%)]	Loss: 0.174316
Train Epoch: 61 [12800/50000 (26%)]	Loss: 0.352212
Train Epoch: 61 [16000/50000 (32%)]	Loss: 0.241368
Train Epoch: 61 [19200/50000 (38%)]	Loss: 0.171120
Train Epoch: 61 [22400/50000 (45%)]	Loss: 0.114862
Train Epoch: 61 [25600/50000 (51%)]	Loss: 0.116466
Train Epoch: 61 [28800/50000 (58%)]	Loss: 0.079012
Train Epoch: 61 [32000/50000 (64%)]	Loss: 0.203582
Train Epoch: 61 [35200/50000 (70%)]	Loss: 0.166213
Train Epoch: 61 [38400/50000 (77%)]	Loss: 0.064062
Train Epoch: 61 [41600/50000 (83%)]	Loss: 0.133166
Train Epoch: 61 [44800/50000 (90%)]	Loss: 0.175217
Train Epoch: 61 [48000/50000 (96%)]	Loss: 0.157826

Test set: Average loss: 0.0004, Accuracy: 8804/10000 (88%)

Train Epoch: 62 [0/50000 (0%)]	Loss: 0.165342
Train Epoch: 62 [3200/50000 (6%)]	Loss: 0.139859
Train Epoch: 62 [6400/50000 (13%)]	Loss: 0.254819
Train Epoch: 62 [9600/50000 (19%)]	Loss: 0.111863
Train Epoch: 62 [12800/50000 (26%)]	Loss: 0.132885
Train Epoch: 62 [16000/50000 (32%)]	Loss: 0.174329
Train Epoch: 62 [19200/50000 (38%)]	Loss: 0.160260
Train Epoch: 62 [22400/50000 (45%)]	Loss: 0.165767
Train Epoch: 62 [25600/50000 (51%)]	Loss: 0.133635
Train Epoch: 62 [28800/50000 (58%)]	Loss: 0.136834
Train Epoch: 62 [32000/50000 (64%)]	Loss: 0.038394
Train Epoch: 62 [35200/50000 (70%)]	Loss: 0.257622
Train Epoch: 62 [38400/50000 (77%)]	Loss: 0.388871
Train Epoch: 62 [41600/50000 (83%)]	Loss: 0.105592
Train Epoch: 62 [44800/50000 (90%)]	Loss: 0.180976
Train Epoch: 62 [48000/50000 (96%)]	Loss: 0.112100

Test set: Average loss: 0.0004, Accuracy: 8817/10000 (88%)

Train Epoch: 63 [0/50000 (0%)]	Loss: 0.354150
Train Epoch: 63 [3200/50000 (6%)]	Loss: 0.107936
Train Epoch: 63 [6400/50000 (13%)]	Loss: 0.184647
Train Epoch: 63 [9600/50000 (19%)]	Loss: 0.236388
Train Epoch: 63 [12800/50000 (26%)]	Loss: 0.147817
Train Epoch: 63 [16000/50000 (32%)]	Loss: 0.184263
Train Epoch: 63 [19200/50000 (38%)]	Loss: 0.083495
Train Epoch: 63 [22400/50000 (45%)]	Loss: 0.100560
Train Epoch: 63 [25600/50000 (51%)]	Loss: 0.167681
Train Epoch: 63 [28800/50000 (58%)]	Loss: 0.047839
Train Epoch: 63 [32000/50000 (64%)]	Loss: 0.117547
Train Epoch: 63 [35200/50000 (70%)]	Loss: 0.127865
Train Epoch: 63 [38400/50000 (77%)]	Loss: 0.462440
Train Epoch: 63 [41600/50000 (83%)]	Loss: 0.141098
Train Epoch: 63 [44800/50000 (90%)]	Loss: 0.224695
Train Epoch: 63 [48000/50000 (96%)]	Loss: 0.298160

Test set: Average loss: 0.0004, Accuracy: 8800/10000 (88%)

Train Epoch: 64 [0/50000 (0%)]	Loss: 0.173406
Train Epoch: 64 [3200/50000 (6%)]	Loss: 0.243775
Train Epoch: 64 [6400/50000 (13%)]	Loss: 0.087340
Train Epoch: 64 [9600/50000 (19%)]	Loss: 0.167305
Train Epoch: 64 [12800/50000 (26%)]	Loss: 0.220261
Train Epoch: 64 [16000/50000 (32%)]	Loss: 0.291112
Train Epoch: 64 [19200/50000 (38%)]	Loss: 0.091064
Train Epoch: 64 [22400/50000 (45%)]	Loss: 0.364857
Train Epoch: 64 [25600/50000 (51%)]	Loss: 0.126563
Train Epoch: 64 [28800/50000 (58%)]	Loss: 0.133893
Train Epoch: 64 [32000/50000 (64%)]	Loss: 0.105343
Train Epoch: 64 [35200/50000 (70%)]	Loss: 0.201237
Train Epoch: 64 [38400/50000 (77%)]	Loss: 0.212094
Train Epoch: 64 [41600/50000 (83%)]	Loss: 0.050259
Train Epoch: 64 [44800/50000 (90%)]	Loss: 0.144719
Train Epoch: 64 [48000/50000 (96%)]	Loss: 0.128427

Test set: Average loss: 0.0004, Accuracy: 8867/10000 (89%)

Train Epoch: 65 [0/50000 (0%)]	Loss: 0.102708
Train Epoch: 65 [3200/50000 (6%)]	Loss: 0.084970
Train Epoch: 65 [6400/50000 (13%)]	Loss: 0.112235
Train Epoch: 65 [9600/50000 (19%)]	Loss: 0.094924
Train Epoch: 65 [12800/50000 (26%)]	Loss: 0.313319
Train Epoch: 65 [16000/50000 (32%)]	Loss: 0.079164
Train Epoch: 65 [19200/50000 (38%)]	Loss: 0.217104
Train Epoch: 65 [22400/50000 (45%)]	Loss: 0.191480
Train Epoch: 65 [25600/50000 (51%)]	Loss: 0.083464
Train Epoch: 65 [28800/50000 (58%)]	Loss: 0.325168
Train Epoch: 65 [32000/50000 (64%)]	Loss: 0.193001
Train Epoch: 65 [35200/50000 (70%)]	Loss: 0.141284
Train Epoch: 65 [38400/50000 (77%)]	Loss: 0.079849
Train Epoch: 65 [41600/50000 (83%)]	Loss: 0.219756
Train Epoch: 65 [44800/50000 (90%)]	Loss: 0.193120
Train Epoch: 65 [48000/50000 (96%)]	Loss: 0.127548

Test set: Average loss: 0.0004, Accuracy: 8788/10000 (88%)

Train Epoch: 66 [0/50000 (0%)]	Loss: 0.200567
Train Epoch: 66 [3200/50000 (6%)]	Loss: 0.190058
Train Epoch: 66 [6400/50000 (13%)]	Loss: 0.077286
Train Epoch: 66 [9600/50000 (19%)]	Loss: 0.331791
Train Epoch: 66 [12800/50000 (26%)]	Loss: 0.160963
Train Epoch: 66 [16000/50000 (32%)]	Loss: 0.171807
Train Epoch: 66 [19200/50000 (38%)]	Loss: 0.095182
Train Epoch: 66 [22400/50000 (45%)]	Loss: 0.154317
Train Epoch: 66 [25600/50000 (51%)]	Loss: 0.104330
Train Epoch: 66 [28800/50000 (58%)]	Loss: 0.204213
Train Epoch: 66 [32000/50000 (64%)]	Loss: 0.152542
Train Epoch: 66 [35200/50000 (70%)]	Loss: 0.120533
Train Epoch: 66 [38400/50000 (77%)]	Loss: 0.207815
Train Epoch: 66 [41600/50000 (83%)]	Loss: 0.294629
Train Epoch: 66 [44800/50000 (90%)]	Loss: 0.185264
Train Epoch: 66 [48000/50000 (96%)]	Loss: 0.202813

Test set: Average loss: 0.0004, Accuracy: 8772/10000 (88%)

Train Epoch: 67 [0/50000 (0%)]	Loss: 0.313061
Train Epoch: 67 [3200/50000 (6%)]	Loss: 0.158977
Train Epoch: 67 [6400/50000 (13%)]	Loss: 0.238475
Train Epoch: 67 [9600/50000 (19%)]	Loss: 0.227691
Train Epoch: 67 [12800/50000 (26%)]	Loss: 0.165235
Train Epoch: 67 [16000/50000 (32%)]	Loss: 0.133865
Train Epoch: 67 [19200/50000 (38%)]	Loss: 0.149556
Train Epoch: 67 [22400/50000 (45%)]	Loss: 0.219778
Train Epoch: 67 [25600/50000 (51%)]	Loss: 0.070911
Train Epoch: 67 [28800/50000 (58%)]	Loss: 0.062039
Train Epoch: 67 [32000/50000 (64%)]	Loss: 0.338737
Train Epoch: 67 [35200/50000 (70%)]	Loss: 0.120491
Train Epoch: 67 [38400/50000 (77%)]	Loss: 0.146079
Train Epoch: 67 [41600/50000 (83%)]	Loss: 0.205809
Train Epoch: 67 [44800/50000 (90%)]	Loss: 0.346344
Train Epoch: 67 [48000/50000 (96%)]	Loss: 0.096855

Test set: Average loss: 0.0004, Accuracy: 8866/10000 (89%)

Train Epoch: 68 [0/50000 (0%)]	Loss: 0.144039
Train Epoch: 68 [3200/50000 (6%)]	Loss: 0.130428
Train Epoch: 68 [6400/50000 (13%)]	Loss: 0.127055
Train Epoch: 68 [9600/50000 (19%)]	Loss: 0.225989
Train Epoch: 68 [12800/50000 (26%)]	Loss: 0.173213
Train Epoch: 68 [16000/50000 (32%)]	Loss: 0.219593
Train Epoch: 68 [19200/50000 (38%)]	Loss: 0.069277
Train Epoch: 68 [22400/50000 (45%)]	Loss: 0.099142
Train Epoch: 68 [25600/50000 (51%)]	Loss: 0.211729
Train Epoch: 68 [28800/50000 (58%)]	Loss: 0.147787
Train Epoch: 68 [32000/50000 (64%)]	Loss: 0.117773
Train Epoch: 68 [35200/50000 (70%)]	Loss: 0.238781
Train Epoch: 68 [38400/50000 (77%)]	Loss: 0.238797
Train Epoch: 68 [41600/50000 (83%)]	Loss: 0.185225
Train Epoch: 68 [44800/50000 (90%)]	Loss: 0.131291
Train Epoch: 68 [48000/50000 (96%)]	Loss: 0.297250

Test set: Average loss: 0.0004, Accuracy: 8771/10000 (88%)

Train Epoch: 69 [0/50000 (0%)]	Loss: 0.148905
Train Epoch: 69 [3200/50000 (6%)]	Loss: 0.106681
Train Epoch: 69 [6400/50000 (13%)]	Loss: 0.172952
Train Epoch: 69 [9600/50000 (19%)]	Loss: 0.061466
Train Epoch: 69 [12800/50000 (26%)]	Loss: 0.185772
Train Epoch: 69 [16000/50000 (32%)]	Loss: 0.333711
Train Epoch: 69 [19200/50000 (38%)]	Loss: 0.207663
Train Epoch: 69 [22400/50000 (45%)]	Loss: 0.229504
Train Epoch: 69 [25600/50000 (51%)]	Loss: 0.205058
Train Epoch: 69 [28800/50000 (58%)]	Loss: 0.093277
Train Epoch: 69 [32000/50000 (64%)]	Loss: 0.177713
Train Epoch: 69 [35200/50000 (70%)]	Loss: 0.186594
Train Epoch: 69 [38400/50000 (77%)]	Loss: 0.091875
Train Epoch: 69 [41600/50000 (83%)]	Loss: 0.171688
Train Epoch: 69 [44800/50000 (90%)]	Loss: 0.147049
Train Epoch: 69 [48000/50000 (96%)]	Loss: 0.188643

Test set: Average loss: 0.0004, Accuracy: 8875/10000 (89%)

Train Epoch: 70 [0/50000 (0%)]	Loss: 0.167356
Train Epoch: 70 [3200/50000 (6%)]	Loss: 0.039756
Train Epoch: 70 [6400/50000 (13%)]	Loss: 0.074993
Train Epoch: 70 [9600/50000 (19%)]	Loss: 0.201405
Train Epoch: 70 [12800/50000 (26%)]	Loss: 0.224996
Train Epoch: 70 [16000/50000 (32%)]	Loss: 0.168155
Train Epoch: 70 [19200/50000 (38%)]	Loss: 0.232551
Train Epoch: 70 [22400/50000 (45%)]	Loss: 0.209268
Train Epoch: 70 [25600/50000 (51%)]	Loss: 0.175938
Train Epoch: 70 [28800/50000 (58%)]	Loss: 0.200733
Train Epoch: 70 [32000/50000 (64%)]	Loss: 0.183540
Train Epoch: 70 [35200/50000 (70%)]	Loss: 0.192013
Train Epoch: 70 [38400/50000 (77%)]	Loss: 0.236260
Train Epoch: 70 [41600/50000 (83%)]	Loss: 0.132528
Train Epoch: 70 [44800/50000 (90%)]	Loss: 0.173859
Train Epoch: 70 [48000/50000 (96%)]	Loss: 0.088951

Test set: Average loss: 0.0004, Accuracy: 8850/10000 (88%)

Train Epoch: 71 [0/50000 (0%)]	Loss: 0.306174
Train Epoch: 71 [3200/50000 (6%)]	Loss: 0.061359
Train Epoch: 71 [6400/50000 (13%)]	Loss: 0.059170
Train Epoch: 71 [9600/50000 (19%)]	Loss: 0.072275
Train Epoch: 71 [12800/50000 (26%)]	Loss: 0.053456
Train Epoch: 71 [16000/50000 (32%)]	Loss: 0.081830
Train Epoch: 71 [19200/50000 (38%)]	Loss: 0.134134
Train Epoch: 71 [22400/50000 (45%)]	Loss: 0.101559
Train Epoch: 71 [25600/50000 (51%)]	Loss: 0.134353
Train Epoch: 71 [28800/50000 (58%)]	Loss: 0.108757
Train Epoch: 71 [32000/50000 (64%)]	Loss: 0.315179
Train Epoch: 71 [35200/50000 (70%)]	Loss: 0.147865
Train Epoch: 71 [38400/50000 (77%)]	Loss: 0.308641
Train Epoch: 71 [41600/50000 (83%)]	Loss: 0.116476
Train Epoch: 71 [44800/50000 (90%)]	Loss: 0.104234
Train Epoch: 71 [48000/50000 (96%)]	Loss: 0.114685

Test set: Average loss: 0.0004, Accuracy: 8880/10000 (89%)

Train Epoch: 72 [0/50000 (0%)]	Loss: 0.030505
Train Epoch: 72 [3200/50000 (6%)]	Loss: 0.082481
Train Epoch: 72 [6400/50000 (13%)]	Loss: 0.231968
Train Epoch: 72 [9600/50000 (19%)]	Loss: 0.089494
Train Epoch: 72 [12800/50000 (26%)]	Loss: 0.114081
Train Epoch: 72 [16000/50000 (32%)]	Loss: 0.117956
Train Epoch: 72 [19200/50000 (38%)]	Loss: 0.101378
Train Epoch: 72 [22400/50000 (45%)]	Loss: 0.171629
Train Epoch: 72 [25600/50000 (51%)]	Loss: 0.241511
Train Epoch: 72 [28800/50000 (58%)]	Loss: 0.200073
Train Epoch: 72 [32000/50000 (64%)]	Loss: 0.063203
Train Epoch: 72 [35200/50000 (70%)]	Loss: 0.317280
Train Epoch: 72 [38400/50000 (77%)]	Loss: 0.168281
Train Epoch: 72 [41600/50000 (83%)]	Loss: 0.138737
Train Epoch: 72 [44800/50000 (90%)]	Loss: 0.146333
Train Epoch: 72 [48000/50000 (96%)]	Loss: 0.115128

Test set: Average loss: 0.0004, Accuracy: 8903/10000 (89%)

Train Epoch: 73 [0/50000 (0%)]	Loss: 0.060763
Train Epoch: 73 [3200/50000 (6%)]	Loss: 0.100963
Train Epoch: 73 [6400/50000 (13%)]	Loss: 0.142115
Train Epoch: 73 [9600/50000 (19%)]	Loss: 0.194176
Train Epoch: 73 [12800/50000 (26%)]	Loss: 0.100362
Train Epoch: 73 [16000/50000 (32%)]	Loss: 0.197574
Train Epoch: 73 [19200/50000 (38%)]	Loss: 0.194912
Train Epoch: 73 [22400/50000 (45%)]	Loss: 0.157957
Train Epoch: 73 [25600/50000 (51%)]	Loss: 0.111892
Train Epoch: 73 [28800/50000 (58%)]	Loss: 0.155920
Train Epoch: 73 [32000/50000 (64%)]	Loss: 0.111412
Train Epoch: 73 [35200/50000 (70%)]	Loss: 0.087704
Train Epoch: 73 [38400/50000 (77%)]	Loss: 0.091734
Train Epoch: 73 [41600/50000 (83%)]	Loss: 0.182808
Train Epoch: 73 [44800/50000 (90%)]	Loss: 0.438693
Train Epoch: 73 [48000/50000 (96%)]	Loss: 0.162772

Test set: Average loss: 0.0004, Accuracy: 8889/10000 (89%)

Train Epoch: 74 [0/50000 (0%)]	Loss: 0.092467
Train Epoch: 74 [3200/50000 (6%)]	Loss: 0.080228
Train Epoch: 74 [6400/50000 (13%)]	Loss: 0.093695
Train Epoch: 74 [9600/50000 (19%)]	Loss: 0.090642
Train Epoch: 74 [12800/50000 (26%)]	Loss: 0.053007
Train Epoch: 74 [16000/50000 (32%)]	Loss: 0.161120
Train Epoch: 74 [19200/50000 (38%)]	Loss: 0.302794
Train Epoch: 74 [22400/50000 (45%)]	Loss: 0.065462
Train Epoch: 74 [25600/50000 (51%)]	Loss: 0.075854
Train Epoch: 74 [28800/50000 (58%)]	Loss: 0.064735
Train Epoch: 74 [32000/50000 (64%)]	Loss: 0.089416
Train Epoch: 74 [35200/50000 (70%)]	Loss: 0.222722
Train Epoch: 74 [38400/50000 (77%)]	Loss: 0.199048
Train Epoch: 74 [41600/50000 (83%)]	Loss: 0.211748
Train Epoch: 74 [44800/50000 (90%)]	Loss: 0.149249
Train Epoch: 74 [48000/50000 (96%)]	Loss: 0.094817

Test set: Average loss: 0.0004, Accuracy: 8867/10000 (89%)

Train Epoch: 75 [0/50000 (0%)]	Loss: 0.033564
Train Epoch: 75 [3200/50000 (6%)]	Loss: 0.131285
Train Epoch: 75 [6400/50000 (13%)]	Loss: 0.195399
Train Epoch: 75 [9600/50000 (19%)]	Loss: 0.158604
Train Epoch: 75 [12800/50000 (26%)]	Loss: 0.273893
Train Epoch: 75 [16000/50000 (32%)]	Loss: 0.057074
Train Epoch: 75 [19200/50000 (38%)]	Loss: 0.051311
Train Epoch: 75 [22400/50000 (45%)]	Loss: 0.228662
Train Epoch: 75 [25600/50000 (51%)]	Loss: 0.208524
Train Epoch: 75 [28800/50000 (58%)]	Loss: 0.145594
Train Epoch: 75 [32000/50000 (64%)]	Loss: 0.149350
Train Epoch: 75 [35200/50000 (70%)]	Loss: 0.097305
Train Epoch: 75 [38400/50000 (77%)]	Loss: 0.252565
Train Epoch: 75 [41600/50000 (83%)]	Loss: 0.123332
Train Epoch: 75 [44800/50000 (90%)]	Loss: 0.112190
Train Epoch: 75 [48000/50000 (96%)]	Loss: 0.127406

Test set: Average loss: 0.0004, Accuracy: 8796/10000 (88%)

Train Epoch: 76 [0/50000 (0%)]	Loss: 0.143135
Train Epoch: 76 [3200/50000 (6%)]	Loss: 0.114133
Train Epoch: 76 [6400/50000 (13%)]	Loss: 0.164660
Train Epoch: 76 [9600/50000 (19%)]	Loss: 0.131691
Train Epoch: 76 [12800/50000 (26%)]	Loss: 0.078840
Train Epoch: 76 [16000/50000 (32%)]	Loss: 0.102271
Train Epoch: 76 [19200/50000 (38%)]	Loss: 0.187603
Train Epoch: 76 [22400/50000 (45%)]	Loss: 0.105959
Train Epoch: 76 [25600/50000 (51%)]	Loss: 0.084665
Train Epoch: 76 [28800/50000 (58%)]	Loss: 0.214118
Train Epoch: 76 [32000/50000 (64%)]	Loss: 0.113549
Train Epoch: 76 [35200/50000 (70%)]	Loss: 0.049431
Train Epoch: 76 [38400/50000 (77%)]	Loss: 0.247120
Train Epoch: 76 [41600/50000 (83%)]	Loss: 0.084954
Train Epoch: 76 [44800/50000 (90%)]	Loss: 0.215132
Train Epoch: 76 [48000/50000 (96%)]	Loss: 0.256382

Test set: Average loss: 0.0004, Accuracy: 8847/10000 (88%)

Train Epoch: 77 [0/50000 (0%)]	Loss: 0.197810
Train Epoch: 77 [3200/50000 (6%)]	Loss: 0.071227
Train Epoch: 77 [6400/50000 (13%)]	Loss: 0.238042
Train Epoch: 77 [9600/50000 (19%)]	Loss: 0.252881
Train Epoch: 77 [12800/50000 (26%)]	Loss: 0.079574
Train Epoch: 77 [16000/50000 (32%)]	Loss: 0.094040
Train Epoch: 77 [19200/50000 (38%)]	Loss: 0.213579
Train Epoch: 77 [22400/50000 (45%)]	Loss: 0.090115
Train Epoch: 77 [25600/50000 (51%)]	Loss: 0.107816
Train Epoch: 77 [28800/50000 (58%)]	Loss: 0.142941
Train Epoch: 77 [32000/50000 (64%)]	Loss: 0.089362
Train Epoch: 77 [35200/50000 (70%)]	Loss: 0.148915
Train Epoch: 77 [38400/50000 (77%)]	Loss: 0.053309
Train Epoch: 77 [41600/50000 (83%)]	Loss: 0.235178
Train Epoch: 77 [44800/50000 (90%)]	Loss: 0.113347
Train Epoch: 77 [48000/50000 (96%)]	Loss: 0.170096

Test set: Average loss: 0.0004, Accuracy: 8862/10000 (89%)

Train Epoch: 78 [0/50000 (0%)]	Loss: 0.056934
Train Epoch: 78 [3200/50000 (6%)]	Loss: 0.139541
Train Epoch: 78 [6400/50000 (13%)]	Loss: 0.231926
Train Epoch: 78 [9600/50000 (19%)]	Loss: 0.148871
Train Epoch: 78 [12800/50000 (26%)]	Loss: 0.069867
Train Epoch: 78 [16000/50000 (32%)]	Loss: 0.104416
Train Epoch: 78 [19200/50000 (38%)]	Loss: 0.089313
Train Epoch: 78 [22400/50000 (45%)]	Loss: 0.054899
Train Epoch: 78 [25600/50000 (51%)]	Loss: 0.070747
Train Epoch: 78 [28800/50000 (58%)]	Loss: 0.111952
Train Epoch: 78 [32000/50000 (64%)]	Loss: 0.234381
Train Epoch: 78 [35200/50000 (70%)]	Loss: 0.228098
Train Epoch: 78 [38400/50000 (77%)]	Loss: 0.026982
Train Epoch: 78 [41600/50000 (83%)]	Loss: 0.261948
Train Epoch: 78 [44800/50000 (90%)]	Loss: 0.116280
Train Epoch: 78 [48000/50000 (96%)]	Loss: 0.093791

Test set: Average loss: 0.0004, Accuracy: 8872/10000 (89%)

Train Epoch: 79 [0/50000 (0%)]	Loss: 0.099199
Train Epoch: 79 [3200/50000 (6%)]	Loss: 0.173401
Train Epoch: 79 [6400/50000 (13%)]	Loss: 0.166710
Train Epoch: 79 [9600/50000 (19%)]	Loss: 0.069820
Train Epoch: 79 [12800/50000 (26%)]	Loss: 0.119636
Train Epoch: 79 [16000/50000 (32%)]	Loss: 0.064924
Train Epoch: 79 [19200/50000 (38%)]	Loss: 0.296877
Train Epoch: 79 [22400/50000 (45%)]	Loss: 0.058089
Train Epoch: 79 [25600/50000 (51%)]	Loss: 0.127478
Train Epoch: 79 [28800/50000 (58%)]	Loss: 0.244864
Train Epoch: 79 [32000/50000 (64%)]	Loss: 0.031248
Train Epoch: 79 [35200/50000 (70%)]	Loss: 0.045655
Train Epoch: 79 [38400/50000 (77%)]	Loss: 0.203984
Train Epoch: 79 [41600/50000 (83%)]	Loss: 0.113512
Train Epoch: 79 [44800/50000 (90%)]	Loss: 0.220137
Train Epoch: 79 [48000/50000 (96%)]	Loss: 0.275714

Test set: Average loss: 0.0004, Accuracy: 8881/10000 (89%)

Train Epoch: 80 [0/50000 (0%)]	Loss: 0.179839
Train Epoch: 80 [3200/50000 (6%)]	Loss: 0.130249
Train Epoch: 80 [6400/50000 (13%)]	Loss: 0.126083
Train Epoch: 80 [9600/50000 (19%)]	Loss: 0.042447
Train Epoch: 80 [12800/50000 (26%)]	Loss: 0.158007
Train Epoch: 80 [16000/50000 (32%)]	Loss: 0.097191
Train Epoch: 80 [19200/50000 (38%)]	Loss: 0.168705
Train Epoch: 80 [22400/50000 (45%)]	Loss: 0.118898
Train Epoch: 80 [25600/50000 (51%)]	Loss: 0.206003
Train Epoch: 80 [28800/50000 (58%)]	Loss: 0.114664
Train Epoch: 80 [32000/50000 (64%)]	Loss: 0.157346
Train Epoch: 80 [35200/50000 (70%)]	Loss: 0.186077
Train Epoch: 80 [38400/50000 (77%)]	Loss: 0.182413
Train Epoch: 80 [41600/50000 (83%)]	Loss: 0.160738
Train Epoch: 80 [44800/50000 (90%)]	Loss: 0.157159
Train Epoch: 80 [48000/50000 (96%)]	Loss: 0.137474

Test set: Average loss: 0.0004, Accuracy: 8891/10000 (89%)

Train Epoch: 81 [0/50000 (0%)]	Loss: 0.114504
Train Epoch: 81 [3200/50000 (6%)]	Loss: 0.137635
Train Epoch: 81 [6400/50000 (13%)]	Loss: 0.082543
Train Epoch: 81 [9600/50000 (19%)]	Loss: 0.086006
Train Epoch: 81 [12800/50000 (26%)]	Loss: 0.094567
Train Epoch: 81 [16000/50000 (32%)]	Loss: 0.027152
Train Epoch: 81 [19200/50000 (38%)]	Loss: 0.037171
Train Epoch: 81 [22400/50000 (45%)]	Loss: 0.089892
Train Epoch: 81 [25600/50000 (51%)]	Loss: 0.194852
Train Epoch: 81 [28800/50000 (58%)]	Loss: 0.111853
Train Epoch: 81 [32000/50000 (64%)]	Loss: 0.051094
Train Epoch: 81 [35200/50000 (70%)]	Loss: 0.043183
Train Epoch: 81 [38400/50000 (77%)]	Loss: 0.100490
Train Epoch: 81 [41600/50000 (83%)]	Loss: 0.064477
Train Epoch: 81 [44800/50000 (90%)]	Loss: 0.067377
Train Epoch: 81 [48000/50000 (96%)]	Loss: 0.160034

Test set: Average loss: 0.0004, Accuracy: 8991/10000 (90%)

Train Epoch: 82 [0/50000 (0%)]	Loss: 0.099253
Train Epoch: 82 [3200/50000 (6%)]	Loss: 0.044910
Train Epoch: 82 [6400/50000 (13%)]	Loss: 0.069673
Train Epoch: 82 [9600/50000 (19%)]	Loss: 0.034501
Train Epoch: 82 [12800/50000 (26%)]	Loss: 0.041832
Train Epoch: 82 [16000/50000 (32%)]	Loss: 0.115786
Train Epoch: 82 [19200/50000 (38%)]	Loss: 0.065179
Train Epoch: 82 [22400/50000 (45%)]	Loss: 0.037605
Train Epoch: 82 [25600/50000 (51%)]	Loss: 0.114926
Train Epoch: 82 [28800/50000 (58%)]	Loss: 0.129943
Train Epoch: 82 [32000/50000 (64%)]	Loss: 0.075113
Train Epoch: 82 [35200/50000 (70%)]	Loss: 0.019650
Train Epoch: 82 [38400/50000 (77%)]	Loss: 0.079436
Train Epoch: 82 [41600/50000 (83%)]	Loss: 0.074830
Train Epoch: 82 [44800/50000 (90%)]	Loss: 0.069033
Train Epoch: 82 [48000/50000 (96%)]	Loss: 0.110218

Test set: Average loss: 0.0004, Accuracy: 9008/10000 (90%)

Train Epoch: 83 [0/50000 (0%)]	Loss: 0.034669
Train Epoch: 83 [3200/50000 (6%)]	Loss: 0.097859
Train Epoch: 83 [6400/50000 (13%)]	Loss: 0.065819
Train Epoch: 83 [9600/50000 (19%)]	Loss: 0.018181
Train Epoch: 83 [12800/50000 (26%)]	Loss: 0.023619
Train Epoch: 83 [16000/50000 (32%)]	Loss: 0.094462
Train Epoch: 83 [19200/50000 (38%)]	Loss: 0.051267
Train Epoch: 83 [22400/50000 (45%)]	Loss: 0.098893
Train Epoch: 83 [25600/50000 (51%)]	Loss: 0.085972
Train Epoch: 83 [28800/50000 (58%)]	Loss: 0.018454
Train Epoch: 83 [32000/50000 (64%)]	Loss: 0.030752
Train Epoch: 83 [35200/50000 (70%)]	Loss: 0.051341
Train Epoch: 83 [38400/50000 (77%)]	Loss: 0.141843
Train Epoch: 83 [41600/50000 (83%)]	Loss: 0.103371
Train Epoch: 83 [44800/50000 (90%)]	Loss: 0.166292
Train Epoch: 83 [48000/50000 (96%)]	Loss: 0.143321

Test set: Average loss: 0.0004, Accuracy: 9012/10000 (90%)

Train Epoch: 84 [0/50000 (0%)]	Loss: 0.038670
Train Epoch: 84 [3200/50000 (6%)]	Loss: 0.054903
Train Epoch: 84 [6400/50000 (13%)]	Loss: 0.104309
Train Epoch: 84 [9600/50000 (19%)]	Loss: 0.046722
Train Epoch: 84 [12800/50000 (26%)]	Loss: 0.012631
Train Epoch: 84 [16000/50000 (32%)]	Loss: 0.013538
Train Epoch: 84 [19200/50000 (38%)]	Loss: 0.012018
Train Epoch: 84 [22400/50000 (45%)]	Loss: 0.025899
Train Epoch: 84 [25600/50000 (51%)]	Loss: 0.096861
Train Epoch: 84 [28800/50000 (58%)]	Loss: 0.105755
Train Epoch: 84 [32000/50000 (64%)]	Loss: 0.040308
Train Epoch: 84 [35200/50000 (70%)]	Loss: 0.029661
Train Epoch: 84 [38400/50000 (77%)]	Loss: 0.023917
Train Epoch: 84 [41600/50000 (83%)]	Loss: 0.018218
Train Epoch: 84 [44800/50000 (90%)]	Loss: 0.122326
Train Epoch: 84 [48000/50000 (96%)]	Loss: 0.070295

Test set: Average loss: 0.0004, Accuracy: 9005/10000 (90%)

Train Epoch: 85 [0/50000 (0%)]	Loss: 0.118473
Train Epoch: 85 [3200/50000 (6%)]	Loss: 0.084755
Train Epoch: 85 [6400/50000 (13%)]	Loss: 0.054942
Train Epoch: 85 [9600/50000 (19%)]	Loss: 0.024888
Train Epoch: 85 [12800/50000 (26%)]	Loss: 0.047332
Train Epoch: 85 [16000/50000 (32%)]	Loss: 0.081701
Train Epoch: 85 [19200/50000 (38%)]	Loss: 0.123728
Train Epoch: 85 [22400/50000 (45%)]	Loss: 0.101231
Train Epoch: 85 [25600/50000 (51%)]	Loss: 0.086795
Train Epoch: 85 [28800/50000 (58%)]	Loss: 0.073312
Train Epoch: 85 [32000/50000 (64%)]	Loss: 0.083585
Train Epoch: 85 [35200/50000 (70%)]	Loss: 0.188783
Train Epoch: 85 [38400/50000 (77%)]	Loss: 0.101070
Train Epoch: 85 [41600/50000 (83%)]	Loss: 0.080353
Train Epoch: 85 [44800/50000 (90%)]	Loss: 0.064549
Train Epoch: 85 [48000/50000 (96%)]	Loss: 0.128230

Test set: Average loss: 0.0004, Accuracy: 8999/10000 (90%)

Train Epoch: 86 [0/50000 (0%)]	Loss: 0.119960
Train Epoch: 86 [3200/50000 (6%)]	Loss: 0.065550
Train Epoch: 86 [6400/50000 (13%)]	Loss: 0.010799
Train Epoch: 86 [9600/50000 (19%)]	Loss: 0.018375
Train Epoch: 86 [12800/50000 (26%)]	Loss: 0.046501
Train Epoch: 86 [16000/50000 (32%)]	Loss: 0.034447
Train Epoch: 86 [19200/50000 (38%)]	Loss: 0.083813
Train Epoch: 86 [22400/50000 (45%)]	Loss: 0.055056
Train Epoch: 86 [25600/50000 (51%)]	Loss: 0.030407
Train Epoch: 86 [28800/50000 (58%)]	Loss: 0.034908
Train Epoch: 86 [32000/50000 (64%)]	Loss: 0.114076
Train Epoch: 86 [35200/50000 (70%)]	Loss: 0.031014
Train Epoch: 86 [38400/50000 (77%)]	Loss: 0.024427
Train Epoch: 86 [41600/50000 (83%)]	Loss: 0.013294
Train Epoch: 86 [44800/50000 (90%)]	Loss: 0.019002
Train Epoch: 86 [48000/50000 (96%)]	Loss: 0.021319

Test set: Average loss: 0.0004, Accuracy: 9024/10000 (90%)

Train Epoch: 87 [0/50000 (0%)]	Loss: 0.033573
Train Epoch: 87 [3200/50000 (6%)]	Loss: 0.043410
Train Epoch: 87 [6400/50000 (13%)]	Loss: 0.031532
Train Epoch: 87 [9600/50000 (19%)]	Loss: 0.082387
Train Epoch: 87 [12800/50000 (26%)]	Loss: 0.058046
Train Epoch: 87 [16000/50000 (32%)]	Loss: 0.070325
Train Epoch: 87 [19200/50000 (38%)]	Loss: 0.049201
Train Epoch: 87 [22400/50000 (45%)]	Loss: 0.134350
Train Epoch: 87 [25600/50000 (51%)]	Loss: 0.025718
Train Epoch: 87 [28800/50000 (58%)]	Loss: 0.079672
Train Epoch: 87 [32000/50000 (64%)]	Loss: 0.111525
Train Epoch: 87 [35200/50000 (70%)]	Loss: 0.014687
Train Epoch: 87 [38400/50000 (77%)]	Loss: 0.048493
Train Epoch: 87 [41600/50000 (83%)]	Loss: 0.033077
Train Epoch: 87 [44800/50000 (90%)]	Loss: 0.059560
Train Epoch: 87 [48000/50000 (96%)]	Loss: 0.071665

Test set: Average loss: 0.0004, Accuracy: 9005/10000 (90%)

Train Epoch: 88 [0/50000 (0%)]	Loss: 0.044455
Train Epoch: 88 [3200/50000 (6%)]	Loss: 0.117086
Train Epoch: 88 [6400/50000 (13%)]	Loss: 0.082646
Train Epoch: 88 [9600/50000 (19%)]	Loss: 0.046130
Train Epoch: 88 [12800/50000 (26%)]	Loss: 0.016970
Train Epoch: 88 [16000/50000 (32%)]	Loss: 0.062747
Train Epoch: 88 [19200/50000 (38%)]	Loss: 0.083381
Train Epoch: 88 [22400/50000 (45%)]	Loss: 0.031811
Train Epoch: 88 [25600/50000 (51%)]	Loss: 0.086880
Train Epoch: 88 [28800/50000 (58%)]	Loss: 0.054281
Train Epoch: 88 [32000/50000 (64%)]	Loss: 0.049777
Train Epoch: 88 [35200/50000 (70%)]	Loss: 0.037255
Train Epoch: 88 [38400/50000 (77%)]	Loss: 0.060600
Train Epoch: 88 [41600/50000 (83%)]	Loss: 0.105135
Train Epoch: 88 [44800/50000 (90%)]	Loss: 0.116263
Train Epoch: 88 [48000/50000 (96%)]	Loss: 0.015801

Test set: Average loss: 0.0004, Accuracy: 9028/10000 (90%)

Train Epoch: 89 [0/50000 (0%)]	Loss: 0.036508
Train Epoch: 89 [3200/50000 (6%)]	Loss: 0.053723
Train Epoch: 89 [6400/50000 (13%)]	Loss: 0.009133
Train Epoch: 89 [9600/50000 (19%)]	Loss: 0.047360
Train Epoch: 89 [12800/50000 (26%)]	Loss: 0.080345
Train Epoch: 89 [16000/50000 (32%)]	Loss: 0.185776
Train Epoch: 89 [19200/50000 (38%)]	Loss: 0.023548
Train Epoch: 89 [22400/50000 (45%)]	Loss: 0.037126
Train Epoch: 89 [25600/50000 (51%)]	Loss: 0.037937
Train Epoch: 89 [28800/50000 (58%)]	Loss: 0.056396
Train Epoch: 89 [32000/50000 (64%)]	Loss: 0.010019
Train Epoch: 89 [35200/50000 (70%)]	Loss: 0.107519
Train Epoch: 89 [38400/50000 (77%)]	Loss: 0.067139
Train Epoch: 89 [41600/50000 (83%)]	Loss: 0.028436
Train Epoch: 89 [44800/50000 (90%)]	Loss: 0.039263
Train Epoch: 89 [48000/50000 (96%)]	Loss: 0.082317

Test set: Average loss: 0.0004, Accuracy: 9020/10000 (90%)

Train Epoch: 90 [0/50000 (0%)]	Loss: 0.089687
Train Epoch: 90 [3200/50000 (6%)]	Loss: 0.032305
Train Epoch: 90 [6400/50000 (13%)]	Loss: 0.024259
Train Epoch: 90 [9600/50000 (19%)]	Loss: 0.020464
Train Epoch: 90 [12800/50000 (26%)]	Loss: 0.038653
Train Epoch: 90 [16000/50000 (32%)]	Loss: 0.054197
Train Epoch: 90 [19200/50000 (38%)]	Loss: 0.034164
Train Epoch: 90 [22400/50000 (45%)]	Loss: 0.013285
Train Epoch: 90 [25600/50000 (51%)]	Loss: 0.050553
Train Epoch: 90 [28800/50000 (58%)]	Loss: 0.185533
Train Epoch: 90 [32000/50000 (64%)]	Loss: 0.055576
Train Epoch: 90 [35200/50000 (70%)]	Loss: 0.028771
Train Epoch: 90 [38400/50000 (77%)]	Loss: 0.035389
Train Epoch: 90 [41600/50000 (83%)]	Loss: 0.027967
Train Epoch: 90 [44800/50000 (90%)]	Loss: 0.109485
Train Epoch: 90 [48000/50000 (96%)]	Loss: 0.019705

Test set: Average loss: 0.0004, Accuracy: 9009/10000 (90%)

Train Epoch: 91 [0/50000 (0%)]	Loss: 0.034810
Train Epoch: 91 [3200/50000 (6%)]	Loss: 0.129317
Train Epoch: 91 [6400/50000 (13%)]	Loss: 0.029346
Train Epoch: 91 [9600/50000 (19%)]	Loss: 0.098727
Train Epoch: 91 [12800/50000 (26%)]	Loss: 0.016336
Train Epoch: 91 [16000/50000 (32%)]	Loss: 0.027937
Train Epoch: 91 [19200/50000 (38%)]	Loss: 0.041840
Train Epoch: 91 [22400/50000 (45%)]	Loss: 0.036778
Train Epoch: 91 [25600/50000 (51%)]	Loss: 0.007597
Train Epoch: 91 [28800/50000 (58%)]	Loss: 0.038690
Train Epoch: 91 [32000/50000 (64%)]	Loss: 0.072372
Train Epoch: 91 [35200/50000 (70%)]	Loss: 0.013410
Train Epoch: 91 [38400/50000 (77%)]	Loss: 0.025013
Train Epoch: 91 [41600/50000 (83%)]	Loss: 0.148390
Train Epoch: 91 [44800/50000 (90%)]	Loss: 0.012421
Train Epoch: 91 [48000/50000 (96%)]	Loss: 0.057640

Test set: Average loss: 0.0004, Accuracy: 9018/10000 (90%)

Train Epoch: 92 [0/50000 (0%)]	Loss: 0.037250
Train Epoch: 92 [3200/50000 (6%)]	Loss: 0.105572
Train Epoch: 92 [6400/50000 (13%)]	Loss: 0.136430
Train Epoch: 92 [9600/50000 (19%)]	Loss: 0.030784
Train Epoch: 92 [12800/50000 (26%)]	Loss: 0.046367
Train Epoch: 92 [16000/50000 (32%)]	Loss: 0.031160
Train Epoch: 92 [19200/50000 (38%)]	Loss: 0.008398
Train Epoch: 92 [22400/50000 (45%)]	Loss: 0.023968
Train Epoch: 92 [25600/50000 (51%)]	Loss: 0.030670
Train Epoch: 92 [28800/50000 (58%)]	Loss: 0.104052
Train Epoch: 92 [32000/50000 (64%)]	Loss: 0.059450
Train Epoch: 92 [35200/50000 (70%)]	Loss: 0.086523
Train Epoch: 92 [38400/50000 (77%)]	Loss: 0.043796
Train Epoch: 92 [41600/50000 (83%)]	Loss: 0.050804
Train Epoch: 92 [44800/50000 (90%)]	Loss: 0.051833
Train Epoch: 92 [48000/50000 (96%)]	Loss: 0.026819

Test set: Average loss: 0.0004, Accuracy: 9003/10000 (90%)

Train Epoch: 93 [0/50000 (0%)]	Loss: 0.033009
Train Epoch: 93 [3200/50000 (6%)]	Loss: 0.122082
Train Epoch: 93 [6400/50000 (13%)]	Loss: 0.014253
Train Epoch: 93 [9600/50000 (19%)]	Loss: 0.043141
Train Epoch: 93 [12800/50000 (26%)]	Loss: 0.031469
Train Epoch: 93 [16000/50000 (32%)]	Loss: 0.121590
Train Epoch: 93 [19200/50000 (38%)]	Loss: 0.050911
Train Epoch: 93 [22400/50000 (45%)]	Loss: 0.110993
Train Epoch: 93 [25600/50000 (51%)]	Loss: 0.225742
Train Epoch: 93 [28800/50000 (58%)]	Loss: 0.064360
Train Epoch: 93 [32000/50000 (64%)]	Loss: 0.058084
Train Epoch: 93 [35200/50000 (70%)]	Loss: 0.050688
Train Epoch: 93 [38400/50000 (77%)]	Loss: 0.091129
Train Epoch: 93 [41600/50000 (83%)]	Loss: 0.065137
Train Epoch: 93 [44800/50000 (90%)]	Loss: 0.006540
Train Epoch: 93 [48000/50000 (96%)]	Loss: 0.007081

Test set: Average loss: 0.0004, Accuracy: 9033/10000 (90%)

Train Epoch: 94 [0/50000 (0%)]	Loss: 0.047215
Train Epoch: 94 [3200/50000 (6%)]	Loss: 0.046176
Train Epoch: 94 [6400/50000 (13%)]	Loss: 0.013153
Train Epoch: 94 [9600/50000 (19%)]	Loss: 0.043675
Train Epoch: 94 [12800/50000 (26%)]	Loss: 0.018066
Train Epoch: 94 [16000/50000 (32%)]	Loss: 0.027830
Train Epoch: 94 [19200/50000 (38%)]	Loss: 0.229543
Train Epoch: 94 [22400/50000 (45%)]	Loss: 0.067630
Train Epoch: 94 [25600/50000 (51%)]	Loss: 0.034869
Train Epoch: 94 [28800/50000 (58%)]	Loss: 0.176477
Train Epoch: 94 [32000/50000 (64%)]	Loss: 0.079363
Train Epoch: 94 [35200/50000 (70%)]	Loss: 0.046117
Train Epoch: 94 [38400/50000 (77%)]	Loss: 0.025892
Train Epoch: 94 [41600/50000 (83%)]	Loss: 0.022479
Train Epoch: 94 [44800/50000 (90%)]	Loss: 0.017343
Train Epoch: 94 [48000/50000 (96%)]	Loss: 0.131631

Test set: Average loss: 0.0004, Accuracy: 9010/10000 (90%)

Train Epoch: 95 [0/50000 (0%)]	Loss: 0.022526
Train Epoch: 95 [3200/50000 (6%)]	Loss: 0.019623
Train Epoch: 95 [6400/50000 (13%)]	Loss: 0.056195
Train Epoch: 95 [9600/50000 (19%)]	Loss: 0.010925
Train Epoch: 95 [12800/50000 (26%)]	Loss: 0.062441
Train Epoch: 95 [16000/50000 (32%)]	Loss: 0.036203
Train Epoch: 95 [19200/50000 (38%)]	Loss: 0.053585
Train Epoch: 95 [22400/50000 (45%)]	Loss: 0.072023
Train Epoch: 95 [25600/50000 (51%)]	Loss: 0.027360
Train Epoch: 95 [28800/50000 (58%)]	Loss: 0.112761
Train Epoch: 95 [32000/50000 (64%)]	Loss: 0.005509
Train Epoch: 95 [35200/50000 (70%)]	Loss: 0.014935
Train Epoch: 95 [38400/50000 (77%)]	Loss: 0.059953
Train Epoch: 95 [41600/50000 (83%)]	Loss: 0.048542
Train Epoch: 95 [44800/50000 (90%)]	Loss: 0.005479
Train Epoch: 95 [48000/50000 (96%)]	Loss: 0.039752

Test set: Average loss: 0.0004, Accuracy: 9033/10000 (90%)

Train Epoch: 96 [0/50000 (0%)]	Loss: 0.006505
Train Epoch: 96 [3200/50000 (6%)]	Loss: 0.051886
Train Epoch: 96 [6400/50000 (13%)]	Loss: 0.049126
Train Epoch: 96 [9600/50000 (19%)]	Loss: 0.027756
Train Epoch: 96 [12800/50000 (26%)]	Loss: 0.046006
Train Epoch: 96 [16000/50000 (32%)]	Loss: 0.075019
Train Epoch: 96 [19200/50000 (38%)]	Loss: 0.012263
Train Epoch: 96 [22400/50000 (45%)]	Loss: 0.010651
Train Epoch: 96 [25600/50000 (51%)]	Loss: 0.035346
Train Epoch: 96 [28800/50000 (58%)]	Loss: 0.026019
Train Epoch: 96 [32000/50000 (64%)]	Loss: 0.018290
Train Epoch: 96 [35200/50000 (70%)]	Loss: 0.013341
Train Epoch: 96 [38400/50000 (77%)]	Loss: 0.043813
Train Epoch: 96 [41600/50000 (83%)]	Loss: 0.008844
Train Epoch: 96 [44800/50000 (90%)]	Loss: 0.140293
Train Epoch: 96 [48000/50000 (96%)]	Loss: 0.009375

Test set: Average loss: 0.0004, Accuracy: 9036/10000 (90%)

Train Epoch: 97 [0/50000 (0%)]	Loss: 0.020877
Train Epoch: 97 [3200/50000 (6%)]	Loss: 0.012761
Train Epoch: 97 [6400/50000 (13%)]	Loss: 0.032351
Train Epoch: 97 [9600/50000 (19%)]	Loss: 0.032920
Train Epoch: 97 [12800/50000 (26%)]	Loss: 0.118590
Train Epoch: 97 [16000/50000 (32%)]	Loss: 0.029746
Train Epoch: 97 [19200/50000 (38%)]	Loss: 0.033398
Train Epoch: 97 [22400/50000 (45%)]	Loss: 0.036335
Train Epoch: 97 [25600/50000 (51%)]	Loss: 0.008067
Train Epoch: 97 [28800/50000 (58%)]	Loss: 0.004061
Train Epoch: 97 [32000/50000 (64%)]	Loss: 0.080305
Train Epoch: 97 [35200/50000 (70%)]	Loss: 0.161003
Train Epoch: 97 [38400/50000 (77%)]	Loss: 0.011475
Train Epoch: 97 [41600/50000 (83%)]	Loss: 0.005861
Train Epoch: 97 [44800/50000 (90%)]	Loss: 0.031788
Train Epoch: 97 [48000/50000 (96%)]	Loss: 0.016337

Test set: Average loss: 0.0004, Accuracy: 9003/10000 (90%)

Train Epoch: 98 [0/50000 (0%)]	Loss: 0.089777
Train Epoch: 98 [3200/50000 (6%)]	Loss: 0.042920
Train Epoch: 98 [6400/50000 (13%)]	Loss: 0.022930
Train Epoch: 98 [9600/50000 (19%)]	Loss: 0.020585
Train Epoch: 98 [12800/50000 (26%)]	Loss: 0.027879
Train Epoch: 98 [16000/50000 (32%)]	Loss: 0.012544
Train Epoch: 98 [19200/50000 (38%)]	Loss: 0.021757
Train Epoch: 98 [22400/50000 (45%)]	Loss: 0.041191
Train Epoch: 98 [25600/50000 (51%)]	Loss: 0.063174
Train Epoch: 98 [28800/50000 (58%)]	Loss: 0.030797
Train Epoch: 98 [32000/50000 (64%)]	Loss: 0.166469
Train Epoch: 98 [35200/50000 (70%)]	Loss: 0.045842
Train Epoch: 98 [38400/50000 (77%)]	Loss: 0.040352
Train Epoch: 98 [41600/50000 (83%)]	Loss: 0.024541
Train Epoch: 98 [44800/50000 (90%)]	Loss: 0.039621
Train Epoch: 98 [48000/50000 (96%)]	Loss: 0.047705

Test set: Average loss: 0.0004, Accuracy: 9006/10000 (90%)

Train Epoch: 99 [0/50000 (0%)]	Loss: 0.004871
Train Epoch: 99 [3200/50000 (6%)]	Loss: 0.020037
Train Epoch: 99 [6400/50000 (13%)]	Loss: 0.159023
Train Epoch: 99 [9600/50000 (19%)]	Loss: 0.085057
Train Epoch: 99 [12800/50000 (26%)]	Loss: 0.017442
Train Epoch: 99 [16000/50000 (32%)]	Loss: 0.060701
Train Epoch: 99 [19200/50000 (38%)]	Loss: 0.014604
Train Epoch: 99 [22400/50000 (45%)]	Loss: 0.010996
Train Epoch: 99 [25600/50000 (51%)]	Loss: 0.015100
Train Epoch: 99 [28800/50000 (58%)]	Loss: 0.073437
Train Epoch: 99 [32000/50000 (64%)]	Loss: 0.053017
Train Epoch: 99 [35200/50000 (70%)]	Loss: 0.075615
Train Epoch: 99 [38400/50000 (77%)]	Loss: 0.042493
Train Epoch: 99 [41600/50000 (83%)]	Loss: 0.016280
Train Epoch: 99 [44800/50000 (90%)]	Loss: 0.072638
Train Epoch: 99 [48000/50000 (96%)]	Loss: 0.062512

Test set: Average loss: 0.0005, Accuracy: 9016/10000 (90%)

Train Epoch: 100 [0/50000 (0%)]	Loss: 0.006811
Train Epoch: 100 [3200/50000 (6%)]	Loss: 0.029025
Train Epoch: 100 [6400/50000 (13%)]	Loss: 0.038625
Train Epoch: 100 [9600/50000 (19%)]	Loss: 0.042403
Train Epoch: 100 [12800/50000 (26%)]	Loss: 0.020932
Train Epoch: 100 [16000/50000 (32%)]	Loss: 0.026927
Train Epoch: 100 [19200/50000 (38%)]	Loss: 0.034947
Train Epoch: 100 [22400/50000 (45%)]	Loss: 0.006957
Train Epoch: 100 [25600/50000 (51%)]	Loss: 0.062874
Train Epoch: 100 [28800/50000 (58%)]	Loss: 0.003335
Train Epoch: 100 [32000/50000 (64%)]	Loss: 0.011347
Train Epoch: 100 [35200/50000 (70%)]	Loss: 0.065620
Train Epoch: 100 [38400/50000 (77%)]	Loss: 0.066758
Train Epoch: 100 [41600/50000 (83%)]	Loss: 0.037696
Train Epoch: 100 [44800/50000 (90%)]	Loss: 0.031538
Train Epoch: 100 [48000/50000 (96%)]	Loss: 0.037899

Test set: Average loss: 0.0005, Accuracy: 9017/10000 (90%)

